[2024-09-21T21:54:07.390+0100] {processor.py:157} INFO - Started process (PID=27259) to work on /Users/rtewelde/airflow_venv/lib/python3.11/site-packages/airflow/example_dags/example_latest_only.py
[2024-09-21T21:54:07.393+0100] {processor.py:829} INFO - Processing file /Users/rtewelde/airflow_venv/lib/python3.11/site-packages/airflow/example_dags/example_latest_only.py for tasks to queue
[2024-09-21T21:54:07.393+0100] {logging_mixin.py:151} INFO - [2024-09-21T21:54:07.393+0100] {dagbag.py:539} INFO - Filling up the DagBag from /Users/rtewelde/airflow_venv/lib/python3.11/site-packages/airflow/example_dags/example_latest_only.py
[2024-09-21T21:54:07.412+0100] {processor.py:839} INFO - DAG(s) dict_keys(['latest_only']) retrieved from /Users/rtewelde/airflow_venv/lib/python3.11/site-packages/airflow/example_dags/example_latest_only.py
[2024-09-21T21:54:08.210+0100] {logging_mixin.py:151} INFO - [2024-09-21T21:54:08.209+0100] {manager.py:501} INFO - Created Permission View: can read on DAG:latest_only
[2024-09-21T21:54:08.219+0100] {logging_mixin.py:151} INFO - [2024-09-21T21:54:08.218+0100] {manager.py:501} INFO - Created Permission View: can edit on DAG:latest_only
[2024-09-21T21:54:08.223+0100] {logging_mixin.py:151} INFO - [2024-09-21T21:54:08.223+0100] {manager.py:501} INFO - Created Permission View: can delete on DAG:latest_only
[2024-09-21T21:54:08.234+0100] {logging_mixin.py:151} INFO - [2024-09-21T21:54:08.233+0100] {dag.py:2907} INFO - Sync 1 DAGs
[2024-09-21T21:54:08.241+0100] {logging_mixin.py:151} INFO - [2024-09-21T21:54:08.241+0100] {dag.py:2929} INFO - Creating ORM DAG for latest_only
[2024-09-21T21:54:08.249+0100] {logging_mixin.py:151} INFO - [2024-09-21T21:54:08.249+0100] {dag.py:3677} INFO - Setting next_dagrun for latest_only to 2024-09-21T16:54:08.249293+00:00, run_after=2024-09-21T20:54:08.249293+00:00
[2024-09-21T21:54:08.264+0100] {processor.py:179} INFO - Processing /Users/rtewelde/airflow_venv/lib/python3.11/site-packages/airflow/example_dags/example_latest_only.py took 0.875 seconds
[2024-09-21T21:55:56.342+0100] {processor.py:157} INFO - Started process (PID=27823) to work on /Users/rtewelde/airflow_venv/lib/python3.11/site-packages/airflow/example_dags/example_latest_only.py
[2024-09-21T21:55:56.345+0100] {processor.py:829} INFO - Processing file /Users/rtewelde/airflow_venv/lib/python3.11/site-packages/airflow/example_dags/example_latest_only.py for tasks to queue
[2024-09-21T21:55:56.346+0100] {logging_mixin.py:151} INFO - [2024-09-21T21:55:56.346+0100] {dagbag.py:539} INFO - Filling up the DagBag from /Users/rtewelde/airflow_venv/lib/python3.11/site-packages/airflow/example_dags/example_latest_only.py
[2024-09-21T21:55:56.363+0100] {processor.py:839} INFO - DAG(s) dict_keys(['latest_only']) retrieved from /Users/rtewelde/airflow_venv/lib/python3.11/site-packages/airflow/example_dags/example_latest_only.py
[2024-09-21T21:55:56.549+0100] {logging_mixin.py:151} INFO - [2024-09-21T21:55:56.549+0100] {dag.py:2907} INFO - Sync 1 DAGs
[2024-09-21T21:55:56.565+0100] {logging_mixin.py:151} INFO - [2024-09-21T21:55:56.565+0100] {dag.py:3677} INFO - Setting next_dagrun for latest_only to 2024-09-21T16:55:56.565653+00:00, run_after=2024-09-21T20:55:56.565653+00:00
[2024-09-21T21:55:56.584+0100] {processor.py:179} INFO - Processing /Users/rtewelde/airflow_venv/lib/python3.11/site-packages/airflow/example_dags/example_latest_only.py took 0.243 seconds
[2024-09-21T21:57:45.261+0100] {processor.py:157} INFO - Started process (PID=28363) to work on /Users/rtewelde/airflow_venv/lib/python3.11/site-packages/airflow/example_dags/example_latest_only.py
[2024-09-21T21:57:45.265+0100] {processor.py:829} INFO - Processing file /Users/rtewelde/airflow_venv/lib/python3.11/site-packages/airflow/example_dags/example_latest_only.py for tasks to queue
[2024-09-21T21:57:45.265+0100] {logging_mixin.py:151} INFO - [2024-09-21T21:57:45.265+0100] {dagbag.py:539} INFO - Filling up the DagBag from /Users/rtewelde/airflow_venv/lib/python3.11/site-packages/airflow/example_dags/example_latest_only.py
[2024-09-21T21:57:45.283+0100] {processor.py:839} INFO - DAG(s) dict_keys(['latest_only']) retrieved from /Users/rtewelde/airflow_venv/lib/python3.11/site-packages/airflow/example_dags/example_latest_only.py
[2024-09-21T21:57:45.464+0100] {logging_mixin.py:151} INFO - [2024-09-21T21:57:45.464+0100] {dag.py:2907} INFO - Sync 1 DAGs
[2024-09-21T21:57:45.481+0100] {logging_mixin.py:151} INFO - [2024-09-21T21:57:45.481+0100] {dag.py:3677} INFO - Setting next_dagrun for latest_only to 2024-09-21T16:57:45.481183+00:00, run_after=2024-09-21T20:57:45.481183+00:00
[2024-09-21T21:57:45.497+0100] {processor.py:179} INFO - Processing /Users/rtewelde/airflow_venv/lib/python3.11/site-packages/airflow/example_dags/example_latest_only.py took 0.237 seconds
[2024-09-21T21:59:23.775+0100] {processor.py:157} INFO - Started process (PID=28834) to work on /Users/rtewelde/airflow_venv/lib/python3.11/site-packages/airflow/example_dags/example_latest_only.py
[2024-09-21T21:59:23.779+0100] {processor.py:829} INFO - Processing file /Users/rtewelde/airflow_venv/lib/python3.11/site-packages/airflow/example_dags/example_latest_only.py for tasks to queue
[2024-09-21T21:59:23.780+0100] {logging_mixin.py:151} INFO - [2024-09-21T21:59:23.780+0100] {dagbag.py:539} INFO - Filling up the DagBag from /Users/rtewelde/airflow_venv/lib/python3.11/site-packages/airflow/example_dags/example_latest_only.py
[2024-09-21T21:59:23.797+0100] {processor.py:839} INFO - DAG(s) dict_keys(['latest_only']) retrieved from /Users/rtewelde/airflow_venv/lib/python3.11/site-packages/airflow/example_dags/example_latest_only.py
[2024-09-21T21:59:23.978+0100] {logging_mixin.py:151} INFO - [2024-09-21T21:59:23.978+0100] {dag.py:2907} INFO - Sync 1 DAGs
[2024-09-21T21:59:23.993+0100] {logging_mixin.py:151} INFO - [2024-09-21T21:59:23.993+0100] {dag.py:3677} INFO - Setting next_dagrun for latest_only to 2024-09-21T16:59:23.993524+00:00, run_after=2024-09-21T20:59:23.993524+00:00
[2024-09-21T21:59:24.011+0100] {processor.py:179} INFO - Processing /Users/rtewelde/airflow_venv/lib/python3.11/site-packages/airflow/example_dags/example_latest_only.py took 0.236 seconds
