[2024-09-21T21:54:15.681+0100] {processor.py:157} INFO - Started process (PID=27299) to work on /Users/rtewelde/airflow_venv/lib/python3.11/site-packages/airflow/example_dags/example_dynamic_task_mapping_with_no_taskflow_operators.py
[2024-09-21T21:54:15.684+0100] {processor.py:829} INFO - Processing file /Users/rtewelde/airflow_venv/lib/python3.11/site-packages/airflow/example_dags/example_dynamic_task_mapping_with_no_taskflow_operators.py for tasks to queue
[2024-09-21T21:54:15.685+0100] {logging_mixin.py:151} INFO - [2024-09-21T21:54:15.685+0100] {dagbag.py:539} INFO - Filling up the DagBag from /Users/rtewelde/airflow_venv/lib/python3.11/site-packages/airflow/example_dags/example_dynamic_task_mapping_with_no_taskflow_operators.py
[2024-09-21T21:54:15.703+0100] {processor.py:839} INFO - DAG(s) dict_keys(['example_dynamic_task_mapping_with_no_taskflow_operators']) retrieved from /Users/rtewelde/airflow_venv/lib/python3.11/site-packages/airflow/example_dags/example_dynamic_task_mapping_with_no_taskflow_operators.py
[2024-09-21T21:54:16.470+0100] {logging_mixin.py:151} INFO - [2024-09-21T21:54:16.470+0100] {manager.py:501} INFO - Created Permission View: can edit on DAG:example_dynamic_task_mapping_with_no_taskflow_operators
[2024-09-21T21:54:16.478+0100] {logging_mixin.py:151} INFO - [2024-09-21T21:54:16.478+0100] {manager.py:501} INFO - Created Permission View: can read on DAG:example_dynamic_task_mapping_with_no_taskflow_operators
[2024-09-21T21:54:16.483+0100] {logging_mixin.py:151} INFO - [2024-09-21T21:54:16.483+0100] {manager.py:501} INFO - Created Permission View: can delete on DAG:example_dynamic_task_mapping_with_no_taskflow_operators
[2024-09-21T21:54:16.492+0100] {logging_mixin.py:151} INFO - [2024-09-21T21:54:16.492+0100] {dag.py:2907} INFO - Sync 1 DAGs
[2024-09-21T21:54:16.499+0100] {logging_mixin.py:151} INFO - [2024-09-21T21:54:16.499+0100] {dag.py:2929} INFO - Creating ORM DAG for example_dynamic_task_mapping_with_no_taskflow_operators
[2024-09-21T21:54:16.507+0100] {logging_mixin.py:151} INFO - [2024-09-21T21:54:16.506+0100] {dag.py:3677} INFO - Setting next_dagrun for example_dynamic_task_mapping_with_no_taskflow_operators to 2024-09-20T20:54:16.506856+00:00, run_after=2024-09-21T20:54:16.506856+00:00
[2024-09-21T21:54:16.521+0100] {processor.py:179} INFO - Processing /Users/rtewelde/airflow_venv/lib/python3.11/site-packages/airflow/example_dags/example_dynamic_task_mapping_with_no_taskflow_operators.py took 0.841 seconds
[2024-09-21T21:56:02.684+0100] {processor.py:157} INFO - Started process (PID=27851) to work on /Users/rtewelde/airflow_venv/lib/python3.11/site-packages/airflow/example_dags/example_dynamic_task_mapping_with_no_taskflow_operators.py
[2024-09-21T21:56:02.687+0100] {processor.py:829} INFO - Processing file /Users/rtewelde/airflow_venv/lib/python3.11/site-packages/airflow/example_dags/example_dynamic_task_mapping_with_no_taskflow_operators.py for tasks to queue
[2024-09-21T21:56:02.688+0100] {logging_mixin.py:151} INFO - [2024-09-21T21:56:02.687+0100] {dagbag.py:539} INFO - Filling up the DagBag from /Users/rtewelde/airflow_venv/lib/python3.11/site-packages/airflow/example_dags/example_dynamic_task_mapping_with_no_taskflow_operators.py
[2024-09-21T21:56:02.703+0100] {processor.py:839} INFO - DAG(s) dict_keys(['example_dynamic_task_mapping_with_no_taskflow_operators']) retrieved from /Users/rtewelde/airflow_venv/lib/python3.11/site-packages/airflow/example_dags/example_dynamic_task_mapping_with_no_taskflow_operators.py
[2024-09-21T21:56:02.911+0100] {logging_mixin.py:151} INFO - [2024-09-21T21:56:02.911+0100] {dag.py:2907} INFO - Sync 1 DAGs
[2024-09-21T21:56:02.927+0100] {logging_mixin.py:151} INFO - [2024-09-21T21:56:02.927+0100] {dag.py:3677} INFO - Setting next_dagrun for example_dynamic_task_mapping_with_no_taskflow_operators to 2024-09-20T20:56:02.926885+00:00, run_after=2024-09-21T20:56:02.926885+00:00
[2024-09-21T21:56:02.944+0100] {processor.py:179} INFO - Processing /Users/rtewelde/airflow_venv/lib/python3.11/site-packages/airflow/example_dags/example_dynamic_task_mapping_with_no_taskflow_operators.py took 0.261 seconds
[2024-09-21T21:57:52.462+0100] {processor.py:157} INFO - Started process (PID=28399) to work on /Users/rtewelde/airflow_venv/lib/python3.11/site-packages/airflow/example_dags/example_dynamic_task_mapping_with_no_taskflow_operators.py
[2024-09-21T21:57:52.467+0100] {processor.py:829} INFO - Processing file /Users/rtewelde/airflow_venv/lib/python3.11/site-packages/airflow/example_dags/example_dynamic_task_mapping_with_no_taskflow_operators.py for tasks to queue
[2024-09-21T21:57:52.467+0100] {logging_mixin.py:151} INFO - [2024-09-21T21:57:52.467+0100] {dagbag.py:539} INFO - Filling up the DagBag from /Users/rtewelde/airflow_venv/lib/python3.11/site-packages/airflow/example_dags/example_dynamic_task_mapping_with_no_taskflow_operators.py
[2024-09-21T21:57:52.487+0100] {processor.py:839} INFO - DAG(s) dict_keys(['example_dynamic_task_mapping_with_no_taskflow_operators']) retrieved from /Users/rtewelde/airflow_venv/lib/python3.11/site-packages/airflow/example_dags/example_dynamic_task_mapping_with_no_taskflow_operators.py
[2024-09-21T21:57:52.720+0100] {logging_mixin.py:151} INFO - [2024-09-21T21:57:52.720+0100] {dag.py:2907} INFO - Sync 1 DAGs
[2024-09-21T21:57:52.736+0100] {logging_mixin.py:151} INFO - [2024-09-21T21:57:52.736+0100] {dag.py:3677} INFO - Setting next_dagrun for example_dynamic_task_mapping_with_no_taskflow_operators to 2024-09-20T20:57:52.736140+00:00, run_after=2024-09-21T20:57:52.736140+00:00
[2024-09-21T21:57:52.752+0100] {processor.py:179} INFO - Processing /Users/rtewelde/airflow_venv/lib/python3.11/site-packages/airflow/example_dags/example_dynamic_task_mapping_with_no_taskflow_operators.py took 0.291 seconds
[2024-09-21T22:00:09.702+0100] {processor.py:157} INFO - Started process (PID=29054) to work on /Users/rtewelde/airflow_venv/lib/python3.11/site-packages/airflow/example_dags/example_dynamic_task_mapping_with_no_taskflow_operators.py
[2024-09-21T22:00:09.706+0100] {processor.py:829} INFO - Processing file /Users/rtewelde/airflow_venv/lib/python3.11/site-packages/airflow/example_dags/example_dynamic_task_mapping_with_no_taskflow_operators.py for tasks to queue
[2024-09-21T22:00:09.706+0100] {logging_mixin.py:151} INFO - [2024-09-21T22:00:09.706+0100] {dagbag.py:539} INFO - Filling up the DagBag from /Users/rtewelde/airflow_venv/lib/python3.11/site-packages/airflow/example_dags/example_dynamic_task_mapping_with_no_taskflow_operators.py
[2024-09-21T22:00:09.725+0100] {processor.py:839} INFO - DAG(s) dict_keys(['example_dynamic_task_mapping_with_no_taskflow_operators']) retrieved from /Users/rtewelde/airflow_venv/lib/python3.11/site-packages/airflow/example_dags/example_dynamic_task_mapping_with_no_taskflow_operators.py
[2024-09-21T22:00:09.904+0100] {logging_mixin.py:151} INFO - [2024-09-21T22:00:09.904+0100] {dag.py:2907} INFO - Sync 1 DAGs
[2024-09-21T22:00:09.919+0100] {logging_mixin.py:151} INFO - [2024-09-21T22:00:09.918+0100] {dag.py:3677} INFO - Setting next_dagrun for example_dynamic_task_mapping_with_no_taskflow_operators to 2024-09-20T21:00:09.918703+00:00, run_after=2024-09-21T21:00:09.918703+00:00
[2024-09-21T22:00:09.934+0100] {processor.py:179} INFO - Processing /Users/rtewelde/airflow_venv/lib/python3.11/site-packages/airflow/example_dags/example_dynamic_task_mapping_with_no_taskflow_operators.py took 0.233 seconds
