[2024-09-21T21:52:20.085+0100] {processor.py:157} INFO - Started process (PID=26558) to work on /Users/rtewelde/airflow_venv/lib/python3.11/site-packages/airflow/example_dags/example_python_operator.py
[2024-09-21T21:52:20.089+0100] {processor.py:829} INFO - Processing file /Users/rtewelde/airflow_venv/lib/python3.11/site-packages/airflow/example_dags/example_python_operator.py for tasks to queue
[2024-09-21T21:52:20.090+0100] {logging_mixin.py:151} INFO - [2024-09-21T21:52:20.089+0100] {dagbag.py:539} INFO - Filling up the DagBag from /Users/rtewelde/airflow_venv/lib/python3.11/site-packages/airflow/example_dags/example_python_operator.py
[2024-09-21T21:52:20.168+0100] {logging_mixin.py:151} INFO - [2024-09-21T21:52:20.168+0100] {example_python_operator.py:89} WARNING - The virtalenv_python example task requires virtualenv, please install it.
[2024-09-21T21:52:20.174+0100] {processor.py:839} INFO - DAG(s) dict_keys(['example_python_operator']) retrieved from /Users/rtewelde/airflow_venv/lib/python3.11/site-packages/airflow/example_dags/example_python_operator.py
[2024-09-21T21:52:20.965+0100] {logging_mixin.py:151} INFO - [2024-09-21T21:52:20.965+0100] {manager.py:501} INFO - Created Permission View: can read on DAG:example_python_operator
[2024-09-21T21:52:20.973+0100] {logging_mixin.py:151} INFO - [2024-09-21T21:52:20.972+0100] {manager.py:501} INFO - Created Permission View: can edit on DAG:example_python_operator
[2024-09-21T21:52:20.978+0100] {logging_mixin.py:151} INFO - [2024-09-21T21:52:20.978+0100] {manager.py:501} INFO - Created Permission View: can delete on DAG:example_python_operator
[2024-09-21T21:52:20.987+0100] {logging_mixin.py:151} INFO - [2024-09-21T21:52:20.987+0100] {dag.py:2907} INFO - Sync 1 DAGs
[2024-09-21T21:52:20.994+0100] {logging_mixin.py:151} INFO - [2024-09-21T21:52:20.994+0100] {dag.py:2929} INFO - Creating ORM DAG for example_python_operator
[2024-09-21T21:52:20.994+0100] {logging_mixin.py:151} INFO - [2024-09-21T21:52:20.994+0100] {dag.py:3677} INFO - Setting next_dagrun for example_python_operator to None, run_after=None
[2024-09-21T21:52:21.011+0100] {processor.py:179} INFO - Processing /Users/rtewelde/airflow_venv/lib/python3.11/site-packages/airflow/example_dags/example_python_operator.py took 0.927 seconds
[2024-09-21T21:53:51.673+0100] {processor.py:157} INFO - Started process (PID=27174) to work on /Users/rtewelde/airflow_venv/lib/python3.11/site-packages/airflow/example_dags/example_python_operator.py
[2024-09-21T21:53:51.677+0100] {processor.py:829} INFO - Processing file /Users/rtewelde/airflow_venv/lib/python3.11/site-packages/airflow/example_dags/example_python_operator.py for tasks to queue
[2024-09-21T21:53:51.678+0100] {logging_mixin.py:151} INFO - [2024-09-21T21:53:51.678+0100] {dagbag.py:539} INFO - Filling up the DagBag from /Users/rtewelde/airflow_venv/lib/python3.11/site-packages/airflow/example_dags/example_python_operator.py
[2024-09-21T21:53:51.759+0100] {logging_mixin.py:151} INFO - [2024-09-21T21:53:51.759+0100] {example_python_operator.py:89} WARNING - The virtalenv_python example task requires virtualenv, please install it.
[2024-09-21T21:53:51.764+0100] {processor.py:839} INFO - DAG(s) dict_keys(['example_python_operator']) retrieved from /Users/rtewelde/airflow_venv/lib/python3.11/site-packages/airflow/example_dags/example_python_operator.py
[2024-09-21T21:53:51.913+0100] {logging_mixin.py:151} INFO - [2024-09-21T21:53:51.913+0100] {dag.py:2907} INFO - Sync 1 DAGs
[2024-09-21T21:53:51.922+0100] {logging_mixin.py:151} INFO - [2024-09-21T21:53:51.922+0100] {dag.py:3677} INFO - Setting next_dagrun for example_python_operator to None, run_after=None
[2024-09-21T21:53:51.940+0100] {processor.py:179} INFO - Processing /Users/rtewelde/airflow_venv/lib/python3.11/site-packages/airflow/example_dags/example_python_operator.py took 0.268 seconds
[2024-09-21T21:55:41.736+0100] {processor.py:157} INFO - Started process (PID=27747) to work on /Users/rtewelde/airflow_venv/lib/python3.11/site-packages/airflow/example_dags/example_python_operator.py
[2024-09-21T21:55:41.741+0100] {processor.py:829} INFO - Processing file /Users/rtewelde/airflow_venv/lib/python3.11/site-packages/airflow/example_dags/example_python_operator.py for tasks to queue
[2024-09-21T21:55:41.741+0100] {logging_mixin.py:151} INFO - [2024-09-21T21:55:41.741+0100] {dagbag.py:539} INFO - Filling up the DagBag from /Users/rtewelde/airflow_venv/lib/python3.11/site-packages/airflow/example_dags/example_python_operator.py
[2024-09-21T21:55:41.812+0100] {logging_mixin.py:151} INFO - [2024-09-21T21:55:41.811+0100] {example_python_operator.py:89} WARNING - The virtalenv_python example task requires virtualenv, please install it.
[2024-09-21T21:55:41.817+0100] {processor.py:839} INFO - DAG(s) dict_keys(['example_python_operator']) retrieved from /Users/rtewelde/airflow_venv/lib/python3.11/site-packages/airflow/example_dags/example_python_operator.py
[2024-09-21T21:55:41.965+0100] {logging_mixin.py:151} INFO - [2024-09-21T21:55:41.965+0100] {dag.py:2907} INFO - Sync 1 DAGs
[2024-09-21T21:55:41.973+0100] {logging_mixin.py:151} INFO - [2024-09-21T21:55:41.973+0100] {dag.py:3677} INFO - Setting next_dagrun for example_python_operator to None, run_after=None
[2024-09-21T21:55:41.988+0100] {processor.py:179} INFO - Processing /Users/rtewelde/airflow_venv/lib/python3.11/site-packages/airflow/example_dags/example_python_operator.py took 0.253 seconds
[2024-09-21T21:57:31.608+0100] {processor.py:157} INFO - Started process (PID=28300) to work on /Users/rtewelde/airflow_venv/lib/python3.11/site-packages/airflow/example_dags/example_python_operator.py
[2024-09-21T21:57:31.613+0100] {processor.py:829} INFO - Processing file /Users/rtewelde/airflow_venv/lib/python3.11/site-packages/airflow/example_dags/example_python_operator.py for tasks to queue
[2024-09-21T21:57:31.613+0100] {logging_mixin.py:151} INFO - [2024-09-21T21:57:31.613+0100] {dagbag.py:539} INFO - Filling up the DagBag from /Users/rtewelde/airflow_venv/lib/python3.11/site-packages/airflow/example_dags/example_python_operator.py
[2024-09-21T21:57:31.689+0100] {logging_mixin.py:151} INFO - [2024-09-21T21:57:31.689+0100] {example_python_operator.py:89} WARNING - The virtalenv_python example task requires virtualenv, please install it.
[2024-09-21T21:57:31.695+0100] {processor.py:839} INFO - DAG(s) dict_keys(['example_python_operator']) retrieved from /Users/rtewelde/airflow_venv/lib/python3.11/site-packages/airflow/example_dags/example_python_operator.py
[2024-09-21T21:57:31.857+0100] {logging_mixin.py:151} INFO - [2024-09-21T21:57:31.857+0100] {dag.py:2907} INFO - Sync 1 DAGs
[2024-09-21T21:57:31.866+0100] {logging_mixin.py:151} INFO - [2024-09-21T21:57:31.866+0100] {dag.py:3677} INFO - Setting next_dagrun for example_python_operator to None, run_after=None
[2024-09-21T21:57:31.883+0100] {processor.py:179} INFO - Processing /Users/rtewelde/airflow_venv/lib/python3.11/site-packages/airflow/example_dags/example_python_operator.py took 0.276 seconds
[2024-09-21T21:59:08.946+0100] {processor.py:157} INFO - Started process (PID=28767) to work on /Users/rtewelde/airflow_venv/lib/python3.11/site-packages/airflow/example_dags/example_python_operator.py
[2024-09-21T21:59:08.950+0100] {processor.py:829} INFO - Processing file /Users/rtewelde/airflow_venv/lib/python3.11/site-packages/airflow/example_dags/example_python_operator.py for tasks to queue
[2024-09-21T21:59:08.950+0100] {logging_mixin.py:151} INFO - [2024-09-21T21:59:08.950+0100] {dagbag.py:539} INFO - Filling up the DagBag from /Users/rtewelde/airflow_venv/lib/python3.11/site-packages/airflow/example_dags/example_python_operator.py
[2024-09-21T21:59:09.026+0100] {logging_mixin.py:151} INFO - [2024-09-21T21:59:09.026+0100] {example_python_operator.py:89} WARNING - The virtalenv_python example task requires virtualenv, please install it.
[2024-09-21T21:59:09.031+0100] {processor.py:839} INFO - DAG(s) dict_keys(['example_python_operator']) retrieved from /Users/rtewelde/airflow_venv/lib/python3.11/site-packages/airflow/example_dags/example_python_operator.py
[2024-09-21T21:59:09.177+0100] {logging_mixin.py:151} INFO - [2024-09-21T21:59:09.177+0100] {dag.py:2907} INFO - Sync 1 DAGs
[2024-09-21T21:59:09.185+0100] {logging_mixin.py:151} INFO - [2024-09-21T21:59:09.185+0100] {dag.py:3677} INFO - Setting next_dagrun for example_python_operator to None, run_after=None
[2024-09-21T21:59:09.203+0100] {processor.py:179} INFO - Processing /Users/rtewelde/airflow_venv/lib/python3.11/site-packages/airflow/example_dags/example_python_operator.py took 0.258 seconds
