[2024-09-21T21:54:12.667+0100] {processor.py:157} INFO - Started process (PID=27278) to work on /Users/rtewelde/airflow_venv/lib/python3.11/site-packages/airflow/example_dags/example_external_task_marker_dag.py
[2024-09-21T21:54:12.671+0100] {processor.py:829} INFO - Processing file /Users/rtewelde/airflow_venv/lib/python3.11/site-packages/airflow/example_dags/example_external_task_marker_dag.py for tasks to queue
[2024-09-21T21:54:12.671+0100] {logging_mixin.py:151} INFO - [2024-09-21T21:54:12.671+0100] {dagbag.py:539} INFO - Filling up the DagBag from /Users/rtewelde/airflow_venv/lib/python3.11/site-packages/airflow/example_dags/example_external_task_marker_dag.py
[2024-09-21T21:54:12.697+0100] {processor.py:839} INFO - DAG(s) dict_keys(['example_external_task_marker_child', 'example_external_task_marker_parent']) retrieved from /Users/rtewelde/airflow_venv/lib/python3.11/site-packages/airflow/example_dags/example_external_task_marker_dag.py
[2024-09-21T21:54:13.473+0100] {logging_mixin.py:151} INFO - [2024-09-21T21:54:13.473+0100] {manager.py:501} INFO - Created Permission View: can delete on DAG:example_external_task_marker_child
[2024-09-21T21:54:13.481+0100] {logging_mixin.py:151} INFO - [2024-09-21T21:54:13.481+0100] {manager.py:501} INFO - Created Permission View: can edit on DAG:example_external_task_marker_child
[2024-09-21T21:54:13.487+0100] {logging_mixin.py:151} INFO - [2024-09-21T21:54:13.487+0100] {manager.py:501} INFO - Created Permission View: can read on DAG:example_external_task_marker_child
[2024-09-21T21:54:13.504+0100] {logging_mixin.py:151} INFO - [2024-09-21T21:54:13.504+0100] {manager.py:501} INFO - Created Permission View: can delete on DAG:example_external_task_marker_parent
[2024-09-21T21:54:13.510+0100] {logging_mixin.py:151} INFO - [2024-09-21T21:54:13.510+0100] {manager.py:501} INFO - Created Permission View: can edit on DAG:example_external_task_marker_parent
[2024-09-21T21:54:13.515+0100] {logging_mixin.py:151} INFO - [2024-09-21T21:54:13.514+0100] {manager.py:501} INFO - Created Permission View: can read on DAG:example_external_task_marker_parent
[2024-09-21T21:54:13.518+0100] {logging_mixin.py:151} INFO - [2024-09-21T21:54:13.518+0100] {dag.py:2907} INFO - Sync 2 DAGs
[2024-09-21T21:54:13.527+0100] {logging_mixin.py:151} INFO - [2024-09-21T21:54:13.527+0100] {dag.py:2929} INFO - Creating ORM DAG for example_external_task_marker_child
[2024-09-21T21:54:13.528+0100] {logging_mixin.py:151} INFO - [2024-09-21T21:54:13.527+0100] {dag.py:2929} INFO - Creating ORM DAG for example_external_task_marker_parent
[2024-09-21T21:54:13.528+0100] {logging_mixin.py:151} INFO - [2024-09-21T21:54:13.528+0100] {dag.py:3677} INFO - Setting next_dagrun for example_external_task_marker_child to None, run_after=None
[2024-09-21T21:54:13.528+0100] {logging_mixin.py:151} INFO - [2024-09-21T21:54:13.528+0100] {dag.py:3677} INFO - Setting next_dagrun for example_external_task_marker_parent to None, run_after=None
[2024-09-21T21:54:13.543+0100] {processor.py:179} INFO - Processing /Users/rtewelde/airflow_venv/lib/python3.11/site-packages/airflow/example_dags/example_external_task_marker_dag.py took 0.877 seconds
[2024-09-21T21:56:00.820+0100] {processor.py:157} INFO - Started process (PID=27841) to work on /Users/rtewelde/airflow_venv/lib/python3.11/site-packages/airflow/example_dags/example_external_task_marker_dag.py
[2024-09-21T21:56:00.824+0100] {processor.py:829} INFO - Processing file /Users/rtewelde/airflow_venv/lib/python3.11/site-packages/airflow/example_dags/example_external_task_marker_dag.py for tasks to queue
[2024-09-21T21:56:00.824+0100] {logging_mixin.py:151} INFO - [2024-09-21T21:56:00.824+0100] {dagbag.py:539} INFO - Filling up the DagBag from /Users/rtewelde/airflow_venv/lib/python3.11/site-packages/airflow/example_dags/example_external_task_marker_dag.py
[2024-09-21T21:56:00.847+0100] {processor.py:839} INFO - DAG(s) dict_keys(['example_external_task_marker_child', 'example_external_task_marker_parent']) retrieved from /Users/rtewelde/airflow_venv/lib/python3.11/site-packages/airflow/example_dags/example_external_task_marker_dag.py
[2024-09-21T21:56:01.048+0100] {logging_mixin.py:151} INFO - [2024-09-21T21:56:01.047+0100] {dag.py:2907} INFO - Sync 2 DAGs
[2024-09-21T21:56:01.057+0100] {logging_mixin.py:151} INFO - [2024-09-21T21:56:01.057+0100] {dag.py:3677} INFO - Setting next_dagrun for example_external_task_marker_child to None, run_after=None
[2024-09-21T21:56:01.060+0100] {logging_mixin.py:151} INFO - [2024-09-21T21:56:01.059+0100] {dag.py:3677} INFO - Setting next_dagrun for example_external_task_marker_parent to None, run_after=None
[2024-09-21T21:56:01.075+0100] {processor.py:179} INFO - Processing /Users/rtewelde/airflow_venv/lib/python3.11/site-packages/airflow/example_dags/example_external_task_marker_dag.py took 0.256 seconds
[2024-09-21T21:57:49.859+0100] {processor.py:157} INFO - Started process (PID=28390) to work on /Users/rtewelde/airflow_venv/lib/python3.11/site-packages/airflow/example_dags/example_external_task_marker_dag.py
[2024-09-21T21:57:49.863+0100] {processor.py:829} INFO - Processing file /Users/rtewelde/airflow_venv/lib/python3.11/site-packages/airflow/example_dags/example_external_task_marker_dag.py for tasks to queue
[2024-09-21T21:57:49.864+0100] {logging_mixin.py:151} INFO - [2024-09-21T21:57:49.864+0100] {dagbag.py:539} INFO - Filling up the DagBag from /Users/rtewelde/airflow_venv/lib/python3.11/site-packages/airflow/example_dags/example_external_task_marker_dag.py
[2024-09-21T21:57:49.886+0100] {processor.py:839} INFO - DAG(s) dict_keys(['example_external_task_marker_parent', 'example_external_task_marker_child']) retrieved from /Users/rtewelde/airflow_venv/lib/python3.11/site-packages/airflow/example_dags/example_external_task_marker_dag.py
[2024-09-21T21:57:50.089+0100] {logging_mixin.py:151} INFO - [2024-09-21T21:57:50.089+0100] {dag.py:2907} INFO - Sync 2 DAGs
[2024-09-21T21:57:50.097+0100] {logging_mixin.py:151} INFO - [2024-09-21T21:57:50.097+0100] {dag.py:3677} INFO - Setting next_dagrun for example_external_task_marker_child to None, run_after=None
[2024-09-21T21:57:50.100+0100] {logging_mixin.py:151} INFO - [2024-09-21T21:57:50.100+0100] {dag.py:3677} INFO - Setting next_dagrun for example_external_task_marker_parent to None, run_after=None
[2024-09-21T21:57:50.117+0100] {processor.py:179} INFO - Processing /Users/rtewelde/airflow_venv/lib/python3.11/site-packages/airflow/example_dags/example_external_task_marker_dag.py took 0.259 seconds
[2024-09-21T22:00:07.635+0100] {processor.py:157} INFO - Started process (PID=29045) to work on /Users/rtewelde/airflow_venv/lib/python3.11/site-packages/airflow/example_dags/example_external_task_marker_dag.py
[2024-09-21T22:00:07.638+0100] {processor.py:829} INFO - Processing file /Users/rtewelde/airflow_venv/lib/python3.11/site-packages/airflow/example_dags/example_external_task_marker_dag.py for tasks to queue
[2024-09-21T22:00:07.639+0100] {logging_mixin.py:151} INFO - [2024-09-21T22:00:07.639+0100] {dagbag.py:539} INFO - Filling up the DagBag from /Users/rtewelde/airflow_venv/lib/python3.11/site-packages/airflow/example_dags/example_external_task_marker_dag.py
[2024-09-21T22:00:07.664+0100] {processor.py:839} INFO - DAG(s) dict_keys(['example_external_task_marker_parent', 'example_external_task_marker_child']) retrieved from /Users/rtewelde/airflow_venv/lib/python3.11/site-packages/airflow/example_dags/example_external_task_marker_dag.py
[2024-09-21T22:00:07.853+0100] {logging_mixin.py:151} INFO - [2024-09-21T22:00:07.853+0100] {dag.py:2907} INFO - Sync 2 DAGs
[2024-09-21T22:00:07.861+0100] {logging_mixin.py:151} INFO - [2024-09-21T22:00:07.861+0100] {dag.py:3677} INFO - Setting next_dagrun for example_external_task_marker_child to None, run_after=None
[2024-09-21T22:00:07.863+0100] {logging_mixin.py:151} INFO - [2024-09-21T22:00:07.863+0100] {dag.py:3677} INFO - Setting next_dagrun for example_external_task_marker_parent to None, run_after=None
[2024-09-21T22:00:07.879+0100] {processor.py:179} INFO - Processing /Users/rtewelde/airflow_venv/lib/python3.11/site-packages/airflow/example_dags/example_external_task_marker_dag.py took 0.245 seconds
