[2024-09-21T21:52:04.797+0100] {processor.py:157} INFO - Started process (PID=26493) to work on /Users/rtewelde/airflow_venv/lib/python3.11/site-packages/airflow/example_dags/example_short_circuit_decorator.py
[2024-09-21T21:52:04.800+0100] {processor.py:829} INFO - Processing file /Users/rtewelde/airflow_venv/lib/python3.11/site-packages/airflow/example_dags/example_short_circuit_decorator.py for tasks to queue
[2024-09-21T21:52:04.801+0100] {logging_mixin.py:151} INFO - [2024-09-21T21:52:04.801+0100] {dagbag.py:539} INFO - Filling up the DagBag from /Users/rtewelde/airflow_venv/lib/python3.11/site-packages/airflow/example_dags/example_short_circuit_decorator.py
[2024-09-21T21:52:04.890+0100] {processor.py:839} INFO - DAG(s) dict_keys(['example_short_circuit_decorator']) retrieved from /Users/rtewelde/airflow_venv/lib/python3.11/site-packages/airflow/example_dags/example_short_circuit_decorator.py
[2024-09-21T21:52:05.739+0100] {logging_mixin.py:151} INFO - [2024-09-21T21:52:05.739+0100] {manager.py:501} INFO - Created Permission View: can edit on DAG:example_short_circuit_decorator
[2024-09-21T21:52:05.747+0100] {logging_mixin.py:151} INFO - [2024-09-21T21:52:05.747+0100] {manager.py:501} INFO - Created Permission View: can read on DAG:example_short_circuit_decorator
[2024-09-21T21:52:05.753+0100] {logging_mixin.py:151} INFO - [2024-09-21T21:52:05.753+0100] {manager.py:501} INFO - Created Permission View: can delete on DAG:example_short_circuit_decorator
[2024-09-21T21:52:05.764+0100] {logging_mixin.py:151} INFO - [2024-09-21T21:52:05.763+0100] {dag.py:2907} INFO - Sync 1 DAGs
[2024-09-21T21:52:05.772+0100] {logging_mixin.py:151} INFO - [2024-09-21T21:52:05.772+0100] {dag.py:2929} INFO - Creating ORM DAG for example_short_circuit_decorator
[2024-09-21T21:52:05.779+0100] {logging_mixin.py:151} INFO - [2024-09-21T21:52:05.779+0100] {dag.py:3677} INFO - Setting next_dagrun for example_short_circuit_decorator to 2024-09-20T20:52:05.779627+00:00, run_after=2024-09-21T20:52:05.779627+00:00
[2024-09-21T21:52:05.795+0100] {processor.py:179} INFO - Processing /Users/rtewelde/airflow_venv/lib/python3.11/site-packages/airflow/example_dags/example_short_circuit_decorator.py took 0.999 seconds
[2024-09-21T21:53:41.508+0100] {processor.py:157} INFO - Started process (PID=27042) to work on /Users/rtewelde/airflow_venv/lib/python3.11/site-packages/airflow/example_dags/example_short_circuit_decorator.py
[2024-09-21T21:53:41.513+0100] {processor.py:829} INFO - Processing file /Users/rtewelde/airflow_venv/lib/python3.11/site-packages/airflow/example_dags/example_short_circuit_decorator.py for tasks to queue
[2024-09-21T21:53:41.514+0100] {logging_mixin.py:151} INFO - [2024-09-21T21:53:41.514+0100] {dagbag.py:539} INFO - Filling up the DagBag from /Users/rtewelde/airflow_venv/lib/python3.11/site-packages/airflow/example_dags/example_short_circuit_decorator.py
[2024-09-21T21:53:41.597+0100] {processor.py:839} INFO - DAG(s) dict_keys(['example_short_circuit_decorator']) retrieved from /Users/rtewelde/airflow_venv/lib/python3.11/site-packages/airflow/example_dags/example_short_circuit_decorator.py
[2024-09-21T21:53:41.757+0100] {logging_mixin.py:151} INFO - [2024-09-21T21:53:41.757+0100] {dag.py:2907} INFO - Sync 1 DAGs
[2024-09-21T21:53:41.774+0100] {logging_mixin.py:151} INFO - [2024-09-21T21:53:41.774+0100] {dag.py:3677} INFO - Setting next_dagrun for example_short_circuit_decorator to 2024-09-20T20:53:41.774065+00:00, run_after=2024-09-21T20:53:41.774065+00:00
[2024-09-21T21:53:41.795+0100] {processor.py:179} INFO - Processing /Users/rtewelde/airflow_venv/lib/python3.11/site-packages/airflow/example_dags/example_short_circuit_decorator.py took 0.288 seconds
[2024-09-21T21:55:31.342+0100] {processor.py:157} INFO - Started process (PID=27697) to work on /Users/rtewelde/airflow_venv/lib/python3.11/site-packages/airflow/example_dags/example_short_circuit_decorator.py
[2024-09-21T21:55:31.345+0100] {processor.py:829} INFO - Processing file /Users/rtewelde/airflow_venv/lib/python3.11/site-packages/airflow/example_dags/example_short_circuit_decorator.py for tasks to queue
[2024-09-21T21:55:31.346+0100] {logging_mixin.py:151} INFO - [2024-09-21T21:55:31.346+0100] {dagbag.py:539} INFO - Filling up the DagBag from /Users/rtewelde/airflow_venv/lib/python3.11/site-packages/airflow/example_dags/example_short_circuit_decorator.py
[2024-09-21T21:55:31.430+0100] {processor.py:839} INFO - DAG(s) dict_keys(['example_short_circuit_decorator']) retrieved from /Users/rtewelde/airflow_venv/lib/python3.11/site-packages/airflow/example_dags/example_short_circuit_decorator.py
[2024-09-21T21:55:31.581+0100] {logging_mixin.py:151} INFO - [2024-09-21T21:55:31.581+0100] {dag.py:2907} INFO - Sync 1 DAGs
[2024-09-21T21:55:31.596+0100] {logging_mixin.py:151} INFO - [2024-09-21T21:55:31.596+0100] {dag.py:3677} INFO - Setting next_dagrun for example_short_circuit_decorator to 2024-09-20T20:55:31.596122+00:00, run_after=2024-09-21T20:55:31.596122+00:00
[2024-09-21T21:55:31.615+0100] {processor.py:179} INFO - Processing /Users/rtewelde/airflow_venv/lib/python3.11/site-packages/airflow/example_dags/example_short_circuit_decorator.py took 0.274 seconds
[2024-09-21T21:57:21.363+0100] {processor.py:157} INFO - Started process (PID=28250) to work on /Users/rtewelde/airflow_venv/lib/python3.11/site-packages/airflow/example_dags/example_short_circuit_decorator.py
[2024-09-21T21:57:21.368+0100] {processor.py:829} INFO - Processing file /Users/rtewelde/airflow_venv/lib/python3.11/site-packages/airflow/example_dags/example_short_circuit_decorator.py for tasks to queue
[2024-09-21T21:57:21.368+0100] {logging_mixin.py:151} INFO - [2024-09-21T21:57:21.368+0100] {dagbag.py:539} INFO - Filling up the DagBag from /Users/rtewelde/airflow_venv/lib/python3.11/site-packages/airflow/example_dags/example_short_circuit_decorator.py
[2024-09-21T21:57:21.447+0100] {processor.py:839} INFO - DAG(s) dict_keys(['example_short_circuit_decorator']) retrieved from /Users/rtewelde/airflow_venv/lib/python3.11/site-packages/airflow/example_dags/example_short_circuit_decorator.py
[2024-09-21T21:57:21.604+0100] {logging_mixin.py:151} INFO - [2024-09-21T21:57:21.604+0100] {dag.py:2907} INFO - Sync 1 DAGs
[2024-09-21T21:57:21.618+0100] {logging_mixin.py:151} INFO - [2024-09-21T21:57:21.618+0100] {dag.py:3677} INFO - Setting next_dagrun for example_short_circuit_decorator to 2024-09-20T20:57:21.618593+00:00, run_after=2024-09-21T20:57:21.618593+00:00
[2024-09-21T21:57:21.637+0100] {processor.py:179} INFO - Processing /Users/rtewelde/airflow_venv/lib/python3.11/site-packages/airflow/example_dags/example_short_circuit_decorator.py took 0.274 seconds
[2024-09-21T21:58:58.617+0100] {processor.py:157} INFO - Started process (PID=28717) to work on /Users/rtewelde/airflow_venv/lib/python3.11/site-packages/airflow/example_dags/example_short_circuit_decorator.py
[2024-09-21T21:58:58.622+0100] {processor.py:829} INFO - Processing file /Users/rtewelde/airflow_venv/lib/python3.11/site-packages/airflow/example_dags/example_short_circuit_decorator.py for tasks to queue
[2024-09-21T21:58:58.622+0100] {logging_mixin.py:151} INFO - [2024-09-21T21:58:58.622+0100] {dagbag.py:539} INFO - Filling up the DagBag from /Users/rtewelde/airflow_venv/lib/python3.11/site-packages/airflow/example_dags/example_short_circuit_decorator.py
[2024-09-21T21:58:58.704+0100] {processor.py:839} INFO - DAG(s) dict_keys(['example_short_circuit_decorator']) retrieved from /Users/rtewelde/airflow_venv/lib/python3.11/site-packages/airflow/example_dags/example_short_circuit_decorator.py
[2024-09-21T21:58:58.870+0100] {logging_mixin.py:151} INFO - [2024-09-21T21:58:58.870+0100] {dag.py:2907} INFO - Sync 1 DAGs
[2024-09-21T21:58:58.884+0100] {logging_mixin.py:151} INFO - [2024-09-21T21:58:58.884+0100] {dag.py:3677} INFO - Setting next_dagrun for example_short_circuit_decorator to 2024-09-20T20:58:58.884068+00:00, run_after=2024-09-21T20:58:58.884068+00:00
[2024-09-21T21:58:58.902+0100] {processor.py:179} INFO - Processing /Users/rtewelde/airflow_venv/lib/python3.11/site-packages/airflow/example_dags/example_short_circuit_decorator.py took 0.286 seconds
