[2024-09-21T21:54:45.681+0100] {processor.py:157} INFO - Started process (PID=27450) to work on /Users/rtewelde/airflow_venv/lib/python3.11/site-packages/airflow/example_dags/example_branch_datetime_operator.py
[2024-09-21T21:54:45.685+0100] {processor.py:829} INFO - Processing file /Users/rtewelde/airflow_venv/lib/python3.11/site-packages/airflow/example_dags/example_branch_datetime_operator.py for tasks to queue
[2024-09-21T21:54:45.685+0100] {logging_mixin.py:151} INFO - [2024-09-21T21:54:45.685+0100] {dagbag.py:539} INFO - Filling up the DagBag from /Users/rtewelde/airflow_venv/lib/python3.11/site-packages/airflow/example_dags/example_branch_datetime_operator.py
[2024-09-21T21:54:45.709+0100] {processor.py:839} INFO - DAG(s) dict_keys(['example_branch_datetime_operator_2', 'example_branch_datetime_operator_3', 'example_branch_datetime_operator']) retrieved from /Users/rtewelde/airflow_venv/lib/python3.11/site-packages/airflow/example_dags/example_branch_datetime_operator.py
[2024-09-21T21:54:46.541+0100] {logging_mixin.py:151} INFO - [2024-09-21T21:54:46.540+0100] {manager.py:501} INFO - Created Permission View: can read on DAG:example_branch_datetime_operator_2
[2024-09-21T21:54:46.550+0100] {logging_mixin.py:151} INFO - [2024-09-21T21:54:46.550+0100] {manager.py:501} INFO - Created Permission View: can delete on DAG:example_branch_datetime_operator_2
[2024-09-21T21:54:46.556+0100] {logging_mixin.py:151} INFO - [2024-09-21T21:54:46.556+0100] {manager.py:501} INFO - Created Permission View: can edit on DAG:example_branch_datetime_operator_2
[2024-09-21T21:54:46.578+0100] {logging_mixin.py:151} INFO - [2024-09-21T21:54:46.578+0100] {manager.py:501} INFO - Created Permission View: can read on DAG:example_branch_datetime_operator_3
[2024-09-21T21:54:46.583+0100] {logging_mixin.py:151} INFO - [2024-09-21T21:54:46.583+0100] {manager.py:501} INFO - Created Permission View: can delete on DAG:example_branch_datetime_operator_3
[2024-09-21T21:54:46.588+0100] {logging_mixin.py:151} INFO - [2024-09-21T21:54:46.588+0100] {manager.py:501} INFO - Created Permission View: can edit on DAG:example_branch_datetime_operator_3
[2024-09-21T21:54:46.602+0100] {logging_mixin.py:151} INFO - [2024-09-21T21:54:46.602+0100] {manager.py:501} INFO - Created Permission View: can read on DAG:example_branch_datetime_operator
[2024-09-21T21:54:46.608+0100] {logging_mixin.py:151} INFO - [2024-09-21T21:54:46.607+0100] {manager.py:501} INFO - Created Permission View: can delete on DAG:example_branch_datetime_operator
[2024-09-21T21:54:46.613+0100] {logging_mixin.py:151} INFO - [2024-09-21T21:54:46.613+0100] {manager.py:501} INFO - Created Permission View: can edit on DAG:example_branch_datetime_operator
[2024-09-21T21:54:46.618+0100] {logging_mixin.py:151} INFO - [2024-09-21T21:54:46.617+0100] {dag.py:2907} INFO - Sync 3 DAGs
[2024-09-21T21:54:46.628+0100] {logging_mixin.py:151} INFO - [2024-09-21T21:54:46.628+0100] {dag.py:2929} INFO - Creating ORM DAG for example_branch_datetime_operator
[2024-09-21T21:54:46.628+0100] {logging_mixin.py:151} INFO - [2024-09-21T21:54:46.628+0100] {dag.py:2929} INFO - Creating ORM DAG for example_branch_datetime_operator_3
[2024-09-21T21:54:46.629+0100] {logging_mixin.py:151} INFO - [2024-09-21T21:54:46.629+0100] {dag.py:2929} INFO - Creating ORM DAG for example_branch_datetime_operator_2
[2024-09-21T21:54:46.638+0100] {logging_mixin.py:151} INFO - [2024-09-21T21:54:46.638+0100] {dag.py:3677} INFO - Setting next_dagrun for example_branch_datetime_operator to 2024-09-20T00:00:00+00:00, run_after=2024-09-21T00:00:00+00:00
[2024-09-21T21:54:46.640+0100] {logging_mixin.py:151} INFO - [2024-09-21T21:54:46.640+0100] {dag.py:3677} INFO - Setting next_dagrun for example_branch_datetime_operator_2 to 2024-09-20T00:00:00+00:00, run_after=2024-09-21T00:00:00+00:00
[2024-09-21T21:54:46.642+0100] {logging_mixin.py:151} INFO - [2024-09-21T21:54:46.642+0100] {dag.py:3677} INFO - Setting next_dagrun for example_branch_datetime_operator_3 to 2024-09-20T00:00:00+00:00, run_after=2024-09-21T00:00:00+00:00
[2024-09-21T21:54:46.660+0100] {processor.py:179} INFO - Processing /Users/rtewelde/airflow_venv/lib/python3.11/site-packages/airflow/example_dags/example_branch_datetime_operator.py took 0.980 seconds
[2024-09-21T21:58:15.393+0100] {processor.py:157} INFO - Started process (PID=28519) to work on /Users/rtewelde/airflow_venv/lib/python3.11/site-packages/airflow/example_dags/example_branch_datetime_operator.py
[2024-09-21T21:58:15.397+0100] {processor.py:829} INFO - Processing file /Users/rtewelde/airflow_venv/lib/python3.11/site-packages/airflow/example_dags/example_branch_datetime_operator.py for tasks to queue
[2024-09-21T21:58:15.397+0100] {logging_mixin.py:151} INFO - [2024-09-21T21:58:15.397+0100] {dagbag.py:539} INFO - Filling up the DagBag from /Users/rtewelde/airflow_venv/lib/python3.11/site-packages/airflow/example_dags/example_branch_datetime_operator.py
[2024-09-21T21:58:15.420+0100] {processor.py:839} INFO - DAG(s) dict_keys(['example_branch_datetime_operator_2', 'example_branch_datetime_operator_3', 'example_branch_datetime_operator']) retrieved from /Users/rtewelde/airflow_venv/lib/python3.11/site-packages/airflow/example_dags/example_branch_datetime_operator.py
[2024-09-21T21:58:15.612+0100] {logging_mixin.py:151} INFO - [2024-09-21T21:58:15.611+0100] {dag.py:2907} INFO - Sync 3 DAGs
[2024-09-21T21:58:15.630+0100] {logging_mixin.py:151} INFO - [2024-09-21T21:58:15.630+0100] {dag.py:3677} INFO - Setting next_dagrun for example_branch_datetime_operator to 2024-09-20T00:00:00+00:00, run_after=2024-09-21T00:00:00+00:00
[2024-09-21T21:58:15.634+0100] {logging_mixin.py:151} INFO - [2024-09-21T21:58:15.634+0100] {dag.py:3677} INFO - Setting next_dagrun for example_branch_datetime_operator_2 to 2024-09-20T00:00:00+00:00, run_after=2024-09-21T00:00:00+00:00
[2024-09-21T21:58:15.636+0100] {logging_mixin.py:151} INFO - [2024-09-21T21:58:15.636+0100] {dag.py:3677} INFO - Setting next_dagrun for example_branch_datetime_operator_3 to 2024-09-20T00:00:00+00:00, run_after=2024-09-21T00:00:00+00:00
[2024-09-21T21:58:15.652+0100] {processor.py:179} INFO - Processing /Users/rtewelde/airflow_venv/lib/python3.11/site-packages/airflow/example_dags/example_branch_datetime_operator.py took 0.260 seconds
[2024-09-21T22:00:32.343+0100] {processor.py:157} INFO - Started process (PID=29162) to work on /Users/rtewelde/airflow_venv/lib/python3.11/site-packages/airflow/example_dags/example_branch_datetime_operator.py
[2024-09-21T22:00:32.346+0100] {processor.py:829} INFO - Processing file /Users/rtewelde/airflow_venv/lib/python3.11/site-packages/airflow/example_dags/example_branch_datetime_operator.py for tasks to queue
[2024-09-21T22:00:32.346+0100] {logging_mixin.py:151} INFO - [2024-09-21T22:00:32.346+0100] {dagbag.py:539} INFO - Filling up the DagBag from /Users/rtewelde/airflow_venv/lib/python3.11/site-packages/airflow/example_dags/example_branch_datetime_operator.py
[2024-09-21T22:00:32.370+0100] {processor.py:839} INFO - DAG(s) dict_keys(['example_branch_datetime_operator', 'example_branch_datetime_operator_3', 'example_branch_datetime_operator_2']) retrieved from /Users/rtewelde/airflow_venv/lib/python3.11/site-packages/airflow/example_dags/example_branch_datetime_operator.py
[2024-09-21T22:00:32.565+0100] {logging_mixin.py:151} INFO - [2024-09-21T22:00:32.565+0100] {dag.py:2907} INFO - Sync 3 DAGs
[2024-09-21T22:00:32.582+0100] {logging_mixin.py:151} INFO - [2024-09-21T22:00:32.582+0100] {dag.py:3677} INFO - Setting next_dagrun for example_branch_datetime_operator to 2024-09-20T00:00:00+00:00, run_after=2024-09-21T00:00:00+00:00
[2024-09-21T22:00:32.587+0100] {logging_mixin.py:151} INFO - [2024-09-21T22:00:32.587+0100] {dag.py:3677} INFO - Setting next_dagrun for example_branch_datetime_operator_2 to 2024-09-20T00:00:00+00:00, run_after=2024-09-21T00:00:00+00:00
[2024-09-21T22:00:32.589+0100] {logging_mixin.py:151} INFO - [2024-09-21T22:00:32.589+0100] {dag.py:3677} INFO - Setting next_dagrun for example_branch_datetime_operator_3 to 2024-09-20T00:00:00+00:00, run_after=2024-09-21T00:00:00+00:00
[2024-09-21T22:00:32.605+0100] {processor.py:179} INFO - Processing /Users/rtewelde/airflow_venv/lib/python3.11/site-packages/airflow/example_dags/example_branch_datetime_operator.py took 0.263 seconds
