[2024-09-21T21:52:07.979+0100] {processor.py:157} INFO - Started process (PID=26510) to work on /Users/rtewelde/airflow_venv/lib/python3.11/site-packages/airflow/example_dags/example_setup_teardown_taskflow.py
[2024-09-21T21:52:07.982+0100] {processor.py:829} INFO - Processing file /Users/rtewelde/airflow_venv/lib/python3.11/site-packages/airflow/example_dags/example_setup_teardown_taskflow.py for tasks to queue
[2024-09-21T21:52:07.983+0100] {logging_mixin.py:151} INFO - [2024-09-21T21:52:07.983+0100] {dagbag.py:539} INFO - Filling up the DagBag from /Users/rtewelde/airflow_venv/lib/python3.11/site-packages/airflow/example_dags/example_setup_teardown_taskflow.py
[2024-09-21T21:52:08.061+0100] {processor.py:839} INFO - DAG(s) dict_keys(['example_setup_teardown_taskflow']) retrieved from /Users/rtewelde/airflow_venv/lib/python3.11/site-packages/airflow/example_dags/example_setup_teardown_taskflow.py
[2024-09-21T21:52:08.799+0100] {logging_mixin.py:151} INFO - [2024-09-21T21:52:08.799+0100] {manager.py:501} INFO - Created Permission View: can read on DAG:example_setup_teardown_taskflow
[2024-09-21T21:52:08.807+0100] {logging_mixin.py:151} INFO - [2024-09-21T21:52:08.806+0100] {manager.py:501} INFO - Created Permission View: can delete on DAG:example_setup_teardown_taskflow
[2024-09-21T21:52:08.811+0100] {logging_mixin.py:151} INFO - [2024-09-21T21:52:08.811+0100] {manager.py:501} INFO - Created Permission View: can edit on DAG:example_setup_teardown_taskflow
[2024-09-21T21:52:08.822+0100] {logging_mixin.py:151} INFO - [2024-09-21T21:52:08.822+0100] {dag.py:2907} INFO - Sync 1 DAGs
[2024-09-21T21:52:08.830+0100] {logging_mixin.py:151} INFO - [2024-09-21T21:52:08.829+0100] {dag.py:2929} INFO - Creating ORM DAG for example_setup_teardown_taskflow
[2024-09-21T21:52:08.836+0100] {logging_mixin.py:151} INFO - [2024-09-21T21:52:08.836+0100] {dag.py:3677} INFO - Setting next_dagrun for example_setup_teardown_taskflow to 2024-09-20T20:52:08.836646+00:00, run_after=2024-09-21T20:52:08.836646+00:00
[2024-09-21T21:52:08.852+0100] {processor.py:179} INFO - Processing /Users/rtewelde/airflow_venv/lib/python3.11/site-packages/airflow/example_dags/example_setup_teardown_taskflow.py took 0.874 seconds
[2024-09-21T21:53:42.980+0100] {processor.py:157} INFO - Started process (PID=27043) to work on /Users/rtewelde/airflow_venv/lib/python3.11/site-packages/airflow/example_dags/example_setup_teardown_taskflow.py
[2024-09-21T21:53:42.985+0100] {processor.py:829} INFO - Processing file /Users/rtewelde/airflow_venv/lib/python3.11/site-packages/airflow/example_dags/example_setup_teardown_taskflow.py for tasks to queue
[2024-09-21T21:53:42.985+0100] {logging_mixin.py:151} INFO - [2024-09-21T21:53:42.985+0100] {dagbag.py:539} INFO - Filling up the DagBag from /Users/rtewelde/airflow_venv/lib/python3.11/site-packages/airflow/example_dags/example_setup_teardown_taskflow.py
[2024-09-21T21:53:43.075+0100] {processor.py:839} INFO - DAG(s) dict_keys(['example_setup_teardown_taskflow']) retrieved from /Users/rtewelde/airflow_venv/lib/python3.11/site-packages/airflow/example_dags/example_setup_teardown_taskflow.py
[2024-09-21T21:53:43.246+0100] {logging_mixin.py:151} INFO - [2024-09-21T21:53:43.245+0100] {dag.py:2907} INFO - Sync 1 DAGs
[2024-09-21T21:53:43.261+0100] {logging_mixin.py:151} INFO - [2024-09-21T21:53:43.261+0100] {dag.py:3677} INFO - Setting next_dagrun for example_setup_teardown_taskflow to 2024-09-20T20:53:43.261025+00:00, run_after=2024-09-21T20:53:43.261025+00:00
[2024-09-21T21:53:43.279+0100] {processor.py:179} INFO - Processing /Users/rtewelde/airflow_venv/lib/python3.11/site-packages/airflow/example_dags/example_setup_teardown_taskflow.py took 0.300 seconds
[2024-09-21T21:55:33.075+0100] {processor.py:157} INFO - Started process (PID=27707) to work on /Users/rtewelde/airflow_venv/lib/python3.11/site-packages/airflow/example_dags/example_setup_teardown_taskflow.py
[2024-09-21T21:55:33.079+0100] {processor.py:829} INFO - Processing file /Users/rtewelde/airflow_venv/lib/python3.11/site-packages/airflow/example_dags/example_setup_teardown_taskflow.py for tasks to queue
[2024-09-21T21:55:33.080+0100] {logging_mixin.py:151} INFO - [2024-09-21T21:55:33.080+0100] {dagbag.py:539} INFO - Filling up the DagBag from /Users/rtewelde/airflow_venv/lib/python3.11/site-packages/airflow/example_dags/example_setup_teardown_taskflow.py
[2024-09-21T21:55:33.161+0100] {processor.py:839} INFO - DAG(s) dict_keys(['example_setup_teardown_taskflow']) retrieved from /Users/rtewelde/airflow_venv/lib/python3.11/site-packages/airflow/example_dags/example_setup_teardown_taskflow.py
[2024-09-21T21:55:33.322+0100] {logging_mixin.py:151} INFO - [2024-09-21T21:55:33.322+0100] {dag.py:2907} INFO - Sync 1 DAGs
[2024-09-21T21:55:33.336+0100] {logging_mixin.py:151} INFO - [2024-09-21T21:55:33.336+0100] {dag.py:3677} INFO - Setting next_dagrun for example_setup_teardown_taskflow to 2024-09-20T20:55:33.336381+00:00, run_after=2024-09-21T20:55:33.336381+00:00
[2024-09-21T21:55:33.355+0100] {processor.py:179} INFO - Processing /Users/rtewelde/airflow_venv/lib/python3.11/site-packages/airflow/example_dags/example_setup_teardown_taskflow.py took 0.281 seconds
[2024-09-21T21:57:22.915+0100] {processor.py:157} INFO - Started process (PID=28259) to work on /Users/rtewelde/airflow_venv/lib/python3.11/site-packages/airflow/example_dags/example_setup_teardown_taskflow.py
[2024-09-21T21:57:22.919+0100] {processor.py:829} INFO - Processing file /Users/rtewelde/airflow_venv/lib/python3.11/site-packages/airflow/example_dags/example_setup_teardown_taskflow.py for tasks to queue
[2024-09-21T21:57:22.920+0100] {logging_mixin.py:151} INFO - [2024-09-21T21:57:22.920+0100] {dagbag.py:539} INFO - Filling up the DagBag from /Users/rtewelde/airflow_venv/lib/python3.11/site-packages/airflow/example_dags/example_setup_teardown_taskflow.py
[2024-09-21T21:57:23.000+0100] {processor.py:839} INFO - DAG(s) dict_keys(['example_setup_teardown_taskflow']) retrieved from /Users/rtewelde/airflow_venv/lib/python3.11/site-packages/airflow/example_dags/example_setup_teardown_taskflow.py
[2024-09-21T21:57:23.149+0100] {logging_mixin.py:151} INFO - [2024-09-21T21:57:23.149+0100] {dag.py:2907} INFO - Sync 1 DAGs
[2024-09-21T21:57:23.165+0100] {logging_mixin.py:151} INFO - [2024-09-21T21:57:23.165+0100] {dag.py:3677} INFO - Setting next_dagrun for example_setup_teardown_taskflow to 2024-09-20T20:57:23.165062+00:00, run_after=2024-09-21T20:57:23.165062+00:00
[2024-09-21T21:57:23.185+0100] {processor.py:179} INFO - Processing /Users/rtewelde/airflow_venv/lib/python3.11/site-packages/airflow/example_dags/example_setup_teardown_taskflow.py took 0.270 seconds
[2024-09-21T21:59:00.370+0100] {processor.py:157} INFO - Started process (PID=28726) to work on /Users/rtewelde/airflow_venv/lib/python3.11/site-packages/airflow/example_dags/example_setup_teardown_taskflow.py
[2024-09-21T21:59:00.373+0100] {processor.py:829} INFO - Processing file /Users/rtewelde/airflow_venv/lib/python3.11/site-packages/airflow/example_dags/example_setup_teardown_taskflow.py for tasks to queue
[2024-09-21T21:59:00.374+0100] {logging_mixin.py:151} INFO - [2024-09-21T21:59:00.374+0100] {dagbag.py:539} INFO - Filling up the DagBag from /Users/rtewelde/airflow_venv/lib/python3.11/site-packages/airflow/example_dags/example_setup_teardown_taskflow.py
[2024-09-21T21:59:00.452+0100] {processor.py:839} INFO - DAG(s) dict_keys(['example_setup_teardown_taskflow']) retrieved from /Users/rtewelde/airflow_venv/lib/python3.11/site-packages/airflow/example_dags/example_setup_teardown_taskflow.py
[2024-09-21T21:59:00.602+0100] {logging_mixin.py:151} INFO - [2024-09-21T21:59:00.602+0100] {dag.py:2907} INFO - Sync 1 DAGs
[2024-09-21T21:59:00.618+0100] {logging_mixin.py:151} INFO - [2024-09-21T21:59:00.618+0100] {dag.py:3677} INFO - Setting next_dagrun for example_setup_teardown_taskflow to 2024-09-20T20:59:00.618258+00:00, run_after=2024-09-21T20:59:00.618258+00:00
[2024-09-21T21:59:00.637+0100] {processor.py:179} INFO - Processing /Users/rtewelde/airflow_venv/lib/python3.11/site-packages/airflow/example_dags/example_setup_teardown_taskflow.py took 0.268 seconds
