[2024-09-21T21:51:47.970+0100] {processor.py:157} INFO - Started process (PID=26411) to work on /Users/rtewelde/airflow_venv/lib/python3.11/site-packages/airflow/example_dags/example_task_group_decorator.py
[2024-09-21T21:51:47.973+0100] {processor.py:829} INFO - Processing file /Users/rtewelde/airflow_venv/lib/python3.11/site-packages/airflow/example_dags/example_task_group_decorator.py for tasks to queue
[2024-09-21T21:51:47.974+0100] {logging_mixin.py:151} INFO - [2024-09-21T21:51:47.974+0100] {dagbag.py:539} INFO - Filling up the DagBag from /Users/rtewelde/airflow_venv/lib/python3.11/site-packages/airflow/example_dags/example_task_group_decorator.py
[2024-09-21T21:51:48.064+0100] {processor.py:839} INFO - DAG(s) dict_keys(['example_task_group_decorator']) retrieved from /Users/rtewelde/airflow_venv/lib/python3.11/site-packages/airflow/example_dags/example_task_group_decorator.py
[2024-09-21T21:51:48.968+0100] {logging_mixin.py:151} INFO - [2024-09-21T21:51:48.967+0100] {manager.py:501} INFO - Created Permission View: can edit on DAG:example_task_group_decorator
[2024-09-21T21:51:48.976+0100] {logging_mixin.py:151} INFO - [2024-09-21T21:51:48.976+0100] {manager.py:501} INFO - Created Permission View: can read on DAG:example_task_group_decorator
[2024-09-21T21:51:48.981+0100] {logging_mixin.py:151} INFO - [2024-09-21T21:51:48.981+0100] {manager.py:501} INFO - Created Permission View: can delete on DAG:example_task_group_decorator
[2024-09-21T21:51:48.990+0100] {logging_mixin.py:151} INFO - [2024-09-21T21:51:48.990+0100] {dag.py:2907} INFO - Sync 1 DAGs
[2024-09-21T21:51:48.998+0100] {logging_mixin.py:151} INFO - [2024-09-21T21:51:48.998+0100] {dag.py:2929} INFO - Creating ORM DAG for example_task_group_decorator
[2024-09-21T21:51:49.006+0100] {logging_mixin.py:151} INFO - [2024-09-21T21:51:49.005+0100] {dag.py:3677} INFO - Setting next_dagrun for example_task_group_decorator to 2024-09-20T20:51:49.005697+00:00, run_after=2024-09-21T20:51:49.005697+00:00
[2024-09-21T21:51:49.022+0100] {processor.py:179} INFO - Processing /Users/rtewelde/airflow_venv/lib/python3.11/site-packages/airflow/example_dags/example_task_group_decorator.py took 1.053 seconds
[2024-09-21T21:53:28.445+0100] {processor.py:157} INFO - Started process (PID=26982) to work on /Users/rtewelde/airflow_venv/lib/python3.11/site-packages/airflow/example_dags/example_task_group_decorator.py
[2024-09-21T21:53:28.448+0100] {processor.py:829} INFO - Processing file /Users/rtewelde/airflow_venv/lib/python3.11/site-packages/airflow/example_dags/example_task_group_decorator.py for tasks to queue
[2024-09-21T21:53:28.449+0100] {logging_mixin.py:151} INFO - [2024-09-21T21:53:28.449+0100] {dagbag.py:539} INFO - Filling up the DagBag from /Users/rtewelde/airflow_venv/lib/python3.11/site-packages/airflow/example_dags/example_task_group_decorator.py
[2024-09-21T21:53:28.540+0100] {processor.py:839} INFO - DAG(s) dict_keys(['example_task_group_decorator']) retrieved from /Users/rtewelde/airflow_venv/lib/python3.11/site-packages/airflow/example_dags/example_task_group_decorator.py
[2024-09-21T21:53:28.716+0100] {logging_mixin.py:151} INFO - [2024-09-21T21:53:28.715+0100] {dag.py:2907} INFO - Sync 1 DAGs
[2024-09-21T21:53:28.732+0100] {logging_mixin.py:151} INFO - [2024-09-21T21:53:28.731+0100] {dag.py:3677} INFO - Setting next_dagrun for example_task_group_decorator to 2024-09-20T20:53:28.731666+00:00, run_after=2024-09-21T20:53:28.731666+00:00
[2024-09-21T21:53:28.754+0100] {processor.py:179} INFO - Processing /Users/rtewelde/airflow_venv/lib/python3.11/site-packages/airflow/example_dags/example_task_group_decorator.py took 0.310 seconds
[2024-09-21T21:55:18.696+0100] {processor.py:157} INFO - Started process (PID=27640) to work on /Users/rtewelde/airflow_venv/lib/python3.11/site-packages/airflow/example_dags/example_task_group_decorator.py
[2024-09-21T21:55:18.700+0100] {processor.py:829} INFO - Processing file /Users/rtewelde/airflow_venv/lib/python3.11/site-packages/airflow/example_dags/example_task_group_decorator.py for tasks to queue
[2024-09-21T21:55:18.700+0100] {logging_mixin.py:151} INFO - [2024-09-21T21:55:18.700+0100] {dagbag.py:539} INFO - Filling up the DagBag from /Users/rtewelde/airflow_venv/lib/python3.11/site-packages/airflow/example_dags/example_task_group_decorator.py
[2024-09-21T21:55:18.788+0100] {processor.py:839} INFO - DAG(s) dict_keys(['example_task_group_decorator']) retrieved from /Users/rtewelde/airflow_venv/lib/python3.11/site-packages/airflow/example_dags/example_task_group_decorator.py
[2024-09-21T21:55:18.954+0100] {logging_mixin.py:151} INFO - [2024-09-21T21:55:18.954+0100] {dag.py:2907} INFO - Sync 1 DAGs
[2024-09-21T21:55:18.969+0100] {logging_mixin.py:151} INFO - [2024-09-21T21:55:18.969+0100] {dag.py:3677} INFO - Setting next_dagrun for example_task_group_decorator to 2024-09-20T20:55:18.968891+00:00, run_after=2024-09-21T20:55:18.968891+00:00
[2024-09-21T21:55:18.989+0100] {processor.py:179} INFO - Processing /Users/rtewelde/airflow_venv/lib/python3.11/site-packages/airflow/example_dags/example_task_group_decorator.py took 0.294 seconds
[2024-09-21T21:56:34.862+0100] {processor.py:157} INFO - Started process (PID=28003) to work on /Users/rtewelde/airflow_venv/lib/python3.11/site-packages/airflow/example_dags/example_task_group_decorator.py
[2024-09-21T21:56:34.865+0100] {processor.py:829} INFO - Processing file /Users/rtewelde/airflow_venv/lib/python3.11/site-packages/airflow/example_dags/example_task_group_decorator.py for tasks to queue
[2024-09-21T21:56:34.865+0100] {logging_mixin.py:151} INFO - [2024-09-21T21:56:34.865+0100] {dagbag.py:539} INFO - Filling up the DagBag from /Users/rtewelde/airflow_venv/lib/python3.11/site-packages/airflow/example_dags/example_task_group_decorator.py
[2024-09-21T21:56:34.949+0100] {processor.py:839} INFO - DAG(s) dict_keys(['example_task_group_decorator']) retrieved from /Users/rtewelde/airflow_venv/lib/python3.11/site-packages/airflow/example_dags/example_task_group_decorator.py
[2024-09-21T21:56:35.100+0100] {logging_mixin.py:151} INFO - [2024-09-21T21:56:35.100+0100] {dag.py:2907} INFO - Sync 1 DAGs
[2024-09-21T21:56:35.117+0100] {logging_mixin.py:151} INFO - [2024-09-21T21:56:35.116+0100] {dag.py:3677} INFO - Setting next_dagrun for example_task_group_decorator to 2024-09-20T20:56:35.116575+00:00, run_after=2024-09-21T20:56:35.116575+00:00
[2024-09-21T21:56:35.134+0100] {processor.py:179} INFO - Processing /Users/rtewelde/airflow_venv/lib/python3.11/site-packages/airflow/example_dags/example_task_group_decorator.py took 0.274 seconds
[2024-09-21T21:57:08.392+0100] {processor.py:157} INFO - Started process (PID=28192) to work on /Users/rtewelde/airflow_venv/lib/python3.11/site-packages/airflow/example_dags/example_task_group_decorator.py
[2024-09-21T21:57:08.396+0100] {processor.py:829} INFO - Processing file /Users/rtewelde/airflow_venv/lib/python3.11/site-packages/airflow/example_dags/example_task_group_decorator.py for tasks to queue
[2024-09-21T21:57:08.396+0100] {logging_mixin.py:151} INFO - [2024-09-21T21:57:08.396+0100] {dagbag.py:539} INFO - Filling up the DagBag from /Users/rtewelde/airflow_venv/lib/python3.11/site-packages/airflow/example_dags/example_task_group_decorator.py
[2024-09-21T21:57:08.482+0100] {processor.py:839} INFO - DAG(s) dict_keys(['example_task_group_decorator']) retrieved from /Users/rtewelde/airflow_venv/lib/python3.11/site-packages/airflow/example_dags/example_task_group_decorator.py
[2024-09-21T21:57:08.639+0100] {logging_mixin.py:151} INFO - [2024-09-21T21:57:08.639+0100] {dag.py:2907} INFO - Sync 1 DAGs
[2024-09-21T21:57:08.653+0100] {logging_mixin.py:151} INFO - [2024-09-21T21:57:08.653+0100] {dag.py:3677} INFO - Setting next_dagrun for example_task_group_decorator to 2024-09-20T20:57:08.653427+00:00, run_after=2024-09-21T20:57:08.653427+00:00
[2024-09-21T21:57:08.671+0100] {processor.py:179} INFO - Processing /Users/rtewelde/airflow_venv/lib/python3.11/site-packages/airflow/example_dags/example_task_group_decorator.py took 0.280 seconds
[2024-09-21T21:58:45.698+0100] {processor.py:157} INFO - Started process (PID=28659) to work on /Users/rtewelde/airflow_venv/lib/python3.11/site-packages/airflow/example_dags/example_task_group_decorator.py
[2024-09-21T21:58:45.703+0100] {processor.py:829} INFO - Processing file /Users/rtewelde/airflow_venv/lib/python3.11/site-packages/airflow/example_dags/example_task_group_decorator.py for tasks to queue
[2024-09-21T21:58:45.703+0100] {logging_mixin.py:151} INFO - [2024-09-21T21:58:45.703+0100] {dagbag.py:539} INFO - Filling up the DagBag from /Users/rtewelde/airflow_venv/lib/python3.11/site-packages/airflow/example_dags/example_task_group_decorator.py
[2024-09-21T21:58:45.786+0100] {processor.py:839} INFO - DAG(s) dict_keys(['example_task_group_decorator']) retrieved from /Users/rtewelde/airflow_venv/lib/python3.11/site-packages/airflow/example_dags/example_task_group_decorator.py
[2024-09-21T21:58:45.932+0100] {logging_mixin.py:151} INFO - [2024-09-21T21:58:45.932+0100] {dag.py:2907} INFO - Sync 1 DAGs
[2024-09-21T21:58:45.946+0100] {logging_mixin.py:151} INFO - [2024-09-21T21:58:45.946+0100] {dag.py:3677} INFO - Setting next_dagrun for example_task_group_decorator to 2024-09-20T20:58:45.946303+00:00, run_after=2024-09-21T20:58:45.946303+00:00
[2024-09-21T21:58:45.966+0100] {processor.py:179} INFO - Processing /Users/rtewelde/airflow_venv/lib/python3.11/site-packages/airflow/example_dags/example_task_group_decorator.py took 0.268 seconds
[2024-09-21T21:59:55.251+0100] {processor.py:157} INFO - Started process (PID=28992) to work on /Users/rtewelde/airflow_venv/lib/python3.11/site-packages/airflow/example_dags/example_task_group_decorator.py
[2024-09-21T21:59:55.254+0100] {processor.py:829} INFO - Processing file /Users/rtewelde/airflow_venv/lib/python3.11/site-packages/airflow/example_dags/example_task_group_decorator.py for tasks to queue
[2024-09-21T21:59:55.255+0100] {logging_mixin.py:151} INFO - [2024-09-21T21:59:55.254+0100] {dagbag.py:539} INFO - Filling up the DagBag from /Users/rtewelde/airflow_venv/lib/python3.11/site-packages/airflow/example_dags/example_task_group_decorator.py
[2024-09-21T21:59:55.335+0100] {processor.py:839} INFO - DAG(s) dict_keys(['example_task_group_decorator']) retrieved from /Users/rtewelde/airflow_venv/lib/python3.11/site-packages/airflow/example_dags/example_task_group_decorator.py
[2024-09-21T21:59:55.494+0100] {logging_mixin.py:151} INFO - [2024-09-21T21:59:55.493+0100] {dag.py:2907} INFO - Sync 1 DAGs
[2024-09-21T21:59:55.508+0100] {logging_mixin.py:151} INFO - [2024-09-21T21:59:55.507+0100] {dag.py:3677} INFO - Setting next_dagrun for example_task_group_decorator to 2024-09-20T20:59:55.507710+00:00, run_after=2024-09-21T20:59:55.507710+00:00
[2024-09-21T21:59:55.528+0100] {processor.py:179} INFO - Processing /Users/rtewelde/airflow_venv/lib/python3.11/site-packages/airflow/example_dags/example_task_group_decorator.py took 0.277 seconds
