[2024-09-21T21:51:44.549+0100] {processor.py:157} INFO - Started process (PID=26401) to work on /Users/rtewelde/airflow_venv/lib/python3.11/site-packages/airflow/example_dags/example_time_delta_sensor_async.py
[2024-09-21T21:51:44.553+0100] {processor.py:829} INFO - Processing file /Users/rtewelde/airflow_venv/lib/python3.11/site-packages/airflow/example_dags/example_time_delta_sensor_async.py for tasks to queue
[2024-09-21T21:51:44.554+0100] {logging_mixin.py:151} INFO - [2024-09-21T21:51:44.554+0100] {dagbag.py:539} INFO - Filling up the DagBag from /Users/rtewelde/airflow_venv/lib/python3.11/site-packages/airflow/example_dags/example_time_delta_sensor_async.py
[2024-09-21T21:51:44.575+0100] {processor.py:839} INFO - DAG(s) dict_keys(['example_time_delta_sensor_async']) retrieved from /Users/rtewelde/airflow_venv/lib/python3.11/site-packages/airflow/example_dags/example_time_delta_sensor_async.py
[2024-09-21T21:51:45.402+0100] {logging_mixin.py:151} INFO - [2024-09-21T21:51:45.402+0100] {manager.py:501} INFO - Created Permission View: can delete on DAG:example_time_delta_sensor_async
[2024-09-21T21:51:45.411+0100] {logging_mixin.py:151} INFO - [2024-09-21T21:51:45.411+0100] {manager.py:501} INFO - Created Permission View: can read on DAG:example_time_delta_sensor_async
[2024-09-21T21:51:45.416+0100] {logging_mixin.py:151} INFO - [2024-09-21T21:51:45.416+0100] {manager.py:501} INFO - Created Permission View: can edit on DAG:example_time_delta_sensor_async
[2024-09-21T21:51:45.426+0100] {logging_mixin.py:151} INFO - [2024-09-21T21:51:45.425+0100] {dag.py:2907} INFO - Sync 1 DAGs
[2024-09-21T21:51:45.435+0100] {logging_mixin.py:151} INFO - [2024-09-21T21:51:45.435+0100] {dag.py:2929} INFO - Creating ORM DAG for example_time_delta_sensor_async
[2024-09-21T21:51:45.436+0100] {logging_mixin.py:151} INFO - [2024-09-21T21:51:45.435+0100] {dag.py:3677} INFO - Setting next_dagrun for example_time_delta_sensor_async to None, run_after=None
[2024-09-21T21:51:45.453+0100] {processor.py:179} INFO - Processing /Users/rtewelde/airflow_venv/lib/python3.11/site-packages/airflow/example_dags/example_time_delta_sensor_async.py took 0.904 seconds
[2024-09-21T21:53:26.102+0100] {processor.py:157} INFO - Started process (PID=26973) to work on /Users/rtewelde/airflow_venv/lib/python3.11/site-packages/airflow/example_dags/example_time_delta_sensor_async.py
[2024-09-21T21:53:26.106+0100] {processor.py:829} INFO - Processing file /Users/rtewelde/airflow_venv/lib/python3.11/site-packages/airflow/example_dags/example_time_delta_sensor_async.py for tasks to queue
[2024-09-21T21:53:26.107+0100] {logging_mixin.py:151} INFO - [2024-09-21T21:53:26.106+0100] {dagbag.py:539} INFO - Filling up the DagBag from /Users/rtewelde/airflow_venv/lib/python3.11/site-packages/airflow/example_dags/example_time_delta_sensor_async.py
[2024-09-21T21:53:26.124+0100] {processor.py:839} INFO - DAG(s) dict_keys(['example_time_delta_sensor_async']) retrieved from /Users/rtewelde/airflow_venv/lib/python3.11/site-packages/airflow/example_dags/example_time_delta_sensor_async.py
[2024-09-21T21:53:26.323+0100] {logging_mixin.py:151} INFO - [2024-09-21T21:53:26.323+0100] {dag.py:2907} INFO - Sync 1 DAGs
[2024-09-21T21:53:26.332+0100] {logging_mixin.py:151} INFO - [2024-09-21T21:53:26.331+0100] {dag.py:3677} INFO - Setting next_dagrun for example_time_delta_sensor_async to None, run_after=None
[2024-09-21T21:53:26.349+0100] {processor.py:179} INFO - Processing /Users/rtewelde/airflow_venv/lib/python3.11/site-packages/airflow/example_dags/example_time_delta_sensor_async.py took 0.248 seconds
[2024-09-21T21:55:16.347+0100] {processor.py:157} INFO - Started process (PID=27628) to work on /Users/rtewelde/airflow_venv/lib/python3.11/site-packages/airflow/example_dags/example_time_delta_sensor_async.py
[2024-09-21T21:55:16.350+0100] {processor.py:829} INFO - Processing file /Users/rtewelde/airflow_venv/lib/python3.11/site-packages/airflow/example_dags/example_time_delta_sensor_async.py for tasks to queue
[2024-09-21T21:55:16.350+0100] {logging_mixin.py:151} INFO - [2024-09-21T21:55:16.350+0100] {dagbag.py:539} INFO - Filling up the DagBag from /Users/rtewelde/airflow_venv/lib/python3.11/site-packages/airflow/example_dags/example_time_delta_sensor_async.py
[2024-09-21T21:55:16.368+0100] {processor.py:839} INFO - DAG(s) dict_keys(['example_time_delta_sensor_async']) retrieved from /Users/rtewelde/airflow_venv/lib/python3.11/site-packages/airflow/example_dags/example_time_delta_sensor_async.py
[2024-09-21T21:55:16.564+0100] {logging_mixin.py:151} INFO - [2024-09-21T21:55:16.564+0100] {dag.py:2907} INFO - Sync 1 DAGs
[2024-09-21T21:55:16.573+0100] {logging_mixin.py:151} INFO - [2024-09-21T21:55:16.572+0100] {dag.py:3677} INFO - Setting next_dagrun for example_time_delta_sensor_async to None, run_after=None
[2024-09-21T21:55:16.589+0100] {processor.py:179} INFO - Processing /Users/rtewelde/airflow_venv/lib/python3.11/site-packages/airflow/example_dags/example_time_delta_sensor_async.py took 0.243 seconds
[2024-09-21T21:56:32.537+0100] {processor.py:157} INFO - Started process (PID=27988) to work on /Users/rtewelde/airflow_venv/lib/python3.11/site-packages/airflow/example_dags/example_time_delta_sensor_async.py
[2024-09-21T21:56:32.540+0100] {processor.py:829} INFO - Processing file /Users/rtewelde/airflow_venv/lib/python3.11/site-packages/airflow/example_dags/example_time_delta_sensor_async.py for tasks to queue
[2024-09-21T21:56:32.541+0100] {logging_mixin.py:151} INFO - [2024-09-21T21:56:32.541+0100] {dagbag.py:539} INFO - Filling up the DagBag from /Users/rtewelde/airflow_venv/lib/python3.11/site-packages/airflow/example_dags/example_time_delta_sensor_async.py
[2024-09-21T21:56:32.559+0100] {processor.py:839} INFO - DAG(s) dict_keys(['example_time_delta_sensor_async']) retrieved from /Users/rtewelde/airflow_venv/lib/python3.11/site-packages/airflow/example_dags/example_time_delta_sensor_async.py
[2024-09-21T21:56:32.755+0100] {logging_mixin.py:151} INFO - [2024-09-21T21:56:32.754+0100] {dag.py:2907} INFO - Sync 1 DAGs
[2024-09-21T21:56:32.763+0100] {logging_mixin.py:151} INFO - [2024-09-21T21:56:32.762+0100] {dag.py:3677} INFO - Setting next_dagrun for example_time_delta_sensor_async to None, run_after=None
[2024-09-21T21:56:32.781+0100] {processor.py:179} INFO - Processing /Users/rtewelde/airflow_venv/lib/python3.11/site-packages/airflow/example_dags/example_time_delta_sensor_async.py took 0.245 seconds
[2024-09-21T21:57:06.059+0100] {processor.py:157} INFO - Started process (PID=28183) to work on /Users/rtewelde/airflow_venv/lib/python3.11/site-packages/airflow/example_dags/example_time_delta_sensor_async.py
[2024-09-21T21:57:06.063+0100] {processor.py:829} INFO - Processing file /Users/rtewelde/airflow_venv/lib/python3.11/site-packages/airflow/example_dags/example_time_delta_sensor_async.py for tasks to queue
[2024-09-21T21:57:06.063+0100] {logging_mixin.py:151} INFO - [2024-09-21T21:57:06.063+0100] {dagbag.py:539} INFO - Filling up the DagBag from /Users/rtewelde/airflow_venv/lib/python3.11/site-packages/airflow/example_dags/example_time_delta_sensor_async.py
[2024-09-21T21:57:06.083+0100] {processor.py:839} INFO - DAG(s) dict_keys(['example_time_delta_sensor_async']) retrieved from /Users/rtewelde/airflow_venv/lib/python3.11/site-packages/airflow/example_dags/example_time_delta_sensor_async.py
[2024-09-21T21:57:06.289+0100] {logging_mixin.py:151} INFO - [2024-09-21T21:57:06.288+0100] {dag.py:2907} INFO - Sync 1 DAGs
[2024-09-21T21:57:06.297+0100] {logging_mixin.py:151} INFO - [2024-09-21T21:57:06.297+0100] {dag.py:3677} INFO - Setting next_dagrun for example_time_delta_sensor_async to None, run_after=None
[2024-09-21T21:57:06.315+0100] {processor.py:179} INFO - Processing /Users/rtewelde/airflow_venv/lib/python3.11/site-packages/airflow/example_dags/example_time_delta_sensor_async.py took 0.258 seconds
[2024-09-21T21:58:44.306+0100] {processor.py:157} INFO - Started process (PID=28650) to work on /Users/rtewelde/airflow_venv/lib/python3.11/site-packages/airflow/example_dags/example_time_delta_sensor_async.py
[2024-09-21T21:58:44.310+0100] {processor.py:829} INFO - Processing file /Users/rtewelde/airflow_venv/lib/python3.11/site-packages/airflow/example_dags/example_time_delta_sensor_async.py for tasks to queue
[2024-09-21T21:58:44.311+0100] {logging_mixin.py:151} INFO - [2024-09-21T21:58:44.311+0100] {dagbag.py:539} INFO - Filling up the DagBag from /Users/rtewelde/airflow_venv/lib/python3.11/site-packages/airflow/example_dags/example_time_delta_sensor_async.py
[2024-09-21T21:58:44.329+0100] {processor.py:839} INFO - DAG(s) dict_keys(['example_time_delta_sensor_async']) retrieved from /Users/rtewelde/airflow_venv/lib/python3.11/site-packages/airflow/example_dags/example_time_delta_sensor_async.py
[2024-09-21T21:58:44.523+0100] {logging_mixin.py:151} INFO - [2024-09-21T21:58:44.523+0100] {dag.py:2907} INFO - Sync 1 DAGs
[2024-09-21T21:58:44.531+0100] {logging_mixin.py:151} INFO - [2024-09-21T21:58:44.531+0100] {dag.py:3677} INFO - Setting next_dagrun for example_time_delta_sensor_async to None, run_after=None
[2024-09-21T21:58:44.548+0100] {processor.py:179} INFO - Processing /Users/rtewelde/airflow_venv/lib/python3.11/site-packages/airflow/example_dags/example_time_delta_sensor_async.py took 0.243 seconds
[2024-09-21T21:59:52.958+0100] {processor.py:157} INFO - Started process (PID=28972) to work on /Users/rtewelde/airflow_venv/lib/python3.11/site-packages/airflow/example_dags/example_time_delta_sensor_async.py
[2024-09-21T21:59:52.962+0100] {processor.py:829} INFO - Processing file /Users/rtewelde/airflow_venv/lib/python3.11/site-packages/airflow/example_dags/example_time_delta_sensor_async.py for tasks to queue
[2024-09-21T21:59:52.962+0100] {logging_mixin.py:151} INFO - [2024-09-21T21:59:52.962+0100] {dagbag.py:539} INFO - Filling up the DagBag from /Users/rtewelde/airflow_venv/lib/python3.11/site-packages/airflow/example_dags/example_time_delta_sensor_async.py
[2024-09-21T21:59:52.980+0100] {processor.py:839} INFO - DAG(s) dict_keys(['example_time_delta_sensor_async']) retrieved from /Users/rtewelde/airflow_venv/lib/python3.11/site-packages/airflow/example_dags/example_time_delta_sensor_async.py
[2024-09-21T21:59:53.182+0100] {logging_mixin.py:151} INFO - [2024-09-21T21:59:53.181+0100] {dag.py:2907} INFO - Sync 1 DAGs
[2024-09-21T21:59:53.190+0100] {logging_mixin.py:151} INFO - [2024-09-21T21:59:53.189+0100] {dag.py:3677} INFO - Setting next_dagrun for example_time_delta_sensor_async to None, run_after=None
[2024-09-21T21:59:53.205+0100] {processor.py:179} INFO - Processing /Users/rtewelde/airflow_venv/lib/python3.11/site-packages/airflow/example_dags/example_time_delta_sensor_async.py took 0.248 seconds
