[2024-09-21T21:51:41.908+0100] {processor.py:157} INFO - Started process (PID=26390) to work on /Users/rtewelde/airflow_venv/lib/python3.11/site-packages/airflow/example_dags/example_trigger_controller_dag.py
[2024-09-21T21:51:41.912+0100] {processor.py:829} INFO - Processing file /Users/rtewelde/airflow_venv/lib/python3.11/site-packages/airflow/example_dags/example_trigger_controller_dag.py for tasks to queue
[2024-09-21T21:51:41.912+0100] {logging_mixin.py:151} INFO - [2024-09-21T21:51:41.912+0100] {dagbag.py:539} INFO - Filling up the DagBag from /Users/rtewelde/airflow_venv/lib/python3.11/site-packages/airflow/example_dags/example_trigger_controller_dag.py
[2024-09-21T21:51:41.932+0100] {processor.py:839} INFO - DAG(s) dict_keys(['example_trigger_controller_dag']) retrieved from /Users/rtewelde/airflow_venv/lib/python3.11/site-packages/airflow/example_dags/example_trigger_controller_dag.py
[2024-09-21T21:51:42.757+0100] {logging_mixin.py:151} INFO - [2024-09-21T21:51:42.757+0100] {manager.py:501} INFO - Created Permission View: can edit on DAG:example_trigger_controller_dag
[2024-09-21T21:51:42.765+0100] {logging_mixin.py:151} INFO - [2024-09-21T21:51:42.764+0100] {manager.py:501} INFO - Created Permission View: can read on DAG:example_trigger_controller_dag
[2024-09-21T21:51:42.770+0100] {logging_mixin.py:151} INFO - [2024-09-21T21:51:42.770+0100] {manager.py:501} INFO - Created Permission View: can delete on DAG:example_trigger_controller_dag
[2024-09-21T21:51:42.778+0100] {logging_mixin.py:151} INFO - [2024-09-21T21:51:42.778+0100] {dag.py:2907} INFO - Sync 1 DAGs
[2024-09-21T21:51:42.786+0100] {logging_mixin.py:151} INFO - [2024-09-21T21:51:42.786+0100] {dag.py:2929} INFO - Creating ORM DAG for example_trigger_controller_dag
[2024-09-21T21:51:42.794+0100] {logging_mixin.py:151} INFO - [2024-09-21T21:51:42.794+0100] {dag.py:3677} INFO - Setting next_dagrun for example_trigger_controller_dag to 2021-01-01T00:00:00+00:00, run_after=2021-01-01T00:00:00+00:00
[2024-09-21T21:51:42.809+0100] {processor.py:179} INFO - Processing /Users/rtewelde/airflow_venv/lib/python3.11/site-packages/airflow/example_dags/example_trigger_controller_dag.py took 0.903 seconds
[2024-09-21T21:53:23.756+0100] {processor.py:157} INFO - Started process (PID=26953) to work on /Users/rtewelde/airflow_venv/lib/python3.11/site-packages/airflow/example_dags/example_trigger_controller_dag.py
[2024-09-21T21:53:23.759+0100] {processor.py:829} INFO - Processing file /Users/rtewelde/airflow_venv/lib/python3.11/site-packages/airflow/example_dags/example_trigger_controller_dag.py for tasks to queue
[2024-09-21T21:53:23.760+0100] {logging_mixin.py:151} INFO - [2024-09-21T21:53:23.760+0100] {dagbag.py:539} INFO - Filling up the DagBag from /Users/rtewelde/airflow_venv/lib/python3.11/site-packages/airflow/example_dags/example_trigger_controller_dag.py
[2024-09-21T21:53:23.781+0100] {processor.py:839} INFO - DAG(s) dict_keys(['example_trigger_controller_dag']) retrieved from /Users/rtewelde/airflow_venv/lib/python3.11/site-packages/airflow/example_dags/example_trigger_controller_dag.py
[2024-09-21T21:53:23.979+0100] {logging_mixin.py:151} INFO - [2024-09-21T21:53:23.978+0100] {dag.py:2907} INFO - Sync 1 DAGs
[2024-09-21T21:53:23.997+0100] {logging_mixin.py:151} INFO - [2024-09-21T21:53:23.996+0100] {dag.py:3677} INFO - Setting next_dagrun for example_trigger_controller_dag to 2021-01-01T00:00:00+00:00, run_after=2021-01-01T00:00:00+00:00
[2024-09-21T21:53:24.014+0100] {processor.py:179} INFO - Processing /Users/rtewelde/airflow_venv/lib/python3.11/site-packages/airflow/example_dags/example_trigger_controller_dag.py took 0.260 seconds
[2024-09-21T21:55:13.972+0100] {processor.py:157} INFO - Started process (PID=27616) to work on /Users/rtewelde/airflow_venv/lib/python3.11/site-packages/airflow/example_dags/example_trigger_controller_dag.py
[2024-09-21T21:55:13.976+0100] {processor.py:829} INFO - Processing file /Users/rtewelde/airflow_venv/lib/python3.11/site-packages/airflow/example_dags/example_trigger_controller_dag.py for tasks to queue
[2024-09-21T21:55:13.977+0100] {logging_mixin.py:151} INFO - [2024-09-21T21:55:13.977+0100] {dagbag.py:539} INFO - Filling up the DagBag from /Users/rtewelde/airflow_venv/lib/python3.11/site-packages/airflow/example_dags/example_trigger_controller_dag.py
[2024-09-21T21:55:13.996+0100] {processor.py:839} INFO - DAG(s) dict_keys(['example_trigger_controller_dag']) retrieved from /Users/rtewelde/airflow_venv/lib/python3.11/site-packages/airflow/example_dags/example_trigger_controller_dag.py
[2024-09-21T21:55:14.178+0100] {logging_mixin.py:151} INFO - [2024-09-21T21:55:14.178+0100] {dag.py:2907} INFO - Sync 1 DAGs
[2024-09-21T21:55:14.194+0100] {logging_mixin.py:151} INFO - [2024-09-21T21:55:14.193+0100] {dag.py:3677} INFO - Setting next_dagrun for example_trigger_controller_dag to 2021-01-01T00:00:00+00:00, run_after=2021-01-01T00:00:00+00:00
[2024-09-21T21:55:14.210+0100] {processor.py:179} INFO - Processing /Users/rtewelde/airflow_venv/lib/python3.11/site-packages/airflow/example_dags/example_trigger_controller_dag.py took 0.239 seconds
[2024-09-21T21:56:30.096+0100] {processor.py:157} INFO - Started process (PID=27979) to work on /Users/rtewelde/airflow_venv/lib/python3.11/site-packages/airflow/example_dags/example_trigger_controller_dag.py
[2024-09-21T21:56:30.100+0100] {processor.py:829} INFO - Processing file /Users/rtewelde/airflow_venv/lib/python3.11/site-packages/airflow/example_dags/example_trigger_controller_dag.py for tasks to queue
[2024-09-21T21:56:30.100+0100] {logging_mixin.py:151} INFO - [2024-09-21T21:56:30.100+0100] {dagbag.py:539} INFO - Filling up the DagBag from /Users/rtewelde/airflow_venv/lib/python3.11/site-packages/airflow/example_dags/example_trigger_controller_dag.py
[2024-09-21T21:56:30.119+0100] {processor.py:839} INFO - DAG(s) dict_keys(['example_trigger_controller_dag']) retrieved from /Users/rtewelde/airflow_venv/lib/python3.11/site-packages/airflow/example_dags/example_trigger_controller_dag.py
[2024-09-21T21:56:30.356+0100] {logging_mixin.py:151} INFO - [2024-09-21T21:56:30.356+0100] {dag.py:2907} INFO - Sync 1 DAGs
[2024-09-21T21:56:30.374+0100] {logging_mixin.py:151} INFO - [2024-09-21T21:56:30.374+0100] {dag.py:3677} INFO - Setting next_dagrun for example_trigger_controller_dag to 2021-01-01T00:00:00+00:00, run_after=2021-01-01T00:00:00+00:00
[2024-09-21T21:56:30.392+0100] {processor.py:179} INFO - Processing /Users/rtewelde/airflow_venv/lib/python3.11/site-packages/airflow/example_dags/example_trigger_controller_dag.py took 0.296 seconds
[2024-09-21T21:57:03.765+0100] {processor.py:157} INFO - Started process (PID=28170) to work on /Users/rtewelde/airflow_venv/lib/python3.11/site-packages/airflow/example_dags/example_trigger_controller_dag.py
[2024-09-21T21:57:03.769+0100] {processor.py:829} INFO - Processing file /Users/rtewelde/airflow_venv/lib/python3.11/site-packages/airflow/example_dags/example_trigger_controller_dag.py for tasks to queue
[2024-09-21T21:57:03.769+0100] {logging_mixin.py:151} INFO - [2024-09-21T21:57:03.769+0100] {dagbag.py:539} INFO - Filling up the DagBag from /Users/rtewelde/airflow_venv/lib/python3.11/site-packages/airflow/example_dags/example_trigger_controller_dag.py
[2024-09-21T21:57:03.789+0100] {processor.py:839} INFO - DAG(s) dict_keys(['example_trigger_controller_dag']) retrieved from /Users/rtewelde/airflow_venv/lib/python3.11/site-packages/airflow/example_dags/example_trigger_controller_dag.py
[2024-09-21T21:57:03.983+0100] {logging_mixin.py:151} INFO - [2024-09-21T21:57:03.983+0100] {dag.py:2907} INFO - Sync 1 DAGs
[2024-09-21T21:57:03.998+0100] {logging_mixin.py:151} INFO - [2024-09-21T21:57:03.998+0100] {dag.py:3677} INFO - Setting next_dagrun for example_trigger_controller_dag to 2021-01-01T00:00:00+00:00, run_after=2021-01-01T00:00:00+00:00
[2024-09-21T21:57:04.015+0100] {processor.py:179} INFO - Processing /Users/rtewelde/airflow_venv/lib/python3.11/site-packages/airflow/example_dags/example_trigger_controller_dag.py took 0.251 seconds
[2024-09-21T21:58:41.988+0100] {processor.py:157} INFO - Started process (PID=28638) to work on /Users/rtewelde/airflow_venv/lib/python3.11/site-packages/airflow/example_dags/example_trigger_controller_dag.py
[2024-09-21T21:58:41.992+0100] {processor.py:829} INFO - Processing file /Users/rtewelde/airflow_venv/lib/python3.11/site-packages/airflow/example_dags/example_trigger_controller_dag.py for tasks to queue
[2024-09-21T21:58:41.993+0100] {logging_mixin.py:151} INFO - [2024-09-21T21:58:41.993+0100] {dagbag.py:539} INFO - Filling up the DagBag from /Users/rtewelde/airflow_venv/lib/python3.11/site-packages/airflow/example_dags/example_trigger_controller_dag.py
[2024-09-21T21:58:42.014+0100] {processor.py:839} INFO - DAG(s) dict_keys(['example_trigger_controller_dag']) retrieved from /Users/rtewelde/airflow_venv/lib/python3.11/site-packages/airflow/example_dags/example_trigger_controller_dag.py
[2024-09-21T21:58:42.204+0100] {logging_mixin.py:151} INFO - [2024-09-21T21:58:42.203+0100] {dag.py:2907} INFO - Sync 1 DAGs
[2024-09-21T21:58:42.221+0100] {logging_mixin.py:151} INFO - [2024-09-21T21:58:42.220+0100] {dag.py:3677} INFO - Setting next_dagrun for example_trigger_controller_dag to 2021-01-01T00:00:00+00:00, run_after=2021-01-01T00:00:00+00:00
[2024-09-21T21:58:42.241+0100] {processor.py:179} INFO - Processing /Users/rtewelde/airflow_venv/lib/python3.11/site-packages/airflow/example_dags/example_trigger_controller_dag.py took 0.254 seconds
[2024-09-21T21:59:50.658+0100] {processor.py:157} INFO - Started process (PID=28963) to work on /Users/rtewelde/airflow_venv/lib/python3.11/site-packages/airflow/example_dags/example_trigger_controller_dag.py
[2024-09-21T21:59:50.661+0100] {processor.py:829} INFO - Processing file /Users/rtewelde/airflow_venv/lib/python3.11/site-packages/airflow/example_dags/example_trigger_controller_dag.py for tasks to queue
[2024-09-21T21:59:50.662+0100] {logging_mixin.py:151} INFO - [2024-09-21T21:59:50.661+0100] {dagbag.py:539} INFO - Filling up the DagBag from /Users/rtewelde/airflow_venv/lib/python3.11/site-packages/airflow/example_dags/example_trigger_controller_dag.py
[2024-09-21T21:59:50.681+0100] {processor.py:839} INFO - DAG(s) dict_keys(['example_trigger_controller_dag']) retrieved from /Users/rtewelde/airflow_venv/lib/python3.11/site-packages/airflow/example_dags/example_trigger_controller_dag.py
[2024-09-21T21:59:50.861+0100] {logging_mixin.py:151} INFO - [2024-09-21T21:59:50.860+0100] {dag.py:2907} INFO - Sync 1 DAGs
[2024-09-21T21:59:50.875+0100] {logging_mixin.py:151} INFO - [2024-09-21T21:59:50.875+0100] {dag.py:3677} INFO - Setting next_dagrun for example_trigger_controller_dag to 2021-01-01T00:00:00+00:00, run_after=2021-01-01T00:00:00+00:00
[2024-09-21T21:59:50.891+0100] {processor.py:179} INFO - Processing /Users/rtewelde/airflow_venv/lib/python3.11/site-packages/airflow/example_dags/example_trigger_controller_dag.py took 0.234 seconds
