[2024-09-21T21:52:17.467+0100] {processor.py:157} INFO - Started process (PID=26548) to work on /Users/rtewelde/airflow_venv/lib/python3.11/site-packages/airflow/example_dags/example_sensor_decorator.py
[2024-09-21T21:52:17.471+0100] {processor.py:829} INFO - Processing file /Users/rtewelde/airflow_venv/lib/python3.11/site-packages/airflow/example_dags/example_sensor_decorator.py for tasks to queue
[2024-09-21T21:52:17.471+0100] {logging_mixin.py:151} INFO - [2024-09-21T21:52:17.471+0100] {dagbag.py:539} INFO - Filling up the DagBag from /Users/rtewelde/airflow_venv/lib/python3.11/site-packages/airflow/example_dags/example_sensor_decorator.py
[2024-09-21T21:52:17.553+0100] {processor.py:839} INFO - DAG(s) dict_keys(['example_sensor_decorator']) retrieved from /Users/rtewelde/airflow_venv/lib/python3.11/site-packages/airflow/example_dags/example_sensor_decorator.py
[2024-09-21T21:52:18.362+0100] {logging_mixin.py:151} INFO - [2024-09-21T21:52:18.361+0100] {manager.py:501} INFO - Created Permission View: can read on DAG:example_sensor_decorator
[2024-09-21T21:52:18.370+0100] {logging_mixin.py:151} INFO - [2024-09-21T21:52:18.370+0100] {manager.py:501} INFO - Created Permission View: can edit on DAG:example_sensor_decorator
[2024-09-21T21:52:18.376+0100] {logging_mixin.py:151} INFO - [2024-09-21T21:52:18.375+0100] {manager.py:501} INFO - Created Permission View: can delete on DAG:example_sensor_decorator
[2024-09-21T21:52:18.387+0100] {logging_mixin.py:151} INFO - [2024-09-21T21:52:18.386+0100] {dag.py:2907} INFO - Sync 1 DAGs
[2024-09-21T21:52:18.394+0100] {logging_mixin.py:151} INFO - [2024-09-21T21:52:18.394+0100] {dag.py:2929} INFO - Creating ORM DAG for example_sensor_decorator
[2024-09-21T21:52:18.395+0100] {logging_mixin.py:151} INFO - [2024-09-21T21:52:18.395+0100] {dag.py:3677} INFO - Setting next_dagrun for example_sensor_decorator to None, run_after=None
[2024-09-21T21:52:18.411+0100] {processor.py:179} INFO - Processing /Users/rtewelde/airflow_venv/lib/python3.11/site-packages/airflow/example_dags/example_sensor_decorator.py took 0.945 seconds
[2024-09-21T21:53:49.344+0100] {processor.py:157} INFO - Started process (PID=27150) to work on /Users/rtewelde/airflow_venv/lib/python3.11/site-packages/airflow/example_dags/example_sensor_decorator.py
[2024-09-21T21:53:49.348+0100] {processor.py:829} INFO - Processing file /Users/rtewelde/airflow_venv/lib/python3.11/site-packages/airflow/example_dags/example_sensor_decorator.py for tasks to queue
[2024-09-21T21:53:49.349+0100] {logging_mixin.py:151} INFO - [2024-09-21T21:53:49.349+0100] {dagbag.py:539} INFO - Filling up the DagBag from /Users/rtewelde/airflow_venv/lib/python3.11/site-packages/airflow/example_dags/example_sensor_decorator.py
[2024-09-21T21:53:49.426+0100] {processor.py:839} INFO - DAG(s) dict_keys(['example_sensor_decorator']) retrieved from /Users/rtewelde/airflow_venv/lib/python3.11/site-packages/airflow/example_dags/example_sensor_decorator.py
[2024-09-21T21:53:49.582+0100] {logging_mixin.py:151} INFO - [2024-09-21T21:53:49.582+0100] {dag.py:2907} INFO - Sync 1 DAGs
[2024-09-21T21:53:49.590+0100] {logging_mixin.py:151} INFO - [2024-09-21T21:53:49.590+0100] {dag.py:3677} INFO - Setting next_dagrun for example_sensor_decorator to None, run_after=None
[2024-09-21T21:53:49.608+0100] {processor.py:179} INFO - Processing /Users/rtewelde/airflow_venv/lib/python3.11/site-packages/airflow/example_dags/example_sensor_decorator.py took 0.266 seconds
[2024-09-21T21:55:39.431+0100] {processor.py:157} INFO - Started process (PID=27738) to work on /Users/rtewelde/airflow_venv/lib/python3.11/site-packages/airflow/example_dags/example_sensor_decorator.py
[2024-09-21T21:55:39.434+0100] {processor.py:829} INFO - Processing file /Users/rtewelde/airflow_venv/lib/python3.11/site-packages/airflow/example_dags/example_sensor_decorator.py for tasks to queue
[2024-09-21T21:55:39.435+0100] {logging_mixin.py:151} INFO - [2024-09-21T21:55:39.435+0100] {dagbag.py:539} INFO - Filling up the DagBag from /Users/rtewelde/airflow_venv/lib/python3.11/site-packages/airflow/example_dags/example_sensor_decorator.py
[2024-09-21T21:55:39.507+0100] {processor.py:839} INFO - DAG(s) dict_keys(['example_sensor_decorator']) retrieved from /Users/rtewelde/airflow_venv/lib/python3.11/site-packages/airflow/example_dags/example_sensor_decorator.py
[2024-09-21T21:55:39.657+0100] {logging_mixin.py:151} INFO - [2024-09-21T21:55:39.657+0100] {dag.py:2907} INFO - Sync 1 DAGs
[2024-09-21T21:55:39.665+0100] {logging_mixin.py:151} INFO - [2024-09-21T21:55:39.665+0100] {dag.py:3677} INFO - Setting next_dagrun for example_sensor_decorator to None, run_after=None
[2024-09-21T21:55:39.685+0100] {processor.py:179} INFO - Processing /Users/rtewelde/airflow_venv/lib/python3.11/site-packages/airflow/example_dags/example_sensor_decorator.py took 0.255 seconds
[2024-09-21T21:57:29.264+0100] {processor.py:157} INFO - Started process (PID=28289) to work on /Users/rtewelde/airflow_venv/lib/python3.11/site-packages/airflow/example_dags/example_sensor_decorator.py
[2024-09-21T21:57:29.268+0100] {processor.py:829} INFO - Processing file /Users/rtewelde/airflow_venv/lib/python3.11/site-packages/airflow/example_dags/example_sensor_decorator.py for tasks to queue
[2024-09-21T21:57:29.269+0100] {logging_mixin.py:151} INFO - [2024-09-21T21:57:29.268+0100] {dagbag.py:539} INFO - Filling up the DagBag from /Users/rtewelde/airflow_venv/lib/python3.11/site-packages/airflow/example_dags/example_sensor_decorator.py
[2024-09-21T21:57:29.344+0100] {processor.py:839} INFO - DAG(s) dict_keys(['example_sensor_decorator']) retrieved from /Users/rtewelde/airflow_venv/lib/python3.11/site-packages/airflow/example_dags/example_sensor_decorator.py
[2024-09-21T21:57:29.507+0100] {logging_mixin.py:151} INFO - [2024-09-21T21:57:29.507+0100] {dag.py:2907} INFO - Sync 1 DAGs
[2024-09-21T21:57:29.516+0100] {logging_mixin.py:151} INFO - [2024-09-21T21:57:29.516+0100] {dag.py:3677} INFO - Setting next_dagrun for example_sensor_decorator to None, run_after=None
[2024-09-21T21:57:29.535+0100] {processor.py:179} INFO - Processing /Users/rtewelde/airflow_venv/lib/python3.11/site-packages/airflow/example_dags/example_sensor_decorator.py took 0.272 seconds
[2024-09-21T21:59:06.648+0100] {processor.py:157} INFO - Started process (PID=28758) to work on /Users/rtewelde/airflow_venv/lib/python3.11/site-packages/airflow/example_dags/example_sensor_decorator.py
[2024-09-21T21:59:06.652+0100] {processor.py:829} INFO - Processing file /Users/rtewelde/airflow_venv/lib/python3.11/site-packages/airflow/example_dags/example_sensor_decorator.py for tasks to queue
[2024-09-21T21:59:06.653+0100] {logging_mixin.py:151} INFO - [2024-09-21T21:59:06.653+0100] {dagbag.py:539} INFO - Filling up the DagBag from /Users/rtewelde/airflow_venv/lib/python3.11/site-packages/airflow/example_dags/example_sensor_decorator.py
[2024-09-21T21:59:06.729+0100] {processor.py:839} INFO - DAG(s) dict_keys(['example_sensor_decorator']) retrieved from /Users/rtewelde/airflow_venv/lib/python3.11/site-packages/airflow/example_dags/example_sensor_decorator.py
[2024-09-21T21:59:06.882+0100] {logging_mixin.py:151} INFO - [2024-09-21T21:59:06.882+0100] {dag.py:2907} INFO - Sync 1 DAGs
[2024-09-21T21:59:06.890+0100] {logging_mixin.py:151} INFO - [2024-09-21T21:59:06.890+0100] {dag.py:3677} INFO - Setting next_dagrun for example_sensor_decorator to None, run_after=None
[2024-09-21T21:59:06.908+0100] {processor.py:179} INFO - Processing /Users/rtewelde/airflow_venv/lib/python3.11/site-packages/airflow/example_dags/example_sensor_decorator.py took 0.261 seconds
