[2024-09-21T21:52:01.662+0100] {processor.py:157} INFO - Started process (PID=26481) to work on /Users/rtewelde/airflow_venv/lib/python3.11/site-packages/airflow/example_dags/example_short_circuit_operator.py
[2024-09-21T21:52:01.665+0100] {processor.py:829} INFO - Processing file /Users/rtewelde/airflow_venv/lib/python3.11/site-packages/airflow/example_dags/example_short_circuit_operator.py for tasks to queue
[2024-09-21T21:52:01.666+0100] {logging_mixin.py:151} INFO - [2024-09-21T21:52:01.666+0100] {dagbag.py:539} INFO - Filling up the DagBag from /Users/rtewelde/airflow_venv/lib/python3.11/site-packages/airflow/example_dags/example_short_circuit_operator.py
[2024-09-21T21:52:01.734+0100] {processor.py:839} INFO - DAG(s) dict_keys(['example_short_circuit_operator']) retrieved from /Users/rtewelde/airflow_venv/lib/python3.11/site-packages/airflow/example_dags/example_short_circuit_operator.py
[2024-09-21T21:52:02.489+0100] {logging_mixin.py:151} INFO - [2024-09-21T21:52:02.489+0100] {manager.py:501} INFO - Created Permission View: can read on DAG:example_short_circuit_operator
[2024-09-21T21:52:02.498+0100] {logging_mixin.py:151} INFO - [2024-09-21T21:52:02.498+0100] {manager.py:501} INFO - Created Permission View: can delete on DAG:example_short_circuit_operator
[2024-09-21T21:52:02.504+0100] {logging_mixin.py:151} INFO - [2024-09-21T21:52:02.504+0100] {manager.py:501} INFO - Created Permission View: can edit on DAG:example_short_circuit_operator
[2024-09-21T21:52:02.512+0100] {logging_mixin.py:151} INFO - [2024-09-21T21:52:02.512+0100] {dag.py:2907} INFO - Sync 1 DAGs
[2024-09-21T21:52:02.520+0100] {logging_mixin.py:151} INFO - [2024-09-21T21:52:02.520+0100] {dag.py:2929} INFO - Creating ORM DAG for example_short_circuit_operator
[2024-09-21T21:52:02.527+0100] {logging_mixin.py:151} INFO - [2024-09-21T21:52:02.527+0100] {dag.py:3677} INFO - Setting next_dagrun for example_short_circuit_operator to 2024-09-20T20:52:02.527062+00:00, run_after=2024-09-21T20:52:02.527062+00:00
[2024-09-21T21:52:02.542+0100] {processor.py:179} INFO - Processing /Users/rtewelde/airflow_venv/lib/python3.11/site-packages/airflow/example_dags/example_short_circuit_operator.py took 0.881 seconds
[2024-09-21T21:53:39.197+0100] {processor.py:157} INFO - Started process (PID=27032) to work on /Users/rtewelde/airflow_venv/lib/python3.11/site-packages/airflow/example_dags/example_short_circuit_operator.py
[2024-09-21T21:53:39.201+0100] {processor.py:829} INFO - Processing file /Users/rtewelde/airflow_venv/lib/python3.11/site-packages/airflow/example_dags/example_short_circuit_operator.py for tasks to queue
[2024-09-21T21:53:39.202+0100] {logging_mixin.py:151} INFO - [2024-09-21T21:53:39.201+0100] {dagbag.py:539} INFO - Filling up the DagBag from /Users/rtewelde/airflow_venv/lib/python3.11/site-packages/airflow/example_dags/example_short_circuit_operator.py
[2024-09-21T21:53:39.271+0100] {processor.py:839} INFO - DAG(s) dict_keys(['example_short_circuit_operator']) retrieved from /Users/rtewelde/airflow_venv/lib/python3.11/site-packages/airflow/example_dags/example_short_circuit_operator.py
[2024-09-21T21:53:39.442+0100] {logging_mixin.py:151} INFO - [2024-09-21T21:53:39.441+0100] {dag.py:2907} INFO - Sync 1 DAGs
[2024-09-21T21:53:39.457+0100] {logging_mixin.py:151} INFO - [2024-09-21T21:53:39.457+0100] {dag.py:3677} INFO - Setting next_dagrun for example_short_circuit_operator to 2024-09-20T20:53:39.457196+00:00, run_after=2024-09-21T20:53:39.457196+00:00
[2024-09-21T21:53:39.477+0100] {processor.py:179} INFO - Processing /Users/rtewelde/airflow_venv/lib/python3.11/site-packages/airflow/example_dags/example_short_circuit_operator.py took 0.281 seconds
[2024-09-21T21:55:29.054+0100] {processor.py:157} INFO - Started process (PID=27688) to work on /Users/rtewelde/airflow_venv/lib/python3.11/site-packages/airflow/example_dags/example_short_circuit_operator.py
[2024-09-21T21:55:29.057+0100] {processor.py:829} INFO - Processing file /Users/rtewelde/airflow_venv/lib/python3.11/site-packages/airflow/example_dags/example_short_circuit_operator.py for tasks to queue
[2024-09-21T21:55:29.057+0100] {logging_mixin.py:151} INFO - [2024-09-21T21:55:29.057+0100] {dagbag.py:539} INFO - Filling up the DagBag from /Users/rtewelde/airflow_venv/lib/python3.11/site-packages/airflow/example_dags/example_short_circuit_operator.py
[2024-09-21T21:55:29.119+0100] {processor.py:839} INFO - DAG(s) dict_keys(['example_short_circuit_operator']) retrieved from /Users/rtewelde/airflow_venv/lib/python3.11/site-packages/airflow/example_dags/example_short_circuit_operator.py
[2024-09-21T21:55:29.274+0100] {logging_mixin.py:151} INFO - [2024-09-21T21:55:29.274+0100] {dag.py:2907} INFO - Sync 1 DAGs
[2024-09-21T21:55:29.289+0100] {logging_mixin.py:151} INFO - [2024-09-21T21:55:29.289+0100] {dag.py:3677} INFO - Setting next_dagrun for example_short_circuit_operator to 2024-09-20T20:55:29.289388+00:00, run_after=2024-09-21T20:55:29.289388+00:00
[2024-09-21T21:55:29.309+0100] {processor.py:179} INFO - Processing /Users/rtewelde/airflow_venv/lib/python3.11/site-packages/airflow/example_dags/example_short_circuit_operator.py took 0.256 seconds
[2024-09-21T21:57:18.967+0100] {processor.py:157} INFO - Started process (PID=28240) to work on /Users/rtewelde/airflow_venv/lib/python3.11/site-packages/airflow/example_dags/example_short_circuit_operator.py
[2024-09-21T21:57:18.971+0100] {processor.py:829} INFO - Processing file /Users/rtewelde/airflow_venv/lib/python3.11/site-packages/airflow/example_dags/example_short_circuit_operator.py for tasks to queue
[2024-09-21T21:57:18.971+0100] {logging_mixin.py:151} INFO - [2024-09-21T21:57:18.971+0100] {dagbag.py:539} INFO - Filling up the DagBag from /Users/rtewelde/airflow_venv/lib/python3.11/site-packages/airflow/example_dags/example_short_circuit_operator.py
[2024-09-21T21:57:19.038+0100] {processor.py:839} INFO - DAG(s) dict_keys(['example_short_circuit_operator']) retrieved from /Users/rtewelde/airflow_venv/lib/python3.11/site-packages/airflow/example_dags/example_short_circuit_operator.py
[2024-09-21T21:57:19.256+0100] {logging_mixin.py:151} INFO - [2024-09-21T21:57:19.256+0100] {dag.py:2907} INFO - Sync 1 DAGs
[2024-09-21T21:57:19.273+0100] {logging_mixin.py:151} INFO - [2024-09-21T21:57:19.273+0100] {dag.py:3677} INFO - Setting next_dagrun for example_short_circuit_operator to 2024-09-20T20:57:19.273629+00:00, run_after=2024-09-21T20:57:19.273629+00:00
[2024-09-21T21:57:19.292+0100] {processor.py:179} INFO - Processing /Users/rtewelde/airflow_venv/lib/python3.11/site-packages/airflow/example_dags/example_short_circuit_operator.py took 0.325 seconds
[2024-09-21T21:58:56.288+0100] {processor.py:157} INFO - Started process (PID=28708) to work on /Users/rtewelde/airflow_venv/lib/python3.11/site-packages/airflow/example_dags/example_short_circuit_operator.py
[2024-09-21T21:58:56.292+0100] {processor.py:829} INFO - Processing file /Users/rtewelde/airflow_venv/lib/python3.11/site-packages/airflow/example_dags/example_short_circuit_operator.py for tasks to queue
[2024-09-21T21:58:56.293+0100] {logging_mixin.py:151} INFO - [2024-09-21T21:58:56.293+0100] {dagbag.py:539} INFO - Filling up the DagBag from /Users/rtewelde/airflow_venv/lib/python3.11/site-packages/airflow/example_dags/example_short_circuit_operator.py
[2024-09-21T21:58:56.356+0100] {processor.py:839} INFO - DAG(s) dict_keys(['example_short_circuit_operator']) retrieved from /Users/rtewelde/airflow_venv/lib/python3.11/site-packages/airflow/example_dags/example_short_circuit_operator.py
[2024-09-21T21:58:56.511+0100] {logging_mixin.py:151} INFO - [2024-09-21T21:58:56.511+0100] {dag.py:2907} INFO - Sync 1 DAGs
[2024-09-21T21:58:56.526+0100] {logging_mixin.py:151} INFO - [2024-09-21T21:58:56.526+0100] {dag.py:3677} INFO - Setting next_dagrun for example_short_circuit_operator to 2024-09-20T20:58:56.526358+00:00, run_after=2024-09-21T20:58:56.526358+00:00
[2024-09-21T21:58:56.542+0100] {processor.py:179} INFO - Processing /Users/rtewelde/airflow_venv/lib/python3.11/site-packages/airflow/example_dags/example_short_circuit_operator.py took 0.255 seconds
[2024-09-21T22:00:05.254+0100] {processor.py:157} INFO - Started process (PID=29035) to work on /Users/rtewelde/airflow_venv/lib/python3.11/site-packages/airflow/example_dags/example_short_circuit_operator.py
[2024-09-21T22:00:05.257+0100] {processor.py:829} INFO - Processing file /Users/rtewelde/airflow_venv/lib/python3.11/site-packages/airflow/example_dags/example_short_circuit_operator.py for tasks to queue
[2024-09-21T22:00:05.258+0100] {logging_mixin.py:151} INFO - [2024-09-21T22:00:05.257+0100] {dagbag.py:539} INFO - Filling up the DagBag from /Users/rtewelde/airflow_venv/lib/python3.11/site-packages/airflow/example_dags/example_short_circuit_operator.py
[2024-09-21T22:00:05.325+0100] {processor.py:839} INFO - DAG(s) dict_keys(['example_short_circuit_operator']) retrieved from /Users/rtewelde/airflow_venv/lib/python3.11/site-packages/airflow/example_dags/example_short_circuit_operator.py
[2024-09-21T22:00:05.486+0100] {logging_mixin.py:151} INFO - [2024-09-21T22:00:05.486+0100] {dag.py:2907} INFO - Sync 1 DAGs
[2024-09-21T22:00:05.501+0100] {logging_mixin.py:151} INFO - [2024-09-21T22:00:05.501+0100] {dag.py:3677} INFO - Setting next_dagrun for example_short_circuit_operator to 2024-09-20T21:00:05.501563+00:00, run_after=2024-09-21T21:00:05.501563+00:00
[2024-09-21T22:00:05.519+0100] {processor.py:179} INFO - Processing /Users/rtewelde/airflow_venv/lib/python3.11/site-packages/airflow/example_dags/example_short_circuit_operator.py took 0.266 seconds
