[2024-09-21T21:52:32.326+0100] {processor.py:157} INFO - Started process (PID=26618) to work on /Users/rtewelde/airflow_venv/lib/python3.11/site-packages/airflow/example_dags/example_nested_branch_dag.py
[2024-09-21T21:52:32.330+0100] {processor.py:829} INFO - Processing file /Users/rtewelde/airflow_venv/lib/python3.11/site-packages/airflow/example_dags/example_nested_branch_dag.py for tasks to queue
[2024-09-21T21:52:32.330+0100] {logging_mixin.py:151} INFO - [2024-09-21T21:52:32.330+0100] {dagbag.py:539} INFO - Filling up the DagBag from /Users/rtewelde/airflow_venv/lib/python3.11/site-packages/airflow/example_dags/example_nested_branch_dag.py
[2024-09-21T21:52:32.419+0100] {processor.py:839} INFO - DAG(s) dict_keys(['example_nested_branch_dag']) retrieved from /Users/rtewelde/airflow_venv/lib/python3.11/site-packages/airflow/example_dags/example_nested_branch_dag.py
[2024-09-21T21:52:33.243+0100] {logging_mixin.py:151} INFO - [2024-09-21T21:52:33.242+0100] {manager.py:501} INFO - Created Permission View: can read on DAG:example_nested_branch_dag
[2024-09-21T21:52:33.253+0100] {logging_mixin.py:151} INFO - [2024-09-21T21:52:33.253+0100] {manager.py:501} INFO - Created Permission View: can edit on DAG:example_nested_branch_dag
[2024-09-21T21:52:33.259+0100] {logging_mixin.py:151} INFO - [2024-09-21T21:52:33.259+0100] {manager.py:501} INFO - Created Permission View: can delete on DAG:example_nested_branch_dag
[2024-09-21T21:52:33.269+0100] {logging_mixin.py:151} INFO - [2024-09-21T21:52:33.269+0100] {dag.py:2907} INFO - Sync 1 DAGs
[2024-09-21T21:52:33.277+0100] {logging_mixin.py:151} INFO - [2024-09-21T21:52:33.277+0100] {dag.py:2929} INFO - Creating ORM DAG for example_nested_branch_dag
[2024-09-21T21:52:33.286+0100] {logging_mixin.py:151} INFO - [2024-09-21T21:52:33.286+0100] {dag.py:3677} INFO - Setting next_dagrun for example_nested_branch_dag to 2024-09-20T00:00:00+00:00, run_after=2024-09-21T00:00:00+00:00
[2024-09-21T21:52:33.305+0100] {processor.py:179} INFO - Processing /Users/rtewelde/airflow_venv/lib/python3.11/site-packages/airflow/example_dags/example_nested_branch_dag.py took 0.980 seconds
[2024-09-21T21:53:59.913+0100] {processor.py:157} INFO - Started process (PID=27219) to work on /Users/rtewelde/airflow_venv/lib/python3.11/site-packages/airflow/example_dags/example_nested_branch_dag.py
[2024-09-21T21:53:59.918+0100] {processor.py:829} INFO - Processing file /Users/rtewelde/airflow_venv/lib/python3.11/site-packages/airflow/example_dags/example_nested_branch_dag.py for tasks to queue
[2024-09-21T21:53:59.919+0100] {logging_mixin.py:151} INFO - [2024-09-21T21:53:59.919+0100] {dagbag.py:539} INFO - Filling up the DagBag from /Users/rtewelde/airflow_venv/lib/python3.11/site-packages/airflow/example_dags/example_nested_branch_dag.py
[2024-09-21T21:53:59.996+0100] {processor.py:839} INFO - DAG(s) dict_keys(['example_nested_branch_dag']) retrieved from /Users/rtewelde/airflow_venv/lib/python3.11/site-packages/airflow/example_dags/example_nested_branch_dag.py
[2024-09-21T21:54:00.148+0100] {logging_mixin.py:151} INFO - [2024-09-21T21:54:00.148+0100] {dag.py:2907} INFO - Sync 1 DAGs
[2024-09-21T21:54:00.164+0100] {logging_mixin.py:151} INFO - [2024-09-21T21:54:00.163+0100] {dag.py:3677} INFO - Setting next_dagrun for example_nested_branch_dag to 2024-09-20T00:00:00+00:00, run_after=2024-09-21T00:00:00+00:00
[2024-09-21T21:54:00.181+0100] {processor.py:179} INFO - Processing /Users/rtewelde/airflow_venv/lib/python3.11/site-packages/airflow/example_dags/example_nested_branch_dag.py took 0.269 seconds
[2024-09-21T21:55:50.559+0100] {processor.py:157} INFO - Started process (PID=27792) to work on /Users/rtewelde/airflow_venv/lib/python3.11/site-packages/airflow/example_dags/example_nested_branch_dag.py
[2024-09-21T21:55:50.562+0100] {processor.py:829} INFO - Processing file /Users/rtewelde/airflow_venv/lib/python3.11/site-packages/airflow/example_dags/example_nested_branch_dag.py for tasks to queue
[2024-09-21T21:55:50.563+0100] {logging_mixin.py:151} INFO - [2024-09-21T21:55:50.562+0100] {dagbag.py:539} INFO - Filling up the DagBag from /Users/rtewelde/airflow_venv/lib/python3.11/site-packages/airflow/example_dags/example_nested_branch_dag.py
[2024-09-21T21:55:50.640+0100] {processor.py:839} INFO - DAG(s) dict_keys(['example_nested_branch_dag']) retrieved from /Users/rtewelde/airflow_venv/lib/python3.11/site-packages/airflow/example_dags/example_nested_branch_dag.py
[2024-09-21T21:55:50.829+0100] {logging_mixin.py:151} INFO - [2024-09-21T21:55:50.829+0100] {dag.py:2907} INFO - Sync 1 DAGs
[2024-09-21T21:55:50.845+0100] {logging_mixin.py:151} INFO - [2024-09-21T21:55:50.845+0100] {dag.py:3677} INFO - Setting next_dagrun for example_nested_branch_dag to 2024-09-20T00:00:00+00:00, run_after=2024-09-21T00:00:00+00:00
[2024-09-21T21:55:50.863+0100] {processor.py:179} INFO - Processing /Users/rtewelde/airflow_venv/lib/python3.11/site-packages/airflow/example_dags/example_nested_branch_dag.py took 0.305 seconds
[2024-09-21T21:57:39.773+0100] {processor.py:157} INFO - Started process (PID=28341) to work on /Users/rtewelde/airflow_venv/lib/python3.11/site-packages/airflow/example_dags/example_nested_branch_dag.py
[2024-09-21T21:57:39.777+0100] {processor.py:829} INFO - Processing file /Users/rtewelde/airflow_venv/lib/python3.11/site-packages/airflow/example_dags/example_nested_branch_dag.py for tasks to queue
[2024-09-21T21:57:39.777+0100] {logging_mixin.py:151} INFO - [2024-09-21T21:57:39.777+0100] {dagbag.py:539} INFO - Filling up the DagBag from /Users/rtewelde/airflow_venv/lib/python3.11/site-packages/airflow/example_dags/example_nested_branch_dag.py
[2024-09-21T21:57:39.862+0100] {processor.py:839} INFO - DAG(s) dict_keys(['example_nested_branch_dag']) retrieved from /Users/rtewelde/airflow_venv/lib/python3.11/site-packages/airflow/example_dags/example_nested_branch_dag.py
[2024-09-21T21:57:40.031+0100] {logging_mixin.py:151} INFO - [2024-09-21T21:57:40.031+0100] {dag.py:2907} INFO - Sync 1 DAGs
[2024-09-21T21:57:40.047+0100] {logging_mixin.py:151} INFO - [2024-09-21T21:57:40.047+0100] {dag.py:3677} INFO - Setting next_dagrun for example_nested_branch_dag to 2024-09-20T00:00:00+00:00, run_after=2024-09-21T00:00:00+00:00
[2024-09-21T21:57:40.069+0100] {processor.py:179} INFO - Processing /Users/rtewelde/airflow_venv/lib/python3.11/site-packages/airflow/example_dags/example_nested_branch_dag.py took 0.297 seconds
[2024-09-21T21:59:17.590+0100] {processor.py:157} INFO - Started process (PID=28806) to work on /Users/rtewelde/airflow_venv/lib/python3.11/site-packages/airflow/example_dags/example_nested_branch_dag.py
[2024-09-21T21:59:17.594+0100] {processor.py:829} INFO - Processing file /Users/rtewelde/airflow_venv/lib/python3.11/site-packages/airflow/example_dags/example_nested_branch_dag.py for tasks to queue
[2024-09-21T21:59:17.595+0100] {logging_mixin.py:151} INFO - [2024-09-21T21:59:17.595+0100] {dagbag.py:539} INFO - Filling up the DagBag from /Users/rtewelde/airflow_venv/lib/python3.11/site-packages/airflow/example_dags/example_nested_branch_dag.py
[2024-09-21T21:59:17.674+0100] {processor.py:839} INFO - DAG(s) dict_keys(['example_nested_branch_dag']) retrieved from /Users/rtewelde/airflow_venv/lib/python3.11/site-packages/airflow/example_dags/example_nested_branch_dag.py
[2024-09-21T21:59:17.822+0100] {logging_mixin.py:151} INFO - [2024-09-21T21:59:17.821+0100] {dag.py:2907} INFO - Sync 1 DAGs
[2024-09-21T21:59:17.837+0100] {logging_mixin.py:151} INFO - [2024-09-21T21:59:17.837+0100] {dag.py:3677} INFO - Setting next_dagrun for example_nested_branch_dag to 2024-09-20T00:00:00+00:00, run_after=2024-09-21T00:00:00+00:00
[2024-09-21T21:59:17.857+0100] {processor.py:179} INFO - Processing /Users/rtewelde/airflow_venv/lib/python3.11/site-packages/airflow/example_dags/example_nested_branch_dag.py took 0.268 seconds
