[2024-09-21T21:54:30.679+0100] {processor.py:157} INFO - Started process (PID=27364) to work on /Users/rtewelde/airflow_venv/lib/python3.11/site-packages/airflow/example_dags/example_branch_python_dop_operator_3.py
[2024-09-21T21:54:30.683+0100] {processor.py:829} INFO - Processing file /Users/rtewelde/airflow_venv/lib/python3.11/site-packages/airflow/example_dags/example_branch_python_dop_operator_3.py for tasks to queue
[2024-09-21T21:54:30.684+0100] {logging_mixin.py:151} INFO - [2024-09-21T21:54:30.684+0100] {dagbag.py:539} INFO - Filling up the DagBag from /Users/rtewelde/airflow_venv/lib/python3.11/site-packages/airflow/example_dags/example_branch_python_dop_operator_3.py
[2024-09-21T21:54:30.765+0100] {processor.py:839} INFO - DAG(s) dict_keys(['example_branch_dop_operator_v3']) retrieved from /Users/rtewelde/airflow_venv/lib/python3.11/site-packages/airflow/example_dags/example_branch_python_dop_operator_3.py
[2024-09-21T21:54:31.539+0100] {logging_mixin.py:151} INFO - [2024-09-21T21:54:31.539+0100] {manager.py:501} INFO - Created Permission View: can read on DAG:example_branch_dop_operator_v3
[2024-09-21T21:54:31.547+0100] {logging_mixin.py:151} INFO - [2024-09-21T21:54:31.547+0100] {manager.py:501} INFO - Created Permission View: can edit on DAG:example_branch_dop_operator_v3
[2024-09-21T21:54:31.552+0100] {logging_mixin.py:151} INFO - [2024-09-21T21:54:31.552+0100] {manager.py:501} INFO - Created Permission View: can delete on DAG:example_branch_dop_operator_v3
[2024-09-21T21:54:31.561+0100] {logging_mixin.py:151} INFO - [2024-09-21T21:54:31.561+0100] {dag.py:2907} INFO - Sync 1 DAGs
[2024-09-21T21:54:31.569+0100] {logging_mixin.py:151} INFO - [2024-09-21T21:54:31.568+0100] {dag.py:2929} INFO - Creating ORM DAG for example_branch_dop_operator_v3
[2024-09-21T21:54:31.580+0100] {logging_mixin.py:151} INFO - [2024-09-21T21:54:31.580+0100] {dag.py:3677} INFO - Setting next_dagrun for example_branch_dop_operator_v3 to 2024-09-21T20:53:00+00:00, run_after=2024-09-21T20:54:00+00:00
[2024-09-21T21:54:31.595+0100] {processor.py:179} INFO - Processing /Users/rtewelde/airflow_venv/lib/python3.11/site-packages/airflow/example_dags/example_branch_python_dop_operator_3.py took 0.918 seconds
[2024-09-21T21:58:05.281+0100] {processor.py:157} INFO - Started process (PID=28469) to work on /Users/rtewelde/airflow_venv/lib/python3.11/site-packages/airflow/example_dags/example_branch_python_dop_operator_3.py
[2024-09-21T21:58:05.285+0100] {processor.py:829} INFO - Processing file /Users/rtewelde/airflow_venv/lib/python3.11/site-packages/airflow/example_dags/example_branch_python_dop_operator_3.py for tasks to queue
[2024-09-21T21:58:05.286+0100] {logging_mixin.py:151} INFO - [2024-09-21T21:58:05.286+0100] {dagbag.py:539} INFO - Filling up the DagBag from /Users/rtewelde/airflow_venv/lib/python3.11/site-packages/airflow/example_dags/example_branch_python_dop_operator_3.py
[2024-09-21T21:58:05.375+0100] {processor.py:839} INFO - DAG(s) dict_keys(['example_branch_dop_operator_v3']) retrieved from /Users/rtewelde/airflow_venv/lib/python3.11/site-packages/airflow/example_dags/example_branch_python_dop_operator_3.py
[2024-09-21T21:58:05.552+0100] {logging_mixin.py:151} INFO - [2024-09-21T21:58:05.552+0100] {dag.py:2907} INFO - Sync 1 DAGs
[2024-09-21T21:58:05.627+0100] {logging_mixin.py:151} INFO - [2024-09-21T21:58:05.627+0100] {dag.py:3677} INFO - Setting next_dagrun for example_branch_dop_operator_v3 to 2024-09-21T20:57:00+00:00, run_after=2024-09-21T20:58:00+00:00
[2024-09-21T21:58:05.649+0100] {processor.py:179} INFO - Processing /Users/rtewelde/airflow_venv/lib/python3.11/site-packages/airflow/example_dags/example_branch_python_dop_operator_3.py took 0.369 seconds
[2024-09-21T22:00:21.584+0100] {processor.py:157} INFO - Started process (PID=29111) to work on /Users/rtewelde/airflow_venv/lib/python3.11/site-packages/airflow/example_dags/example_branch_python_dop_operator_3.py
[2024-09-21T22:00:21.588+0100] {processor.py:829} INFO - Processing file /Users/rtewelde/airflow_venv/lib/python3.11/site-packages/airflow/example_dags/example_branch_python_dop_operator_3.py for tasks to queue
[2024-09-21T22:00:21.588+0100] {logging_mixin.py:151} INFO - [2024-09-21T22:00:21.588+0100] {dagbag.py:539} INFO - Filling up the DagBag from /Users/rtewelde/airflow_venv/lib/python3.11/site-packages/airflow/example_dags/example_branch_python_dop_operator_3.py
[2024-09-21T22:00:21.668+0100] {processor.py:839} INFO - DAG(s) dict_keys(['example_branch_dop_operator_v3']) retrieved from /Users/rtewelde/airflow_venv/lib/python3.11/site-packages/airflow/example_dags/example_branch_python_dop_operator_3.py
[2024-09-21T22:00:21.816+0100] {logging_mixin.py:151} INFO - [2024-09-21T22:00:21.816+0100] {dag.py:2907} INFO - Sync 1 DAGs
[2024-09-21T22:00:21.833+0100] {logging_mixin.py:151} INFO - [2024-09-21T22:00:21.833+0100] {dag.py:3677} INFO - Setting next_dagrun for example_branch_dop_operator_v3 to 2024-09-21T20:59:00+00:00, run_after=2024-09-21T21:00:00+00:00
[2024-09-21T22:00:21.851+0100] {processor.py:179} INFO - Processing /Users/rtewelde/airflow_venv/lib/python3.11/site-packages/airflow/example_dags/example_branch_python_dop_operator_3.py took 0.268 seconds
