[2024-09-23T19:08:09.658+0100] {local_task_job_runner.py:123} INFO - ::group::Pre task execution logs
[2024-09-23T19:08:09.666+0100] {taskinstance.py:2612} INFO - Dependencies all met for dep_context=non-requeueable deps ti=<TaskInstance: smtp_email_dag.send_email manual__2024-09-23T18:08:06.058839+00:00 [queued]>
[2024-09-23T19:08:09.671+0100] {taskinstance.py:2612} INFO - Dependencies all met for dep_context=requeueable deps ti=<TaskInstance: smtp_email_dag.send_email manual__2024-09-23T18:08:06.058839+00:00 [queued]>
[2024-09-23T19:08:09.672+0100] {taskinstance.py:2865} INFO - Starting attempt 1 of 1
[2024-09-23T19:08:09.682+0100] {taskinstance.py:2888} INFO - Executing <Task(PythonOperator): send_email> on 2024-09-23 18:08:06.058839+00:00
[2024-09-23T19:08:09.685+0100] {standard_task_runner.py:72} INFO - Started process 38787 to run task
[2024-09-23T19:08:09.695+0100] {standard_task_runner.py:104} INFO - Running: ['airflow', 'tasks', 'run', 'smtp_email_dag', 'send_email', 'manual__2024-09-23T18:08:06.058839+00:00', '--job-id', '26', '--raw', '--subdir', 'DAGS_FOLDER/send_email.py', '--cfg-path', '/var/folders/fs/b76k8hkn5gdc__ng0088py8c0000gq/T/tmpn8ejdji0']
[2024-09-23T19:08:09.697+0100] {standard_task_runner.py:105} INFO - Job 26: Subtask send_email
[2024-09-23T19:08:09.749+0100] {task_command.py:467} INFO - Running <TaskInstance: smtp_email_dag.send_email manual__2024-09-23T18:08:06.058839+00:00 [running]> on host robbies-mbp.lan
[2024-09-23T19:08:09.811+0100] {taskinstance.py:3131} INFO - Exporting env vars: AIRFLOW_CTX_DAG_OWNER='airflow' AIRFLOW_CTX_DAG_ID='smtp_email_dag' AIRFLOW_CTX_TASK_ID='send_email' AIRFLOW_CTX_EXECUTION_DATE='2024-09-23T18:08:06.058839+00:00' AIRFLOW_CTX_TRY_NUMBER='1' AIRFLOW_CTX_DAG_RUN_ID='manual__2024-09-23T18:08:06.058839+00:00'
[2024-09-23T19:08:09.813+0100] {logging_mixin.py:190} INFO - Task instance is in running state
[2024-09-23T19:08:09.814+0100] {logging_mixin.py:190} INFO -  Previous state of the Task instance: queued
[2024-09-23T19:08:09.814+0100] {logging_mixin.py:190} INFO - Current task name:send_email state:running start_date:2024-09-23 18:08:09.667201+00:00
[2024-09-23T19:08:09.815+0100] {logging_mixin.py:190} INFO - Dag name:smtp_email_dag and current dag run status:running
[2024-09-23T19:08:09.816+0100] {taskinstance.py:731} INFO - ::endgroup::
[2024-09-23T19:08:09.826+0100] {base.py:84} INFO - Retrieving connection 'smtp_default'
[2024-09-23T19:08:10.226+0100] {logging_mixin.py:190} INFO - Login successful
[2024-09-23T19:08:10.893+0100] {python.py:240} INFO - Done. Returned value was: None
[2024-09-23T19:08:10.899+0100] {taskinstance.py:340} INFO - ::group::Post task execution logs
[2024-09-23T19:08:10.900+0100] {taskinstance.py:352} INFO - Marking task as SUCCESS. dag_id=smtp_email_dag, task_id=send_email, run_id=manual__2024-09-23T18:08:06.058839+00:00, execution_date=20240923T180806, start_date=20240923T180809, end_date=20240923T180810
[2024-09-23T19:08:10.907+0100] {logging_mixin.py:190} INFO - Task instance in success state
[2024-09-23T19:08:10.907+0100] {logging_mixin.py:190} INFO -  Previous state of the Task instance: running
[2024-09-23T19:08:10.908+0100] {logging_mixin.py:190} INFO - Dag name:smtp_email_dag queued_at:2024-09-23 18:08:06.073944+00:00
[2024-09-23T19:08:10.908+0100] {logging_mixin.py:190} INFO - Task hostname:robbies-mbp.lan operator:PythonOperator
[2024-09-23T19:08:10.926+0100] {local_task_job_runner.py:266} INFO - Task exited with return code 0
[2024-09-23T19:08:10.942+0100] {taskinstance.py:3900} INFO - 0 downstream tasks scheduled from follow-on schedule check
[2024-09-23T19:08:10.943+0100] {local_task_job_runner.py:245} INFO - ::endgroup::
