[2024-09-24T01:03:05.499+0100] {processor.py:186} INFO - Started process (PID=91464) to work on /Users/rtewelde/airflow_venv/lib/python3.11/site-packages/airflow/example_dags/example_branch_operator.py
[2024-09-24T01:03:05.500+0100] {processor.py:914} INFO - Processing file /Users/rtewelde/airflow_venv/lib/python3.11/site-packages/airflow/example_dags/example_branch_operator.py for tasks to queue
[2024-09-24T01:03:05.501+0100] {logging_mixin.py:190} INFO - [2024-09-24T01:03:05.500+0100] {dagbag.py:588} INFO - Filling up the DagBag from /Users/rtewelde/airflow_venv/lib/python3.11/site-packages/airflow/example_dags/example_branch_operator.py
[2024-09-24T01:03:05.519+0100] {processor.py:927} WARNING - No viable dags retrieved from /Users/rtewelde/airflow_venv/lib/python3.11/site-packages/airflow/example_dags/example_branch_operator.py
[2024-09-24T01:03:05.660+0100] {processor.py:208} INFO - Processing /Users/rtewelde/airflow_venv/lib/python3.11/site-packages/airflow/example_dags/example_branch_operator.py took 0.164 seconds
[2024-09-24T01:07:40.042+0100] {processor.py:186} INFO - Started process (PID=92860) to work on /Users/rtewelde/airflow_venv/lib/python3.11/site-packages/airflow/example_dags/example_branch_operator.py
[2024-09-24T01:07:40.042+0100] {processor.py:914} INFO - Processing file /Users/rtewelde/airflow_venv/lib/python3.11/site-packages/airflow/example_dags/example_branch_operator.py for tasks to queue
[2024-09-24T01:07:40.043+0100] {logging_mixin.py:190} INFO - [2024-09-24T01:07:40.043+0100] {dagbag.py:588} INFO - Filling up the DagBag from /Users/rtewelde/airflow_venv/lib/python3.11/site-packages/airflow/example_dags/example_branch_operator.py
[2024-09-24T01:07:40.062+0100] {processor.py:927} WARNING - No viable dags retrieved from /Users/rtewelde/airflow_venv/lib/python3.11/site-packages/airflow/example_dags/example_branch_operator.py
[2024-09-24T01:07:40.197+0100] {processor.py:208} INFO - Processing /Users/rtewelde/airflow_venv/lib/python3.11/site-packages/airflow/example_dags/example_branch_operator.py took 0.158 seconds
[2024-09-24T01:12:10.283+0100] {processor.py:186} INFO - Started process (PID=94121) to work on /Users/rtewelde/airflow_venv/lib/python3.11/site-packages/airflow/example_dags/example_branch_operator.py
[2024-09-24T01:12:10.283+0100] {processor.py:914} INFO - Processing file /Users/rtewelde/airflow_venv/lib/python3.11/site-packages/airflow/example_dags/example_branch_operator.py for tasks to queue
[2024-09-24T01:12:10.284+0100] {logging_mixin.py:190} INFO - [2024-09-24T01:12:10.284+0100] {dagbag.py:588} INFO - Filling up the DagBag from /Users/rtewelde/airflow_venv/lib/python3.11/site-packages/airflow/example_dags/example_branch_operator.py
[2024-09-24T01:12:10.303+0100] {processor.py:927} WARNING - No viable dags retrieved from /Users/rtewelde/airflow_venv/lib/python3.11/site-packages/airflow/example_dags/example_branch_operator.py
[2024-09-24T01:12:10.441+0100] {processor.py:208} INFO - Processing /Users/rtewelde/airflow_venv/lib/python3.11/site-packages/airflow/example_dags/example_branch_operator.py took 0.161 seconds
[2024-09-24T01:16:35.650+0100] {processor.py:186} INFO - Started process (PID=95339) to work on /Users/rtewelde/airflow_venv/lib/python3.11/site-packages/airflow/example_dags/example_branch_operator.py
[2024-09-24T01:16:35.650+0100] {processor.py:914} INFO - Processing file /Users/rtewelde/airflow_venv/lib/python3.11/site-packages/airflow/example_dags/example_branch_operator.py for tasks to queue
[2024-09-24T01:16:35.651+0100] {logging_mixin.py:190} INFO - [2024-09-24T01:16:35.651+0100] {dagbag.py:588} INFO - Filling up the DagBag from /Users/rtewelde/airflow_venv/lib/python3.11/site-packages/airflow/example_dags/example_branch_operator.py
[2024-09-24T01:16:35.668+0100] {processor.py:927} WARNING - No viable dags retrieved from /Users/rtewelde/airflow_venv/lib/python3.11/site-packages/airflow/example_dags/example_branch_operator.py
[2024-09-24T01:16:35.803+0100] {processor.py:208} INFO - Processing /Users/rtewelde/airflow_venv/lib/python3.11/site-packages/airflow/example_dags/example_branch_operator.py took 0.156 seconds
[2024-09-24T01:21:01.965+0100] {processor.py:186} INFO - Started process (PID=96562) to work on /Users/rtewelde/airflow_venv/lib/python3.11/site-packages/airflow/example_dags/example_branch_operator.py
[2024-09-24T01:21:01.965+0100] {processor.py:914} INFO - Processing file /Users/rtewelde/airflow_venv/lib/python3.11/site-packages/airflow/example_dags/example_branch_operator.py for tasks to queue
[2024-09-24T01:21:01.967+0100] {logging_mixin.py:190} INFO - [2024-09-24T01:21:01.966+0100] {dagbag.py:588} INFO - Filling up the DagBag from /Users/rtewelde/airflow_venv/lib/python3.11/site-packages/airflow/example_dags/example_branch_operator.py
[2024-09-24T01:21:01.983+0100] {processor.py:927} WARNING - No viable dags retrieved from /Users/rtewelde/airflow_venv/lib/python3.11/site-packages/airflow/example_dags/example_branch_operator.py
[2024-09-24T01:21:02.126+0100] {processor.py:208} INFO - Processing /Users/rtewelde/airflow_venv/lib/python3.11/site-packages/airflow/example_dags/example_branch_operator.py took 0.163 seconds
[2024-09-24T01:25:31.458+0100] {processor.py:186} INFO - Started process (PID=97803) to work on /Users/rtewelde/airflow_venv/lib/python3.11/site-packages/airflow/example_dags/example_branch_operator.py
[2024-09-24T01:25:31.459+0100] {processor.py:914} INFO - Processing file /Users/rtewelde/airflow_venv/lib/python3.11/site-packages/airflow/example_dags/example_branch_operator.py for tasks to queue
[2024-09-24T01:25:31.460+0100] {logging_mixin.py:190} INFO - [2024-09-24T01:25:31.460+0100] {dagbag.py:588} INFO - Filling up the DagBag from /Users/rtewelde/airflow_venv/lib/python3.11/site-packages/airflow/example_dags/example_branch_operator.py
[2024-09-24T01:25:31.476+0100] {processor.py:927} WARNING - No viable dags retrieved from /Users/rtewelde/airflow_venv/lib/python3.11/site-packages/airflow/example_dags/example_branch_operator.py
[2024-09-24T01:25:31.616+0100] {processor.py:208} INFO - Processing /Users/rtewelde/airflow_venv/lib/python3.11/site-packages/airflow/example_dags/example_branch_operator.py took 0.160 seconds
[2024-09-24T01:29:48.633+0100] {processor.py:186} INFO - Started process (PID=98987) to work on /Users/rtewelde/airflow_venv/lib/python3.11/site-packages/airflow/example_dags/example_branch_operator.py
[2024-09-24T01:29:48.634+0100] {processor.py:914} INFO - Processing file /Users/rtewelde/airflow_venv/lib/python3.11/site-packages/airflow/example_dags/example_branch_operator.py for tasks to queue
[2024-09-24T01:29:48.635+0100] {logging_mixin.py:190} INFO - [2024-09-24T01:29:48.635+0100] {dagbag.py:588} INFO - Filling up the DagBag from /Users/rtewelde/airflow_venv/lib/python3.11/site-packages/airflow/example_dags/example_branch_operator.py
[2024-09-24T01:29:48.651+0100] {processor.py:927} WARNING - No viable dags retrieved from /Users/rtewelde/airflow_venv/lib/python3.11/site-packages/airflow/example_dags/example_branch_operator.py
[2024-09-24T01:29:48.787+0100] {processor.py:208} INFO - Processing /Users/rtewelde/airflow_venv/lib/python3.11/site-packages/airflow/example_dags/example_branch_operator.py took 0.156 seconds
[2024-09-24T01:34:15.047+0100] {processor.py:186} INFO - Started process (PID=495) to work on /Users/rtewelde/airflow_venv/lib/python3.11/site-packages/airflow/example_dags/example_branch_operator.py
[2024-09-24T01:34:15.048+0100] {processor.py:914} INFO - Processing file /Users/rtewelde/airflow_venv/lib/python3.11/site-packages/airflow/example_dags/example_branch_operator.py for tasks to queue
[2024-09-24T01:34:15.049+0100] {logging_mixin.py:190} INFO - [2024-09-24T01:34:15.049+0100] {dagbag.py:588} INFO - Filling up the DagBag from /Users/rtewelde/airflow_venv/lib/python3.11/site-packages/airflow/example_dags/example_branch_operator.py
[2024-09-24T01:34:15.065+0100] {processor.py:927} WARNING - No viable dags retrieved from /Users/rtewelde/airflow_venv/lib/python3.11/site-packages/airflow/example_dags/example_branch_operator.py
[2024-09-24T01:34:15.214+0100] {processor.py:208} INFO - Processing /Users/rtewelde/airflow_venv/lib/python3.11/site-packages/airflow/example_dags/example_branch_operator.py took 0.169 seconds
[2024-09-24T01:38:43.929+0100] {processor.py:186} INFO - Started process (PID=1877) to work on /Users/rtewelde/airflow_venv/lib/python3.11/site-packages/airflow/example_dags/example_branch_operator.py
[2024-09-24T01:38:43.930+0100] {processor.py:914} INFO - Processing file /Users/rtewelde/airflow_venv/lib/python3.11/site-packages/airflow/example_dags/example_branch_operator.py for tasks to queue
[2024-09-24T01:38:43.931+0100] {logging_mixin.py:190} INFO - [2024-09-24T01:38:43.931+0100] {dagbag.py:588} INFO - Filling up the DagBag from /Users/rtewelde/airflow_venv/lib/python3.11/site-packages/airflow/example_dags/example_branch_operator.py
[2024-09-24T01:38:43.947+0100] {processor.py:927} WARNING - No viable dags retrieved from /Users/rtewelde/airflow_venv/lib/python3.11/site-packages/airflow/example_dags/example_branch_operator.py
[2024-09-24T01:38:44.084+0100] {processor.py:208} INFO - Processing /Users/rtewelde/airflow_venv/lib/python3.11/site-packages/airflow/example_dags/example_branch_operator.py took 0.157 seconds
[2024-09-24T01:43:14.024+0100] {processor.py:186} INFO - Started process (PID=3128) to work on /Users/rtewelde/airflow_venv/lib/python3.11/site-packages/airflow/example_dags/example_branch_operator.py
[2024-09-24T01:43:14.025+0100] {processor.py:914} INFO - Processing file /Users/rtewelde/airflow_venv/lib/python3.11/site-packages/airflow/example_dags/example_branch_operator.py for tasks to queue
[2024-09-24T01:43:14.026+0100] {logging_mixin.py:190} INFO - [2024-09-24T01:43:14.026+0100] {dagbag.py:588} INFO - Filling up the DagBag from /Users/rtewelde/airflow_venv/lib/python3.11/site-packages/airflow/example_dags/example_branch_operator.py
[2024-09-24T01:43:14.042+0100] {processor.py:927} WARNING - No viable dags retrieved from /Users/rtewelde/airflow_venv/lib/python3.11/site-packages/airflow/example_dags/example_branch_operator.py
[2024-09-24T01:43:14.181+0100] {processor.py:208} INFO - Processing /Users/rtewelde/airflow_venv/lib/python3.11/site-packages/airflow/example_dags/example_branch_operator.py took 0.159 seconds
[2024-09-24T01:47:43.832+0100] {processor.py:186} INFO - Started process (PID=4370) to work on /Users/rtewelde/airflow_venv/lib/python3.11/site-packages/airflow/example_dags/example_branch_operator.py
[2024-09-24T01:47:43.832+0100] {processor.py:914} INFO - Processing file /Users/rtewelde/airflow_venv/lib/python3.11/site-packages/airflow/example_dags/example_branch_operator.py for tasks to queue
[2024-09-24T01:47:43.833+0100] {logging_mixin.py:190} INFO - [2024-09-24T01:47:43.833+0100] {dagbag.py:588} INFO - Filling up the DagBag from /Users/rtewelde/airflow_venv/lib/python3.11/site-packages/airflow/example_dags/example_branch_operator.py
[2024-09-24T01:47:43.849+0100] {processor.py:927} WARNING - No viable dags retrieved from /Users/rtewelde/airflow_venv/lib/python3.11/site-packages/airflow/example_dags/example_branch_operator.py
[2024-09-24T01:47:43.988+0100] {processor.py:208} INFO - Processing /Users/rtewelde/airflow_venv/lib/python3.11/site-packages/airflow/example_dags/example_branch_operator.py took 0.158 seconds
[2024-09-24T01:52:13.786+0100] {processor.py:186} INFO - Started process (PID=5621) to work on /Users/rtewelde/airflow_venv/lib/python3.11/site-packages/airflow/example_dags/example_branch_operator.py
[2024-09-24T01:52:13.787+0100] {processor.py:914} INFO - Processing file /Users/rtewelde/airflow_venv/lib/python3.11/site-packages/airflow/example_dags/example_branch_operator.py for tasks to queue
[2024-09-24T01:52:13.788+0100] {logging_mixin.py:190} INFO - [2024-09-24T01:52:13.787+0100] {dagbag.py:588} INFO - Filling up the DagBag from /Users/rtewelde/airflow_venv/lib/python3.11/site-packages/airflow/example_dags/example_branch_operator.py
[2024-09-24T01:52:13.804+0100] {processor.py:927} WARNING - No viable dags retrieved from /Users/rtewelde/airflow_venv/lib/python3.11/site-packages/airflow/example_dags/example_branch_operator.py
[2024-09-24T01:52:13.940+0100] {processor.py:208} INFO - Processing /Users/rtewelde/airflow_venv/lib/python3.11/site-packages/airflow/example_dags/example_branch_operator.py took 0.156 seconds
[2024-09-24T01:56:43.517+0100] {processor.py:186} INFO - Started process (PID=6857) to work on /Users/rtewelde/airflow_venv/lib/python3.11/site-packages/airflow/example_dags/example_branch_operator.py
[2024-09-24T01:56:43.518+0100] {processor.py:914} INFO - Processing file /Users/rtewelde/airflow_venv/lib/python3.11/site-packages/airflow/example_dags/example_branch_operator.py for tasks to queue
[2024-09-24T01:56:43.519+0100] {logging_mixin.py:190} INFO - [2024-09-24T01:56:43.519+0100] {dagbag.py:588} INFO - Filling up the DagBag from /Users/rtewelde/airflow_venv/lib/python3.11/site-packages/airflow/example_dags/example_branch_operator.py
[2024-09-24T01:56:43.537+0100] {processor.py:927} WARNING - No viable dags retrieved from /Users/rtewelde/airflow_venv/lib/python3.11/site-packages/airflow/example_dags/example_branch_operator.py
[2024-09-24T01:56:43.674+0100] {processor.py:208} INFO - Processing /Users/rtewelde/airflow_venv/lib/python3.11/site-packages/airflow/example_dags/example_branch_operator.py took 0.159 seconds
[2024-09-24T02:01:15.063+0100] {processor.py:186} INFO - Started process (PID=8112) to work on /Users/rtewelde/airflow_venv/lib/python3.11/site-packages/airflow/example_dags/example_branch_operator.py
[2024-09-24T02:01:15.064+0100] {processor.py:914} INFO - Processing file /Users/rtewelde/airflow_venv/lib/python3.11/site-packages/airflow/example_dags/example_branch_operator.py for tasks to queue
[2024-09-24T02:01:15.065+0100] {logging_mixin.py:190} INFO - [2024-09-24T02:01:15.065+0100] {dagbag.py:588} INFO - Filling up the DagBag from /Users/rtewelde/airflow_venv/lib/python3.11/site-packages/airflow/example_dags/example_branch_operator.py
[2024-09-24T02:01:15.083+0100] {processor.py:927} WARNING - No viable dags retrieved from /Users/rtewelde/airflow_venv/lib/python3.11/site-packages/airflow/example_dags/example_branch_operator.py
[2024-09-24T02:01:15.223+0100] {processor.py:208} INFO - Processing /Users/rtewelde/airflow_venv/lib/python3.11/site-packages/airflow/example_dags/example_branch_operator.py took 0.163 seconds
[2024-09-24T02:05:42.374+0100] {processor.py:186} INFO - Started process (PID=9387) to work on /Users/rtewelde/airflow_venv/lib/python3.11/site-packages/airflow/example_dags/example_branch_operator.py
[2024-09-24T02:05:42.375+0100] {processor.py:914} INFO - Processing file /Users/rtewelde/airflow_venv/lib/python3.11/site-packages/airflow/example_dags/example_branch_operator.py for tasks to queue
[2024-09-24T02:05:42.376+0100] {logging_mixin.py:190} INFO - [2024-09-24T02:05:42.376+0100] {dagbag.py:588} INFO - Filling up the DagBag from /Users/rtewelde/airflow_venv/lib/python3.11/site-packages/airflow/example_dags/example_branch_operator.py
[2024-09-24T02:05:42.392+0100] {processor.py:927} WARNING - No viable dags retrieved from /Users/rtewelde/airflow_venv/lib/python3.11/site-packages/airflow/example_dags/example_branch_operator.py
[2024-09-24T02:05:42.533+0100] {processor.py:208} INFO - Processing /Users/rtewelde/airflow_venv/lib/python3.11/site-packages/airflow/example_dags/example_branch_operator.py took 0.162 seconds
[2024-09-24T02:10:18.268+0100] {processor.py:186} INFO - Started process (PID=10723) to work on /Users/rtewelde/airflow_venv/lib/python3.11/site-packages/airflow/example_dags/example_branch_operator.py
[2024-09-24T02:10:18.270+0100] {processor.py:914} INFO - Processing file /Users/rtewelde/airflow_venv/lib/python3.11/site-packages/airflow/example_dags/example_branch_operator.py for tasks to queue
[2024-09-24T02:10:18.271+0100] {logging_mixin.py:190} INFO - [2024-09-24T02:10:18.271+0100] {dagbag.py:588} INFO - Filling up the DagBag from /Users/rtewelde/airflow_venv/lib/python3.11/site-packages/airflow/example_dags/example_branch_operator.py
[2024-09-24T02:10:18.289+0100] {processor.py:927} WARNING - No viable dags retrieved from /Users/rtewelde/airflow_venv/lib/python3.11/site-packages/airflow/example_dags/example_branch_operator.py
[2024-09-24T02:10:18.425+0100] {processor.py:208} INFO - Processing /Users/rtewelde/airflow_venv/lib/python3.11/site-packages/airflow/example_dags/example_branch_operator.py took 0.159 seconds
[2024-09-24T02:14:49.015+0100] {processor.py:186} INFO - Started process (PID=11981) to work on /Users/rtewelde/airflow_venv/lib/python3.11/site-packages/airflow/example_dags/example_branch_operator.py
[2024-09-24T02:14:49.016+0100] {processor.py:914} INFO - Processing file /Users/rtewelde/airflow_venv/lib/python3.11/site-packages/airflow/example_dags/example_branch_operator.py for tasks to queue
[2024-09-24T02:14:49.017+0100] {logging_mixin.py:190} INFO - [2024-09-24T02:14:49.017+0100] {dagbag.py:588} INFO - Filling up the DagBag from /Users/rtewelde/airflow_venv/lib/python3.11/site-packages/airflow/example_dags/example_branch_operator.py
[2024-09-24T02:14:49.036+0100] {processor.py:927} WARNING - No viable dags retrieved from /Users/rtewelde/airflow_venv/lib/python3.11/site-packages/airflow/example_dags/example_branch_operator.py
[2024-09-24T02:14:49.176+0100] {processor.py:208} INFO - Processing /Users/rtewelde/airflow_venv/lib/python3.11/site-packages/airflow/example_dags/example_branch_operator.py took 0.164 seconds
[2024-09-24T02:19:19.576+0100] {processor.py:186} INFO - Started process (PID=13235) to work on /Users/rtewelde/airflow_venv/lib/python3.11/site-packages/airflow/example_dags/example_branch_operator.py
[2024-09-24T02:19:19.577+0100] {processor.py:914} INFO - Processing file /Users/rtewelde/airflow_venv/lib/python3.11/site-packages/airflow/example_dags/example_branch_operator.py for tasks to queue
[2024-09-24T02:19:19.578+0100] {logging_mixin.py:190} INFO - [2024-09-24T02:19:19.578+0100] {dagbag.py:588} INFO - Filling up the DagBag from /Users/rtewelde/airflow_venv/lib/python3.11/site-packages/airflow/example_dags/example_branch_operator.py
[2024-09-24T02:19:19.595+0100] {processor.py:927} WARNING - No viable dags retrieved from /Users/rtewelde/airflow_venv/lib/python3.11/site-packages/airflow/example_dags/example_branch_operator.py
[2024-09-24T02:19:19.735+0100] {processor.py:208} INFO - Processing /Users/rtewelde/airflow_venv/lib/python3.11/site-packages/airflow/example_dags/example_branch_operator.py took 0.161 seconds
[2024-09-24T02:23:48.423+0100] {processor.py:186} INFO - Started process (PID=14478) to work on /Users/rtewelde/airflow_venv/lib/python3.11/site-packages/airflow/example_dags/example_branch_operator.py
[2024-09-24T02:23:48.423+0100] {processor.py:914} INFO - Processing file /Users/rtewelde/airflow_venv/lib/python3.11/site-packages/airflow/example_dags/example_branch_operator.py for tasks to queue
[2024-09-24T02:23:48.424+0100] {logging_mixin.py:190} INFO - [2024-09-24T02:23:48.424+0100] {dagbag.py:588} INFO - Filling up the DagBag from /Users/rtewelde/airflow_venv/lib/python3.11/site-packages/airflow/example_dags/example_branch_operator.py
[2024-09-24T02:23:48.440+0100] {processor.py:927} WARNING - No viable dags retrieved from /Users/rtewelde/airflow_venv/lib/python3.11/site-packages/airflow/example_dags/example_branch_operator.py
[2024-09-24T02:23:48.579+0100] {processor.py:208} INFO - Processing /Users/rtewelde/airflow_venv/lib/python3.11/site-packages/airflow/example_dags/example_branch_operator.py took 0.159 seconds
[2024-09-24T02:28:16.688+0100] {processor.py:186} INFO - Started process (PID=15711) to work on /Users/rtewelde/airflow_venv/lib/python3.11/site-packages/airflow/example_dags/example_branch_operator.py
[2024-09-24T02:28:16.688+0100] {processor.py:914} INFO - Processing file /Users/rtewelde/airflow_venv/lib/python3.11/site-packages/airflow/example_dags/example_branch_operator.py for tasks to queue
[2024-09-24T02:28:16.689+0100] {logging_mixin.py:190} INFO - [2024-09-24T02:28:16.689+0100] {dagbag.py:588} INFO - Filling up the DagBag from /Users/rtewelde/airflow_venv/lib/python3.11/site-packages/airflow/example_dags/example_branch_operator.py
[2024-09-24T02:28:16.706+0100] {processor.py:927} WARNING - No viable dags retrieved from /Users/rtewelde/airflow_venv/lib/python3.11/site-packages/airflow/example_dags/example_branch_operator.py
[2024-09-24T02:28:16.843+0100] {processor.py:208} INFO - Processing /Users/rtewelde/airflow_venv/lib/python3.11/site-packages/airflow/example_dags/example_branch_operator.py took 0.158 seconds
[2024-09-24T02:32:46.683+0100] {processor.py:186} INFO - Started process (PID=16957) to work on /Users/rtewelde/airflow_venv/lib/python3.11/site-packages/airflow/example_dags/example_branch_operator.py
[2024-09-24T02:32:46.684+0100] {processor.py:914} INFO - Processing file /Users/rtewelde/airflow_venv/lib/python3.11/site-packages/airflow/example_dags/example_branch_operator.py for tasks to queue
[2024-09-24T02:32:46.685+0100] {logging_mixin.py:190} INFO - [2024-09-24T02:32:46.684+0100] {dagbag.py:588} INFO - Filling up the DagBag from /Users/rtewelde/airflow_venv/lib/python3.11/site-packages/airflow/example_dags/example_branch_operator.py
[2024-09-24T02:32:46.702+0100] {processor.py:927} WARNING - No viable dags retrieved from /Users/rtewelde/airflow_venv/lib/python3.11/site-packages/airflow/example_dags/example_branch_operator.py
[2024-09-24T02:32:46.838+0100] {processor.py:208} INFO - Processing /Users/rtewelde/airflow_venv/lib/python3.11/site-packages/airflow/example_dags/example_branch_operator.py took 0.158 seconds
[2024-09-24T07:39:16.604+0100] {processor.py:186} INFO - Started process (PID=18369) to work on /Users/rtewelde/airflow_venv/lib/python3.11/site-packages/airflow/example_dags/example_branch_operator.py
[2024-09-24T07:39:16.605+0100] {processor.py:914} INFO - Processing file /Users/rtewelde/airflow_venv/lib/python3.11/site-packages/airflow/example_dags/example_branch_operator.py for tasks to queue
[2024-09-24T07:39:16.607+0100] {logging_mixin.py:190} INFO - [2024-09-24T07:39:16.606+0100] {dagbag.py:588} INFO - Filling up the DagBag from /Users/rtewelde/airflow_venv/lib/python3.11/site-packages/airflow/example_dags/example_branch_operator.py
[2024-09-24T07:39:16.629+0100] {processor.py:927} WARNING - No viable dags retrieved from /Users/rtewelde/airflow_venv/lib/python3.11/site-packages/airflow/example_dags/example_branch_operator.py
[2024-09-24T07:39:16.781+0100] {processor.py:208} INFO - Processing /Users/rtewelde/airflow_venv/lib/python3.11/site-packages/airflow/example_dags/example_branch_operator.py took 0.181 seconds
[2024-09-24T07:44:21.028+0100] {processor.py:186} INFO - Started process (PID=19790) to work on /Users/rtewelde/airflow_venv/lib/python3.11/site-packages/airflow/example_dags/example_branch_operator.py
[2024-09-24T07:44:21.030+0100] {processor.py:914} INFO - Processing file /Users/rtewelde/airflow_venv/lib/python3.11/site-packages/airflow/example_dags/example_branch_operator.py for tasks to queue
[2024-09-24T07:44:21.031+0100] {logging_mixin.py:190} INFO - [2024-09-24T07:44:21.031+0100] {dagbag.py:588} INFO - Filling up the DagBag from /Users/rtewelde/airflow_venv/lib/python3.11/site-packages/airflow/example_dags/example_branch_operator.py
[2024-09-24T07:44:21.050+0100] {processor.py:927} WARNING - No viable dags retrieved from /Users/rtewelde/airflow_venv/lib/python3.11/site-packages/airflow/example_dags/example_branch_operator.py
[2024-09-24T07:44:21.204+0100] {processor.py:208} INFO - Processing /Users/rtewelde/airflow_venv/lib/python3.11/site-packages/airflow/example_dags/example_branch_operator.py took 0.177 seconds
[2024-09-24T07:49:29.057+0100] {processor.py:186} INFO - Started process (PID=21206) to work on /Users/rtewelde/airflow_venv/lib/python3.11/site-packages/airflow/example_dags/example_branch_operator.py
[2024-09-24T07:49:29.058+0100] {processor.py:914} INFO - Processing file /Users/rtewelde/airflow_venv/lib/python3.11/site-packages/airflow/example_dags/example_branch_operator.py for tasks to queue
[2024-09-24T07:49:29.059+0100] {logging_mixin.py:190} INFO - [2024-09-24T07:49:29.059+0100] {dagbag.py:588} INFO - Filling up the DagBag from /Users/rtewelde/airflow_venv/lib/python3.11/site-packages/airflow/example_dags/example_branch_operator.py
[2024-09-24T07:49:29.078+0100] {processor.py:927} WARNING - No viable dags retrieved from /Users/rtewelde/airflow_venv/lib/python3.11/site-packages/airflow/example_dags/example_branch_operator.py
[2024-09-24T07:49:29.245+0100] {processor.py:208} INFO - Processing /Users/rtewelde/airflow_venv/lib/python3.11/site-packages/airflow/example_dags/example_branch_operator.py took 0.192 seconds
[2024-09-24T07:54:40.163+0100] {processor.py:186} INFO - Started process (PID=22620) to work on /Users/rtewelde/airflow_venv/lib/python3.11/site-packages/airflow/example_dags/example_branch_operator.py
[2024-09-24T07:54:40.163+0100] {processor.py:914} INFO - Processing file /Users/rtewelde/airflow_venv/lib/python3.11/site-packages/airflow/example_dags/example_branch_operator.py for tasks to queue
[2024-09-24T07:54:40.165+0100] {logging_mixin.py:190} INFO - [2024-09-24T07:54:40.165+0100] {dagbag.py:588} INFO - Filling up the DagBag from /Users/rtewelde/airflow_venv/lib/python3.11/site-packages/airflow/example_dags/example_branch_operator.py
[2024-09-24T07:54:40.191+0100] {processor.py:927} WARNING - No viable dags retrieved from /Users/rtewelde/airflow_venv/lib/python3.11/site-packages/airflow/example_dags/example_branch_operator.py
[2024-09-24T07:54:40.380+0100] {processor.py:208} INFO - Processing /Users/rtewelde/airflow_venv/lib/python3.11/site-packages/airflow/example_dags/example_branch_operator.py took 0.220 seconds
[2024-09-24T07:59:44.810+0100] {processor.py:186} INFO - Started process (PID=24001) to work on /Users/rtewelde/airflow_venv/lib/python3.11/site-packages/airflow/example_dags/example_branch_operator.py
[2024-09-24T07:59:44.811+0100] {processor.py:914} INFO - Processing file /Users/rtewelde/airflow_venv/lib/python3.11/site-packages/airflow/example_dags/example_branch_operator.py for tasks to queue
[2024-09-24T07:59:44.812+0100] {logging_mixin.py:190} INFO - [2024-09-24T07:59:44.812+0100] {dagbag.py:588} INFO - Filling up the DagBag from /Users/rtewelde/airflow_venv/lib/python3.11/site-packages/airflow/example_dags/example_branch_operator.py
[2024-09-24T07:59:44.831+0100] {processor.py:927} WARNING - No viable dags retrieved from /Users/rtewelde/airflow_venv/lib/python3.11/site-packages/airflow/example_dags/example_branch_operator.py
[2024-09-24T07:59:44.993+0100] {processor.py:208} INFO - Processing /Users/rtewelde/airflow_venv/lib/python3.11/site-packages/airflow/example_dags/example_branch_operator.py took 0.186 seconds
[2024-09-24T08:05:02.509+0100] {processor.py:186} INFO - Started process (PID=25473) to work on /Users/rtewelde/airflow_venv/lib/python3.11/site-packages/airflow/example_dags/example_branch_operator.py
[2024-09-24T08:05:02.511+0100] {processor.py:914} INFO - Processing file /Users/rtewelde/airflow_venv/lib/python3.11/site-packages/airflow/example_dags/example_branch_operator.py for tasks to queue
[2024-09-24T08:05:02.512+0100] {logging_mixin.py:190} INFO - [2024-09-24T08:05:02.512+0100] {dagbag.py:588} INFO - Filling up the DagBag from /Users/rtewelde/airflow_venv/lib/python3.11/site-packages/airflow/example_dags/example_branch_operator.py
[2024-09-24T08:05:02.531+0100] {processor.py:927} WARNING - No viable dags retrieved from /Users/rtewelde/airflow_venv/lib/python3.11/site-packages/airflow/example_dags/example_branch_operator.py
[2024-09-24T08:05:02.759+0100] {processor.py:208} INFO - Processing /Users/rtewelde/airflow_venv/lib/python3.11/site-packages/airflow/example_dags/example_branch_operator.py took 0.252 seconds
[2024-09-24T08:44:38.727+0100] {processor.py:186} INFO - Started process (PID=27876) to work on /Users/rtewelde/airflow_venv/lib/python3.11/site-packages/airflow/example_dags/example_branch_operator.py
[2024-09-24T08:44:38.731+0100] {processor.py:914} INFO - Processing file /Users/rtewelde/airflow_venv/lib/python3.11/site-packages/airflow/example_dags/example_branch_operator.py for tasks to queue
[2024-09-24T08:44:38.735+0100] {logging_mixin.py:190} INFO - [2024-09-24T08:44:38.734+0100] {dagbag.py:588} INFO - Filling up the DagBag from /Users/rtewelde/airflow_venv/lib/python3.11/site-packages/airflow/example_dags/example_branch_operator.py
[2024-09-24T08:44:38.806+0100] {processor.py:927} WARNING - No viable dags retrieved from /Users/rtewelde/airflow_venv/lib/python3.11/site-packages/airflow/example_dags/example_branch_operator.py
[2024-09-24T08:44:39.375+0100] {processor.py:208} INFO - Processing /Users/rtewelde/airflow_venv/lib/python3.11/site-packages/airflow/example_dags/example_branch_operator.py took 0.657 seconds
[2024-09-24T08:52:49.401+0100] {processor.py:186} INFO - Started process (PID=29986) to work on /Users/rtewelde/airflow_venv/lib/python3.11/site-packages/airflow/example_dags/example_branch_operator.py
[2024-09-24T08:52:49.406+0100] {processor.py:914} INFO - Processing file /Users/rtewelde/airflow_venv/lib/python3.11/site-packages/airflow/example_dags/example_branch_operator.py for tasks to queue
[2024-09-24T08:52:49.409+0100] {logging_mixin.py:190} INFO - [2024-09-24T08:52:49.409+0100] {dagbag.py:588} INFO - Filling up the DagBag from /Users/rtewelde/airflow_venv/lib/python3.11/site-packages/airflow/example_dags/example_branch_operator.py
[2024-09-24T08:52:49.487+0100] {processor.py:927} WARNING - No viable dags retrieved from /Users/rtewelde/airflow_venv/lib/python3.11/site-packages/airflow/example_dags/example_branch_operator.py
[2024-09-24T08:52:50.051+0100] {processor.py:208} INFO - Processing /Users/rtewelde/airflow_venv/lib/python3.11/site-packages/airflow/example_dags/example_branch_operator.py took 0.663 seconds
[2024-09-24T09:06:58.154+0100] {processor.py:186} INFO - Started process (PID=33665) to work on /Users/rtewelde/airflow_venv/lib/python3.11/site-packages/airflow/example_dags/example_branch_operator.py
[2024-09-24T09:06:58.157+0100] {processor.py:914} INFO - Processing file /Users/rtewelde/airflow_venv/lib/python3.11/site-packages/airflow/example_dags/example_branch_operator.py for tasks to queue
[2024-09-24T09:06:58.159+0100] {logging_mixin.py:190} INFO - [2024-09-24T09:06:58.159+0100] {dagbag.py:588} INFO - Filling up the DagBag from /Users/rtewelde/airflow_venv/lib/python3.11/site-packages/airflow/example_dags/example_branch_operator.py
[2024-09-24T09:06:58.208+0100] {processor.py:927} WARNING - No viable dags retrieved from /Users/rtewelde/airflow_venv/lib/python3.11/site-packages/airflow/example_dags/example_branch_operator.py
[2024-09-24T09:06:58.576+0100] {processor.py:208} INFO - Processing /Users/rtewelde/airflow_venv/lib/python3.11/site-packages/airflow/example_dags/example_branch_operator.py took 0.428 seconds
[2024-09-24T10:36:07.639+0100] {processor.py:186} INFO - Started process (PID=36846) to work on /Users/rtewelde/airflow_venv/lib/python3.11/site-packages/airflow/example_dags/example_branch_operator.py
[2024-09-24T10:36:07.642+0100] {processor.py:914} INFO - Processing file /Users/rtewelde/airflow_venv/lib/python3.11/site-packages/airflow/example_dags/example_branch_operator.py for tasks to queue
[2024-09-24T10:36:07.645+0100] {logging_mixin.py:190} INFO - [2024-09-24T10:36:07.644+0100] {dagbag.py:588} INFO - Filling up the DagBag from /Users/rtewelde/airflow_venv/lib/python3.11/site-packages/airflow/example_dags/example_branch_operator.py
[2024-09-24T10:36:07.717+0100] {processor.py:927} WARNING - No viable dags retrieved from /Users/rtewelde/airflow_venv/lib/python3.11/site-packages/airflow/example_dags/example_branch_operator.py
[2024-09-24T10:36:08.215+0100] {processor.py:208} INFO - Processing /Users/rtewelde/airflow_venv/lib/python3.11/site-packages/airflow/example_dags/example_branch_operator.py took 0.584 seconds
[2024-09-24T11:07:19.809+0100] {processor.py:186} INFO - Started process (PID=40962) to work on /Users/rtewelde/airflow_venv/lib/python3.11/site-packages/airflow/example_dags/example_branch_operator.py
[2024-09-24T11:07:19.813+0100] {processor.py:914} INFO - Processing file /Users/rtewelde/airflow_venv/lib/python3.11/site-packages/airflow/example_dags/example_branch_operator.py for tasks to queue
[2024-09-24T11:07:19.817+0100] {logging_mixin.py:190} INFO - [2024-09-24T11:07:19.816+0100] {dagbag.py:588} INFO - Filling up the DagBag from /Users/rtewelde/airflow_venv/lib/python3.11/site-packages/airflow/example_dags/example_branch_operator.py
[2024-09-24T11:07:19.886+0100] {processor.py:927} WARNING - No viable dags retrieved from /Users/rtewelde/airflow_venv/lib/python3.11/site-packages/airflow/example_dags/example_branch_operator.py
[2024-09-24T11:07:20.456+0100] {processor.py:208} INFO - Processing /Users/rtewelde/airflow_venv/lib/python3.11/site-packages/airflow/example_dags/example_branch_operator.py took 0.657 seconds
[2024-09-24T11:23:49.047+0100] {processor.py:186} INFO - Started process (PID=45275) to work on /Users/rtewelde/airflow_venv/lib/python3.11/site-packages/airflow/example_dags/example_branch_operator.py
[2024-09-24T11:23:49.051+0100] {processor.py:914} INFO - Processing file /Users/rtewelde/airflow_venv/lib/python3.11/site-packages/airflow/example_dags/example_branch_operator.py for tasks to queue
[2024-09-24T11:23:49.055+0100] {logging_mixin.py:190} INFO - [2024-09-24T11:23:49.054+0100] {dagbag.py:588} INFO - Filling up the DagBag from /Users/rtewelde/airflow_venv/lib/python3.11/site-packages/airflow/example_dags/example_branch_operator.py
[2024-09-24T11:23:49.117+0100] {processor.py:927} WARNING - No viable dags retrieved from /Users/rtewelde/airflow_venv/lib/python3.11/site-packages/airflow/example_dags/example_branch_operator.py
[2024-09-24T11:23:49.626+0100] {processor.py:208} INFO - Processing /Users/rtewelde/airflow_venv/lib/python3.11/site-packages/airflow/example_dags/example_branch_operator.py took 0.591 seconds
[2024-09-24T11:39:25.831+0100] {processor.py:186} INFO - Started process (PID=49275) to work on /Users/rtewelde/airflow_venv/lib/python3.11/site-packages/airflow/example_dags/example_branch_operator.py
[2024-09-24T11:39:25.834+0100] {processor.py:914} INFO - Processing file /Users/rtewelde/airflow_venv/lib/python3.11/site-packages/airflow/example_dags/example_branch_operator.py for tasks to queue
[2024-09-24T11:39:25.837+0100] {logging_mixin.py:190} INFO - [2024-09-24T11:39:25.837+0100] {dagbag.py:588} INFO - Filling up the DagBag from /Users/rtewelde/airflow_venv/lib/python3.11/site-packages/airflow/example_dags/example_branch_operator.py
[2024-09-24T11:39:25.904+0100] {processor.py:927} WARNING - No viable dags retrieved from /Users/rtewelde/airflow_venv/lib/python3.11/site-packages/airflow/example_dags/example_branch_operator.py
[2024-09-24T11:39:26.394+0100] {processor.py:208} INFO - Processing /Users/rtewelde/airflow_venv/lib/python3.11/site-packages/airflow/example_dags/example_branch_operator.py took 0.572 seconds
[2024-09-24T12:10:13.621+0100] {processor.py:186} INFO - Started process (PID=53079) to work on /Users/rtewelde/airflow_venv/lib/python3.11/site-packages/airflow/example_dags/example_branch_operator.py
[2024-09-24T12:10:13.625+0100] {processor.py:914} INFO - Processing file /Users/rtewelde/airflow_venv/lib/python3.11/site-packages/airflow/example_dags/example_branch_operator.py for tasks to queue
[2024-09-24T12:10:13.628+0100] {logging_mixin.py:190} INFO - [2024-09-24T12:10:13.627+0100] {dagbag.py:588} INFO - Filling up the DagBag from /Users/rtewelde/airflow_venv/lib/python3.11/site-packages/airflow/example_dags/example_branch_operator.py
[2024-09-24T12:10:13.683+0100] {processor.py:927} WARNING - No viable dags retrieved from /Users/rtewelde/airflow_venv/lib/python3.11/site-packages/airflow/example_dags/example_branch_operator.py
[2024-09-24T12:10:14.132+0100] {processor.py:208} INFO - Processing /Users/rtewelde/airflow_venv/lib/python3.11/site-packages/airflow/example_dags/example_branch_operator.py took 0.521 seconds
[2024-09-24T12:58:59.461+0100] {processor.py:186} INFO - Started process (PID=56833) to work on /Users/rtewelde/airflow_venv/lib/python3.11/site-packages/airflow/example_dags/example_branch_operator.py
[2024-09-24T12:58:59.464+0100] {processor.py:914} INFO - Processing file /Users/rtewelde/airflow_venv/lib/python3.11/site-packages/airflow/example_dags/example_branch_operator.py for tasks to queue
[2024-09-24T12:58:59.468+0100] {logging_mixin.py:190} INFO - [2024-09-24T12:58:59.467+0100] {dagbag.py:588} INFO - Filling up the DagBag from /Users/rtewelde/airflow_venv/lib/python3.11/site-packages/airflow/example_dags/example_branch_operator.py
[2024-09-24T12:58:59.530+0100] {processor.py:927} WARNING - No viable dags retrieved from /Users/rtewelde/airflow_venv/lib/python3.11/site-packages/airflow/example_dags/example_branch_operator.py
[2024-09-24T12:59:00.109+0100] {processor.py:208} INFO - Processing /Users/rtewelde/airflow_venv/lib/python3.11/site-packages/airflow/example_dags/example_branch_operator.py took 0.657 seconds
[2024-09-24T14:21:57.665+0100] {processor.py:186} INFO - Started process (PID=60310) to work on /Users/rtewelde/airflow_venv/lib/python3.11/site-packages/airflow/example_dags/example_branch_operator.py
[2024-09-24T14:21:57.668+0100] {processor.py:914} INFO - Processing file /Users/rtewelde/airflow_venv/lib/python3.11/site-packages/airflow/example_dags/example_branch_operator.py for tasks to queue
[2024-09-24T14:21:57.671+0100] {logging_mixin.py:190} INFO - [2024-09-24T14:21:57.671+0100] {dagbag.py:588} INFO - Filling up the DagBag from /Users/rtewelde/airflow_venv/lib/python3.11/site-packages/airflow/example_dags/example_branch_operator.py
[2024-09-24T14:21:57.737+0100] {processor.py:927} WARNING - No viable dags retrieved from /Users/rtewelde/airflow_venv/lib/python3.11/site-packages/airflow/example_dags/example_branch_operator.py
[2024-09-24T14:21:58.257+0100] {processor.py:208} INFO - Processing /Users/rtewelde/airflow_venv/lib/python3.11/site-packages/airflow/example_dags/example_branch_operator.py took 0.605 seconds
[2024-09-24T18:00:13.921+0100] {processor.py:186} INFO - Started process (PID=63504) to work on /Users/rtewelde/airflow_venv/lib/python3.11/site-packages/airflow/example_dags/example_branch_operator.py
[2024-09-24T18:00:13.923+0100] {processor.py:914} INFO - Processing file /Users/rtewelde/airflow_venv/lib/python3.11/site-packages/airflow/example_dags/example_branch_operator.py for tasks to queue
[2024-09-24T18:00:13.925+0100] {logging_mixin.py:190} INFO - [2024-09-24T18:00:13.924+0100] {dagbag.py:588} INFO - Filling up the DagBag from /Users/rtewelde/airflow_venv/lib/python3.11/site-packages/airflow/example_dags/example_branch_operator.py
[2024-09-24T18:00:13.963+0100] {processor.py:927} WARNING - No viable dags retrieved from /Users/rtewelde/airflow_venv/lib/python3.11/site-packages/airflow/example_dags/example_branch_operator.py
[2024-09-24T18:00:14.269+0100] {processor.py:208} INFO - Processing /Users/rtewelde/airflow_venv/lib/python3.11/site-packages/airflow/example_dags/example_branch_operator.py took 0.354 seconds
[2024-09-24T18:09:02.374+0100] {processor.py:186} INFO - Started process (PID=65831) to work on /Users/rtewelde/airflow_venv/lib/python3.11/site-packages/airflow/example_dags/example_branch_operator.py
[2024-09-24T18:09:02.376+0100] {processor.py:914} INFO - Processing file /Users/rtewelde/airflow_venv/lib/python3.11/site-packages/airflow/example_dags/example_branch_operator.py for tasks to queue
[2024-09-24T18:09:02.377+0100] {logging_mixin.py:190} INFO - [2024-09-24T18:09:02.377+0100] {dagbag.py:588} INFO - Filling up the DagBag from /Users/rtewelde/airflow_venv/lib/python3.11/site-packages/airflow/example_dags/example_branch_operator.py
[2024-09-24T18:09:02.411+0100] {processor.py:927} WARNING - No viable dags retrieved from /Users/rtewelde/airflow_venv/lib/python3.11/site-packages/airflow/example_dags/example_branch_operator.py
[2024-09-24T18:09:02.711+0100] {processor.py:208} INFO - Processing /Users/rtewelde/airflow_venv/lib/python3.11/site-packages/airflow/example_dags/example_branch_operator.py took 0.342 seconds
[2024-09-24T18:18:22.872+0100] {processor.py:186} INFO - Started process (PID=68306) to work on /Users/rtewelde/airflow_venv/lib/python3.11/site-packages/airflow/example_dags/example_branch_operator.py
[2024-09-24T18:18:22.874+0100] {processor.py:914} INFO - Processing file /Users/rtewelde/airflow_venv/lib/python3.11/site-packages/airflow/example_dags/example_branch_operator.py for tasks to queue
[2024-09-24T18:18:22.876+0100] {logging_mixin.py:190} INFO - [2024-09-24T18:18:22.875+0100] {dagbag.py:588} INFO - Filling up the DagBag from /Users/rtewelde/airflow_venv/lib/python3.11/site-packages/airflow/example_dags/example_branch_operator.py
[2024-09-24T18:18:22.913+0100] {processor.py:927} WARNING - No viable dags retrieved from /Users/rtewelde/airflow_venv/lib/python3.11/site-packages/airflow/example_dags/example_branch_operator.py
[2024-09-24T18:18:23.197+0100] {processor.py:208} INFO - Processing /Users/rtewelde/airflow_venv/lib/python3.11/site-packages/airflow/example_dags/example_branch_operator.py took 0.330 seconds
[2024-09-24T18:31:53.183+0100] {processor.py:186} INFO - Started process (PID=71791) to work on /Users/rtewelde/airflow_venv/lib/python3.11/site-packages/airflow/example_dags/example_branch_operator.py
[2024-09-24T18:31:53.187+0100] {processor.py:914} INFO - Processing file /Users/rtewelde/airflow_venv/lib/python3.11/site-packages/airflow/example_dags/example_branch_operator.py for tasks to queue
[2024-09-24T18:31:53.190+0100] {logging_mixin.py:190} INFO - [2024-09-24T18:31:53.189+0100] {dagbag.py:588} INFO - Filling up the DagBag from /Users/rtewelde/airflow_venv/lib/python3.11/site-packages/airflow/example_dags/example_branch_operator.py
[2024-09-24T18:31:53.258+0100] {processor.py:927} WARNING - No viable dags retrieved from /Users/rtewelde/airflow_venv/lib/python3.11/site-packages/airflow/example_dags/example_branch_operator.py
[2024-09-24T18:31:53.774+0100] {processor.py:208} INFO - Processing /Users/rtewelde/airflow_venv/lib/python3.11/site-packages/airflow/example_dags/example_branch_operator.py took 0.599 seconds
[2024-09-24T18:44:24.817+0100] {processor.py:186} INFO - Started process (PID=75233) to work on /Users/rtewelde/airflow_venv/lib/python3.11/site-packages/airflow/example_dags/example_branch_operator.py
[2024-09-24T18:44:24.818+0100] {processor.py:914} INFO - Processing file /Users/rtewelde/airflow_venv/lib/python3.11/site-packages/airflow/example_dags/example_branch_operator.py for tasks to queue
[2024-09-24T18:44:24.819+0100] {logging_mixin.py:190} INFO - [2024-09-24T18:44:24.819+0100] {dagbag.py:588} INFO - Filling up the DagBag from /Users/rtewelde/airflow_venv/lib/python3.11/site-packages/airflow/example_dags/example_branch_operator.py
[2024-09-24T18:44:24.836+0100] {processor.py:927} WARNING - No viable dags retrieved from /Users/rtewelde/airflow_venv/lib/python3.11/site-packages/airflow/example_dags/example_branch_operator.py
[2024-09-24T18:44:24.973+0100] {processor.py:208} INFO - Processing /Users/rtewelde/airflow_venv/lib/python3.11/site-packages/airflow/example_dags/example_branch_operator.py took 0.158 seconds
[2024-09-24T19:01:16.448+0100] {processor.py:186} INFO - Started process (PID=76122) to work on /Users/rtewelde/airflow_venv/lib/python3.11/site-packages/airflow/example_dags/example_branch_operator.py
[2024-09-24T19:01:16.449+0100] {processor.py:914} INFO - Processing file /Users/rtewelde/airflow_venv/lib/python3.11/site-packages/airflow/example_dags/example_branch_operator.py for tasks to queue
[2024-09-24T19:01:16.450+0100] {logging_mixin.py:190} INFO - [2024-09-24T19:01:16.450+0100] {dagbag.py:588} INFO - Filling up the DagBag from /Users/rtewelde/airflow_venv/lib/python3.11/site-packages/airflow/example_dags/example_branch_operator.py
[2024-09-24T19:01:16.468+0100] {processor.py:927} WARNING - No viable dags retrieved from /Users/rtewelde/airflow_venv/lib/python3.11/site-packages/airflow/example_dags/example_branch_operator.py
[2024-09-24T19:01:16.616+0100] {processor.py:208} INFO - Processing /Users/rtewelde/airflow_venv/lib/python3.11/site-packages/airflow/example_dags/example_branch_operator.py took 0.170 seconds
[2024-09-24T19:06:03.123+0100] {processor.py:186} INFO - Started process (PID=77492) to work on /Users/rtewelde/airflow_venv/lib/python3.11/site-packages/airflow/example_dags/example_branch_operator.py
[2024-09-24T19:06:03.124+0100] {processor.py:914} INFO - Processing file /Users/rtewelde/airflow_venv/lib/python3.11/site-packages/airflow/example_dags/example_branch_operator.py for tasks to queue
[2024-09-24T19:06:03.125+0100] {logging_mixin.py:190} INFO - [2024-09-24T19:06:03.125+0100] {dagbag.py:588} INFO - Filling up the DagBag from /Users/rtewelde/airflow_venv/lib/python3.11/site-packages/airflow/example_dags/example_branch_operator.py
[2024-09-24T19:06:03.147+0100] {processor.py:927} WARNING - No viable dags retrieved from /Users/rtewelde/airflow_venv/lib/python3.11/site-packages/airflow/example_dags/example_branch_operator.py
[2024-09-24T19:06:03.296+0100] {processor.py:208} INFO - Processing /Users/rtewelde/airflow_venv/lib/python3.11/site-packages/airflow/example_dags/example_branch_operator.py took 0.176 seconds
[2024-09-24T19:11:13.750+0100] {processor.py:186} INFO - Started process (PID=78963) to work on /Users/rtewelde/airflow_venv/lib/python3.11/site-packages/airflow/example_dags/example_branch_operator.py
[2024-09-24T19:11:13.751+0100] {processor.py:914} INFO - Processing file /Users/rtewelde/airflow_venv/lib/python3.11/site-packages/airflow/example_dags/example_branch_operator.py for tasks to queue
[2024-09-24T19:11:13.752+0100] {logging_mixin.py:190} INFO - [2024-09-24T19:11:13.752+0100] {dagbag.py:588} INFO - Filling up the DagBag from /Users/rtewelde/airflow_venv/lib/python3.11/site-packages/airflow/example_dags/example_branch_operator.py
[2024-09-24T19:11:13.772+0100] {processor.py:927} WARNING - No viable dags retrieved from /Users/rtewelde/airflow_venv/lib/python3.11/site-packages/airflow/example_dags/example_branch_operator.py
[2024-09-24T19:11:13.917+0100] {processor.py:208} INFO - Processing /Users/rtewelde/airflow_venv/lib/python3.11/site-packages/airflow/example_dags/example_branch_operator.py took 0.169 seconds
[2024-09-24T19:16:35.294+0100] {processor.py:186} INFO - Started process (PID=80501) to work on /Users/rtewelde/airflow_venv/lib/python3.11/site-packages/airflow/example_dags/example_branch_operator.py
[2024-09-24T19:16:35.295+0100] {processor.py:914} INFO - Processing file /Users/rtewelde/airflow_venv/lib/python3.11/site-packages/airflow/example_dags/example_branch_operator.py for tasks to queue
[2024-09-24T19:16:35.296+0100] {logging_mixin.py:190} INFO - [2024-09-24T19:16:35.296+0100] {dagbag.py:588} INFO - Filling up the DagBag from /Users/rtewelde/airflow_venv/lib/python3.11/site-packages/airflow/example_dags/example_branch_operator.py
[2024-09-24T19:16:35.319+0100] {processor.py:927} WARNING - No viable dags retrieved from /Users/rtewelde/airflow_venv/lib/python3.11/site-packages/airflow/example_dags/example_branch_operator.py
[2024-09-24T19:16:35.512+0100] {processor.py:208} INFO - Processing /Users/rtewelde/airflow_venv/lib/python3.11/site-packages/airflow/example_dags/example_branch_operator.py took 0.221 seconds
[2024-09-24T19:21:48.163+0100] {processor.py:186} INFO - Started process (PID=82011) to work on /Users/rtewelde/airflow_venv/lib/python3.11/site-packages/airflow/example_dags/example_branch_operator.py
[2024-09-24T19:21:48.164+0100] {processor.py:914} INFO - Processing file /Users/rtewelde/airflow_venv/lib/python3.11/site-packages/airflow/example_dags/example_branch_operator.py for tasks to queue
[2024-09-24T19:21:48.166+0100] {logging_mixin.py:190} INFO - [2024-09-24T19:21:48.165+0100] {dagbag.py:588} INFO - Filling up the DagBag from /Users/rtewelde/airflow_venv/lib/python3.11/site-packages/airflow/example_dags/example_branch_operator.py
[2024-09-24T19:21:48.183+0100] {processor.py:927} WARNING - No viable dags retrieved from /Users/rtewelde/airflow_venv/lib/python3.11/site-packages/airflow/example_dags/example_branch_operator.py
[2024-09-24T19:21:48.326+0100] {processor.py:208} INFO - Processing /Users/rtewelde/airflow_venv/lib/python3.11/site-packages/airflow/example_dags/example_branch_operator.py took 0.165 seconds
[2024-09-24T19:26:57.196+0100] {processor.py:186} INFO - Started process (PID=83436) to work on /Users/rtewelde/airflow_venv/lib/python3.11/site-packages/airflow/example_dags/example_branch_operator.py
[2024-09-24T19:26:57.201+0100] {processor.py:914} INFO - Processing file /Users/rtewelde/airflow_venv/lib/python3.11/site-packages/airflow/example_dags/example_branch_operator.py for tasks to queue
[2024-09-24T19:26:57.204+0100] {logging_mixin.py:190} INFO - [2024-09-24T19:26:57.203+0100] {dagbag.py:588} INFO - Filling up the DagBag from /Users/rtewelde/airflow_venv/lib/python3.11/site-packages/airflow/example_dags/example_branch_operator.py
[2024-09-24T19:26:57.241+0100] {processor.py:927} WARNING - No viable dags retrieved from /Users/rtewelde/airflow_venv/lib/python3.11/site-packages/airflow/example_dags/example_branch_operator.py
[2024-09-24T19:26:57.437+0100] {processor.py:208} INFO - Processing /Users/rtewelde/airflow_venv/lib/python3.11/site-packages/airflow/example_dags/example_branch_operator.py took 0.244 seconds
[2024-09-24T19:32:46.506+0100] {processor.py:186} INFO - Started process (PID=85011) to work on /Users/rtewelde/airflow_venv/lib/python3.11/site-packages/airflow/example_dags/example_branch_operator.py
[2024-09-24T19:32:46.508+0100] {processor.py:914} INFO - Processing file /Users/rtewelde/airflow_venv/lib/python3.11/site-packages/airflow/example_dags/example_branch_operator.py for tasks to queue
[2024-09-24T19:32:46.509+0100] {logging_mixin.py:190} INFO - [2024-09-24T19:32:46.509+0100] {dagbag.py:588} INFO - Filling up the DagBag from /Users/rtewelde/airflow_venv/lib/python3.11/site-packages/airflow/example_dags/example_branch_operator.py
[2024-09-24T19:32:46.527+0100] {processor.py:927} WARNING - No viable dags retrieved from /Users/rtewelde/airflow_venv/lib/python3.11/site-packages/airflow/example_dags/example_branch_operator.py
[2024-09-24T19:32:46.668+0100] {processor.py:208} INFO - Processing /Users/rtewelde/airflow_venv/lib/python3.11/site-packages/airflow/example_dags/example_branch_operator.py took 0.165 seconds
[2024-09-24T19:37:29.107+0100] {processor.py:186} INFO - Started process (PID=86325) to work on /Users/rtewelde/airflow_venv/lib/python3.11/site-packages/airflow/example_dags/example_branch_operator.py
[2024-09-24T19:37:29.108+0100] {processor.py:914} INFO - Processing file /Users/rtewelde/airflow_venv/lib/python3.11/site-packages/airflow/example_dags/example_branch_operator.py for tasks to queue
[2024-09-24T19:37:29.113+0100] {logging_mixin.py:190} INFO - [2024-09-24T19:37:29.113+0100] {dagbag.py:588} INFO - Filling up the DagBag from /Users/rtewelde/airflow_venv/lib/python3.11/site-packages/airflow/example_dags/example_branch_operator.py
[2024-09-24T19:37:29.140+0100] {processor.py:927} WARNING - No viable dags retrieved from /Users/rtewelde/airflow_venv/lib/python3.11/site-packages/airflow/example_dags/example_branch_operator.py
[2024-09-24T19:37:29.347+0100] {processor.py:208} INFO - Processing /Users/rtewelde/airflow_venv/lib/python3.11/site-packages/airflow/example_dags/example_branch_operator.py took 0.243 seconds
[2024-09-24T19:42:35.808+0100] {processor.py:186} INFO - Started process (PID=87851) to work on /Users/rtewelde/airflow_venv/lib/python3.11/site-packages/airflow/example_dags/example_branch_operator.py
[2024-09-24T19:42:35.809+0100] {processor.py:914} INFO - Processing file /Users/rtewelde/airflow_venv/lib/python3.11/site-packages/airflow/example_dags/example_branch_operator.py for tasks to queue
[2024-09-24T19:42:35.810+0100] {logging_mixin.py:190} INFO - [2024-09-24T19:42:35.810+0100] {dagbag.py:588} INFO - Filling up the DagBag from /Users/rtewelde/airflow_venv/lib/python3.11/site-packages/airflow/example_dags/example_branch_operator.py
[2024-09-24T19:42:35.830+0100] {processor.py:927} WARNING - No viable dags retrieved from /Users/rtewelde/airflow_venv/lib/python3.11/site-packages/airflow/example_dags/example_branch_operator.py
[2024-09-24T19:42:35.972+0100] {processor.py:208} INFO - Processing /Users/rtewelde/airflow_venv/lib/python3.11/site-packages/airflow/example_dags/example_branch_operator.py took 0.166 seconds
[2024-09-24T19:47:34.434+0100] {processor.py:186} INFO - Started process (PID=89376) to work on /Users/rtewelde/airflow_venv/lib/python3.11/site-packages/airflow/example_dags/example_branch_operator.py
[2024-09-24T19:47:34.435+0100] {processor.py:914} INFO - Processing file /Users/rtewelde/airflow_venv/lib/python3.11/site-packages/airflow/example_dags/example_branch_operator.py for tasks to queue
[2024-09-24T19:47:34.436+0100] {logging_mixin.py:190} INFO - [2024-09-24T19:47:34.436+0100] {dagbag.py:588} INFO - Filling up the DagBag from /Users/rtewelde/airflow_venv/lib/python3.11/site-packages/airflow/example_dags/example_branch_operator.py
[2024-09-24T19:47:34.453+0100] {processor.py:927} WARNING - No viable dags retrieved from /Users/rtewelde/airflow_venv/lib/python3.11/site-packages/airflow/example_dags/example_branch_operator.py
[2024-09-24T19:47:34.599+0100] {processor.py:208} INFO - Processing /Users/rtewelde/airflow_venv/lib/python3.11/site-packages/airflow/example_dags/example_branch_operator.py took 0.168 seconds
[2024-09-24T19:52:24.407+0100] {processor.py:186} INFO - Started process (PID=90735) to work on /Users/rtewelde/airflow_venv/lib/python3.11/site-packages/airflow/example_dags/example_branch_operator.py
[2024-09-24T19:52:24.408+0100] {processor.py:914} INFO - Processing file /Users/rtewelde/airflow_venv/lib/python3.11/site-packages/airflow/example_dags/example_branch_operator.py for tasks to queue
[2024-09-24T19:52:24.409+0100] {logging_mixin.py:190} INFO - [2024-09-24T19:52:24.409+0100] {dagbag.py:588} INFO - Filling up the DagBag from /Users/rtewelde/airflow_venv/lib/python3.11/site-packages/airflow/example_dags/example_branch_operator.py
[2024-09-24T19:52:24.426+0100] {processor.py:927} WARNING - No viable dags retrieved from /Users/rtewelde/airflow_venv/lib/python3.11/site-packages/airflow/example_dags/example_branch_operator.py
[2024-09-24T19:52:24.569+0100] {processor.py:208} INFO - Processing /Users/rtewelde/airflow_venv/lib/python3.11/site-packages/airflow/example_dags/example_branch_operator.py took 0.164 seconds
[2024-09-24T19:58:05.920+0100] {processor.py:186} INFO - Started process (PID=92383) to work on /Users/rtewelde/airflow_venv/lib/python3.11/site-packages/airflow/example_dags/example_branch_operator.py
[2024-09-24T19:58:05.922+0100] {processor.py:914} INFO - Processing file /Users/rtewelde/airflow_venv/lib/python3.11/site-packages/airflow/example_dags/example_branch_operator.py for tasks to queue
[2024-09-24T19:58:05.923+0100] {logging_mixin.py:190} INFO - [2024-09-24T19:58:05.923+0100] {dagbag.py:588} INFO - Filling up the DagBag from /Users/rtewelde/airflow_venv/lib/python3.11/site-packages/airflow/example_dags/example_branch_operator.py
[2024-09-24T19:58:05.941+0100] {processor.py:927} WARNING - No viable dags retrieved from /Users/rtewelde/airflow_venv/lib/python3.11/site-packages/airflow/example_dags/example_branch_operator.py
[2024-09-24T19:58:06.083+0100] {processor.py:208} INFO - Processing /Users/rtewelde/airflow_venv/lib/python3.11/site-packages/airflow/example_dags/example_branch_operator.py took 0.165 seconds
[2024-09-24T20:03:44.207+0100] {processor.py:186} INFO - Started process (PID=93997) to work on /Users/rtewelde/airflow_venv/lib/python3.11/site-packages/airflow/example_dags/example_branch_operator.py
[2024-09-24T20:03:44.208+0100] {processor.py:914} INFO - Processing file /Users/rtewelde/airflow_venv/lib/python3.11/site-packages/airflow/example_dags/example_branch_operator.py for tasks to queue
[2024-09-24T20:03:44.210+0100] {logging_mixin.py:190} INFO - [2024-09-24T20:03:44.209+0100] {dagbag.py:588} INFO - Filling up the DagBag from /Users/rtewelde/airflow_venv/lib/python3.11/site-packages/airflow/example_dags/example_branch_operator.py
[2024-09-24T20:03:44.231+0100] {processor.py:927} WARNING - No viable dags retrieved from /Users/rtewelde/airflow_venv/lib/python3.11/site-packages/airflow/example_dags/example_branch_operator.py
[2024-09-24T20:03:44.382+0100] {processor.py:208} INFO - Processing /Users/rtewelde/airflow_venv/lib/python3.11/site-packages/airflow/example_dags/example_branch_operator.py took 0.177 seconds
[2024-09-24T20:08:31.964+0100] {processor.py:186} INFO - Started process (PID=95390) to work on /Users/rtewelde/airflow_venv/lib/python3.11/site-packages/airflow/example_dags/example_branch_operator.py
[2024-09-24T20:08:31.965+0100] {processor.py:914} INFO - Processing file /Users/rtewelde/airflow_venv/lib/python3.11/site-packages/airflow/example_dags/example_branch_operator.py for tasks to queue
[2024-09-24T20:08:31.966+0100] {logging_mixin.py:190} INFO - [2024-09-24T20:08:31.966+0100] {dagbag.py:588} INFO - Filling up the DagBag from /Users/rtewelde/airflow_venv/lib/python3.11/site-packages/airflow/example_dags/example_branch_operator.py
[2024-09-24T20:08:31.987+0100] {processor.py:927} WARNING - No viable dags retrieved from /Users/rtewelde/airflow_venv/lib/python3.11/site-packages/airflow/example_dags/example_branch_operator.py
[2024-09-24T20:08:32.156+0100] {processor.py:208} INFO - Processing /Users/rtewelde/airflow_venv/lib/python3.11/site-packages/airflow/example_dags/example_branch_operator.py took 0.194 seconds
[2024-09-24T20:13:46.904+0100] {processor.py:186} INFO - Started process (PID=96863) to work on /Users/rtewelde/airflow_venv/lib/python3.11/site-packages/airflow/example_dags/example_branch_operator.py
[2024-09-24T20:13:46.906+0100] {processor.py:914} INFO - Processing file /Users/rtewelde/airflow_venv/lib/python3.11/site-packages/airflow/example_dags/example_branch_operator.py for tasks to queue
[2024-09-24T20:13:46.907+0100] {logging_mixin.py:190} INFO - [2024-09-24T20:13:46.907+0100] {dagbag.py:588} INFO - Filling up the DagBag from /Users/rtewelde/airflow_venv/lib/python3.11/site-packages/airflow/example_dags/example_branch_operator.py
[2024-09-24T20:13:46.925+0100] {processor.py:927} WARNING - No viable dags retrieved from /Users/rtewelde/airflow_venv/lib/python3.11/site-packages/airflow/example_dags/example_branch_operator.py
[2024-09-24T20:13:47.065+0100] {processor.py:208} INFO - Processing /Users/rtewelde/airflow_venv/lib/python3.11/site-packages/airflow/example_dags/example_branch_operator.py took 0.163 seconds
[2024-09-24T20:18:26.005+0100] {processor.py:186} INFO - Started process (PID=98144) to work on /Users/rtewelde/airflow_venv/lib/python3.11/site-packages/airflow/example_dags/example_branch_operator.py
[2024-09-24T20:18:26.005+0100] {processor.py:914} INFO - Processing file /Users/rtewelde/airflow_venv/lib/python3.11/site-packages/airflow/example_dags/example_branch_operator.py for tasks to queue
[2024-09-24T20:18:26.006+0100] {logging_mixin.py:190} INFO - [2024-09-24T20:18:26.006+0100] {dagbag.py:588} INFO - Filling up the DagBag from /Users/rtewelde/airflow_venv/lib/python3.11/site-packages/airflow/example_dags/example_branch_operator.py
[2024-09-24T20:18:26.022+0100] {processor.py:927} WARNING - No viable dags retrieved from /Users/rtewelde/airflow_venv/lib/python3.11/site-packages/airflow/example_dags/example_branch_operator.py
[2024-09-24T20:18:26.159+0100] {processor.py:208} INFO - Processing /Users/rtewelde/airflow_venv/lib/python3.11/site-packages/airflow/example_dags/example_branch_operator.py took 0.156 seconds
[2024-09-24T20:23:10.563+0100] {processor.py:186} INFO - Started process (PID=99464) to work on /Users/rtewelde/airflow_venv/lib/python3.11/site-packages/airflow/example_dags/example_branch_operator.py
[2024-09-24T20:23:10.564+0100] {processor.py:914} INFO - Processing file /Users/rtewelde/airflow_venv/lib/python3.11/site-packages/airflow/example_dags/example_branch_operator.py for tasks to queue
[2024-09-24T20:23:10.565+0100] {logging_mixin.py:190} INFO - [2024-09-24T20:23:10.565+0100] {dagbag.py:588} INFO - Filling up the DagBag from /Users/rtewelde/airflow_venv/lib/python3.11/site-packages/airflow/example_dags/example_branch_operator.py
[2024-09-24T20:23:10.584+0100] {processor.py:927} WARNING - No viable dags retrieved from /Users/rtewelde/airflow_venv/lib/python3.11/site-packages/airflow/example_dags/example_branch_operator.py
[2024-09-24T20:23:10.734+0100] {processor.py:208} INFO - Processing /Users/rtewelde/airflow_venv/lib/python3.11/site-packages/airflow/example_dags/example_branch_operator.py took 0.173 seconds
