[2024-09-24T01:02:59.660+0100] {processor.py:186} INFO - Started process (PID=91434) to work on /Users/rtewelde/airflow_venv/lib/python3.11/site-packages/airflow/example_dags/example_branch_python_dop_operator_3.py
[2024-09-24T01:02:59.661+0100] {processor.py:914} INFO - Processing file /Users/rtewelde/airflow_venv/lib/python3.11/site-packages/airflow/example_dags/example_branch_python_dop_operator_3.py for tasks to queue
[2024-09-24T01:02:59.662+0100] {logging_mixin.py:190} INFO - [2024-09-24T01:02:59.662+0100] {dagbag.py:588} INFO - Filling up the DagBag from /Users/rtewelde/airflow_venv/lib/python3.11/site-packages/airflow/example_dags/example_branch_python_dop_operator_3.py
[2024-09-24T01:02:59.695+0100] {processor.py:925} INFO - DAG(s) 'example_branch_dop_operator_v3' retrieved from /Users/rtewelde/airflow_venv/lib/python3.11/site-packages/airflow/example_dags/example_branch_python_dop_operator_3.py
[2024-09-24T01:02:59.851+0100] {logging_mixin.py:190} INFO - [2024-09-24T01:02:59.851+0100] {dag.py:3239} INFO - Sync 1 DAGs
[2024-09-24T01:02:59.874+0100] {logging_mixin.py:190} INFO - [2024-09-24T01:02:59.874+0100] {dag.py:4180} INFO - Setting next_dagrun for example_branch_dop_operator_v3 to 2024-09-24 00:01:00+00:00, run_after=2024-09-24 00:02:00+00:00
[2024-09-24T01:02:59.893+0100] {processor.py:208} INFO - Processing /Users/rtewelde/airflow_venv/lib/python3.11/site-packages/airflow/example_dags/example_branch_python_dop_operator_3.py took 0.235 seconds
[2024-09-24T01:07:34.193+0100] {processor.py:186} INFO - Started process (PID=92832) to work on /Users/rtewelde/airflow_venv/lib/python3.11/site-packages/airflow/example_dags/example_branch_python_dop_operator_3.py
[2024-09-24T01:07:34.195+0100] {processor.py:914} INFO - Processing file /Users/rtewelde/airflow_venv/lib/python3.11/site-packages/airflow/example_dags/example_branch_python_dop_operator_3.py for tasks to queue
[2024-09-24T01:07:34.196+0100] {logging_mixin.py:190} INFO - [2024-09-24T01:07:34.196+0100] {dagbag.py:588} INFO - Filling up the DagBag from /Users/rtewelde/airflow_venv/lib/python3.11/site-packages/airflow/example_dags/example_branch_python_dop_operator_3.py
[2024-09-24T01:07:34.229+0100] {processor.py:925} INFO - DAG(s) 'example_branch_dop_operator_v3' retrieved from /Users/rtewelde/airflow_venv/lib/python3.11/site-packages/airflow/example_dags/example_branch_python_dop_operator_3.py
[2024-09-24T01:07:34.379+0100] {logging_mixin.py:190} INFO - [2024-09-24T01:07:34.378+0100] {dag.py:3239} INFO - Sync 1 DAGs
[2024-09-24T01:07:34.400+0100] {logging_mixin.py:190} INFO - [2024-09-24T01:07:34.399+0100] {dag.py:4180} INFO - Setting next_dagrun for example_branch_dop_operator_v3 to 2024-09-24 00:06:00+00:00, run_after=2024-09-24 00:07:00+00:00
[2024-09-24T01:07:34.416+0100] {processor.py:208} INFO - Processing /Users/rtewelde/airflow_venv/lib/python3.11/site-packages/airflow/example_dags/example_branch_python_dop_operator_3.py took 0.225 seconds
[2024-09-24T01:12:04.306+0100] {processor.py:186} INFO - Started process (PID=94088) to work on /Users/rtewelde/airflow_venv/lib/python3.11/site-packages/airflow/example_dags/example_branch_python_dop_operator_3.py
[2024-09-24T01:12:04.306+0100] {processor.py:914} INFO - Processing file /Users/rtewelde/airflow_venv/lib/python3.11/site-packages/airflow/example_dags/example_branch_python_dop_operator_3.py for tasks to queue
[2024-09-24T01:12:04.307+0100] {logging_mixin.py:190} INFO - [2024-09-24T01:12:04.307+0100] {dagbag.py:588} INFO - Filling up the DagBag from /Users/rtewelde/airflow_venv/lib/python3.11/site-packages/airflow/example_dags/example_branch_python_dop_operator_3.py
[2024-09-24T01:12:04.341+0100] {processor.py:925} INFO - DAG(s) 'example_branch_dop_operator_v3' retrieved from /Users/rtewelde/airflow_venv/lib/python3.11/site-packages/airflow/example_dags/example_branch_python_dop_operator_3.py
[2024-09-24T01:12:04.509+0100] {logging_mixin.py:190} INFO - [2024-09-24T01:12:04.509+0100] {dag.py:3239} INFO - Sync 1 DAGs
[2024-09-24T01:12:04.546+0100] {logging_mixin.py:190} INFO - [2024-09-24T01:12:04.545+0100] {dag.py:4180} INFO - Setting next_dagrun for example_branch_dop_operator_v3 to 2024-09-24 00:11:00+00:00, run_after=2024-09-24 00:12:00+00:00
[2024-09-24T01:12:04.566+0100] {processor.py:208} INFO - Processing /Users/rtewelde/airflow_venv/lib/python3.11/site-packages/airflow/example_dags/example_branch_python_dop_operator_3.py took 0.262 seconds
[2024-09-24T01:16:30.483+0100] {processor.py:186} INFO - Started process (PID=95318) to work on /Users/rtewelde/airflow_venv/lib/python3.11/site-packages/airflow/example_dags/example_branch_python_dop_operator_3.py
[2024-09-24T01:16:30.483+0100] {processor.py:914} INFO - Processing file /Users/rtewelde/airflow_venv/lib/python3.11/site-packages/airflow/example_dags/example_branch_python_dop_operator_3.py for tasks to queue
[2024-09-24T01:16:30.484+0100] {logging_mixin.py:190} INFO - [2024-09-24T01:16:30.484+0100] {dagbag.py:588} INFO - Filling up the DagBag from /Users/rtewelde/airflow_venv/lib/python3.11/site-packages/airflow/example_dags/example_branch_python_dop_operator_3.py
[2024-09-24T01:16:30.517+0100] {processor.py:925} INFO - DAG(s) 'example_branch_dop_operator_v3' retrieved from /Users/rtewelde/airflow_venv/lib/python3.11/site-packages/airflow/example_dags/example_branch_python_dop_operator_3.py
[2024-09-24T01:16:30.673+0100] {logging_mixin.py:190} INFO - [2024-09-24T01:16:30.673+0100] {dag.py:3239} INFO - Sync 1 DAGs
[2024-09-24T01:16:30.693+0100] {logging_mixin.py:190} INFO - [2024-09-24T01:16:30.693+0100] {dag.py:4180} INFO - Setting next_dagrun for example_branch_dop_operator_v3 to 2024-09-24 00:15:00+00:00, run_after=2024-09-24 00:16:00+00:00
[2024-09-24T01:16:30.709+0100] {processor.py:208} INFO - Processing /Users/rtewelde/airflow_venv/lib/python3.11/site-packages/airflow/example_dags/example_branch_python_dop_operator_3.py took 0.229 seconds
[2024-09-24T01:20:56.627+0100] {processor.py:186} INFO - Started process (PID=96542) to work on /Users/rtewelde/airflow_venv/lib/python3.11/site-packages/airflow/example_dags/example_branch_python_dop_operator_3.py
[2024-09-24T01:20:56.628+0100] {processor.py:914} INFO - Processing file /Users/rtewelde/airflow_venv/lib/python3.11/site-packages/airflow/example_dags/example_branch_python_dop_operator_3.py for tasks to queue
[2024-09-24T01:20:56.629+0100] {logging_mixin.py:190} INFO - [2024-09-24T01:20:56.629+0100] {dagbag.py:588} INFO - Filling up the DagBag from /Users/rtewelde/airflow_venv/lib/python3.11/site-packages/airflow/example_dags/example_branch_python_dop_operator_3.py
[2024-09-24T01:20:56.661+0100] {processor.py:925} INFO - DAG(s) 'example_branch_dop_operator_v3' retrieved from /Users/rtewelde/airflow_venv/lib/python3.11/site-packages/airflow/example_dags/example_branch_python_dop_operator_3.py
[2024-09-24T01:20:56.813+0100] {logging_mixin.py:190} INFO - [2024-09-24T01:20:56.813+0100] {dag.py:3239} INFO - Sync 1 DAGs
[2024-09-24T01:20:56.833+0100] {logging_mixin.py:190} INFO - [2024-09-24T01:20:56.833+0100] {dag.py:4180} INFO - Setting next_dagrun for example_branch_dop_operator_v3 to 2024-09-24 00:19:00+00:00, run_after=2024-09-24 00:20:00+00:00
[2024-09-24T01:20:56.849+0100] {processor.py:208} INFO - Processing /Users/rtewelde/airflow_venv/lib/python3.11/site-packages/airflow/example_dags/example_branch_python_dop_operator_3.py took 0.224 seconds
[2024-09-24T01:25:26.518+0100] {processor.py:186} INFO - Started process (PID=97784) to work on /Users/rtewelde/airflow_venv/lib/python3.11/site-packages/airflow/example_dags/example_branch_python_dop_operator_3.py
[2024-09-24T01:25:26.519+0100] {processor.py:914} INFO - Processing file /Users/rtewelde/airflow_venv/lib/python3.11/site-packages/airflow/example_dags/example_branch_python_dop_operator_3.py for tasks to queue
[2024-09-24T01:25:26.520+0100] {logging_mixin.py:190} INFO - [2024-09-24T01:25:26.520+0100] {dagbag.py:588} INFO - Filling up the DagBag from /Users/rtewelde/airflow_venv/lib/python3.11/site-packages/airflow/example_dags/example_branch_python_dop_operator_3.py
[2024-09-24T01:25:26.554+0100] {processor.py:925} INFO - DAG(s) 'example_branch_dop_operator_v3' retrieved from /Users/rtewelde/airflow_venv/lib/python3.11/site-packages/airflow/example_dags/example_branch_python_dop_operator_3.py
[2024-09-24T01:25:26.697+0100] {logging_mixin.py:190} INFO - [2024-09-24T01:25:26.697+0100] {dag.py:3239} INFO - Sync 1 DAGs
[2024-09-24T01:25:26.717+0100] {logging_mixin.py:190} INFO - [2024-09-24T01:25:26.717+0100] {dag.py:4180} INFO - Setting next_dagrun for example_branch_dop_operator_v3 to 2024-09-24 00:24:00+00:00, run_after=2024-09-24 00:25:00+00:00
[2024-09-24T01:25:26.733+0100] {processor.py:208} INFO - Processing /Users/rtewelde/airflow_venv/lib/python3.11/site-packages/airflow/example_dags/example_branch_python_dop_operator_3.py took 0.217 seconds
[2024-09-24T01:29:42.803+0100] {processor.py:186} INFO - Started process (PID=98957) to work on /Users/rtewelde/airflow_venv/lib/python3.11/site-packages/airflow/example_dags/example_branch_python_dop_operator_3.py
[2024-09-24T01:29:42.804+0100] {processor.py:914} INFO - Processing file /Users/rtewelde/airflow_venv/lib/python3.11/site-packages/airflow/example_dags/example_branch_python_dop_operator_3.py for tasks to queue
[2024-09-24T01:29:42.805+0100] {logging_mixin.py:190} INFO - [2024-09-24T01:29:42.805+0100] {dagbag.py:588} INFO - Filling up the DagBag from /Users/rtewelde/airflow_venv/lib/python3.11/site-packages/airflow/example_dags/example_branch_python_dop_operator_3.py
[2024-09-24T01:29:42.839+0100] {processor.py:925} INFO - DAG(s) 'example_branch_dop_operator_v3' retrieved from /Users/rtewelde/airflow_venv/lib/python3.11/site-packages/airflow/example_dags/example_branch_python_dop_operator_3.py
[2024-09-24T01:29:42.981+0100] {logging_mixin.py:190} INFO - [2024-09-24T01:29:42.981+0100] {dag.py:3239} INFO - Sync 1 DAGs
[2024-09-24T01:29:43.000+0100] {logging_mixin.py:190} INFO - [2024-09-24T01:29:43.000+0100] {dag.py:4180} INFO - Setting next_dagrun for example_branch_dop_operator_v3 to 2024-09-24 00:28:00+00:00, run_after=2024-09-24 00:29:00+00:00
[2024-09-24T01:29:43.017+0100] {processor.py:208} INFO - Processing /Users/rtewelde/airflow_venv/lib/python3.11/site-packages/airflow/example_dags/example_branch_python_dop_operator_3.py took 0.216 seconds
[2024-09-24T01:34:09.362+0100] {processor.py:186} INFO - Started process (PID=393) to work on /Users/rtewelde/airflow_venv/lib/python3.11/site-packages/airflow/example_dags/example_branch_python_dop_operator_3.py
[2024-09-24T01:34:09.363+0100] {processor.py:914} INFO - Processing file /Users/rtewelde/airflow_venv/lib/python3.11/site-packages/airflow/example_dags/example_branch_python_dop_operator_3.py for tasks to queue
[2024-09-24T01:34:09.365+0100] {logging_mixin.py:190} INFO - [2024-09-24T01:34:09.364+0100] {dagbag.py:588} INFO - Filling up the DagBag from /Users/rtewelde/airflow_venv/lib/python3.11/site-packages/airflow/example_dags/example_branch_python_dop_operator_3.py
[2024-09-24T01:34:09.397+0100] {processor.py:925} INFO - DAG(s) 'example_branch_dop_operator_v3' retrieved from /Users/rtewelde/airflow_venv/lib/python3.11/site-packages/airflow/example_dags/example_branch_python_dop_operator_3.py
[2024-09-24T01:34:09.540+0100] {logging_mixin.py:190} INFO - [2024-09-24T01:34:09.540+0100] {dag.py:3239} INFO - Sync 1 DAGs
[2024-09-24T01:34:09.559+0100] {logging_mixin.py:190} INFO - [2024-09-24T01:34:09.559+0100] {dag.py:4180} INFO - Setting next_dagrun for example_branch_dop_operator_v3 to 2024-09-24 00:33:00+00:00, run_after=2024-09-24 00:34:00+00:00
[2024-09-24T01:34:09.576+0100] {processor.py:208} INFO - Processing /Users/rtewelde/airflow_venv/lib/python3.11/site-packages/airflow/example_dags/example_branch_python_dop_operator_3.py took 0.217 seconds
[2024-09-24T01:38:38.107+0100] {processor.py:186} INFO - Started process (PID=1854) to work on /Users/rtewelde/airflow_venv/lib/python3.11/site-packages/airflow/example_dags/example_branch_python_dop_operator_3.py
[2024-09-24T01:38:38.108+0100] {processor.py:914} INFO - Processing file /Users/rtewelde/airflow_venv/lib/python3.11/site-packages/airflow/example_dags/example_branch_python_dop_operator_3.py for tasks to queue
[2024-09-24T01:38:38.108+0100] {logging_mixin.py:190} INFO - [2024-09-24T01:38:38.108+0100] {dagbag.py:588} INFO - Filling up the DagBag from /Users/rtewelde/airflow_venv/lib/python3.11/site-packages/airflow/example_dags/example_branch_python_dop_operator_3.py
[2024-09-24T01:38:38.140+0100] {processor.py:925} INFO - DAG(s) 'example_branch_dop_operator_v3' retrieved from /Users/rtewelde/airflow_venv/lib/python3.11/site-packages/airflow/example_dags/example_branch_python_dop_operator_3.py
[2024-09-24T01:38:38.287+0100] {logging_mixin.py:190} INFO - [2024-09-24T01:38:38.286+0100] {dag.py:3239} INFO - Sync 1 DAGs
[2024-09-24T01:38:38.307+0100] {logging_mixin.py:190} INFO - [2024-09-24T01:38:38.307+0100] {dag.py:4180} INFO - Setting next_dagrun for example_branch_dop_operator_v3 to 2024-09-24 00:37:00+00:00, run_after=2024-09-24 00:38:00+00:00
[2024-09-24T01:38:38.324+0100] {processor.py:208} INFO - Processing /Users/rtewelde/airflow_venv/lib/python3.11/site-packages/airflow/example_dags/example_branch_python_dop_operator_3.py took 0.219 seconds
[2024-09-24T01:43:08.206+0100] {processor.py:186} INFO - Started process (PID=3097) to work on /Users/rtewelde/airflow_venv/lib/python3.11/site-packages/airflow/example_dags/example_branch_python_dop_operator_3.py
[2024-09-24T01:43:08.207+0100] {processor.py:914} INFO - Processing file /Users/rtewelde/airflow_venv/lib/python3.11/site-packages/airflow/example_dags/example_branch_python_dop_operator_3.py for tasks to queue
[2024-09-24T01:43:08.208+0100] {logging_mixin.py:190} INFO - [2024-09-24T01:43:08.208+0100] {dagbag.py:588} INFO - Filling up the DagBag from /Users/rtewelde/airflow_venv/lib/python3.11/site-packages/airflow/example_dags/example_branch_python_dop_operator_3.py
[2024-09-24T01:43:08.242+0100] {processor.py:925} INFO - DAG(s) 'example_branch_dop_operator_v3' retrieved from /Users/rtewelde/airflow_venv/lib/python3.11/site-packages/airflow/example_dags/example_branch_python_dop_operator_3.py
[2024-09-24T01:43:08.387+0100] {logging_mixin.py:190} INFO - [2024-09-24T01:43:08.386+0100] {dag.py:3239} INFO - Sync 1 DAGs
[2024-09-24T01:43:08.406+0100] {logging_mixin.py:190} INFO - [2024-09-24T01:43:08.406+0100] {dag.py:4180} INFO - Setting next_dagrun for example_branch_dop_operator_v3 to 2024-09-24 00:42:00+00:00, run_after=2024-09-24 00:43:00+00:00
[2024-09-24T01:43:08.423+0100] {processor.py:208} INFO - Processing /Users/rtewelde/airflow_venv/lib/python3.11/site-packages/airflow/example_dags/example_branch_python_dop_operator_3.py took 0.219 seconds
[2024-09-24T01:47:38.055+0100] {processor.py:186} INFO - Started process (PID=4342) to work on /Users/rtewelde/airflow_venv/lib/python3.11/site-packages/airflow/example_dags/example_branch_python_dop_operator_3.py
[2024-09-24T01:47:38.056+0100] {processor.py:914} INFO - Processing file /Users/rtewelde/airflow_venv/lib/python3.11/site-packages/airflow/example_dags/example_branch_python_dop_operator_3.py for tasks to queue
[2024-09-24T01:47:38.057+0100] {logging_mixin.py:190} INFO - [2024-09-24T01:47:38.056+0100] {dagbag.py:588} INFO - Filling up the DagBag from /Users/rtewelde/airflow_venv/lib/python3.11/site-packages/airflow/example_dags/example_branch_python_dop_operator_3.py
[2024-09-24T01:47:38.089+0100] {processor.py:925} INFO - DAG(s) 'example_branch_dop_operator_v3' retrieved from /Users/rtewelde/airflow_venv/lib/python3.11/site-packages/airflow/example_dags/example_branch_python_dop_operator_3.py
[2024-09-24T01:47:38.233+0100] {logging_mixin.py:190} INFO - [2024-09-24T01:47:38.232+0100] {dag.py:3239} INFO - Sync 1 DAGs
[2024-09-24T01:47:38.254+0100] {logging_mixin.py:190} INFO - [2024-09-24T01:47:38.253+0100] {dag.py:4180} INFO - Setting next_dagrun for example_branch_dop_operator_v3 to 2024-09-24 00:46:00+00:00, run_after=2024-09-24 00:47:00+00:00
[2024-09-24T01:47:38.271+0100] {processor.py:208} INFO - Processing /Users/rtewelde/airflow_venv/lib/python3.11/site-packages/airflow/example_dags/example_branch_python_dop_operator_3.py took 0.219 seconds
[2024-09-24T01:52:08.002+0100] {processor.py:186} INFO - Started process (PID=5592) to work on /Users/rtewelde/airflow_venv/lib/python3.11/site-packages/airflow/example_dags/example_branch_python_dop_operator_3.py
[2024-09-24T01:52:08.003+0100] {processor.py:914} INFO - Processing file /Users/rtewelde/airflow_venv/lib/python3.11/site-packages/airflow/example_dags/example_branch_python_dop_operator_3.py for tasks to queue
[2024-09-24T01:52:08.003+0100] {logging_mixin.py:190} INFO - [2024-09-24T01:52:08.003+0100] {dagbag.py:588} INFO - Filling up the DagBag from /Users/rtewelde/airflow_venv/lib/python3.11/site-packages/airflow/example_dags/example_branch_python_dop_operator_3.py
[2024-09-24T01:52:08.036+0100] {processor.py:925} INFO - DAG(s) 'example_branch_dop_operator_v3' retrieved from /Users/rtewelde/airflow_venv/lib/python3.11/site-packages/airflow/example_dags/example_branch_python_dop_operator_3.py
[2024-09-24T01:52:08.185+0100] {logging_mixin.py:190} INFO - [2024-09-24T01:52:08.185+0100] {dag.py:3239} INFO - Sync 1 DAGs
[2024-09-24T01:52:08.205+0100] {logging_mixin.py:190} INFO - [2024-09-24T01:52:08.205+0100] {dag.py:4180} INFO - Setting next_dagrun for example_branch_dop_operator_v3 to 2024-09-24 00:51:00+00:00, run_after=2024-09-24 00:52:00+00:00
[2024-09-24T01:52:08.221+0100] {processor.py:208} INFO - Processing /Users/rtewelde/airflow_venv/lib/python3.11/site-packages/airflow/example_dags/example_branch_python_dop_operator_3.py took 0.221 seconds
[2024-09-24T01:56:37.718+0100] {processor.py:186} INFO - Started process (PID=6836) to work on /Users/rtewelde/airflow_venv/lib/python3.11/site-packages/airflow/example_dags/example_branch_python_dop_operator_3.py
[2024-09-24T01:56:37.719+0100] {processor.py:914} INFO - Processing file /Users/rtewelde/airflow_venv/lib/python3.11/site-packages/airflow/example_dags/example_branch_python_dop_operator_3.py for tasks to queue
[2024-09-24T01:56:37.720+0100] {logging_mixin.py:190} INFO - [2024-09-24T01:56:37.720+0100] {dagbag.py:588} INFO - Filling up the DagBag from /Users/rtewelde/airflow_venv/lib/python3.11/site-packages/airflow/example_dags/example_branch_python_dop_operator_3.py
[2024-09-24T01:56:37.752+0100] {processor.py:925} INFO - DAG(s) 'example_branch_dop_operator_v3' retrieved from /Users/rtewelde/airflow_venv/lib/python3.11/site-packages/airflow/example_dags/example_branch_python_dop_operator_3.py
[2024-09-24T01:56:37.899+0100] {logging_mixin.py:190} INFO - [2024-09-24T01:56:37.898+0100] {dag.py:3239} INFO - Sync 1 DAGs
[2024-09-24T01:56:37.920+0100] {logging_mixin.py:190} INFO - [2024-09-24T01:56:37.920+0100] {dag.py:4180} INFO - Setting next_dagrun for example_branch_dop_operator_v3 to 2024-09-24 00:55:00+00:00, run_after=2024-09-24 00:56:00+00:00
[2024-09-24T01:56:37.937+0100] {processor.py:208} INFO - Processing /Users/rtewelde/airflow_venv/lib/python3.11/site-packages/airflow/example_dags/example_branch_python_dop_operator_3.py took 0.221 seconds
[2024-09-24T02:01:09.083+0100] {processor.py:186} INFO - Started process (PID=8080) to work on /Users/rtewelde/airflow_venv/lib/python3.11/site-packages/airflow/example_dags/example_branch_python_dop_operator_3.py
[2024-09-24T02:01:09.086+0100] {processor.py:914} INFO - Processing file /Users/rtewelde/airflow_venv/lib/python3.11/site-packages/airflow/example_dags/example_branch_python_dop_operator_3.py for tasks to queue
[2024-09-24T02:01:09.087+0100] {logging_mixin.py:190} INFO - [2024-09-24T02:01:09.087+0100] {dagbag.py:588} INFO - Filling up the DagBag from /Users/rtewelde/airflow_venv/lib/python3.11/site-packages/airflow/example_dags/example_branch_python_dop_operator_3.py
[2024-09-24T02:01:09.121+0100] {processor.py:925} INFO - DAG(s) 'example_branch_dop_operator_v3' retrieved from /Users/rtewelde/airflow_venv/lib/python3.11/site-packages/airflow/example_dags/example_branch_python_dop_operator_3.py
[2024-09-24T02:01:09.273+0100] {logging_mixin.py:190} INFO - [2024-09-24T02:01:09.272+0100] {dag.py:3239} INFO - Sync 1 DAGs
[2024-09-24T02:01:09.294+0100] {logging_mixin.py:190} INFO - [2024-09-24T02:01:09.293+0100] {dag.py:4180} INFO - Setting next_dagrun for example_branch_dop_operator_v3 to 2024-09-24 01:00:00+00:00, run_after=2024-09-24 01:01:00+00:00
[2024-09-24T02:01:09.310+0100] {processor.py:208} INFO - Processing /Users/rtewelde/airflow_venv/lib/python3.11/site-packages/airflow/example_dags/example_branch_python_dop_operator_3.py took 0.230 seconds
[2024-09-24T02:05:36.465+0100] {processor.py:186} INFO - Started process (PID=9369) to work on /Users/rtewelde/airflow_venv/lib/python3.11/site-packages/airflow/example_dags/example_branch_python_dop_operator_3.py
[2024-09-24T02:05:36.466+0100] {processor.py:914} INFO - Processing file /Users/rtewelde/airflow_venv/lib/python3.11/site-packages/airflow/example_dags/example_branch_python_dop_operator_3.py for tasks to queue
[2024-09-24T02:05:36.467+0100] {logging_mixin.py:190} INFO - [2024-09-24T02:05:36.467+0100] {dagbag.py:588} INFO - Filling up the DagBag from /Users/rtewelde/airflow_venv/lib/python3.11/site-packages/airflow/example_dags/example_branch_python_dop_operator_3.py
[2024-09-24T02:05:36.500+0100] {processor.py:925} INFO - DAG(s) 'example_branch_dop_operator_v3' retrieved from /Users/rtewelde/airflow_venv/lib/python3.11/site-packages/airflow/example_dags/example_branch_python_dop_operator_3.py
[2024-09-24T02:05:36.646+0100] {logging_mixin.py:190} INFO - [2024-09-24T02:05:36.645+0100] {dag.py:3239} INFO - Sync 1 DAGs
[2024-09-24T02:05:36.667+0100] {logging_mixin.py:190} INFO - [2024-09-24T02:05:36.667+0100] {dag.py:4180} INFO - Setting next_dagrun for example_branch_dop_operator_v3 to 2024-09-24 01:04:00+00:00, run_after=2024-09-24 01:05:00+00:00
[2024-09-24T02:05:36.684+0100] {processor.py:208} INFO - Processing /Users/rtewelde/airflow_venv/lib/python3.11/site-packages/airflow/example_dags/example_branch_python_dop_operator_3.py took 0.221 seconds
[2024-09-24T02:10:12.916+0100] {processor.py:186} INFO - Started process (PID=10701) to work on /Users/rtewelde/airflow_venv/lib/python3.11/site-packages/airflow/example_dags/example_branch_python_dop_operator_3.py
[2024-09-24T02:10:12.918+0100] {processor.py:914} INFO - Processing file /Users/rtewelde/airflow_venv/lib/python3.11/site-packages/airflow/example_dags/example_branch_python_dop_operator_3.py for tasks to queue
[2024-09-24T02:10:12.919+0100] {logging_mixin.py:190} INFO - [2024-09-24T02:10:12.919+0100] {dagbag.py:588} INFO - Filling up the DagBag from /Users/rtewelde/airflow_venv/lib/python3.11/site-packages/airflow/example_dags/example_branch_python_dop_operator_3.py
[2024-09-24T02:10:12.961+0100] {processor.py:925} INFO - DAG(s) 'example_branch_dop_operator_v3' retrieved from /Users/rtewelde/airflow_venv/lib/python3.11/site-packages/airflow/example_dags/example_branch_python_dop_operator_3.py
[2024-09-24T02:10:13.109+0100] {logging_mixin.py:190} INFO - [2024-09-24T02:10:13.109+0100] {dag.py:3239} INFO - Sync 1 DAGs
[2024-09-24T02:10:13.129+0100] {logging_mixin.py:190} INFO - [2024-09-24T02:10:13.129+0100] {dag.py:4180} INFO - Setting next_dagrun for example_branch_dop_operator_v3 to 2024-09-24 01:09:00+00:00, run_after=2024-09-24 01:10:00+00:00
[2024-09-24T02:10:13.147+0100] {processor.py:208} INFO - Processing /Users/rtewelde/airflow_venv/lib/python3.11/site-packages/airflow/example_dags/example_branch_python_dop_operator_3.py took 0.233 seconds
[2024-09-24T02:14:43.871+0100] {processor.py:186} INFO - Started process (PID=11963) to work on /Users/rtewelde/airflow_venv/lib/python3.11/site-packages/airflow/example_dags/example_branch_python_dop_operator_3.py
[2024-09-24T02:14:43.872+0100] {processor.py:914} INFO - Processing file /Users/rtewelde/airflow_venv/lib/python3.11/site-packages/airflow/example_dags/example_branch_python_dop_operator_3.py for tasks to queue
[2024-09-24T02:14:43.873+0100] {logging_mixin.py:190} INFO - [2024-09-24T02:14:43.873+0100] {dagbag.py:588} INFO - Filling up the DagBag from /Users/rtewelde/airflow_venv/lib/python3.11/site-packages/airflow/example_dags/example_branch_python_dop_operator_3.py
[2024-09-24T02:14:43.905+0100] {processor.py:925} INFO - DAG(s) 'example_branch_dop_operator_v3' retrieved from /Users/rtewelde/airflow_venv/lib/python3.11/site-packages/airflow/example_dags/example_branch_python_dop_operator_3.py
[2024-09-24T02:14:44.055+0100] {logging_mixin.py:190} INFO - [2024-09-24T02:14:44.055+0100] {dag.py:3239} INFO - Sync 1 DAGs
[2024-09-24T02:14:44.075+0100] {logging_mixin.py:190} INFO - [2024-09-24T02:14:44.075+0100] {dag.py:4180} INFO - Setting next_dagrun for example_branch_dop_operator_v3 to 2024-09-24 01:13:00+00:00, run_after=2024-09-24 01:14:00+00:00
[2024-09-24T02:14:44.092+0100] {processor.py:208} INFO - Processing /Users/rtewelde/airflow_venv/lib/python3.11/site-packages/airflow/example_dags/example_branch_python_dop_operator_3.py took 0.223 seconds
[2024-09-24T02:19:14.317+0100] {processor.py:186} INFO - Started process (PID=13217) to work on /Users/rtewelde/airflow_venv/lib/python3.11/site-packages/airflow/example_dags/example_branch_python_dop_operator_3.py
[2024-09-24T02:19:14.318+0100] {processor.py:914} INFO - Processing file /Users/rtewelde/airflow_venv/lib/python3.11/site-packages/airflow/example_dags/example_branch_python_dop_operator_3.py for tasks to queue
[2024-09-24T02:19:14.319+0100] {logging_mixin.py:190} INFO - [2024-09-24T02:19:14.318+0100] {dagbag.py:588} INFO - Filling up the DagBag from /Users/rtewelde/airflow_venv/lib/python3.11/site-packages/airflow/example_dags/example_branch_python_dop_operator_3.py
[2024-09-24T02:19:14.350+0100] {processor.py:925} INFO - DAG(s) 'example_branch_dop_operator_v3' retrieved from /Users/rtewelde/airflow_venv/lib/python3.11/site-packages/airflow/example_dags/example_branch_python_dop_operator_3.py
[2024-09-24T02:19:14.493+0100] {logging_mixin.py:190} INFO - [2024-09-24T02:19:14.492+0100] {dag.py:3239} INFO - Sync 1 DAGs
[2024-09-24T02:19:14.512+0100] {logging_mixin.py:190} INFO - [2024-09-24T02:19:14.512+0100] {dag.py:4180} INFO - Setting next_dagrun for example_branch_dop_operator_v3 to 2024-09-24 01:18:00+00:00, run_after=2024-09-24 01:19:00+00:00
[2024-09-24T02:19:14.531+0100] {processor.py:208} INFO - Processing /Users/rtewelde/airflow_venv/lib/python3.11/site-packages/airflow/example_dags/example_branch_python_dop_operator_3.py took 0.217 seconds
[2024-09-24T02:23:43.179+0100] {processor.py:186} INFO - Started process (PID=14449) to work on /Users/rtewelde/airflow_venv/lib/python3.11/site-packages/airflow/example_dags/example_branch_python_dop_operator_3.py
[2024-09-24T02:23:43.180+0100] {processor.py:914} INFO - Processing file /Users/rtewelde/airflow_venv/lib/python3.11/site-packages/airflow/example_dags/example_branch_python_dop_operator_3.py for tasks to queue
[2024-09-24T02:23:43.181+0100] {logging_mixin.py:190} INFO - [2024-09-24T02:23:43.180+0100] {dagbag.py:588} INFO - Filling up the DagBag from /Users/rtewelde/airflow_venv/lib/python3.11/site-packages/airflow/example_dags/example_branch_python_dop_operator_3.py
[2024-09-24T02:23:43.214+0100] {processor.py:925} INFO - DAG(s) 'example_branch_dop_operator_v3' retrieved from /Users/rtewelde/airflow_venv/lib/python3.11/site-packages/airflow/example_dags/example_branch_python_dop_operator_3.py
[2024-09-24T02:23:43.358+0100] {logging_mixin.py:190} INFO - [2024-09-24T02:23:43.358+0100] {dag.py:3239} INFO - Sync 1 DAGs
[2024-09-24T02:23:43.378+0100] {logging_mixin.py:190} INFO - [2024-09-24T02:23:43.378+0100] {dag.py:4180} INFO - Setting next_dagrun for example_branch_dop_operator_v3 to 2024-09-24 01:22:00+00:00, run_after=2024-09-24 01:23:00+00:00
[2024-09-24T02:23:43.395+0100] {processor.py:208} INFO - Processing /Users/rtewelde/airflow_venv/lib/python3.11/site-packages/airflow/example_dags/example_branch_python_dop_operator_3.py took 0.218 seconds
[2024-09-24T02:28:11.474+0100] {processor.py:186} INFO - Started process (PID=15681) to work on /Users/rtewelde/airflow_venv/lib/python3.11/site-packages/airflow/example_dags/example_branch_python_dop_operator_3.py
[2024-09-24T02:28:11.475+0100] {processor.py:914} INFO - Processing file /Users/rtewelde/airflow_venv/lib/python3.11/site-packages/airflow/example_dags/example_branch_python_dop_operator_3.py for tasks to queue
[2024-09-24T02:28:11.476+0100] {logging_mixin.py:190} INFO - [2024-09-24T02:28:11.476+0100] {dagbag.py:588} INFO - Filling up the DagBag from /Users/rtewelde/airflow_venv/lib/python3.11/site-packages/airflow/example_dags/example_branch_python_dop_operator_3.py
[2024-09-24T02:28:11.509+0100] {processor.py:925} INFO - DAG(s) 'example_branch_dop_operator_v3' retrieved from /Users/rtewelde/airflow_venv/lib/python3.11/site-packages/airflow/example_dags/example_branch_python_dop_operator_3.py
[2024-09-24T02:28:11.658+0100] {logging_mixin.py:190} INFO - [2024-09-24T02:28:11.658+0100] {dag.py:3239} INFO - Sync 1 DAGs
[2024-09-24T02:28:11.678+0100] {logging_mixin.py:190} INFO - [2024-09-24T02:28:11.677+0100] {dag.py:4180} INFO - Setting next_dagrun for example_branch_dop_operator_v3 to 2024-09-24 01:27:00+00:00, run_after=2024-09-24 01:28:00+00:00
[2024-09-24T02:28:11.695+0100] {processor.py:208} INFO - Processing /Users/rtewelde/airflow_venv/lib/python3.11/site-packages/airflow/example_dags/example_branch_python_dop_operator_3.py took 0.222 seconds
[2024-09-24T02:32:41.387+0100] {processor.py:186} INFO - Started process (PID=16928) to work on /Users/rtewelde/airflow_venv/lib/python3.11/site-packages/airflow/example_dags/example_branch_python_dop_operator_3.py
[2024-09-24T02:32:41.388+0100] {processor.py:914} INFO - Processing file /Users/rtewelde/airflow_venv/lib/python3.11/site-packages/airflow/example_dags/example_branch_python_dop_operator_3.py for tasks to queue
[2024-09-24T02:32:41.389+0100] {logging_mixin.py:190} INFO - [2024-09-24T02:32:41.389+0100] {dagbag.py:588} INFO - Filling up the DagBag from /Users/rtewelde/airflow_venv/lib/python3.11/site-packages/airflow/example_dags/example_branch_python_dop_operator_3.py
[2024-09-24T02:32:41.422+0100] {processor.py:925} INFO - DAG(s) 'example_branch_dop_operator_v3' retrieved from /Users/rtewelde/airflow_venv/lib/python3.11/site-packages/airflow/example_dags/example_branch_python_dop_operator_3.py
[2024-09-24T02:32:41.563+0100] {logging_mixin.py:190} INFO - [2024-09-24T02:32:41.562+0100] {dag.py:3239} INFO - Sync 1 DAGs
[2024-09-24T02:32:41.584+0100] {logging_mixin.py:190} INFO - [2024-09-24T02:32:41.583+0100] {dag.py:4180} INFO - Setting next_dagrun for example_branch_dop_operator_v3 to 2024-09-24 01:31:00+00:00, run_after=2024-09-24 01:32:00+00:00
[2024-09-24T02:32:41.600+0100] {processor.py:208} INFO - Processing /Users/rtewelde/airflow_venv/lib/python3.11/site-packages/airflow/example_dags/example_branch_python_dop_operator_3.py took 0.215 seconds
[2024-09-24T07:39:09.995+0100] {processor.py:186} INFO - Started process (PID=18313) to work on /Users/rtewelde/airflow_venv/lib/python3.11/site-packages/airflow/example_dags/example_branch_python_dop_operator_3.py
[2024-09-24T07:39:09.996+0100] {processor.py:914} INFO - Processing file /Users/rtewelde/airflow_venv/lib/python3.11/site-packages/airflow/example_dags/example_branch_python_dop_operator_3.py for tasks to queue
[2024-09-24T07:39:09.997+0100] {logging_mixin.py:190} INFO - [2024-09-24T07:39:09.997+0100] {dagbag.py:588} INFO - Filling up the DagBag from /Users/rtewelde/airflow_venv/lib/python3.11/site-packages/airflow/example_dags/example_branch_python_dop_operator_3.py
[2024-09-24T07:39:10.063+0100] {processor.py:925} INFO - DAG(s) 'example_branch_dop_operator_v3' retrieved from /Users/rtewelde/airflow_venv/lib/python3.11/site-packages/airflow/example_dags/example_branch_python_dop_operator_3.py
[2024-09-24T07:39:10.266+0100] {logging_mixin.py:190} INFO - [2024-09-24T07:39:10.265+0100] {dag.py:3239} INFO - Sync 1 DAGs
[2024-09-24T07:39:10.297+0100] {logging_mixin.py:190} INFO - [2024-09-24T07:39:10.297+0100] {dag.py:4180} INFO - Setting next_dagrun for example_branch_dop_operator_v3 to 2024-09-24 06:38:00+00:00, run_after=2024-09-24 06:39:00+00:00
[2024-09-24T07:39:10.318+0100] {processor.py:208} INFO - Processing /Users/rtewelde/airflow_venv/lib/python3.11/site-packages/airflow/example_dags/example_branch_python_dop_operator_3.py took 0.327 seconds
[2024-09-24T07:44:14.804+0100] {processor.py:186} INFO - Started process (PID=19768) to work on /Users/rtewelde/airflow_venv/lib/python3.11/site-packages/airflow/example_dags/example_branch_python_dop_operator_3.py
[2024-09-24T07:44:14.805+0100] {processor.py:914} INFO - Processing file /Users/rtewelde/airflow_venv/lib/python3.11/site-packages/airflow/example_dags/example_branch_python_dop_operator_3.py for tasks to queue
[2024-09-24T07:44:14.806+0100] {logging_mixin.py:190} INFO - [2024-09-24T07:44:14.806+0100] {dagbag.py:588} INFO - Filling up the DagBag from /Users/rtewelde/airflow_venv/lib/python3.11/site-packages/airflow/example_dags/example_branch_python_dop_operator_3.py
[2024-09-24T07:44:14.844+0100] {processor.py:925} INFO - DAG(s) 'example_branch_dop_operator_v3' retrieved from /Users/rtewelde/airflow_venv/lib/python3.11/site-packages/airflow/example_dags/example_branch_python_dop_operator_3.py
[2024-09-24T07:44:15.006+0100] {logging_mixin.py:190} INFO - [2024-09-24T07:44:15.005+0100] {dag.py:3239} INFO - Sync 1 DAGs
[2024-09-24T07:44:15.032+0100] {logging_mixin.py:190} INFO - [2024-09-24T07:44:15.032+0100] {dag.py:4180} INFO - Setting next_dagrun for example_branch_dop_operator_v3 to 2024-09-24 06:43:00+00:00, run_after=2024-09-24 06:44:00+00:00
[2024-09-24T07:44:15.050+0100] {processor.py:208} INFO - Processing /Users/rtewelde/airflow_venv/lib/python3.11/site-packages/airflow/example_dags/example_branch_python_dop_operator_3.py took 0.249 seconds
[2024-09-24T07:49:22.614+0100] {processor.py:186} INFO - Started process (PID=21177) to work on /Users/rtewelde/airflow_venv/lib/python3.11/site-packages/airflow/example_dags/example_branch_python_dop_operator_3.py
[2024-09-24T07:49:22.614+0100] {processor.py:914} INFO - Processing file /Users/rtewelde/airflow_venv/lib/python3.11/site-packages/airflow/example_dags/example_branch_python_dop_operator_3.py for tasks to queue
[2024-09-24T07:49:22.615+0100] {logging_mixin.py:190} INFO - [2024-09-24T07:49:22.615+0100] {dagbag.py:588} INFO - Filling up the DagBag from /Users/rtewelde/airflow_venv/lib/python3.11/site-packages/airflow/example_dags/example_branch_python_dop_operator_3.py
[2024-09-24T07:49:22.662+0100] {processor.py:925} INFO - DAG(s) 'example_branch_dop_operator_v3' retrieved from /Users/rtewelde/airflow_venv/lib/python3.11/site-packages/airflow/example_dags/example_branch_python_dop_operator_3.py
[2024-09-24T07:49:22.851+0100] {logging_mixin.py:190} INFO - [2024-09-24T07:49:22.850+0100] {dag.py:3239} INFO - Sync 1 DAGs
[2024-09-24T07:49:22.880+0100] {logging_mixin.py:190} INFO - [2024-09-24T07:49:22.880+0100] {dag.py:4180} INFO - Setting next_dagrun for example_branch_dop_operator_v3 to 2024-09-24 06:48:00+00:00, run_after=2024-09-24 06:49:00+00:00
[2024-09-24T07:49:22.900+0100] {processor.py:208} INFO - Processing /Users/rtewelde/airflow_venv/lib/python3.11/site-packages/airflow/example_dags/example_branch_python_dop_operator_3.py took 0.289 seconds
[2024-09-24T07:54:34.028+0100] {processor.py:186} INFO - Started process (PID=22591) to work on /Users/rtewelde/airflow_venv/lib/python3.11/site-packages/airflow/example_dags/example_branch_python_dop_operator_3.py
[2024-09-24T07:54:34.029+0100] {processor.py:914} INFO - Processing file /Users/rtewelde/airflow_venv/lib/python3.11/site-packages/airflow/example_dags/example_branch_python_dop_operator_3.py for tasks to queue
[2024-09-24T07:54:34.030+0100] {logging_mixin.py:190} INFO - [2024-09-24T07:54:34.030+0100] {dagbag.py:588} INFO - Filling up the DagBag from /Users/rtewelde/airflow_venv/lib/python3.11/site-packages/airflow/example_dags/example_branch_python_dop_operator_3.py
[2024-09-24T07:54:34.072+0100] {processor.py:925} INFO - DAG(s) 'example_branch_dop_operator_v3' retrieved from /Users/rtewelde/airflow_venv/lib/python3.11/site-packages/airflow/example_dags/example_branch_python_dop_operator_3.py
[2024-09-24T07:54:34.265+0100] {logging_mixin.py:190} INFO - [2024-09-24T07:54:34.264+0100] {dag.py:3239} INFO - Sync 1 DAGs
[2024-09-24T07:54:34.297+0100] {logging_mixin.py:190} INFO - [2024-09-24T07:54:34.296+0100] {dag.py:4180} INFO - Setting next_dagrun for example_branch_dop_operator_v3 to 2024-09-24 06:53:00+00:00, run_after=2024-09-24 06:54:00+00:00
[2024-09-24T07:54:34.320+0100] {processor.py:208} INFO - Processing /Users/rtewelde/airflow_venv/lib/python3.11/site-packages/airflow/example_dags/example_branch_python_dop_operator_3.py took 0.294 seconds
[2024-09-24T07:59:38.466+0100] {processor.py:186} INFO - Started process (PID=23972) to work on /Users/rtewelde/airflow_venv/lib/python3.11/site-packages/airflow/example_dags/example_branch_python_dop_operator_3.py
[2024-09-24T07:59:38.466+0100] {processor.py:914} INFO - Processing file /Users/rtewelde/airflow_venv/lib/python3.11/site-packages/airflow/example_dags/example_branch_python_dop_operator_3.py for tasks to queue
[2024-09-24T07:59:38.467+0100] {logging_mixin.py:190} INFO - [2024-09-24T07:59:38.467+0100] {dagbag.py:588} INFO - Filling up the DagBag from /Users/rtewelde/airflow_venv/lib/python3.11/site-packages/airflow/example_dags/example_branch_python_dop_operator_3.py
[2024-09-24T07:59:38.508+0100] {processor.py:925} INFO - DAG(s) 'example_branch_dop_operator_v3' retrieved from /Users/rtewelde/airflow_venv/lib/python3.11/site-packages/airflow/example_dags/example_branch_python_dop_operator_3.py
[2024-09-24T07:59:38.666+0100] {logging_mixin.py:190} INFO - [2024-09-24T07:59:38.665+0100] {dag.py:3239} INFO - Sync 1 DAGs
[2024-09-24T07:59:38.687+0100] {logging_mixin.py:190} INFO - [2024-09-24T07:59:38.687+0100] {dag.py:4180} INFO - Setting next_dagrun for example_branch_dop_operator_v3 to 2024-09-24 06:58:00+00:00, run_after=2024-09-24 06:59:00+00:00
[2024-09-24T07:59:38.705+0100] {processor.py:208} INFO - Processing /Users/rtewelde/airflow_venv/lib/python3.11/site-packages/airflow/example_dags/example_branch_python_dop_operator_3.py took 0.242 seconds
[2024-09-24T08:04:55.791+0100] {processor.py:186} INFO - Started process (PID=25444) to work on /Users/rtewelde/airflow_venv/lib/python3.11/site-packages/airflow/example_dags/example_branch_python_dop_operator_3.py
[2024-09-24T08:04:55.798+0100] {processor.py:914} INFO - Processing file /Users/rtewelde/airflow_venv/lib/python3.11/site-packages/airflow/example_dags/example_branch_python_dop_operator_3.py for tasks to queue
[2024-09-24T08:04:55.799+0100] {logging_mixin.py:190} INFO - [2024-09-24T08:04:55.799+0100] {dagbag.py:588} INFO - Filling up the DagBag from /Users/rtewelde/airflow_venv/lib/python3.11/site-packages/airflow/example_dags/example_branch_python_dop_operator_3.py
[2024-09-24T08:04:55.859+0100] {processor.py:925} INFO - DAG(s) 'example_branch_dop_operator_v3' retrieved from /Users/rtewelde/airflow_venv/lib/python3.11/site-packages/airflow/example_dags/example_branch_python_dop_operator_3.py
[2024-09-24T08:04:56.067+0100] {logging_mixin.py:190} INFO - [2024-09-24T08:04:56.066+0100] {dag.py:3239} INFO - Sync 1 DAGs
[2024-09-24T08:04:56.092+0100] {logging_mixin.py:190} INFO - [2024-09-24T08:04:56.092+0100] {dag.py:4180} INFO - Setting next_dagrun for example_branch_dop_operator_v3 to 2024-09-24 07:03:00+00:00, run_after=2024-09-24 07:04:00+00:00
[2024-09-24T08:04:56.111+0100] {processor.py:208} INFO - Processing /Users/rtewelde/airflow_venv/lib/python3.11/site-packages/airflow/example_dags/example_branch_python_dop_operator_3.py took 0.322 seconds
[2024-09-24T08:44:20.999+0100] {processor.py:186} INFO - Started process (PID=27791) to work on /Users/rtewelde/airflow_venv/lib/python3.11/site-packages/airflow/example_dags/example_branch_python_dop_operator_3.py
[2024-09-24T08:44:21.003+0100] {processor.py:914} INFO - Processing file /Users/rtewelde/airflow_venv/lib/python3.11/site-packages/airflow/example_dags/example_branch_python_dop_operator_3.py for tasks to queue
[2024-09-24T08:44:21.006+0100] {logging_mixin.py:190} INFO - [2024-09-24T08:44:21.005+0100] {dagbag.py:588} INFO - Filling up the DagBag from /Users/rtewelde/airflow_venv/lib/python3.11/site-packages/airflow/example_dags/example_branch_python_dop_operator_3.py
[2024-09-24T08:44:21.162+0100] {processor.py:925} INFO - DAG(s) 'example_branch_dop_operator_v3' retrieved from /Users/rtewelde/airflow_venv/lib/python3.11/site-packages/airflow/example_dags/example_branch_python_dop_operator_3.py
[2024-09-24T08:44:21.722+0100] {logging_mixin.py:190} INFO - [2024-09-24T08:44:21.721+0100] {dag.py:3239} INFO - Sync 1 DAGs
[2024-09-24T08:44:21.805+0100] {logging_mixin.py:190} INFO - [2024-09-24T08:44:21.804+0100] {dag.py:4180} INFO - Setting next_dagrun for example_branch_dop_operator_v3 to 2024-09-24 07:43:00+00:00, run_after=2024-09-24 07:44:00+00:00
[2024-09-24T08:44:21.870+0100] {processor.py:208} INFO - Processing /Users/rtewelde/airflow_venv/lib/python3.11/site-packages/airflow/example_dags/example_branch_python_dop_operator_3.py took 0.881 seconds
[2024-09-24T08:52:30.770+0100] {processor.py:186} INFO - Started process (PID=29901) to work on /Users/rtewelde/airflow_venv/lib/python3.11/site-packages/airflow/example_dags/example_branch_python_dop_operator_3.py
[2024-09-24T08:52:30.776+0100] {processor.py:914} INFO - Processing file /Users/rtewelde/airflow_venv/lib/python3.11/site-packages/airflow/example_dags/example_branch_python_dop_operator_3.py for tasks to queue
[2024-09-24T08:52:30.782+0100] {logging_mixin.py:190} INFO - [2024-09-24T08:52:30.780+0100] {dagbag.py:588} INFO - Filling up the DagBag from /Users/rtewelde/airflow_venv/lib/python3.11/site-packages/airflow/example_dags/example_branch_python_dop_operator_3.py
[2024-09-24T08:52:31.031+0100] {processor.py:925} INFO - DAG(s) 'example_branch_dop_operator_v3' retrieved from /Users/rtewelde/airflow_venv/lib/python3.11/site-packages/airflow/example_dags/example_branch_python_dop_operator_3.py
[2024-09-24T08:52:31.755+0100] {logging_mixin.py:190} INFO - [2024-09-24T08:52:31.753+0100] {dag.py:3239} INFO - Sync 1 DAGs
[2024-09-24T08:52:31.860+0100] {logging_mixin.py:190} INFO - [2024-09-24T08:52:31.860+0100] {dag.py:4180} INFO - Setting next_dagrun for example_branch_dop_operator_v3 to 2024-09-24 07:51:00+00:00, run_after=2024-09-24 07:52:00+00:00
[2024-09-24T08:52:31.942+0100] {processor.py:208} INFO - Processing /Users/rtewelde/airflow_venv/lib/python3.11/site-packages/airflow/example_dags/example_branch_python_dop_operator_3.py took 1.185 seconds
[2024-09-24T09:00:20.728+0100] {processor.py:186} INFO - Started process (PID=31913) to work on /Users/rtewelde/airflow_venv/lib/python3.11/site-packages/airflow/example_dags/example_branch_python_dop_operator_3.py
[2024-09-24T09:00:20.731+0100] {processor.py:914} INFO - Processing file /Users/rtewelde/airflow_venv/lib/python3.11/site-packages/airflow/example_dags/example_branch_python_dop_operator_3.py for tasks to queue
[2024-09-24T09:00:20.735+0100] {logging_mixin.py:190} INFO - [2024-09-24T09:00:20.734+0100] {dagbag.py:588} INFO - Filling up the DagBag from /Users/rtewelde/airflow_venv/lib/python3.11/site-packages/airflow/example_dags/example_branch_python_dop_operator_3.py
[2024-09-24T09:00:20.864+0100] {processor.py:925} INFO - DAG(s) 'example_branch_dop_operator_v3' retrieved from /Users/rtewelde/airflow_venv/lib/python3.11/site-packages/airflow/example_dags/example_branch_python_dop_operator_3.py
[2024-09-24T09:00:21.402+0100] {logging_mixin.py:190} INFO - [2024-09-24T09:00:21.401+0100] {dag.py:3239} INFO - Sync 1 DAGs
[2024-09-24T09:00:21.500+0100] {logging_mixin.py:190} INFO - [2024-09-24T09:00:21.499+0100] {dag.py:4180} INFO - Setting next_dagrun for example_branch_dop_operator_v3 to 2024-09-24 07:59:00+00:00, run_after=2024-09-24 08:00:00+00:00
[2024-09-24T09:00:21.577+0100] {processor.py:208} INFO - Processing /Users/rtewelde/airflow_venv/lib/python3.11/site-packages/airflow/example_dags/example_branch_python_dop_operator_3.py took 0.859 seconds
[2024-09-24T09:06:45.497+0100] {processor.py:186} INFO - Started process (PID=33608) to work on /Users/rtewelde/airflow_venv/lib/python3.11/site-packages/airflow/example_dags/example_branch_python_dop_operator_3.py
[2024-09-24T09:06:45.499+0100] {processor.py:914} INFO - Processing file /Users/rtewelde/airflow_venv/lib/python3.11/site-packages/airflow/example_dags/example_branch_python_dop_operator_3.py for tasks to queue
[2024-09-24T09:06:45.502+0100] {logging_mixin.py:190} INFO - [2024-09-24T09:06:45.501+0100] {dagbag.py:588} INFO - Filling up the DagBag from /Users/rtewelde/airflow_venv/lib/python3.11/site-packages/airflow/example_dags/example_branch_python_dop_operator_3.py
[2024-09-24T09:06:45.616+0100] {processor.py:925} INFO - DAG(s) 'example_branch_dop_operator_v3' retrieved from /Users/rtewelde/airflow_venv/lib/python3.11/site-packages/airflow/example_dags/example_branch_python_dop_operator_3.py
[2024-09-24T09:06:46.009+0100] {logging_mixin.py:190} INFO - [2024-09-24T09:06:46.008+0100] {dag.py:3239} INFO - Sync 1 DAGs
[2024-09-24T09:06:46.072+0100] {logging_mixin.py:190} INFO - [2024-09-24T09:06:46.071+0100] {dag.py:4180} INFO - Setting next_dagrun for example_branch_dop_operator_v3 to 2024-09-24 08:05:00+00:00, run_after=2024-09-24 08:06:00+00:00
[2024-09-24T09:06:46.116+0100] {processor.py:208} INFO - Processing /Users/rtewelde/airflow_venv/lib/python3.11/site-packages/airflow/example_dags/example_branch_python_dop_operator_3.py took 0.626 seconds
[2024-09-24T10:35:50.962+0100] {processor.py:186} INFO - Started process (PID=36784) to work on /Users/rtewelde/airflow_venv/lib/python3.11/site-packages/airflow/example_dags/example_branch_python_dop_operator_3.py
[2024-09-24T10:35:50.965+0100] {processor.py:914} INFO - Processing file /Users/rtewelde/airflow_venv/lib/python3.11/site-packages/airflow/example_dags/example_branch_python_dop_operator_3.py for tasks to queue
[2024-09-24T10:35:50.968+0100] {logging_mixin.py:190} INFO - [2024-09-24T10:35:50.967+0100] {dagbag.py:588} INFO - Filling up the DagBag from /Users/rtewelde/airflow_venv/lib/python3.11/site-packages/airflow/example_dags/example_branch_python_dop_operator_3.py
[2024-09-24T10:35:51.064+0100] {processor.py:925} INFO - DAG(s) 'example_branch_dop_operator_v3' retrieved from /Users/rtewelde/airflow_venv/lib/python3.11/site-packages/airflow/example_dags/example_branch_python_dop_operator_3.py
[2024-09-24T10:35:51.445+0100] {logging_mixin.py:190} INFO - [2024-09-24T10:35:51.445+0100] {dag.py:3239} INFO - Sync 1 DAGs
[2024-09-24T10:35:51.501+0100] {logging_mixin.py:190} INFO - [2024-09-24T10:35:51.501+0100] {dag.py:4180} INFO - Setting next_dagrun for example_branch_dop_operator_v3 to 2024-09-24 09:34:00+00:00, run_after=2024-09-24 09:35:00+00:00
[2024-09-24T10:35:51.545+0100] {processor.py:208} INFO - Processing /Users/rtewelde/airflow_venv/lib/python3.11/site-packages/airflow/example_dags/example_branch_python_dop_operator_3.py took 0.589 seconds
[2024-09-24T10:43:46.282+0100] {processor.py:186} INFO - Started process (PID=38809) to work on /Users/rtewelde/airflow_venv/lib/python3.11/site-packages/airflow/example_dags/example_branch_python_dop_operator_3.py
[2024-09-24T10:43:46.286+0100] {processor.py:914} INFO - Processing file /Users/rtewelde/airflow_venv/lib/python3.11/site-packages/airflow/example_dags/example_branch_python_dop_operator_3.py for tasks to queue
[2024-09-24T10:43:46.289+0100] {logging_mixin.py:190} INFO - [2024-09-24T10:43:46.288+0100] {dagbag.py:588} INFO - Filling up the DagBag from /Users/rtewelde/airflow_venv/lib/python3.11/site-packages/airflow/example_dags/example_branch_python_dop_operator_3.py
[2024-09-24T10:43:46.445+0100] {processor.py:925} INFO - DAG(s) 'example_branch_dop_operator_v3' retrieved from /Users/rtewelde/airflow_venv/lib/python3.11/site-packages/airflow/example_dags/example_branch_python_dop_operator_3.py
[2024-09-24T10:43:46.979+0100] {logging_mixin.py:190} INFO - [2024-09-24T10:43:46.977+0100] {dag.py:3239} INFO - Sync 1 DAGs
[2024-09-24T10:43:47.062+0100] {logging_mixin.py:190} INFO - [2024-09-24T10:43:47.062+0100] {dag.py:4180} INFO - Setting next_dagrun for example_branch_dop_operator_v3 to 2024-09-24 09:42:00+00:00, run_after=2024-09-24 09:43:00+00:00
[2024-09-24T10:43:47.122+0100] {processor.py:208} INFO - Processing /Users/rtewelde/airflow_venv/lib/python3.11/site-packages/airflow/example_dags/example_branch_python_dop_operator_3.py took 0.848 seconds
[2024-09-24T11:06:59.678+0100] {processor.py:186} INFO - Started process (PID=40871) to work on /Users/rtewelde/airflow_venv/lib/python3.11/site-packages/airflow/example_dags/example_branch_python_dop_operator_3.py
[2024-09-24T11:06:59.684+0100] {processor.py:914} INFO - Processing file /Users/rtewelde/airflow_venv/lib/python3.11/site-packages/airflow/example_dags/example_branch_python_dop_operator_3.py for tasks to queue
[2024-09-24T11:06:59.690+0100] {logging_mixin.py:190} INFO - [2024-09-24T11:06:59.689+0100] {dagbag.py:588} INFO - Filling up the DagBag from /Users/rtewelde/airflow_venv/lib/python3.11/site-packages/airflow/example_dags/example_branch_python_dop_operator_3.py
[2024-09-24T11:06:59.854+0100] {processor.py:925} INFO - DAG(s) 'example_branch_dop_operator_v3' retrieved from /Users/rtewelde/airflow_venv/lib/python3.11/site-packages/airflow/example_dags/example_branch_python_dop_operator_3.py
[2024-09-24T11:07:00.439+0100] {logging_mixin.py:190} INFO - [2024-09-24T11:07:00.438+0100] {dag.py:3239} INFO - Sync 1 DAGs
[2024-09-24T11:07:00.521+0100] {logging_mixin.py:190} INFO - [2024-09-24T11:07:00.520+0100] {dag.py:4180} INFO - Setting next_dagrun for example_branch_dop_operator_v3 to 2024-09-24 10:06:00+00:00, run_after=2024-09-24 10:07:00+00:00
[2024-09-24T11:07:00.593+0100] {processor.py:208} INFO - Processing /Users/rtewelde/airflow_venv/lib/python3.11/site-packages/airflow/example_dags/example_branch_python_dop_operator_3.py took 0.925 seconds
[2024-09-24T11:15:21.012+0100] {processor.py:186} INFO - Started process (PID=43048) to work on /Users/rtewelde/airflow_venv/lib/python3.11/site-packages/airflow/example_dags/example_branch_python_dop_operator_3.py
[2024-09-24T11:15:21.017+0100] {processor.py:914} INFO - Processing file /Users/rtewelde/airflow_venv/lib/python3.11/site-packages/airflow/example_dags/example_branch_python_dop_operator_3.py for tasks to queue
[2024-09-24T11:15:21.021+0100] {logging_mixin.py:190} INFO - [2024-09-24T11:15:21.020+0100] {dagbag.py:588} INFO - Filling up the DagBag from /Users/rtewelde/airflow_venv/lib/python3.11/site-packages/airflow/example_dags/example_branch_python_dop_operator_3.py
[2024-09-24T11:15:21.217+0100] {processor.py:925} INFO - DAG(s) 'example_branch_dop_operator_v3' retrieved from /Users/rtewelde/airflow_venv/lib/python3.11/site-packages/airflow/example_dags/example_branch_python_dop_operator_3.py
[2024-09-24T11:15:21.870+0100] {logging_mixin.py:190} INFO - [2024-09-24T11:15:21.869+0100] {dag.py:3239} INFO - Sync 1 DAGs
[2024-09-24T11:15:21.960+0100] {logging_mixin.py:190} INFO - [2024-09-24T11:15:21.959+0100] {dag.py:4180} INFO - Setting next_dagrun for example_branch_dop_operator_v3 to 2024-09-24 10:14:00+00:00, run_after=2024-09-24 10:15:00+00:00
[2024-09-24T11:15:22.022+0100] {processor.py:208} INFO - Processing /Users/rtewelde/airflow_venv/lib/python3.11/site-packages/airflow/example_dags/example_branch_python_dop_operator_3.py took 1.019 seconds
[2024-09-24T11:23:32.179+0100] {processor.py:186} INFO - Started process (PID=45198) to work on /Users/rtewelde/airflow_venv/lib/python3.11/site-packages/airflow/example_dags/example_branch_python_dop_operator_3.py
[2024-09-24T11:23:32.183+0100] {processor.py:914} INFO - Processing file /Users/rtewelde/airflow_venv/lib/python3.11/site-packages/airflow/example_dags/example_branch_python_dop_operator_3.py for tasks to queue
[2024-09-24T11:23:32.187+0100] {logging_mixin.py:190} INFO - [2024-09-24T11:23:32.186+0100] {dagbag.py:588} INFO - Filling up the DagBag from /Users/rtewelde/airflow_venv/lib/python3.11/site-packages/airflow/example_dags/example_branch_python_dop_operator_3.py
[2024-09-24T11:23:32.318+0100] {processor.py:925} INFO - DAG(s) 'example_branch_dop_operator_v3' retrieved from /Users/rtewelde/airflow_venv/lib/python3.11/site-packages/airflow/example_dags/example_branch_python_dop_operator_3.py
[2024-09-24T11:23:32.856+0100] {logging_mixin.py:190} INFO - [2024-09-24T11:23:32.855+0100] {dag.py:3239} INFO - Sync 1 DAGs
[2024-09-24T11:23:32.944+0100] {logging_mixin.py:190} INFO - [2024-09-24T11:23:32.943+0100] {dag.py:4180} INFO - Setting next_dagrun for example_branch_dop_operator_v3 to 2024-09-24 10:22:00+00:00, run_after=2024-09-24 10:23:00+00:00
[2024-09-24T11:23:33.007+0100] {processor.py:208} INFO - Processing /Users/rtewelde/airflow_venv/lib/python3.11/site-packages/airflow/example_dags/example_branch_python_dop_operator_3.py took 0.836 seconds
[2024-09-24T11:31:21.755+0100] {processor.py:186} INFO - Started process (PID=47213) to work on /Users/rtewelde/airflow_venv/lib/python3.11/site-packages/airflow/example_dags/example_branch_python_dop_operator_3.py
[2024-09-24T11:31:21.758+0100] {processor.py:914} INFO - Processing file /Users/rtewelde/airflow_venv/lib/python3.11/site-packages/airflow/example_dags/example_branch_python_dop_operator_3.py for tasks to queue
[2024-09-24T11:31:21.762+0100] {logging_mixin.py:190} INFO - [2024-09-24T11:31:21.761+0100] {dagbag.py:588} INFO - Filling up the DagBag from /Users/rtewelde/airflow_venv/lib/python3.11/site-packages/airflow/example_dags/example_branch_python_dop_operator_3.py
[2024-09-24T11:31:21.896+0100] {processor.py:925} INFO - DAG(s) 'example_branch_dop_operator_v3' retrieved from /Users/rtewelde/airflow_venv/lib/python3.11/site-packages/airflow/example_dags/example_branch_python_dop_operator_3.py
[2024-09-24T11:31:22.486+0100] {logging_mixin.py:190} INFO - [2024-09-24T11:31:22.484+0100] {dag.py:3239} INFO - Sync 1 DAGs
[2024-09-24T11:31:22.582+0100] {logging_mixin.py:190} INFO - [2024-09-24T11:31:22.581+0100] {dag.py:4180} INFO - Setting next_dagrun for example_branch_dop_operator_v3 to 2024-09-24 10:30:00+00:00, run_after=2024-09-24 10:31:00+00:00
[2024-09-24T11:31:22.649+0100] {processor.py:208} INFO - Processing /Users/rtewelde/airflow_venv/lib/python3.11/site-packages/airflow/example_dags/example_branch_python_dop_operator_3.py took 0.903 seconds
[2024-09-24T11:39:08.957+0100] {processor.py:186} INFO - Started process (PID=49203) to work on /Users/rtewelde/airflow_venv/lib/python3.11/site-packages/airflow/example_dags/example_branch_python_dop_operator_3.py
[2024-09-24T11:39:08.960+0100] {processor.py:914} INFO - Processing file /Users/rtewelde/airflow_venv/lib/python3.11/site-packages/airflow/example_dags/example_branch_python_dop_operator_3.py for tasks to queue
[2024-09-24T11:39:08.963+0100] {logging_mixin.py:190} INFO - [2024-09-24T11:39:08.962+0100] {dagbag.py:588} INFO - Filling up the DagBag from /Users/rtewelde/airflow_venv/lib/python3.11/site-packages/airflow/example_dags/example_branch_python_dop_operator_3.py
[2024-09-24T11:39:09.104+0100] {processor.py:925} INFO - DAG(s) 'example_branch_dop_operator_v3' retrieved from /Users/rtewelde/airflow_venv/lib/python3.11/site-packages/airflow/example_dags/example_branch_python_dop_operator_3.py
[2024-09-24T11:39:09.645+0100] {logging_mixin.py:190} INFO - [2024-09-24T11:39:09.644+0100] {dag.py:3239} INFO - Sync 1 DAGs
[2024-09-24T11:39:09.725+0100] {logging_mixin.py:190} INFO - [2024-09-24T11:39:09.724+0100] {dag.py:4180} INFO - Setting next_dagrun for example_branch_dop_operator_v3 to 2024-09-24 10:38:00+00:00, run_after=2024-09-24 10:39:00+00:00
[2024-09-24T11:39:09.784+0100] {processor.py:208} INFO - Processing /Users/rtewelde/airflow_venv/lib/python3.11/site-packages/airflow/example_dags/example_branch_python_dop_operator_3.py took 0.838 seconds
[2024-09-24T11:46:38.638+0100] {processor.py:186} INFO - Started process (PID=51127) to work on /Users/rtewelde/airflow_venv/lib/python3.11/site-packages/airflow/example_dags/example_branch_python_dop_operator_3.py
[2024-09-24T11:46:38.641+0100] {processor.py:914} INFO - Processing file /Users/rtewelde/airflow_venv/lib/python3.11/site-packages/airflow/example_dags/example_branch_python_dop_operator_3.py for tasks to queue
[2024-09-24T11:46:38.644+0100] {logging_mixin.py:190} INFO - [2024-09-24T11:46:38.643+0100] {dagbag.py:588} INFO - Filling up the DagBag from /Users/rtewelde/airflow_venv/lib/python3.11/site-packages/airflow/example_dags/example_branch_python_dop_operator_3.py
[2024-09-24T11:46:38.770+0100] {processor.py:925} INFO - DAG(s) 'example_branch_dop_operator_v3' retrieved from /Users/rtewelde/airflow_venv/lib/python3.11/site-packages/airflow/example_dags/example_branch_python_dop_operator_3.py
[2024-09-24T11:46:39.238+0100] {logging_mixin.py:190} INFO - [2024-09-24T11:46:39.237+0100] {dag.py:3239} INFO - Sync 1 DAGs
[2024-09-24T11:46:39.313+0100] {logging_mixin.py:190} INFO - [2024-09-24T11:46:39.312+0100] {dag.py:4180} INFO - Setting next_dagrun for example_branch_dop_operator_v3 to 2024-09-24 10:45:00+00:00, run_after=2024-09-24 10:46:00+00:00
[2024-09-24T11:46:39.368+0100] {processor.py:208} INFO - Processing /Users/rtewelde/airflow_venv/lib/python3.11/site-packages/airflow/example_dags/example_branch_python_dop_operator_3.py took 0.738 seconds
[2024-09-24T12:10:00.440+0100] {processor.py:186} INFO - Started process (PID=53021) to work on /Users/rtewelde/airflow_venv/lib/python3.11/site-packages/airflow/example_dags/example_branch_python_dop_operator_3.py
[2024-09-24T12:10:00.442+0100] {processor.py:914} INFO - Processing file /Users/rtewelde/airflow_venv/lib/python3.11/site-packages/airflow/example_dags/example_branch_python_dop_operator_3.py for tasks to queue
[2024-09-24T12:10:00.446+0100] {logging_mixin.py:190} INFO - [2024-09-24T12:10:00.445+0100] {dagbag.py:588} INFO - Filling up the DagBag from /Users/rtewelde/airflow_venv/lib/python3.11/site-packages/airflow/example_dags/example_branch_python_dop_operator_3.py
[2024-09-24T12:10:00.549+0100] {processor.py:925} INFO - DAG(s) 'example_branch_dop_operator_v3' retrieved from /Users/rtewelde/airflow_venv/lib/python3.11/site-packages/airflow/example_dags/example_branch_python_dop_operator_3.py
[2024-09-24T12:10:00.985+0100] {logging_mixin.py:190} INFO - [2024-09-24T12:10:00.984+0100] {dag.py:3239} INFO - Sync 1 DAGs
[2024-09-24T12:10:01.050+0100] {logging_mixin.py:190} INFO - [2024-09-24T12:10:01.050+0100] {dag.py:4180} INFO - Setting next_dagrun for example_branch_dop_operator_v3 to 2024-09-24 11:09:00+00:00, run_after=2024-09-24 11:10:00+00:00
[2024-09-24T12:10:01.098+0100] {processor.py:208} INFO - Processing /Users/rtewelde/airflow_venv/lib/python3.11/site-packages/airflow/example_dags/example_branch_python_dop_operator_3.py took 0.665 seconds
[2024-09-24T12:58:41.459+0100] {processor.py:186} INFO - Started process (PID=56758) to work on /Users/rtewelde/airflow_venv/lib/python3.11/site-packages/airflow/example_dags/example_branch_python_dop_operator_3.py
[2024-09-24T12:58:41.463+0100] {processor.py:914} INFO - Processing file /Users/rtewelde/airflow_venv/lib/python3.11/site-packages/airflow/example_dags/example_branch_python_dop_operator_3.py for tasks to queue
[2024-09-24T12:58:41.466+0100] {logging_mixin.py:190} INFO - [2024-09-24T12:58:41.465+0100] {dagbag.py:588} INFO - Filling up the DagBag from /Users/rtewelde/airflow_venv/lib/python3.11/site-packages/airflow/example_dags/example_branch_python_dop_operator_3.py
[2024-09-24T12:58:41.622+0100] {processor.py:925} INFO - DAG(s) 'example_branch_dop_operator_v3' retrieved from /Users/rtewelde/airflow_venv/lib/python3.11/site-packages/airflow/example_dags/example_branch_python_dop_operator_3.py
[2024-09-24T12:58:42.405+0100] {logging_mixin.py:190} INFO - [2024-09-24T12:58:42.404+0100] {dag.py:3239} INFO - Sync 1 DAGs
[2024-09-24T12:58:42.492+0100] {logging_mixin.py:190} INFO - [2024-09-24T12:58:42.491+0100] {dag.py:4180} INFO - Setting next_dagrun for example_branch_dop_operator_v3 to 2024-09-24 11:57:00+00:00, run_after=2024-09-24 11:58:00+00:00
[2024-09-24T12:58:42.562+0100] {processor.py:208} INFO - Processing /Users/rtewelde/airflow_venv/lib/python3.11/site-packages/airflow/example_dags/example_branch_python_dop_operator_3.py took 1.112 seconds
[2024-09-24T13:23:04.055+0100] {processor.py:186} INFO - Started process (PID=58735) to work on /Users/rtewelde/airflow_venv/lib/python3.11/site-packages/airflow/example_dags/example_branch_python_dop_operator_3.py
[2024-09-24T13:23:04.059+0100] {processor.py:914} INFO - Processing file /Users/rtewelde/airflow_venv/lib/python3.11/site-packages/airflow/example_dags/example_branch_python_dop_operator_3.py for tasks to queue
[2024-09-24T13:23:04.062+0100] {logging_mixin.py:190} INFO - [2024-09-24T13:23:04.062+0100] {dagbag.py:588} INFO - Filling up the DagBag from /Users/rtewelde/airflow_venv/lib/python3.11/site-packages/airflow/example_dags/example_branch_python_dop_operator_3.py
[2024-09-24T13:23:04.179+0100] {processor.py:925} INFO - DAG(s) 'example_branch_dop_operator_v3' retrieved from /Users/rtewelde/airflow_venv/lib/python3.11/site-packages/airflow/example_dags/example_branch_python_dop_operator_3.py
[2024-09-24T13:23:04.608+0100] {logging_mixin.py:190} INFO - [2024-09-24T13:23:04.607+0100] {dag.py:3239} INFO - Sync 1 DAGs
[2024-09-24T13:23:04.671+0100] {logging_mixin.py:190} INFO - [2024-09-24T13:23:04.671+0100] {dag.py:4180} INFO - Setting next_dagrun for example_branch_dop_operator_v3 to 2024-09-24 12:22:00+00:00, run_after=2024-09-24 12:23:00+00:00
[2024-09-24T13:23:04.724+0100] {processor.py:208} INFO - Processing /Users/rtewelde/airflow_venv/lib/python3.11/site-packages/airflow/example_dags/example_branch_python_dop_operator_3.py took 0.680 seconds
[2024-09-24T17:54:31.193+0100] {processor.py:186} INFO - Started process (PID=62032) to work on /Users/rtewelde/airflow_venv/lib/python3.11/site-packages/airflow/example_dags/example_branch_python_dop_operator_3.py
[2024-09-24T17:54:31.194+0100] {processor.py:914} INFO - Processing file /Users/rtewelde/airflow_venv/lib/python3.11/site-packages/airflow/example_dags/example_branch_python_dop_operator_3.py for tasks to queue
[2024-09-24T17:54:31.195+0100] {logging_mixin.py:190} INFO - [2024-09-24T17:54:31.195+0100] {dagbag.py:588} INFO - Filling up the DagBag from /Users/rtewelde/airflow_venv/lib/python3.11/site-packages/airflow/example_dags/example_branch_python_dop_operator_3.py
[2024-09-24T17:54:31.228+0100] {processor.py:925} INFO - DAG(s) 'example_branch_dop_operator_v3' retrieved from /Users/rtewelde/airflow_venv/lib/python3.11/site-packages/airflow/example_dags/example_branch_python_dop_operator_3.py
[2024-09-24T17:54:31.372+0100] {logging_mixin.py:190} INFO - [2024-09-24T17:54:31.372+0100] {dag.py:3239} INFO - Sync 1 DAGs
[2024-09-24T17:54:31.395+0100] {logging_mixin.py:190} INFO - [2024-09-24T17:54:31.395+0100] {dag.py:4180} INFO - Setting next_dagrun for example_branch_dop_operator_v3 to 2024-09-24 16:53:00+00:00, run_after=2024-09-24 16:54:00+00:00
[2024-09-24T17:54:31.411+0100] {processor.py:208} INFO - Processing /Users/rtewelde/airflow_venv/lib/python3.11/site-packages/airflow/example_dags/example_branch_python_dop_operator_3.py took 0.220 seconds
[2024-09-24T18:00:09.675+0100] {processor.py:186} INFO - Started process (PID=63487) to work on /Users/rtewelde/airflow_venv/lib/python3.11/site-packages/airflow/example_dags/example_branch_python_dop_operator_3.py
[2024-09-24T18:00:09.677+0100] {processor.py:914} INFO - Processing file /Users/rtewelde/airflow_venv/lib/python3.11/site-packages/airflow/example_dags/example_branch_python_dop_operator_3.py for tasks to queue
[2024-09-24T18:00:09.678+0100] {logging_mixin.py:190} INFO - [2024-09-24T18:00:09.678+0100] {dagbag.py:588} INFO - Filling up the DagBag from /Users/rtewelde/airflow_venv/lib/python3.11/site-packages/airflow/example_dags/example_branch_python_dop_operator_3.py
[2024-09-24T18:00:09.746+0100] {processor.py:925} INFO - DAG(s) 'example_branch_dop_operator_v3' retrieved from /Users/rtewelde/airflow_venv/lib/python3.11/site-packages/airflow/example_dags/example_branch_python_dop_operator_3.py
[2024-09-24T18:00:10.034+0100] {logging_mixin.py:190} INFO - [2024-09-24T18:00:10.033+0100] {dag.py:3239} INFO - Sync 1 DAGs
[2024-09-24T18:00:10.077+0100] {logging_mixin.py:190} INFO - [2024-09-24T18:00:10.077+0100] {dag.py:4180} INFO - Setting next_dagrun for example_branch_dop_operator_v3 to 2024-09-24 16:59:00+00:00, run_after=2024-09-24 17:00:00+00:00
[2024-09-24T18:00:10.112+0100] {processor.py:208} INFO - Processing /Users/rtewelde/airflow_venv/lib/python3.11/site-packages/airflow/example_dags/example_branch_python_dop_operator_3.py took 0.442 seconds
[2024-09-24T18:08:57.398+0100] {processor.py:186} INFO - Started process (PID=65814) to work on /Users/rtewelde/airflow_venv/lib/python3.11/site-packages/airflow/example_dags/example_branch_python_dop_operator_3.py
[2024-09-24T18:08:57.401+0100] {processor.py:914} INFO - Processing file /Users/rtewelde/airflow_venv/lib/python3.11/site-packages/airflow/example_dags/example_branch_python_dop_operator_3.py for tasks to queue
[2024-09-24T18:08:57.403+0100] {logging_mixin.py:190} INFO - [2024-09-24T18:08:57.403+0100] {dagbag.py:588} INFO - Filling up the DagBag from /Users/rtewelde/airflow_venv/lib/python3.11/site-packages/airflow/example_dags/example_branch_python_dop_operator_3.py
[2024-09-24T18:08:57.476+0100] {processor.py:925} INFO - DAG(s) 'example_branch_dop_operator_v3' retrieved from /Users/rtewelde/airflow_venv/lib/python3.11/site-packages/airflow/example_dags/example_branch_python_dop_operator_3.py
[2024-09-24T18:08:57.782+0100] {logging_mixin.py:190} INFO - [2024-09-24T18:08:57.781+0100] {dag.py:3239} INFO - Sync 1 DAGs
[2024-09-24T18:08:57.825+0100] {logging_mixin.py:190} INFO - [2024-09-24T18:08:57.825+0100] {dag.py:4180} INFO - Setting next_dagrun for example_branch_dop_operator_v3 to 2024-09-24 17:07:00+00:00, run_after=2024-09-24 17:08:00+00:00
[2024-09-24T18:08:57.861+0100] {processor.py:208} INFO - Processing /Users/rtewelde/airflow_venv/lib/python3.11/site-packages/airflow/example_dags/example_branch_python_dop_operator_3.py took 0.469 seconds
[2024-09-24T18:18:17.677+0100] {processor.py:186} INFO - Started process (PID=68289) to work on /Users/rtewelde/airflow_venv/lib/python3.11/site-packages/airflow/example_dags/example_branch_python_dop_operator_3.py
[2024-09-24T18:18:17.679+0100] {processor.py:914} INFO - Processing file /Users/rtewelde/airflow_venv/lib/python3.11/site-packages/airflow/example_dags/example_branch_python_dop_operator_3.py for tasks to queue
[2024-09-24T18:18:17.681+0100] {logging_mixin.py:190} INFO - [2024-09-24T18:18:17.680+0100] {dagbag.py:588} INFO - Filling up the DagBag from /Users/rtewelde/airflow_venv/lib/python3.11/site-packages/airflow/example_dags/example_branch_python_dop_operator_3.py
[2024-09-24T18:18:17.758+0100] {processor.py:925} INFO - DAG(s) 'example_branch_dop_operator_v3' retrieved from /Users/rtewelde/airflow_venv/lib/python3.11/site-packages/airflow/example_dags/example_branch_python_dop_operator_3.py
[2024-09-24T18:18:18.080+0100] {logging_mixin.py:190} INFO - [2024-09-24T18:18:18.079+0100] {dag.py:3239} INFO - Sync 1 DAGs
[2024-09-24T18:18:18.126+0100] {logging_mixin.py:190} INFO - [2024-09-24T18:18:18.126+0100] {dag.py:4180} INFO - Setting next_dagrun for example_branch_dop_operator_v3 to 2024-09-24 17:17:00+00:00, run_after=2024-09-24 17:18:00+00:00
[2024-09-24T18:18:18.168+0100] {processor.py:208} INFO - Processing /Users/rtewelde/airflow_venv/lib/python3.11/site-packages/airflow/example_dags/example_branch_python_dop_operator_3.py took 0.496 seconds
[2024-09-24T18:31:43.975+0100] {processor.py:186} INFO - Started process (PID=71753) to work on /Users/rtewelde/airflow_venv/lib/python3.11/site-packages/airflow/example_dags/example_branch_python_dop_operator_3.py
[2024-09-24T18:31:43.979+0100] {processor.py:914} INFO - Processing file /Users/rtewelde/airflow_venv/lib/python3.11/site-packages/airflow/example_dags/example_branch_python_dop_operator_3.py for tasks to queue
[2024-09-24T18:31:43.983+0100] {logging_mixin.py:190} INFO - [2024-09-24T18:31:43.982+0100] {dagbag.py:588} INFO - Filling up the DagBag from /Users/rtewelde/airflow_venv/lib/python3.11/site-packages/airflow/example_dags/example_branch_python_dop_operator_3.py
[2024-09-24T18:31:44.128+0100] {processor.py:925} INFO - DAG(s) 'example_branch_dop_operator_v3' retrieved from /Users/rtewelde/airflow_venv/lib/python3.11/site-packages/airflow/example_dags/example_branch_python_dop_operator_3.py
[2024-09-24T18:31:44.733+0100] {logging_mixin.py:190} INFO - [2024-09-24T18:31:44.732+0100] {dag.py:3239} INFO - Sync 1 DAGs
[2024-09-24T18:31:44.831+0100] {logging_mixin.py:190} INFO - [2024-09-24T18:31:44.830+0100] {dag.py:4180} INFO - Setting next_dagrun for example_branch_dop_operator_v3 to 2024-09-24 17:30:00+00:00, run_after=2024-09-24 17:31:00+00:00
[2024-09-24T18:31:44.932+0100] {processor.py:208} INFO - Processing /Users/rtewelde/airflow_venv/lib/python3.11/site-packages/airflow/example_dags/example_branch_python_dop_operator_3.py took 0.965 seconds
[2024-09-24T18:39:55.495+0100] {processor.py:186} INFO - Started process (PID=73959) to work on /Users/rtewelde/airflow_venv/lib/python3.11/site-packages/airflow/example_dags/example_branch_python_dop_operator_3.py
[2024-09-24T18:39:55.500+0100] {processor.py:914} INFO - Processing file /Users/rtewelde/airflow_venv/lib/python3.11/site-packages/airflow/example_dags/example_branch_python_dop_operator_3.py for tasks to queue
[2024-09-24T18:39:55.505+0100] {logging_mixin.py:190} INFO - [2024-09-24T18:39:55.505+0100] {dagbag.py:588} INFO - Filling up the DagBag from /Users/rtewelde/airflow_venv/lib/python3.11/site-packages/airflow/example_dags/example_branch_python_dop_operator_3.py
[2024-09-24T18:39:55.626+0100] {processor.py:925} INFO - DAG(s) 'example_branch_dop_operator_v3' retrieved from /Users/rtewelde/airflow_venv/lib/python3.11/site-packages/airflow/example_dags/example_branch_python_dop_operator_3.py
[2024-09-24T18:39:56.139+0100] {logging_mixin.py:190} INFO - [2024-09-24T18:39:56.137+0100] {dag.py:3239} INFO - Sync 1 DAGs
[2024-09-24T18:39:56.267+0100] {logging_mixin.py:190} INFO - [2024-09-24T18:39:56.266+0100] {dag.py:4180} INFO - Setting next_dagrun for example_branch_dop_operator_v3 to 2024-09-24 17:38:00+00:00, run_after=2024-09-24 17:39:00+00:00
[2024-09-24T18:39:56.325+0100] {processor.py:208} INFO - Processing /Users/rtewelde/airflow_venv/lib/python3.11/site-packages/airflow/example_dags/example_branch_python_dop_operator_3.py took 0.839 seconds
[2024-09-24T19:01:10.543+0100] {processor.py:186} INFO - Started process (PID=76093) to work on /Users/rtewelde/airflow_venv/lib/python3.11/site-packages/airflow/example_dags/example_branch_python_dop_operator_3.py
[2024-09-24T19:01:10.544+0100] {processor.py:914} INFO - Processing file /Users/rtewelde/airflow_venv/lib/python3.11/site-packages/airflow/example_dags/example_branch_python_dop_operator_3.py for tasks to queue
[2024-09-24T19:01:10.546+0100] {logging_mixin.py:190} INFO - [2024-09-24T19:01:10.545+0100] {dagbag.py:588} INFO - Filling up the DagBag from /Users/rtewelde/airflow_venv/lib/python3.11/site-packages/airflow/example_dags/example_branch_python_dop_operator_3.py
[2024-09-24T19:01:10.581+0100] {processor.py:925} INFO - DAG(s) 'example_branch_dop_operator_v3' retrieved from /Users/rtewelde/airflow_venv/lib/python3.11/site-packages/airflow/example_dags/example_branch_python_dop_operator_3.py
[2024-09-24T19:01:10.736+0100] {logging_mixin.py:190} INFO - [2024-09-24T19:01:10.735+0100] {dag.py:3239} INFO - Sync 1 DAGs
[2024-09-24T19:01:10.758+0100] {logging_mixin.py:190} INFO - [2024-09-24T19:01:10.758+0100] {dag.py:4180} INFO - Setting next_dagrun for example_branch_dop_operator_v3 to 2024-09-24 18:00:00+00:00, run_after=2024-09-24 18:01:00+00:00
[2024-09-24T19:01:10.775+0100] {processor.py:208} INFO - Processing /Users/rtewelde/airflow_venv/lib/python3.11/site-packages/airflow/example_dags/example_branch_python_dop_operator_3.py took 0.235 seconds
[2024-09-24T19:05:56.568+0100] {processor.py:186} INFO - Started process (PID=77450) to work on /Users/rtewelde/airflow_venv/lib/python3.11/site-packages/airflow/example_dags/example_branch_python_dop_operator_3.py
[2024-09-24T19:05:56.570+0100] {processor.py:914} INFO - Processing file /Users/rtewelde/airflow_venv/lib/python3.11/site-packages/airflow/example_dags/example_branch_python_dop_operator_3.py for tasks to queue
[2024-09-24T19:05:56.571+0100] {logging_mixin.py:190} INFO - [2024-09-24T19:05:56.571+0100] {dagbag.py:588} INFO - Filling up the DagBag from /Users/rtewelde/airflow_venv/lib/python3.11/site-packages/airflow/example_dags/example_branch_python_dop_operator_3.py
[2024-09-24T19:05:56.624+0100] {processor.py:925} INFO - DAG(s) 'example_branch_dop_operator_v3' retrieved from /Users/rtewelde/airflow_venv/lib/python3.11/site-packages/airflow/example_dags/example_branch_python_dop_operator_3.py
[2024-09-24T19:05:56.809+0100] {logging_mixin.py:190} INFO - [2024-09-24T19:05:56.808+0100] {dag.py:3239} INFO - Sync 1 DAGs
[2024-09-24T19:05:56.837+0100] {logging_mixin.py:190} INFO - [2024-09-24T19:05:56.837+0100] {dag.py:4180} INFO - Setting next_dagrun for example_branch_dop_operator_v3 to 2024-09-24 18:04:00+00:00, run_after=2024-09-24 18:05:00+00:00
[2024-09-24T19:05:56.858+0100] {processor.py:208} INFO - Processing /Users/rtewelde/airflow_venv/lib/python3.11/site-packages/airflow/example_dags/example_branch_python_dop_operator_3.py took 0.293 seconds
[2024-09-24T19:11:08.645+0100] {processor.py:186} INFO - Started process (PID=78942) to work on /Users/rtewelde/airflow_venv/lib/python3.11/site-packages/airflow/example_dags/example_branch_python_dop_operator_3.py
[2024-09-24T19:11:08.647+0100] {processor.py:914} INFO - Processing file /Users/rtewelde/airflow_venv/lib/python3.11/site-packages/airflow/example_dags/example_branch_python_dop_operator_3.py for tasks to queue
[2024-09-24T19:11:08.648+0100] {logging_mixin.py:190} INFO - [2024-09-24T19:11:08.648+0100] {dagbag.py:588} INFO - Filling up the DagBag from /Users/rtewelde/airflow_venv/lib/python3.11/site-packages/airflow/example_dags/example_branch_python_dop_operator_3.py
[2024-09-24T19:11:08.684+0100] {processor.py:925} INFO - DAG(s) 'example_branch_dop_operator_v3' retrieved from /Users/rtewelde/airflow_venv/lib/python3.11/site-packages/airflow/example_dags/example_branch_python_dop_operator_3.py
[2024-09-24T19:11:08.839+0100] {logging_mixin.py:190} INFO - [2024-09-24T19:11:08.839+0100] {dag.py:3239} INFO - Sync 1 DAGs
[2024-09-24T19:11:08.860+0100] {logging_mixin.py:190} INFO - [2024-09-24T19:11:08.860+0100] {dag.py:4180} INFO - Setting next_dagrun for example_branch_dop_operator_v3 to 2024-09-24 18:10:00+00:00, run_after=2024-09-24 18:11:00+00:00
[2024-09-24T19:11:08.878+0100] {processor.py:208} INFO - Processing /Users/rtewelde/airflow_venv/lib/python3.11/site-packages/airflow/example_dags/example_branch_python_dop_operator_3.py took 0.235 seconds
[2024-09-24T19:16:27.686+0100] {processor.py:186} INFO - Started process (PID=80462) to work on /Users/rtewelde/airflow_venv/lib/python3.11/site-packages/airflow/example_dags/example_branch_python_dop_operator_3.py
[2024-09-24T19:16:27.687+0100] {processor.py:914} INFO - Processing file /Users/rtewelde/airflow_venv/lib/python3.11/site-packages/airflow/example_dags/example_branch_python_dop_operator_3.py for tasks to queue
[2024-09-24T19:16:27.689+0100] {logging_mixin.py:190} INFO - [2024-09-24T19:16:27.688+0100] {dagbag.py:588} INFO - Filling up the DagBag from /Users/rtewelde/airflow_venv/lib/python3.11/site-packages/airflow/example_dags/example_branch_python_dop_operator_3.py
[2024-09-24T19:16:27.735+0100] {processor.py:925} INFO - DAG(s) 'example_branch_dop_operator_v3' retrieved from /Users/rtewelde/airflow_venv/lib/python3.11/site-packages/airflow/example_dags/example_branch_python_dop_operator_3.py
[2024-09-24T19:16:27.929+0100] {logging_mixin.py:190} INFO - [2024-09-24T19:16:27.929+0100] {dag.py:3239} INFO - Sync 1 DAGs
[2024-09-24T19:16:27.962+0100] {logging_mixin.py:190} INFO - [2024-09-24T19:16:27.961+0100] {dag.py:4180} INFO - Setting next_dagrun for example_branch_dop_operator_v3 to 2024-09-24 18:15:00+00:00, run_after=2024-09-24 18:16:00+00:00
[2024-09-24T19:16:27.987+0100] {processor.py:208} INFO - Processing /Users/rtewelde/airflow_venv/lib/python3.11/site-packages/airflow/example_dags/example_branch_python_dop_operator_3.py took 0.304 seconds
[2024-09-24T19:21:42.330+0100] {processor.py:186} INFO - Started process (PID=81981) to work on /Users/rtewelde/airflow_venv/lib/python3.11/site-packages/airflow/example_dags/example_branch_python_dop_operator_3.py
[2024-09-24T19:21:42.332+0100] {processor.py:914} INFO - Processing file /Users/rtewelde/airflow_venv/lib/python3.11/site-packages/airflow/example_dags/example_branch_python_dop_operator_3.py for tasks to queue
[2024-09-24T19:21:42.333+0100] {logging_mixin.py:190} INFO - [2024-09-24T19:21:42.333+0100] {dagbag.py:588} INFO - Filling up the DagBag from /Users/rtewelde/airflow_venv/lib/python3.11/site-packages/airflow/example_dags/example_branch_python_dop_operator_3.py
[2024-09-24T19:21:42.366+0100] {processor.py:925} INFO - DAG(s) 'example_branch_dop_operator_v3' retrieved from /Users/rtewelde/airflow_venv/lib/python3.11/site-packages/airflow/example_dags/example_branch_python_dop_operator_3.py
[2024-09-24T19:21:42.514+0100] {logging_mixin.py:190} INFO - [2024-09-24T19:21:42.513+0100] {dag.py:3239} INFO - Sync 1 DAGs
[2024-09-24T19:21:42.535+0100] {logging_mixin.py:190} INFO - [2024-09-24T19:21:42.535+0100] {dag.py:4180} INFO - Setting next_dagrun for example_branch_dop_operator_v3 to 2024-09-24 18:20:00+00:00, run_after=2024-09-24 18:21:00+00:00
[2024-09-24T19:21:42.551+0100] {processor.py:208} INFO - Processing /Users/rtewelde/airflow_venv/lib/python3.11/site-packages/airflow/example_dags/example_branch_python_dop_operator_3.py took 0.223 seconds
[2024-09-24T19:26:50.664+0100] {processor.py:186} INFO - Started process (PID=83398) to work on /Users/rtewelde/airflow_venv/lib/python3.11/site-packages/airflow/example_dags/example_branch_python_dop_operator_3.py
[2024-09-24T19:26:50.666+0100] {processor.py:914} INFO - Processing file /Users/rtewelde/airflow_venv/lib/python3.11/site-packages/airflow/example_dags/example_branch_python_dop_operator_3.py for tasks to queue
[2024-09-24T19:26:50.667+0100] {logging_mixin.py:190} INFO - [2024-09-24T19:26:50.667+0100] {dagbag.py:588} INFO - Filling up the DagBag from /Users/rtewelde/airflow_venv/lib/python3.11/site-packages/airflow/example_dags/example_branch_python_dop_operator_3.py
[2024-09-24T19:26:50.709+0100] {processor.py:925} INFO - DAG(s) 'example_branch_dop_operator_v3' retrieved from /Users/rtewelde/airflow_venv/lib/python3.11/site-packages/airflow/example_dags/example_branch_python_dop_operator_3.py
[2024-09-24T19:26:50.935+0100] {logging_mixin.py:190} INFO - [2024-09-24T19:26:50.934+0100] {dag.py:3239} INFO - Sync 1 DAGs
[2024-09-24T19:26:50.972+0100] {logging_mixin.py:190} INFO - [2024-09-24T19:26:50.972+0100] {dag.py:4180} INFO - Setting next_dagrun for example_branch_dop_operator_v3 to 2024-09-24 18:25:00+00:00, run_after=2024-09-24 18:26:00+00:00
[2024-09-24T19:26:51.004+0100] {processor.py:208} INFO - Processing /Users/rtewelde/airflow_venv/lib/python3.11/site-packages/airflow/example_dags/example_branch_python_dop_operator_3.py took 0.343 seconds
[2024-09-24T19:32:41.614+0100] {processor.py:186} INFO - Started process (PID=84990) to work on /Users/rtewelde/airflow_venv/lib/python3.11/site-packages/airflow/example_dags/example_branch_python_dop_operator_3.py
[2024-09-24T19:32:41.616+0100] {processor.py:914} INFO - Processing file /Users/rtewelde/airflow_venv/lib/python3.11/site-packages/airflow/example_dags/example_branch_python_dop_operator_3.py for tasks to queue
[2024-09-24T19:32:41.617+0100] {logging_mixin.py:190} INFO - [2024-09-24T19:32:41.617+0100] {dagbag.py:588} INFO - Filling up the DagBag from /Users/rtewelde/airflow_venv/lib/python3.11/site-packages/airflow/example_dags/example_branch_python_dop_operator_3.py
[2024-09-24T19:32:41.652+0100] {processor.py:925} INFO - DAG(s) 'example_branch_dop_operator_v3' retrieved from /Users/rtewelde/airflow_venv/lib/python3.11/site-packages/airflow/example_dags/example_branch_python_dop_operator_3.py
[2024-09-24T19:32:41.796+0100] {logging_mixin.py:190} INFO - [2024-09-24T19:32:41.796+0100] {dag.py:3239} INFO - Sync 1 DAGs
[2024-09-24T19:32:41.816+0100] {logging_mixin.py:190} INFO - [2024-09-24T19:32:41.816+0100] {dag.py:4180} INFO - Setting next_dagrun for example_branch_dop_operator_v3 to 2024-09-24 18:31:00+00:00, run_after=2024-09-24 18:32:00+00:00
[2024-09-24T19:32:41.833+0100] {processor.py:208} INFO - Processing /Users/rtewelde/airflow_venv/lib/python3.11/site-packages/airflow/example_dags/example_branch_python_dop_operator_3.py took 0.221 seconds
[2024-09-24T19:37:21.120+0100] {processor.py:186} INFO - Started process (PID=86284) to work on /Users/rtewelde/airflow_venv/lib/python3.11/site-packages/airflow/example_dags/example_branch_python_dop_operator_3.py
[2024-09-24T19:37:21.121+0100] {processor.py:914} INFO - Processing file /Users/rtewelde/airflow_venv/lib/python3.11/site-packages/airflow/example_dags/example_branch_python_dop_operator_3.py for tasks to queue
[2024-09-24T19:37:21.122+0100] {logging_mixin.py:190} INFO - [2024-09-24T19:37:21.122+0100] {dagbag.py:588} INFO - Filling up the DagBag from /Users/rtewelde/airflow_venv/lib/python3.11/site-packages/airflow/example_dags/example_branch_python_dop_operator_3.py
[2024-09-24T19:37:21.202+0100] {processor.py:925} INFO - DAG(s) 'example_branch_dop_operator_v3' retrieved from /Users/rtewelde/airflow_venv/lib/python3.11/site-packages/airflow/example_dags/example_branch_python_dop_operator_3.py
[2024-09-24T19:37:21.509+0100] {logging_mixin.py:190} INFO - [2024-09-24T19:37:21.509+0100] {dag.py:3239} INFO - Sync 1 DAGs
[2024-09-24T19:37:21.534+0100] {logging_mixin.py:190} INFO - [2024-09-24T19:37:21.533+0100] {dag.py:4180} INFO - Setting next_dagrun for example_branch_dop_operator_v3 to 2024-09-24 18:36:00+00:00, run_after=2024-09-24 18:37:00+00:00
[2024-09-24T19:37:21.565+0100] {processor.py:208} INFO - Processing /Users/rtewelde/airflow_venv/lib/python3.11/site-packages/airflow/example_dags/example_branch_python_dop_operator_3.py took 0.448 seconds
[2024-09-24T19:42:29.633+0100] {processor.py:186} INFO - Started process (PID=87820) to work on /Users/rtewelde/airflow_venv/lib/python3.11/site-packages/airflow/example_dags/example_branch_python_dop_operator_3.py
[2024-09-24T19:42:29.634+0100] {processor.py:914} INFO - Processing file /Users/rtewelde/airflow_venv/lib/python3.11/site-packages/airflow/example_dags/example_branch_python_dop_operator_3.py for tasks to queue
[2024-09-24T19:42:29.635+0100] {logging_mixin.py:190} INFO - [2024-09-24T19:42:29.635+0100] {dagbag.py:588} INFO - Filling up the DagBag from /Users/rtewelde/airflow_venv/lib/python3.11/site-packages/airflow/example_dags/example_branch_python_dop_operator_3.py
[2024-09-24T19:42:29.669+0100] {processor.py:925} INFO - DAG(s) 'example_branch_dop_operator_v3' retrieved from /Users/rtewelde/airflow_venv/lib/python3.11/site-packages/airflow/example_dags/example_branch_python_dop_operator_3.py
[2024-09-24T19:42:29.820+0100] {logging_mixin.py:190} INFO - [2024-09-24T19:42:29.820+0100] {dag.py:3239} INFO - Sync 1 DAGs
[2024-09-24T19:42:29.842+0100] {logging_mixin.py:190} INFO - [2024-09-24T19:42:29.842+0100] {dag.py:4180} INFO - Setting next_dagrun for example_branch_dop_operator_v3 to 2024-09-24 18:41:00+00:00, run_after=2024-09-24 18:42:00+00:00
[2024-09-24T19:42:29.860+0100] {processor.py:208} INFO - Processing /Users/rtewelde/airflow_venv/lib/python3.11/site-packages/airflow/example_dags/example_branch_python_dop_operator_3.py took 0.231 seconds
[2024-09-24T19:47:28.116+0100] {processor.py:186} INFO - Started process (PID=89347) to work on /Users/rtewelde/airflow_venv/lib/python3.11/site-packages/airflow/example_dags/example_branch_python_dop_operator_3.py
[2024-09-24T19:47:28.117+0100] {processor.py:914} INFO - Processing file /Users/rtewelde/airflow_venv/lib/python3.11/site-packages/airflow/example_dags/example_branch_python_dop_operator_3.py for tasks to queue
[2024-09-24T19:47:28.119+0100] {logging_mixin.py:190} INFO - [2024-09-24T19:47:28.119+0100] {dagbag.py:588} INFO - Filling up the DagBag from /Users/rtewelde/airflow_venv/lib/python3.11/site-packages/airflow/example_dags/example_branch_python_dop_operator_3.py
[2024-09-24T19:47:28.155+0100] {processor.py:925} INFO - DAG(s) 'example_branch_dop_operator_v3' retrieved from /Users/rtewelde/airflow_venv/lib/python3.11/site-packages/airflow/example_dags/example_branch_python_dop_operator_3.py
[2024-09-24T19:47:28.315+0100] {logging_mixin.py:190} INFO - [2024-09-24T19:47:28.315+0100] {dag.py:3239} INFO - Sync 1 DAGs
[2024-09-24T19:47:28.337+0100] {logging_mixin.py:190} INFO - [2024-09-24T19:47:28.337+0100] {dag.py:4180} INFO - Setting next_dagrun for example_branch_dop_operator_v3 to 2024-09-24 18:46:00+00:00, run_after=2024-09-24 18:47:00+00:00
[2024-09-24T19:47:28.357+0100] {processor.py:208} INFO - Processing /Users/rtewelde/airflow_venv/lib/python3.11/site-packages/airflow/example_dags/example_branch_python_dop_operator_3.py took 0.243 seconds
[2024-09-24T19:52:18.359+0100] {processor.py:186} INFO - Started process (PID=90705) to work on /Users/rtewelde/airflow_venv/lib/python3.11/site-packages/airflow/example_dags/example_branch_python_dop_operator_3.py
[2024-09-24T19:52:18.360+0100] {processor.py:914} INFO - Processing file /Users/rtewelde/airflow_venv/lib/python3.11/site-packages/airflow/example_dags/example_branch_python_dop_operator_3.py for tasks to queue
[2024-09-24T19:52:18.361+0100] {logging_mixin.py:190} INFO - [2024-09-24T19:52:18.361+0100] {dagbag.py:588} INFO - Filling up the DagBag from /Users/rtewelde/airflow_venv/lib/python3.11/site-packages/airflow/example_dags/example_branch_python_dop_operator_3.py
[2024-09-24T19:52:18.393+0100] {processor.py:925} INFO - DAG(s) 'example_branch_dop_operator_v3' retrieved from /Users/rtewelde/airflow_venv/lib/python3.11/site-packages/airflow/example_dags/example_branch_python_dop_operator_3.py
[2024-09-24T19:52:18.547+0100] {logging_mixin.py:190} INFO - [2024-09-24T19:52:18.547+0100] {dag.py:3239} INFO - Sync 1 DAGs
[2024-09-24T19:52:18.570+0100] {logging_mixin.py:190} INFO - [2024-09-24T19:52:18.570+0100] {dag.py:4180} INFO - Setting next_dagrun for example_branch_dop_operator_v3 to 2024-09-24 18:51:00+00:00, run_after=2024-09-24 18:52:00+00:00
[2024-09-24T19:52:18.587+0100] {processor.py:208} INFO - Processing /Users/rtewelde/airflow_venv/lib/python3.11/site-packages/airflow/example_dags/example_branch_python_dop_operator_3.py took 0.230 seconds
[2024-09-24T19:57:59.714+0100] {processor.py:186} INFO - Started process (PID=92352) to work on /Users/rtewelde/airflow_venv/lib/python3.11/site-packages/airflow/example_dags/example_branch_python_dop_operator_3.py
[2024-09-24T19:57:59.715+0100] {processor.py:914} INFO - Processing file /Users/rtewelde/airflow_venv/lib/python3.11/site-packages/airflow/example_dags/example_branch_python_dop_operator_3.py for tasks to queue
[2024-09-24T19:57:59.717+0100] {logging_mixin.py:190} INFO - [2024-09-24T19:57:59.716+0100] {dagbag.py:588} INFO - Filling up the DagBag from /Users/rtewelde/airflow_venv/lib/python3.11/site-packages/airflow/example_dags/example_branch_python_dop_operator_3.py
[2024-09-24T19:57:59.750+0100] {processor.py:925} INFO - DAG(s) 'example_branch_dop_operator_v3' retrieved from /Users/rtewelde/airflow_venv/lib/python3.11/site-packages/airflow/example_dags/example_branch_python_dop_operator_3.py
[2024-09-24T19:57:59.900+0100] {logging_mixin.py:190} INFO - [2024-09-24T19:57:59.900+0100] {dag.py:3239} INFO - Sync 1 DAGs
[2024-09-24T19:57:59.922+0100] {logging_mixin.py:190} INFO - [2024-09-24T19:57:59.922+0100] {dag.py:4180} INFO - Setting next_dagrun for example_branch_dop_operator_v3 to 2024-09-24 18:56:00+00:00, run_after=2024-09-24 18:57:00+00:00
[2024-09-24T19:57:59.938+0100] {processor.py:208} INFO - Processing /Users/rtewelde/airflow_venv/lib/python3.11/site-packages/airflow/example_dags/example_branch_python_dop_operator_3.py took 0.227 seconds
[2024-09-24T20:03:37.034+0100] {processor.py:186} INFO - Started process (PID=93965) to work on /Users/rtewelde/airflow_venv/lib/python3.11/site-packages/airflow/example_dags/example_branch_python_dop_operator_3.py
[2024-09-24T20:03:37.036+0100] {processor.py:914} INFO - Processing file /Users/rtewelde/airflow_venv/lib/python3.11/site-packages/airflow/example_dags/example_branch_python_dop_operator_3.py for tasks to queue
[2024-09-24T20:03:37.038+0100] {logging_mixin.py:190} INFO - [2024-09-24T20:03:37.037+0100] {dagbag.py:588} INFO - Filling up the DagBag from /Users/rtewelde/airflow_venv/lib/python3.11/site-packages/airflow/example_dags/example_branch_python_dop_operator_3.py
[2024-09-24T20:03:37.112+0100] {processor.py:925} INFO - DAG(s) 'example_branch_dop_operator_v3' retrieved from /Users/rtewelde/airflow_venv/lib/python3.11/site-packages/airflow/example_dags/example_branch_python_dop_operator_3.py
[2024-09-24T20:03:37.343+0100] {logging_mixin.py:190} INFO - [2024-09-24T20:03:37.343+0100] {dag.py:3239} INFO - Sync 1 DAGs
[2024-09-24T20:03:37.386+0100] {logging_mixin.py:190} INFO - [2024-09-24T20:03:37.386+0100] {dag.py:4180} INFO - Setting next_dagrun for example_branch_dop_operator_v3 to 2024-09-24 19:02:00+00:00, run_after=2024-09-24 19:03:00+00:00
[2024-09-24T20:03:37.411+0100] {processor.py:208} INFO - Processing /Users/rtewelde/airflow_venv/lib/python3.11/site-packages/airflow/example_dags/example_branch_python_dop_operator_3.py took 0.379 seconds
[2024-09-24T20:08:23.135+0100] {processor.py:186} INFO - Started process (PID=95333) to work on /Users/rtewelde/airflow_venv/lib/python3.11/site-packages/airflow/example_dags/example_branch_python_dop_operator_3.py
[2024-09-24T20:08:23.137+0100] {processor.py:914} INFO - Processing file /Users/rtewelde/airflow_venv/lib/python3.11/site-packages/airflow/example_dags/example_branch_python_dop_operator_3.py for tasks to queue
[2024-09-24T20:08:23.139+0100] {logging_mixin.py:190} INFO - [2024-09-24T20:08:23.139+0100] {dagbag.py:588} INFO - Filling up the DagBag from /Users/rtewelde/airflow_venv/lib/python3.11/site-packages/airflow/example_dags/example_branch_python_dop_operator_3.py
[2024-09-24T20:08:23.196+0100] {processor.py:925} INFO - DAG(s) 'example_branch_dop_operator_v3' retrieved from /Users/rtewelde/airflow_venv/lib/python3.11/site-packages/airflow/example_dags/example_branch_python_dop_operator_3.py
[2024-09-24T20:08:23.541+0100] {logging_mixin.py:190} INFO - [2024-09-24T20:08:23.540+0100] {dag.py:3239} INFO - Sync 1 DAGs
[2024-09-24T20:08:23.597+0100] {logging_mixin.py:190} INFO - [2024-09-24T20:08:23.596+0100] {dag.py:4180} INFO - Setting next_dagrun for example_branch_dop_operator_v3 to 2024-09-24 19:07:00+00:00, run_after=2024-09-24 19:08:00+00:00
[2024-09-24T20:08:23.705+0100] {processor.py:208} INFO - Processing /Users/rtewelde/airflow_venv/lib/python3.11/site-packages/airflow/example_dags/example_branch_python_dop_operator_3.py took 0.574 seconds
[2024-09-24T20:13:40.932+0100] {processor.py:186} INFO - Started process (PID=96833) to work on /Users/rtewelde/airflow_venv/lib/python3.11/site-packages/airflow/example_dags/example_branch_python_dop_operator_3.py
[2024-09-24T20:13:40.934+0100] {processor.py:914} INFO - Processing file /Users/rtewelde/airflow_venv/lib/python3.11/site-packages/airflow/example_dags/example_branch_python_dop_operator_3.py for tasks to queue
[2024-09-24T20:13:40.935+0100] {logging_mixin.py:190} INFO - [2024-09-24T20:13:40.935+0100] {dagbag.py:588} INFO - Filling up the DagBag from /Users/rtewelde/airflow_venv/lib/python3.11/site-packages/airflow/example_dags/example_branch_python_dop_operator_3.py
[2024-09-24T20:13:40.971+0100] {processor.py:925} INFO - DAG(s) 'example_branch_dop_operator_v3' retrieved from /Users/rtewelde/airflow_venv/lib/python3.11/site-packages/airflow/example_dags/example_branch_python_dop_operator_3.py
[2024-09-24T20:13:41.128+0100] {logging_mixin.py:190} INFO - [2024-09-24T20:13:41.127+0100] {dag.py:3239} INFO - Sync 1 DAGs
[2024-09-24T20:13:41.151+0100] {logging_mixin.py:190} INFO - [2024-09-24T20:13:41.151+0100] {dag.py:4180} INFO - Setting next_dagrun for example_branch_dop_operator_v3 to 2024-09-24 19:12:00+00:00, run_after=2024-09-24 19:13:00+00:00
[2024-09-24T20:13:41.171+0100] {processor.py:208} INFO - Processing /Users/rtewelde/airflow_venv/lib/python3.11/site-packages/airflow/example_dags/example_branch_python_dop_operator_3.py took 0.241 seconds
[2024-09-24T20:18:20.887+0100] {processor.py:186} INFO - Started process (PID=98123) to work on /Users/rtewelde/airflow_venv/lib/python3.11/site-packages/airflow/example_dags/example_branch_python_dop_operator_3.py
[2024-09-24T20:18:20.888+0100] {processor.py:914} INFO - Processing file /Users/rtewelde/airflow_venv/lib/python3.11/site-packages/airflow/example_dags/example_branch_python_dop_operator_3.py for tasks to queue
[2024-09-24T20:18:20.889+0100] {logging_mixin.py:190} INFO - [2024-09-24T20:18:20.889+0100] {dagbag.py:588} INFO - Filling up the DagBag from /Users/rtewelde/airflow_venv/lib/python3.11/site-packages/airflow/example_dags/example_branch_python_dop_operator_3.py
[2024-09-24T20:18:20.922+0100] {processor.py:925} INFO - DAG(s) 'example_branch_dop_operator_v3' retrieved from /Users/rtewelde/airflow_venv/lib/python3.11/site-packages/airflow/example_dags/example_branch_python_dop_operator_3.py
[2024-09-24T20:18:21.079+0100] {logging_mixin.py:190} INFO - [2024-09-24T20:18:21.078+0100] {dag.py:3239} INFO - Sync 1 DAGs
[2024-09-24T20:18:21.102+0100] {logging_mixin.py:190} INFO - [2024-09-24T20:18:21.101+0100] {dag.py:4180} INFO - Setting next_dagrun for example_branch_dop_operator_v3 to 2024-09-24 19:17:00+00:00, run_after=2024-09-24 19:18:00+00:00
[2024-09-24T20:18:21.118+0100] {processor.py:208} INFO - Processing /Users/rtewelde/airflow_venv/lib/python3.11/site-packages/airflow/example_dags/example_branch_python_dop_operator_3.py took 0.233 seconds
[2024-09-24T20:23:05.331+0100] {processor.py:186} INFO - Started process (PID=99445) to work on /Users/rtewelde/airflow_venv/lib/python3.11/site-packages/airflow/example_dags/example_branch_python_dop_operator_3.py
[2024-09-24T20:23:05.332+0100] {processor.py:914} INFO - Processing file /Users/rtewelde/airflow_venv/lib/python3.11/site-packages/airflow/example_dags/example_branch_python_dop_operator_3.py for tasks to queue
[2024-09-24T20:23:05.333+0100] {logging_mixin.py:190} INFO - [2024-09-24T20:23:05.333+0100] {dagbag.py:588} INFO - Filling up the DagBag from /Users/rtewelde/airflow_venv/lib/python3.11/site-packages/airflow/example_dags/example_branch_python_dop_operator_3.py
[2024-09-24T20:23:05.370+0100] {processor.py:925} INFO - DAG(s) 'example_branch_dop_operator_v3' retrieved from /Users/rtewelde/airflow_venv/lib/python3.11/site-packages/airflow/example_dags/example_branch_python_dop_operator_3.py
[2024-09-24T20:23:05.532+0100] {logging_mixin.py:190} INFO - [2024-09-24T20:23:05.532+0100] {dag.py:3239} INFO - Sync 1 DAGs
[2024-09-24T20:23:05.554+0100] {logging_mixin.py:190} INFO - [2024-09-24T20:23:05.554+0100] {dag.py:4180} INFO - Setting next_dagrun for example_branch_dop_operator_v3 to 2024-09-24 19:22:00+00:00, run_after=2024-09-24 19:23:00+00:00
[2024-09-24T20:23:05.574+0100] {processor.py:208} INFO - Processing /Users/rtewelde/airflow_venv/lib/python3.11/site-packages/airflow/example_dags/example_branch_python_dop_operator_3.py took 0.245 seconds
