[2024-09-24T01:03:02.614+0100] {processor.py:186} INFO - Started process (PID=91445) to work on /Users/rtewelde/airflow_venv/lib/python3.11/site-packages/airflow/example_dags/example_branch_operator_decorator.py
[2024-09-24T01:03:02.615+0100] {processor.py:914} INFO - Processing file /Users/rtewelde/airflow_venv/lib/python3.11/site-packages/airflow/example_dags/example_branch_operator_decorator.py for tasks to queue
[2024-09-24T01:03:02.616+0100] {logging_mixin.py:190} INFO - [2024-09-24T01:03:02.616+0100] {dagbag.py:588} INFO - Filling up the DagBag from /Users/rtewelde/airflow_venv/lib/python3.11/site-packages/airflow/example_dags/example_branch_operator_decorator.py
[2024-09-24T01:03:02.632+0100] {processor.py:927} WARNING - No viable dags retrieved from /Users/rtewelde/airflow_venv/lib/python3.11/site-packages/airflow/example_dags/example_branch_operator_decorator.py
[2024-09-24T01:03:02.780+0100] {processor.py:208} INFO - Processing /Users/rtewelde/airflow_venv/lib/python3.11/site-packages/airflow/example_dags/example_branch_operator_decorator.py took 0.169 seconds
[2024-09-24T01:07:37.153+0100] {processor.py:186} INFO - Started process (PID=92842) to work on /Users/rtewelde/airflow_venv/lib/python3.11/site-packages/airflow/example_dags/example_branch_operator_decorator.py
[2024-09-24T01:07:37.154+0100] {processor.py:914} INFO - Processing file /Users/rtewelde/airflow_venv/lib/python3.11/site-packages/airflow/example_dags/example_branch_operator_decorator.py for tasks to queue
[2024-09-24T01:07:37.155+0100] {logging_mixin.py:190} INFO - [2024-09-24T01:07:37.155+0100] {dagbag.py:588} INFO - Filling up the DagBag from /Users/rtewelde/airflow_venv/lib/python3.11/site-packages/airflow/example_dags/example_branch_operator_decorator.py
[2024-09-24T01:07:37.173+0100] {processor.py:927} WARNING - No viable dags retrieved from /Users/rtewelde/airflow_venv/lib/python3.11/site-packages/airflow/example_dags/example_branch_operator_decorator.py
[2024-09-24T01:07:37.309+0100] {processor.py:208} INFO - Processing /Users/rtewelde/airflow_venv/lib/python3.11/site-packages/airflow/example_dags/example_branch_operator_decorator.py took 0.158 seconds
[2024-09-24T01:12:07.385+0100] {processor.py:186} INFO - Started process (PID=94099) to work on /Users/rtewelde/airflow_venv/lib/python3.11/site-packages/airflow/example_dags/example_branch_operator_decorator.py
[2024-09-24T01:12:07.386+0100] {processor.py:914} INFO - Processing file /Users/rtewelde/airflow_venv/lib/python3.11/site-packages/airflow/example_dags/example_branch_operator_decorator.py for tasks to queue
[2024-09-24T01:12:07.387+0100] {logging_mixin.py:190} INFO - [2024-09-24T01:12:07.386+0100] {dagbag.py:588} INFO - Filling up the DagBag from /Users/rtewelde/airflow_venv/lib/python3.11/site-packages/airflow/example_dags/example_branch_operator_decorator.py
[2024-09-24T01:12:07.403+0100] {processor.py:927} WARNING - No viable dags retrieved from /Users/rtewelde/airflow_venv/lib/python3.11/site-packages/airflow/example_dags/example_branch_operator_decorator.py
[2024-09-24T01:12:07.549+0100] {processor.py:208} INFO - Processing /Users/rtewelde/airflow_venv/lib/python3.11/site-packages/airflow/example_dags/example_branch_operator_decorator.py took 0.166 seconds
[2024-09-24T01:16:32.779+0100] {processor.py:186} INFO - Started process (PID=95328) to work on /Users/rtewelde/airflow_venv/lib/python3.11/site-packages/airflow/example_dags/example_branch_operator_decorator.py
[2024-09-24T01:16:32.780+0100] {processor.py:914} INFO - Processing file /Users/rtewelde/airflow_venv/lib/python3.11/site-packages/airflow/example_dags/example_branch_operator_decorator.py for tasks to queue
[2024-09-24T01:16:32.781+0100] {logging_mixin.py:190} INFO - [2024-09-24T01:16:32.780+0100] {dagbag.py:588} INFO - Filling up the DagBag from /Users/rtewelde/airflow_venv/lib/python3.11/site-packages/airflow/example_dags/example_branch_operator_decorator.py
[2024-09-24T01:16:32.797+0100] {processor.py:927} WARNING - No viable dags retrieved from /Users/rtewelde/airflow_venv/lib/python3.11/site-packages/airflow/example_dags/example_branch_operator_decorator.py
[2024-09-24T01:16:32.937+0100] {processor.py:208} INFO - Processing /Users/rtewelde/airflow_venv/lib/python3.11/site-packages/airflow/example_dags/example_branch_operator_decorator.py took 0.160 seconds
[2024-09-24T01:20:59.114+0100] {processor.py:186} INFO - Started process (PID=96552) to work on /Users/rtewelde/airflow_venv/lib/python3.11/site-packages/airflow/example_dags/example_branch_operator_decorator.py
[2024-09-24T01:20:59.115+0100] {processor.py:914} INFO - Processing file /Users/rtewelde/airflow_venv/lib/python3.11/site-packages/airflow/example_dags/example_branch_operator_decorator.py for tasks to queue
[2024-09-24T01:20:59.117+0100] {logging_mixin.py:190} INFO - [2024-09-24T01:20:59.117+0100] {dagbag.py:588} INFO - Filling up the DagBag from /Users/rtewelde/airflow_venv/lib/python3.11/site-packages/airflow/example_dags/example_branch_operator_decorator.py
[2024-09-24T01:20:59.134+0100] {processor.py:927} WARNING - No viable dags retrieved from /Users/rtewelde/airflow_venv/lib/python3.11/site-packages/airflow/example_dags/example_branch_operator_decorator.py
[2024-09-24T01:20:59.269+0100] {processor.py:208} INFO - Processing /Users/rtewelde/airflow_venv/lib/python3.11/site-packages/airflow/example_dags/example_branch_operator_decorator.py took 0.157 seconds
[2024-09-24T01:25:29.417+0100] {processor.py:186} INFO - Started process (PID=97794) to work on /Users/rtewelde/airflow_venv/lib/python3.11/site-packages/airflow/example_dags/example_branch_operator_decorator.py
[2024-09-24T01:25:29.418+0100] {processor.py:914} INFO - Processing file /Users/rtewelde/airflow_venv/lib/python3.11/site-packages/airflow/example_dags/example_branch_operator_decorator.py for tasks to queue
[2024-09-24T01:25:29.419+0100] {logging_mixin.py:190} INFO - [2024-09-24T01:25:29.419+0100] {dagbag.py:588} INFO - Filling up the DagBag from /Users/rtewelde/airflow_venv/lib/python3.11/site-packages/airflow/example_dags/example_branch_operator_decorator.py
[2024-09-24T01:25:29.435+0100] {processor.py:927} WARNING - No viable dags retrieved from /Users/rtewelde/airflow_venv/lib/python3.11/site-packages/airflow/example_dags/example_branch_operator_decorator.py
[2024-09-24T01:25:29.573+0100] {processor.py:208} INFO - Processing /Users/rtewelde/airflow_venv/lib/python3.11/site-packages/airflow/example_dags/example_branch_operator_decorator.py took 0.158 seconds
[2024-09-24T01:29:45.754+0100] {processor.py:186} INFO - Started process (PID=98977) to work on /Users/rtewelde/airflow_venv/lib/python3.11/site-packages/airflow/example_dags/example_branch_operator_decorator.py
[2024-09-24T01:29:45.755+0100] {processor.py:914} INFO - Processing file /Users/rtewelde/airflow_venv/lib/python3.11/site-packages/airflow/example_dags/example_branch_operator_decorator.py for tasks to queue
[2024-09-24T01:29:45.756+0100] {logging_mixin.py:190} INFO - [2024-09-24T01:29:45.755+0100] {dagbag.py:588} INFO - Filling up the DagBag from /Users/rtewelde/airflow_venv/lib/python3.11/site-packages/airflow/example_dags/example_branch_operator_decorator.py
[2024-09-24T01:29:45.772+0100] {processor.py:927} WARNING - No viable dags retrieved from /Users/rtewelde/airflow_venv/lib/python3.11/site-packages/airflow/example_dags/example_branch_operator_decorator.py
[2024-09-24T01:29:45.912+0100] {processor.py:208} INFO - Processing /Users/rtewelde/airflow_venv/lib/python3.11/site-packages/airflow/example_dags/example_branch_operator_decorator.py took 0.161 seconds
[2024-09-24T01:34:12.254+0100] {processor.py:186} INFO - Started process (PID=428) to work on /Users/rtewelde/airflow_venv/lib/python3.11/site-packages/airflow/example_dags/example_branch_operator_decorator.py
[2024-09-24T01:34:12.255+0100] {processor.py:914} INFO - Processing file /Users/rtewelde/airflow_venv/lib/python3.11/site-packages/airflow/example_dags/example_branch_operator_decorator.py for tasks to queue
[2024-09-24T01:34:12.256+0100] {logging_mixin.py:190} INFO - [2024-09-24T01:34:12.256+0100] {dagbag.py:588} INFO - Filling up the DagBag from /Users/rtewelde/airflow_venv/lib/python3.11/site-packages/airflow/example_dags/example_branch_operator_decorator.py
[2024-09-24T01:34:12.273+0100] {processor.py:927} WARNING - No viable dags retrieved from /Users/rtewelde/airflow_venv/lib/python3.11/site-packages/airflow/example_dags/example_branch_operator_decorator.py
[2024-09-24T01:34:12.411+0100] {processor.py:208} INFO - Processing /Users/rtewelde/airflow_venv/lib/python3.11/site-packages/airflow/example_dags/example_branch_operator_decorator.py took 0.158 seconds
[2024-09-24T01:38:41.065+0100] {processor.py:186} INFO - Started process (PID=1865) to work on /Users/rtewelde/airflow_venv/lib/python3.11/site-packages/airflow/example_dags/example_branch_operator_decorator.py
[2024-09-24T01:38:41.066+0100] {processor.py:914} INFO - Processing file /Users/rtewelde/airflow_venv/lib/python3.11/site-packages/airflow/example_dags/example_branch_operator_decorator.py for tasks to queue
[2024-09-24T01:38:41.067+0100] {logging_mixin.py:190} INFO - [2024-09-24T01:38:41.066+0100] {dagbag.py:588} INFO - Filling up the DagBag from /Users/rtewelde/airflow_venv/lib/python3.11/site-packages/airflow/example_dags/example_branch_operator_decorator.py
[2024-09-24T01:38:41.083+0100] {processor.py:927} WARNING - No viable dags retrieved from /Users/rtewelde/airflow_venv/lib/python3.11/site-packages/airflow/example_dags/example_branch_operator_decorator.py
[2024-09-24T01:38:41.216+0100] {processor.py:208} INFO - Processing /Users/rtewelde/airflow_venv/lib/python3.11/site-packages/airflow/example_dags/example_branch_operator_decorator.py took 0.153 seconds
[2024-09-24T01:43:11.141+0100] {processor.py:186} INFO - Started process (PID=3114) to work on /Users/rtewelde/airflow_venv/lib/python3.11/site-packages/airflow/example_dags/example_branch_operator_decorator.py
[2024-09-24T01:43:11.142+0100] {processor.py:914} INFO - Processing file /Users/rtewelde/airflow_venv/lib/python3.11/site-packages/airflow/example_dags/example_branch_operator_decorator.py for tasks to queue
[2024-09-24T01:43:11.143+0100] {logging_mixin.py:190} INFO - [2024-09-24T01:43:11.143+0100] {dagbag.py:588} INFO - Filling up the DagBag from /Users/rtewelde/airflow_venv/lib/python3.11/site-packages/airflow/example_dags/example_branch_operator_decorator.py
[2024-09-24T01:43:11.159+0100] {processor.py:927} WARNING - No viable dags retrieved from /Users/rtewelde/airflow_venv/lib/python3.11/site-packages/airflow/example_dags/example_branch_operator_decorator.py
[2024-09-24T01:43:11.298+0100] {processor.py:208} INFO - Processing /Users/rtewelde/airflow_venv/lib/python3.11/site-packages/airflow/example_dags/example_branch_operator_decorator.py took 0.159 seconds
[2024-09-24T01:47:41.012+0100] {processor.py:186} INFO - Started process (PID=4359) to work on /Users/rtewelde/airflow_venv/lib/python3.11/site-packages/airflow/example_dags/example_branch_operator_decorator.py
[2024-09-24T01:47:41.012+0100] {processor.py:914} INFO - Processing file /Users/rtewelde/airflow_venv/lib/python3.11/site-packages/airflow/example_dags/example_branch_operator_decorator.py for tasks to queue
[2024-09-24T01:47:41.013+0100] {logging_mixin.py:190} INFO - [2024-09-24T01:47:41.013+0100] {dagbag.py:588} INFO - Filling up the DagBag from /Users/rtewelde/airflow_venv/lib/python3.11/site-packages/airflow/example_dags/example_branch_operator_decorator.py
[2024-09-24T01:47:41.031+0100] {processor.py:927} WARNING - No viable dags retrieved from /Users/rtewelde/airflow_venv/lib/python3.11/site-packages/airflow/example_dags/example_branch_operator_decorator.py
[2024-09-24T01:47:41.169+0100] {processor.py:208} INFO - Processing /Users/rtewelde/airflow_venv/lib/python3.11/site-packages/airflow/example_dags/example_branch_operator_decorator.py took 0.160 seconds
[2024-09-24T01:52:10.889+0100] {processor.py:186} INFO - Started process (PID=5602) to work on /Users/rtewelde/airflow_venv/lib/python3.11/site-packages/airflow/example_dags/example_branch_operator_decorator.py
[2024-09-24T01:52:10.890+0100] {processor.py:914} INFO - Processing file /Users/rtewelde/airflow_venv/lib/python3.11/site-packages/airflow/example_dags/example_branch_operator_decorator.py for tasks to queue
[2024-09-24T01:52:10.891+0100] {logging_mixin.py:190} INFO - [2024-09-24T01:52:10.891+0100] {dagbag.py:588} INFO - Filling up the DagBag from /Users/rtewelde/airflow_venv/lib/python3.11/site-packages/airflow/example_dags/example_branch_operator_decorator.py
[2024-09-24T01:52:10.907+0100] {processor.py:927} WARNING - No viable dags retrieved from /Users/rtewelde/airflow_venv/lib/python3.11/site-packages/airflow/example_dags/example_branch_operator_decorator.py
[2024-09-24T01:52:11.045+0100] {processor.py:208} INFO - Processing /Users/rtewelde/airflow_venv/lib/python3.11/site-packages/airflow/example_dags/example_branch_operator_decorator.py took 0.158 seconds
[2024-09-24T01:56:40.687+0100] {processor.py:186} INFO - Started process (PID=6846) to work on /Users/rtewelde/airflow_venv/lib/python3.11/site-packages/airflow/example_dags/example_branch_operator_decorator.py
[2024-09-24T01:56:40.689+0100] {processor.py:914} INFO - Processing file /Users/rtewelde/airflow_venv/lib/python3.11/site-packages/airflow/example_dags/example_branch_operator_decorator.py for tasks to queue
[2024-09-24T01:56:40.690+0100] {logging_mixin.py:190} INFO - [2024-09-24T01:56:40.690+0100] {dagbag.py:588} INFO - Filling up the DagBag from /Users/rtewelde/airflow_venv/lib/python3.11/site-packages/airflow/example_dags/example_branch_operator_decorator.py
[2024-09-24T01:56:40.707+0100] {processor.py:927} WARNING - No viable dags retrieved from /Users/rtewelde/airflow_venv/lib/python3.11/site-packages/airflow/example_dags/example_branch_operator_decorator.py
[2024-09-24T01:56:40.852+0100] {processor.py:208} INFO - Processing /Users/rtewelde/airflow_venv/lib/python3.11/site-packages/airflow/example_dags/example_branch_operator_decorator.py took 0.167 seconds
[2024-09-24T02:01:12.107+0100] {processor.py:186} INFO - Started process (PID=8098) to work on /Users/rtewelde/airflow_venv/lib/python3.11/site-packages/airflow/example_dags/example_branch_operator_decorator.py
[2024-09-24T02:01:12.108+0100] {processor.py:914} INFO - Processing file /Users/rtewelde/airflow_venv/lib/python3.11/site-packages/airflow/example_dags/example_branch_operator_decorator.py for tasks to queue
[2024-09-24T02:01:12.109+0100] {logging_mixin.py:190} INFO - [2024-09-24T02:01:12.109+0100] {dagbag.py:588} INFO - Filling up the DagBag from /Users/rtewelde/airflow_venv/lib/python3.11/site-packages/airflow/example_dags/example_branch_operator_decorator.py
[2024-09-24T02:01:12.126+0100] {processor.py:927} WARNING - No viable dags retrieved from /Users/rtewelde/airflow_venv/lib/python3.11/site-packages/airflow/example_dags/example_branch_operator_decorator.py
[2024-09-24T02:01:12.271+0100] {processor.py:208} INFO - Processing /Users/rtewelde/airflow_venv/lib/python3.11/site-packages/airflow/example_dags/example_branch_operator_decorator.py took 0.167 seconds
[2024-09-24T02:05:39.387+0100] {processor.py:186} INFO - Started process (PID=9378) to work on /Users/rtewelde/airflow_venv/lib/python3.11/site-packages/airflow/example_dags/example_branch_operator_decorator.py
[2024-09-24T02:05:39.389+0100] {processor.py:914} INFO - Processing file /Users/rtewelde/airflow_venv/lib/python3.11/site-packages/airflow/example_dags/example_branch_operator_decorator.py for tasks to queue
[2024-09-24T02:05:39.390+0100] {logging_mixin.py:190} INFO - [2024-09-24T02:05:39.390+0100] {dagbag.py:588} INFO - Filling up the DagBag from /Users/rtewelde/airflow_venv/lib/python3.11/site-packages/airflow/example_dags/example_branch_operator_decorator.py
[2024-09-24T02:05:39.407+0100] {processor.py:927} WARNING - No viable dags retrieved from /Users/rtewelde/airflow_venv/lib/python3.11/site-packages/airflow/example_dags/example_branch_operator_decorator.py
[2024-09-24T02:05:39.547+0100] {processor.py:208} INFO - Processing /Users/rtewelde/airflow_venv/lib/python3.11/site-packages/airflow/example_dags/example_branch_operator_decorator.py took 0.162 seconds
[2024-09-24T02:10:15.346+0100] {processor.py:186} INFO - Started process (PID=10713) to work on /Users/rtewelde/airflow_venv/lib/python3.11/site-packages/airflow/example_dags/example_branch_operator_decorator.py
[2024-09-24T02:10:15.348+0100] {processor.py:914} INFO - Processing file /Users/rtewelde/airflow_venv/lib/python3.11/site-packages/airflow/example_dags/example_branch_operator_decorator.py for tasks to queue
[2024-09-24T02:10:15.349+0100] {logging_mixin.py:190} INFO - [2024-09-24T02:10:15.349+0100] {dagbag.py:588} INFO - Filling up the DagBag from /Users/rtewelde/airflow_venv/lib/python3.11/site-packages/airflow/example_dags/example_branch_operator_decorator.py
[2024-09-24T02:10:15.367+0100] {processor.py:927} WARNING - No viable dags retrieved from /Users/rtewelde/airflow_venv/lib/python3.11/site-packages/airflow/example_dags/example_branch_operator_decorator.py
[2024-09-24T02:10:15.503+0100] {processor.py:208} INFO - Processing /Users/rtewelde/airflow_venv/lib/python3.11/site-packages/airflow/example_dags/example_branch_operator_decorator.py took 0.159 seconds
[2024-09-24T02:14:46.115+0100] {processor.py:186} INFO - Started process (PID=11972) to work on /Users/rtewelde/airflow_venv/lib/python3.11/site-packages/airflow/example_dags/example_branch_operator_decorator.py
[2024-09-24T02:14:46.116+0100] {processor.py:914} INFO - Processing file /Users/rtewelde/airflow_venv/lib/python3.11/site-packages/airflow/example_dags/example_branch_operator_decorator.py for tasks to queue
[2024-09-24T02:14:46.117+0100] {logging_mixin.py:190} INFO - [2024-09-24T02:14:46.116+0100] {dagbag.py:588} INFO - Filling up the DagBag from /Users/rtewelde/airflow_venv/lib/python3.11/site-packages/airflow/example_dags/example_branch_operator_decorator.py
[2024-09-24T02:14:46.133+0100] {processor.py:927} WARNING - No viable dags retrieved from /Users/rtewelde/airflow_venv/lib/python3.11/site-packages/airflow/example_dags/example_branch_operator_decorator.py
[2024-09-24T02:14:46.275+0100] {processor.py:208} INFO - Processing /Users/rtewelde/airflow_venv/lib/python3.11/site-packages/airflow/example_dags/example_branch_operator_decorator.py took 0.162 seconds
[2024-09-24T02:19:16.694+0100] {processor.py:186} INFO - Started process (PID=13226) to work on /Users/rtewelde/airflow_venv/lib/python3.11/site-packages/airflow/example_dags/example_branch_operator_decorator.py
[2024-09-24T02:19:16.695+0100] {processor.py:914} INFO - Processing file /Users/rtewelde/airflow_venv/lib/python3.11/site-packages/airflow/example_dags/example_branch_operator_decorator.py for tasks to queue
[2024-09-24T02:19:16.696+0100] {logging_mixin.py:190} INFO - [2024-09-24T02:19:16.696+0100] {dagbag.py:588} INFO - Filling up the DagBag from /Users/rtewelde/airflow_venv/lib/python3.11/site-packages/airflow/example_dags/example_branch_operator_decorator.py
[2024-09-24T02:19:16.713+0100] {processor.py:927} WARNING - No viable dags retrieved from /Users/rtewelde/airflow_venv/lib/python3.11/site-packages/airflow/example_dags/example_branch_operator_decorator.py
[2024-09-24T02:19:16.849+0100] {processor.py:208} INFO - Processing /Users/rtewelde/airflow_venv/lib/python3.11/site-packages/airflow/example_dags/example_branch_operator_decorator.py took 0.158 seconds
[2024-09-24T02:23:45.590+0100] {processor.py:186} INFO - Started process (PID=14460) to work on /Users/rtewelde/airflow_venv/lib/python3.11/site-packages/airflow/example_dags/example_branch_operator_decorator.py
[2024-09-24T02:23:45.590+0100] {processor.py:914} INFO - Processing file /Users/rtewelde/airflow_venv/lib/python3.11/site-packages/airflow/example_dags/example_branch_operator_decorator.py for tasks to queue
[2024-09-24T02:23:45.591+0100] {logging_mixin.py:190} INFO - [2024-09-24T02:23:45.591+0100] {dagbag.py:588} INFO - Filling up the DagBag from /Users/rtewelde/airflow_venv/lib/python3.11/site-packages/airflow/example_dags/example_branch_operator_decorator.py
[2024-09-24T02:23:45.608+0100] {processor.py:927} WARNING - No viable dags retrieved from /Users/rtewelde/airflow_venv/lib/python3.11/site-packages/airflow/example_dags/example_branch_operator_decorator.py
[2024-09-24T02:23:45.742+0100] {processor.py:208} INFO - Processing /Users/rtewelde/airflow_venv/lib/python3.11/site-packages/airflow/example_dags/example_branch_operator_decorator.py took 0.155 seconds
[2024-09-24T02:28:13.868+0100] {processor.py:186} INFO - Started process (PID=15693) to work on /Users/rtewelde/airflow_venv/lib/python3.11/site-packages/airflow/example_dags/example_branch_operator_decorator.py
[2024-09-24T02:28:13.869+0100] {processor.py:914} INFO - Processing file /Users/rtewelde/airflow_venv/lib/python3.11/site-packages/airflow/example_dags/example_branch_operator_decorator.py for tasks to queue
[2024-09-24T02:28:13.870+0100] {logging_mixin.py:190} INFO - [2024-09-24T02:28:13.870+0100] {dagbag.py:588} INFO - Filling up the DagBag from /Users/rtewelde/airflow_venv/lib/python3.11/site-packages/airflow/example_dags/example_branch_operator_decorator.py
[2024-09-24T02:28:13.886+0100] {processor.py:927} WARNING - No viable dags retrieved from /Users/rtewelde/airflow_venv/lib/python3.11/site-packages/airflow/example_dags/example_branch_operator_decorator.py
[2024-09-24T02:28:14.023+0100] {processor.py:208} INFO - Processing /Users/rtewelde/airflow_venv/lib/python3.11/site-packages/airflow/example_dags/example_branch_operator_decorator.py took 0.157 seconds
[2024-09-24T02:32:43.830+0100] {processor.py:186} INFO - Started process (PID=16939) to work on /Users/rtewelde/airflow_venv/lib/python3.11/site-packages/airflow/example_dags/example_branch_operator_decorator.py
[2024-09-24T02:32:43.831+0100] {processor.py:914} INFO - Processing file /Users/rtewelde/airflow_venv/lib/python3.11/site-packages/airflow/example_dags/example_branch_operator_decorator.py for tasks to queue
[2024-09-24T02:32:43.832+0100] {logging_mixin.py:190} INFO - [2024-09-24T02:32:43.832+0100] {dagbag.py:588} INFO - Filling up the DagBag from /Users/rtewelde/airflow_venv/lib/python3.11/site-packages/airflow/example_dags/example_branch_operator_decorator.py
[2024-09-24T02:32:43.848+0100] {processor.py:927} WARNING - No viable dags retrieved from /Users/rtewelde/airflow_venv/lib/python3.11/site-packages/airflow/example_dags/example_branch_operator_decorator.py
[2024-09-24T02:32:43.986+0100] {processor.py:208} INFO - Processing /Users/rtewelde/airflow_venv/lib/python3.11/site-packages/airflow/example_dags/example_branch_operator_decorator.py took 0.159 seconds
[2024-09-24T07:39:13.456+0100] {processor.py:186} INFO - Started process (PID=18340) to work on /Users/rtewelde/airflow_venv/lib/python3.11/site-packages/airflow/example_dags/example_branch_operator_decorator.py
[2024-09-24T07:39:13.457+0100] {processor.py:914} INFO - Processing file /Users/rtewelde/airflow_venv/lib/python3.11/site-packages/airflow/example_dags/example_branch_operator_decorator.py for tasks to queue
[2024-09-24T07:39:13.458+0100] {logging_mixin.py:190} INFO - [2024-09-24T07:39:13.458+0100] {dagbag.py:588} INFO - Filling up the DagBag from /Users/rtewelde/airflow_venv/lib/python3.11/site-packages/airflow/example_dags/example_branch_operator_decorator.py
[2024-09-24T07:39:13.478+0100] {processor.py:927} WARNING - No viable dags retrieved from /Users/rtewelde/airflow_venv/lib/python3.11/site-packages/airflow/example_dags/example_branch_operator_decorator.py
[2024-09-24T07:39:13.675+0100] {processor.py:208} INFO - Processing /Users/rtewelde/airflow_venv/lib/python3.11/site-packages/airflow/example_dags/example_branch_operator_decorator.py took 0.223 seconds
[2024-09-24T07:44:17.981+0100] {processor.py:186} INFO - Started process (PID=19777) to work on /Users/rtewelde/airflow_venv/lib/python3.11/site-packages/airflow/example_dags/example_branch_operator_decorator.py
[2024-09-24T07:44:17.983+0100] {processor.py:914} INFO - Processing file /Users/rtewelde/airflow_venv/lib/python3.11/site-packages/airflow/example_dags/example_branch_operator_decorator.py for tasks to queue
[2024-09-24T07:44:17.984+0100] {logging_mixin.py:190} INFO - [2024-09-24T07:44:17.984+0100] {dagbag.py:588} INFO - Filling up the DagBag from /Users/rtewelde/airflow_venv/lib/python3.11/site-packages/airflow/example_dags/example_branch_operator_decorator.py
[2024-09-24T07:44:18.001+0100] {processor.py:927} WARNING - No viable dags retrieved from /Users/rtewelde/airflow_venv/lib/python3.11/site-packages/airflow/example_dags/example_branch_operator_decorator.py
[2024-09-24T07:44:18.148+0100] {processor.py:208} INFO - Processing /Users/rtewelde/airflow_venv/lib/python3.11/site-packages/airflow/example_dags/example_branch_operator_decorator.py took 0.169 seconds
[2024-09-24T07:49:25.772+0100] {processor.py:186} INFO - Started process (PID=21195) to work on /Users/rtewelde/airflow_venv/lib/python3.11/site-packages/airflow/example_dags/example_branch_operator_decorator.py
[2024-09-24T07:49:25.772+0100] {processor.py:914} INFO - Processing file /Users/rtewelde/airflow_venv/lib/python3.11/site-packages/airflow/example_dags/example_branch_operator_decorator.py for tasks to queue
[2024-09-24T07:49:25.773+0100] {logging_mixin.py:190} INFO - [2024-09-24T07:49:25.773+0100] {dagbag.py:588} INFO - Filling up the DagBag from /Users/rtewelde/airflow_venv/lib/python3.11/site-packages/airflow/example_dags/example_branch_operator_decorator.py
[2024-09-24T07:49:25.795+0100] {processor.py:927} WARNING - No viable dags retrieved from /Users/rtewelde/airflow_venv/lib/python3.11/site-packages/airflow/example_dags/example_branch_operator_decorator.py
[2024-09-24T07:49:25.993+0100] {processor.py:208} INFO - Processing /Users/rtewelde/airflow_venv/lib/python3.11/site-packages/airflow/example_dags/example_branch_operator_decorator.py took 0.226 seconds
[2024-09-24T07:54:36.836+0100] {processor.py:186} INFO - Started process (PID=22608) to work on /Users/rtewelde/airflow_venv/lib/python3.11/site-packages/airflow/example_dags/example_branch_operator_decorator.py
[2024-09-24T07:54:36.837+0100] {processor.py:914} INFO - Processing file /Users/rtewelde/airflow_venv/lib/python3.11/site-packages/airflow/example_dags/example_branch_operator_decorator.py for tasks to queue
[2024-09-24T07:54:36.838+0100] {logging_mixin.py:190} INFO - [2024-09-24T07:54:36.837+0100] {dagbag.py:588} INFO - Filling up the DagBag from /Users/rtewelde/airflow_venv/lib/python3.11/site-packages/airflow/example_dags/example_branch_operator_decorator.py
[2024-09-24T07:54:36.857+0100] {processor.py:927} WARNING - No viable dags retrieved from /Users/rtewelde/airflow_venv/lib/python3.11/site-packages/airflow/example_dags/example_branch_operator_decorator.py
[2024-09-24T07:54:37.041+0100] {processor.py:208} INFO - Processing /Users/rtewelde/airflow_venv/lib/python3.11/site-packages/airflow/example_dags/example_branch_operator_decorator.py took 0.210 seconds
[2024-09-24T07:59:41.701+0100] {processor.py:186} INFO - Started process (PID=23991) to work on /Users/rtewelde/airflow_venv/lib/python3.11/site-packages/airflow/example_dags/example_branch_operator_decorator.py
[2024-09-24T07:59:41.702+0100] {processor.py:914} INFO - Processing file /Users/rtewelde/airflow_venv/lib/python3.11/site-packages/airflow/example_dags/example_branch_operator_decorator.py for tasks to queue
[2024-09-24T07:59:41.703+0100] {logging_mixin.py:190} INFO - [2024-09-24T07:59:41.703+0100] {dagbag.py:588} INFO - Filling up the DagBag from /Users/rtewelde/airflow_venv/lib/python3.11/site-packages/airflow/example_dags/example_branch_operator_decorator.py
[2024-09-24T07:59:41.722+0100] {processor.py:927} WARNING - No viable dags retrieved from /Users/rtewelde/airflow_venv/lib/python3.11/site-packages/airflow/example_dags/example_branch_operator_decorator.py
[2024-09-24T07:59:41.879+0100] {processor.py:208} INFO - Processing /Users/rtewelde/airflow_venv/lib/python3.11/site-packages/airflow/example_dags/example_branch_operator_decorator.py took 0.180 seconds
[2024-09-24T08:04:58.840+0100] {processor.py:186} INFO - Started process (PID=25462) to work on /Users/rtewelde/airflow_venv/lib/python3.11/site-packages/airflow/example_dags/example_branch_operator_decorator.py
[2024-09-24T08:04:58.841+0100] {processor.py:914} INFO - Processing file /Users/rtewelde/airflow_venv/lib/python3.11/site-packages/airflow/example_dags/example_branch_operator_decorator.py for tasks to queue
[2024-09-24T08:04:58.843+0100] {logging_mixin.py:190} INFO - [2024-09-24T08:04:58.842+0100] {dagbag.py:588} INFO - Filling up the DagBag from /Users/rtewelde/airflow_venv/lib/python3.11/site-packages/airflow/example_dags/example_branch_operator_decorator.py
[2024-09-24T08:04:58.863+0100] {processor.py:927} WARNING - No viable dags retrieved from /Users/rtewelde/airflow_venv/lib/python3.11/site-packages/airflow/example_dags/example_branch_operator_decorator.py
[2024-09-24T08:04:59.073+0100] {processor.py:208} INFO - Processing /Users/rtewelde/airflow_venv/lib/python3.11/site-packages/airflow/example_dags/example_branch_operator_decorator.py took 0.235 seconds
[2024-09-24T08:44:29.821+0100] {processor.py:186} INFO - Started process (PID=27836) to work on /Users/rtewelde/airflow_venv/lib/python3.11/site-packages/airflow/example_dags/example_branch_operator_decorator.py
[2024-09-24T08:44:29.825+0100] {processor.py:914} INFO - Processing file /Users/rtewelde/airflow_venv/lib/python3.11/site-packages/airflow/example_dags/example_branch_operator_decorator.py for tasks to queue
[2024-09-24T08:44:29.828+0100] {logging_mixin.py:190} INFO - [2024-09-24T08:44:29.827+0100] {dagbag.py:588} INFO - Filling up the DagBag from /Users/rtewelde/airflow_venv/lib/python3.11/site-packages/airflow/example_dags/example_branch_operator_decorator.py
[2024-09-24T08:44:29.893+0100] {processor.py:927} WARNING - No viable dags retrieved from /Users/rtewelde/airflow_venv/lib/python3.11/site-packages/airflow/example_dags/example_branch_operator_decorator.py
[2024-09-24T08:44:30.415+0100] {processor.py:208} INFO - Processing /Users/rtewelde/airflow_venv/lib/python3.11/site-packages/airflow/example_dags/example_branch_operator_decorator.py took 0.602 seconds
[2024-09-24T08:52:40.607+0100] {processor.py:186} INFO - Started process (PID=29946) to work on /Users/rtewelde/airflow_venv/lib/python3.11/site-packages/airflow/example_dags/example_branch_operator_decorator.py
[2024-09-24T08:52:40.612+0100] {processor.py:914} INFO - Processing file /Users/rtewelde/airflow_venv/lib/python3.11/site-packages/airflow/example_dags/example_branch_operator_decorator.py for tasks to queue
[2024-09-24T08:52:40.616+0100] {logging_mixin.py:190} INFO - [2024-09-24T08:52:40.615+0100] {dagbag.py:588} INFO - Filling up the DagBag from /Users/rtewelde/airflow_venv/lib/python3.11/site-packages/airflow/example_dags/example_branch_operator_decorator.py
[2024-09-24T08:52:40.699+0100] {processor.py:927} WARNING - No viable dags retrieved from /Users/rtewelde/airflow_venv/lib/python3.11/site-packages/airflow/example_dags/example_branch_operator_decorator.py
[2024-09-24T08:52:41.220+0100] {processor.py:208} INFO - Processing /Users/rtewelde/airflow_venv/lib/python3.11/site-packages/airflow/example_dags/example_branch_operator_decorator.py took 0.622 seconds
[2024-09-24T09:00:28.962+0100] {processor.py:186} INFO - Started process (PID=31950) to work on /Users/rtewelde/airflow_venv/lib/python3.11/site-packages/airflow/example_dags/example_branch_operator_decorator.py
[2024-09-24T09:00:28.965+0100] {processor.py:914} INFO - Processing file /Users/rtewelde/airflow_venv/lib/python3.11/site-packages/airflow/example_dags/example_branch_operator_decorator.py for tasks to queue
[2024-09-24T09:00:28.968+0100] {logging_mixin.py:190} INFO - [2024-09-24T09:00:28.967+0100] {dagbag.py:588} INFO - Filling up the DagBag from /Users/rtewelde/airflow_venv/lib/python3.11/site-packages/airflow/example_dags/example_branch_operator_decorator.py
[2024-09-24T09:00:29.028+0100] {processor.py:927} WARNING - No viable dags retrieved from /Users/rtewelde/airflow_venv/lib/python3.11/site-packages/airflow/example_dags/example_branch_operator_decorator.py
[2024-09-24T09:00:29.480+0100] {processor.py:208} INFO - Processing /Users/rtewelde/airflow_venv/lib/python3.11/site-packages/airflow/example_dags/example_branch_operator_decorator.py took 0.525 seconds
[2024-09-24T09:06:51.958+0100] {processor.py:186} INFO - Started process (PID=33636) to work on /Users/rtewelde/airflow_venv/lib/python3.11/site-packages/airflow/example_dags/example_branch_operator_decorator.py
[2024-09-24T09:06:51.960+0100] {processor.py:914} INFO - Processing file /Users/rtewelde/airflow_venv/lib/python3.11/site-packages/airflow/example_dags/example_branch_operator_decorator.py for tasks to queue
[2024-09-24T09:06:51.963+0100] {logging_mixin.py:190} INFO - [2024-09-24T09:06:51.962+0100] {dagbag.py:588} INFO - Filling up the DagBag from /Users/rtewelde/airflow_venv/lib/python3.11/site-packages/airflow/example_dags/example_branch_operator_decorator.py
[2024-09-24T09:06:52.022+0100] {processor.py:927} WARNING - No viable dags retrieved from /Users/rtewelde/airflow_venv/lib/python3.11/site-packages/airflow/example_dags/example_branch_operator_decorator.py
[2024-09-24T09:06:52.382+0100] {processor.py:208} INFO - Processing /Users/rtewelde/airflow_venv/lib/python3.11/site-packages/airflow/example_dags/example_branch_operator_decorator.py took 0.430 seconds
[2024-09-24T10:35:58.588+0100] {processor.py:186} INFO - Started process (PID=36812) to work on /Users/rtewelde/airflow_venv/lib/python3.11/site-packages/airflow/example_dags/example_branch_operator_decorator.py
[2024-09-24T10:35:58.592+0100] {processor.py:914} INFO - Processing file /Users/rtewelde/airflow_venv/lib/python3.11/site-packages/airflow/example_dags/example_branch_operator_decorator.py for tasks to queue
[2024-09-24T10:35:58.596+0100] {logging_mixin.py:190} INFO - [2024-09-24T10:35:58.595+0100] {dagbag.py:588} INFO - Filling up the DagBag from /Users/rtewelde/airflow_venv/lib/python3.11/site-packages/airflow/example_dags/example_branch_operator_decorator.py
[2024-09-24T10:35:58.667+0100] {processor.py:927} WARNING - No viable dags retrieved from /Users/rtewelde/airflow_venv/lib/python3.11/site-packages/airflow/example_dags/example_branch_operator_decorator.py
[2024-09-24T10:35:59.178+0100] {processor.py:208} INFO - Processing /Users/rtewelde/airflow_venv/lib/python3.11/site-packages/airflow/example_dags/example_branch_operator_decorator.py took 0.598 seconds
[2024-09-24T11:07:10.143+0100] {processor.py:186} INFO - Started process (PID=40919) to work on /Users/rtewelde/airflow_venv/lib/python3.11/site-packages/airflow/example_dags/example_branch_operator_decorator.py
[2024-09-24T11:07:10.147+0100] {processor.py:914} INFO - Processing file /Users/rtewelde/airflow_venv/lib/python3.11/site-packages/airflow/example_dags/example_branch_operator_decorator.py for tasks to queue
[2024-09-24T11:07:10.151+0100] {logging_mixin.py:190} INFO - [2024-09-24T11:07:10.150+0100] {dagbag.py:588} INFO - Filling up the DagBag from /Users/rtewelde/airflow_venv/lib/python3.11/site-packages/airflow/example_dags/example_branch_operator_decorator.py
[2024-09-24T11:07:10.231+0100] {processor.py:927} WARNING - No viable dags retrieved from /Users/rtewelde/airflow_venv/lib/python3.11/site-packages/airflow/example_dags/example_branch_operator_decorator.py
[2024-09-24T11:07:10.827+0100] {processor.py:208} INFO - Processing /Users/rtewelde/airflow_venv/lib/python3.11/site-packages/airflow/example_dags/example_branch_operator_decorator.py took 0.693 seconds
[2024-09-24T11:15:31.521+0100] {processor.py:186} INFO - Started process (PID=43088) to work on /Users/rtewelde/airflow_venv/lib/python3.11/site-packages/airflow/example_dags/example_branch_operator_decorator.py
[2024-09-24T11:15:31.525+0100] {processor.py:914} INFO - Processing file /Users/rtewelde/airflow_venv/lib/python3.11/site-packages/airflow/example_dags/example_branch_operator_decorator.py for tasks to queue
[2024-09-24T11:15:31.531+0100] {logging_mixin.py:190} INFO - [2024-09-24T11:15:31.530+0100] {dagbag.py:588} INFO - Filling up the DagBag from /Users/rtewelde/airflow_venv/lib/python3.11/site-packages/airflow/example_dags/example_branch_operator_decorator.py
[2024-09-24T11:15:31.609+0100] {processor.py:927} WARNING - No viable dags retrieved from /Users/rtewelde/airflow_venv/lib/python3.11/site-packages/airflow/example_dags/example_branch_operator_decorator.py
[2024-09-24T11:15:32.153+0100] {processor.py:208} INFO - Processing /Users/rtewelde/airflow_venv/lib/python3.11/site-packages/airflow/example_dags/example_branch_operator_decorator.py took 0.641 seconds
[2024-09-24T11:23:40.874+0100] {processor.py:186} INFO - Started process (PID=45236) to work on /Users/rtewelde/airflow_venv/lib/python3.11/site-packages/airflow/example_dags/example_branch_operator_decorator.py
[2024-09-24T11:23:40.878+0100] {processor.py:914} INFO - Processing file /Users/rtewelde/airflow_venv/lib/python3.11/site-packages/airflow/example_dags/example_branch_operator_decorator.py for tasks to queue
[2024-09-24T11:23:40.881+0100] {logging_mixin.py:190} INFO - [2024-09-24T11:23:40.881+0100] {dagbag.py:588} INFO - Filling up the DagBag from /Users/rtewelde/airflow_venv/lib/python3.11/site-packages/airflow/example_dags/example_branch_operator_decorator.py
[2024-09-24T11:23:40.949+0100] {processor.py:927} WARNING - No viable dags retrieved from /Users/rtewelde/airflow_venv/lib/python3.11/site-packages/airflow/example_dags/example_branch_operator_decorator.py
[2024-09-24T11:23:41.508+0100] {processor.py:208} INFO - Processing /Users/rtewelde/airflow_venv/lib/python3.11/site-packages/airflow/example_dags/example_branch_operator_decorator.py took 0.642 seconds
[2024-09-24T11:39:17.528+0100] {processor.py:186} INFO - Started process (PID=49238) to work on /Users/rtewelde/airflow_venv/lib/python3.11/site-packages/airflow/example_dags/example_branch_operator_decorator.py
[2024-09-24T11:39:17.532+0100] {processor.py:914} INFO - Processing file /Users/rtewelde/airflow_venv/lib/python3.11/site-packages/airflow/example_dags/example_branch_operator_decorator.py for tasks to queue
[2024-09-24T11:39:17.536+0100] {logging_mixin.py:190} INFO - [2024-09-24T11:39:17.535+0100] {dagbag.py:588} INFO - Filling up the DagBag from /Users/rtewelde/airflow_venv/lib/python3.11/site-packages/airflow/example_dags/example_branch_operator_decorator.py
[2024-09-24T11:39:17.599+0100] {processor.py:927} WARNING - No viable dags retrieved from /Users/rtewelde/airflow_venv/lib/python3.11/site-packages/airflow/example_dags/example_branch_operator_decorator.py
[2024-09-24T11:39:18.111+0100] {processor.py:208} INFO - Processing /Users/rtewelde/airflow_venv/lib/python3.11/site-packages/airflow/example_dags/example_branch_operator_decorator.py took 0.594 seconds
[2024-09-24T12:10:06.467+0100] {processor.py:186} INFO - Started process (PID=53047) to work on /Users/rtewelde/airflow_venv/lib/python3.11/site-packages/airflow/example_dags/example_branch_operator_decorator.py
[2024-09-24T12:10:06.470+0100] {processor.py:914} INFO - Processing file /Users/rtewelde/airflow_venv/lib/python3.11/site-packages/airflow/example_dags/example_branch_operator_decorator.py for tasks to queue
[2024-09-24T12:10:06.473+0100] {logging_mixin.py:190} INFO - [2024-09-24T12:10:06.472+0100] {dagbag.py:588} INFO - Filling up the DagBag from /Users/rtewelde/airflow_venv/lib/python3.11/site-packages/airflow/example_dags/example_branch_operator_decorator.py
[2024-09-24T12:10:06.522+0100] {processor.py:927} WARNING - No viable dags retrieved from /Users/rtewelde/airflow_venv/lib/python3.11/site-packages/airflow/example_dags/example_branch_operator_decorator.py
[2024-09-24T12:10:06.916+0100] {processor.py:208} INFO - Processing /Users/rtewelde/airflow_venv/lib/python3.11/site-packages/airflow/example_dags/example_branch_operator_decorator.py took 0.458 seconds
[2024-09-24T12:58:50.699+0100] {processor.py:186} INFO - Started process (PID=56797) to work on /Users/rtewelde/airflow_venv/lib/python3.11/site-packages/airflow/example_dags/example_branch_operator_decorator.py
[2024-09-24T12:58:50.703+0100] {processor.py:914} INFO - Processing file /Users/rtewelde/airflow_venv/lib/python3.11/site-packages/airflow/example_dags/example_branch_operator_decorator.py for tasks to queue
[2024-09-24T12:58:50.706+0100] {logging_mixin.py:190} INFO - [2024-09-24T12:58:50.705+0100] {dagbag.py:588} INFO - Filling up the DagBag from /Users/rtewelde/airflow_venv/lib/python3.11/site-packages/airflow/example_dags/example_branch_operator_decorator.py
[2024-09-24T12:58:50.774+0100] {processor.py:927} WARNING - No viable dags retrieved from /Users/rtewelde/airflow_venv/lib/python3.11/site-packages/airflow/example_dags/example_branch_operator_decorator.py
[2024-09-24T12:58:51.299+0100] {processor.py:208} INFO - Processing /Users/rtewelde/airflow_venv/lib/python3.11/site-packages/airflow/example_dags/example_branch_operator_decorator.py took 0.608 seconds
[2024-09-24T13:23:10.951+0100] {processor.py:186} INFO - Started process (PID=58763) to work on /Users/rtewelde/airflow_venv/lib/python3.11/site-packages/airflow/example_dags/example_branch_operator_decorator.py
[2024-09-24T13:23:10.954+0100] {processor.py:914} INFO - Processing file /Users/rtewelde/airflow_venv/lib/python3.11/site-packages/airflow/example_dags/example_branch_operator_decorator.py for tasks to queue
[2024-09-24T13:23:10.957+0100] {logging_mixin.py:190} INFO - [2024-09-24T13:23:10.956+0100] {dagbag.py:588} INFO - Filling up the DagBag from /Users/rtewelde/airflow_venv/lib/python3.11/site-packages/airflow/example_dags/example_branch_operator_decorator.py
[2024-09-24T13:23:11.030+0100] {processor.py:927} WARNING - No viable dags retrieved from /Users/rtewelde/airflow_venv/lib/python3.11/site-packages/airflow/example_dags/example_branch_operator_decorator.py
[2024-09-24T13:23:11.470+0100] {processor.py:208} INFO - Processing /Users/rtewelde/airflow_venv/lib/python3.11/site-packages/airflow/example_dags/example_branch_operator_decorator.py took 0.526 seconds
[2024-09-24T17:54:37.540+0100] {processor.py:186} INFO - Started process (PID=62044) to work on /Users/rtewelde/airflow_venv/lib/python3.11/site-packages/airflow/example_dags/example_branch_operator_decorator.py
[2024-09-24T17:54:37.544+0100] {processor.py:914} INFO - Processing file /Users/rtewelde/airflow_venv/lib/python3.11/site-packages/airflow/example_dags/example_branch_operator_decorator.py for tasks to queue
[2024-09-24T17:54:37.548+0100] {logging_mixin.py:190} INFO - [2024-09-24T17:54:37.547+0100] {dagbag.py:588} INFO - Filling up the DagBag from /Users/rtewelde/airflow_venv/lib/python3.11/site-packages/airflow/example_dags/example_branch_operator_decorator.py
[2024-09-24T17:54:37.614+0100] {processor.py:927} WARNING - No viable dags retrieved from /Users/rtewelde/airflow_venv/lib/python3.11/site-packages/airflow/example_dags/example_branch_operator_decorator.py
[2024-09-24T17:54:38.115+0100] {processor.py:208} INFO - Processing /Users/rtewelde/airflow_venv/lib/python3.11/site-packages/airflow/example_dags/example_branch_operator_decorator.py took 0.583 seconds
[2024-09-24T18:04:29.620+0100] {processor.py:186} INFO - Started process (PID=64633) to work on /Users/rtewelde/airflow_venv/lib/python3.11/site-packages/airflow/example_dags/example_branch_operator_decorator.py
[2024-09-24T18:04:29.622+0100] {processor.py:914} INFO - Processing file /Users/rtewelde/airflow_venv/lib/python3.11/site-packages/airflow/example_dags/example_branch_operator_decorator.py for tasks to queue
[2024-09-24T18:04:29.624+0100] {logging_mixin.py:190} INFO - [2024-09-24T18:04:29.623+0100] {dagbag.py:588} INFO - Filling up the DagBag from /Users/rtewelde/airflow_venv/lib/python3.11/site-packages/airflow/example_dags/example_branch_operator_decorator.py
[2024-09-24T18:04:29.665+0100] {processor.py:927} WARNING - No viable dags retrieved from /Users/rtewelde/airflow_venv/lib/python3.11/site-packages/airflow/example_dags/example_branch_operator_decorator.py
[2024-09-24T18:04:29.968+0100] {processor.py:208} INFO - Processing /Users/rtewelde/airflow_venv/lib/python3.11/site-packages/airflow/example_dags/example_branch_operator_decorator.py took 0.356 seconds
[2024-09-24T18:13:37.528+0100] {processor.py:186} INFO - Started process (PID=67037) to work on /Users/rtewelde/airflow_venv/lib/python3.11/site-packages/airflow/example_dags/example_branch_operator_decorator.py
[2024-09-24T18:13:37.530+0100] {processor.py:914} INFO - Processing file /Users/rtewelde/airflow_venv/lib/python3.11/site-packages/airflow/example_dags/example_branch_operator_decorator.py for tasks to queue
[2024-09-24T18:13:37.532+0100] {logging_mixin.py:190} INFO - [2024-09-24T18:13:37.532+0100] {dagbag.py:588} INFO - Filling up the DagBag from /Users/rtewelde/airflow_venv/lib/python3.11/site-packages/airflow/example_dags/example_branch_operator_decorator.py
[2024-09-24T18:13:37.575+0100] {processor.py:927} WARNING - No viable dags retrieved from /Users/rtewelde/airflow_venv/lib/python3.11/site-packages/airflow/example_dags/example_branch_operator_decorator.py
[2024-09-24T18:13:37.916+0100] {processor.py:208} INFO - Processing /Users/rtewelde/airflow_venv/lib/python3.11/site-packages/airflow/example_dags/example_branch_operator_decorator.py took 0.393 seconds
[2024-09-24T18:23:44.690+0100] {processor.py:186} INFO - Started process (PID=69709) to work on /Users/rtewelde/airflow_venv/lib/python3.11/site-packages/airflow/example_dags/example_branch_operator_decorator.py
[2024-09-24T18:23:44.698+0100] {processor.py:914} INFO - Processing file /Users/rtewelde/airflow_venv/lib/python3.11/site-packages/airflow/example_dags/example_branch_operator_decorator.py for tasks to queue
[2024-09-24T18:23:44.703+0100] {logging_mixin.py:190} INFO - [2024-09-24T18:23:44.702+0100] {dagbag.py:588} INFO - Filling up the DagBag from /Users/rtewelde/airflow_venv/lib/python3.11/site-packages/airflow/example_dags/example_branch_operator_decorator.py
[2024-09-24T18:23:44.781+0100] {processor.py:927} WARNING - No viable dags retrieved from /Users/rtewelde/airflow_venv/lib/python3.11/site-packages/airflow/example_dags/example_branch_operator_decorator.py
[2024-09-24T18:23:45.341+0100] {processor.py:208} INFO - Processing /Users/rtewelde/airflow_venv/lib/python3.11/site-packages/airflow/example_dags/example_branch_operator_decorator.py took 0.660 seconds
[2024-09-24T18:40:02.840+0100] {processor.py:186} INFO - Started process (PID=73990) to work on /Users/rtewelde/airflow_venv/lib/python3.11/site-packages/airflow/example_dags/example_branch_operator_decorator.py
[2024-09-24T18:40:02.843+0100] {processor.py:914} INFO - Processing file /Users/rtewelde/airflow_venv/lib/python3.11/site-packages/airflow/example_dags/example_branch_operator_decorator.py for tasks to queue
[2024-09-24T18:40:02.846+0100] {logging_mixin.py:190} INFO - [2024-09-24T18:40:02.845+0100] {dagbag.py:588} INFO - Filling up the DagBag from /Users/rtewelde/airflow_venv/lib/python3.11/site-packages/airflow/example_dags/example_branch_operator_decorator.py
[2024-09-24T18:40:02.895+0100] {processor.py:927} WARNING - No viable dags retrieved from /Users/rtewelde/airflow_venv/lib/python3.11/site-packages/airflow/example_dags/example_branch_operator_decorator.py
[2024-09-24T18:40:03.327+0100] {processor.py:208} INFO - Processing /Users/rtewelde/airflow_venv/lib/python3.11/site-packages/airflow/example_dags/example_branch_operator_decorator.py took 0.493 seconds
[2024-09-24T19:01:13.605+0100] {processor.py:186} INFO - Started process (PID=76102) to work on /Users/rtewelde/airflow_venv/lib/python3.11/site-packages/airflow/example_dags/example_branch_operator_decorator.py
[2024-09-24T19:01:13.607+0100] {processor.py:914} INFO - Processing file /Users/rtewelde/airflow_venv/lib/python3.11/site-packages/airflow/example_dags/example_branch_operator_decorator.py for tasks to queue
[2024-09-24T19:01:13.608+0100] {logging_mixin.py:190} INFO - [2024-09-24T19:01:13.608+0100] {dagbag.py:588} INFO - Filling up the DagBag from /Users/rtewelde/airflow_venv/lib/python3.11/site-packages/airflow/example_dags/example_branch_operator_decorator.py
[2024-09-24T19:01:13.626+0100] {processor.py:927} WARNING - No viable dags retrieved from /Users/rtewelde/airflow_venv/lib/python3.11/site-packages/airflow/example_dags/example_branch_operator_decorator.py
[2024-09-24T19:01:13.781+0100] {processor.py:208} INFO - Processing /Users/rtewelde/airflow_venv/lib/python3.11/site-packages/airflow/example_dags/example_branch_operator_decorator.py took 0.178 seconds
[2024-09-24T19:06:00.027+0100] {processor.py:186} INFO - Started process (PID=77474) to work on /Users/rtewelde/airflow_venv/lib/python3.11/site-packages/airflow/example_dags/example_branch_operator_decorator.py
[2024-09-24T19:06:00.030+0100] {processor.py:914} INFO - Processing file /Users/rtewelde/airflow_venv/lib/python3.11/site-packages/airflow/example_dags/example_branch_operator_decorator.py for tasks to queue
[2024-09-24T19:06:00.032+0100] {logging_mixin.py:190} INFO - [2024-09-24T19:06:00.032+0100] {dagbag.py:588} INFO - Filling up the DagBag from /Users/rtewelde/airflow_venv/lib/python3.11/site-packages/airflow/example_dags/example_branch_operator_decorator.py
[2024-09-24T19:06:00.050+0100] {processor.py:927} WARNING - No viable dags retrieved from /Users/rtewelde/airflow_venv/lib/python3.11/site-packages/airflow/example_dags/example_branch_operator_decorator.py
[2024-09-24T19:06:00.201+0100] {processor.py:208} INFO - Processing /Users/rtewelde/airflow_venv/lib/python3.11/site-packages/airflow/example_dags/example_branch_operator_decorator.py took 0.177 seconds
[2024-09-24T19:11:11.744+0100] {processor.py:186} INFO - Started process (PID=78960) to work on /Users/rtewelde/airflow_venv/lib/python3.11/site-packages/airflow/example_dags/example_branch_operator_decorator.py
[2024-09-24T19:11:11.745+0100] {processor.py:914} INFO - Processing file /Users/rtewelde/airflow_venv/lib/python3.11/site-packages/airflow/example_dags/example_branch_operator_decorator.py for tasks to queue
[2024-09-24T19:11:11.746+0100] {logging_mixin.py:190} INFO - [2024-09-24T19:11:11.746+0100] {dagbag.py:588} INFO - Filling up the DagBag from /Users/rtewelde/airflow_venv/lib/python3.11/site-packages/airflow/example_dags/example_branch_operator_decorator.py
[2024-09-24T19:11:11.764+0100] {processor.py:927} WARNING - No viable dags retrieved from /Users/rtewelde/airflow_venv/lib/python3.11/site-packages/airflow/example_dags/example_branch_operator_decorator.py
[2024-09-24T19:11:11.920+0100] {processor.py:208} INFO - Processing /Users/rtewelde/airflow_venv/lib/python3.11/site-packages/airflow/example_dags/example_branch_operator_decorator.py took 0.180 seconds
[2024-09-24T19:16:31.258+0100] {processor.py:186} INFO - Started process (PID=80480) to work on /Users/rtewelde/airflow_venv/lib/python3.11/site-packages/airflow/example_dags/example_branch_operator_decorator.py
[2024-09-24T19:16:31.259+0100] {processor.py:914} INFO - Processing file /Users/rtewelde/airflow_venv/lib/python3.11/site-packages/airflow/example_dags/example_branch_operator_decorator.py for tasks to queue
[2024-09-24T19:16:31.260+0100] {logging_mixin.py:190} INFO - [2024-09-24T19:16:31.260+0100] {dagbag.py:588} INFO - Filling up the DagBag from /Users/rtewelde/airflow_venv/lib/python3.11/site-packages/airflow/example_dags/example_branch_operator_decorator.py
[2024-09-24T19:16:31.294+0100] {processor.py:927} WARNING - No viable dags retrieved from /Users/rtewelde/airflow_venv/lib/python3.11/site-packages/airflow/example_dags/example_branch_operator_decorator.py
[2024-09-24T19:16:31.472+0100] {processor.py:208} INFO - Processing /Users/rtewelde/airflow_venv/lib/python3.11/site-packages/airflow/example_dags/example_branch_operator_decorator.py took 0.217 seconds
[2024-09-24T19:21:45.281+0100] {processor.py:186} INFO - Started process (PID=82001) to work on /Users/rtewelde/airflow_venv/lib/python3.11/site-packages/airflow/example_dags/example_branch_operator_decorator.py
[2024-09-24T19:21:45.283+0100] {processor.py:914} INFO - Processing file /Users/rtewelde/airflow_venv/lib/python3.11/site-packages/airflow/example_dags/example_branch_operator_decorator.py for tasks to queue
[2024-09-24T19:21:45.284+0100] {logging_mixin.py:190} INFO - [2024-09-24T19:21:45.284+0100] {dagbag.py:588} INFO - Filling up the DagBag from /Users/rtewelde/airflow_venv/lib/python3.11/site-packages/airflow/example_dags/example_branch_operator_decorator.py
[2024-09-24T19:21:45.302+0100] {processor.py:927} WARNING - No viable dags retrieved from /Users/rtewelde/airflow_venv/lib/python3.11/site-packages/airflow/example_dags/example_branch_operator_decorator.py
[2024-09-24T19:21:45.436+0100] {processor.py:208} INFO - Processing /Users/rtewelde/airflow_venv/lib/python3.11/site-packages/airflow/example_dags/example_branch_operator_decorator.py took 0.157 seconds
[2024-09-24T19:26:54.273+0100] {processor.py:186} INFO - Started process (PID=83417) to work on /Users/rtewelde/airflow_venv/lib/python3.11/site-packages/airflow/example_dags/example_branch_operator_decorator.py
[2024-09-24T19:26:54.275+0100] {processor.py:914} INFO - Processing file /Users/rtewelde/airflow_venv/lib/python3.11/site-packages/airflow/example_dags/example_branch_operator_decorator.py for tasks to queue
[2024-09-24T19:26:54.276+0100] {logging_mixin.py:190} INFO - [2024-09-24T19:26:54.276+0100] {dagbag.py:588} INFO - Filling up the DagBag from /Users/rtewelde/airflow_venv/lib/python3.11/site-packages/airflow/example_dags/example_branch_operator_decorator.py
[2024-09-24T19:26:54.301+0100] {processor.py:927} WARNING - No viable dags retrieved from /Users/rtewelde/airflow_venv/lib/python3.11/site-packages/airflow/example_dags/example_branch_operator_decorator.py
[2024-09-24T19:26:54.484+0100] {processor.py:208} INFO - Processing /Users/rtewelde/airflow_venv/lib/python3.11/site-packages/airflow/example_dags/example_branch_operator_decorator.py took 0.213 seconds
[2024-09-24T19:32:44.526+0100] {processor.py:186} INFO - Started process (PID=85009) to work on /Users/rtewelde/airflow_venv/lib/python3.11/site-packages/airflow/example_dags/example_branch_operator_decorator.py
[2024-09-24T19:32:44.528+0100] {processor.py:914} INFO - Processing file /Users/rtewelde/airflow_venv/lib/python3.11/site-packages/airflow/example_dags/example_branch_operator_decorator.py for tasks to queue
[2024-09-24T19:32:44.529+0100] {logging_mixin.py:190} INFO - [2024-09-24T19:32:44.529+0100] {dagbag.py:588} INFO - Filling up the DagBag from /Users/rtewelde/airflow_venv/lib/python3.11/site-packages/airflow/example_dags/example_branch_operator_decorator.py
[2024-09-24T19:32:44.548+0100] {processor.py:927} WARNING - No viable dags retrieved from /Users/rtewelde/airflow_venv/lib/python3.11/site-packages/airflow/example_dags/example_branch_operator_decorator.py
[2024-09-24T19:32:44.686+0100] {processor.py:208} INFO - Processing /Users/rtewelde/airflow_venv/lib/python3.11/site-packages/airflow/example_dags/example_branch_operator_decorator.py took 0.162 seconds
[2024-09-24T19:37:25.248+0100] {processor.py:186} INFO - Started process (PID=86306) to work on /Users/rtewelde/airflow_venv/lib/python3.11/site-packages/airflow/example_dags/example_branch_operator_decorator.py
[2024-09-24T19:37:25.250+0100] {processor.py:914} INFO - Processing file /Users/rtewelde/airflow_venv/lib/python3.11/site-packages/airflow/example_dags/example_branch_operator_decorator.py for tasks to queue
[2024-09-24T19:37:25.251+0100] {logging_mixin.py:190} INFO - [2024-09-24T19:37:25.250+0100] {dagbag.py:588} INFO - Filling up the DagBag from /Users/rtewelde/airflow_venv/lib/python3.11/site-packages/airflow/example_dags/example_branch_operator_decorator.py
[2024-09-24T19:37:25.280+0100] {processor.py:927} WARNING - No viable dags retrieved from /Users/rtewelde/airflow_venv/lib/python3.11/site-packages/airflow/example_dags/example_branch_operator_decorator.py
[2024-09-24T19:37:25.480+0100] {processor.py:208} INFO - Processing /Users/rtewelde/airflow_venv/lib/python3.11/site-packages/airflow/example_dags/example_branch_operator_decorator.py took 0.234 seconds
[2024-09-24T19:42:32.780+0100] {processor.py:186} INFO - Started process (PID=87831) to work on /Users/rtewelde/airflow_venv/lib/python3.11/site-packages/airflow/example_dags/example_branch_operator_decorator.py
[2024-09-24T19:42:32.782+0100] {processor.py:914} INFO - Processing file /Users/rtewelde/airflow_venv/lib/python3.11/site-packages/airflow/example_dags/example_branch_operator_decorator.py for tasks to queue
[2024-09-24T19:42:32.783+0100] {logging_mixin.py:190} INFO - [2024-09-24T19:42:32.782+0100] {dagbag.py:588} INFO - Filling up the DagBag from /Users/rtewelde/airflow_venv/lib/python3.11/site-packages/airflow/example_dags/example_branch_operator_decorator.py
[2024-09-24T19:42:32.801+0100] {processor.py:927} WARNING - No viable dags retrieved from /Users/rtewelde/airflow_venv/lib/python3.11/site-packages/airflow/example_dags/example_branch_operator_decorator.py
[2024-09-24T19:42:32.956+0100] {processor.py:208} INFO - Processing /Users/rtewelde/airflow_venv/lib/python3.11/site-packages/airflow/example_dags/example_branch_operator_decorator.py took 0.178 seconds
[2024-09-24T19:47:31.296+0100] {processor.py:186} INFO - Started process (PID=89365) to work on /Users/rtewelde/airflow_venv/lib/python3.11/site-packages/airflow/example_dags/example_branch_operator_decorator.py
[2024-09-24T19:47:31.297+0100] {processor.py:914} INFO - Processing file /Users/rtewelde/airflow_venv/lib/python3.11/site-packages/airflow/example_dags/example_branch_operator_decorator.py for tasks to queue
[2024-09-24T19:47:31.298+0100] {logging_mixin.py:190} INFO - [2024-09-24T19:47:31.298+0100] {dagbag.py:588} INFO - Filling up the DagBag from /Users/rtewelde/airflow_venv/lib/python3.11/site-packages/airflow/example_dags/example_branch_operator_decorator.py
[2024-09-24T19:47:31.317+0100] {processor.py:927} WARNING - No viable dags retrieved from /Users/rtewelde/airflow_venv/lib/python3.11/site-packages/airflow/example_dags/example_branch_operator_decorator.py
[2024-09-24T19:47:31.473+0100] {processor.py:208} INFO - Processing /Users/rtewelde/airflow_venv/lib/python3.11/site-packages/airflow/example_dags/example_branch_operator_decorator.py took 0.179 seconds
[2024-09-24T19:52:21.372+0100] {processor.py:186} INFO - Started process (PID=90715) to work on /Users/rtewelde/airflow_venv/lib/python3.11/site-packages/airflow/example_dags/example_branch_operator_decorator.py
[2024-09-24T19:52:21.373+0100] {processor.py:914} INFO - Processing file /Users/rtewelde/airflow_venv/lib/python3.11/site-packages/airflow/example_dags/example_branch_operator_decorator.py for tasks to queue
[2024-09-24T19:52:21.374+0100] {logging_mixin.py:190} INFO - [2024-09-24T19:52:21.373+0100] {dagbag.py:588} INFO - Filling up the DagBag from /Users/rtewelde/airflow_venv/lib/python3.11/site-packages/airflow/example_dags/example_branch_operator_decorator.py
[2024-09-24T19:52:21.391+0100] {processor.py:927} WARNING - No viable dags retrieved from /Users/rtewelde/airflow_venv/lib/python3.11/site-packages/airflow/example_dags/example_branch_operator_decorator.py
[2024-09-24T19:52:21.540+0100] {processor.py:208} INFO - Processing /Users/rtewelde/airflow_venv/lib/python3.11/site-packages/airflow/example_dags/example_branch_operator_decorator.py took 0.171 seconds
[2024-09-24T19:58:02.737+0100] {processor.py:186} INFO - Started process (PID=92370) to work on /Users/rtewelde/airflow_venv/lib/python3.11/site-packages/airflow/example_dags/example_branch_operator_decorator.py
[2024-09-24T19:58:02.738+0100] {processor.py:914} INFO - Processing file /Users/rtewelde/airflow_venv/lib/python3.11/site-packages/airflow/example_dags/example_branch_operator_decorator.py for tasks to queue
[2024-09-24T19:58:02.739+0100] {logging_mixin.py:190} INFO - [2024-09-24T19:58:02.739+0100] {dagbag.py:588} INFO - Filling up the DagBag from /Users/rtewelde/airflow_venv/lib/python3.11/site-packages/airflow/example_dags/example_branch_operator_decorator.py
[2024-09-24T19:58:02.755+0100] {processor.py:927} WARNING - No viable dags retrieved from /Users/rtewelde/airflow_venv/lib/python3.11/site-packages/airflow/example_dags/example_branch_operator_decorator.py
[2024-09-24T19:58:02.902+0100] {processor.py:208} INFO - Processing /Users/rtewelde/airflow_venv/lib/python3.11/site-packages/airflow/example_dags/example_branch_operator_decorator.py took 0.168 seconds
[2024-09-24T20:03:40.933+0100] {processor.py:186} INFO - Started process (PID=93976) to work on /Users/rtewelde/airflow_venv/lib/python3.11/site-packages/airflow/example_dags/example_branch_operator_decorator.py
[2024-09-24T20:03:40.934+0100] {processor.py:914} INFO - Processing file /Users/rtewelde/airflow_venv/lib/python3.11/site-packages/airflow/example_dags/example_branch_operator_decorator.py for tasks to queue
[2024-09-24T20:03:40.936+0100] {logging_mixin.py:190} INFO - [2024-09-24T20:03:40.936+0100] {dagbag.py:588} INFO - Filling up the DagBag from /Users/rtewelde/airflow_venv/lib/python3.11/site-packages/airflow/example_dags/example_branch_operator_decorator.py
[2024-09-24T20:03:40.970+0100] {processor.py:927} WARNING - No viable dags retrieved from /Users/rtewelde/airflow_venv/lib/python3.11/site-packages/airflow/example_dags/example_branch_operator_decorator.py
[2024-09-24T20:03:41.176+0100] {processor.py:208} INFO - Processing /Users/rtewelde/airflow_venv/lib/python3.11/site-packages/airflow/example_dags/example_branch_operator_decorator.py took 0.247 seconds
[2024-09-24T20:08:28.399+0100] {processor.py:186} INFO - Started process (PID=95366) to work on /Users/rtewelde/airflow_venv/lib/python3.11/site-packages/airflow/example_dags/example_branch_operator_decorator.py
[2024-09-24T20:08:28.414+0100] {processor.py:914} INFO - Processing file /Users/rtewelde/airflow_venv/lib/python3.11/site-packages/airflow/example_dags/example_branch_operator_decorator.py for tasks to queue
[2024-09-24T20:08:28.416+0100] {logging_mixin.py:190} INFO - [2024-09-24T20:08:28.415+0100] {dagbag.py:588} INFO - Filling up the DagBag from /Users/rtewelde/airflow_venv/lib/python3.11/site-packages/airflow/example_dags/example_branch_operator_decorator.py
[2024-09-24T20:08:28.457+0100] {processor.py:927} WARNING - No viable dags retrieved from /Users/rtewelde/airflow_venv/lib/python3.11/site-packages/airflow/example_dags/example_branch_operator_decorator.py
[2024-09-24T20:08:28.946+0100] {processor.py:208} INFO - Processing /Users/rtewelde/airflow_venv/lib/python3.11/site-packages/airflow/example_dags/example_branch_operator_decorator.py took 0.556 seconds
[2024-09-24T20:13:43.953+0100] {processor.py:186} INFO - Started process (PID=96854) to work on /Users/rtewelde/airflow_venv/lib/python3.11/site-packages/airflow/example_dags/example_branch_operator_decorator.py
[2024-09-24T20:13:43.955+0100] {processor.py:914} INFO - Processing file /Users/rtewelde/airflow_venv/lib/python3.11/site-packages/airflow/example_dags/example_branch_operator_decorator.py for tasks to queue
[2024-09-24T20:13:43.956+0100] {logging_mixin.py:190} INFO - [2024-09-24T20:13:43.956+0100] {dagbag.py:588} INFO - Filling up the DagBag from /Users/rtewelde/airflow_venv/lib/python3.11/site-packages/airflow/example_dags/example_branch_operator_decorator.py
[2024-09-24T20:13:43.975+0100] {processor.py:927} WARNING - No viable dags retrieved from /Users/rtewelde/airflow_venv/lib/python3.11/site-packages/airflow/example_dags/example_branch_operator_decorator.py
[2024-09-24T20:13:44.122+0100] {processor.py:208} INFO - Processing /Users/rtewelde/airflow_venv/lib/python3.11/site-packages/airflow/example_dags/example_branch_operator_decorator.py took 0.172 seconds
[2024-09-24T20:18:23.113+0100] {processor.py:186} INFO - Started process (PID=98132) to work on /Users/rtewelde/airflow_venv/lib/python3.11/site-packages/airflow/example_dags/example_branch_operator_decorator.py
[2024-09-24T20:18:23.114+0100] {processor.py:914} INFO - Processing file /Users/rtewelde/airflow_venv/lib/python3.11/site-packages/airflow/example_dags/example_branch_operator_decorator.py for tasks to queue
[2024-09-24T20:18:23.115+0100] {logging_mixin.py:190} INFO - [2024-09-24T20:18:23.115+0100] {dagbag.py:588} INFO - Filling up the DagBag from /Users/rtewelde/airflow_venv/lib/python3.11/site-packages/airflow/example_dags/example_branch_operator_decorator.py
[2024-09-24T20:18:23.131+0100] {processor.py:927} WARNING - No viable dags retrieved from /Users/rtewelde/airflow_venv/lib/python3.11/site-packages/airflow/example_dags/example_branch_operator_decorator.py
[2024-09-24T20:18:23.275+0100] {processor.py:208} INFO - Processing /Users/rtewelde/airflow_venv/lib/python3.11/site-packages/airflow/example_dags/example_branch_operator_decorator.py took 0.164 seconds
[2024-09-24T20:23:07.617+0100] {processor.py:186} INFO - Started process (PID=99454) to work on /Users/rtewelde/airflow_venv/lib/python3.11/site-packages/airflow/example_dags/example_branch_operator_decorator.py
[2024-09-24T20:23:07.618+0100] {processor.py:914} INFO - Processing file /Users/rtewelde/airflow_venv/lib/python3.11/site-packages/airflow/example_dags/example_branch_operator_decorator.py for tasks to queue
[2024-09-24T20:23:07.618+0100] {logging_mixin.py:190} INFO - [2024-09-24T20:23:07.618+0100] {dagbag.py:588} INFO - Filling up the DagBag from /Users/rtewelde/airflow_venv/lib/python3.11/site-packages/airflow/example_dags/example_branch_operator_decorator.py
[2024-09-24T20:23:07.637+0100] {processor.py:927} WARNING - No viable dags retrieved from /Users/rtewelde/airflow_venv/lib/python3.11/site-packages/airflow/example_dags/example_branch_operator_decorator.py
[2024-09-24T20:23:07.790+0100] {processor.py:208} INFO - Processing /Users/rtewelde/airflow_venv/lib/python3.11/site-packages/airflow/example_dags/example_branch_operator_decorator.py took 0.176 seconds
