[2024-09-24T01:00:51.698+0100] {processor.py:186} INFO - Started process (PID=90820) to work on /Users/rtewelde/airflow_venv/lib/python3.11/site-packages/airflow/example_dags/example_display_name.py
[2024-09-24T01:00:51.698+0100] {processor.py:914} INFO - Processing file /Users/rtewelde/airflow_venv/lib/python3.11/site-packages/airflow/example_dags/example_display_name.py for tasks to queue
[2024-09-24T01:00:51.699+0100] {logging_mixin.py:190} INFO - [2024-09-24T01:00:51.699+0100] {dagbag.py:588} INFO - Filling up the DagBag from /Users/rtewelde/airflow_venv/lib/python3.11/site-packages/airflow/example_dags/example_display_name.py
[2024-09-24T01:00:51.730+0100] {processor.py:925} INFO - DAG(s) 'example_display_name' retrieved from /Users/rtewelde/airflow_venv/lib/python3.11/site-packages/airflow/example_dags/example_display_name.py
[2024-09-24T01:00:51.876+0100] {logging_mixin.py:190} INFO - [2024-09-24T01:00:51.876+0100] {dag.py:3239} INFO - Sync 1 DAGs
[2024-09-24T01:00:51.887+0100] {logging_mixin.py:190} INFO - [2024-09-24T01:00:51.887+0100] {dag.py:4180} INFO - Setting next_dagrun for example_display_name to None, run_after=None
[2024-09-24T01:00:51.905+0100] {processor.py:208} INFO - Processing /Users/rtewelde/airflow_venv/lib/python3.11/site-packages/airflow/example_dags/example_display_name.py took 0.210 seconds
[2024-09-24T01:05:27.030+0100] {processor.py:186} INFO - Started process (PID=92140) to work on /Users/rtewelde/airflow_venv/lib/python3.11/site-packages/airflow/example_dags/example_display_name.py
[2024-09-24T01:05:27.032+0100] {processor.py:914} INFO - Processing file /Users/rtewelde/airflow_venv/lib/python3.11/site-packages/airflow/example_dags/example_display_name.py for tasks to queue
[2024-09-24T01:05:27.033+0100] {logging_mixin.py:190} INFO - [2024-09-24T01:05:27.033+0100] {dagbag.py:588} INFO - Filling up the DagBag from /Users/rtewelde/airflow_venv/lib/python3.11/site-packages/airflow/example_dags/example_display_name.py
[2024-09-24T01:05:27.065+0100] {processor.py:925} INFO - DAG(s) 'example_display_name' retrieved from /Users/rtewelde/airflow_venv/lib/python3.11/site-packages/airflow/example_dags/example_display_name.py
[2024-09-24T01:05:27.210+0100] {logging_mixin.py:190} INFO - [2024-09-24T01:05:27.210+0100] {dag.py:3239} INFO - Sync 1 DAGs
[2024-09-24T01:05:27.223+0100] {logging_mixin.py:190} INFO - [2024-09-24T01:05:27.223+0100] {dag.py:4180} INFO - Setting next_dagrun for example_display_name to None, run_after=None
[2024-09-24T01:05:27.240+0100] {processor.py:208} INFO - Processing /Users/rtewelde/airflow_venv/lib/python3.11/site-packages/airflow/example_dags/example_display_name.py took 0.213 seconds
[2024-09-24T01:10:00.515+0100] {processor.py:186} INFO - Started process (PID=93504) to work on /Users/rtewelde/airflow_venv/lib/python3.11/site-packages/airflow/example_dags/example_display_name.py
[2024-09-24T01:10:00.516+0100] {processor.py:914} INFO - Processing file /Users/rtewelde/airflow_venv/lib/python3.11/site-packages/airflow/example_dags/example_display_name.py for tasks to queue
[2024-09-24T01:10:00.517+0100] {logging_mixin.py:190} INFO - [2024-09-24T01:10:00.517+0100] {dagbag.py:588} INFO - Filling up the DagBag from /Users/rtewelde/airflow_venv/lib/python3.11/site-packages/airflow/example_dags/example_display_name.py
[2024-09-24T01:10:00.547+0100] {processor.py:925} INFO - DAG(s) 'example_display_name' retrieved from /Users/rtewelde/airflow_venv/lib/python3.11/site-packages/airflow/example_dags/example_display_name.py
[2024-09-24T01:10:00.693+0100] {logging_mixin.py:190} INFO - [2024-09-24T01:10:00.693+0100] {dag.py:3239} INFO - Sync 1 DAGs
[2024-09-24T01:10:00.705+0100] {logging_mixin.py:190} INFO - [2024-09-24T01:10:00.705+0100] {dag.py:4180} INFO - Setting next_dagrun for example_display_name to None, run_after=None
[2024-09-24T01:10:00.722+0100] {processor.py:208} INFO - Processing /Users/rtewelde/airflow_venv/lib/python3.11/site-packages/airflow/example_dags/example_display_name.py took 0.209 seconds
[2024-09-24T01:14:27.643+0100] {processor.py:186} INFO - Started process (PID=94749) to work on /Users/rtewelde/airflow_venv/lib/python3.11/site-packages/airflow/example_dags/example_display_name.py
[2024-09-24T01:14:27.643+0100] {processor.py:914} INFO - Processing file /Users/rtewelde/airflow_venv/lib/python3.11/site-packages/airflow/example_dags/example_display_name.py for tasks to queue
[2024-09-24T01:14:27.644+0100] {logging_mixin.py:190} INFO - [2024-09-24T01:14:27.644+0100] {dagbag.py:588} INFO - Filling up the DagBag from /Users/rtewelde/airflow_venv/lib/python3.11/site-packages/airflow/example_dags/example_display_name.py
[2024-09-24T01:14:27.676+0100] {processor.py:925} INFO - DAG(s) 'example_display_name' retrieved from /Users/rtewelde/airflow_venv/lib/python3.11/site-packages/airflow/example_dags/example_display_name.py
[2024-09-24T01:14:27.820+0100] {logging_mixin.py:190} INFO - [2024-09-24T01:14:27.820+0100] {dag.py:3239} INFO - Sync 1 DAGs
[2024-09-24T01:14:27.831+0100] {logging_mixin.py:190} INFO - [2024-09-24T01:14:27.831+0100] {dag.py:4180} INFO - Setting next_dagrun for example_display_name to None, run_after=None
[2024-09-24T01:14:27.846+0100] {processor.py:208} INFO - Processing /Users/rtewelde/airflow_venv/lib/python3.11/site-packages/airflow/example_dags/example_display_name.py took 0.206 seconds
[2024-09-24T01:18:56.083+0100] {processor.py:186} INFO - Started process (PID=95984) to work on /Users/rtewelde/airflow_venv/lib/python3.11/site-packages/airflow/example_dags/example_display_name.py
[2024-09-24T01:18:56.084+0100] {processor.py:914} INFO - Processing file /Users/rtewelde/airflow_venv/lib/python3.11/site-packages/airflow/example_dags/example_display_name.py for tasks to queue
[2024-09-24T01:18:56.085+0100] {logging_mixin.py:190} INFO - [2024-09-24T01:18:56.085+0100] {dagbag.py:588} INFO - Filling up the DagBag from /Users/rtewelde/airflow_venv/lib/python3.11/site-packages/airflow/example_dags/example_display_name.py
[2024-09-24T01:18:56.123+0100] {processor.py:925} INFO - DAG(s) 'example_display_name' retrieved from /Users/rtewelde/airflow_venv/lib/python3.11/site-packages/airflow/example_dags/example_display_name.py
[2024-09-24T01:18:56.281+0100] {logging_mixin.py:190} INFO - [2024-09-24T01:18:56.280+0100] {dag.py:3239} INFO - Sync 1 DAGs
[2024-09-24T01:18:56.291+0100] {logging_mixin.py:190} INFO - [2024-09-24T01:18:56.291+0100] {dag.py:4180} INFO - Setting next_dagrun for example_display_name to None, run_after=None
[2024-09-24T01:18:56.306+0100] {processor.py:208} INFO - Processing /Users/rtewelde/airflow_venv/lib/python3.11/site-packages/airflow/example_dags/example_display_name.py took 0.225 seconds
[2024-09-24T01:23:22.631+0100] {processor.py:186} INFO - Started process (PID=97218) to work on /Users/rtewelde/airflow_venv/lib/python3.11/site-packages/airflow/example_dags/example_display_name.py
[2024-09-24T01:23:22.632+0100] {processor.py:914} INFO - Processing file /Users/rtewelde/airflow_venv/lib/python3.11/site-packages/airflow/example_dags/example_display_name.py for tasks to queue
[2024-09-24T01:23:22.633+0100] {logging_mixin.py:190} INFO - [2024-09-24T01:23:22.632+0100] {dagbag.py:588} INFO - Filling up the DagBag from /Users/rtewelde/airflow_venv/lib/python3.11/site-packages/airflow/example_dags/example_display_name.py
[2024-09-24T01:23:22.663+0100] {processor.py:925} INFO - DAG(s) 'example_display_name' retrieved from /Users/rtewelde/airflow_venv/lib/python3.11/site-packages/airflow/example_dags/example_display_name.py
[2024-09-24T01:23:22.813+0100] {logging_mixin.py:190} INFO - [2024-09-24T01:23:22.813+0100] {dag.py:3239} INFO - Sync 1 DAGs
[2024-09-24T01:23:22.824+0100] {logging_mixin.py:190} INFO - [2024-09-24T01:23:22.824+0100] {dag.py:4180} INFO - Setting next_dagrun for example_display_name to None, run_after=None
[2024-09-24T01:23:22.840+0100] {processor.py:208} INFO - Processing /Users/rtewelde/airflow_venv/lib/python3.11/site-packages/airflow/example_dags/example_display_name.py took 0.211 seconds
[2024-09-24T01:27:44.409+0100] {processor.py:186} INFO - Started process (PID=98422) to work on /Users/rtewelde/airflow_venv/lib/python3.11/site-packages/airflow/example_dags/example_display_name.py
[2024-09-24T01:27:44.410+0100] {processor.py:914} INFO - Processing file /Users/rtewelde/airflow_venv/lib/python3.11/site-packages/airflow/example_dags/example_display_name.py for tasks to queue
[2024-09-24T01:27:44.411+0100] {logging_mixin.py:190} INFO - [2024-09-24T01:27:44.410+0100] {dagbag.py:588} INFO - Filling up the DagBag from /Users/rtewelde/airflow_venv/lib/python3.11/site-packages/airflow/example_dags/example_display_name.py
[2024-09-24T01:27:44.441+0100] {processor.py:925} INFO - DAG(s) 'example_display_name' retrieved from /Users/rtewelde/airflow_venv/lib/python3.11/site-packages/airflow/example_dags/example_display_name.py
[2024-09-24T01:27:44.587+0100] {logging_mixin.py:190} INFO - [2024-09-24T01:27:44.587+0100] {dag.py:3239} INFO - Sync 1 DAGs
[2024-09-24T01:27:44.599+0100] {logging_mixin.py:190} INFO - [2024-09-24T01:27:44.598+0100] {dag.py:4180} INFO - Setting next_dagrun for example_display_name to None, run_after=None
[2024-09-24T01:27:44.616+0100] {processor.py:208} INFO - Processing /Users/rtewelde/airflow_venv/lib/python3.11/site-packages/airflow/example_dags/example_display_name.py took 0.210 seconds
[2024-09-24T01:32:07.300+0100] {processor.py:186} INFO - Started process (PID=99628) to work on /Users/rtewelde/airflow_venv/lib/python3.11/site-packages/airflow/example_dags/example_display_name.py
[2024-09-24T01:32:07.301+0100] {processor.py:914} INFO - Processing file /Users/rtewelde/airflow_venv/lib/python3.11/site-packages/airflow/example_dags/example_display_name.py for tasks to queue
[2024-09-24T01:32:07.302+0100] {logging_mixin.py:190} INFO - [2024-09-24T01:32:07.302+0100] {dagbag.py:588} INFO - Filling up the DagBag from /Users/rtewelde/airflow_venv/lib/python3.11/site-packages/airflow/example_dags/example_display_name.py
[2024-09-24T01:32:07.334+0100] {processor.py:925} INFO - DAG(s) 'example_display_name' retrieved from /Users/rtewelde/airflow_venv/lib/python3.11/site-packages/airflow/example_dags/example_display_name.py
[2024-09-24T01:32:07.476+0100] {logging_mixin.py:190} INFO - [2024-09-24T01:32:07.475+0100] {dag.py:3239} INFO - Sync 1 DAGs
[2024-09-24T01:32:07.486+0100] {logging_mixin.py:190} INFO - [2024-09-24T01:32:07.486+0100] {dag.py:4180} INFO - Setting next_dagrun for example_display_name to None, run_after=None
[2024-09-24T01:32:07.503+0100] {processor.py:208} INFO - Processing /Users/rtewelde/airflow_venv/lib/python3.11/site-packages/airflow/example_dags/example_display_name.py took 0.205 seconds
[2024-09-24T01:36:35.188+0100] {processor.py:186} INFO - Started process (PID=1285) to work on /Users/rtewelde/airflow_venv/lib/python3.11/site-packages/airflow/example_dags/example_display_name.py
[2024-09-24T01:36:35.188+0100] {processor.py:914} INFO - Processing file /Users/rtewelde/airflow_venv/lib/python3.11/site-packages/airflow/example_dags/example_display_name.py for tasks to queue
[2024-09-24T01:36:35.189+0100] {logging_mixin.py:190} INFO - [2024-09-24T01:36:35.189+0100] {dagbag.py:588} INFO - Filling up the DagBag from /Users/rtewelde/airflow_venv/lib/python3.11/site-packages/airflow/example_dags/example_display_name.py
[2024-09-24T01:36:35.222+0100] {processor.py:925} INFO - DAG(s) 'example_display_name' retrieved from /Users/rtewelde/airflow_venv/lib/python3.11/site-packages/airflow/example_dags/example_display_name.py
[2024-09-24T01:36:35.367+0100] {logging_mixin.py:190} INFO - [2024-09-24T01:36:35.367+0100] {dag.py:3239} INFO - Sync 1 DAGs
[2024-09-24T01:36:35.378+0100] {logging_mixin.py:190} INFO - [2024-09-24T01:36:35.378+0100] {dag.py:4180} INFO - Setting next_dagrun for example_display_name to None, run_after=None
[2024-09-24T01:36:35.394+0100] {processor.py:208} INFO - Processing /Users/rtewelde/airflow_venv/lib/python3.11/site-packages/airflow/example_dags/example_display_name.py took 0.209 seconds
[2024-09-24T01:41:05.194+0100] {processor.py:186} INFO - Started process (PID=2532) to work on /Users/rtewelde/airflow_venv/lib/python3.11/site-packages/airflow/example_dags/example_display_name.py
[2024-09-24T01:41:05.195+0100] {processor.py:914} INFO - Processing file /Users/rtewelde/airflow_venv/lib/python3.11/site-packages/airflow/example_dags/example_display_name.py for tasks to queue
[2024-09-24T01:41:05.196+0100] {logging_mixin.py:190} INFO - [2024-09-24T01:41:05.196+0100] {dagbag.py:588} INFO - Filling up the DagBag from /Users/rtewelde/airflow_venv/lib/python3.11/site-packages/airflow/example_dags/example_display_name.py
[2024-09-24T01:41:05.226+0100] {processor.py:925} INFO - DAG(s) 'example_display_name' retrieved from /Users/rtewelde/airflow_venv/lib/python3.11/site-packages/airflow/example_dags/example_display_name.py
[2024-09-24T01:41:05.372+0100] {logging_mixin.py:190} INFO - [2024-09-24T01:41:05.372+0100] {dag.py:3239} INFO - Sync 1 DAGs
[2024-09-24T01:41:05.384+0100] {logging_mixin.py:190} INFO - [2024-09-24T01:41:05.383+0100] {dag.py:4180} INFO - Setting next_dagrun for example_display_name to None, run_after=None
[2024-09-24T01:41:05.400+0100] {processor.py:208} INFO - Processing /Users/rtewelde/airflow_venv/lib/python3.11/site-packages/airflow/example_dags/example_display_name.py took 0.208 seconds
[2024-09-24T01:45:35.106+0100] {processor.py:186} INFO - Started process (PID=3771) to work on /Users/rtewelde/airflow_venv/lib/python3.11/site-packages/airflow/example_dags/example_display_name.py
[2024-09-24T01:45:35.107+0100] {processor.py:914} INFO - Processing file /Users/rtewelde/airflow_venv/lib/python3.11/site-packages/airflow/example_dags/example_display_name.py for tasks to queue
[2024-09-24T01:45:35.108+0100] {logging_mixin.py:190} INFO - [2024-09-24T01:45:35.108+0100] {dagbag.py:588} INFO - Filling up the DagBag from /Users/rtewelde/airflow_venv/lib/python3.11/site-packages/airflow/example_dags/example_display_name.py
[2024-09-24T01:45:35.140+0100] {processor.py:925} INFO - DAG(s) 'example_display_name' retrieved from /Users/rtewelde/airflow_venv/lib/python3.11/site-packages/airflow/example_dags/example_display_name.py
[2024-09-24T01:45:35.281+0100] {logging_mixin.py:190} INFO - [2024-09-24T01:45:35.281+0100] {dag.py:3239} INFO - Sync 1 DAGs
[2024-09-24T01:45:35.291+0100] {logging_mixin.py:190} INFO - [2024-09-24T01:45:35.291+0100] {dag.py:4180} INFO - Setting next_dagrun for example_display_name to None, run_after=None
[2024-09-24T01:45:35.308+0100] {processor.py:208} INFO - Processing /Users/rtewelde/airflow_venv/lib/python3.11/site-packages/airflow/example_dags/example_display_name.py took 0.204 seconds
[2024-09-24T01:50:04.910+0100] {processor.py:186} INFO - Started process (PID=5019) to work on /Users/rtewelde/airflow_venv/lib/python3.11/site-packages/airflow/example_dags/example_display_name.py
[2024-09-24T01:50:04.911+0100] {processor.py:914} INFO - Processing file /Users/rtewelde/airflow_venv/lib/python3.11/site-packages/airflow/example_dags/example_display_name.py for tasks to queue
[2024-09-24T01:50:04.912+0100] {logging_mixin.py:190} INFO - [2024-09-24T01:50:04.911+0100] {dagbag.py:588} INFO - Filling up the DagBag from /Users/rtewelde/airflow_venv/lib/python3.11/site-packages/airflow/example_dags/example_display_name.py
[2024-09-24T01:50:04.943+0100] {processor.py:925} INFO - DAG(s) 'example_display_name' retrieved from /Users/rtewelde/airflow_venv/lib/python3.11/site-packages/airflow/example_dags/example_display_name.py
[2024-09-24T01:50:05.084+0100] {logging_mixin.py:190} INFO - [2024-09-24T01:50:05.083+0100] {dag.py:3239} INFO - Sync 1 DAGs
[2024-09-24T01:50:05.094+0100] {logging_mixin.py:190} INFO - [2024-09-24T01:50:05.094+0100] {dag.py:4180} INFO - Setting next_dagrun for example_display_name to None, run_after=None
[2024-09-24T01:50:05.109+0100] {processor.py:208} INFO - Processing /Users/rtewelde/airflow_venv/lib/python3.11/site-packages/airflow/example_dags/example_display_name.py took 0.202 seconds
[2024-09-24T01:54:34.960+0100] {processor.py:186} INFO - Started process (PID=6269) to work on /Users/rtewelde/airflow_venv/lib/python3.11/site-packages/airflow/example_dags/example_display_name.py
[2024-09-24T01:54:34.961+0100] {processor.py:914} INFO - Processing file /Users/rtewelde/airflow_venv/lib/python3.11/site-packages/airflow/example_dags/example_display_name.py for tasks to queue
[2024-09-24T01:54:34.962+0100] {logging_mixin.py:190} INFO - [2024-09-24T01:54:34.962+0100] {dagbag.py:588} INFO - Filling up the DagBag from /Users/rtewelde/airflow_venv/lib/python3.11/site-packages/airflow/example_dags/example_display_name.py
[2024-09-24T01:54:34.992+0100] {processor.py:925} INFO - DAG(s) 'example_display_name' retrieved from /Users/rtewelde/airflow_venv/lib/python3.11/site-packages/airflow/example_dags/example_display_name.py
[2024-09-24T01:54:35.139+0100] {logging_mixin.py:190} INFO - [2024-09-24T01:54:35.139+0100] {dag.py:3239} INFO - Sync 1 DAGs
[2024-09-24T01:54:35.149+0100] {logging_mixin.py:190} INFO - [2024-09-24T01:54:35.149+0100] {dag.py:4180} INFO - Setting next_dagrun for example_display_name to None, run_after=None
[2024-09-24T01:54:35.165+0100] {processor.py:208} INFO - Processing /Users/rtewelde/airflow_venv/lib/python3.11/site-packages/airflow/example_dags/example_display_name.py took 0.207 seconds
[2024-09-24T01:59:04.793+0100] {processor.py:186} INFO - Started process (PID=7509) to work on /Users/rtewelde/airflow_venv/lib/python3.11/site-packages/airflow/example_dags/example_display_name.py
[2024-09-24T01:59:04.794+0100] {processor.py:914} INFO - Processing file /Users/rtewelde/airflow_venv/lib/python3.11/site-packages/airflow/example_dags/example_display_name.py for tasks to queue
[2024-09-24T01:59:04.795+0100] {logging_mixin.py:190} INFO - [2024-09-24T01:59:04.794+0100] {dagbag.py:588} INFO - Filling up the DagBag from /Users/rtewelde/airflow_venv/lib/python3.11/site-packages/airflow/example_dags/example_display_name.py
[2024-09-24T01:59:04.824+0100] {processor.py:925} INFO - DAG(s) 'example_display_name' retrieved from /Users/rtewelde/airflow_venv/lib/python3.11/site-packages/airflow/example_dags/example_display_name.py
[2024-09-24T01:59:04.970+0100] {logging_mixin.py:190} INFO - [2024-09-24T01:59:04.969+0100] {dag.py:3239} INFO - Sync 1 DAGs
[2024-09-24T01:59:04.981+0100] {logging_mixin.py:190} INFO - [2024-09-24T01:59:04.981+0100] {dag.py:4180} INFO - Setting next_dagrun for example_display_name to None, run_after=None
[2024-09-24T01:59:04.998+0100] {processor.py:208} INFO - Processing /Users/rtewelde/airflow_venv/lib/python3.11/site-packages/airflow/example_dags/example_display_name.py took 0.207 seconds
[2024-09-24T02:03:31.001+0100] {processor.py:186} INFO - Started process (PID=8789) to work on /Users/rtewelde/airflow_venv/lib/python3.11/site-packages/airflow/example_dags/example_display_name.py
[2024-09-24T02:03:31.002+0100] {processor.py:914} INFO - Processing file /Users/rtewelde/airflow_venv/lib/python3.11/site-packages/airflow/example_dags/example_display_name.py for tasks to queue
[2024-09-24T02:03:31.004+0100] {logging_mixin.py:190} INFO - [2024-09-24T02:03:31.003+0100] {dagbag.py:588} INFO - Filling up the DagBag from /Users/rtewelde/airflow_venv/lib/python3.11/site-packages/airflow/example_dags/example_display_name.py
[2024-09-24T02:03:31.036+0100] {processor.py:925} INFO - DAG(s) 'example_display_name' retrieved from /Users/rtewelde/airflow_venv/lib/python3.11/site-packages/airflow/example_dags/example_display_name.py
[2024-09-24T02:03:31.180+0100] {logging_mixin.py:190} INFO - [2024-09-24T02:03:31.179+0100] {dag.py:3239} INFO - Sync 1 DAGs
[2024-09-24T02:03:31.190+0100] {logging_mixin.py:190} INFO - [2024-09-24T02:03:31.190+0100] {dag.py:4180} INFO - Setting next_dagrun for example_display_name to None, run_after=None
[2024-09-24T02:03:31.210+0100] {processor.py:208} INFO - Processing /Users/rtewelde/airflow_venv/lib/python3.11/site-packages/airflow/example_dags/example_display_name.py took 0.212 seconds
[2024-09-24T02:08:04.514+0100] {processor.py:186} INFO - Started process (PID=10101) to work on /Users/rtewelde/airflow_venv/lib/python3.11/site-packages/airflow/example_dags/example_display_name.py
[2024-09-24T02:08:04.516+0100] {processor.py:914} INFO - Processing file /Users/rtewelde/airflow_venv/lib/python3.11/site-packages/airflow/example_dags/example_display_name.py for tasks to queue
[2024-09-24T02:08:04.517+0100] {logging_mixin.py:190} INFO - [2024-09-24T02:08:04.517+0100] {dagbag.py:588} INFO - Filling up the DagBag from /Users/rtewelde/airflow_venv/lib/python3.11/site-packages/airflow/example_dags/example_display_name.py
[2024-09-24T02:08:04.548+0100] {processor.py:925} INFO - DAG(s) 'example_display_name' retrieved from /Users/rtewelde/airflow_venv/lib/python3.11/site-packages/airflow/example_dags/example_display_name.py
[2024-09-24T02:08:04.701+0100] {logging_mixin.py:190} INFO - [2024-09-24T02:08:04.701+0100] {dag.py:3239} INFO - Sync 1 DAGs
[2024-09-24T02:08:04.714+0100] {logging_mixin.py:190} INFO - [2024-09-24T02:08:04.714+0100] {dag.py:4180} INFO - Setting next_dagrun for example_display_name to None, run_after=None
[2024-09-24T02:08:04.730+0100] {processor.py:208} INFO - Processing /Users/rtewelde/airflow_venv/lib/python3.11/site-packages/airflow/example_dags/example_display_name.py took 0.219 seconds
[2024-09-24T02:12:38.893+0100] {processor.py:186} INFO - Started process (PID=11380) to work on /Users/rtewelde/airflow_venv/lib/python3.11/site-packages/airflow/example_dags/example_display_name.py
[2024-09-24T02:12:38.893+0100] {processor.py:914} INFO - Processing file /Users/rtewelde/airflow_venv/lib/python3.11/site-packages/airflow/example_dags/example_display_name.py for tasks to queue
[2024-09-24T02:12:38.894+0100] {logging_mixin.py:190} INFO - [2024-09-24T02:12:38.894+0100] {dagbag.py:588} INFO - Filling up the DagBag from /Users/rtewelde/airflow_venv/lib/python3.11/site-packages/airflow/example_dags/example_display_name.py
[2024-09-24T02:12:38.924+0100] {processor.py:925} INFO - DAG(s) 'example_display_name' retrieved from /Users/rtewelde/airflow_venv/lib/python3.11/site-packages/airflow/example_dags/example_display_name.py
[2024-09-24T02:12:39.075+0100] {logging_mixin.py:190} INFO - [2024-09-24T02:12:39.075+0100] {dag.py:3239} INFO - Sync 1 DAGs
[2024-09-24T02:12:39.086+0100] {logging_mixin.py:190} INFO - [2024-09-24T02:12:39.086+0100] {dag.py:4180} INFO - Setting next_dagrun for example_display_name to None, run_after=None
[2024-09-24T02:12:39.104+0100] {processor.py:208} INFO - Processing /Users/rtewelde/airflow_venv/lib/python3.11/site-packages/airflow/example_dags/example_display_name.py took 0.214 seconds
[2024-09-24T02:17:10.147+0100] {processor.py:186} INFO - Started process (PID=12644) to work on /Users/rtewelde/airflow_venv/lib/python3.11/site-packages/airflow/example_dags/example_display_name.py
[2024-09-24T02:17:10.148+0100] {processor.py:914} INFO - Processing file /Users/rtewelde/airflow_venv/lib/python3.11/site-packages/airflow/example_dags/example_display_name.py for tasks to queue
[2024-09-24T02:17:10.149+0100] {logging_mixin.py:190} INFO - [2024-09-24T02:17:10.149+0100] {dagbag.py:588} INFO - Filling up the DagBag from /Users/rtewelde/airflow_venv/lib/python3.11/site-packages/airflow/example_dags/example_display_name.py
[2024-09-24T02:17:10.179+0100] {processor.py:925} INFO - DAG(s) 'example_display_name' retrieved from /Users/rtewelde/airflow_venv/lib/python3.11/site-packages/airflow/example_dags/example_display_name.py
[2024-09-24T02:17:10.323+0100] {logging_mixin.py:190} INFO - [2024-09-24T02:17:10.323+0100] {dag.py:3239} INFO - Sync 1 DAGs
[2024-09-24T02:17:10.334+0100] {logging_mixin.py:190} INFO - [2024-09-24T02:17:10.334+0100] {dag.py:4180} INFO - Setting next_dagrun for example_display_name to None, run_after=None
[2024-09-24T02:17:10.349+0100] {processor.py:208} INFO - Processing /Users/rtewelde/airflow_venv/lib/python3.11/site-packages/airflow/example_dags/example_display_name.py took 0.205 seconds
[2024-09-24T02:21:39.364+0100] {processor.py:186} INFO - Started process (PID=13882) to work on /Users/rtewelde/airflow_venv/lib/python3.11/site-packages/airflow/example_dags/example_display_name.py
[2024-09-24T02:21:39.365+0100] {processor.py:914} INFO - Processing file /Users/rtewelde/airflow_venv/lib/python3.11/site-packages/airflow/example_dags/example_display_name.py for tasks to queue
[2024-09-24T02:21:39.365+0100] {logging_mixin.py:190} INFO - [2024-09-24T02:21:39.365+0100] {dagbag.py:588} INFO - Filling up the DagBag from /Users/rtewelde/airflow_venv/lib/python3.11/site-packages/airflow/example_dags/example_display_name.py
[2024-09-24T02:21:39.395+0100] {processor.py:925} INFO - DAG(s) 'example_display_name' retrieved from /Users/rtewelde/airflow_venv/lib/python3.11/site-packages/airflow/example_dags/example_display_name.py
[2024-09-24T02:21:39.547+0100] {logging_mixin.py:190} INFO - [2024-09-24T02:21:39.546+0100] {dag.py:3239} INFO - Sync 1 DAGs
[2024-09-24T02:21:39.557+0100] {logging_mixin.py:190} INFO - [2024-09-24T02:21:39.557+0100] {dag.py:4180} INFO - Setting next_dagrun for example_display_name to None, run_after=None
[2024-09-24T02:21:39.573+0100] {processor.py:208} INFO - Processing /Users/rtewelde/airflow_venv/lib/python3.11/site-packages/airflow/example_dags/example_display_name.py took 0.211 seconds
[2024-09-24T02:26:08.363+0100] {processor.py:186} INFO - Started process (PID=15115) to work on /Users/rtewelde/airflow_venv/lib/python3.11/site-packages/airflow/example_dags/example_display_name.py
[2024-09-24T02:26:08.364+0100] {processor.py:914} INFO - Processing file /Users/rtewelde/airflow_venv/lib/python3.11/site-packages/airflow/example_dags/example_display_name.py for tasks to queue
[2024-09-24T02:26:08.365+0100] {logging_mixin.py:190} INFO - [2024-09-24T02:26:08.365+0100] {dagbag.py:588} INFO - Filling up the DagBag from /Users/rtewelde/airflow_venv/lib/python3.11/site-packages/airflow/example_dags/example_display_name.py
[2024-09-24T02:26:08.397+0100] {processor.py:925} INFO - DAG(s) 'example_display_name' retrieved from /Users/rtewelde/airflow_venv/lib/python3.11/site-packages/airflow/example_dags/example_display_name.py
[2024-09-24T02:26:08.542+0100] {logging_mixin.py:190} INFO - [2024-09-24T02:26:08.541+0100] {dag.py:3239} INFO - Sync 1 DAGs
[2024-09-24T02:26:08.552+0100] {logging_mixin.py:190} INFO - [2024-09-24T02:26:08.552+0100] {dag.py:4180} INFO - Setting next_dagrun for example_display_name to None, run_after=None
[2024-09-24T02:26:08.569+0100] {processor.py:208} INFO - Processing /Users/rtewelde/airflow_venv/lib/python3.11/site-packages/airflow/example_dags/example_display_name.py took 0.208 seconds
[2024-09-24T02:30:37.967+0100] {processor.py:186} INFO - Started process (PID=16360) to work on /Users/rtewelde/airflow_venv/lib/python3.11/site-packages/airflow/example_dags/example_display_name.py
[2024-09-24T02:30:37.968+0100] {processor.py:914} INFO - Processing file /Users/rtewelde/airflow_venv/lib/python3.11/site-packages/airflow/example_dags/example_display_name.py for tasks to queue
[2024-09-24T02:30:37.969+0100] {logging_mixin.py:190} INFO - [2024-09-24T02:30:37.968+0100] {dagbag.py:588} INFO - Filling up the DagBag from /Users/rtewelde/airflow_venv/lib/python3.11/site-packages/airflow/example_dags/example_display_name.py
[2024-09-24T02:30:37.999+0100] {processor.py:925} INFO - DAG(s) 'example_display_name' retrieved from /Users/rtewelde/airflow_venv/lib/python3.11/site-packages/airflow/example_dags/example_display_name.py
[2024-09-24T02:30:38.144+0100] {logging_mixin.py:190} INFO - [2024-09-24T02:30:38.144+0100] {dag.py:3239} INFO - Sync 1 DAGs
[2024-09-24T02:30:38.155+0100] {logging_mixin.py:190} INFO - [2024-09-24T02:30:38.155+0100] {dag.py:4180} INFO - Setting next_dagrun for example_display_name to None, run_after=None
[2024-09-24T02:30:38.173+0100] {processor.py:208} INFO - Processing /Users/rtewelde/airflow_venv/lib/python3.11/site-packages/airflow/example_dags/example_display_name.py took 0.209 seconds
[2024-09-24T02:35:07.838+0100] {processor.py:186} INFO - Started process (PID=17601) to work on /Users/rtewelde/airflow_venv/lib/python3.11/site-packages/airflow/example_dags/example_display_name.py
[2024-09-24T02:35:07.839+0100] {processor.py:914} INFO - Processing file /Users/rtewelde/airflow_venv/lib/python3.11/site-packages/airflow/example_dags/example_display_name.py for tasks to queue
[2024-09-24T02:35:07.840+0100] {logging_mixin.py:190} INFO - [2024-09-24T02:35:07.839+0100] {dagbag.py:588} INFO - Filling up the DagBag from /Users/rtewelde/airflow_venv/lib/python3.11/site-packages/airflow/example_dags/example_display_name.py
[2024-09-24T02:35:07.873+0100] {processor.py:925} INFO - DAG(s) 'example_display_name' retrieved from /Users/rtewelde/airflow_venv/lib/python3.11/site-packages/airflow/example_dags/example_display_name.py
[2024-09-24T02:35:08.024+0100] {logging_mixin.py:190} INFO - [2024-09-24T02:35:08.024+0100] {dag.py:3239} INFO - Sync 1 DAGs
[2024-09-24T02:35:08.035+0100] {logging_mixin.py:190} INFO - [2024-09-24T02:35:08.034+0100] {dag.py:4180} INFO - Setting next_dagrun for example_display_name to None, run_after=None
[2024-09-24T02:35:08.051+0100] {processor.py:208} INFO - Processing /Users/rtewelde/airflow_venv/lib/python3.11/site-packages/airflow/example_dags/example_display_name.py took 0.215 seconds
[2024-09-24T07:41:50.285+0100] {processor.py:186} INFO - Started process (PID=19104) to work on /Users/rtewelde/airflow_venv/lib/python3.11/site-packages/airflow/example_dags/example_display_name.py
[2024-09-24T07:41:50.286+0100] {processor.py:914} INFO - Processing file /Users/rtewelde/airflow_venv/lib/python3.11/site-packages/airflow/example_dags/example_display_name.py for tasks to queue
[2024-09-24T07:41:50.288+0100] {logging_mixin.py:190} INFO - [2024-09-24T07:41:50.288+0100] {dagbag.py:588} INFO - Filling up the DagBag from /Users/rtewelde/airflow_venv/lib/python3.11/site-packages/airflow/example_dags/example_display_name.py
[2024-09-24T07:41:50.327+0100] {processor.py:925} INFO - DAG(s) 'example_display_name' retrieved from /Users/rtewelde/airflow_venv/lib/python3.11/site-packages/airflow/example_dags/example_display_name.py
[2024-09-24T07:41:50.494+0100] {logging_mixin.py:190} INFO - [2024-09-24T07:41:50.493+0100] {dag.py:3239} INFO - Sync 1 DAGs
[2024-09-24T07:41:50.505+0100] {logging_mixin.py:190} INFO - [2024-09-24T07:41:50.505+0100] {dag.py:4180} INFO - Setting next_dagrun for example_display_name to None, run_after=None
[2024-09-24T07:41:50.524+0100] {processor.py:208} INFO - Processing /Users/rtewelde/airflow_venv/lib/python3.11/site-packages/airflow/example_dags/example_display_name.py took 0.241 seconds
[2024-09-24T07:46:59.881+0100] {processor.py:186} INFO - Started process (PID=20514) to work on /Users/rtewelde/airflow_venv/lib/python3.11/site-packages/airflow/example_dags/example_display_name.py
[2024-09-24T07:46:59.886+0100] {processor.py:914} INFO - Processing file /Users/rtewelde/airflow_venv/lib/python3.11/site-packages/airflow/example_dags/example_display_name.py for tasks to queue
[2024-09-24T07:46:59.888+0100] {logging_mixin.py:190} INFO - [2024-09-24T07:46:59.887+0100] {dagbag.py:588} INFO - Filling up the DagBag from /Users/rtewelde/airflow_venv/lib/python3.11/site-packages/airflow/example_dags/example_display_name.py
[2024-09-24T07:46:59.923+0100] {processor.py:925} INFO - DAG(s) 'example_display_name' retrieved from /Users/rtewelde/airflow_venv/lib/python3.11/site-packages/airflow/example_dags/example_display_name.py
[2024-09-24T07:47:00.095+0100] {logging_mixin.py:190} INFO - [2024-09-24T07:47:00.095+0100] {dag.py:3239} INFO - Sync 1 DAGs
[2024-09-24T07:47:00.108+0100] {logging_mixin.py:190} INFO - [2024-09-24T07:47:00.108+0100] {dag.py:4180} INFO - Setting next_dagrun for example_display_name to None, run_after=None
[2024-09-24T07:47:00.125+0100] {processor.py:208} INFO - Processing /Users/rtewelde/airflow_venv/lib/python3.11/site-packages/airflow/example_dags/example_display_name.py took 0.247 seconds
[2024-09-24T07:52:06.734+0100] {processor.py:186} INFO - Started process (PID=21920) to work on /Users/rtewelde/airflow_venv/lib/python3.11/site-packages/airflow/example_dags/example_display_name.py
[2024-09-24T07:52:06.736+0100] {processor.py:914} INFO - Processing file /Users/rtewelde/airflow_venv/lib/python3.11/site-packages/airflow/example_dags/example_display_name.py for tasks to queue
[2024-09-24T07:52:06.737+0100] {logging_mixin.py:190} INFO - [2024-09-24T07:52:06.737+0100] {dagbag.py:588} INFO - Filling up the DagBag from /Users/rtewelde/airflow_venv/lib/python3.11/site-packages/airflow/example_dags/example_display_name.py
[2024-09-24T07:52:06.771+0100] {processor.py:925} INFO - DAG(s) 'example_display_name' retrieved from /Users/rtewelde/airflow_venv/lib/python3.11/site-packages/airflow/example_dags/example_display_name.py
[2024-09-24T07:52:06.940+0100] {logging_mixin.py:190} INFO - [2024-09-24T07:52:06.940+0100] {dag.py:3239} INFO - Sync 1 DAGs
[2024-09-24T07:52:06.953+0100] {logging_mixin.py:190} INFO - [2024-09-24T07:52:06.952+0100] {dag.py:4180} INFO - Setting next_dagrun for example_display_name to None, run_after=None
[2024-09-24T07:52:06.970+0100] {processor.py:208} INFO - Processing /Users/rtewelde/airflow_venv/lib/python3.11/site-packages/airflow/example_dags/example_display_name.py took 0.237 seconds
[2024-09-24T07:57:21.276+0100] {processor.py:186} INFO - Started process (PID=23350) to work on /Users/rtewelde/airflow_venv/lib/python3.11/site-packages/airflow/example_dags/example_display_name.py
[2024-09-24T07:57:21.277+0100] {processor.py:914} INFO - Processing file /Users/rtewelde/airflow_venv/lib/python3.11/site-packages/airflow/example_dags/example_display_name.py for tasks to queue
[2024-09-24T07:57:21.278+0100] {logging_mixin.py:190} INFO - [2024-09-24T07:57:21.278+0100] {dagbag.py:588} INFO - Filling up the DagBag from /Users/rtewelde/airflow_venv/lib/python3.11/site-packages/airflow/example_dags/example_display_name.py
[2024-09-24T07:57:21.310+0100] {processor.py:925} INFO - DAG(s) 'example_display_name' retrieved from /Users/rtewelde/airflow_venv/lib/python3.11/site-packages/airflow/example_dags/example_display_name.py
[2024-09-24T07:57:21.462+0100] {logging_mixin.py:190} INFO - [2024-09-24T07:57:21.461+0100] {dag.py:3239} INFO - Sync 1 DAGs
[2024-09-24T07:57:21.473+0100] {logging_mixin.py:190} INFO - [2024-09-24T07:57:21.472+0100] {dag.py:4180} INFO - Setting next_dagrun for example_display_name to None, run_after=None
[2024-09-24T07:57:21.489+0100] {processor.py:208} INFO - Processing /Users/rtewelde/airflow_venv/lib/python3.11/site-packages/airflow/example_dags/example_display_name.py took 0.215 seconds
[2024-09-24T08:02:17.349+0100] {processor.py:186} INFO - Started process (PID=24715) to work on /Users/rtewelde/airflow_venv/lib/python3.11/site-packages/airflow/example_dags/example_display_name.py
[2024-09-24T08:02:17.351+0100] {processor.py:914} INFO - Processing file /Users/rtewelde/airflow_venv/lib/python3.11/site-packages/airflow/example_dags/example_display_name.py for tasks to queue
[2024-09-24T08:02:17.353+0100] {logging_mixin.py:190} INFO - [2024-09-24T08:02:17.352+0100] {dagbag.py:588} INFO - Filling up the DagBag from /Users/rtewelde/airflow_venv/lib/python3.11/site-packages/airflow/example_dags/example_display_name.py
[2024-09-24T08:02:17.404+0100] {processor.py:925} INFO - DAG(s) 'example_display_name' retrieved from /Users/rtewelde/airflow_venv/lib/python3.11/site-packages/airflow/example_dags/example_display_name.py
[2024-09-24T08:02:17.653+0100] {logging_mixin.py:190} INFO - [2024-09-24T08:02:17.652+0100] {dag.py:3239} INFO - Sync 1 DAGs
[2024-09-24T08:02:17.674+0100] {logging_mixin.py:190} INFO - [2024-09-24T08:02:17.673+0100] {dag.py:4180} INFO - Setting next_dagrun for example_display_name to None, run_after=None
[2024-09-24T08:02:17.700+0100] {processor.py:208} INFO - Processing /Users/rtewelde/airflow_venv/lib/python3.11/site-packages/airflow/example_dags/example_display_name.py took 0.354 seconds
[2024-09-24T08:07:39.229+0100] {processor.py:186} INFO - Started process (PID=26212) to work on /Users/rtewelde/airflow_venv/lib/python3.11/site-packages/airflow/example_dags/example_display_name.py
[2024-09-24T08:07:39.231+0100] {processor.py:914} INFO - Processing file /Users/rtewelde/airflow_venv/lib/python3.11/site-packages/airflow/example_dags/example_display_name.py for tasks to queue
[2024-09-24T08:07:39.232+0100] {logging_mixin.py:190} INFO - [2024-09-24T08:07:39.231+0100] {dagbag.py:588} INFO - Filling up the DagBag from /Users/rtewelde/airflow_venv/lib/python3.11/site-packages/airflow/example_dags/example_display_name.py
[2024-09-24T08:07:39.262+0100] {processor.py:925} INFO - DAG(s) 'example_display_name' retrieved from /Users/rtewelde/airflow_venv/lib/python3.11/site-packages/airflow/example_dags/example_display_name.py
[2024-09-24T08:07:39.401+0100] {logging_mixin.py:190} INFO - [2024-09-24T08:07:39.400+0100] {dag.py:3239} INFO - Sync 1 DAGs
[2024-09-24T08:07:39.412+0100] {logging_mixin.py:190} INFO - [2024-09-24T08:07:39.411+0100] {dag.py:4180} INFO - Setting next_dagrun for example_display_name to None, run_after=None
[2024-09-24T08:07:39.427+0100] {processor.py:208} INFO - Processing /Users/rtewelde/airflow_venv/lib/python3.11/site-packages/airflow/example_dags/example_display_name.py took 0.201 seconds
[2024-09-24T08:43:55.150+0100] {processor.py:186} INFO - Started process (PID=27680) to work on /Users/rtewelde/airflow_venv/lib/python3.11/site-packages/airflow/example_dags/example_display_name.py
[2024-09-24T08:43:55.155+0100] {processor.py:914} INFO - Processing file /Users/rtewelde/airflow_venv/lib/python3.11/site-packages/airflow/example_dags/example_display_name.py for tasks to queue
[2024-09-24T08:43:55.159+0100] {logging_mixin.py:190} INFO - [2024-09-24T08:43:55.158+0100] {dagbag.py:588} INFO - Filling up the DagBag from /Users/rtewelde/airflow_venv/lib/python3.11/site-packages/airflow/example_dags/example_display_name.py
[2024-09-24T08:43:55.295+0100] {processor.py:925} INFO - DAG(s) 'example_display_name' retrieved from /Users/rtewelde/airflow_venv/lib/python3.11/site-packages/airflow/example_dags/example_display_name.py
[2024-09-24T08:43:55.822+0100] {logging_mixin.py:190} INFO - [2024-09-24T08:43:55.821+0100] {dag.py:3239} INFO - Sync 1 DAGs
[2024-09-24T08:43:55.859+0100] {logging_mixin.py:190} INFO - [2024-09-24T08:43:55.858+0100] {dag.py:4180} INFO - Setting next_dagrun for example_display_name to None, run_after=None
[2024-09-24T08:43:55.916+0100] {processor.py:208} INFO - Processing /Users/rtewelde/airflow_venv/lib/python3.11/site-packages/airflow/example_dags/example_display_name.py took 0.775 seconds
[2024-09-24T08:51:41.985+0100] {processor.py:186} INFO - Started process (PID=29702) to work on /Users/rtewelde/airflow_venv/lib/python3.11/site-packages/airflow/example_dags/example_display_name.py
[2024-09-24T08:51:41.988+0100] {processor.py:914} INFO - Processing file /Users/rtewelde/airflow_venv/lib/python3.11/site-packages/airflow/example_dags/example_display_name.py for tasks to queue
[2024-09-24T08:51:41.991+0100] {logging_mixin.py:190} INFO - [2024-09-24T08:51:41.991+0100] {dagbag.py:588} INFO - Filling up the DagBag from /Users/rtewelde/airflow_venv/lib/python3.11/site-packages/airflow/example_dags/example_display_name.py
[2024-09-24T08:51:42.102+0100] {processor.py:925} INFO - DAG(s) 'example_display_name' retrieved from /Users/rtewelde/airflow_venv/lib/python3.11/site-packages/airflow/example_dags/example_display_name.py
[2024-09-24T08:51:42.591+0100] {logging_mixin.py:190} INFO - [2024-09-24T08:51:42.590+0100] {dag.py:3239} INFO - Sync 1 DAGs
[2024-09-24T08:51:42.626+0100] {logging_mixin.py:190} INFO - [2024-09-24T08:51:42.625+0100] {dag.py:4180} INFO - Setting next_dagrun for example_display_name to None, run_after=None
[2024-09-24T08:51:42.684+0100] {processor.py:208} INFO - Processing /Users/rtewelde/airflow_venv/lib/python3.11/site-packages/airflow/example_dags/example_display_name.py took 0.709 seconds
[2024-09-24T08:59:26.198+0100] {processor.py:186} INFO - Started process (PID=31691) to work on /Users/rtewelde/airflow_venv/lib/python3.11/site-packages/airflow/example_dags/example_display_name.py
[2024-09-24T08:59:26.201+0100] {processor.py:914} INFO - Processing file /Users/rtewelde/airflow_venv/lib/python3.11/site-packages/airflow/example_dags/example_display_name.py for tasks to queue
[2024-09-24T08:59:26.204+0100] {logging_mixin.py:190} INFO - [2024-09-24T08:59:26.203+0100] {dagbag.py:588} INFO - Filling up the DagBag from /Users/rtewelde/airflow_venv/lib/python3.11/site-packages/airflow/example_dags/example_display_name.py
[2024-09-24T08:59:26.314+0100] {processor.py:925} INFO - DAG(s) 'example_display_name' retrieved from /Users/rtewelde/airflow_venv/lib/python3.11/site-packages/airflow/example_dags/example_display_name.py
[2024-09-24T08:59:26.841+0100] {logging_mixin.py:190} INFO - [2024-09-24T08:59:26.840+0100] {dag.py:3239} INFO - Sync 1 DAGs
[2024-09-24T08:59:26.895+0100] {logging_mixin.py:190} INFO - [2024-09-24T08:59:26.894+0100] {dag.py:4180} INFO - Setting next_dagrun for example_display_name to None, run_after=None
[2024-09-24T08:59:26.969+0100] {processor.py:208} INFO - Processing /Users/rtewelde/airflow_venv/lib/python3.11/site-packages/airflow/example_dags/example_display_name.py took 0.779 seconds
[2024-09-24T09:05:57.466+0100] {processor.py:186} INFO - Started process (PID=33383) to work on /Users/rtewelde/airflow_venv/lib/python3.11/site-packages/airflow/example_dags/example_display_name.py
[2024-09-24T09:05:57.469+0100] {processor.py:914} INFO - Processing file /Users/rtewelde/airflow_venv/lib/python3.11/site-packages/airflow/example_dags/example_display_name.py for tasks to queue
[2024-09-24T09:05:57.473+0100] {logging_mixin.py:190} INFO - [2024-09-24T09:05:57.472+0100] {dagbag.py:588} INFO - Filling up the DagBag from /Users/rtewelde/airflow_venv/lib/python3.11/site-packages/airflow/example_dags/example_display_name.py
[2024-09-24T09:05:57.595+0100] {processor.py:925} INFO - DAG(s) 'example_display_name' retrieved from /Users/rtewelde/airflow_venv/lib/python3.11/site-packages/airflow/example_dags/example_display_name.py
[2024-09-24T09:05:58.085+0100] {logging_mixin.py:190} INFO - [2024-09-24T09:05:58.083+0100] {dag.py:3239} INFO - Sync 1 DAGs
[2024-09-24T09:05:58.123+0100] {logging_mixin.py:190} INFO - [2024-09-24T09:05:58.122+0100] {dag.py:4180} INFO - Setting next_dagrun for example_display_name to None, run_after=None
[2024-09-24T09:05:58.184+0100] {processor.py:208} INFO - Processing /Users/rtewelde/airflow_venv/lib/python3.11/site-packages/airflow/example_dags/example_display_name.py took 0.727 seconds
[2024-09-24T09:28:13.120+0100] {processor.py:186} INFO - Started process (PID=35039) to work on /Users/rtewelde/airflow_venv/lib/python3.11/site-packages/airflow/example_dags/example_display_name.py
[2024-09-24T09:28:13.123+0100] {processor.py:914} INFO - Processing file /Users/rtewelde/airflow_venv/lib/python3.11/site-packages/airflow/example_dags/example_display_name.py for tasks to queue
[2024-09-24T09:28:13.125+0100] {logging_mixin.py:190} INFO - [2024-09-24T09:28:13.125+0100] {dagbag.py:588} INFO - Filling up the DagBag from /Users/rtewelde/airflow_venv/lib/python3.11/site-packages/airflow/example_dags/example_display_name.py
[2024-09-24T09:28:13.233+0100] {processor.py:925} INFO - DAG(s) 'example_display_name' retrieved from /Users/rtewelde/airflow_venv/lib/python3.11/site-packages/airflow/example_dags/example_display_name.py
[2024-09-24T09:28:13.638+0100] {logging_mixin.py:190} INFO - [2024-09-24T09:28:13.637+0100] {dag.py:3239} INFO - Sync 1 DAGs
[2024-09-24T09:28:13.667+0100] {logging_mixin.py:190} INFO - [2024-09-24T09:28:13.667+0100] {dag.py:4180} INFO - Setting next_dagrun for example_display_name to None, run_after=None
[2024-09-24T09:28:13.713+0100] {processor.py:208} INFO - Processing /Users/rtewelde/airflow_venv/lib/python3.11/site-packages/airflow/example_dags/example_display_name.py took 0.599 seconds
[2024-09-24T10:35:18.347+0100] {processor.py:186} INFO - Started process (PID=36634) to work on /Users/rtewelde/airflow_venv/lib/python3.11/site-packages/airflow/example_dags/example_display_name.py
[2024-09-24T10:35:18.349+0100] {processor.py:914} INFO - Processing file /Users/rtewelde/airflow_venv/lib/python3.11/site-packages/airflow/example_dags/example_display_name.py for tasks to queue
[2024-09-24T10:35:18.352+0100] {logging_mixin.py:190} INFO - [2024-09-24T10:35:18.351+0100] {dagbag.py:588} INFO - Filling up the DagBag from /Users/rtewelde/airflow_venv/lib/python3.11/site-packages/airflow/example_dags/example_display_name.py
[2024-09-24T10:35:18.438+0100] {processor.py:925} INFO - DAG(s) 'example_display_name' retrieved from /Users/rtewelde/airflow_venv/lib/python3.11/site-packages/airflow/example_dags/example_display_name.py
[2024-09-24T10:35:18.819+0100] {logging_mixin.py:190} INFO - [2024-09-24T10:35:18.818+0100] {dag.py:3239} INFO - Sync 1 DAGs
[2024-09-24T10:35:18.850+0100] {logging_mixin.py:190} INFO - [2024-09-24T10:35:18.849+0100] {dag.py:4180} INFO - Setting next_dagrun for example_display_name to None, run_after=None
[2024-09-24T10:35:18.892+0100] {processor.py:208} INFO - Processing /Users/rtewelde/airflow_venv/lib/python3.11/site-packages/airflow/example_dags/example_display_name.py took 0.551 seconds
[2024-09-24T10:42:52.356+0100] {processor.py:186} INFO - Started process (PID=38574) to work on /Users/rtewelde/airflow_venv/lib/python3.11/site-packages/airflow/example_dags/example_display_name.py
[2024-09-24T10:42:52.359+0100] {processor.py:914} INFO - Processing file /Users/rtewelde/airflow_venv/lib/python3.11/site-packages/airflow/example_dags/example_display_name.py for tasks to queue
[2024-09-24T10:42:52.363+0100] {logging_mixin.py:190} INFO - [2024-09-24T10:42:52.362+0100] {dagbag.py:588} INFO - Filling up the DagBag from /Users/rtewelde/airflow_venv/lib/python3.11/site-packages/airflow/example_dags/example_display_name.py
[2024-09-24T10:42:52.499+0100] {processor.py:925} INFO - DAG(s) 'example_display_name' retrieved from /Users/rtewelde/airflow_venv/lib/python3.11/site-packages/airflow/example_dags/example_display_name.py
[2024-09-24T10:42:53.028+0100] {logging_mixin.py:190} INFO - [2024-09-24T10:42:53.027+0100] {dag.py:3239} INFO - Sync 1 DAGs
[2024-09-24T10:42:53.069+0100] {logging_mixin.py:190} INFO - [2024-09-24T10:42:53.068+0100] {dag.py:4180} INFO - Setting next_dagrun for example_display_name to None, run_after=None
[2024-09-24T10:42:53.133+0100] {processor.py:208} INFO - Processing /Users/rtewelde/airflow_venv/lib/python3.11/site-packages/airflow/example_dags/example_display_name.py took 0.786 seconds
[2024-09-24T11:06:08.712+0100] {processor.py:186} INFO - Started process (PID=40656) to work on /Users/rtewelde/airflow_venv/lib/python3.11/site-packages/airflow/example_dags/example_display_name.py
[2024-09-24T11:06:08.713+0100] {processor.py:914} INFO - Processing file /Users/rtewelde/airflow_venv/lib/python3.11/site-packages/airflow/example_dags/example_display_name.py for tasks to queue
[2024-09-24T11:06:08.714+0100] {logging_mixin.py:190} INFO - [2024-09-24T11:06:08.714+0100] {dagbag.py:588} INFO - Filling up the DagBag from /Users/rtewelde/airflow_venv/lib/python3.11/site-packages/airflow/example_dags/example_display_name.py
[2024-09-24T11:06:08.747+0100] {processor.py:925} INFO - DAG(s) 'example_display_name' retrieved from /Users/rtewelde/airflow_venv/lib/python3.11/site-packages/airflow/example_dags/example_display_name.py
[2024-09-24T11:06:08.911+0100] {logging_mixin.py:190} INFO - [2024-09-24T11:06:08.911+0100] {dag.py:3239} INFO - Sync 1 DAGs
[2024-09-24T11:06:08.923+0100] {logging_mixin.py:190} INFO - [2024-09-24T11:06:08.923+0100] {dag.py:4180} INFO - Setting next_dagrun for example_display_name to None, run_after=None
[2024-09-24T11:06:08.942+0100] {processor.py:208} INFO - Processing /Users/rtewelde/airflow_venv/lib/python3.11/site-packages/airflow/example_dags/example_display_name.py took 0.232 seconds
[2024-09-24T11:14:24.104+0100] {processor.py:186} INFO - Started process (PID=42808) to work on /Users/rtewelde/airflow_venv/lib/python3.11/site-packages/airflow/example_dags/example_display_name.py
[2024-09-24T11:14:24.109+0100] {processor.py:914} INFO - Processing file /Users/rtewelde/airflow_venv/lib/python3.11/site-packages/airflow/example_dags/example_display_name.py for tasks to queue
[2024-09-24T11:14:24.113+0100] {logging_mixin.py:190} INFO - [2024-09-24T11:14:24.112+0100] {dagbag.py:588} INFO - Filling up the DagBag from /Users/rtewelde/airflow_venv/lib/python3.11/site-packages/airflow/example_dags/example_display_name.py
[2024-09-24T11:14:24.265+0100] {processor.py:925} INFO - DAG(s) 'example_display_name' retrieved from /Users/rtewelde/airflow_venv/lib/python3.11/site-packages/airflow/example_dags/example_display_name.py
[2024-09-24T11:14:24.971+0100] {logging_mixin.py:190} INFO - [2024-09-24T11:14:24.969+0100] {dag.py:3239} INFO - Sync 1 DAGs
[2024-09-24T11:14:25.014+0100] {logging_mixin.py:190} INFO - [2024-09-24T11:14:25.013+0100] {dag.py:4180} INFO - Setting next_dagrun for example_display_name to None, run_after=None
[2024-09-24T11:14:25.073+0100] {processor.py:208} INFO - Processing /Users/rtewelde/airflow_venv/lib/python3.11/site-packages/airflow/example_dags/example_display_name.py took 0.977 seconds
[2024-09-24T11:22:40.068+0100] {processor.py:186} INFO - Started process (PID=44976) to work on /Users/rtewelde/airflow_venv/lib/python3.11/site-packages/airflow/example_dags/example_display_name.py
[2024-09-24T11:22:40.071+0100] {processor.py:914} INFO - Processing file /Users/rtewelde/airflow_venv/lib/python3.11/site-packages/airflow/example_dags/example_display_name.py for tasks to queue
[2024-09-24T11:22:40.075+0100] {logging_mixin.py:190} INFO - [2024-09-24T11:22:40.074+0100] {dagbag.py:588} INFO - Filling up the DagBag from /Users/rtewelde/airflow_venv/lib/python3.11/site-packages/airflow/example_dags/example_display_name.py
[2024-09-24T11:22:40.208+0100] {processor.py:925} INFO - DAG(s) 'example_display_name' retrieved from /Users/rtewelde/airflow_venv/lib/python3.11/site-packages/airflow/example_dags/example_display_name.py
[2024-09-24T11:22:40.777+0100] {logging_mixin.py:190} INFO - [2024-09-24T11:22:40.775+0100] {dag.py:3239} INFO - Sync 1 DAGs
[2024-09-24T11:22:40.819+0100] {logging_mixin.py:190} INFO - [2024-09-24T11:22:40.818+0100] {dag.py:4180} INFO - Setting next_dagrun for example_display_name to None, run_after=None
[2024-09-24T11:22:40.884+0100] {processor.py:208} INFO - Processing /Users/rtewelde/airflow_venv/lib/python3.11/site-packages/airflow/example_dags/example_display_name.py took 0.825 seconds
[2024-09-24T11:30:30.177+0100] {processor.py:186} INFO - Started process (PID=46988) to work on /Users/rtewelde/airflow_venv/lib/python3.11/site-packages/airflow/example_dags/example_display_name.py
[2024-09-24T11:30:30.180+0100] {processor.py:914} INFO - Processing file /Users/rtewelde/airflow_venv/lib/python3.11/site-packages/airflow/example_dags/example_display_name.py for tasks to queue
[2024-09-24T11:30:30.184+0100] {logging_mixin.py:190} INFO - [2024-09-24T11:30:30.183+0100] {dagbag.py:588} INFO - Filling up the DagBag from /Users/rtewelde/airflow_venv/lib/python3.11/site-packages/airflow/example_dags/example_display_name.py
[2024-09-24T11:30:30.303+0100] {processor.py:925} INFO - DAG(s) 'example_display_name' retrieved from /Users/rtewelde/airflow_venv/lib/python3.11/site-packages/airflow/example_dags/example_display_name.py
[2024-09-24T11:30:30.877+0100] {logging_mixin.py:190} INFO - [2024-09-24T11:30:30.876+0100] {dag.py:3239} INFO - Sync 1 DAGs
[2024-09-24T11:30:30.923+0100] {logging_mixin.py:190} INFO - [2024-09-24T11:30:30.923+0100] {dag.py:4180} INFO - Setting next_dagrun for example_display_name to None, run_after=None
[2024-09-24T11:30:30.982+0100] {processor.py:208} INFO - Processing /Users/rtewelde/airflow_venv/lib/python3.11/site-packages/airflow/example_dags/example_display_name.py took 0.815 seconds
[2024-09-24T11:38:16.077+0100] {processor.py:186} INFO - Started process (PID=48978) to work on /Users/rtewelde/airflow_venv/lib/python3.11/site-packages/airflow/example_dags/example_display_name.py
[2024-09-24T11:38:16.080+0100] {processor.py:914} INFO - Processing file /Users/rtewelde/airflow_venv/lib/python3.11/site-packages/airflow/example_dags/example_display_name.py for tasks to queue
[2024-09-24T11:38:16.086+0100] {logging_mixin.py:190} INFO - [2024-09-24T11:38:16.084+0100] {dagbag.py:588} INFO - Filling up the DagBag from /Users/rtewelde/airflow_venv/lib/python3.11/site-packages/airflow/example_dags/example_display_name.py
[2024-09-24T11:38:16.219+0100] {processor.py:925} INFO - DAG(s) 'example_display_name' retrieved from /Users/rtewelde/airflow_venv/lib/python3.11/site-packages/airflow/example_dags/example_display_name.py
[2024-09-24T11:38:16.778+0100] {logging_mixin.py:190} INFO - [2024-09-24T11:38:16.776+0100] {dag.py:3239} INFO - Sync 1 DAGs
[2024-09-24T11:38:16.823+0100] {logging_mixin.py:190} INFO - [2024-09-24T11:38:16.822+0100] {dag.py:4180} INFO - Setting next_dagrun for example_display_name to None, run_after=None
[2024-09-24T11:38:16.889+0100] {processor.py:208} INFO - Processing /Users/rtewelde/airflow_venv/lib/python3.11/site-packages/airflow/example_dags/example_display_name.py took 0.821 seconds
[2024-09-24T11:45:48.111+0100] {processor.py:186} INFO - Started process (PID=50912) to work on /Users/rtewelde/airflow_venv/lib/python3.11/site-packages/airflow/example_dags/example_display_name.py
[2024-09-24T11:45:48.113+0100] {processor.py:914} INFO - Processing file /Users/rtewelde/airflow_venv/lib/python3.11/site-packages/airflow/example_dags/example_display_name.py for tasks to queue
[2024-09-24T11:45:48.116+0100] {logging_mixin.py:190} INFO - [2024-09-24T11:45:48.116+0100] {dagbag.py:588} INFO - Filling up the DagBag from /Users/rtewelde/airflow_venv/lib/python3.11/site-packages/airflow/example_dags/example_display_name.py
[2024-09-24T11:45:48.226+0100] {processor.py:925} INFO - DAG(s) 'example_display_name' retrieved from /Users/rtewelde/airflow_venv/lib/python3.11/site-packages/airflow/example_dags/example_display_name.py
[2024-09-24T11:45:48.702+0100] {logging_mixin.py:190} INFO - [2024-09-24T11:45:48.701+0100] {dag.py:3239} INFO - Sync 1 DAGs
[2024-09-24T11:45:48.739+0100] {logging_mixin.py:190} INFO - [2024-09-24T11:45:48.738+0100] {dag.py:4180} INFO - Setting next_dagrun for example_display_name to None, run_after=None
[2024-09-24T11:45:48.797+0100] {processor.py:208} INFO - Processing /Users/rtewelde/airflow_venv/lib/python3.11/site-packages/airflow/example_dags/example_display_name.py took 0.694 seconds
[2024-09-24T12:09:15.981+0100] {processor.py:186} INFO - Started process (PID=52835) to work on /Users/rtewelde/airflow_venv/lib/python3.11/site-packages/airflow/example_dags/example_display_name.py
[2024-09-24T12:09:15.983+0100] {processor.py:914} INFO - Processing file /Users/rtewelde/airflow_venv/lib/python3.11/site-packages/airflow/example_dags/example_display_name.py for tasks to queue
[2024-09-24T12:09:15.987+0100] {logging_mixin.py:190} INFO - [2024-09-24T12:09:15.986+0100] {dagbag.py:588} INFO - Filling up the DagBag from /Users/rtewelde/airflow_venv/lib/python3.11/site-packages/airflow/example_dags/example_display_name.py
[2024-09-24T12:09:16.098+0100] {processor.py:925} INFO - DAG(s) 'example_display_name' retrieved from /Users/rtewelde/airflow_venv/lib/python3.11/site-packages/airflow/example_dags/example_display_name.py
[2024-09-24T12:09:16.573+0100] {logging_mixin.py:190} INFO - [2024-09-24T12:09:16.571+0100] {dag.py:3239} INFO - Sync 1 DAGs
[2024-09-24T12:09:16.612+0100] {logging_mixin.py:190} INFO - [2024-09-24T12:09:16.611+0100] {dag.py:4180} INFO - Setting next_dagrun for example_display_name to None, run_after=None
[2024-09-24T12:09:16.663+0100] {processor.py:208} INFO - Processing /Users/rtewelde/airflow_venv/lib/python3.11/site-packages/airflow/example_dags/example_display_name.py took 0.690 seconds
[2024-09-24T12:50:03.390+0100] {processor.py:186} INFO - Started process (PID=54533) to work on /Users/rtewelde/airflow_venv/lib/python3.11/site-packages/airflow/example_dags/example_display_name.py
[2024-09-24T12:50:03.395+0100] {processor.py:914} INFO - Processing file /Users/rtewelde/airflow_venv/lib/python3.11/site-packages/airflow/example_dags/example_display_name.py for tasks to queue
[2024-09-24T12:50:03.399+0100] {logging_mixin.py:190} INFO - [2024-09-24T12:50:03.398+0100] {dagbag.py:588} INFO - Filling up the DagBag from /Users/rtewelde/airflow_venv/lib/python3.11/site-packages/airflow/example_dags/example_display_name.py
[2024-09-24T12:50:03.549+0100] {processor.py:925} INFO - DAG(s) 'example_display_name' retrieved from /Users/rtewelde/airflow_venv/lib/python3.11/site-packages/airflow/example_dags/example_display_name.py
[2024-09-24T12:50:04.173+0100] {logging_mixin.py:190} INFO - [2024-09-24T12:50:04.172+0100] {dag.py:3239} INFO - Sync 1 DAGs
[2024-09-24T12:50:04.233+0100] {logging_mixin.py:190} INFO - [2024-09-24T12:50:04.232+0100] {dag.py:4180} INFO - Setting next_dagrun for example_display_name to None, run_after=None
[2024-09-24T12:50:04.294+0100] {processor.py:208} INFO - Processing /Users/rtewelde/airflow_venv/lib/python3.11/site-packages/airflow/example_dags/example_display_name.py took 0.912 seconds
[2024-09-24T12:57:46.890+0100] {processor.py:186} INFO - Started process (PID=56529) to work on /Users/rtewelde/airflow_venv/lib/python3.11/site-packages/airflow/example_dags/example_display_name.py
[2024-09-24T12:57:46.895+0100] {processor.py:914} INFO - Processing file /Users/rtewelde/airflow_venv/lib/python3.11/site-packages/airflow/example_dags/example_display_name.py for tasks to queue
[2024-09-24T12:57:46.899+0100] {logging_mixin.py:190} INFO - [2024-09-24T12:57:46.899+0100] {dagbag.py:588} INFO - Filling up the DagBag from /Users/rtewelde/airflow_venv/lib/python3.11/site-packages/airflow/example_dags/example_display_name.py
[2024-09-24T12:57:47.051+0100] {processor.py:925} INFO - DAG(s) 'example_display_name' retrieved from /Users/rtewelde/airflow_venv/lib/python3.11/site-packages/airflow/example_dags/example_display_name.py
[2024-09-24T12:57:47.591+0100] {logging_mixin.py:190} INFO - [2024-09-24T12:57:47.590+0100] {dag.py:3239} INFO - Sync 1 DAGs
[2024-09-24T12:57:47.637+0100] {logging_mixin.py:190} INFO - [2024-09-24T12:57:47.636+0100] {dag.py:4180} INFO - Setting next_dagrun for example_display_name to None, run_after=None
[2024-09-24T12:57:47.703+0100] {processor.py:208} INFO - Processing /Users/rtewelde/airflow_venv/lib/python3.11/site-packages/airflow/example_dags/example_display_name.py took 0.824 seconds
[2024-09-24T13:22:15.916+0100] {processor.py:186} INFO - Started process (PID=58529) to work on /Users/rtewelde/airflow_venv/lib/python3.11/site-packages/airflow/example_dags/example_display_name.py
[2024-09-24T13:22:15.919+0100] {processor.py:914} INFO - Processing file /Users/rtewelde/airflow_venv/lib/python3.11/site-packages/airflow/example_dags/example_display_name.py for tasks to queue
[2024-09-24T13:22:15.922+0100] {logging_mixin.py:190} INFO - [2024-09-24T13:22:15.921+0100] {dagbag.py:588} INFO - Filling up the DagBag from /Users/rtewelde/airflow_venv/lib/python3.11/site-packages/airflow/example_dags/example_display_name.py
[2024-09-24T13:22:16.020+0100] {processor.py:925} INFO - DAG(s) 'example_display_name' retrieved from /Users/rtewelde/airflow_venv/lib/python3.11/site-packages/airflow/example_dags/example_display_name.py
[2024-09-24T13:22:16.443+0100] {logging_mixin.py:190} INFO - [2024-09-24T13:22:16.442+0100] {dag.py:3239} INFO - Sync 1 DAGs
[2024-09-24T13:22:16.480+0100] {logging_mixin.py:190} INFO - [2024-09-24T13:22:16.480+0100] {dag.py:4180} INFO - Setting next_dagrun for example_display_name to None, run_after=None
[2024-09-24T13:22:16.528+0100] {processor.py:208} INFO - Processing /Users/rtewelde/airflow_venv/lib/python3.11/site-packages/airflow/example_dags/example_display_name.py took 0.619 seconds
[2024-09-24T14:21:10.602+0100] {processor.py:186} INFO - Started process (PID=60114) to work on /Users/rtewelde/airflow_venv/lib/python3.11/site-packages/airflow/example_dags/example_display_name.py
[2024-09-24T14:21:10.605+0100] {processor.py:914} INFO - Processing file /Users/rtewelde/airflow_venv/lib/python3.11/site-packages/airflow/example_dags/example_display_name.py for tasks to queue
[2024-09-24T14:21:10.609+0100] {logging_mixin.py:190} INFO - [2024-09-24T14:21:10.608+0100] {dagbag.py:588} INFO - Filling up the DagBag from /Users/rtewelde/airflow_venv/lib/python3.11/site-packages/airflow/example_dags/example_display_name.py
[2024-09-24T14:21:10.722+0100] {processor.py:925} INFO - DAG(s) 'example_display_name' retrieved from /Users/rtewelde/airflow_venv/lib/python3.11/site-packages/airflow/example_dags/example_display_name.py
[2024-09-24T14:21:11.184+0100] {logging_mixin.py:190} INFO - [2024-09-24T14:21:11.183+0100] {dag.py:3239} INFO - Sync 1 DAGs
[2024-09-24T14:21:11.219+0100] {logging_mixin.py:190} INFO - [2024-09-24T14:21:11.219+0100] {dag.py:4180} INFO - Setting next_dagrun for example_display_name to None, run_after=None
[2024-09-24T14:21:11.277+0100] {processor.py:208} INFO - Processing /Users/rtewelde/airflow_venv/lib/python3.11/site-packages/airflow/example_dags/example_display_name.py took 0.684 seconds
[2024-09-24T16:27:37.719+0100] {processor.py:186} INFO - Started process (PID=61835) to work on /Users/rtewelde/airflow_venv/lib/python3.11/site-packages/airflow/example_dags/example_display_name.py
[2024-09-24T16:27:37.722+0100] {processor.py:914} INFO - Processing file /Users/rtewelde/airflow_venv/lib/python3.11/site-packages/airflow/example_dags/example_display_name.py for tasks to queue
[2024-09-24T16:27:37.727+0100] {logging_mixin.py:190} INFO - [2024-09-24T16:27:37.726+0100] {dagbag.py:588} INFO - Filling up the DagBag from /Users/rtewelde/airflow_venv/lib/python3.11/site-packages/airflow/example_dags/example_display_name.py
[2024-09-24T16:27:37.814+0100] {processor.py:925} INFO - DAG(s) 'example_display_name' retrieved from /Users/rtewelde/airflow_venv/lib/python3.11/site-packages/airflow/example_dags/example_display_name.py
[2024-09-24T16:27:38.197+0100] {logging_mixin.py:190} INFO - [2024-09-24T16:27:38.196+0100] {dag.py:3239} INFO - Sync 1 DAGs
[2024-09-24T16:27:38.226+0100] {logging_mixin.py:190} INFO - [2024-09-24T16:27:38.225+0100] {dag.py:4180} INFO - Setting next_dagrun for example_display_name to None, run_after=None
[2024-09-24T16:27:38.271+0100] {processor.py:208} INFO - Processing /Users/rtewelde/airflow_venv/lib/python3.11/site-packages/airflow/example_dags/example_display_name.py took 0.558 seconds
[2024-09-24T17:59:37.406+0100] {processor.py:186} INFO - Started process (PID=63348) to work on /Users/rtewelde/airflow_venv/lib/python3.11/site-packages/airflow/example_dags/example_display_name.py
[2024-09-24T17:59:37.408+0100] {processor.py:914} INFO - Processing file /Users/rtewelde/airflow_venv/lib/python3.11/site-packages/airflow/example_dags/example_display_name.py for tasks to queue
[2024-09-24T17:59:37.410+0100] {logging_mixin.py:190} INFO - [2024-09-24T17:59:37.410+0100] {dagbag.py:588} INFO - Filling up the DagBag from /Users/rtewelde/airflow_venv/lib/python3.11/site-packages/airflow/example_dags/example_display_name.py
[2024-09-24T17:59:37.489+0100] {processor.py:925} INFO - DAG(s) 'example_display_name' retrieved from /Users/rtewelde/airflow_venv/lib/python3.11/site-packages/airflow/example_dags/example_display_name.py
[2024-09-24T17:59:37.837+0100] {logging_mixin.py:190} INFO - [2024-09-24T17:59:37.836+0100] {dag.py:3239} INFO - Sync 1 DAGs
[2024-09-24T17:59:37.866+0100] {logging_mixin.py:190} INFO - [2024-09-24T17:59:37.865+0100] {dag.py:4180} INFO - Setting next_dagrun for example_display_name to None, run_after=None
[2024-09-24T17:59:37.905+0100] {processor.py:208} INFO - Processing /Users/rtewelde/airflow_venv/lib/python3.11/site-packages/airflow/example_dags/example_display_name.py took 0.505 seconds
[2024-09-24T18:04:09.966+0100] {processor.py:186} INFO - Started process (PID=64550) to work on /Users/rtewelde/airflow_venv/lib/python3.11/site-packages/airflow/example_dags/example_display_name.py
[2024-09-24T18:04:09.967+0100] {processor.py:914} INFO - Processing file /Users/rtewelde/airflow_venv/lib/python3.11/site-packages/airflow/example_dags/example_display_name.py for tasks to queue
[2024-09-24T18:04:09.969+0100] {logging_mixin.py:190} INFO - [2024-09-24T18:04:09.969+0100] {dagbag.py:588} INFO - Filling up the DagBag from /Users/rtewelde/airflow_venv/lib/python3.11/site-packages/airflow/example_dags/example_display_name.py
[2024-09-24T18:04:10.037+0100] {processor.py:925} INFO - DAG(s) 'example_display_name' retrieved from /Users/rtewelde/airflow_venv/lib/python3.11/site-packages/airflow/example_dags/example_display_name.py
[2024-09-24T18:04:10.343+0100] {logging_mixin.py:190} INFO - [2024-09-24T18:04:10.342+0100] {dag.py:3239} INFO - Sync 1 DAGs
[2024-09-24T18:04:10.366+0100] {logging_mixin.py:190} INFO - [2024-09-24T18:04:10.365+0100] {dag.py:4180} INFO - Setting next_dagrun for example_display_name to None, run_after=None
[2024-09-24T18:04:10.399+0100] {processor.py:208} INFO - Processing /Users/rtewelde/airflow_venv/lib/python3.11/site-packages/airflow/example_dags/example_display_name.py took 0.438 seconds
[2024-09-24T18:08:35.372+0100] {processor.py:186} INFO - Started process (PID=65712) to work on /Users/rtewelde/airflow_venv/lib/python3.11/site-packages/airflow/example_dags/example_display_name.py
[2024-09-24T18:08:35.374+0100] {processor.py:914} INFO - Processing file /Users/rtewelde/airflow_venv/lib/python3.11/site-packages/airflow/example_dags/example_display_name.py for tasks to queue
[2024-09-24T18:08:35.376+0100] {logging_mixin.py:190} INFO - [2024-09-24T18:08:35.375+0100] {dagbag.py:588} INFO - Filling up the DagBag from /Users/rtewelde/airflow_venv/lib/python3.11/site-packages/airflow/example_dags/example_display_name.py
[2024-09-24T18:08:35.449+0100] {processor.py:925} INFO - DAG(s) 'example_display_name' retrieved from /Users/rtewelde/airflow_venv/lib/python3.11/site-packages/airflow/example_dags/example_display_name.py
[2024-09-24T18:08:35.773+0100] {logging_mixin.py:190} INFO - [2024-09-24T18:08:35.772+0100] {dag.py:3239} INFO - Sync 1 DAGs
[2024-09-24T18:08:35.798+0100] {logging_mixin.py:190} INFO - [2024-09-24T18:08:35.797+0100] {dag.py:4180} INFO - Setting next_dagrun for example_display_name to None, run_after=None
[2024-09-24T18:08:35.834+0100] {processor.py:208} INFO - Processing /Users/rtewelde/airflow_venv/lib/python3.11/site-packages/airflow/example_dags/example_display_name.py took 0.468 seconds
[2024-09-24T18:13:11.458+0100] {processor.py:186} INFO - Started process (PID=66933) to work on /Users/rtewelde/airflow_venv/lib/python3.11/site-packages/airflow/example_dags/example_display_name.py
[2024-09-24T18:13:11.460+0100] {processor.py:914} INFO - Processing file /Users/rtewelde/airflow_venv/lib/python3.11/site-packages/airflow/example_dags/example_display_name.py for tasks to queue
[2024-09-24T18:13:11.462+0100] {logging_mixin.py:190} INFO - [2024-09-24T18:13:11.461+0100] {dagbag.py:588} INFO - Filling up the DagBag from /Users/rtewelde/airflow_venv/lib/python3.11/site-packages/airflow/example_dags/example_display_name.py
[2024-09-24T18:13:11.534+0100] {processor.py:925} INFO - DAG(s) 'example_display_name' retrieved from /Users/rtewelde/airflow_venv/lib/python3.11/site-packages/airflow/example_dags/example_display_name.py
[2024-09-24T18:13:11.840+0100] {logging_mixin.py:190} INFO - [2024-09-24T18:13:11.839+0100] {dag.py:3239} INFO - Sync 1 DAGs
[2024-09-24T18:13:11.863+0100] {logging_mixin.py:190} INFO - [2024-09-24T18:13:11.862+0100] {dag.py:4180} INFO - Setting next_dagrun for example_display_name to None, run_after=None
[2024-09-24T18:13:11.896+0100] {processor.py:208} INFO - Processing /Users/rtewelde/airflow_venv/lib/python3.11/site-packages/airflow/example_dags/example_display_name.py took 0.443 seconds
[2024-09-24T18:17:54.334+0100] {processor.py:186} INFO - Started process (PID=68176) to work on /Users/rtewelde/airflow_venv/lib/python3.11/site-packages/airflow/example_dags/example_display_name.py
[2024-09-24T18:17:54.336+0100] {processor.py:914} INFO - Processing file /Users/rtewelde/airflow_venv/lib/python3.11/site-packages/airflow/example_dags/example_display_name.py for tasks to queue
[2024-09-24T18:17:54.339+0100] {logging_mixin.py:190} INFO - [2024-09-24T18:17:54.338+0100] {dagbag.py:588} INFO - Filling up the DagBag from /Users/rtewelde/airflow_venv/lib/python3.11/site-packages/airflow/example_dags/example_display_name.py
[2024-09-24T18:17:54.420+0100] {processor.py:925} INFO - DAG(s) 'example_display_name' retrieved from /Users/rtewelde/airflow_venv/lib/python3.11/site-packages/airflow/example_dags/example_display_name.py
[2024-09-24T18:17:54.773+0100] {logging_mixin.py:190} INFO - [2024-09-24T18:17:54.772+0100] {dag.py:3239} INFO - Sync 1 DAGs
[2024-09-24T18:17:54.803+0100] {logging_mixin.py:190} INFO - [2024-09-24T18:17:54.802+0100] {dag.py:4180} INFO - Setting next_dagrun for example_display_name to None, run_after=None
[2024-09-24T18:17:54.843+0100] {processor.py:208} INFO - Processing /Users/rtewelde/airflow_venv/lib/python3.11/site-packages/airflow/example_dags/example_display_name.py took 0.514 seconds
[2024-09-24T18:22:58.325+0100] {processor.py:186} INFO - Started process (PID=69522) to work on /Users/rtewelde/airflow_venv/lib/python3.11/site-packages/airflow/example_dags/example_display_name.py
[2024-09-24T18:22:58.328+0100] {processor.py:914} INFO - Processing file /Users/rtewelde/airflow_venv/lib/python3.11/site-packages/airflow/example_dags/example_display_name.py for tasks to queue
[2024-09-24T18:22:58.331+0100] {logging_mixin.py:190} INFO - [2024-09-24T18:22:58.330+0100] {dagbag.py:588} INFO - Filling up the DagBag from /Users/rtewelde/airflow_venv/lib/python3.11/site-packages/airflow/example_dags/example_display_name.py
[2024-09-24T18:22:58.450+0100] {processor.py:925} INFO - DAG(s) 'example_display_name' retrieved from /Users/rtewelde/airflow_venv/lib/python3.11/site-packages/airflow/example_dags/example_display_name.py
[2024-09-24T18:22:58.901+0100] {logging_mixin.py:190} INFO - [2024-09-24T18:22:58.900+0100] {dag.py:3239} INFO - Sync 1 DAGs
[2024-09-24T18:22:58.937+0100] {logging_mixin.py:190} INFO - [2024-09-24T18:22:58.936+0100] {dag.py:4180} INFO - Setting next_dagrun for example_display_name to None, run_after=None
[2024-09-24T18:22:58.993+0100] {processor.py:208} INFO - Processing /Users/rtewelde/airflow_venv/lib/python3.11/site-packages/airflow/example_dags/example_display_name.py took 0.675 seconds
[2024-09-24T18:30:49.167+0100] {processor.py:186} INFO - Started process (PID=71523) to work on /Users/rtewelde/airflow_venv/lib/python3.11/site-packages/airflow/example_dags/example_display_name.py
[2024-09-24T18:30:49.170+0100] {processor.py:914} INFO - Processing file /Users/rtewelde/airflow_venv/lib/python3.11/site-packages/airflow/example_dags/example_display_name.py for tasks to queue
[2024-09-24T18:30:49.174+0100] {logging_mixin.py:190} INFO - [2024-09-24T18:30:49.173+0100] {dagbag.py:588} INFO - Filling up the DagBag from /Users/rtewelde/airflow_venv/lib/python3.11/site-packages/airflow/example_dags/example_display_name.py
[2024-09-24T18:30:49.302+0100] {processor.py:925} INFO - DAG(s) 'example_display_name' retrieved from /Users/rtewelde/airflow_venv/lib/python3.11/site-packages/airflow/example_dags/example_display_name.py
[2024-09-24T18:30:49.857+0100] {logging_mixin.py:190} INFO - [2024-09-24T18:30:49.856+0100] {dag.py:3239} INFO - Sync 1 DAGs
[2024-09-24T18:30:49.903+0100] {logging_mixin.py:190} INFO - [2024-09-24T18:30:49.902+0100] {dag.py:4180} INFO - Setting next_dagrun for example_display_name to None, run_after=None
[2024-09-24T18:30:49.961+0100] {processor.py:208} INFO - Processing /Users/rtewelde/airflow_venv/lib/python3.11/site-packages/airflow/example_dags/example_display_name.py took 0.803 seconds
[2024-09-24T18:39:02.547+0100] {processor.py:186} INFO - Started process (PID=73711) to work on /Users/rtewelde/airflow_venv/lib/python3.11/site-packages/airflow/example_dags/example_display_name.py
[2024-09-24T18:39:02.550+0100] {processor.py:914} INFO - Processing file /Users/rtewelde/airflow_venv/lib/python3.11/site-packages/airflow/example_dags/example_display_name.py for tasks to queue
[2024-09-24T18:39:02.554+0100] {logging_mixin.py:190} INFO - [2024-09-24T18:39:02.553+0100] {dagbag.py:588} INFO - Filling up the DagBag from /Users/rtewelde/airflow_venv/lib/python3.11/site-packages/airflow/example_dags/example_display_name.py
[2024-09-24T18:39:02.679+0100] {processor.py:925} INFO - DAG(s) 'example_display_name' retrieved from /Users/rtewelde/airflow_venv/lib/python3.11/site-packages/airflow/example_dags/example_display_name.py
[2024-09-24T18:39:03.186+0100] {logging_mixin.py:190} INFO - [2024-09-24T18:39:03.185+0100] {dag.py:3239} INFO - Sync 1 DAGs
[2024-09-24T18:39:03.227+0100] {logging_mixin.py:190} INFO - [2024-09-24T18:39:03.227+0100] {dag.py:4180} INFO - Setting next_dagrun for example_display_name to None, run_after=None
[2024-09-24T18:39:03.289+0100] {processor.py:208} INFO - Processing /Users/rtewelde/airflow_venv/lib/python3.11/site-packages/airflow/example_dags/example_display_name.py took 0.751 seconds
[2024-09-24T18:44:07.404+0100] {processor.py:186} INFO - Started process (PID=75139) to work on /Users/rtewelde/airflow_venv/lib/python3.11/site-packages/airflow/example_dags/example_display_name.py
[2024-09-24T18:44:07.405+0100] {processor.py:914} INFO - Processing file /Users/rtewelde/airflow_venv/lib/python3.11/site-packages/airflow/example_dags/example_display_name.py for tasks to queue
[2024-09-24T18:44:07.406+0100] {logging_mixin.py:190} INFO - [2024-09-24T18:44:07.406+0100] {dagbag.py:588} INFO - Filling up the DagBag from /Users/rtewelde/airflow_venv/lib/python3.11/site-packages/airflow/example_dags/example_display_name.py
[2024-09-24T18:44:07.440+0100] {processor.py:925} INFO - DAG(s) 'example_display_name' retrieved from /Users/rtewelde/airflow_venv/lib/python3.11/site-packages/airflow/example_dags/example_display_name.py
[2024-09-24T18:44:07.584+0100] {logging_mixin.py:190} INFO - [2024-09-24T18:44:07.584+0100] {dag.py:3239} INFO - Sync 1 DAGs
[2024-09-24T18:44:07.595+0100] {logging_mixin.py:190} INFO - [2024-09-24T18:44:07.595+0100] {dag.py:4180} INFO - Setting next_dagrun for example_display_name to None, run_after=None
[2024-09-24T18:44:07.612+0100] {processor.py:208} INFO - Processing /Users/rtewelde/airflow_venv/lib/python3.11/site-packages/airflow/example_dags/example_display_name.py took 0.210 seconds
[2024-09-24T19:00:52.004+0100] {processor.py:186} INFO - Started process (PID=76003) to work on /Users/rtewelde/airflow_venv/lib/python3.11/site-packages/airflow/example_dags/example_display_name.py
[2024-09-24T19:00:52.005+0100] {processor.py:914} INFO - Processing file /Users/rtewelde/airflow_venv/lib/python3.11/site-packages/airflow/example_dags/example_display_name.py for tasks to queue
[2024-09-24T19:00:52.006+0100] {logging_mixin.py:190} INFO - [2024-09-24T19:00:52.006+0100] {dagbag.py:588} INFO - Filling up the DagBag from /Users/rtewelde/airflow_venv/lib/python3.11/site-packages/airflow/example_dags/example_display_name.py
[2024-09-24T19:00:52.041+0100] {processor.py:925} INFO - DAG(s) 'example_display_name' retrieved from /Users/rtewelde/airflow_venv/lib/python3.11/site-packages/airflow/example_dags/example_display_name.py
[2024-09-24T19:00:52.190+0100] {logging_mixin.py:190} INFO - [2024-09-24T19:00:52.189+0100] {dag.py:3239} INFO - Sync 1 DAGs
[2024-09-24T19:00:52.203+0100] {logging_mixin.py:190} INFO - [2024-09-24T19:00:52.203+0100] {dag.py:4180} INFO - Setting next_dagrun for example_display_name to None, run_after=None
[2024-09-24T19:00:52.221+0100] {processor.py:208} INFO - Processing /Users/rtewelde/airflow_venv/lib/python3.11/site-packages/airflow/example_dags/example_display_name.py took 0.219 seconds
[2024-09-24T19:03:34.819+0100] {processor.py:186} INFO - Started process (PID=76773) to work on /Users/rtewelde/airflow_venv/lib/python3.11/site-packages/airflow/example_dags/example_display_name.py
[2024-09-24T19:03:34.821+0100] {processor.py:914} INFO - Processing file /Users/rtewelde/airflow_venv/lib/python3.11/site-packages/airflow/example_dags/example_display_name.py for tasks to queue
[2024-09-24T19:03:34.822+0100] {logging_mixin.py:190} INFO - [2024-09-24T19:03:34.822+0100] {dagbag.py:588} INFO - Filling up the DagBag from /Users/rtewelde/airflow_venv/lib/python3.11/site-packages/airflow/example_dags/example_display_name.py
[2024-09-24T19:03:34.858+0100] {processor.py:925} INFO - DAG(s) 'example_display_name' retrieved from /Users/rtewelde/airflow_venv/lib/python3.11/site-packages/airflow/example_dags/example_display_name.py
[2024-09-24T19:03:35.031+0100] {logging_mixin.py:190} INFO - [2024-09-24T19:03:35.030+0100] {dag.py:3239} INFO - Sync 1 DAGs
[2024-09-24T19:03:35.043+0100] {logging_mixin.py:190} INFO - [2024-09-24T19:03:35.043+0100] {dag.py:4180} INFO - Setting next_dagrun for example_display_name to None, run_after=None
[2024-09-24T19:03:35.065+0100] {processor.py:208} INFO - Processing /Users/rtewelde/airflow_venv/lib/python3.11/site-packages/airflow/example_dags/example_display_name.py took 0.250 seconds
[2024-09-24T19:08:35.220+0100] {processor.py:186} INFO - Started process (PID=78197) to work on /Users/rtewelde/airflow_venv/lib/python3.11/site-packages/airflow/example_dags/example_display_name.py
[2024-09-24T19:08:35.222+0100] {processor.py:914} INFO - Processing file /Users/rtewelde/airflow_venv/lib/python3.11/site-packages/airflow/example_dags/example_display_name.py for tasks to queue
[2024-09-24T19:08:35.223+0100] {logging_mixin.py:190} INFO - [2024-09-24T19:08:35.222+0100] {dagbag.py:588} INFO - Filling up the DagBag from /Users/rtewelde/airflow_venv/lib/python3.11/site-packages/airflow/example_dags/example_display_name.py
[2024-09-24T19:08:35.260+0100] {processor.py:925} INFO - DAG(s) 'example_display_name' retrieved from /Users/rtewelde/airflow_venv/lib/python3.11/site-packages/airflow/example_dags/example_display_name.py
[2024-09-24T19:08:35.416+0100] {logging_mixin.py:190} INFO - [2024-09-24T19:08:35.416+0100] {dag.py:3239} INFO - Sync 1 DAGs
[2024-09-24T19:08:35.429+0100] {logging_mixin.py:190} INFO - [2024-09-24T19:08:35.429+0100] {dag.py:4180} INFO - Setting next_dagrun for example_display_name to None, run_after=None
[2024-09-24T19:08:35.448+0100] {processor.py:208} INFO - Processing /Users/rtewelde/airflow_venv/lib/python3.11/site-packages/airflow/example_dags/example_display_name.py took 0.231 seconds
[2024-09-24T19:13:37.056+0100] {processor.py:186} INFO - Started process (PID=79664) to work on /Users/rtewelde/airflow_venv/lib/python3.11/site-packages/airflow/example_dags/example_display_name.py
[2024-09-24T19:13:37.058+0100] {processor.py:914} INFO - Processing file /Users/rtewelde/airflow_venv/lib/python3.11/site-packages/airflow/example_dags/example_display_name.py for tasks to queue
[2024-09-24T19:13:37.059+0100] {logging_mixin.py:190} INFO - [2024-09-24T19:13:37.059+0100] {dagbag.py:588} INFO - Filling up the DagBag from /Users/rtewelde/airflow_venv/lib/python3.11/site-packages/airflow/example_dags/example_display_name.py
[2024-09-24T19:13:37.094+0100] {processor.py:925} INFO - DAG(s) 'example_display_name' retrieved from /Users/rtewelde/airflow_venv/lib/python3.11/site-packages/airflow/example_dags/example_display_name.py
[2024-09-24T19:13:37.259+0100] {logging_mixin.py:190} INFO - [2024-09-24T19:13:37.258+0100] {dag.py:3239} INFO - Sync 1 DAGs
[2024-09-24T19:13:37.271+0100] {logging_mixin.py:190} INFO - [2024-09-24T19:13:37.270+0100] {dag.py:4180} INFO - Setting next_dagrun for example_display_name to None, run_after=None
[2024-09-24T19:13:37.290+0100] {processor.py:208} INFO - Processing /Users/rtewelde/airflow_venv/lib/python3.11/site-packages/airflow/example_dags/example_display_name.py took 0.236 seconds
[2024-09-24T19:19:18.844+0100] {processor.py:186} INFO - Started process (PID=81302) to work on /Users/rtewelde/airflow_venv/lib/python3.11/site-packages/airflow/example_dags/example_display_name.py
[2024-09-24T19:19:18.845+0100] {processor.py:914} INFO - Processing file /Users/rtewelde/airflow_venv/lib/python3.11/site-packages/airflow/example_dags/example_display_name.py for tasks to queue
[2024-09-24T19:19:18.846+0100] {logging_mixin.py:190} INFO - [2024-09-24T19:19:18.846+0100] {dagbag.py:588} INFO - Filling up the DagBag from /Users/rtewelde/airflow_venv/lib/python3.11/site-packages/airflow/example_dags/example_display_name.py
[2024-09-24T19:19:18.884+0100] {processor.py:925} INFO - DAG(s) 'example_display_name' retrieved from /Users/rtewelde/airflow_venv/lib/python3.11/site-packages/airflow/example_dags/example_display_name.py
[2024-09-24T19:19:19.047+0100] {logging_mixin.py:190} INFO - [2024-09-24T19:19:19.047+0100] {dag.py:3239} INFO - Sync 1 DAGs
[2024-09-24T19:19:19.065+0100] {logging_mixin.py:190} INFO - [2024-09-24T19:19:19.065+0100] {dag.py:4180} INFO - Setting next_dagrun for example_display_name to None, run_after=None
[2024-09-24T19:19:19.082+0100] {processor.py:208} INFO - Processing /Users/rtewelde/airflow_venv/lib/python3.11/site-packages/airflow/example_dags/example_display_name.py took 0.240 seconds
[2024-09-24T19:24:00.132+0100] {processor.py:186} INFO - Started process (PID=82619) to work on /Users/rtewelde/airflow_venv/lib/python3.11/site-packages/airflow/example_dags/example_display_name.py
[2024-09-24T19:24:00.134+0100] {processor.py:914} INFO - Processing file /Users/rtewelde/airflow_venv/lib/python3.11/site-packages/airflow/example_dags/example_display_name.py for tasks to queue
[2024-09-24T19:24:00.135+0100] {logging_mixin.py:190} INFO - [2024-09-24T19:24:00.135+0100] {dagbag.py:588} INFO - Filling up the DagBag from /Users/rtewelde/airflow_venv/lib/python3.11/site-packages/airflow/example_dags/example_display_name.py
[2024-09-24T19:24:00.166+0100] {processor.py:925} INFO - DAG(s) 'example_display_name' retrieved from /Users/rtewelde/airflow_venv/lib/python3.11/site-packages/airflow/example_dags/example_display_name.py
[2024-09-24T19:24:00.310+0100] {logging_mixin.py:190} INFO - [2024-09-24T19:24:00.310+0100] {dag.py:3239} INFO - Sync 1 DAGs
[2024-09-24T19:24:00.322+0100] {logging_mixin.py:190} INFO - [2024-09-24T19:24:00.321+0100] {dag.py:4180} INFO - Setting next_dagrun for example_display_name to None, run_after=None
[2024-09-24T19:24:00.340+0100] {processor.py:208} INFO - Processing /Users/rtewelde/airflow_venv/lib/python3.11/site-packages/airflow/example_dags/example_display_name.py took 0.209 seconds
[2024-09-24T19:29:58.844+0100] {processor.py:186} INFO - Started process (PID=84245) to work on /Users/rtewelde/airflow_venv/lib/python3.11/site-packages/airflow/example_dags/example_display_name.py
[2024-09-24T19:29:58.849+0100] {processor.py:914} INFO - Processing file /Users/rtewelde/airflow_venv/lib/python3.11/site-packages/airflow/example_dags/example_display_name.py for tasks to queue
[2024-09-24T19:29:58.850+0100] {logging_mixin.py:190} INFO - [2024-09-24T19:29:58.850+0100] {dagbag.py:588} INFO - Filling up the DagBag from /Users/rtewelde/airflow_venv/lib/python3.11/site-packages/airflow/example_dags/example_display_name.py
[2024-09-24T19:29:58.890+0100] {processor.py:925} INFO - DAG(s) 'example_display_name' retrieved from /Users/rtewelde/airflow_venv/lib/python3.11/site-packages/airflow/example_dags/example_display_name.py
[2024-09-24T19:29:59.088+0100] {logging_mixin.py:190} INFO - [2024-09-24T19:29:59.087+0100] {dag.py:3239} INFO - Sync 1 DAGs
[2024-09-24T19:29:59.102+0100] {logging_mixin.py:190} INFO - [2024-09-24T19:29:59.101+0100] {dag.py:4180} INFO - Setting next_dagrun for example_display_name to None, run_after=None
[2024-09-24T19:29:59.125+0100] {processor.py:208} INFO - Processing /Users/rtewelde/airflow_venv/lib/python3.11/site-packages/airflow/example_dags/example_display_name.py took 0.283 seconds
[2024-09-24T19:34:54.524+0100] {processor.py:186} INFO - Started process (PID=85613) to work on /Users/rtewelde/airflow_venv/lib/python3.11/site-packages/airflow/example_dags/example_display_name.py
[2024-09-24T19:34:54.524+0100] {processor.py:914} INFO - Processing file /Users/rtewelde/airflow_venv/lib/python3.11/site-packages/airflow/example_dags/example_display_name.py for tasks to queue
[2024-09-24T19:34:54.525+0100] {logging_mixin.py:190} INFO - [2024-09-24T19:34:54.525+0100] {dagbag.py:588} INFO - Filling up the DagBag from /Users/rtewelde/airflow_venv/lib/python3.11/site-packages/airflow/example_dags/example_display_name.py
[2024-09-24T19:34:54.556+0100] {processor.py:925} INFO - DAG(s) 'example_display_name' retrieved from /Users/rtewelde/airflow_venv/lib/python3.11/site-packages/airflow/example_dags/example_display_name.py
[2024-09-24T19:34:54.705+0100] {logging_mixin.py:190} INFO - [2024-09-24T19:34:54.705+0100] {dag.py:3239} INFO - Sync 1 DAGs
[2024-09-24T19:34:54.715+0100] {logging_mixin.py:190} INFO - [2024-09-24T19:34:54.715+0100] {dag.py:4180} INFO - Setting next_dagrun for example_display_name to None, run_after=None
[2024-09-24T19:34:54.732+0100] {processor.py:208} INFO - Processing /Users/rtewelde/airflow_venv/lib/python3.11/site-packages/airflow/example_dags/example_display_name.py took 0.211 seconds
[2024-09-24T19:40:11.141+0100] {processor.py:186} INFO - Started process (PID=87097) to work on /Users/rtewelde/airflow_venv/lib/python3.11/site-packages/airflow/example_dags/example_display_name.py
[2024-09-24T19:40:11.143+0100] {processor.py:914} INFO - Processing file /Users/rtewelde/airflow_venv/lib/python3.11/site-packages/airflow/example_dags/example_display_name.py for tasks to queue
[2024-09-24T19:40:11.144+0100] {logging_mixin.py:190} INFO - [2024-09-24T19:40:11.144+0100] {dagbag.py:588} INFO - Filling up the DagBag from /Users/rtewelde/airflow_venv/lib/python3.11/site-packages/airflow/example_dags/example_display_name.py
[2024-09-24T19:40:11.175+0100] {processor.py:925} INFO - DAG(s) 'example_display_name' retrieved from /Users/rtewelde/airflow_venv/lib/python3.11/site-packages/airflow/example_dags/example_display_name.py
[2024-09-24T19:40:11.346+0100] {logging_mixin.py:190} INFO - [2024-09-24T19:40:11.345+0100] {dag.py:3239} INFO - Sync 1 DAGs
[2024-09-24T19:40:11.359+0100] {logging_mixin.py:190} INFO - [2024-09-24T19:40:11.358+0100] {dag.py:4180} INFO - Setting next_dagrun for example_display_name to None, run_after=None
[2024-09-24T19:40:11.379+0100] {processor.py:208} INFO - Processing /Users/rtewelde/airflow_venv/lib/python3.11/site-packages/airflow/example_dags/example_display_name.py took 0.241 seconds
[2024-09-24T19:45:03.111+0100] {processor.py:186} INFO - Started process (PID=88600) to work on /Users/rtewelde/airflow_venv/lib/python3.11/site-packages/airflow/example_dags/example_display_name.py
[2024-09-24T19:45:03.112+0100] {processor.py:914} INFO - Processing file /Users/rtewelde/airflow_venv/lib/python3.11/site-packages/airflow/example_dags/example_display_name.py for tasks to queue
[2024-09-24T19:45:03.113+0100] {logging_mixin.py:190} INFO - [2024-09-24T19:45:03.113+0100] {dagbag.py:588} INFO - Filling up the DagBag from /Users/rtewelde/airflow_venv/lib/python3.11/site-packages/airflow/example_dags/example_display_name.py
[2024-09-24T19:45:03.154+0100] {processor.py:925} INFO - DAG(s) 'example_display_name' retrieved from /Users/rtewelde/airflow_venv/lib/python3.11/site-packages/airflow/example_dags/example_display_name.py
[2024-09-24T19:45:03.335+0100] {logging_mixin.py:190} INFO - [2024-09-24T19:45:03.334+0100] {dag.py:3239} INFO - Sync 1 DAGs
[2024-09-24T19:45:03.348+0100] {logging_mixin.py:190} INFO - [2024-09-24T19:45:03.348+0100] {dag.py:4180} INFO - Setting next_dagrun for example_display_name to None, run_after=None
[2024-09-24T19:45:03.365+0100] {processor.py:208} INFO - Processing /Users/rtewelde/airflow_venv/lib/python3.11/site-packages/airflow/example_dags/example_display_name.py took 0.257 seconds
[2024-09-24T19:49:53.313+0100] {processor.py:186} INFO - Started process (PID=90026) to work on /Users/rtewelde/airflow_venv/lib/python3.11/site-packages/airflow/example_dags/example_display_name.py
[2024-09-24T19:49:53.314+0100] {processor.py:914} INFO - Processing file /Users/rtewelde/airflow_venv/lib/python3.11/site-packages/airflow/example_dags/example_display_name.py for tasks to queue
[2024-09-24T19:49:53.315+0100] {logging_mixin.py:190} INFO - [2024-09-24T19:49:53.315+0100] {dagbag.py:588} INFO - Filling up the DagBag from /Users/rtewelde/airflow_venv/lib/python3.11/site-packages/airflow/example_dags/example_display_name.py
[2024-09-24T19:49:53.349+0100] {processor.py:925} INFO - DAG(s) 'example_display_name' retrieved from /Users/rtewelde/airflow_venv/lib/python3.11/site-packages/airflow/example_dags/example_display_name.py
[2024-09-24T19:49:53.501+0100] {logging_mixin.py:190} INFO - [2024-09-24T19:49:53.500+0100] {dag.py:3239} INFO - Sync 1 DAGs
[2024-09-24T19:49:53.512+0100] {logging_mixin.py:190} INFO - [2024-09-24T19:49:53.512+0100] {dag.py:4180} INFO - Setting next_dagrun for example_display_name to None, run_after=None
[2024-09-24T19:49:53.529+0100] {processor.py:208} INFO - Processing /Users/rtewelde/airflow_venv/lib/python3.11/site-packages/airflow/example_dags/example_display_name.py took 0.219 seconds
[2024-09-24T19:54:55.248+0100] {processor.py:186} INFO - Started process (PID=91473) to work on /Users/rtewelde/airflow_venv/lib/python3.11/site-packages/airflow/example_dags/example_display_name.py
[2024-09-24T19:54:55.250+0100] {processor.py:914} INFO - Processing file /Users/rtewelde/airflow_venv/lib/python3.11/site-packages/airflow/example_dags/example_display_name.py for tasks to queue
[2024-09-24T19:54:55.251+0100] {logging_mixin.py:190} INFO - [2024-09-24T19:54:55.250+0100] {dagbag.py:588} INFO - Filling up the DagBag from /Users/rtewelde/airflow_venv/lib/python3.11/site-packages/airflow/example_dags/example_display_name.py
[2024-09-24T19:54:55.294+0100] {processor.py:925} INFO - DAG(s) 'example_display_name' retrieved from /Users/rtewelde/airflow_venv/lib/python3.11/site-packages/airflow/example_dags/example_display_name.py
[2024-09-24T19:54:55.477+0100] {logging_mixin.py:190} INFO - [2024-09-24T19:54:55.477+0100] {dag.py:3239} INFO - Sync 1 DAGs
[2024-09-24T19:54:55.489+0100] {logging_mixin.py:190} INFO - [2024-09-24T19:54:55.489+0100] {dag.py:4180} INFO - Setting next_dagrun for example_display_name to None, run_after=None
[2024-09-24T19:54:55.511+0100] {processor.py:208} INFO - Processing /Users/rtewelde/airflow_venv/lib/python3.11/site-packages/airflow/example_dags/example_display_name.py took 0.266 seconds
[2024-09-24T20:00:25.018+0100] {processor.py:186} INFO - Started process (PID=93076) to work on /Users/rtewelde/airflow_venv/lib/python3.11/site-packages/airflow/example_dags/example_display_name.py
[2024-09-24T20:00:25.019+0100] {processor.py:914} INFO - Processing file /Users/rtewelde/airflow_venv/lib/python3.11/site-packages/airflow/example_dags/example_display_name.py for tasks to queue
[2024-09-24T20:00:25.020+0100] {logging_mixin.py:190} INFO - [2024-09-24T20:00:25.020+0100] {dagbag.py:588} INFO - Filling up the DagBag from /Users/rtewelde/airflow_venv/lib/python3.11/site-packages/airflow/example_dags/example_display_name.py
[2024-09-24T20:00:25.054+0100] {processor.py:925} INFO - DAG(s) 'example_display_name' retrieved from /Users/rtewelde/airflow_venv/lib/python3.11/site-packages/airflow/example_dags/example_display_name.py
[2024-09-24T20:00:25.209+0100] {logging_mixin.py:190} INFO - [2024-09-24T20:00:25.208+0100] {dag.py:3239} INFO - Sync 1 DAGs
[2024-09-24T20:00:25.222+0100] {logging_mixin.py:190} INFO - [2024-09-24T20:00:25.222+0100] {dag.py:4180} INFO - Setting next_dagrun for example_display_name to None, run_after=None
[2024-09-24T20:00:25.239+0100] {processor.py:208} INFO - Processing /Users/rtewelde/airflow_venv/lib/python3.11/site-packages/airflow/example_dags/example_display_name.py took 0.224 seconds
[2024-09-24T20:06:02.506+0100] {processor.py:186} INFO - Started process (PID=94669) to work on /Users/rtewelde/airflow_venv/lib/python3.11/site-packages/airflow/example_dags/example_display_name.py
[2024-09-24T20:06:02.508+0100] {processor.py:914} INFO - Processing file /Users/rtewelde/airflow_venv/lib/python3.11/site-packages/airflow/example_dags/example_display_name.py for tasks to queue
[2024-09-24T20:06:02.509+0100] {logging_mixin.py:190} INFO - [2024-09-24T20:06:02.509+0100] {dagbag.py:588} INFO - Filling up the DagBag from /Users/rtewelde/airflow_venv/lib/python3.11/site-packages/airflow/example_dags/example_display_name.py
[2024-09-24T20:06:02.542+0100] {processor.py:925} INFO - DAG(s) 'example_display_name' retrieved from /Users/rtewelde/airflow_venv/lib/python3.11/site-packages/airflow/example_dags/example_display_name.py
[2024-09-24T20:06:02.685+0100] {logging_mixin.py:190} INFO - [2024-09-24T20:06:02.685+0100] {dag.py:3239} INFO - Sync 1 DAGs
[2024-09-24T20:06:02.696+0100] {logging_mixin.py:190} INFO - [2024-09-24T20:06:02.696+0100] {dag.py:4180} INFO - Setting next_dagrun for example_display_name to None, run_after=None
[2024-09-24T20:06:02.712+0100] {processor.py:208} INFO - Processing /Users/rtewelde/airflow_venv/lib/python3.11/site-packages/airflow/example_dags/example_display_name.py took 0.209 seconds
[2024-09-24T20:11:18.250+0100] {processor.py:186} INFO - Started process (PID=96182) to work on /Users/rtewelde/airflow_venv/lib/python3.11/site-packages/airflow/example_dags/example_display_name.py
[2024-09-24T20:11:18.252+0100] {processor.py:914} INFO - Processing file /Users/rtewelde/airflow_venv/lib/python3.11/site-packages/airflow/example_dags/example_display_name.py for tasks to queue
[2024-09-24T20:11:18.253+0100] {logging_mixin.py:190} INFO - [2024-09-24T20:11:18.253+0100] {dagbag.py:588} INFO - Filling up the DagBag from /Users/rtewelde/airflow_venv/lib/python3.11/site-packages/airflow/example_dags/example_display_name.py
[2024-09-24T20:11:18.287+0100] {processor.py:925} INFO - DAG(s) 'example_display_name' retrieved from /Users/rtewelde/airflow_venv/lib/python3.11/site-packages/airflow/example_dags/example_display_name.py
[2024-09-24T20:11:18.447+0100] {logging_mixin.py:190} INFO - [2024-09-24T20:11:18.446+0100] {dag.py:3239} INFO - Sync 1 DAGs
[2024-09-24T20:11:18.461+0100] {logging_mixin.py:190} INFO - [2024-09-24T20:11:18.461+0100] {dag.py:4180} INFO - Setting next_dagrun for example_display_name to None, run_after=None
[2024-09-24T20:11:18.479+0100] {processor.py:208} INFO - Processing /Users/rtewelde/airflow_venv/lib/python3.11/site-packages/airflow/example_dags/example_display_name.py took 0.231 seconds
[2024-09-24T20:16:05.130+0100] {processor.py:186} INFO - Started process (PID=97492) to work on /Users/rtewelde/airflow_venv/lib/python3.11/site-packages/airflow/example_dags/example_display_name.py
[2024-09-24T20:16:05.130+0100] {processor.py:914} INFO - Processing file /Users/rtewelde/airflow_venv/lib/python3.11/site-packages/airflow/example_dags/example_display_name.py for tasks to queue
[2024-09-24T20:16:05.131+0100] {logging_mixin.py:190} INFO - [2024-09-24T20:16:05.131+0100] {dagbag.py:588} INFO - Filling up the DagBag from /Users/rtewelde/airflow_venv/lib/python3.11/site-packages/airflow/example_dags/example_display_name.py
[2024-09-24T20:16:05.165+0100] {processor.py:925} INFO - DAG(s) 'example_display_name' retrieved from /Users/rtewelde/airflow_venv/lib/python3.11/site-packages/airflow/example_dags/example_display_name.py
[2024-09-24T20:16:05.377+0100] {logging_mixin.py:190} INFO - [2024-09-24T20:16:05.376+0100] {dag.py:3239} INFO - Sync 1 DAGs
[2024-09-24T20:16:05.388+0100] {logging_mixin.py:190} INFO - [2024-09-24T20:16:05.387+0100] {dag.py:4180} INFO - Setting next_dagrun for example_display_name to None, run_after=None
[2024-09-24T20:16:05.404+0100] {processor.py:208} INFO - Processing /Users/rtewelde/airflow_venv/lib/python3.11/site-packages/airflow/example_dags/example_display_name.py took 0.278 seconds
[2024-09-24T20:20:40.146+0100] {processor.py:186} INFO - Started process (PID=98753) to work on /Users/rtewelde/airflow_venv/lib/python3.11/site-packages/airflow/example_dags/example_display_name.py
[2024-09-24T20:20:40.147+0100] {processor.py:914} INFO - Processing file /Users/rtewelde/airflow_venv/lib/python3.11/site-packages/airflow/example_dags/example_display_name.py for tasks to queue
[2024-09-24T20:20:40.148+0100] {logging_mixin.py:190} INFO - [2024-09-24T20:20:40.148+0100] {dagbag.py:588} INFO - Filling up the DagBag from /Users/rtewelde/airflow_venv/lib/python3.11/site-packages/airflow/example_dags/example_display_name.py
[2024-09-24T20:20:40.180+0100] {processor.py:925} INFO - DAG(s) 'example_display_name' retrieved from /Users/rtewelde/airflow_venv/lib/python3.11/site-packages/airflow/example_dags/example_display_name.py
[2024-09-24T20:20:40.335+0100] {logging_mixin.py:190} INFO - [2024-09-24T20:20:40.334+0100] {dag.py:3239} INFO - Sync 1 DAGs
[2024-09-24T20:20:40.346+0100] {logging_mixin.py:190} INFO - [2024-09-24T20:20:40.346+0100] {dag.py:4180} INFO - Setting next_dagrun for example_display_name to None, run_after=None
[2024-09-24T20:20:40.362+0100] {processor.py:208} INFO - Processing /Users/rtewelde/airflow_venv/lib/python3.11/site-packages/airflow/example_dags/example_display_name.py took 0.219 seconds
[2024-09-24T20:25:23.337+0100] {processor.py:186} INFO - Started process (PID=238) to work on /Users/rtewelde/airflow_venv/lib/python3.11/site-packages/airflow/example_dags/example_display_name.py
[2024-09-24T20:25:23.338+0100] {processor.py:914} INFO - Processing file /Users/rtewelde/airflow_venv/lib/python3.11/site-packages/airflow/example_dags/example_display_name.py for tasks to queue
[2024-09-24T20:25:23.339+0100] {logging_mixin.py:190} INFO - [2024-09-24T20:25:23.339+0100] {dagbag.py:588} INFO - Filling up the DagBag from /Users/rtewelde/airflow_venv/lib/python3.11/site-packages/airflow/example_dags/example_display_name.py
[2024-09-24T20:25:23.370+0100] {processor.py:925} INFO - DAG(s) 'example_display_name' retrieved from /Users/rtewelde/airflow_venv/lib/python3.11/site-packages/airflow/example_dags/example_display_name.py
[2024-09-24T20:25:23.517+0100] {logging_mixin.py:190} INFO - [2024-09-24T20:25:23.517+0100] {dag.py:3239} INFO - Sync 1 DAGs
[2024-09-24T20:25:23.527+0100] {logging_mixin.py:190} INFO - [2024-09-24T20:25:23.527+0100] {dag.py:4180} INFO - Setting next_dagrun for example_display_name to None, run_after=None
[2024-09-24T20:25:23.544+0100] {processor.py:208} INFO - Processing /Users/rtewelde/airflow_venv/lib/python3.11/site-packages/airflow/example_dags/example_display_name.py took 0.209 seconds
