[2024-09-23T01:46:52.466+0100] {local_task_job_runner.py:123} INFO - ::group::Pre task execution logs
[2024-09-23T01:46:52.475+0100] {taskinstance.py:2612} INFO - Dependencies all met for dep_context=non-requeueable deps ti=<TaskInstance: hello_world_dag.hello_task scheduled__2024-09-22T00:00:00+00:00 [queued]>
[2024-09-23T01:46:52.480+0100] {taskinstance.py:2612} INFO - Dependencies all met for dep_context=requeueable deps ti=<TaskInstance: hello_world_dag.hello_task scheduled__2024-09-22T00:00:00+00:00 [queued]>
[2024-09-23T01:46:52.481+0100] {taskinstance.py:2865} INFO - Starting attempt 1 of 1
[2024-09-23T01:46:52.491+0100] {taskinstance.py:2888} INFO - Executing <Task(PythonOperator): hello_task> on 2024-09-22 00:00:00+00:00
[2024-09-23T01:46:52.494+0100] {standard_task_runner.py:72} INFO - Started process 95067 to run task
[2024-09-23T01:46:52.501+0100] {standard_task_runner.py:104} INFO - Running: ['airflow', 'tasks', 'run', 'hello_world_dag', 'hello_task', 'scheduled__2024-09-22T00:00:00+00:00', '--job-id', '12', '--raw', '--subdir', 'DAGS_FOLDER/hello_world.py', '--cfg-path', '/var/folders/fs/b76k8hkn5gdc__ng0088py8c0000gq/T/tmprturthty']
[2024-09-23T01:46:52.503+0100] {standard_task_runner.py:105} INFO - Job 12: Subtask hello_task
[2024-09-23T01:46:52.544+0100] {task_command.py:467} INFO - Running <TaskInstance: hello_world_dag.hello_task scheduled__2024-09-22T00:00:00+00:00 [running]> on host robbies-mbp.lan
[2024-09-23T01:46:52.606+0100] {taskinstance.py:3131} INFO - Exporting env vars: AIRFLOW_CTX_DAG_OWNER='airflow' AIRFLOW_CTX_DAG_ID='hello_world_dag' AIRFLOW_CTX_TASK_ID='hello_task' AIRFLOW_CTX_EXECUTION_DATE='2024-09-22T00:00:00+00:00' AIRFLOW_CTX_TRY_NUMBER='1' AIRFLOW_CTX_DAG_RUN_ID='scheduled__2024-09-22T00:00:00+00:00'
[2024-09-23T01:46:52.608+0100] {logging_mixin.py:190} INFO - Task instance is in running state
[2024-09-23T01:46:52.608+0100] {logging_mixin.py:190} INFO -  Previous state of the Task instance: queued
[2024-09-23T01:46:52.609+0100] {logging_mixin.py:190} INFO - Current task name:hello_task state:running start_date:2024-09-23 00:46:52.475302+00:00
[2024-09-23T01:46:52.609+0100] {logging_mixin.py:190} INFO - Dag name:hello_world_dag and current dag run status:running
[2024-09-23T01:46:52.610+0100] {taskinstance.py:731} INFO - ::endgroup::
[2024-09-23T01:46:52.611+0100] {logging_mixin.py:190} INFO - Hello, World!
[2024-09-23T01:46:52.611+0100] {python.py:240} INFO - Done. Returned value was: None
[2024-09-23T01:46:52.616+0100] {taskinstance.py:340} INFO - ::group::Post task execution logs
[2024-09-23T01:46:52.617+0100] {taskinstance.py:352} INFO - Marking task as SUCCESS. dag_id=hello_world_dag, task_id=hello_task, run_id=scheduled__2024-09-22T00:00:00+00:00, execution_date=20240922T000000, start_date=20240923T004652, end_date=20240923T004652
[2024-09-23T01:46:52.624+0100] {logging_mixin.py:190} INFO - Task instance in success state
[2024-09-23T01:46:52.625+0100] {logging_mixin.py:190} INFO -  Previous state of the Task instance: running
[2024-09-23T01:46:52.625+0100] {logging_mixin.py:190} INFO - Dag name:hello_world_dag queued_at:2024-09-23 00:46:49.757101+00:00
[2024-09-23T01:46:52.626+0100] {logging_mixin.py:190} INFO - Task hostname:robbies-mbp.lan operator:PythonOperator
[2024-09-23T01:46:52.637+0100] {local_task_job_runner.py:266} INFO - Task exited with return code 0
[2024-09-23T01:46:52.654+0100] {taskinstance.py:3900} INFO - 0 downstream tasks scheduled from follow-on schedule check
[2024-09-23T01:46:52.655+0100] {local_task_job_runner.py:245} INFO - ::endgroup::
