[2024-12-14T07:44:24.907+0000] {processor.py:186} INFO - Started process (PID=29357) to work on /Users/rtewelde/airflow_venv/lib/python3.11/site-packages/airflow/example_dags/example_sensor_decorator.py
[2024-12-14T07:44:24.908+0000] {processor.py:914} INFO - Processing file /Users/rtewelde/airflow_venv/lib/python3.11/site-packages/airflow/example_dags/example_sensor_decorator.py for tasks to queue
[2024-12-14T07:44:24.909+0000] {logging_mixin.py:190} INFO - [2024-12-14T07:44:24.909+0000] {dagbag.py:588} INFO - Filling up the DagBag from /Users/rtewelde/airflow_venv/lib/python3.11/site-packages/airflow/example_dags/example_sensor_decorator.py
[2024-12-14T07:44:24.941+0000] {processor.py:925} INFO - DAG(s) 'example_sensor_decorator' retrieved from /Users/rtewelde/airflow_venv/lib/python3.11/site-packages/airflow/example_dags/example_sensor_decorator.py
[2024-12-14T07:44:25.082+0000] {logging_mixin.py:190} INFO - [2024-12-14T07:44:25.082+0000] {workday.py:41} WARNING - Could not import pandas. Holidays will not be considered.
[2024-12-14T07:44:25.100+0000] {logging_mixin.py:190} INFO - [2024-12-14T07:44:25.100+0000] {dag.py:3239} INFO - Sync 1 DAGs
[2024-12-14T07:44:25.110+0000] {logging_mixin.py:190} INFO - [2024-12-14T07:44:25.110+0000] {dag.py:4180} INFO - Setting next_dagrun for example_sensor_decorator to None, run_after=None
[2024-12-14T07:44:25.125+0000] {processor.py:208} INFO - Processing /Users/rtewelde/airflow_venv/lib/python3.11/site-packages/airflow/example_dags/example_sensor_decorator.py took 0.222 seconds
[2024-12-14T07:55:40.341+0000] {processor.py:186} INFO - Started process (PID=33373) to work on /Users/rtewelde/airflow_venv/lib/python3.11/site-packages/airflow/example_dags/example_sensor_decorator.py
[2024-12-14T07:55:40.342+0000] {processor.py:914} INFO - Processing file /Users/rtewelde/airflow_venv/lib/python3.11/site-packages/airflow/example_dags/example_sensor_decorator.py for tasks to queue
[2024-12-14T07:55:40.343+0000] {logging_mixin.py:190} INFO - [2024-12-14T07:55:40.343+0000] {dagbag.py:588} INFO - Filling up the DagBag from /Users/rtewelde/airflow_venv/lib/python3.11/site-packages/airflow/example_dags/example_sensor_decorator.py
[2024-12-14T07:55:40.371+0000] {processor.py:925} INFO - DAG(s) 'example_sensor_decorator' retrieved from /Users/rtewelde/airflow_venv/lib/python3.11/site-packages/airflow/example_dags/example_sensor_decorator.py
[2024-12-14T07:55:40.514+0000] {logging_mixin.py:190} INFO - [2024-12-14T07:55:40.514+0000] {workday.py:41} WARNING - Could not import pandas. Holidays will not be considered.
[2024-12-14T07:55:40.530+0000] {logging_mixin.py:190} INFO - [2024-12-14T07:55:40.530+0000] {dag.py:3239} INFO - Sync 1 DAGs
[2024-12-14T07:55:40.540+0000] {logging_mixin.py:190} INFO - [2024-12-14T07:55:40.540+0000] {dag.py:4180} INFO - Setting next_dagrun for example_sensor_decorator to None, run_after=None
[2024-12-14T07:55:40.557+0000] {processor.py:208} INFO - Processing /Users/rtewelde/airflow_venv/lib/python3.11/site-packages/airflow/example_dags/example_sensor_decorator.py took 0.218 seconds
[2024-12-14T07:58:31.474+0000] {processor.py:186} INFO - Started process (PID=34881) to work on /Users/rtewelde/airflow_venv/lib/python3.11/site-packages/airflow/example_dags/example_sensor_decorator.py
[2024-12-14T07:58:31.476+0000] {processor.py:914} INFO - Processing file /Users/rtewelde/airflow_venv/lib/python3.11/site-packages/airflow/example_dags/example_sensor_decorator.py for tasks to queue
[2024-12-14T07:58:31.478+0000] {logging_mixin.py:190} INFO - [2024-12-14T07:58:31.477+0000] {dagbag.py:588} INFO - Filling up the DagBag from /Users/rtewelde/airflow_venv/lib/python3.11/site-packages/airflow/example_dags/example_sensor_decorator.py
[2024-12-14T07:58:31.538+0000] {processor.py:925} INFO - DAG(s) 'example_sensor_decorator' retrieved from /Users/rtewelde/airflow_venv/lib/python3.11/site-packages/airflow/example_dags/example_sensor_decorator.py
[2024-12-14T07:58:31.877+0000] {logging_mixin.py:190} INFO - [2024-12-14T07:58:31.876+0000] {workday.py:41} WARNING - Could not import pandas. Holidays will not be considered.
[2024-12-14T07:58:31.924+0000] {logging_mixin.py:190} INFO - [2024-12-14T07:58:31.924+0000] {dag.py:3239} INFO - Sync 1 DAGs
[2024-12-14T07:58:31.961+0000] {logging_mixin.py:190} INFO - [2024-12-14T07:58:31.960+0000] {dag.py:4180} INFO - Setting next_dagrun for example_sensor_decorator to None, run_after=None
[2024-12-14T07:58:32.009+0000] {processor.py:208} INFO - Processing /Users/rtewelde/airflow_venv/lib/python3.11/site-packages/airflow/example_dags/example_sensor_decorator.py took 0.540 seconds
[2024-12-14T08:00:59.691+0000] {processor.py:186} INFO - Started process (PID=36566) to work on /Users/rtewelde/airflow_venv/lib/python3.11/site-packages/airflow/example_dags/example_sensor_decorator.py
[2024-12-14T08:00:59.692+0000] {processor.py:914} INFO - Processing file /Users/rtewelde/airflow_venv/lib/python3.11/site-packages/airflow/example_dags/example_sensor_decorator.py for tasks to queue
[2024-12-14T08:00:59.693+0000] {logging_mixin.py:190} INFO - [2024-12-14T08:00:59.692+0000] {dagbag.py:588} INFO - Filling up the DagBag from /Users/rtewelde/airflow_venv/lib/python3.11/site-packages/airflow/example_dags/example_sensor_decorator.py
[2024-12-14T08:00:59.723+0000] {processor.py:925} INFO - DAG(s) 'example_sensor_decorator' retrieved from /Users/rtewelde/airflow_venv/lib/python3.11/site-packages/airflow/example_dags/example_sensor_decorator.py
[2024-12-14T08:00:59.864+0000] {logging_mixin.py:190} INFO - [2024-12-14T08:00:59.864+0000] {workday.py:41} WARNING - Could not import pandas. Holidays will not be considered.
[2024-12-14T08:00:59.880+0000] {logging_mixin.py:190} INFO - [2024-12-14T08:00:59.880+0000] {dag.py:3239} INFO - Sync 1 DAGs
[2024-12-14T08:00:59.891+0000] {logging_mixin.py:190} INFO - [2024-12-14T08:00:59.891+0000] {dag.py:4180} INFO - Setting next_dagrun for example_sensor_decorator to None, run_after=None
[2024-12-14T08:00:59.907+0000] {processor.py:208} INFO - Processing /Users/rtewelde/airflow_venv/lib/python3.11/site-packages/airflow/example_dags/example_sensor_decorator.py took 0.219 seconds
