[2024-12-14T07:43:59.212+0000] {processor.py:186} INFO - Started process (PID=29200) to work on /Users/rtewelde/airflow_venv/lib/python3.11/site-packages/airflow/example_dags/example_task_group.py
[2024-12-14T07:43:59.213+0000] {processor.py:914} INFO - Processing file /Users/rtewelde/airflow_venv/lib/python3.11/site-packages/airflow/example_dags/example_task_group.py for tasks to queue
[2024-12-14T07:43:59.214+0000] {logging_mixin.py:190} INFO - [2024-12-14T07:43:59.214+0000] {dagbag.py:588} INFO - Filling up the DagBag from /Users/rtewelde/airflow_venv/lib/python3.11/site-packages/airflow/example_dags/example_task_group.py
[2024-12-14T07:43:59.222+0000] {processor.py:925} INFO - DAG(s) 'example_task_group' retrieved from /Users/rtewelde/airflow_venv/lib/python3.11/site-packages/airflow/example_dags/example_task_group.py
[2024-12-14T07:43:59.364+0000] {logging_mixin.py:190} INFO - [2024-12-14T07:43:59.364+0000] {dag.py:3239} INFO - Sync 1 DAGs
[2024-12-14T07:43:59.375+0000] {logging_mixin.py:190} INFO - [2024-12-14T07:43:59.375+0000] {dag.py:4180} INFO - Setting next_dagrun for example_task_group to None, run_after=None
[2024-12-14T07:43:59.392+0000] {processor.py:208} INFO - Processing /Users/rtewelde/airflow_venv/lib/python3.11/site-packages/airflow/example_dags/example_task_group.py took 0.182 seconds
[2024-12-14T07:55:15.248+0000] {processor.py:186} INFO - Started process (PID=33243) to work on /Users/rtewelde/airflow_venv/lib/python3.11/site-packages/airflow/example_dags/example_task_group.py
[2024-12-14T07:55:15.249+0000] {processor.py:914} INFO - Processing file /Users/rtewelde/airflow_venv/lib/python3.11/site-packages/airflow/example_dags/example_task_group.py for tasks to queue
[2024-12-14T07:55:15.249+0000] {logging_mixin.py:190} INFO - [2024-12-14T07:55:15.249+0000] {dagbag.py:588} INFO - Filling up the DagBag from /Users/rtewelde/airflow_venv/lib/python3.11/site-packages/airflow/example_dags/example_task_group.py
[2024-12-14T07:55:15.257+0000] {processor.py:925} INFO - DAG(s) 'example_task_group' retrieved from /Users/rtewelde/airflow_venv/lib/python3.11/site-packages/airflow/example_dags/example_task_group.py
[2024-12-14T07:55:15.415+0000] {logging_mixin.py:190} INFO - [2024-12-14T07:55:15.415+0000] {dag.py:3239} INFO - Sync 1 DAGs
[2024-12-14T07:55:15.424+0000] {logging_mixin.py:190} INFO - [2024-12-14T07:55:15.424+0000] {dag.py:4180} INFO - Setting next_dagrun for example_task_group to None, run_after=None
[2024-12-14T07:55:15.441+0000] {processor.py:208} INFO - Processing /Users/rtewelde/airflow_venv/lib/python3.11/site-packages/airflow/example_dags/example_task_group.py took 0.195 seconds
[2024-12-14T07:58:01.767+0000] {processor.py:186} INFO - Started process (PID=34489) to work on /Users/rtewelde/airflow_venv/lib/python3.11/site-packages/airflow/example_dags/example_task_group.py
[2024-12-14T07:58:01.768+0000] {processor.py:914} INFO - Processing file /Users/rtewelde/airflow_venv/lib/python3.11/site-packages/airflow/example_dags/example_task_group.py for tasks to queue
[2024-12-14T07:58:01.769+0000] {logging_mixin.py:190} INFO - [2024-12-14T07:58:01.769+0000] {dagbag.py:588} INFO - Filling up the DagBag from /Users/rtewelde/airflow_venv/lib/python3.11/site-packages/airflow/example_dags/example_task_group.py
[2024-12-14T07:58:01.779+0000] {processor.py:925} INFO - DAG(s) 'example_task_group' retrieved from /Users/rtewelde/airflow_venv/lib/python3.11/site-packages/airflow/example_dags/example_task_group.py
[2024-12-14T07:58:01.937+0000] {logging_mixin.py:190} INFO - [2024-12-14T07:58:01.937+0000] {dag.py:3239} INFO - Sync 1 DAGs
[2024-12-14T07:58:01.947+0000] {logging_mixin.py:190} INFO - [2024-12-14T07:58:01.947+0000] {dag.py:4180} INFO - Setting next_dagrun for example_task_group to None, run_after=None
[2024-12-14T07:58:01.965+0000] {processor.py:208} INFO - Processing /Users/rtewelde/airflow_venv/lib/python3.11/site-packages/airflow/example_dags/example_task_group.py took 0.201 seconds
[2024-12-14T08:00:33.157+0000] {processor.py:186} INFO - Started process (PID=36339) to work on /Users/rtewelde/airflow_venv/lib/python3.11/site-packages/airflow/example_dags/example_task_group.py
[2024-12-14T08:00:33.159+0000] {processor.py:914} INFO - Processing file /Users/rtewelde/airflow_venv/lib/python3.11/site-packages/airflow/example_dags/example_task_group.py for tasks to queue
[2024-12-14T08:00:33.160+0000] {logging_mixin.py:190} INFO - [2024-12-14T08:00:33.159+0000] {dagbag.py:588} INFO - Filling up the DagBag from /Users/rtewelde/airflow_venv/lib/python3.11/site-packages/airflow/example_dags/example_task_group.py
[2024-12-14T08:00:33.168+0000] {processor.py:925} INFO - DAG(s) 'example_task_group' retrieved from /Users/rtewelde/airflow_venv/lib/python3.11/site-packages/airflow/example_dags/example_task_group.py
[2024-12-14T08:00:33.340+0000] {logging_mixin.py:190} INFO - [2024-12-14T08:00:33.339+0000] {dag.py:3239} INFO - Sync 1 DAGs
[2024-12-14T08:00:33.350+0000] {logging_mixin.py:190} INFO - [2024-12-14T08:00:33.350+0000] {dag.py:4180} INFO - Setting next_dagrun for example_task_group to None, run_after=None
[2024-12-14T08:00:33.367+0000] {processor.py:208} INFO - Processing /Users/rtewelde/airflow_venv/lib/python3.11/site-packages/airflow/example_dags/example_task_group.py took 0.212 seconds
[2024-12-14T08:02:57.453+0000] {processor.py:186} INFO - Started process (PID=37565) to work on /Users/rtewelde/airflow_venv/lib/python3.11/site-packages/airflow/example_dags/example_task_group.py
[2024-12-14T08:02:57.455+0000] {processor.py:914} INFO - Processing file /Users/rtewelde/airflow_venv/lib/python3.11/site-packages/airflow/example_dags/example_task_group.py for tasks to queue
[2024-12-14T08:02:57.456+0000] {logging_mixin.py:190} INFO - [2024-12-14T08:02:57.456+0000] {dagbag.py:588} INFO - Filling up the DagBag from /Users/rtewelde/airflow_venv/lib/python3.11/site-packages/airflow/example_dags/example_task_group.py
[2024-12-14T08:02:57.466+0000] {processor.py:925} INFO - DAG(s) 'example_task_group' retrieved from /Users/rtewelde/airflow_venv/lib/python3.11/site-packages/airflow/example_dags/example_task_group.py
[2024-12-14T08:02:57.619+0000] {logging_mixin.py:190} INFO - [2024-12-14T08:02:57.619+0000] {dag.py:3239} INFO - Sync 1 DAGs
[2024-12-14T08:02:57.629+0000] {logging_mixin.py:190} INFO - [2024-12-14T08:02:57.628+0000] {dag.py:4180} INFO - Setting next_dagrun for example_task_group to None, run_after=None
[2024-12-14T08:02:57.646+0000] {processor.py:208} INFO - Processing /Users/rtewelde/airflow_venv/lib/python3.11/site-packages/airflow/example_dags/example_task_group.py took 0.195 seconds
