[2024-12-14T07:43:50.147+0000] {processor.py:186} INFO - Started process (PID=29123) to work on /Users/rtewelde/airflow_venv/lib/python3.11/site-packages/airflow/example_dags/example_trigger_controller_dag.py
[2024-12-14T07:43:50.148+0000] {processor.py:914} INFO - Processing file /Users/rtewelde/airflow_venv/lib/python3.11/site-packages/airflow/example_dags/example_trigger_controller_dag.py for tasks to queue
[2024-12-14T07:43:50.149+0000] {logging_mixin.py:190} INFO - [2024-12-14T07:43:50.149+0000] {dagbag.py:588} INFO - Filling up the DagBag from /Users/rtewelde/airflow_venv/lib/python3.11/site-packages/airflow/example_dags/example_trigger_controller_dag.py
[2024-12-14T07:43:50.158+0000] {processor.py:925} INFO - DAG(s) 'example_trigger_controller_dag' retrieved from /Users/rtewelde/airflow_venv/lib/python3.11/site-packages/airflow/example_dags/example_trigger_controller_dag.py
[2024-12-14T07:43:50.300+0000] {logging_mixin.py:190} INFO - [2024-12-14T07:43:50.300+0000] {dag.py:3239} INFO - Sync 1 DAGs
[2024-12-14T07:43:50.316+0000] {logging_mixin.py:190} INFO - [2024-12-14T07:43:50.316+0000] {dag.py:4180} INFO - Setting next_dagrun for example_trigger_controller_dag to 2021-01-01 00:00:00+00:00, run_after=2021-01-01 00:00:00+00:00
[2024-12-14T07:43:50.337+0000] {processor.py:208} INFO - Processing /Users/rtewelde/airflow_venv/lib/python3.11/site-packages/airflow/example_dags/example_trigger_controller_dag.py took 0.192 seconds
[2024-12-14T07:55:06.959+0000] {processor.py:186} INFO - Started process (PID=33192) to work on /Users/rtewelde/airflow_venv/lib/python3.11/site-packages/airflow/example_dags/example_trigger_controller_dag.py
[2024-12-14T07:55:06.960+0000] {processor.py:914} INFO - Processing file /Users/rtewelde/airflow_venv/lib/python3.11/site-packages/airflow/example_dags/example_trigger_controller_dag.py for tasks to queue
[2024-12-14T07:55:06.962+0000] {logging_mixin.py:190} INFO - [2024-12-14T07:55:06.962+0000] {dagbag.py:588} INFO - Filling up the DagBag from /Users/rtewelde/airflow_venv/lib/python3.11/site-packages/airflow/example_dags/example_trigger_controller_dag.py
[2024-12-14T07:55:06.972+0000] {processor.py:925} INFO - DAG(s) 'example_trigger_controller_dag' retrieved from /Users/rtewelde/airflow_venv/lib/python3.11/site-packages/airflow/example_dags/example_trigger_controller_dag.py
[2024-12-14T07:55:07.109+0000] {logging_mixin.py:190} INFO - [2024-12-14T07:55:07.108+0000] {dag.py:3239} INFO - Sync 1 DAGs
[2024-12-14T07:55:07.122+0000] {logging_mixin.py:190} INFO - [2024-12-14T07:55:07.122+0000] {dag.py:4180} INFO - Setting next_dagrun for example_trigger_controller_dag to 2021-01-01 00:00:00+00:00, run_after=2021-01-01 00:00:00+00:00
[2024-12-14T07:55:07.136+0000] {processor.py:208} INFO - Processing /Users/rtewelde/airflow_venv/lib/python3.11/site-packages/airflow/example_dags/example_trigger_controller_dag.py took 0.179 seconds
[2024-12-14T07:57:53.177+0000] {processor.py:186} INFO - Started process (PID=34401) to work on /Users/rtewelde/airflow_venv/lib/python3.11/site-packages/airflow/example_dags/example_trigger_controller_dag.py
[2024-12-14T07:57:53.178+0000] {processor.py:914} INFO - Processing file /Users/rtewelde/airflow_venv/lib/python3.11/site-packages/airflow/example_dags/example_trigger_controller_dag.py for tasks to queue
[2024-12-14T07:57:53.180+0000] {logging_mixin.py:190} INFO - [2024-12-14T07:57:53.180+0000] {dagbag.py:588} INFO - Filling up the DagBag from /Users/rtewelde/airflow_venv/lib/python3.11/site-packages/airflow/example_dags/example_trigger_controller_dag.py
[2024-12-14T07:57:53.194+0000] {processor.py:925} INFO - DAG(s) 'example_trigger_controller_dag' retrieved from /Users/rtewelde/airflow_venv/lib/python3.11/site-packages/airflow/example_dags/example_trigger_controller_dag.py
[2024-12-14T07:57:53.334+0000] {logging_mixin.py:190} INFO - [2024-12-14T07:57:53.334+0000] {dag.py:3239} INFO - Sync 1 DAGs
[2024-12-14T07:57:53.349+0000] {logging_mixin.py:190} INFO - [2024-12-14T07:57:53.349+0000] {dag.py:4180} INFO - Setting next_dagrun for example_trigger_controller_dag to 2021-01-01 00:00:00+00:00, run_after=2021-01-01 00:00:00+00:00
[2024-12-14T07:57:53.365+0000] {processor.py:208} INFO - Processing /Users/rtewelde/airflow_venv/lib/python3.11/site-packages/airflow/example_dags/example_trigger_controller_dag.py took 0.191 seconds
[2024-12-14T08:00:24.710+0000] {processor.py:186} INFO - Started process (PID=36295) to work on /Users/rtewelde/airflow_venv/lib/python3.11/site-packages/airflow/example_dags/example_trigger_controller_dag.py
[2024-12-14T08:00:24.712+0000] {processor.py:914} INFO - Processing file /Users/rtewelde/airflow_venv/lib/python3.11/site-packages/airflow/example_dags/example_trigger_controller_dag.py for tasks to queue
[2024-12-14T08:00:24.714+0000] {logging_mixin.py:190} INFO - [2024-12-14T08:00:24.713+0000] {dagbag.py:588} INFO - Filling up the DagBag from /Users/rtewelde/airflow_venv/lib/python3.11/site-packages/airflow/example_dags/example_trigger_controller_dag.py
[2024-12-14T08:00:24.725+0000] {processor.py:925} INFO - DAG(s) 'example_trigger_controller_dag' retrieved from /Users/rtewelde/airflow_venv/lib/python3.11/site-packages/airflow/example_dags/example_trigger_controller_dag.py
[2024-12-14T08:00:24.878+0000] {logging_mixin.py:190} INFO - [2024-12-14T08:00:24.878+0000] {dag.py:3239} INFO - Sync 1 DAGs
[2024-12-14T08:00:24.894+0000] {logging_mixin.py:190} INFO - [2024-12-14T08:00:24.894+0000] {dag.py:4180} INFO - Setting next_dagrun for example_trigger_controller_dag to 2021-01-01 00:00:00+00:00, run_after=2021-01-01 00:00:00+00:00
[2024-12-14T08:00:24.913+0000] {processor.py:208} INFO - Processing /Users/rtewelde/airflow_venv/lib/python3.11/site-packages/airflow/example_dags/example_trigger_controller_dag.py took 0.205 seconds
