[2024-12-14T07:44:21.899+0000] {processor.py:186} INFO - Started process (PID=29347) to work on /Users/rtewelde/airflow_venv/lib/python3.11/site-packages/airflow/example_dags/example_sensors.py
[2024-12-14T07:44:21.900+0000] {processor.py:914} INFO - Processing file /Users/rtewelde/airflow_venv/lib/python3.11/site-packages/airflow/example_dags/example_sensors.py for tasks to queue
[2024-12-14T07:44:21.901+0000] {logging_mixin.py:190} INFO - [2024-12-14T07:44:21.901+0000] {dagbag.py:588} INFO - Filling up the DagBag from /Users/rtewelde/airflow_venv/lib/python3.11/site-packages/airflow/example_dags/example_sensors.py
[2024-12-14T07:44:21.916+0000] {processor.py:925} INFO - DAG(s) 'example_sensors' retrieved from /Users/rtewelde/airflow_venv/lib/python3.11/site-packages/airflow/example_dags/example_sensors.py
[2024-12-14T07:44:22.069+0000] {logging_mixin.py:190} INFO - [2024-12-14T07:44:22.069+0000] {workday.py:41} WARNING - Could not import pandas. Holidays will not be considered.
[2024-12-14T07:44:22.097+0000] {logging_mixin.py:190} INFO - [2024-12-14T07:44:22.097+0000] {dag.py:3239} INFO - Sync 1 DAGs
[2024-12-14T07:44:22.108+0000] {logging_mixin.py:190} INFO - [2024-12-14T07:44:22.107+0000] {dag.py:4180} INFO - Setting next_dagrun for example_sensors to None, run_after=None
[2024-12-14T07:44:22.126+0000] {processor.py:208} INFO - Processing /Users/rtewelde/airflow_venv/lib/python3.11/site-packages/airflow/example_dags/example_sensors.py took 0.229 seconds
[2024-12-14T07:55:37.562+0000] {processor.py:186} INFO - Started process (PID=33353) to work on /Users/rtewelde/airflow_venv/lib/python3.11/site-packages/airflow/example_dags/example_sensors.py
[2024-12-14T07:55:37.563+0000] {processor.py:914} INFO - Processing file /Users/rtewelde/airflow_venv/lib/python3.11/site-packages/airflow/example_dags/example_sensors.py for tasks to queue
[2024-12-14T07:55:37.564+0000] {logging_mixin.py:190} INFO - [2024-12-14T07:55:37.564+0000] {dagbag.py:588} INFO - Filling up the DagBag from /Users/rtewelde/airflow_venv/lib/python3.11/site-packages/airflow/example_dags/example_sensors.py
[2024-12-14T07:55:37.576+0000] {processor.py:925} INFO - DAG(s) 'example_sensors' retrieved from /Users/rtewelde/airflow_venv/lib/python3.11/site-packages/airflow/example_dags/example_sensors.py
[2024-12-14T07:55:37.704+0000] {logging_mixin.py:190} INFO - [2024-12-14T07:55:37.703+0000] {workday.py:41} WARNING - Could not import pandas. Holidays will not be considered.
[2024-12-14T07:55:37.727+0000] {logging_mixin.py:190} INFO - [2024-12-14T07:55:37.727+0000] {dag.py:3239} INFO - Sync 1 DAGs
[2024-12-14T07:55:37.738+0000] {logging_mixin.py:190} INFO - [2024-12-14T07:55:37.738+0000] {dag.py:4180} INFO - Setting next_dagrun for example_sensors to None, run_after=None
[2024-12-14T07:55:37.754+0000] {processor.py:208} INFO - Processing /Users/rtewelde/airflow_venv/lib/python3.11/site-packages/airflow/example_dags/example_sensors.py took 0.194 seconds
[2024-12-14T07:58:27.790+0000] {processor.py:186} INFO - Started process (PID=34850) to work on /Users/rtewelde/airflow_venv/lib/python3.11/site-packages/airflow/example_dags/example_sensors.py
[2024-12-14T07:58:27.791+0000] {processor.py:914} INFO - Processing file /Users/rtewelde/airflow_venv/lib/python3.11/site-packages/airflow/example_dags/example_sensors.py for tasks to queue
[2024-12-14T07:58:27.792+0000] {logging_mixin.py:190} INFO - [2024-12-14T07:58:27.791+0000] {dagbag.py:588} INFO - Filling up the DagBag from /Users/rtewelde/airflow_venv/lib/python3.11/site-packages/airflow/example_dags/example_sensors.py
[2024-12-14T07:58:27.809+0000] {processor.py:925} INFO - DAG(s) 'example_sensors' retrieved from /Users/rtewelde/airflow_venv/lib/python3.11/site-packages/airflow/example_dags/example_sensors.py
[2024-12-14T07:58:27.959+0000] {logging_mixin.py:190} INFO - [2024-12-14T07:58:27.959+0000] {workday.py:41} WARNING - Could not import pandas. Holidays will not be considered.
[2024-12-14T07:58:27.985+0000] {logging_mixin.py:190} INFO - [2024-12-14T07:58:27.984+0000] {dag.py:3239} INFO - Sync 1 DAGs
[2024-12-14T07:58:27.995+0000] {logging_mixin.py:190} INFO - [2024-12-14T07:58:27.994+0000] {dag.py:4180} INFO - Setting next_dagrun for example_sensors to None, run_after=None
[2024-12-14T07:58:28.012+0000] {processor.py:208} INFO - Processing /Users/rtewelde/airflow_venv/lib/python3.11/site-packages/airflow/example_dags/example_sensors.py took 0.225 seconds
[2024-12-14T08:00:56.664+0000] {processor.py:186} INFO - Started process (PID=36553) to work on /Users/rtewelde/airflow_venv/lib/python3.11/site-packages/airflow/example_dags/example_sensors.py
[2024-12-14T08:00:56.666+0000] {processor.py:914} INFO - Processing file /Users/rtewelde/airflow_venv/lib/python3.11/site-packages/airflow/example_dags/example_sensors.py for tasks to queue
[2024-12-14T08:00:56.667+0000] {logging_mixin.py:190} INFO - [2024-12-14T08:00:56.667+0000] {dagbag.py:588} INFO - Filling up the DagBag from /Users/rtewelde/airflow_venv/lib/python3.11/site-packages/airflow/example_dags/example_sensors.py
[2024-12-14T08:00:56.685+0000] {processor.py:925} INFO - DAG(s) 'example_sensors' retrieved from /Users/rtewelde/airflow_venv/lib/python3.11/site-packages/airflow/example_dags/example_sensors.py
[2024-12-14T08:00:56.828+0000] {logging_mixin.py:190} INFO - [2024-12-14T08:00:56.828+0000] {workday.py:41} WARNING - Could not import pandas. Holidays will not be considered.
[2024-12-14T08:00:56.855+0000] {logging_mixin.py:190} INFO - [2024-12-14T08:00:56.854+0000] {dag.py:3239} INFO - Sync 1 DAGs
[2024-12-14T08:00:56.866+0000] {logging_mixin.py:190} INFO - [2024-12-14T08:00:56.865+0000] {dag.py:4180} INFO - Setting next_dagrun for example_sensors to None, run_after=None
[2024-12-14T08:00:56.884+0000] {processor.py:208} INFO - Processing /Users/rtewelde/airflow_venv/lib/python3.11/site-packages/airflow/example_dags/example_sensors.py took 0.223 seconds
