[2024-12-14T07:44:43.008+0000] {processor.py:186} INFO - Started process (PID=29435) to work on /Users/rtewelde/airflow_venv/lib/python3.11/site-packages/airflow/example_dags/example_outlet_event_extra.py
[2024-12-14T07:44:43.009+0000] {processor.py:914} INFO - Processing file /Users/rtewelde/airflow_venv/lib/python3.11/site-packages/airflow/example_dags/example_outlet_event_extra.py for tasks to queue
[2024-12-14T07:44:43.009+0000] {logging_mixin.py:190} INFO - [2024-12-14T07:44:43.009+0000] {dagbag.py:588} INFO - Filling up the DagBag from /Users/rtewelde/airflow_venv/lib/python3.11/site-packages/airflow/example_dags/example_outlet_event_extra.py
[2024-12-14T07:44:43.083+0000] {processor.py:925} INFO - DAG(s) 'dataset_with_extra_by_context', 'dataset_with_extra_from_classic_operator', 'dataset_with_extra_by_yield' retrieved from /Users/rtewelde/airflow_venv/lib/python3.11/site-packages/airflow/example_dags/example_outlet_event_extra.py
[2024-12-14T07:44:43.236+0000] {logging_mixin.py:190} INFO - [2024-12-14T07:44:43.236+0000] {dag.py:3239} INFO - Sync 3 DAGs
[2024-12-14T07:44:43.256+0000] {logging_mixin.py:190} INFO - [2024-12-14T07:44:43.256+0000] {dag.py:4180} INFO - Setting next_dagrun for dataset_with_extra_by_context to 2024-12-13 00:00:00+00:00, run_after=2024-12-14 00:00:00+00:00
[2024-12-14T07:44:43.260+0000] {logging_mixin.py:190} INFO - [2024-12-14T07:44:43.259+0000] {dag.py:4180} INFO - Setting next_dagrun for dataset_with_extra_by_yield to 2024-12-13 00:00:00+00:00, run_after=2024-12-14 00:00:00+00:00
[2024-12-14T07:44:43.262+0000] {logging_mixin.py:190} INFO - [2024-12-14T07:44:43.262+0000] {dag.py:4180} INFO - Setting next_dagrun for dataset_with_extra_from_classic_operator to 2024-12-13 00:00:00+00:00, run_after=2024-12-14 00:00:00+00:00
[2024-12-14T07:44:43.280+0000] {processor.py:208} INFO - Processing /Users/rtewelde/airflow_venv/lib/python3.11/site-packages/airflow/example_dags/example_outlet_event_extra.py took 0.275 seconds
[2024-12-14T07:55:57.822+0000] {processor.py:186} INFO - Started process (PID=33449) to work on /Users/rtewelde/airflow_venv/lib/python3.11/site-packages/airflow/example_dags/example_outlet_event_extra.py
[2024-12-14T07:55:57.823+0000] {processor.py:914} INFO - Processing file /Users/rtewelde/airflow_venv/lib/python3.11/site-packages/airflow/example_dags/example_outlet_event_extra.py for tasks to queue
[2024-12-14T07:55:57.824+0000] {logging_mixin.py:190} INFO - [2024-12-14T07:55:57.823+0000] {dagbag.py:588} INFO - Filling up the DagBag from /Users/rtewelde/airflow_venv/lib/python3.11/site-packages/airflow/example_dags/example_outlet_event_extra.py
[2024-12-14T07:55:57.892+0000] {processor.py:925} INFO - DAG(s) 'dataset_with_extra_from_classic_operator', 'dataset_with_extra_by_yield', 'dataset_with_extra_by_context' retrieved from /Users/rtewelde/airflow_venv/lib/python3.11/site-packages/airflow/example_dags/example_outlet_event_extra.py
[2024-12-14T07:55:58.041+0000] {logging_mixin.py:190} INFO - [2024-12-14T07:55:58.040+0000] {dag.py:3239} INFO - Sync 3 DAGs
[2024-12-14T07:55:58.059+0000] {logging_mixin.py:190} INFO - [2024-12-14T07:55:58.058+0000] {dag.py:4180} INFO - Setting next_dagrun for dataset_with_extra_by_context to 2024-12-13 00:00:00+00:00, run_after=2024-12-14 00:00:00+00:00
[2024-12-14T07:55:58.063+0000] {logging_mixin.py:190} INFO - [2024-12-14T07:55:58.063+0000] {dag.py:4180} INFO - Setting next_dagrun for dataset_with_extra_by_yield to 2024-12-13 00:00:00+00:00, run_after=2024-12-14 00:00:00+00:00
[2024-12-14T07:55:58.066+0000] {logging_mixin.py:190} INFO - [2024-12-14T07:55:58.065+0000] {dag.py:4180} INFO - Setting next_dagrun for dataset_with_extra_from_classic_operator to 2024-12-13 00:00:00+00:00, run_after=2024-12-14 00:00:00+00:00
[2024-12-14T07:55:58.085+0000] {processor.py:208} INFO - Processing /Users/rtewelde/airflow_venv/lib/python3.11/site-packages/airflow/example_dags/example_outlet_event_extra.py took 0.265 seconds
[2024-12-14T07:58:54.244+0000] {processor.py:186} INFO - Started process (PID=35450) to work on /Users/rtewelde/airflow_venv/lib/python3.11/site-packages/airflow/example_dags/example_outlet_event_extra.py
[2024-12-14T07:58:54.245+0000] {processor.py:914} INFO - Processing file /Users/rtewelde/airflow_venv/lib/python3.11/site-packages/airflow/example_dags/example_outlet_event_extra.py for tasks to queue
[2024-12-14T07:58:54.246+0000] {logging_mixin.py:190} INFO - [2024-12-14T07:58:54.246+0000] {dagbag.py:588} INFO - Filling up the DagBag from /Users/rtewelde/airflow_venv/lib/python3.11/site-packages/airflow/example_dags/example_outlet_event_extra.py
[2024-12-14T07:58:54.326+0000] {processor.py:925} INFO - DAG(s) 'dataset_with_extra_by_context', 'dataset_with_extra_by_yield', 'dataset_with_extra_from_classic_operator' retrieved from /Users/rtewelde/airflow_venv/lib/python3.11/site-packages/airflow/example_dags/example_outlet_event_extra.py
[2024-12-14T07:58:54.472+0000] {logging_mixin.py:190} INFO - [2024-12-14T07:58:54.472+0000] {dag.py:3239} INFO - Sync 3 DAGs
[2024-12-14T07:58:54.493+0000] {logging_mixin.py:190} INFO - [2024-12-14T07:58:54.493+0000] {dag.py:4180} INFO - Setting next_dagrun for dataset_with_extra_by_context to 2024-12-13 00:00:00+00:00, run_after=2024-12-14 00:00:00+00:00
[2024-12-14T07:58:54.497+0000] {logging_mixin.py:190} INFO - [2024-12-14T07:58:54.497+0000] {dag.py:4180} INFO - Setting next_dagrun for dataset_with_extra_by_yield to 2024-12-13 00:00:00+00:00, run_after=2024-12-14 00:00:00+00:00
[2024-12-14T07:58:54.499+0000] {logging_mixin.py:190} INFO - [2024-12-14T07:58:54.499+0000] {dag.py:4180} INFO - Setting next_dagrun for dataset_with_extra_from_classic_operator to 2024-12-13 00:00:00+00:00, run_after=2024-12-14 00:00:00+00:00
[2024-12-14T07:58:54.517+0000] {processor.py:208} INFO - Processing /Users/rtewelde/airflow_venv/lib/python3.11/site-packages/airflow/example_dags/example_outlet_event_extra.py took 0.275 seconds
[2024-12-14T08:01:19.029+0000] {processor.py:186} INFO - Started process (PID=36727) to work on /Users/rtewelde/airflow_venv/lib/python3.11/site-packages/airflow/example_dags/example_outlet_event_extra.py
[2024-12-14T08:01:19.030+0000] {processor.py:914} INFO - Processing file /Users/rtewelde/airflow_venv/lib/python3.11/site-packages/airflow/example_dags/example_outlet_event_extra.py for tasks to queue
[2024-12-14T08:01:19.031+0000] {logging_mixin.py:190} INFO - [2024-12-14T08:01:19.031+0000] {dagbag.py:588} INFO - Filling up the DagBag from /Users/rtewelde/airflow_venv/lib/python3.11/site-packages/airflow/example_dags/example_outlet_event_extra.py
[2024-12-14T08:01:19.123+0000] {processor.py:925} INFO - DAG(s) 'dataset_with_extra_by_yield', 'dataset_with_extra_by_context', 'dataset_with_extra_from_classic_operator' retrieved from /Users/rtewelde/airflow_venv/lib/python3.11/site-packages/airflow/example_dags/example_outlet_event_extra.py
[2024-12-14T08:01:19.287+0000] {logging_mixin.py:190} INFO - [2024-12-14T08:01:19.287+0000] {dag.py:3239} INFO - Sync 3 DAGs
[2024-12-14T08:01:19.306+0000] {logging_mixin.py:190} INFO - [2024-12-14T08:01:19.305+0000] {dag.py:4180} INFO - Setting next_dagrun for dataset_with_extra_by_context to 2024-12-13 00:00:00+00:00, run_after=2024-12-14 00:00:00+00:00
[2024-12-14T08:01:19.310+0000] {logging_mixin.py:190} INFO - [2024-12-14T08:01:19.310+0000] {dag.py:4180} INFO - Setting next_dagrun for dataset_with_extra_by_yield to 2024-12-13 00:00:00+00:00, run_after=2024-12-14 00:00:00+00:00
[2024-12-14T08:01:19.313+0000] {logging_mixin.py:190} INFO - [2024-12-14T08:01:19.312+0000] {dag.py:4180} INFO - Setting next_dagrun for dataset_with_extra_from_classic_operator to 2024-12-13 00:00:00+00:00, run_after=2024-12-14 00:00:00+00:00
[2024-12-14T08:01:19.331+0000] {processor.py:208} INFO - Processing /Users/rtewelde/airflow_venv/lib/python3.11/site-packages/airflow/example_dags/example_outlet_event_extra.py took 0.306 seconds
