[2024-12-14T07:44:13.651+0000] {processor.py:186} INFO - Started process (PID=29292) to work on /Users/rtewelde/airflow_venv/lib/python3.11/site-packages/airflow/example_dags/example_short_circuit_decorator.py
[2024-12-14T07:44:13.652+0000] {processor.py:914} INFO - Processing file /Users/rtewelde/airflow_venv/lib/python3.11/site-packages/airflow/example_dags/example_short_circuit_decorator.py for tasks to queue
[2024-12-14T07:44:13.653+0000] {logging_mixin.py:190} INFO - [2024-12-14T07:44:13.653+0000] {dagbag.py:588} INFO - Filling up the DagBag from /Users/rtewelde/airflow_venv/lib/python3.11/site-packages/airflow/example_dags/example_short_circuit_decorator.py
[2024-12-14T07:44:13.689+0000] {processor.py:925} INFO - DAG(s) 'example_short_circuit_decorator' retrieved from /Users/rtewelde/airflow_venv/lib/python3.11/site-packages/airflow/example_dags/example_short_circuit_decorator.py
[2024-12-14T07:44:13.831+0000] {logging_mixin.py:190} INFO - [2024-12-14T07:44:13.831+0000] {dag.py:3239} INFO - Sync 1 DAGs
[2024-12-14T07:44:13.841+0000] {logging_mixin.py:190} INFO - [2024-12-14T07:44:13.841+0000] {dag.py:4180} INFO - Setting next_dagrun for example_short_circuit_decorator to None, run_after=None
[2024-12-14T07:44:13.858+0000] {processor.py:208} INFO - Processing /Users/rtewelde/airflow_venv/lib/python3.11/site-packages/airflow/example_dags/example_short_circuit_decorator.py took 0.209 seconds
[2024-12-14T07:55:29.658+0000] {processor.py:186} INFO - Started process (PID=33325) to work on /Users/rtewelde/airflow_venv/lib/python3.11/site-packages/airflow/example_dags/example_short_circuit_decorator.py
[2024-12-14T07:55:29.658+0000] {processor.py:914} INFO - Processing file /Users/rtewelde/airflow_venv/lib/python3.11/site-packages/airflow/example_dags/example_short_circuit_decorator.py for tasks to queue
[2024-12-14T07:55:29.659+0000] {logging_mixin.py:190} INFO - [2024-12-14T07:55:29.659+0000] {dagbag.py:588} INFO - Filling up the DagBag from /Users/rtewelde/airflow_venv/lib/python3.11/site-packages/airflow/example_dags/example_short_circuit_decorator.py
[2024-12-14T07:55:29.692+0000] {processor.py:925} INFO - DAG(s) 'example_short_circuit_decorator' retrieved from /Users/rtewelde/airflow_venv/lib/python3.11/site-packages/airflow/example_dags/example_short_circuit_decorator.py
[2024-12-14T07:55:29.846+0000] {logging_mixin.py:190} INFO - [2024-12-14T07:55:29.845+0000] {dag.py:3239} INFO - Sync 1 DAGs
[2024-12-14T07:55:29.856+0000] {logging_mixin.py:190} INFO - [2024-12-14T07:55:29.856+0000] {dag.py:4180} INFO - Setting next_dagrun for example_short_circuit_decorator to None, run_after=None
[2024-12-14T07:55:29.872+0000] {processor.py:208} INFO - Processing /Users/rtewelde/airflow_venv/lib/python3.11/site-packages/airflow/example_dags/example_short_circuit_decorator.py took 0.216 seconds
[2024-12-14T07:58:16.723+0000] {processor.py:186} INFO - Started process (PID=34566) to work on /Users/rtewelde/airflow_venv/lib/python3.11/site-packages/airflow/example_dags/example_short_circuit_decorator.py
[2024-12-14T07:58:16.725+0000] {processor.py:914} INFO - Processing file /Users/rtewelde/airflow_venv/lib/python3.11/site-packages/airflow/example_dags/example_short_circuit_decorator.py for tasks to queue
[2024-12-14T07:58:16.726+0000] {logging_mixin.py:190} INFO - [2024-12-14T07:58:16.725+0000] {dagbag.py:588} INFO - Filling up the DagBag from /Users/rtewelde/airflow_venv/lib/python3.11/site-packages/airflow/example_dags/example_short_circuit_decorator.py
[2024-12-14T07:58:16.766+0000] {processor.py:925} INFO - DAG(s) 'example_short_circuit_decorator' retrieved from /Users/rtewelde/airflow_venv/lib/python3.11/site-packages/airflow/example_dags/example_short_circuit_decorator.py
[2024-12-14T07:58:16.933+0000] {logging_mixin.py:190} INFO - [2024-12-14T07:58:16.933+0000] {dag.py:3239} INFO - Sync 1 DAGs
[2024-12-14T07:58:16.945+0000] {logging_mixin.py:190} INFO - [2024-12-14T07:58:16.945+0000] {dag.py:4180} INFO - Setting next_dagrun for example_short_circuit_decorator to None, run_after=None
[2024-12-14T07:58:16.963+0000] {processor.py:208} INFO - Processing /Users/rtewelde/airflow_venv/lib/python3.11/site-packages/airflow/example_dags/example_short_circuit_decorator.py took 0.243 seconds
[2024-12-14T08:00:47.675+0000] {processor.py:186} INFO - Started process (PID=36459) to work on /Users/rtewelde/airflow_venv/lib/python3.11/site-packages/airflow/example_dags/example_short_circuit_decorator.py
[2024-12-14T08:00:47.680+0000] {processor.py:914} INFO - Processing file /Users/rtewelde/airflow_venv/lib/python3.11/site-packages/airflow/example_dags/example_short_circuit_decorator.py for tasks to queue
[2024-12-14T08:00:47.681+0000] {logging_mixin.py:190} INFO - [2024-12-14T08:00:47.681+0000] {dagbag.py:588} INFO - Filling up the DagBag from /Users/rtewelde/airflow_venv/lib/python3.11/site-packages/airflow/example_dags/example_short_circuit_decorator.py
[2024-12-14T08:00:47.717+0000] {processor.py:925} INFO - DAG(s) 'example_short_circuit_decorator' retrieved from /Users/rtewelde/airflow_venv/lib/python3.11/site-packages/airflow/example_dags/example_short_circuit_decorator.py
[2024-12-14T08:00:47.870+0000] {logging_mixin.py:190} INFO - [2024-12-14T08:00:47.869+0000] {dag.py:3239} INFO - Sync 1 DAGs
[2024-12-14T08:00:47.880+0000] {logging_mixin.py:190} INFO - [2024-12-14T08:00:47.880+0000] {dag.py:4180} INFO - Setting next_dagrun for example_short_circuit_decorator to None, run_after=None
[2024-12-14T08:00:47.899+0000] {processor.py:208} INFO - Processing /Users/rtewelde/airflow_venv/lib/python3.11/site-packages/airflow/example_dags/example_short_circuit_decorator.py took 0.226 seconds
[2024-12-14T08:03:12.347+0000] {processor.py:186} INFO - Started process (PID=37677) to work on /Users/rtewelde/airflow_venv/lib/python3.11/site-packages/airflow/example_dags/example_short_circuit_decorator.py
[2024-12-14T08:03:12.349+0000] {processor.py:914} INFO - Processing file /Users/rtewelde/airflow_venv/lib/python3.11/site-packages/airflow/example_dags/example_short_circuit_decorator.py for tasks to queue
[2024-12-14T08:03:12.350+0000] {logging_mixin.py:190} INFO - [2024-12-14T08:03:12.350+0000] {dagbag.py:588} INFO - Filling up the DagBag from /Users/rtewelde/airflow_venv/lib/python3.11/site-packages/airflow/example_dags/example_short_circuit_decorator.py
[2024-12-14T08:03:12.386+0000] {processor.py:925} INFO - DAG(s) 'example_short_circuit_decorator' retrieved from /Users/rtewelde/airflow_venv/lib/python3.11/site-packages/airflow/example_dags/example_short_circuit_decorator.py
[2024-12-14T08:03:12.544+0000] {logging_mixin.py:190} INFO - [2024-12-14T08:03:12.544+0000] {dag.py:3239} INFO - Sync 1 DAGs
[2024-12-14T08:03:12.555+0000] {logging_mixin.py:190} INFO - [2024-12-14T08:03:12.555+0000] {dag.py:4180} INFO - Setting next_dagrun for example_short_circuit_decorator to None, run_after=None
[2024-12-14T08:03:12.571+0000] {processor.py:208} INFO - Processing /Users/rtewelde/airflow_venv/lib/python3.11/site-packages/airflow/example_dags/example_short_circuit_decorator.py took 0.226 seconds
