[2024-12-14T07:44:54.926+0000] {processor.py:186} INFO - Started process (PID=29493) to work on /Users/rtewelde/airflow_venv/lib/python3.11/site-packages/airflow/example_dags/example_latest_only.py
[2024-12-14T07:44:54.927+0000] {processor.py:914} INFO - Processing file /Users/rtewelde/airflow_venv/lib/python3.11/site-packages/airflow/example_dags/example_latest_only.py for tasks to queue
[2024-12-14T07:44:54.928+0000] {logging_mixin.py:190} INFO - [2024-12-14T07:44:54.928+0000] {dagbag.py:588} INFO - Filling up the DagBag from /Users/rtewelde/airflow_venv/lib/python3.11/site-packages/airflow/example_dags/example_latest_only.py
[2024-12-14T07:44:54.935+0000] {processor.py:925} INFO - DAG(s) 'latest_only' retrieved from /Users/rtewelde/airflow_venv/lib/python3.11/site-packages/airflow/example_dags/example_latest_only.py
[2024-12-14T07:44:55.093+0000] {logging_mixin.py:190} INFO - [2024-12-14T07:44:55.092+0000] {dag.py:3239} INFO - Sync 1 DAGs
[2024-12-14T07:44:55.109+0000] {logging_mixin.py:190} INFO - [2024-12-14T07:44:55.109+0000] {dag.py:4180} INFO - Setting next_dagrun for latest_only to 2024-12-14 00:00:00+00:00, run_after=2024-12-14 04:00:00+00:00
[2024-12-14T07:44:55.128+0000] {processor.py:208} INFO - Processing /Users/rtewelde/airflow_venv/lib/python3.11/site-packages/airflow/example_dags/example_latest_only.py took 0.204 seconds
[2024-12-14T07:56:08.723+0000] {processor.py:186} INFO - Started process (PID=33511) to work on /Users/rtewelde/airflow_venv/lib/python3.11/site-packages/airflow/example_dags/example_latest_only.py
[2024-12-14T07:56:08.724+0000] {processor.py:914} INFO - Processing file /Users/rtewelde/airflow_venv/lib/python3.11/site-packages/airflow/example_dags/example_latest_only.py for tasks to queue
[2024-12-14T07:56:08.725+0000] {logging_mixin.py:190} INFO - [2024-12-14T07:56:08.725+0000] {dagbag.py:588} INFO - Filling up the DagBag from /Users/rtewelde/airflow_venv/lib/python3.11/site-packages/airflow/example_dags/example_latest_only.py
[2024-12-14T07:56:08.734+0000] {processor.py:925} INFO - DAG(s) 'latest_only' retrieved from /Users/rtewelde/airflow_venv/lib/python3.11/site-packages/airflow/example_dags/example_latest_only.py
[2024-12-14T07:56:08.880+0000] {logging_mixin.py:190} INFO - [2024-12-14T07:56:08.880+0000] {dag.py:3239} INFO - Sync 1 DAGs
[2024-12-14T07:56:08.895+0000] {logging_mixin.py:190} INFO - [2024-12-14T07:56:08.895+0000] {dag.py:4180} INFO - Setting next_dagrun for latest_only to 2024-12-14 00:00:00+00:00, run_after=2024-12-14 04:00:00+00:00
[2024-12-14T07:56:08.911+0000] {processor.py:208} INFO - Processing /Users/rtewelde/airflow_venv/lib/python3.11/site-packages/airflow/example_dags/example_latest_only.py took 0.190 seconds
[2024-12-14T07:59:05.640+0000] {processor.py:186} INFO - Started process (PID=35590) to work on /Users/rtewelde/airflow_venv/lib/python3.11/site-packages/airflow/example_dags/example_latest_only.py
[2024-12-14T07:59:05.641+0000] {processor.py:914} INFO - Processing file /Users/rtewelde/airflow_venv/lib/python3.11/site-packages/airflow/example_dags/example_latest_only.py for tasks to queue
[2024-12-14T07:59:05.642+0000] {logging_mixin.py:190} INFO - [2024-12-14T07:59:05.642+0000] {dagbag.py:588} INFO - Filling up the DagBag from /Users/rtewelde/airflow_venv/lib/python3.11/site-packages/airflow/example_dags/example_latest_only.py
[2024-12-14T07:59:05.650+0000] {processor.py:925} INFO - DAG(s) 'latest_only' retrieved from /Users/rtewelde/airflow_venv/lib/python3.11/site-packages/airflow/example_dags/example_latest_only.py
[2024-12-14T07:59:05.819+0000] {logging_mixin.py:190} INFO - [2024-12-14T07:59:05.819+0000] {dag.py:3239} INFO - Sync 1 DAGs
[2024-12-14T07:59:05.837+0000] {logging_mixin.py:190} INFO - [2024-12-14T07:59:05.837+0000] {dag.py:4180} INFO - Setting next_dagrun for latest_only to 2024-12-14 00:00:00+00:00, run_after=2024-12-14 04:00:00+00:00
[2024-12-14T07:59:05.861+0000] {processor.py:208} INFO - Processing /Users/rtewelde/airflow_venv/lib/python3.11/site-packages/airflow/example_dags/example_latest_only.py took 0.224 seconds
