[2024-12-14T07:43:53.102+0000] {processor.py:186} INFO - Started process (PID=29165) to work on /Users/rtewelde/airflow_venv/lib/python3.11/site-packages/airflow/example_dags/example_time_delta_sensor_async.py
[2024-12-14T07:43:53.103+0000] {processor.py:914} INFO - Processing file /Users/rtewelde/airflow_venv/lib/python3.11/site-packages/airflow/example_dags/example_time_delta_sensor_async.py for tasks to queue
[2024-12-14T07:43:53.104+0000] {logging_mixin.py:190} INFO - [2024-12-14T07:43:53.103+0000] {dagbag.py:588} INFO - Filling up the DagBag from /Users/rtewelde/airflow_venv/lib/python3.11/site-packages/airflow/example_dags/example_time_delta_sensor_async.py
[2024-12-14T07:43:53.112+0000] {processor.py:925} INFO - DAG(s) 'example_time_delta_sensor_async' retrieved from /Users/rtewelde/airflow_venv/lib/python3.11/site-packages/airflow/example_dags/example_time_delta_sensor_async.py
[2024-12-14T07:43:53.273+0000] {logging_mixin.py:190} INFO - [2024-12-14T07:43:53.273+0000] {workday.py:41} WARNING - Could not import pandas. Holidays will not be considered.
[2024-12-14T07:43:53.294+0000] {logging_mixin.py:190} INFO - [2024-12-14T07:43:53.293+0000] {dag.py:3239} INFO - Sync 1 DAGs
[2024-12-14T07:43:53.303+0000] {logging_mixin.py:190} INFO - [2024-12-14T07:43:53.303+0000] {dag.py:4180} INFO - Setting next_dagrun for example_time_delta_sensor_async to None, run_after=None
[2024-12-14T07:43:53.317+0000] {processor.py:208} INFO - Processing /Users/rtewelde/airflow_venv/lib/python3.11/site-packages/airflow/example_dags/example_time_delta_sensor_async.py took 0.218 seconds
[2024-12-14T07:55:09.729+0000] {processor.py:186} INFO - Started process (PID=33210) to work on /Users/rtewelde/airflow_venv/lib/python3.11/site-packages/airflow/example_dags/example_time_delta_sensor_async.py
[2024-12-14T07:55:09.730+0000] {processor.py:914} INFO - Processing file /Users/rtewelde/airflow_venv/lib/python3.11/site-packages/airflow/example_dags/example_time_delta_sensor_async.py for tasks to queue
[2024-12-14T07:55:09.731+0000] {logging_mixin.py:190} INFO - [2024-12-14T07:55:09.731+0000] {dagbag.py:588} INFO - Filling up the DagBag from /Users/rtewelde/airflow_venv/lib/python3.11/site-packages/airflow/example_dags/example_time_delta_sensor_async.py
[2024-12-14T07:55:09.737+0000] {processor.py:925} INFO - DAG(s) 'example_time_delta_sensor_async' retrieved from /Users/rtewelde/airflow_venv/lib/python3.11/site-packages/airflow/example_dags/example_time_delta_sensor_async.py
[2024-12-14T07:55:09.867+0000] {logging_mixin.py:190} INFO - [2024-12-14T07:55:09.867+0000] {workday.py:41} WARNING - Could not import pandas. Holidays will not be considered.
[2024-12-14T07:55:09.883+0000] {logging_mixin.py:190} INFO - [2024-12-14T07:55:09.883+0000] {dag.py:3239} INFO - Sync 1 DAGs
[2024-12-14T07:55:09.892+0000] {logging_mixin.py:190} INFO - [2024-12-14T07:55:09.891+0000] {dag.py:4180} INFO - Setting next_dagrun for example_time_delta_sensor_async to None, run_after=None
[2024-12-14T07:55:09.908+0000] {processor.py:208} INFO - Processing /Users/rtewelde/airflow_venv/lib/python3.11/site-packages/airflow/example_dags/example_time_delta_sensor_async.py took 0.181 seconds
[2024-12-14T07:57:56.104+0000] {processor.py:186} INFO - Started process (PID=34417) to work on /Users/rtewelde/airflow_venv/lib/python3.11/site-packages/airflow/example_dags/example_time_delta_sensor_async.py
[2024-12-14T07:57:56.105+0000] {processor.py:914} INFO - Processing file /Users/rtewelde/airflow_venv/lib/python3.11/site-packages/airflow/example_dags/example_time_delta_sensor_async.py for tasks to queue
[2024-12-14T07:57:56.107+0000] {logging_mixin.py:190} INFO - [2024-12-14T07:57:56.107+0000] {dagbag.py:588} INFO - Filling up the DagBag from /Users/rtewelde/airflow_venv/lib/python3.11/site-packages/airflow/example_dags/example_time_delta_sensor_async.py
[2024-12-14T07:57:56.116+0000] {processor.py:925} INFO - DAG(s) 'example_time_delta_sensor_async' retrieved from /Users/rtewelde/airflow_venv/lib/python3.11/site-packages/airflow/example_dags/example_time_delta_sensor_async.py
[2024-12-14T07:57:56.260+0000] {logging_mixin.py:190} INFO - [2024-12-14T07:57:56.259+0000] {workday.py:41} WARNING - Could not import pandas. Holidays will not be considered.
[2024-12-14T07:57:56.278+0000] {logging_mixin.py:190} INFO - [2024-12-14T07:57:56.278+0000] {dag.py:3239} INFO - Sync 1 DAGs
[2024-12-14T07:57:56.288+0000] {logging_mixin.py:190} INFO - [2024-12-14T07:57:56.288+0000] {dag.py:4180} INFO - Setting next_dagrun for example_time_delta_sensor_async to None, run_after=None
[2024-12-14T07:57:56.305+0000] {processor.py:208} INFO - Processing /Users/rtewelde/airflow_venv/lib/python3.11/site-packages/airflow/example_dags/example_time_delta_sensor_async.py took 0.203 seconds
[2024-12-14T08:00:27.008+0000] {processor.py:186} INFO - Started process (PID=36315) to work on /Users/rtewelde/airflow_venv/lib/python3.11/site-packages/airflow/example_dags/example_time_delta_sensor_async.py
[2024-12-14T08:00:27.010+0000] {processor.py:914} INFO - Processing file /Users/rtewelde/airflow_venv/lib/python3.11/site-packages/airflow/example_dags/example_time_delta_sensor_async.py for tasks to queue
[2024-12-14T08:00:27.012+0000] {logging_mixin.py:190} INFO - [2024-12-14T08:00:27.012+0000] {dagbag.py:588} INFO - Filling up the DagBag from /Users/rtewelde/airflow_venv/lib/python3.11/site-packages/airflow/example_dags/example_time_delta_sensor_async.py
[2024-12-14T08:00:27.021+0000] {processor.py:925} INFO - DAG(s) 'example_time_delta_sensor_async' retrieved from /Users/rtewelde/airflow_venv/lib/python3.11/site-packages/airflow/example_dags/example_time_delta_sensor_async.py
[2024-12-14T08:00:27.174+0000] {logging_mixin.py:190} INFO - [2024-12-14T08:00:27.174+0000] {workday.py:41} WARNING - Could not import pandas. Holidays will not be considered.
[2024-12-14T08:00:27.192+0000] {logging_mixin.py:190} INFO - [2024-12-14T08:00:27.192+0000] {dag.py:3239} INFO - Sync 1 DAGs
[2024-12-14T08:00:27.201+0000] {logging_mixin.py:190} INFO - [2024-12-14T08:00:27.201+0000] {dag.py:4180} INFO - Setting next_dagrun for example_time_delta_sensor_async to None, run_after=None
[2024-12-14T08:00:27.219+0000] {processor.py:208} INFO - Processing /Users/rtewelde/airflow_venv/lib/python3.11/site-packages/airflow/example_dags/example_time_delta_sensor_async.py took 0.214 seconds
[2024-12-14T08:02:51.424+0000] {processor.py:186} INFO - Started process (PID=37526) to work on /Users/rtewelde/airflow_venv/lib/python3.11/site-packages/airflow/example_dags/example_time_delta_sensor_async.py
[2024-12-14T08:02:51.426+0000] {processor.py:914} INFO - Processing file /Users/rtewelde/airflow_venv/lib/python3.11/site-packages/airflow/example_dags/example_time_delta_sensor_async.py for tasks to queue
[2024-12-14T08:02:51.427+0000] {logging_mixin.py:190} INFO - [2024-12-14T08:02:51.426+0000] {dagbag.py:588} INFO - Filling up the DagBag from /Users/rtewelde/airflow_venv/lib/python3.11/site-packages/airflow/example_dags/example_time_delta_sensor_async.py
[2024-12-14T08:02:51.435+0000] {processor.py:925} INFO - DAG(s) 'example_time_delta_sensor_async' retrieved from /Users/rtewelde/airflow_venv/lib/python3.11/site-packages/airflow/example_dags/example_time_delta_sensor_async.py
[2024-12-14T08:02:51.590+0000] {logging_mixin.py:190} INFO - [2024-12-14T08:02:51.589+0000] {workday.py:41} WARNING - Could not import pandas. Holidays will not be considered.
[2024-12-14T08:02:51.608+0000] {logging_mixin.py:190} INFO - [2024-12-14T08:02:51.608+0000] {dag.py:3239} INFO - Sync 1 DAGs
[2024-12-14T08:02:51.619+0000] {logging_mixin.py:190} INFO - [2024-12-14T08:02:51.619+0000] {dag.py:4180} INFO - Setting next_dagrun for example_time_delta_sensor_async to None, run_after=None
[2024-12-14T08:02:51.638+0000] {processor.py:208} INFO - Processing /Users/rtewelde/airflow_venv/lib/python3.11/site-packages/airflow/example_dags/example_time_delta_sensor_async.py took 0.216 seconds
