[2024-12-14T07:56:31.445+0000] {processor.py:186} INFO - Started process (PID=33657) to work on /Users/rtewelde/airflow_venv/lib/python3.11/site-packages/airflow/example_dags/example_dataset_alias_with_no_taskflow.py
[2024-12-14T07:56:31.446+0000] {processor.py:914} INFO - Processing file /Users/rtewelde/airflow_venv/lib/python3.11/site-packages/airflow/example_dags/example_dataset_alias_with_no_taskflow.py for tasks to queue
[2024-12-14T07:56:31.447+0000] {logging_mixin.py:190} INFO - [2024-12-14T07:56:31.446+0000] {dagbag.py:588} INFO - Filling up the DagBag from /Users/rtewelde/airflow_venv/lib/python3.11/site-packages/airflow/example_dags/example_dataset_alias_with_no_taskflow.py
[2024-12-14T07:56:31.631+0000] {processor.py:925} INFO - DAG(s) 'dataset_alias_example_alias_producer_with_no_taskflow', 'dataset_s3_bucket_consumer_with_no_taskflow', 'dataset_alias_example_alias_consumer_with_no_taskflow', 'dataset_s3_bucket_producer_with_no_taskflow' retrieved from /Users/rtewelde/airflow_venv/lib/python3.11/site-packages/airflow/example_dags/example_dataset_alias_with_no_taskflow.py
[2024-12-14T07:56:31.651+0000] {logging_mixin.py:190} INFO - [2024-12-14T07:56:31.651+0000] {dag.py:3239} INFO - Sync 4 DAGs
[2024-12-14T07:56:31.667+0000] {logging_mixin.py:190} INFO - [2024-12-14T07:56:31.666+0000] {dag.py:4180} INFO - Setting next_dagrun for dataset_alias_example_alias_consumer_with_no_taskflow to None, run_after=None
[2024-12-14T07:56:31.668+0000] {logging_mixin.py:190} INFO - [2024-12-14T07:56:31.668+0000] {dag.py:4180} INFO - Setting next_dagrun for dataset_alias_example_alias_producer_with_no_taskflow to None, run_after=None
[2024-12-14T07:56:31.669+0000] {logging_mixin.py:190} INFO - [2024-12-14T07:56:31.669+0000] {dag.py:4180} INFO - Setting next_dagrun for dataset_s3_bucket_consumer_with_no_taskflow to None, run_after=None
[2024-12-14T07:56:31.670+0000] {logging_mixin.py:190} INFO - [2024-12-14T07:56:31.670+0000] {dag.py:4180} INFO - Setting next_dagrun for dataset_s3_bucket_producer_with_no_taskflow to None, run_after=None
[2024-12-14T07:56:31.690+0000] {processor.py:208} INFO - Processing /Users/rtewelde/airflow_venv/lib/python3.11/site-packages/airflow/example_dags/example_dataset_alias_with_no_taskflow.py took 0.247 seconds
[2024-12-14T08:01:25.307+0000] {processor.py:186} INFO - Started process (PID=36816) to work on /Users/rtewelde/airflow_venv/lib/python3.11/site-packages/airflow/example_dags/example_dataset_alias_with_no_taskflow.py
[2024-12-14T08:01:25.309+0000] {processor.py:914} INFO - Processing file /Users/rtewelde/airflow_venv/lib/python3.11/site-packages/airflow/example_dags/example_dataset_alias_with_no_taskflow.py for tasks to queue
[2024-12-14T08:01:25.310+0000] {logging_mixin.py:190} INFO - [2024-12-14T08:01:25.310+0000] {dagbag.py:588} INFO - Filling up the DagBag from /Users/rtewelde/airflow_venv/lib/python3.11/site-packages/airflow/example_dags/example_dataset_alias_with_no_taskflow.py
[2024-12-14T08:01:25.524+0000] {processor.py:925} INFO - DAG(s) 'dataset_s3_bucket_consumer_with_no_taskflow', 'dataset_alias_example_alias_consumer_with_no_taskflow', 'dataset_s3_bucket_producer_with_no_taskflow', 'dataset_alias_example_alias_producer_with_no_taskflow' retrieved from /Users/rtewelde/airflow_venv/lib/python3.11/site-packages/airflow/example_dags/example_dataset_alias_with_no_taskflow.py
[2024-12-14T08:01:25.544+0000] {logging_mixin.py:190} INFO - [2024-12-14T08:01:25.544+0000] {dag.py:3239} INFO - Sync 4 DAGs
[2024-12-14T08:01:25.566+0000] {logging_mixin.py:190} INFO - [2024-12-14T08:01:25.566+0000] {dag.py:4180} INFO - Setting next_dagrun for dataset_alias_example_alias_consumer_with_no_taskflow to None, run_after=None
[2024-12-14T08:01:25.568+0000] {logging_mixin.py:190} INFO - [2024-12-14T08:01:25.568+0000] {dag.py:4180} INFO - Setting next_dagrun for dataset_alias_example_alias_producer_with_no_taskflow to None, run_after=None
[2024-12-14T08:01:25.569+0000] {logging_mixin.py:190} INFO - [2024-12-14T08:01:25.569+0000] {dag.py:4180} INFO - Setting next_dagrun for dataset_s3_bucket_consumer_with_no_taskflow to None, run_after=None
[2024-12-14T08:01:25.570+0000] {logging_mixin.py:190} INFO - [2024-12-14T08:01:25.570+0000] {dag.py:4180} INFO - Setting next_dagrun for dataset_s3_bucket_producer_with_no_taskflow to None, run_after=None
[2024-12-14T08:01:25.591+0000] {processor.py:208} INFO - Processing /Users/rtewelde/airflow_venv/lib/python3.11/site-packages/airflow/example_dags/example_dataset_alias_with_no_taskflow.py took 0.286 seconds
