[2024-12-14T07:44:04.732+0000] {processor.py:186} INFO - Started process (PID=29226) to work on /Users/rtewelde/airflow_venv/lib/python3.11/site-packages/airflow/example_dags/example_sla_dag.py
[2024-12-14T07:44:04.733+0000] {processor.py:914} INFO - Processing file /Users/rtewelde/airflow_venv/lib/python3.11/site-packages/airflow/example_dags/example_sla_dag.py for tasks to queue
[2024-12-14T07:44:04.734+0000] {logging_mixin.py:190} INFO - [2024-12-14T07:44:04.734+0000] {dagbag.py:588} INFO - Filling up the DagBag from /Users/rtewelde/airflow_venv/lib/python3.11/site-packages/airflow/example_dags/example_sla_dag.py
[2024-12-14T07:44:04.766+0000] {processor.py:925} INFO - DAG(s) 'example_sla_dag' retrieved from /Users/rtewelde/airflow_venv/lib/python3.11/site-packages/airflow/example_dags/example_sla_dag.py
[2024-12-14T07:44:04.926+0000] {logging_mixin.py:190} INFO - [2024-12-14T07:44:04.925+0000] {dag.py:3239} INFO - Sync 1 DAGs
[2024-12-14T07:44:04.945+0000] {logging_mixin.py:190} INFO - [2024-12-14T07:44:04.945+0000] {dag.py:4180} INFO - Setting next_dagrun for example_sla_dag to 2024-12-14 07:42:00+00:00, run_after=2024-12-14 07:44:00+00:00
[2024-12-14T07:44:04.960+0000] {processor.py:208} INFO - Processing /Users/rtewelde/airflow_venv/lib/python3.11/site-packages/airflow/example_dags/example_sla_dag.py took 0.230 seconds
[2024-12-14T07:55:20.946+0000] {processor.py:186} INFO - Started process (PID=33278) to work on /Users/rtewelde/airflow_venv/lib/python3.11/site-packages/airflow/example_dags/example_sla_dag.py
[2024-12-14T07:55:20.947+0000] {processor.py:914} INFO - Processing file /Users/rtewelde/airflow_venv/lib/python3.11/site-packages/airflow/example_dags/example_sla_dag.py for tasks to queue
[2024-12-14T07:55:20.948+0000] {logging_mixin.py:190} INFO - [2024-12-14T07:55:20.948+0000] {dagbag.py:588} INFO - Filling up the DagBag from /Users/rtewelde/airflow_venv/lib/python3.11/site-packages/airflow/example_dags/example_sla_dag.py
[2024-12-14T07:55:20.980+0000] {processor.py:925} INFO - DAG(s) 'example_sla_dag' retrieved from /Users/rtewelde/airflow_venv/lib/python3.11/site-packages/airflow/example_dags/example_sla_dag.py
[2024-12-14T07:55:21.127+0000] {logging_mixin.py:190} INFO - [2024-12-14T07:55:21.126+0000] {dag.py:3239} INFO - Sync 1 DAGs
[2024-12-14T07:55:21.147+0000] {logging_mixin.py:190} INFO - [2024-12-14T07:55:21.147+0000] {dag.py:4180} INFO - Setting next_dagrun for example_sla_dag to 2024-12-14 07:52:00+00:00, run_after=2024-12-14 07:54:00+00:00
[2024-12-14T07:55:21.164+0000] {processor.py:208} INFO - Processing /Users/rtewelde/airflow_venv/lib/python3.11/site-packages/airflow/example_dags/example_sla_dag.py took 0.220 seconds
[2024-12-14T07:58:07.469+0000] {processor.py:186} INFO - Started process (PID=34521) to work on /Users/rtewelde/airflow_venv/lib/python3.11/site-packages/airflow/example_dags/example_sla_dag.py
[2024-12-14T07:58:07.471+0000] {processor.py:914} INFO - Processing file /Users/rtewelde/airflow_venv/lib/python3.11/site-packages/airflow/example_dags/example_sla_dag.py for tasks to queue
[2024-12-14T07:58:07.472+0000] {logging_mixin.py:190} INFO - [2024-12-14T07:58:07.471+0000] {dagbag.py:588} INFO - Filling up the DagBag from /Users/rtewelde/airflow_venv/lib/python3.11/site-packages/airflow/example_dags/example_sla_dag.py
[2024-12-14T07:58:07.507+0000] {processor.py:925} INFO - DAG(s) 'example_sla_dag' retrieved from /Users/rtewelde/airflow_venv/lib/python3.11/site-packages/airflow/example_dags/example_sla_dag.py
[2024-12-14T07:58:07.667+0000] {logging_mixin.py:190} INFO - [2024-12-14T07:58:07.666+0000] {dag.py:3239} INFO - Sync 1 DAGs
[2024-12-14T07:58:07.688+0000] {logging_mixin.py:190} INFO - [2024-12-14T07:58:07.688+0000] {dag.py:4180} INFO - Setting next_dagrun for example_sla_dag to 2024-12-14 07:56:00+00:00, run_after=2024-12-14 07:58:00+00:00
[2024-12-14T07:58:07.706+0000] {processor.py:208} INFO - Processing /Users/rtewelde/airflow_venv/lib/python3.11/site-packages/airflow/example_dags/example_sla_dag.py took 0.239 seconds
[2024-12-14T08:00:38.547+0000] {processor.py:186} INFO - Started process (PID=36372) to work on /Users/rtewelde/airflow_venv/lib/python3.11/site-packages/airflow/example_dags/example_sla_dag.py
[2024-12-14T08:00:38.548+0000] {processor.py:914} INFO - Processing file /Users/rtewelde/airflow_venv/lib/python3.11/site-packages/airflow/example_dags/example_sla_dag.py for tasks to queue
[2024-12-14T08:00:38.549+0000] {logging_mixin.py:190} INFO - [2024-12-14T08:00:38.549+0000] {dagbag.py:588} INFO - Filling up the DagBag from /Users/rtewelde/airflow_venv/lib/python3.11/site-packages/airflow/example_dags/example_sla_dag.py
[2024-12-14T08:00:38.583+0000] {processor.py:925} INFO - DAG(s) 'example_sla_dag' retrieved from /Users/rtewelde/airflow_venv/lib/python3.11/site-packages/airflow/example_dags/example_sla_dag.py
[2024-12-14T08:00:38.720+0000] {logging_mixin.py:190} INFO - [2024-12-14T08:00:38.719+0000] {dag.py:3239} INFO - Sync 1 DAGs
[2024-12-14T08:00:38.740+0000] {logging_mixin.py:190} INFO - [2024-12-14T08:00:38.739+0000] {dag.py:4180} INFO - Setting next_dagrun for example_sla_dag to 2024-12-14 07:58:00+00:00, run_after=2024-12-14 08:00:00+00:00
[2024-12-14T08:00:38.756+0000] {processor.py:208} INFO - Processing /Users/rtewelde/airflow_venv/lib/python3.11/site-packages/airflow/example_dags/example_sla_dag.py took 0.211 seconds
