[2024-12-14T07:43:42.514+0000] {processor.py:186} INFO - Started process (PID=29019) to work on /Users/rtewelde/airflow_venv/lib/python3.11/site-packages/airflow/example_dags/example_xcom.py
[2024-12-14T07:43:42.515+0000] {processor.py:914} INFO - Processing file /Users/rtewelde/airflow_venv/lib/python3.11/site-packages/airflow/example_dags/example_xcom.py for tasks to queue
[2024-12-14T07:43:42.516+0000] {logging_mixin.py:190} INFO - [2024-12-14T07:43:42.516+0000] {dagbag.py:588} INFO - Filling up the DagBag from /Users/rtewelde/airflow_venv/lib/python3.11/site-packages/airflow/example_dags/example_xcom.py
[2024-12-14T07:43:42.555+0000] {processor.py:925} INFO - DAG(s) 'example_xcom' retrieved from /Users/rtewelde/airflow_venv/lib/python3.11/site-packages/airflow/example_dags/example_xcom.py
[2024-12-14T07:43:42.750+0000] {logging_mixin.py:190} INFO - [2024-12-14T07:43:42.750+0000] {dag.py:3239} INFO - Sync 1 DAGs
[2024-12-14T07:43:42.770+0000] {logging_mixin.py:190} INFO - [2024-12-14T07:43:42.770+0000] {dag.py:4180} INFO - Setting next_dagrun for example_xcom to 2021-01-01 00:00:00+00:00, run_after=2021-01-01 00:00:00+00:00
[2024-12-14T07:43:42.787+0000] {processor.py:208} INFO - Processing /Users/rtewelde/airflow_venv/lib/python3.11/site-packages/airflow/example_dags/example_xcom.py took 0.276 seconds
[2024-12-14T07:54:58.015+0000] {processor.py:186} INFO - Started process (PID=33057) to work on /Users/rtewelde/airflow_venv/lib/python3.11/site-packages/airflow/example_dags/example_xcom.py
[2024-12-14T07:54:58.016+0000] {processor.py:914} INFO - Processing file /Users/rtewelde/airflow_venv/lib/python3.11/site-packages/airflow/example_dags/example_xcom.py for tasks to queue
[2024-12-14T07:54:58.017+0000] {logging_mixin.py:190} INFO - [2024-12-14T07:54:58.017+0000] {dagbag.py:588} INFO - Filling up the DagBag from /Users/rtewelde/airflow_venv/lib/python3.11/site-packages/airflow/example_dags/example_xcom.py
[2024-12-14T07:54:58.058+0000] {processor.py:925} INFO - DAG(s) 'example_xcom' retrieved from /Users/rtewelde/airflow_venv/lib/python3.11/site-packages/airflow/example_dags/example_xcom.py
[2024-12-14T07:54:58.205+0000] {logging_mixin.py:190} INFO - [2024-12-14T07:54:58.204+0000] {dag.py:3239} INFO - Sync 1 DAGs
[2024-12-14T07:54:58.222+0000] {logging_mixin.py:190} INFO - [2024-12-14T07:54:58.221+0000] {dag.py:4180} INFO - Setting next_dagrun for example_xcom to 2021-01-01 00:00:00+00:00, run_after=2021-01-01 00:00:00+00:00
[2024-12-14T07:54:58.240+0000] {processor.py:208} INFO - Processing /Users/rtewelde/airflow_venv/lib/python3.11/site-packages/airflow/example_dags/example_xcom.py took 0.227 seconds
[2024-12-14T07:57:43.598+0000] {processor.py:186} INFO - Started process (PID=34249) to work on /Users/rtewelde/airflow_venv/lib/python3.11/site-packages/airflow/example_dags/example_xcom.py
[2024-12-14T07:57:43.599+0000] {processor.py:914} INFO - Processing file /Users/rtewelde/airflow_venv/lib/python3.11/site-packages/airflow/example_dags/example_xcom.py for tasks to queue
[2024-12-14T07:57:43.601+0000] {logging_mixin.py:190} INFO - [2024-12-14T07:57:43.601+0000] {dagbag.py:588} INFO - Filling up the DagBag from /Users/rtewelde/airflow_venv/lib/python3.11/site-packages/airflow/example_dags/example_xcom.py
[2024-12-14T07:57:43.661+0000] {processor.py:925} INFO - DAG(s) 'example_xcom' retrieved from /Users/rtewelde/airflow_venv/lib/python3.11/site-packages/airflow/example_dags/example_xcom.py
[2024-12-14T07:57:43.817+0000] {logging_mixin.py:190} INFO - [2024-12-14T07:57:43.816+0000] {dag.py:3239} INFO - Sync 1 DAGs
[2024-12-14T07:57:43.835+0000] {logging_mixin.py:190} INFO - [2024-12-14T07:57:43.835+0000] {dag.py:4180} INFO - Setting next_dagrun for example_xcom to 2021-01-01 00:00:00+00:00, run_after=2021-01-01 00:00:00+00:00
[2024-12-14T07:57:43.852+0000] {processor.py:208} INFO - Processing /Users/rtewelde/airflow_venv/lib/python3.11/site-packages/airflow/example_dags/example_xcom.py took 0.258 seconds
[2024-12-14T08:00:14.952+0000] {processor.py:186} INFO - Started process (PID=36224) to work on /Users/rtewelde/airflow_venv/lib/python3.11/site-packages/airflow/example_dags/example_xcom.py
[2024-12-14T08:00:14.954+0000] {processor.py:914} INFO - Processing file /Users/rtewelde/airflow_venv/lib/python3.11/site-packages/airflow/example_dags/example_xcom.py for tasks to queue
[2024-12-14T08:00:14.955+0000] {logging_mixin.py:190} INFO - [2024-12-14T08:00:14.955+0000] {dagbag.py:588} INFO - Filling up the DagBag from /Users/rtewelde/airflow_venv/lib/python3.11/site-packages/airflow/example_dags/example_xcom.py
[2024-12-14T08:00:14.991+0000] {processor.py:925} INFO - DAG(s) 'example_xcom' retrieved from /Users/rtewelde/airflow_venv/lib/python3.11/site-packages/airflow/example_dags/example_xcom.py
[2024-12-14T08:00:15.144+0000] {logging_mixin.py:190} INFO - [2024-12-14T08:00:15.144+0000] {dag.py:3239} INFO - Sync 1 DAGs
[2024-12-14T08:00:15.162+0000] {logging_mixin.py:190} INFO - [2024-12-14T08:00:15.162+0000] {dag.py:4180} INFO - Setting next_dagrun for example_xcom to 2021-01-01 00:00:00+00:00, run_after=2021-01-01 00:00:00+00:00
[2024-12-14T08:00:15.181+0000] {processor.py:208} INFO - Processing /Users/rtewelde/airflow_venv/lib/python3.11/site-packages/airflow/example_dags/example_xcom.py took 0.231 seconds
