[2024-12-14T07:44:07.801+0000] {processor.py:186} INFO - Started process (PID=29251) to work on /Users/rtewelde/airflow_venv/lib/python3.11/site-packages/airflow/example_dags/example_skip_dag.py
[2024-12-14T07:44:07.802+0000] {processor.py:914} INFO - Processing file /Users/rtewelde/airflow_venv/lib/python3.11/site-packages/airflow/example_dags/example_skip_dag.py for tasks to queue
[2024-12-14T07:44:07.803+0000] {logging_mixin.py:190} INFO - [2024-12-14T07:44:07.803+0000] {dagbag.py:588} INFO - Filling up the DagBag from /Users/rtewelde/airflow_venv/lib/python3.11/site-packages/airflow/example_dags/example_skip_dag.py
[2024-12-14T07:44:07.811+0000] {processor.py:925} INFO - DAG(s) 'example_skip_dag' retrieved from /Users/rtewelde/airflow_venv/lib/python3.11/site-packages/airflow/example_dags/example_skip_dag.py
[2024-12-14T07:44:07.961+0000] {logging_mixin.py:190} INFO - [2024-12-14T07:44:07.960+0000] {dag.py:3239} INFO - Sync 1 DAGs
[2024-12-14T07:44:07.976+0000] {logging_mixin.py:190} INFO - [2024-12-14T07:44:07.976+0000] {dag.py:4180} INFO - Setting next_dagrun for example_skip_dag to 2024-12-13 00:00:00+00:00, run_after=2024-12-14 00:00:00+00:00
[2024-12-14T07:44:07.993+0000] {processor.py:208} INFO - Processing /Users/rtewelde/airflow_venv/lib/python3.11/site-packages/airflow/example_dags/example_skip_dag.py took 0.194 seconds
[2024-12-14T07:55:23.928+0000] {processor.py:186} INFO - Started process (PID=33296) to work on /Users/rtewelde/airflow_venv/lib/python3.11/site-packages/airflow/example_dags/example_skip_dag.py
[2024-12-14T07:55:23.929+0000] {processor.py:914} INFO - Processing file /Users/rtewelde/airflow_venv/lib/python3.11/site-packages/airflow/example_dags/example_skip_dag.py for tasks to queue
[2024-12-14T07:55:23.930+0000] {logging_mixin.py:190} INFO - [2024-12-14T07:55:23.930+0000] {dagbag.py:588} INFO - Filling up the DagBag from /Users/rtewelde/airflow_venv/lib/python3.11/site-packages/airflow/example_dags/example_skip_dag.py
[2024-12-14T07:55:23.936+0000] {processor.py:925} INFO - DAG(s) 'example_skip_dag' retrieved from /Users/rtewelde/airflow_venv/lib/python3.11/site-packages/airflow/example_dags/example_skip_dag.py
[2024-12-14T07:55:24.077+0000] {logging_mixin.py:190} INFO - [2024-12-14T07:55:24.076+0000] {dag.py:3239} INFO - Sync 1 DAGs
[2024-12-14T07:55:24.092+0000] {logging_mixin.py:190} INFO - [2024-12-14T07:55:24.092+0000] {dag.py:4180} INFO - Setting next_dagrun for example_skip_dag to 2024-12-13 00:00:00+00:00, run_after=2024-12-14 00:00:00+00:00
[2024-12-14T07:55:24.109+0000] {processor.py:208} INFO - Processing /Users/rtewelde/airflow_venv/lib/python3.11/site-packages/airflow/example_dags/example_skip_dag.py took 0.184 seconds
[2024-12-14T07:58:10.698+0000] {processor.py:186} INFO - Started process (PID=34538) to work on /Users/rtewelde/airflow_venv/lib/python3.11/site-packages/airflow/example_dags/example_skip_dag.py
[2024-12-14T07:58:10.700+0000] {processor.py:914} INFO - Processing file /Users/rtewelde/airflow_venv/lib/python3.11/site-packages/airflow/example_dags/example_skip_dag.py for tasks to queue
[2024-12-14T07:58:10.701+0000] {logging_mixin.py:190} INFO - [2024-12-14T07:58:10.700+0000] {dagbag.py:588} INFO - Filling up the DagBag from /Users/rtewelde/airflow_venv/lib/python3.11/site-packages/airflow/example_dags/example_skip_dag.py
[2024-12-14T07:58:10.708+0000] {processor.py:925} INFO - DAG(s) 'example_skip_dag' retrieved from /Users/rtewelde/airflow_venv/lib/python3.11/site-packages/airflow/example_dags/example_skip_dag.py
[2024-12-14T07:58:10.871+0000] {logging_mixin.py:190} INFO - [2024-12-14T07:58:10.871+0000] {dag.py:3239} INFO - Sync 1 DAGs
[2024-12-14T07:58:10.890+0000] {logging_mixin.py:190} INFO - [2024-12-14T07:58:10.890+0000] {dag.py:4180} INFO - Setting next_dagrun for example_skip_dag to 2024-12-13 00:00:00+00:00, run_after=2024-12-14 00:00:00+00:00
[2024-12-14T07:58:10.908+0000] {processor.py:208} INFO - Processing /Users/rtewelde/airflow_venv/lib/python3.11/site-packages/airflow/example_dags/example_skip_dag.py took 0.213 seconds
[2024-12-14T08:00:41.871+0000] {processor.py:186} INFO - Started process (PID=36409) to work on /Users/rtewelde/airflow_venv/lib/python3.11/site-packages/airflow/example_dags/example_skip_dag.py
[2024-12-14T08:00:41.873+0000] {processor.py:914} INFO - Processing file /Users/rtewelde/airflow_venv/lib/python3.11/site-packages/airflow/example_dags/example_skip_dag.py for tasks to queue
[2024-12-14T08:00:41.873+0000] {logging_mixin.py:190} INFO - [2024-12-14T08:00:41.873+0000] {dagbag.py:588} INFO - Filling up the DagBag from /Users/rtewelde/airflow_venv/lib/python3.11/site-packages/airflow/example_dags/example_skip_dag.py
[2024-12-14T08:00:41.880+0000] {processor.py:925} INFO - DAG(s) 'example_skip_dag' retrieved from /Users/rtewelde/airflow_venv/lib/python3.11/site-packages/airflow/example_dags/example_skip_dag.py
[2024-12-14T08:00:42.022+0000] {logging_mixin.py:190} INFO - [2024-12-14T08:00:42.022+0000] {dag.py:3239} INFO - Sync 1 DAGs
[2024-12-14T08:00:42.038+0000] {logging_mixin.py:190} INFO - [2024-12-14T08:00:42.038+0000] {dag.py:4180} INFO - Setting next_dagrun for example_skip_dag to 2024-12-13 00:00:00+00:00, run_after=2024-12-14 00:00:00+00:00
[2024-12-14T08:00:42.053+0000] {processor.py:208} INFO - Processing /Users/rtewelde/airflow_venv/lib/python3.11/site-packages/airflow/example_dags/example_skip_dag.py took 0.184 seconds
