[2024-12-14T07:43:30.231+0000] {processor.py:186} INFO - Started process (PID=28954) to work on /Users/rtewelde/airflow_venv/lib/python3.11/site-packages/airflow/example_dags/tutorial_objectstorage.py
[2024-12-14T07:43:30.232+0000] {processor.py:914} INFO - Processing file /Users/rtewelde/airflow_venv/lib/python3.11/site-packages/airflow/example_dags/tutorial_objectstorage.py for tasks to queue
[2024-12-14T07:43:30.233+0000] {logging_mixin.py:190} INFO - [2024-12-14T07:43:30.233+0000] {dagbag.py:588} INFO - Filling up the DagBag from /Users/rtewelde/airflow_venv/lib/python3.11/site-packages/airflow/example_dags/tutorial_objectstorage.py
[2024-12-14T07:43:30.273+0000] {processor.py:925} INFO - DAG(s) 'tutorial_objectstorage' retrieved from /Users/rtewelde/airflow_venv/lib/python3.11/site-packages/airflow/example_dags/tutorial_objectstorage.py
[2024-12-14T07:43:30.432+0000] {logging_mixin.py:190} INFO - [2024-12-14T07:43:30.432+0000] {dag.py:3239} INFO - Sync 1 DAGs
[2024-12-14T07:43:30.444+0000] {logging_mixin.py:190} INFO - [2024-12-14T07:43:30.443+0000] {dag.py:4180} INFO - Setting next_dagrun for tutorial_objectstorage to None, run_after=None
[2024-12-14T07:43:30.462+0000] {processor.py:208} INFO - Processing /Users/rtewelde/airflow_venv/lib/python3.11/site-packages/airflow/example_dags/tutorial_objectstorage.py took 0.235 seconds
[2024-12-14T07:54:45.974+0000] {processor.py:186} INFO - Started process (PID=33000) to work on /Users/rtewelde/airflow_venv/lib/python3.11/site-packages/airflow/example_dags/tutorial_objectstorage.py
[2024-12-14T07:54:45.975+0000] {processor.py:914} INFO - Processing file /Users/rtewelde/airflow_venv/lib/python3.11/site-packages/airflow/example_dags/tutorial_objectstorage.py for tasks to queue
[2024-12-14T07:54:45.976+0000] {logging_mixin.py:190} INFO - [2024-12-14T07:54:45.976+0000] {dagbag.py:588} INFO - Filling up the DagBag from /Users/rtewelde/airflow_venv/lib/python3.11/site-packages/airflow/example_dags/tutorial_objectstorage.py
[2024-12-14T07:54:46.009+0000] {processor.py:925} INFO - DAG(s) 'tutorial_objectstorage' retrieved from /Users/rtewelde/airflow_venv/lib/python3.11/site-packages/airflow/example_dags/tutorial_objectstorage.py
[2024-12-14T07:54:46.169+0000] {logging_mixin.py:190} INFO - [2024-12-14T07:54:46.169+0000] {dag.py:3239} INFO - Sync 1 DAGs
[2024-12-14T07:54:46.180+0000] {logging_mixin.py:190} INFO - [2024-12-14T07:54:46.180+0000] {dag.py:4180} INFO - Setting next_dagrun for tutorial_objectstorage to None, run_after=None
[2024-12-14T07:54:46.198+0000] {processor.py:208} INFO - Processing /Users/rtewelde/airflow_venv/lib/python3.11/site-packages/airflow/example_dags/tutorial_objectstorage.py took 0.226 seconds
[2024-12-14T07:57:30.984+0000] {processor.py:186} INFO - Started process (PID=34186) to work on /Users/rtewelde/airflow_venv/lib/python3.11/site-packages/airflow/example_dags/tutorial_objectstorage.py
[2024-12-14T07:57:30.985+0000] {processor.py:914} INFO - Processing file /Users/rtewelde/airflow_venv/lib/python3.11/site-packages/airflow/example_dags/tutorial_objectstorage.py for tasks to queue
[2024-12-14T07:57:30.986+0000] {logging_mixin.py:190} INFO - [2024-12-14T07:57:30.986+0000] {dagbag.py:588} INFO - Filling up the DagBag from /Users/rtewelde/airflow_venv/lib/python3.11/site-packages/airflow/example_dags/tutorial_objectstorage.py
[2024-12-14T07:57:31.017+0000] {processor.py:925} INFO - DAG(s) 'tutorial_objectstorage' retrieved from /Users/rtewelde/airflow_venv/lib/python3.11/site-packages/airflow/example_dags/tutorial_objectstorage.py
[2024-12-14T07:57:31.157+0000] {logging_mixin.py:190} INFO - [2024-12-14T07:57:31.157+0000] {dag.py:3239} INFO - Sync 1 DAGs
[2024-12-14T07:57:31.169+0000] {logging_mixin.py:190} INFO - [2024-12-14T07:57:31.169+0000] {dag.py:4180} INFO - Setting next_dagrun for tutorial_objectstorage to None, run_after=None
[2024-12-14T07:57:31.186+0000] {processor.py:208} INFO - Processing /Users/rtewelde/airflow_venv/lib/python3.11/site-packages/airflow/example_dags/tutorial_objectstorage.py took 0.204 seconds
[2024-12-14T08:00:03.440+0000] {processor.py:186} INFO - Started process (PID=36159) to work on /Users/rtewelde/airflow_venv/lib/python3.11/site-packages/airflow/example_dags/tutorial_objectstorage.py
[2024-12-14T08:00:03.441+0000] {processor.py:914} INFO - Processing file /Users/rtewelde/airflow_venv/lib/python3.11/site-packages/airflow/example_dags/tutorial_objectstorage.py for tasks to queue
[2024-12-14T08:00:03.442+0000] {logging_mixin.py:190} INFO - [2024-12-14T08:00:03.442+0000] {dagbag.py:588} INFO - Filling up the DagBag from /Users/rtewelde/airflow_venv/lib/python3.11/site-packages/airflow/example_dags/tutorial_objectstorage.py
[2024-12-14T08:00:03.484+0000] {processor.py:925} INFO - DAG(s) 'tutorial_objectstorage' retrieved from /Users/rtewelde/airflow_venv/lib/python3.11/site-packages/airflow/example_dags/tutorial_objectstorage.py
[2024-12-14T08:00:03.653+0000] {logging_mixin.py:190} INFO - [2024-12-14T08:00:03.653+0000] {dag.py:3239} INFO - Sync 1 DAGs
[2024-12-14T08:00:03.665+0000] {logging_mixin.py:190} INFO - [2024-12-14T08:00:03.664+0000] {dag.py:4180} INFO - Setting next_dagrun for tutorial_objectstorage to None, run_after=None
[2024-12-14T08:00:03.682+0000] {processor.py:208} INFO - Processing /Users/rtewelde/airflow_venv/lib/python3.11/site-packages/airflow/example_dags/tutorial_objectstorage.py took 0.245 seconds
[2024-12-14T08:02:27.602+0000] {processor.py:186} INFO - Started process (PID=37316) to work on /Users/rtewelde/airflow_venv/lib/python3.11/site-packages/airflow/example_dags/tutorial_objectstorage.py
[2024-12-14T08:02:27.603+0000] {processor.py:914} INFO - Processing file /Users/rtewelde/airflow_venv/lib/python3.11/site-packages/airflow/example_dags/tutorial_objectstorage.py for tasks to queue
[2024-12-14T08:02:27.604+0000] {logging_mixin.py:190} INFO - [2024-12-14T08:02:27.604+0000] {dagbag.py:588} INFO - Filling up the DagBag from /Users/rtewelde/airflow_venv/lib/python3.11/site-packages/airflow/example_dags/tutorial_objectstorage.py
[2024-12-14T08:02:27.642+0000] {processor.py:925} INFO - DAG(s) 'tutorial_objectstorage' retrieved from /Users/rtewelde/airflow_venv/lib/python3.11/site-packages/airflow/example_dags/tutorial_objectstorage.py
[2024-12-14T08:02:27.841+0000] {logging_mixin.py:190} INFO - [2024-12-14T08:02:27.840+0000] {dag.py:3239} INFO - Sync 1 DAGs
[2024-12-14T08:02:27.853+0000] {logging_mixin.py:190} INFO - [2024-12-14T08:02:27.852+0000] {dag.py:4180} INFO - Setting next_dagrun for tutorial_objectstorage to None, run_after=None
[2024-12-14T08:02:27.872+0000] {processor.py:208} INFO - Processing /Users/rtewelde/airflow_venv/lib/python3.11/site-packages/airflow/example_dags/tutorial_objectstorage.py took 0.273 seconds
