[2024-09-25T12:50:05.361+0100] {processor.py:186} INFO - Started process (PID=13116) to work on /Users/rtewelde/airflow_venv/lib/python3.11/site-packages/airflow/example_dags/example_branch_operator_decorator.py
[2024-09-25T12:50:05.361+0100] {processor.py:914} INFO - Processing file /Users/rtewelde/airflow_venv/lib/python3.11/site-packages/airflow/example_dags/example_branch_operator_decorator.py for tasks to queue
[2024-09-25T12:50:05.362+0100] {logging_mixin.py:190} INFO - [2024-09-25T12:50:05.362+0100] {dagbag.py:588} INFO - Filling up the DagBag from /Users/rtewelde/airflow_venv/lib/python3.11/site-packages/airflow/example_dags/example_branch_operator_decorator.py
[2024-09-25T12:50:05.382+0100] {processor.py:927} WARNING - No viable dags retrieved from /Users/rtewelde/airflow_venv/lib/python3.11/site-packages/airflow/example_dags/example_branch_operator_decorator.py
[2024-09-25T12:50:05.535+0100] {processor.py:208} INFO - Processing /Users/rtewelde/airflow_venv/lib/python3.11/site-packages/airflow/example_dags/example_branch_operator_decorator.py took 0.178 seconds
[2024-09-25T14:59:59.287+0100] {processor.py:186} INFO - Started process (PID=14569) to work on /Users/rtewelde/airflow_venv/lib/python3.11/site-packages/airflow/example_dags/example_branch_operator_decorator.py
[2024-09-25T14:59:59.292+0100] {processor.py:914} INFO - Processing file /Users/rtewelde/airflow_venv/lib/python3.11/site-packages/airflow/example_dags/example_branch_operator_decorator.py for tasks to queue
[2024-09-25T14:59:59.294+0100] {logging_mixin.py:190} INFO - [2024-09-25T14:59:59.293+0100] {dagbag.py:588} INFO - Filling up the DagBag from /Users/rtewelde/airflow_venv/lib/python3.11/site-packages/airflow/example_dags/example_branch_operator_decorator.py
[2024-09-25T14:59:59.334+0100] {processor.py:927} WARNING - No viable dags retrieved from /Users/rtewelde/airflow_venv/lib/python3.11/site-packages/airflow/example_dags/example_branch_operator_decorator.py
[2024-09-25T14:59:59.538+0100] {processor.py:208} INFO - Processing /Users/rtewelde/airflow_venv/lib/python3.11/site-packages/airflow/example_dags/example_branch_operator_decorator.py took 0.256 seconds
[2024-09-25T23:23:48.257+0100] {processor.py:186} INFO - Started process (PID=16709) to work on /Users/rtewelde/airflow_venv/lib/python3.11/site-packages/airflow/example_dags/example_branch_operator_decorator.py
[2024-09-25T23:23:48.260+0100] {processor.py:914} INFO - Processing file /Users/rtewelde/airflow_venv/lib/python3.11/site-packages/airflow/example_dags/example_branch_operator_decorator.py for tasks to queue
[2024-09-25T23:23:48.265+0100] {logging_mixin.py:190} INFO - [2024-09-25T23:23:48.264+0100] {dagbag.py:588} INFO - Filling up the DagBag from /Users/rtewelde/airflow_venv/lib/python3.11/site-packages/airflow/example_dags/example_branch_operator_decorator.py
[2024-09-25T23:23:48.344+0100] {processor.py:927} WARNING - No viable dags retrieved from /Users/rtewelde/airflow_venv/lib/python3.11/site-packages/airflow/example_dags/example_branch_operator_decorator.py
[2024-09-25T23:23:48.960+0100] {processor.py:208} INFO - Processing /Users/rtewelde/airflow_venv/lib/python3.11/site-packages/airflow/example_dags/example_branch_operator_decorator.py took 0.712 seconds
[2024-09-25T23:32:56.748+0100] {processor.py:186} INFO - Started process (PID=19111) to work on /Users/rtewelde/airflow_venv/lib/python3.11/site-packages/airflow/example_dags/example_branch_operator_decorator.py
[2024-09-25T23:32:56.751+0100] {processor.py:914} INFO - Processing file /Users/rtewelde/airflow_venv/lib/python3.11/site-packages/airflow/example_dags/example_branch_operator_decorator.py for tasks to queue
[2024-09-25T23:32:56.755+0100] {logging_mixin.py:190} INFO - [2024-09-25T23:32:56.754+0100] {dagbag.py:588} INFO - Filling up the DagBag from /Users/rtewelde/airflow_venv/lib/python3.11/site-packages/airflow/example_dags/example_branch_operator_decorator.py
[2024-09-25T23:32:56.824+0100] {processor.py:927} WARNING - No viable dags retrieved from /Users/rtewelde/airflow_venv/lib/python3.11/site-packages/airflow/example_dags/example_branch_operator_decorator.py
[2024-09-25T23:32:57.350+0100] {processor.py:208} INFO - Processing /Users/rtewelde/airflow_venv/lib/python3.11/site-packages/airflow/example_dags/example_branch_operator_decorator.py took 0.611 seconds
[2024-09-26T00:19:43.132+0100] {processor.py:186} INFO - Started process (PID=25047) to work on /Users/rtewelde/airflow_venv/lib/python3.11/site-packages/airflow/example_dags/example_branch_operator_decorator.py
[2024-09-26T00:19:43.136+0100] {processor.py:914} INFO - Processing file /Users/rtewelde/airflow_venv/lib/python3.11/site-packages/airflow/example_dags/example_branch_operator_decorator.py for tasks to queue
[2024-09-26T00:19:43.140+0100] {logging_mixin.py:190} INFO - [2024-09-26T00:19:43.139+0100] {dagbag.py:588} INFO - Filling up the DagBag from /Users/rtewelde/airflow_venv/lib/python3.11/site-packages/airflow/example_dags/example_branch_operator_decorator.py
[2024-09-26T00:19:43.212+0100] {processor.py:927} WARNING - No viable dags retrieved from /Users/rtewelde/airflow_venv/lib/python3.11/site-packages/airflow/example_dags/example_branch_operator_decorator.py
[2024-09-26T00:19:43.832+0100] {processor.py:208} INFO - Processing /Users/rtewelde/airflow_venv/lib/python3.11/site-packages/airflow/example_dags/example_branch_operator_decorator.py took 0.720 seconds
