[2024-09-25T12:49:47.099+0100] {processor.py:186} INFO - Started process (PID=13011) to work on /Users/rtewelde/airflow_venv/lib/python3.11/site-packages/airflow/example_dags/example_datasets.py
[2024-09-25T12:49:47.100+0100] {processor.py:914} INFO - Processing file /Users/rtewelde/airflow_venv/lib/python3.11/site-packages/airflow/example_dags/example_datasets.py for tasks to queue
[2024-09-25T12:49:47.101+0100] {logging_mixin.py:190} INFO - [2024-09-25T12:49:47.101+0100] {dagbag.py:588} INFO - Filling up the DagBag from /Users/rtewelde/airflow_venv/lib/python3.11/site-packages/airflow/example_dags/example_datasets.py
[2024-09-25T12:49:47.152+0100] {processor.py:925} INFO - DAG(s) 'dataset_produces_2', 'conditional_dataset_and_time_based_timetable', 'dataset_produces_1', 'dataset_consumes_1_never_scheduled', 'consume_1_or_2_with_dataset_expressions', 'dataset_consumes_1', 'consume_1_or_both_2_and_3_with_dataset_expressions', 'dataset_consumes_unknown_never_scheduled', 'dataset_consumes_1_and_2', 'consume_1_and_2_with_dataset_expressions' retrieved from /Users/rtewelde/airflow_venv/lib/python3.11/site-packages/airflow/example_dags/example_datasets.py
[2024-09-25T12:49:47.343+0100] {logging_mixin.py:190} INFO - [2024-09-25T12:49:47.343+0100] {dag.py:3239} INFO - Sync 10 DAGs
[2024-09-25T12:49:47.363+0100] {logging_mixin.py:190} INFO - [2024-09-25T12:49:47.363+0100] {dag.py:4180} INFO - Setting next_dagrun for conditional_dataset_and_time_based_timetable to 2024-09-25 01:00:00+00:00, run_after=2024-09-25 01:00:00+00:00
[2024-09-25T12:49:47.367+0100] {logging_mixin.py:190} INFO - [2024-09-25T12:49:47.367+0100] {dag.py:4180} INFO - Setting next_dagrun for consume_1_and_2_with_dataset_expressions to None, run_after=None
[2024-09-25T12:49:47.368+0100] {logging_mixin.py:190} INFO - [2024-09-25T12:49:47.368+0100] {dag.py:4180} INFO - Setting next_dagrun for consume_1_or_2_with_dataset_expressions to None, run_after=None
[2024-09-25T12:49:47.369+0100] {logging_mixin.py:190} INFO - [2024-09-25T12:49:47.369+0100] {dag.py:4180} INFO - Setting next_dagrun for consume_1_or_both_2_and_3_with_dataset_expressions to None, run_after=None
[2024-09-25T12:49:47.370+0100] {logging_mixin.py:190} INFO - [2024-09-25T12:49:47.370+0100] {dag.py:4180} INFO - Setting next_dagrun for dataset_consumes_1 to None, run_after=None
[2024-09-25T12:49:47.371+0100] {logging_mixin.py:190} INFO - [2024-09-25T12:49:47.371+0100] {dag.py:4180} INFO - Setting next_dagrun for dataset_consumes_1_and_2 to None, run_after=None
[2024-09-25T12:49:47.372+0100] {logging_mixin.py:190} INFO - [2024-09-25T12:49:47.372+0100] {dag.py:4180} INFO - Setting next_dagrun for dataset_consumes_1_never_scheduled to None, run_after=None
[2024-09-25T12:49:47.373+0100] {logging_mixin.py:190} INFO - [2024-09-25T12:49:47.372+0100] {dag.py:4180} INFO - Setting next_dagrun for dataset_consumes_unknown_never_scheduled to None, run_after=None
[2024-09-25T12:49:47.375+0100] {logging_mixin.py:190} INFO - [2024-09-25T12:49:47.375+0100] {dag.py:4180} INFO - Setting next_dagrun for dataset_produces_1 to 2024-09-24 00:00:00+00:00, run_after=2024-09-25 00:00:00+00:00
[2024-09-25T12:49:47.378+0100] {logging_mixin.py:190} INFO - [2024-09-25T12:49:47.378+0100] {dag.py:4180} INFO - Setting next_dagrun for dataset_produces_2 to None, run_after=None
[2024-09-25T12:49:47.407+0100] {processor.py:208} INFO - Processing /Users/rtewelde/airflow_venv/lib/python3.11/site-packages/airflow/example_dags/example_datasets.py took 0.310 seconds
[2024-09-25T12:53:34.827+0100] {processor.py:186} INFO - Started process (PID=14424) to work on /Users/rtewelde/airflow_venv/lib/python3.11/site-packages/airflow/example_dags/example_datasets.py
[2024-09-25T12:53:34.828+0100] {processor.py:914} INFO - Processing file /Users/rtewelde/airflow_venv/lib/python3.11/site-packages/airflow/example_dags/example_datasets.py for tasks to queue
[2024-09-25T12:53:34.829+0100] {logging_mixin.py:190} INFO - [2024-09-25T12:53:34.829+0100] {dagbag.py:588} INFO - Filling up the DagBag from /Users/rtewelde/airflow_venv/lib/python3.11/site-packages/airflow/example_dags/example_datasets.py
[2024-09-25T12:53:34.872+0100] {processor.py:925} INFO - DAG(s) 'dataset_produces_1', 'consume_1_and_2_with_dataset_expressions', 'dataset_consumes_1', 'dataset_consumes_1_never_scheduled', 'consume_1_or_2_with_dataset_expressions', 'dataset_consumes_unknown_never_scheduled', 'dataset_consumes_1_and_2', 'consume_1_or_both_2_and_3_with_dataset_expressions', 'conditional_dataset_and_time_based_timetable', 'dataset_produces_2' retrieved from /Users/rtewelde/airflow_venv/lib/python3.11/site-packages/airflow/example_dags/example_datasets.py
[2024-09-25T12:53:35.083+0100] {logging_mixin.py:190} INFO - [2024-09-25T12:53:35.083+0100] {dag.py:3239} INFO - Sync 10 DAGs
[2024-09-25T12:53:35.101+0100] {logging_mixin.py:190} INFO - [2024-09-25T12:53:35.101+0100] {dag.py:4180} INFO - Setting next_dagrun for conditional_dataset_and_time_based_timetable to 2024-09-25 01:00:00+00:00, run_after=2024-09-25 01:00:00+00:00
[2024-09-25T12:53:35.105+0100] {logging_mixin.py:190} INFO - [2024-09-25T12:53:35.105+0100] {dag.py:4180} INFO - Setting next_dagrun for consume_1_and_2_with_dataset_expressions to None, run_after=None
[2024-09-25T12:53:35.106+0100] {logging_mixin.py:190} INFO - [2024-09-25T12:53:35.105+0100] {dag.py:4180} INFO - Setting next_dagrun for consume_1_or_2_with_dataset_expressions to None, run_after=None
[2024-09-25T12:53:35.106+0100] {logging_mixin.py:190} INFO - [2024-09-25T12:53:35.106+0100] {dag.py:4180} INFO - Setting next_dagrun for consume_1_or_both_2_and_3_with_dataset_expressions to None, run_after=None
[2024-09-25T12:53:35.107+0100] {logging_mixin.py:190} INFO - [2024-09-25T12:53:35.107+0100] {dag.py:4180} INFO - Setting next_dagrun for dataset_consumes_1 to None, run_after=None
[2024-09-25T12:53:35.108+0100] {logging_mixin.py:190} INFO - [2024-09-25T12:53:35.108+0100] {dag.py:4180} INFO - Setting next_dagrun for dataset_consumes_1_and_2 to None, run_after=None
[2024-09-25T12:53:35.108+0100] {logging_mixin.py:190} INFO - [2024-09-25T12:53:35.108+0100] {dag.py:4180} INFO - Setting next_dagrun for dataset_consumes_1_never_scheduled to None, run_after=None
[2024-09-25T12:53:35.109+0100] {logging_mixin.py:190} INFO - [2024-09-25T12:53:35.109+0100] {dag.py:4180} INFO - Setting next_dagrun for dataset_consumes_unknown_never_scheduled to None, run_after=None
[2024-09-25T12:53:35.111+0100] {logging_mixin.py:190} INFO - [2024-09-25T12:53:35.111+0100] {dag.py:4180} INFO - Setting next_dagrun for dataset_produces_1 to 2024-09-24 00:00:00+00:00, run_after=2024-09-25 00:00:00+00:00
[2024-09-25T12:53:35.112+0100] {logging_mixin.py:190} INFO - [2024-09-25T12:53:35.112+0100] {dag.py:4180} INFO - Setting next_dagrun for dataset_produces_2 to None, run_after=None
[2024-09-25T12:53:35.136+0100] {processor.py:208} INFO - Processing /Users/rtewelde/airflow_venv/lib/python3.11/site-packages/airflow/example_dags/example_datasets.py took 0.311 seconds
[2024-09-25T23:22:46.457+0100] {processor.py:186} INFO - Started process (PID=16436) to work on /Users/rtewelde/airflow_venv/lib/python3.11/site-packages/airflow/example_dags/example_datasets.py
[2024-09-25T23:22:46.461+0100] {processor.py:914} INFO - Processing file /Users/rtewelde/airflow_venv/lib/python3.11/site-packages/airflow/example_dags/example_datasets.py for tasks to queue
[2024-09-25T23:22:46.464+0100] {logging_mixin.py:190} INFO - [2024-09-25T23:22:46.463+0100] {dagbag.py:588} INFO - Filling up the DagBag from /Users/rtewelde/airflow_venv/lib/python3.11/site-packages/airflow/example_dags/example_datasets.py
[2024-09-25T23:22:46.736+0100] {processor.py:925} INFO - DAG(s) 'consume_1_or_2_with_dataset_expressions', 'dataset_consumes_1_and_2', 'dataset_produces_2', 'conditional_dataset_and_time_based_timetable', 'dataset_produces_1', 'dataset_consumes_1_never_scheduled', 'consume_1_and_2_with_dataset_expressions', 'consume_1_or_both_2_and_3_with_dataset_expressions', 'dataset_consumes_1', 'dataset_consumes_unknown_never_scheduled' retrieved from /Users/rtewelde/airflow_venv/lib/python3.11/site-packages/airflow/example_dags/example_datasets.py
[2024-09-25T23:22:47.517+0100] {logging_mixin.py:190} INFO - [2024-09-25T23:22:47.517+0100] {dag.py:3239} INFO - Sync 10 DAGs
[2024-09-25T23:22:47.601+0100] {logging_mixin.py:190} INFO - [2024-09-25T23:22:47.601+0100] {dag.py:4180} INFO - Setting next_dagrun for conditional_dataset_and_time_based_timetable to 2024-09-25 01:00:00+00:00, run_after=2024-09-25 01:00:00+00:00
[2024-09-25T23:22:47.619+0100] {logging_mixin.py:190} INFO - [2024-09-25T23:22:47.618+0100] {dag.py:4180} INFO - Setting next_dagrun for consume_1_and_2_with_dataset_expressions to None, run_after=None
[2024-09-25T23:22:47.623+0100] {logging_mixin.py:190} INFO - [2024-09-25T23:22:47.622+0100] {dag.py:4180} INFO - Setting next_dagrun for consume_1_or_2_with_dataset_expressions to None, run_after=None
[2024-09-25T23:22:47.626+0100] {logging_mixin.py:190} INFO - [2024-09-25T23:22:47.626+0100] {dag.py:4180} INFO - Setting next_dagrun for consume_1_or_both_2_and_3_with_dataset_expressions to None, run_after=None
[2024-09-25T23:22:47.630+0100] {logging_mixin.py:190} INFO - [2024-09-25T23:22:47.629+0100] {dag.py:4180} INFO - Setting next_dagrun for dataset_consumes_1 to None, run_after=None
[2024-09-25T23:22:47.636+0100] {logging_mixin.py:190} INFO - [2024-09-25T23:22:47.635+0100] {dag.py:4180} INFO - Setting next_dagrun for dataset_consumes_1_and_2 to None, run_after=None
[2024-09-25T23:22:47.643+0100] {logging_mixin.py:190} INFO - [2024-09-25T23:22:47.642+0100] {dag.py:4180} INFO - Setting next_dagrun for dataset_consumes_1_never_scheduled to None, run_after=None
[2024-09-25T23:22:47.647+0100] {logging_mixin.py:190} INFO - [2024-09-25T23:22:47.646+0100] {dag.py:4180} INFO - Setting next_dagrun for dataset_consumes_unknown_never_scheduled to None, run_after=None
[2024-09-25T23:22:47.656+0100] {logging_mixin.py:190} INFO - [2024-09-25T23:22:47.655+0100] {dag.py:4180} INFO - Setting next_dagrun for dataset_produces_1 to 2024-09-24 00:00:00+00:00, run_after=2024-09-25 00:00:00+00:00
[2024-09-25T23:22:47.660+0100] {logging_mixin.py:190} INFO - [2024-09-25T23:22:47.659+0100] {dag.py:4180} INFO - Setting next_dagrun for dataset_produces_2 to None, run_after=None
[2024-09-25T23:22:47.762+0100] {processor.py:208} INFO - Processing /Users/rtewelde/airflow_venv/lib/python3.11/site-packages/airflow/example_dags/example_datasets.py took 1.314 seconds
[2024-09-25T23:32:00.055+0100] {processor.py:186} INFO - Started process (PID=18869) to work on /Users/rtewelde/airflow_venv/lib/python3.11/site-packages/airflow/example_dags/example_datasets.py
[2024-09-25T23:32:00.058+0100] {processor.py:914} INFO - Processing file /Users/rtewelde/airflow_venv/lib/python3.11/site-packages/airflow/example_dags/example_datasets.py for tasks to queue
[2024-09-25T23:32:00.061+0100] {logging_mixin.py:190} INFO - [2024-09-25T23:32:00.061+0100] {dagbag.py:588} INFO - Filling up the DagBag from /Users/rtewelde/airflow_venv/lib/python3.11/site-packages/airflow/example_dags/example_datasets.py
[2024-09-25T23:32:00.267+0100] {processor.py:925} INFO - DAG(s) 'dataset_produces_1', 'conditional_dataset_and_time_based_timetable', 'dataset_consumes_1_and_2', 'consume_1_and_2_with_dataset_expressions', 'dataset_produces_2', 'consume_1_or_both_2_and_3_with_dataset_expressions', 'dataset_consumes_1_never_scheduled', 'consume_1_or_2_with_dataset_expressions', 'dataset_consumes_1', 'dataset_consumes_unknown_never_scheduled' retrieved from /Users/rtewelde/airflow_venv/lib/python3.11/site-packages/airflow/example_dags/example_datasets.py
[2024-09-25T23:32:00.911+0100] {logging_mixin.py:190} INFO - [2024-09-25T23:32:00.911+0100] {dag.py:3239} INFO - Sync 10 DAGs
[2024-09-25T23:32:00.988+0100] {logging_mixin.py:190} INFO - [2024-09-25T23:32:00.987+0100] {dag.py:4180} INFO - Setting next_dagrun for conditional_dataset_and_time_based_timetable to 2024-09-25 01:00:00+00:00, run_after=2024-09-25 01:00:00+00:00
[2024-09-25T23:32:01.005+0100] {logging_mixin.py:190} INFO - [2024-09-25T23:32:01.005+0100] {dag.py:4180} INFO - Setting next_dagrun for consume_1_and_2_with_dataset_expressions to None, run_after=None
[2024-09-25T23:32:01.009+0100] {logging_mixin.py:190} INFO - [2024-09-25T23:32:01.009+0100] {dag.py:4180} INFO - Setting next_dagrun for consume_1_or_2_with_dataset_expressions to None, run_after=None
[2024-09-25T23:32:01.013+0100] {logging_mixin.py:190} INFO - [2024-09-25T23:32:01.012+0100] {dag.py:4180} INFO - Setting next_dagrun for consume_1_or_both_2_and_3_with_dataset_expressions to None, run_after=None
[2024-09-25T23:32:01.016+0100] {logging_mixin.py:190} INFO - [2024-09-25T23:32:01.015+0100] {dag.py:4180} INFO - Setting next_dagrun for dataset_consumes_1 to None, run_after=None
[2024-09-25T23:32:01.019+0100] {logging_mixin.py:190} INFO - [2024-09-25T23:32:01.018+0100] {dag.py:4180} INFO - Setting next_dagrun for dataset_consumes_1_and_2 to None, run_after=None
[2024-09-25T23:32:01.022+0100] {logging_mixin.py:190} INFO - [2024-09-25T23:32:01.021+0100] {dag.py:4180} INFO - Setting next_dagrun for dataset_consumes_1_never_scheduled to None, run_after=None
[2024-09-25T23:32:01.025+0100] {logging_mixin.py:190} INFO - [2024-09-25T23:32:01.024+0100] {dag.py:4180} INFO - Setting next_dagrun for dataset_consumes_unknown_never_scheduled to None, run_after=None
[2024-09-25T23:32:01.036+0100] {logging_mixin.py:190} INFO - [2024-09-25T23:32:01.034+0100] {dag.py:4180} INFO - Setting next_dagrun for dataset_produces_1 to 2024-09-24 00:00:00+00:00, run_after=2024-09-25 00:00:00+00:00
[2024-09-25T23:32:01.041+0100] {logging_mixin.py:190} INFO - [2024-09-25T23:32:01.040+0100] {dag.py:4180} INFO - Setting next_dagrun for dataset_produces_2 to None, run_after=None
[2024-09-25T23:32:01.140+0100] {processor.py:208} INFO - Processing /Users/rtewelde/airflow_venv/lib/python3.11/site-packages/airflow/example_dags/example_datasets.py took 1.095 seconds
[2024-09-26T00:10:00.738+0100] {processor.py:186} INFO - Started process (PID=20954) to work on /Users/rtewelde/airflow_venv/lib/python3.11/site-packages/airflow/example_dags/example_datasets.py
[2024-09-26T00:10:00.742+0100] {processor.py:914} INFO - Processing file /Users/rtewelde/airflow_venv/lib/python3.11/site-packages/airflow/example_dags/example_datasets.py for tasks to queue
[2024-09-26T00:10:00.746+0100] {logging_mixin.py:190} INFO - [2024-09-26T00:10:00.745+0100] {dagbag.py:588} INFO - Filling up the DagBag from /Users/rtewelde/airflow_venv/lib/python3.11/site-packages/airflow/example_dags/example_datasets.py
[2024-09-26T00:10:00.930+0100] {processor.py:925} INFO - DAG(s) 'dataset_produces_1', 'conditional_dataset_and_time_based_timetable', 'consume_1_or_both_2_and_3_with_dataset_expressions', 'dataset_consumes_1_and_2', 'dataset_consumes_1_never_scheduled', 'dataset_produces_2', 'dataset_consumes_unknown_never_scheduled', 'consume_1_or_2_with_dataset_expressions', 'dataset_consumes_1', 'consume_1_and_2_with_dataset_expressions' retrieved from /Users/rtewelde/airflow_venv/lib/python3.11/site-packages/airflow/example_dags/example_datasets.py
[2024-09-26T00:10:01.589+0100] {logging_mixin.py:190} INFO - [2024-09-26T00:10:01.588+0100] {dag.py:3239} INFO - Sync 10 DAGs
[2024-09-26T00:10:01.668+0100] {logging_mixin.py:190} INFO - [2024-09-26T00:10:01.667+0100] {dag.py:4180} INFO - Setting next_dagrun for conditional_dataset_and_time_based_timetable to 2024-09-25 01:00:00+00:00, run_after=2024-09-25 01:00:00+00:00
[2024-09-26T00:10:01.684+0100] {logging_mixin.py:190} INFO - [2024-09-26T00:10:01.683+0100] {dag.py:4180} INFO - Setting next_dagrun for consume_1_and_2_with_dataset_expressions to None, run_after=None
[2024-09-26T00:10:01.687+0100] {logging_mixin.py:190} INFO - [2024-09-26T00:10:01.687+0100] {dag.py:4180} INFO - Setting next_dagrun for consume_1_or_2_with_dataset_expressions to None, run_after=None
[2024-09-26T00:10:01.690+0100] {logging_mixin.py:190} INFO - [2024-09-26T00:10:01.690+0100] {dag.py:4180} INFO - Setting next_dagrun for consume_1_or_both_2_and_3_with_dataset_expressions to None, run_after=None
[2024-09-26T00:10:01.693+0100] {logging_mixin.py:190} INFO - [2024-09-26T00:10:01.693+0100] {dag.py:4180} INFO - Setting next_dagrun for dataset_consumes_1 to None, run_after=None
[2024-09-26T00:10:01.697+0100] {logging_mixin.py:190} INFO - [2024-09-26T00:10:01.696+0100] {dag.py:4180} INFO - Setting next_dagrun for dataset_consumes_1_and_2 to None, run_after=None
[2024-09-26T00:10:01.701+0100] {logging_mixin.py:190} INFO - [2024-09-26T00:10:01.701+0100] {dag.py:4180} INFO - Setting next_dagrun for dataset_consumes_1_never_scheduled to None, run_after=None
[2024-09-26T00:10:01.706+0100] {logging_mixin.py:190} INFO - [2024-09-26T00:10:01.705+0100] {dag.py:4180} INFO - Setting next_dagrun for dataset_consumes_unknown_never_scheduled to None, run_after=None
[2024-09-26T00:10:01.715+0100] {logging_mixin.py:190} INFO - [2024-09-26T00:10:01.714+0100] {dag.py:4180} INFO - Setting next_dagrun for dataset_produces_1 to 2024-09-24 00:00:00+00:00, run_after=2024-09-25 00:00:00+00:00
[2024-09-26T00:10:01.718+0100] {logging_mixin.py:190} INFO - [2024-09-26T00:10:01.717+0100] {dag.py:4180} INFO - Setting next_dagrun for dataset_produces_2 to None, run_after=None
[2024-09-26T00:10:01.818+0100] {processor.py:208} INFO - Processing /Users/rtewelde/airflow_venv/lib/python3.11/site-packages/airflow/example_dags/example_datasets.py took 1.090 seconds
[2024-09-26T00:18:47.579+0100] {processor.py:186} INFO - Started process (PID=24817) to work on /Users/rtewelde/airflow_venv/lib/python3.11/site-packages/airflow/example_dags/example_datasets.py
[2024-09-26T00:18:47.583+0100] {processor.py:914} INFO - Processing file /Users/rtewelde/airflow_venv/lib/python3.11/site-packages/airflow/example_dags/example_datasets.py for tasks to queue
[2024-09-26T00:18:47.587+0100] {logging_mixin.py:190} INFO - [2024-09-26T00:18:47.586+0100] {dagbag.py:588} INFO - Filling up the DagBag from /Users/rtewelde/airflow_venv/lib/python3.11/site-packages/airflow/example_dags/example_datasets.py
[2024-09-26T00:18:47.804+0100] {processor.py:925} INFO - DAG(s) 'dataset_consumes_1', 'dataset_produces_1', 'conditional_dataset_and_time_based_timetable', 'dataset_produces_2', 'consume_1_or_both_2_and_3_with_dataset_expressions', 'dataset_consumes_unknown_never_scheduled', 'consume_1_or_2_with_dataset_expressions', 'dataset_consumes_1_never_scheduled', 'consume_1_and_2_with_dataset_expressions', 'dataset_consumes_1_and_2' retrieved from /Users/rtewelde/airflow_venv/lib/python3.11/site-packages/airflow/example_dags/example_datasets.py
[2024-09-26T00:18:48.546+0100] {logging_mixin.py:190} INFO - [2024-09-26T00:18:48.545+0100] {dag.py:3239} INFO - Sync 10 DAGs
[2024-09-26T00:18:48.624+0100] {logging_mixin.py:190} INFO - [2024-09-26T00:18:48.623+0100] {dag.py:4180} INFO - Setting next_dagrun for conditional_dataset_and_time_based_timetable to 2024-09-25 01:00:00+00:00, run_after=2024-09-25 01:00:00+00:00
[2024-09-26T00:18:48.641+0100] {logging_mixin.py:190} INFO - [2024-09-26T00:18:48.640+0100] {dag.py:4180} INFO - Setting next_dagrun for consume_1_and_2_with_dataset_expressions to None, run_after=None
[2024-09-26T00:18:48.645+0100] {logging_mixin.py:190} INFO - [2024-09-26T00:18:48.644+0100] {dag.py:4180} INFO - Setting next_dagrun for consume_1_or_2_with_dataset_expressions to None, run_after=None
[2024-09-26T00:18:48.648+0100] {logging_mixin.py:190} INFO - [2024-09-26T00:18:48.648+0100] {dag.py:4180} INFO - Setting next_dagrun for consume_1_or_both_2_and_3_with_dataset_expressions to None, run_after=None
[2024-09-26T00:18:48.653+0100] {logging_mixin.py:190} INFO - [2024-09-26T00:18:48.652+0100] {dag.py:4180} INFO - Setting next_dagrun for dataset_consumes_1 to None, run_after=None
[2024-09-26T00:18:48.659+0100] {logging_mixin.py:190} INFO - [2024-09-26T00:18:48.658+0100] {dag.py:4180} INFO - Setting next_dagrun for dataset_consumes_1_and_2 to None, run_after=None
[2024-09-26T00:18:48.663+0100] {logging_mixin.py:190} INFO - [2024-09-26T00:18:48.663+0100] {dag.py:4180} INFO - Setting next_dagrun for dataset_consumes_1_never_scheduled to None, run_after=None
[2024-09-26T00:18:48.667+0100] {logging_mixin.py:190} INFO - [2024-09-26T00:18:48.666+0100] {dag.py:4180} INFO - Setting next_dagrun for dataset_consumes_unknown_never_scheduled to None, run_after=None
[2024-09-26T00:18:48.675+0100] {logging_mixin.py:190} INFO - [2024-09-26T00:18:48.674+0100] {dag.py:4180} INFO - Setting next_dagrun for dataset_produces_1 to 2024-09-24 00:00:00+00:00, run_after=2024-09-25 00:00:00+00:00
[2024-09-26T00:18:48.679+0100] {logging_mixin.py:190} INFO - [2024-09-26T00:18:48.678+0100] {dag.py:4180} INFO - Setting next_dagrun for dataset_produces_2 to None, run_after=None
[2024-09-26T00:18:48.784+0100] {processor.py:208} INFO - Processing /Users/rtewelde/airflow_venv/lib/python3.11/site-packages/airflow/example_dags/example_datasets.py took 1.216 seconds
[2024-09-26T00:56:54.484+0100] {processor.py:186} INFO - Started process (PID=26924) to work on /Users/rtewelde/airflow_venv/lib/python3.11/site-packages/airflow/example_dags/example_datasets.py
[2024-09-26T00:56:54.488+0100] {processor.py:914} INFO - Processing file /Users/rtewelde/airflow_venv/lib/python3.11/site-packages/airflow/example_dags/example_datasets.py for tasks to queue
[2024-09-26T00:56:54.491+0100] {logging_mixin.py:190} INFO - [2024-09-26T00:56:54.490+0100] {dagbag.py:588} INFO - Filling up the DagBag from /Users/rtewelde/airflow_venv/lib/python3.11/site-packages/airflow/example_dags/example_datasets.py
[2024-09-26T00:56:54.694+0100] {processor.py:925} INFO - DAG(s) 'dataset_consumes_1', 'conditional_dataset_and_time_based_timetable', 'consume_1_and_2_with_dataset_expressions', 'dataset_produces_1', 'consume_1_or_2_with_dataset_expressions', 'dataset_consumes_1_never_scheduled', 'consume_1_or_both_2_and_3_with_dataset_expressions', 'dataset_produces_2', 'dataset_consumes_unknown_never_scheduled', 'dataset_consumes_1_and_2' retrieved from /Users/rtewelde/airflow_venv/lib/python3.11/site-packages/airflow/example_dags/example_datasets.py
[2024-09-26T00:56:55.422+0100] {logging_mixin.py:190} INFO - [2024-09-26T00:56:55.421+0100] {dag.py:3239} INFO - Sync 10 DAGs
[2024-09-26T00:56:55.513+0100] {logging_mixin.py:190} INFO - [2024-09-26T00:56:55.512+0100] {dag.py:4180} INFO - Setting next_dagrun for conditional_dataset_and_time_based_timetable to 2024-09-25 01:00:00+00:00, run_after=2024-09-25 01:00:00+00:00
[2024-09-26T00:56:55.529+0100] {logging_mixin.py:190} INFO - [2024-09-26T00:56:55.528+0100] {dag.py:4180} INFO - Setting next_dagrun for consume_1_and_2_with_dataset_expressions to None, run_after=None
[2024-09-26T00:56:55.532+0100] {logging_mixin.py:190} INFO - [2024-09-26T00:56:55.532+0100] {dag.py:4180} INFO - Setting next_dagrun for consume_1_or_2_with_dataset_expressions to None, run_after=None
[2024-09-26T00:56:55.535+0100] {logging_mixin.py:190} INFO - [2024-09-26T00:56:55.535+0100] {dag.py:4180} INFO - Setting next_dagrun for consume_1_or_both_2_and_3_with_dataset_expressions to None, run_after=None
[2024-09-26T00:56:55.539+0100] {logging_mixin.py:190} INFO - [2024-09-26T00:56:55.538+0100] {dag.py:4180} INFO - Setting next_dagrun for dataset_consumes_1 to None, run_after=None
[2024-09-26T00:56:55.543+0100] {logging_mixin.py:190} INFO - [2024-09-26T00:56:55.542+0100] {dag.py:4180} INFO - Setting next_dagrun for dataset_consumes_1_and_2 to None, run_after=None
[2024-09-26T00:56:55.547+0100] {logging_mixin.py:190} INFO - [2024-09-26T00:56:55.546+0100] {dag.py:4180} INFO - Setting next_dagrun for dataset_consumes_1_never_scheduled to None, run_after=None
[2024-09-26T00:56:55.551+0100] {logging_mixin.py:190} INFO - [2024-09-26T00:56:55.550+0100] {dag.py:4180} INFO - Setting next_dagrun for dataset_consumes_unknown_never_scheduled to None, run_after=None
[2024-09-26T00:56:55.560+0100] {logging_mixin.py:190} INFO - [2024-09-26T00:56:55.560+0100] {dag.py:4180} INFO - Setting next_dagrun for dataset_produces_1 to 2024-09-24 00:00:00+00:00, run_after=2024-09-25 00:00:00+00:00
[2024-09-26T00:56:55.563+0100] {logging_mixin.py:190} INFO - [2024-09-26T00:56:55.563+0100] {dag.py:4180} INFO - Setting next_dagrun for dataset_produces_2 to None, run_after=None
[2024-09-26T00:56:55.680+0100] {processor.py:208} INFO - Processing /Users/rtewelde/airflow_venv/lib/python3.11/site-packages/airflow/example_dags/example_datasets.py took 1.206 seconds
