[2024-09-25T12:49:32.155+0100] {processor.py:186} INFO - Started process (PID=12935) to work on /Users/rtewelde/airflow_venv/lib/python3.11/site-packages/airflow/example_dags/example_inlet_event_extra.py
[2024-09-25T12:49:32.156+0100] {processor.py:914} INFO - Processing file /Users/rtewelde/airflow_venv/lib/python3.11/site-packages/airflow/example_dags/example_inlet_event_extra.py for tasks to queue
[2024-09-25T12:49:32.157+0100] {logging_mixin.py:190} INFO - [2024-09-25T12:49:32.157+0100] {dagbag.py:588} INFO - Filling up the DagBag from /Users/rtewelde/airflow_venv/lib/python3.11/site-packages/airflow/example_dags/example_inlet_event_extra.py
[2024-09-25T12:49:32.232+0100] {processor.py:925} INFO - DAG(s) 'read_dataset_event_from_classic', 'read_dataset_event' retrieved from /Users/rtewelde/airflow_venv/lib/python3.11/site-packages/airflow/example_dags/example_inlet_event_extra.py
[2024-09-25T12:49:32.404+0100] {logging_mixin.py:190} INFO - [2024-09-25T12:49:32.403+0100] {dag.py:3239} INFO - Sync 2 DAGs
[2024-09-25T12:49:32.427+0100] {logging_mixin.py:190} INFO - [2024-09-25T12:49:32.427+0100] {dag.py:4180} INFO - Setting next_dagrun for read_dataset_event to 2024-09-24 00:00:00+00:00, run_after=2024-09-25 00:00:00+00:00
[2024-09-25T12:49:32.431+0100] {logging_mixin.py:190} INFO - [2024-09-25T12:49:32.431+0100] {dag.py:4180} INFO - Setting next_dagrun for read_dataset_event_from_classic to 2024-09-24 00:00:00+00:00, run_after=2024-09-25 00:00:00+00:00
[2024-09-25T12:49:32.449+0100] {processor.py:208} INFO - Processing /Users/rtewelde/airflow_venv/lib/python3.11/site-packages/airflow/example_dags/example_inlet_event_extra.py took 0.299 seconds
[2024-09-25T12:53:19.248+0100] {processor.py:186} INFO - Started process (PID=14338) to work on /Users/rtewelde/airflow_venv/lib/python3.11/site-packages/airflow/example_dags/example_inlet_event_extra.py
[2024-09-25T12:53:19.249+0100] {processor.py:914} INFO - Processing file /Users/rtewelde/airflow_venv/lib/python3.11/site-packages/airflow/example_dags/example_inlet_event_extra.py for tasks to queue
[2024-09-25T12:53:19.251+0100] {logging_mixin.py:190} INFO - [2024-09-25T12:53:19.250+0100] {dagbag.py:588} INFO - Filling up the DagBag from /Users/rtewelde/airflow_venv/lib/python3.11/site-packages/airflow/example_dags/example_inlet_event_extra.py
[2024-09-25T12:53:19.336+0100] {processor.py:925} INFO - DAG(s) 'read_dataset_event', 'read_dataset_event_from_classic' retrieved from /Users/rtewelde/airflow_venv/lib/python3.11/site-packages/airflow/example_dags/example_inlet_event_extra.py
[2024-09-25T12:53:19.513+0100] {logging_mixin.py:190} INFO - [2024-09-25T12:53:19.513+0100] {dag.py:3239} INFO - Sync 2 DAGs
[2024-09-25T12:53:19.536+0100] {logging_mixin.py:190} INFO - [2024-09-25T12:53:19.535+0100] {dag.py:4180} INFO - Setting next_dagrun for read_dataset_event to 2024-09-24 00:00:00+00:00, run_after=2024-09-25 00:00:00+00:00
[2024-09-25T12:53:19.540+0100] {logging_mixin.py:190} INFO - [2024-09-25T12:53:19.540+0100] {dag.py:4180} INFO - Setting next_dagrun for read_dataset_event_from_classic to 2024-09-24 00:00:00+00:00, run_after=2024-09-25 00:00:00+00:00
[2024-09-25T12:53:19.557+0100] {processor.py:208} INFO - Processing /Users/rtewelde/airflow_venv/lib/python3.11/site-packages/airflow/example_dags/example_inlet_event_extra.py took 0.312 seconds
[2024-09-25T23:21:57.097+0100] {processor.py:186} INFO - Started process (PID=16225) to work on /Users/rtewelde/airflow_venv/lib/python3.11/site-packages/airflow/example_dags/example_inlet_event_extra.py
[2024-09-25T23:21:57.101+0100] {processor.py:914} INFO - Processing file /Users/rtewelde/airflow_venv/lib/python3.11/site-packages/airflow/example_dags/example_inlet_event_extra.py for tasks to queue
[2024-09-25T23:21:57.106+0100] {logging_mixin.py:190} INFO - [2024-09-25T23:21:57.105+0100] {dagbag.py:588} INFO - Filling up the DagBag from /Users/rtewelde/airflow_venv/lib/python3.11/site-packages/airflow/example_dags/example_inlet_event_extra.py
[2024-09-25T23:21:57.457+0100] {processor.py:925} INFO - DAG(s) 'read_dataset_event', 'read_dataset_event_from_classic' retrieved from /Users/rtewelde/airflow_venv/lib/python3.11/site-packages/airflow/example_dags/example_inlet_event_extra.py
[2024-09-25T23:21:58.053+0100] {logging_mixin.py:190} INFO - [2024-09-25T23:21:58.052+0100] {dag.py:3239} INFO - Sync 2 DAGs
[2024-09-25T23:21:58.131+0100] {logging_mixin.py:190} INFO - [2024-09-25T23:21:58.130+0100] {dag.py:4180} INFO - Setting next_dagrun for read_dataset_event to 2024-09-24 00:00:00+00:00, run_after=2024-09-25 00:00:00+00:00
[2024-09-25T23:21:58.146+0100] {logging_mixin.py:190} INFO - [2024-09-25T23:21:58.146+0100] {dag.py:4180} INFO - Setting next_dagrun for read_dataset_event_from_classic to 2024-09-24 00:00:00+00:00, run_after=2024-09-25 00:00:00+00:00
[2024-09-25T23:21:58.206+0100] {processor.py:208} INFO - Processing /Users/rtewelde/airflow_venv/lib/python3.11/site-packages/airflow/example_dags/example_inlet_event_extra.py took 1.119 seconds
[2024-09-25T23:31:15.091+0100] {processor.py:186} INFO - Started process (PID=18673) to work on /Users/rtewelde/airflow_venv/lib/python3.11/site-packages/airflow/example_dags/example_inlet_event_extra.py
[2024-09-25T23:31:15.094+0100] {processor.py:914} INFO - Processing file /Users/rtewelde/airflow_venv/lib/python3.11/site-packages/airflow/example_dags/example_inlet_event_extra.py for tasks to queue
[2024-09-25T23:31:15.098+0100] {logging_mixin.py:190} INFO - [2024-09-25T23:31:15.097+0100] {dagbag.py:588} INFO - Filling up the DagBag from /Users/rtewelde/airflow_venv/lib/python3.11/site-packages/airflow/example_dags/example_inlet_event_extra.py
[2024-09-25T23:31:15.383+0100] {processor.py:925} INFO - DAG(s) 'read_dataset_event', 'read_dataset_event_from_classic' retrieved from /Users/rtewelde/airflow_venv/lib/python3.11/site-packages/airflow/example_dags/example_inlet_event_extra.py
[2024-09-25T23:31:16.016+0100] {logging_mixin.py:190} INFO - [2024-09-25T23:31:16.015+0100] {dag.py:3239} INFO - Sync 2 DAGs
[2024-09-25T23:31:16.110+0100] {logging_mixin.py:190} INFO - [2024-09-25T23:31:16.109+0100] {dag.py:4180} INFO - Setting next_dagrun for read_dataset_event to 2024-09-24 00:00:00+00:00, run_after=2024-09-25 00:00:00+00:00
[2024-09-25T23:31:16.126+0100] {logging_mixin.py:190} INFO - [2024-09-25T23:31:16.125+0100] {dag.py:4180} INFO - Setting next_dagrun for read_dataset_event_from_classic to 2024-09-24 00:00:00+00:00, run_after=2024-09-25 00:00:00+00:00
[2024-09-25T23:31:16.189+0100] {processor.py:208} INFO - Processing /Users/rtewelde/airflow_venv/lib/python3.11/site-packages/airflow/example_dags/example_inlet_event_extra.py took 1.107 seconds
[2024-09-26T00:09:16.652+0100] {processor.py:186} INFO - Started process (PID=20759) to work on /Users/rtewelde/airflow_venv/lib/python3.11/site-packages/airflow/example_dags/example_inlet_event_extra.py
[2024-09-26T00:09:16.656+0100] {processor.py:914} INFO - Processing file /Users/rtewelde/airflow_venv/lib/python3.11/site-packages/airflow/example_dags/example_inlet_event_extra.py for tasks to queue
[2024-09-26T00:09:16.660+0100] {logging_mixin.py:190} INFO - [2024-09-26T00:09:16.659+0100] {dagbag.py:588} INFO - Filling up the DagBag from /Users/rtewelde/airflow_venv/lib/python3.11/site-packages/airflow/example_dags/example_inlet_event_extra.py
[2024-09-26T00:09:16.957+0100] {processor.py:925} INFO - DAG(s) 'read_dataset_event_from_classic', 'read_dataset_event' retrieved from /Users/rtewelde/airflow_venv/lib/python3.11/site-packages/airflow/example_dags/example_inlet_event_extra.py
[2024-09-26T00:09:17.519+0100] {logging_mixin.py:190} INFO - [2024-09-26T00:09:17.518+0100] {dag.py:3239} INFO - Sync 2 DAGs
[2024-09-26T00:09:17.598+0100] {logging_mixin.py:190} INFO - [2024-09-26T00:09:17.596+0100] {dag.py:4180} INFO - Setting next_dagrun for read_dataset_event to 2024-09-24 00:00:00+00:00, run_after=2024-09-25 00:00:00+00:00
[2024-09-26T00:09:17.615+0100] {logging_mixin.py:190} INFO - [2024-09-26T00:09:17.614+0100] {dag.py:4180} INFO - Setting next_dagrun for read_dataset_event_from_classic to 2024-09-24 00:00:00+00:00, run_after=2024-09-25 00:00:00+00:00
[2024-09-26T00:09:17.676+0100] {processor.py:208} INFO - Processing /Users/rtewelde/airflow_venv/lib/python3.11/site-packages/airflow/example_dags/example_inlet_event_extra.py took 1.032 seconds
[2024-09-26T00:18:01.948+0100] {processor.py:186} INFO - Started process (PID=24618) to work on /Users/rtewelde/airflow_venv/lib/python3.11/site-packages/airflow/example_dags/example_inlet_event_extra.py
[2024-09-26T00:18:01.952+0100] {processor.py:914} INFO - Processing file /Users/rtewelde/airflow_venv/lib/python3.11/site-packages/airflow/example_dags/example_inlet_event_extra.py for tasks to queue
[2024-09-26T00:18:01.956+0100] {logging_mixin.py:190} INFO - [2024-09-26T00:18:01.955+0100] {dagbag.py:588} INFO - Filling up the DagBag from /Users/rtewelde/airflow_venv/lib/python3.11/site-packages/airflow/example_dags/example_inlet_event_extra.py
[2024-09-26T00:18:02.240+0100] {processor.py:925} INFO - DAG(s) 'read_dataset_event_from_classic', 'read_dataset_event' retrieved from /Users/rtewelde/airflow_venv/lib/python3.11/site-packages/airflow/example_dags/example_inlet_event_extra.py
[2024-09-26T00:18:02.814+0100] {logging_mixin.py:190} INFO - [2024-09-26T00:18:02.813+0100] {dag.py:3239} INFO - Sync 2 DAGs
[2024-09-26T00:18:02.888+0100] {logging_mixin.py:190} INFO - [2024-09-26T00:18:02.887+0100] {dag.py:4180} INFO - Setting next_dagrun for read_dataset_event to 2024-09-24 00:00:00+00:00, run_after=2024-09-25 00:00:00+00:00
[2024-09-26T00:18:02.905+0100] {logging_mixin.py:190} INFO - [2024-09-26T00:18:02.904+0100] {dag.py:4180} INFO - Setting next_dagrun for read_dataset_event_from_classic to 2024-09-24 00:00:00+00:00, run_after=2024-09-25 00:00:00+00:00
[2024-09-26T00:18:02.966+0100] {processor.py:208} INFO - Processing /Users/rtewelde/airflow_venv/lib/python3.11/site-packages/airflow/example_dags/example_inlet_event_extra.py took 1.026 seconds
[2024-09-26T00:56:07.248+0100] {processor.py:186} INFO - Started process (PID=26728) to work on /Users/rtewelde/airflow_venv/lib/python3.11/site-packages/airflow/example_dags/example_inlet_event_extra.py
[2024-09-26T00:56:07.255+0100] {processor.py:914} INFO - Processing file /Users/rtewelde/airflow_venv/lib/python3.11/site-packages/airflow/example_dags/example_inlet_event_extra.py for tasks to queue
[2024-09-26T00:56:07.260+0100] {logging_mixin.py:190} INFO - [2024-09-26T00:56:07.259+0100] {dagbag.py:588} INFO - Filling up the DagBag from /Users/rtewelde/airflow_venv/lib/python3.11/site-packages/airflow/example_dags/example_inlet_event_extra.py
[2024-09-26T00:56:07.539+0100] {processor.py:925} INFO - DAG(s) 'read_dataset_event_from_classic', 'read_dataset_event' retrieved from /Users/rtewelde/airflow_venv/lib/python3.11/site-packages/airflow/example_dags/example_inlet_event_extra.py
[2024-09-26T00:56:08.111+0100] {logging_mixin.py:190} INFO - [2024-09-26T00:56:08.110+0100] {dag.py:3239} INFO - Sync 2 DAGs
[2024-09-26T00:56:08.188+0100] {logging_mixin.py:190} INFO - [2024-09-26T00:56:08.187+0100] {dag.py:4180} INFO - Setting next_dagrun for read_dataset_event to 2024-09-24 00:00:00+00:00, run_after=2024-09-25 00:00:00+00:00
[2024-09-26T00:56:08.207+0100] {logging_mixin.py:190} INFO - [2024-09-26T00:56:08.205+0100] {dag.py:4180} INFO - Setting next_dagrun for read_dataset_event_from_classic to 2024-09-24 00:00:00+00:00, run_after=2024-09-25 00:00:00+00:00
[2024-09-26T00:56:08.266+0100] {processor.py:208} INFO - Processing /Users/rtewelde/airflow_venv/lib/python3.11/site-packages/airflow/example_dags/example_inlet_event_extra.py took 1.028 seconds
