[2024-09-25T12:48:31.480+0100] {processor.py:186} INFO - Started process (PID=12640) to work on /Users/rtewelde/airflow_venv/lib/python3.11/site-packages/airflow/example_dags/example_subdag_operator.py
[2024-09-25T12:48:31.481+0100] {processor.py:914} INFO - Processing file /Users/rtewelde/airflow_venv/lib/python3.11/site-packages/airflow/example_dags/example_subdag_operator.py for tasks to queue
[2024-09-25T12:48:31.482+0100] {logging_mixin.py:190} INFO - [2024-09-25T12:48:31.482+0100] {dagbag.py:588} INFO - Filling up the DagBag from /Users/rtewelde/airflow_venv/lib/python3.11/site-packages/airflow/example_dags/example_subdag_operator.py
[2024-09-25T12:48:31.672+0100] {processor.py:925} INFO - DAG(s) 'example_subdag_operator.section-1', 'example_subdag_operator.section-2', 'example_subdag_operator' retrieved from /Users/rtewelde/airflow_venv/lib/python3.11/site-packages/airflow/example_dags/example_subdag_operator.py
[2024-09-25T12:48:31.686+0100] {logging_mixin.py:190} INFO - [2024-09-25T12:48:31.686+0100] {workday.py:41} WARNING - Could not import pandas. Holidays will not be considered.
[2024-09-25T12:48:31.705+0100] {logging_mixin.py:190} INFO - [2024-09-25T12:48:31.704+0100] {dag.py:3239} INFO - Sync 3 DAGs
[2024-09-25T12:48:31.723+0100] {logging_mixin.py:190} INFO - [2024-09-25T12:48:31.723+0100] {dag.py:4180} INFO - Setting next_dagrun for example_subdag_operator to 2022-01-01 00:00:00+00:00, run_after=2022-01-01 00:00:00+00:00
[2024-09-25T12:48:31.727+0100] {logging_mixin.py:190} INFO - [2024-09-25T12:48:31.727+0100] {dag.py:4180} INFO - Setting next_dagrun for example_subdag_operator.section-1 to None, run_after=None
[2024-09-25T12:48:31.728+0100] {logging_mixin.py:190} INFO - [2024-09-25T12:48:31.727+0100] {dag.py:4180} INFO - Setting next_dagrun for example_subdag_operator.section-2 to None, run_after=None
[2024-09-25T12:48:31.733+0100] {logging_mixin.py:190} INFO - [2024-09-25T12:48:31.733+0100] {dag.py:3239} INFO - Sync 2 DAGs
[2024-09-25T12:48:31.736+0100] {logging_mixin.py:190} INFO - [2024-09-25T12:48:31.736+0100] {dag.py:4180} INFO - Setting next_dagrun for example_subdag_operator.section-1 to None, run_after=None
[2024-09-25T12:48:31.737+0100] {logging_mixin.py:190} INFO - [2024-09-25T12:48:31.736+0100] {dag.py:4180} INFO - Setting next_dagrun for example_subdag_operator.section-2 to None, run_after=None
[2024-09-25T12:48:31.749+0100] {processor.py:208} INFO - Processing /Users/rtewelde/airflow_venv/lib/python3.11/site-packages/airflow/example_dags/example_subdag_operator.py took 0.271 seconds
[2024-09-25T12:52:18.779+0100] {processor.py:186} INFO - Started process (PID=14035) to work on /Users/rtewelde/airflow_venv/lib/python3.11/site-packages/airflow/example_dags/example_subdag_operator.py
[2024-09-25T12:52:18.781+0100] {processor.py:914} INFO - Processing file /Users/rtewelde/airflow_venv/lib/python3.11/site-packages/airflow/example_dags/example_subdag_operator.py for tasks to queue
[2024-09-25T12:52:18.783+0100] {logging_mixin.py:190} INFO - [2024-09-25T12:52:18.782+0100] {dagbag.py:588} INFO - Filling up the DagBag from /Users/rtewelde/airflow_venv/lib/python3.11/site-packages/airflow/example_dags/example_subdag_operator.py
[2024-09-25T12:52:18.954+0100] {processor.py:925} INFO - DAG(s) 'example_subdag_operator.section-1', 'example_subdag_operator.section-2', 'example_subdag_operator' retrieved from /Users/rtewelde/airflow_venv/lib/python3.11/site-packages/airflow/example_dags/example_subdag_operator.py
[2024-09-25T12:52:18.967+0100] {logging_mixin.py:190} INFO - [2024-09-25T12:52:18.967+0100] {workday.py:41} WARNING - Could not import pandas. Holidays will not be considered.
[2024-09-25T12:52:18.985+0100] {logging_mixin.py:190} INFO - [2024-09-25T12:52:18.984+0100] {dag.py:3239} INFO - Sync 3 DAGs
[2024-09-25T12:52:19.004+0100] {logging_mixin.py:190} INFO - [2024-09-25T12:52:19.004+0100] {dag.py:4180} INFO - Setting next_dagrun for example_subdag_operator to 2022-01-01 00:00:00+00:00, run_after=2022-01-01 00:00:00+00:00
[2024-09-25T12:52:19.007+0100] {logging_mixin.py:190} INFO - [2024-09-25T12:52:19.007+0100] {dag.py:4180} INFO - Setting next_dagrun for example_subdag_operator.section-1 to None, run_after=None
[2024-09-25T12:52:19.008+0100] {logging_mixin.py:190} INFO - [2024-09-25T12:52:19.008+0100] {dag.py:4180} INFO - Setting next_dagrun for example_subdag_operator.section-2 to None, run_after=None
[2024-09-25T12:52:19.013+0100] {logging_mixin.py:190} INFO - [2024-09-25T12:52:19.013+0100] {dag.py:3239} INFO - Sync 2 DAGs
[2024-09-25T12:52:19.017+0100] {logging_mixin.py:190} INFO - [2024-09-25T12:52:19.017+0100] {dag.py:4180} INFO - Setting next_dagrun for example_subdag_operator.section-1 to None, run_after=None
[2024-09-25T12:52:19.018+0100] {logging_mixin.py:190} INFO - [2024-09-25T12:52:19.017+0100] {dag.py:4180} INFO - Setting next_dagrun for example_subdag_operator.section-2 to None, run_after=None
[2024-09-25T12:52:19.028+0100] {processor.py:208} INFO - Processing /Users/rtewelde/airflow_venv/lib/python3.11/site-packages/airflow/example_dags/example_subdag_operator.py took 0.252 seconds
[2024-09-25T23:18:22.376+0100] {processor.py:186} INFO - Started process (PID=15291) to work on /Users/rtewelde/airflow_venv/lib/python3.11/site-packages/airflow/example_dags/example_subdag_operator.py
[2024-09-25T23:18:22.386+0100] {processor.py:914} INFO - Processing file /Users/rtewelde/airflow_venv/lib/python3.11/site-packages/airflow/example_dags/example_subdag_operator.py for tasks to queue
[2024-09-25T23:18:22.390+0100] {logging_mixin.py:190} INFO - [2024-09-25T23:18:22.389+0100] {dagbag.py:588} INFO - Filling up the DagBag from /Users/rtewelde/airflow_venv/lib/python3.11/site-packages/airflow/example_dags/example_subdag_operator.py
[2024-09-25T23:18:23.186+0100] {processor.py:925} INFO - DAG(s) 'example_subdag_operator.section-1', 'example_subdag_operator.section-2', 'example_subdag_operator' retrieved from /Users/rtewelde/airflow_venv/lib/python3.11/site-packages/airflow/example_dags/example_subdag_operator.py
[2024-09-25T23:18:23.251+0100] {logging_mixin.py:190} INFO - [2024-09-25T23:18:23.250+0100] {workday.py:41} WARNING - Could not import pandas. Holidays will not be considered.
[2024-09-25T23:18:23.335+0100] {logging_mixin.py:190} INFO - [2024-09-25T23:18:23.334+0100] {dag.py:3239} INFO - Sync 3 DAGs
[2024-09-25T23:18:23.428+0100] {logging_mixin.py:190} INFO - [2024-09-25T23:18:23.427+0100] {dag.py:4180} INFO - Setting next_dagrun for example_subdag_operator to 2022-01-01 00:00:00+00:00, run_after=2022-01-01 00:00:00+00:00
[2024-09-25T23:18:23.445+0100] {logging_mixin.py:190} INFO - [2024-09-25T23:18:23.444+0100] {dag.py:4180} INFO - Setting next_dagrun for example_subdag_operator.section-1 to None, run_after=None
[2024-09-25T23:18:23.449+0100] {logging_mixin.py:190} INFO - [2024-09-25T23:18:23.448+0100] {dag.py:4180} INFO - Setting next_dagrun for example_subdag_operator.section-2 to None, run_after=None
[2024-09-25T23:18:23.478+0100] {logging_mixin.py:190} INFO - [2024-09-25T23:18:23.477+0100] {dag.py:3239} INFO - Sync 2 DAGs
[2024-09-25T23:18:23.497+0100] {logging_mixin.py:190} INFO - [2024-09-25T23:18:23.496+0100] {dag.py:4180} INFO - Setting next_dagrun for example_subdag_operator.section-1 to None, run_after=None
[2024-09-25T23:18:23.499+0100] {logging_mixin.py:190} INFO - [2024-09-25T23:18:23.498+0100] {dag.py:4180} INFO - Setting next_dagrun for example_subdag_operator.section-2 to None, run_after=None
[2024-09-25T23:18:23.556+0100] {processor.py:208} INFO - Processing /Users/rtewelde/airflow_venv/lib/python3.11/site-packages/airflow/example_dags/example_subdag_operator.py took 1.195 seconds
[2024-09-25T23:27:53.089+0100] {processor.py:186} INFO - Started process (PID=17791) to work on /Users/rtewelde/airflow_venv/lib/python3.11/site-packages/airflow/example_dags/example_subdag_operator.py
[2024-09-25T23:27:53.095+0100] {processor.py:914} INFO - Processing file /Users/rtewelde/airflow_venv/lib/python3.11/site-packages/airflow/example_dags/example_subdag_operator.py for tasks to queue
[2024-09-25T23:27:53.098+0100] {logging_mixin.py:190} INFO - [2024-09-25T23:27:53.098+0100] {dagbag.py:588} INFO - Filling up the DagBag from /Users/rtewelde/airflow_venv/lib/python3.11/site-packages/airflow/example_dags/example_subdag_operator.py
[2024-09-25T23:27:54.274+0100] {processor.py:925} INFO - DAG(s) 'example_subdag_operator.section-1', 'example_subdag_operator.section-2', 'example_subdag_operator' retrieved from /Users/rtewelde/airflow_venv/lib/python3.11/site-packages/airflow/example_dags/example_subdag_operator.py
[2024-09-25T23:27:54.392+0100] {logging_mixin.py:190} INFO - [2024-09-25T23:27:54.390+0100] {workday.py:41} WARNING - Could not import pandas. Holidays will not be considered.
[2024-09-25T23:27:54.492+0100] {logging_mixin.py:190} INFO - [2024-09-25T23:27:54.490+0100] {dag.py:3239} INFO - Sync 3 DAGs
[2024-09-25T23:27:54.649+0100] {logging_mixin.py:190} INFO - [2024-09-25T23:27:54.648+0100] {dag.py:4180} INFO - Setting next_dagrun for example_subdag_operator to 2022-01-01 00:00:00+00:00, run_after=2022-01-01 00:00:00+00:00
[2024-09-25T23:27:54.676+0100] {logging_mixin.py:190} INFO - [2024-09-25T23:27:54.674+0100] {dag.py:4180} INFO - Setting next_dagrun for example_subdag_operator.section-1 to None, run_after=None
[2024-09-25T23:27:54.684+0100] {logging_mixin.py:190} INFO - [2024-09-25T23:27:54.683+0100] {dag.py:4180} INFO - Setting next_dagrun for example_subdag_operator.section-2 to None, run_after=None
[2024-09-25T23:27:54.734+0100] {logging_mixin.py:190} INFO - [2024-09-25T23:27:54.733+0100] {dag.py:3239} INFO - Sync 2 DAGs
[2024-09-25T23:27:54.775+0100] {logging_mixin.py:190} INFO - [2024-09-25T23:27:54.774+0100] {dag.py:4180} INFO - Setting next_dagrun for example_subdag_operator.section-1 to None, run_after=None
[2024-09-25T23:27:54.777+0100] {logging_mixin.py:190} INFO - [2024-09-25T23:27:54.776+0100] {dag.py:4180} INFO - Setting next_dagrun for example_subdag_operator.section-2 to None, run_after=None
[2024-09-25T23:27:54.825+0100] {processor.py:208} INFO - Processing /Users/rtewelde/airflow_venv/lib/python3.11/site-packages/airflow/example_dags/example_subdag_operator.py took 1.745 seconds
[2024-09-25T23:36:34.038+0100] {processor.py:186} INFO - Started process (PID=20039) to work on /Users/rtewelde/airflow_venv/lib/python3.11/site-packages/airflow/example_dags/example_subdag_operator.py
[2024-09-25T23:36:34.042+0100] {processor.py:914} INFO - Processing file /Users/rtewelde/airflow_venv/lib/python3.11/site-packages/airflow/example_dags/example_subdag_operator.py for tasks to queue
[2024-09-25T23:36:34.045+0100] {logging_mixin.py:190} INFO - [2024-09-25T23:36:34.044+0100] {dagbag.py:588} INFO - Filling up the DagBag from /Users/rtewelde/airflow_venv/lib/python3.11/site-packages/airflow/example_dags/example_subdag_operator.py
[2024-09-25T23:36:34.633+0100] {processor.py:925} INFO - DAG(s) 'example_subdag_operator.section-1', 'example_subdag_operator.section-2', 'example_subdag_operator' retrieved from /Users/rtewelde/airflow_venv/lib/python3.11/site-packages/airflow/example_dags/example_subdag_operator.py
[2024-09-25T23:36:34.692+0100] {logging_mixin.py:190} INFO - [2024-09-25T23:36:34.691+0100] {workday.py:41} WARNING - Could not import pandas. Holidays will not be considered.
[2024-09-25T23:36:34.757+0100] {logging_mixin.py:190} INFO - [2024-09-25T23:36:34.755+0100] {dag.py:3239} INFO - Sync 3 DAGs
[2024-09-25T23:36:34.827+0100] {logging_mixin.py:190} INFO - [2024-09-25T23:36:34.826+0100] {dag.py:4180} INFO - Setting next_dagrun for example_subdag_operator to 2022-01-01 00:00:00+00:00, run_after=2022-01-01 00:00:00+00:00
[2024-09-25T23:36:34.837+0100] {logging_mixin.py:190} INFO - [2024-09-25T23:36:34.837+0100] {dag.py:4180} INFO - Setting next_dagrun for example_subdag_operator.section-1 to None, run_after=None
[2024-09-25T23:36:34.841+0100] {logging_mixin.py:190} INFO - [2024-09-25T23:36:34.840+0100] {dag.py:4180} INFO - Setting next_dagrun for example_subdag_operator.section-2 to None, run_after=None
[2024-09-25T23:36:34.864+0100] {logging_mixin.py:190} INFO - [2024-09-25T23:36:34.864+0100] {dag.py:3239} INFO - Sync 2 DAGs
[2024-09-25T23:36:34.881+0100] {logging_mixin.py:190} INFO - [2024-09-25T23:36:34.880+0100] {dag.py:4180} INFO - Setting next_dagrun for example_subdag_operator.section-1 to None, run_after=None
[2024-09-25T23:36:34.883+0100] {logging_mixin.py:190} INFO - [2024-09-25T23:36:34.883+0100] {dag.py:4180} INFO - Setting next_dagrun for example_subdag_operator.section-2 to None, run_after=None
[2024-09-25T23:36:34.923+0100] {processor.py:208} INFO - Processing /Users/rtewelde/airflow_venv/lib/python3.11/site-packages/airflow/example_dags/example_subdag_operator.py took 0.899 seconds
[2024-09-26T00:14:46.143+0100] {processor.py:186} INFO - Started process (PID=23759) to work on /Users/rtewelde/airflow_venv/lib/python3.11/site-packages/airflow/example_dags/example_subdag_operator.py
[2024-09-26T00:14:46.149+0100] {processor.py:914} INFO - Processing file /Users/rtewelde/airflow_venv/lib/python3.11/site-packages/airflow/example_dags/example_subdag_operator.py for tasks to queue
[2024-09-26T00:14:46.157+0100] {logging_mixin.py:190} INFO - [2024-09-26T00:14:46.156+0100] {dagbag.py:588} INFO - Filling up the DagBag from /Users/rtewelde/airflow_venv/lib/python3.11/site-packages/airflow/example_dags/example_subdag_operator.py
[2024-09-26T00:14:46.871+0100] {processor.py:925} INFO - DAG(s) 'example_subdag_operator.section-1', 'example_subdag_operator.section-2', 'example_subdag_operator' retrieved from /Users/rtewelde/airflow_venv/lib/python3.11/site-packages/airflow/example_dags/example_subdag_operator.py
[2024-09-26T00:14:46.933+0100] {logging_mixin.py:190} INFO - [2024-09-26T00:14:46.933+0100] {workday.py:41} WARNING - Could not import pandas. Holidays will not be considered.
[2024-09-26T00:14:47.001+0100] {logging_mixin.py:190} INFO - [2024-09-26T00:14:46.999+0100] {dag.py:3239} INFO - Sync 3 DAGs
[2024-09-26T00:14:47.080+0100] {logging_mixin.py:190} INFO - [2024-09-26T00:14:47.079+0100] {dag.py:4180} INFO - Setting next_dagrun for example_subdag_operator to 2022-01-01 00:00:00+00:00, run_after=2022-01-01 00:00:00+00:00
[2024-09-26T00:14:47.092+0100] {logging_mixin.py:190} INFO - [2024-09-26T00:14:47.091+0100] {dag.py:4180} INFO - Setting next_dagrun for example_subdag_operator.section-1 to None, run_after=None
[2024-09-26T00:14:47.095+0100] {logging_mixin.py:190} INFO - [2024-09-26T00:14:47.095+0100] {dag.py:4180} INFO - Setting next_dagrun for example_subdag_operator.section-2 to None, run_after=None
[2024-09-26T00:14:47.124+0100] {logging_mixin.py:190} INFO - [2024-09-26T00:14:47.123+0100] {dag.py:3239} INFO - Sync 2 DAGs
[2024-09-26T00:14:47.138+0100] {logging_mixin.py:190} INFO - [2024-09-26T00:14:47.137+0100] {dag.py:4180} INFO - Setting next_dagrun for example_subdag_operator.section-1 to None, run_after=None
[2024-09-26T00:14:47.139+0100] {logging_mixin.py:190} INFO - [2024-09-26T00:14:47.138+0100] {dag.py:4180} INFO - Setting next_dagrun for example_subdag_operator.section-2 to None, run_after=None
[2024-09-26T00:14:47.185+0100] {processor.py:208} INFO - Processing /Users/rtewelde/airflow_venv/lib/python3.11/site-packages/airflow/example_dags/example_subdag_operator.py took 1.055 seconds
[2024-09-26T00:23:19.566+0100] {processor.py:186} INFO - Started process (PID=25974) to work on /Users/rtewelde/airflow_venv/lib/python3.11/site-packages/airflow/example_dags/example_subdag_operator.py
[2024-09-26T00:23:19.569+0100] {processor.py:914} INFO - Processing file /Users/rtewelde/airflow_venv/lib/python3.11/site-packages/airflow/example_dags/example_subdag_operator.py for tasks to queue
[2024-09-26T00:23:19.572+0100] {logging_mixin.py:190} INFO - [2024-09-26T00:23:19.572+0100] {dagbag.py:588} INFO - Filling up the DagBag from /Users/rtewelde/airflow_venv/lib/python3.11/site-packages/airflow/example_dags/example_subdag_operator.py
[2024-09-26T00:23:20.146+0100] {processor.py:925} INFO - DAG(s) 'example_subdag_operator.section-1', 'example_subdag_operator.section-2', 'example_subdag_operator' retrieved from /Users/rtewelde/airflow_venv/lib/python3.11/site-packages/airflow/example_dags/example_subdag_operator.py
[2024-09-26T00:23:20.207+0100] {logging_mixin.py:190} INFO - [2024-09-26T00:23:20.207+0100] {workday.py:41} WARNING - Could not import pandas. Holidays will not be considered.
[2024-09-26T00:23:20.290+0100] {logging_mixin.py:190} INFO - [2024-09-26T00:23:20.287+0100] {dag.py:3239} INFO - Sync 3 DAGs
[2024-09-26T00:23:20.387+0100] {logging_mixin.py:190} INFO - [2024-09-26T00:23:20.386+0100] {dag.py:4180} INFO - Setting next_dagrun for example_subdag_operator to 2022-01-01 00:00:00+00:00, run_after=2022-01-01 00:00:00+00:00
[2024-09-26T00:23:20.405+0100] {logging_mixin.py:190} INFO - [2024-09-26T00:23:20.404+0100] {dag.py:4180} INFO - Setting next_dagrun for example_subdag_operator.section-1 to None, run_after=None
[2024-09-26T00:23:20.409+0100] {logging_mixin.py:190} INFO - [2024-09-26T00:23:20.408+0100] {dag.py:4180} INFO - Setting next_dagrun for example_subdag_operator.section-2 to None, run_after=None
[2024-09-26T00:23:20.431+0100] {logging_mixin.py:190} INFO - [2024-09-26T00:23:20.430+0100] {dag.py:3239} INFO - Sync 2 DAGs
[2024-09-26T00:23:20.444+0100] {logging_mixin.py:190} INFO - [2024-09-26T00:23:20.443+0100] {dag.py:4180} INFO - Setting next_dagrun for example_subdag_operator.section-1 to None, run_after=None
[2024-09-26T00:23:20.446+0100] {logging_mixin.py:190} INFO - [2024-09-26T00:23:20.445+0100] {dag.py:4180} INFO - Setting next_dagrun for example_subdag_operator.section-2 to None, run_after=None
[2024-09-26T00:23:20.489+0100] {processor.py:208} INFO - Processing /Users/rtewelde/airflow_venv/lib/python3.11/site-packages/airflow/example_dags/example_subdag_operator.py took 0.931 seconds
