[2024-09-25T12:49:34.991+0100] {processor.py:186} INFO - Started process (PID=12945) to work on /Users/rtewelde/airflow_venv/lib/python3.11/site-packages/airflow/example_dags/example_external_task_marker_dag.py
[2024-09-25T12:49:34.992+0100] {processor.py:914} INFO - Processing file /Users/rtewelde/airflow_venv/lib/python3.11/site-packages/airflow/example_dags/example_external_task_marker_dag.py for tasks to queue
[2024-09-25T12:49:34.994+0100] {logging_mixin.py:190} INFO - [2024-09-25T12:49:34.993+0100] {dagbag.py:588} INFO - Filling up the DagBag from /Users/rtewelde/airflow_venv/lib/python3.11/site-packages/airflow/example_dags/example_external_task_marker_dag.py
[2024-09-25T12:49:35.007+0100] {processor.py:925} INFO - DAG(s) 'example_external_task_marker_child', 'example_external_task_marker_parent' retrieved from /Users/rtewelde/airflow_venv/lib/python3.11/site-packages/airflow/example_dags/example_external_task_marker_dag.py
[2024-09-25T12:49:35.153+0100] {logging_mixin.py:190} INFO - [2024-09-25T12:49:35.153+0100] {workday.py:41} WARNING - Could not import pandas. Holidays will not be considered.
[2024-09-25T12:49:35.170+0100] {logging_mixin.py:190} INFO - [2024-09-25T12:49:35.169+0100] {dag.py:3239} INFO - Sync 2 DAGs
[2024-09-25T12:49:35.181+0100] {logging_mixin.py:190} INFO - [2024-09-25T12:49:35.180+0100] {dag.py:4180} INFO - Setting next_dagrun for example_external_task_marker_child to None, run_after=None
[2024-09-25T12:49:35.184+0100] {logging_mixin.py:190} INFO - [2024-09-25T12:49:35.183+0100] {dag.py:4180} INFO - Setting next_dagrun for example_external_task_marker_parent to None, run_after=None
[2024-09-25T12:49:35.199+0100] {processor.py:208} INFO - Processing /Users/rtewelde/airflow_venv/lib/python3.11/site-packages/airflow/example_dags/example_external_task_marker_dag.py took 0.210 seconds
[2024-09-25T12:53:23.009+0100] {processor.py:186} INFO - Started process (PID=14350) to work on /Users/rtewelde/airflow_venv/lib/python3.11/site-packages/airflow/example_dags/example_external_task_marker_dag.py
[2024-09-25T12:53:23.010+0100] {processor.py:914} INFO - Processing file /Users/rtewelde/airflow_venv/lib/python3.11/site-packages/airflow/example_dags/example_external_task_marker_dag.py for tasks to queue
[2024-09-25T12:53:23.011+0100] {logging_mixin.py:190} INFO - [2024-09-25T12:53:23.011+0100] {dagbag.py:588} INFO - Filling up the DagBag from /Users/rtewelde/airflow_venv/lib/python3.11/site-packages/airflow/example_dags/example_external_task_marker_dag.py
[2024-09-25T12:53:23.024+0100] {processor.py:925} INFO - DAG(s) 'example_external_task_marker_child', 'example_external_task_marker_parent' retrieved from /Users/rtewelde/airflow_venv/lib/python3.11/site-packages/airflow/example_dags/example_external_task_marker_dag.py
[2024-09-25T12:53:23.175+0100] {logging_mixin.py:190} INFO - [2024-09-25T12:53:23.175+0100] {workday.py:41} WARNING - Could not import pandas. Holidays will not be considered.
[2024-09-25T12:53:23.194+0100] {logging_mixin.py:190} INFO - [2024-09-25T12:53:23.194+0100] {dag.py:3239} INFO - Sync 2 DAGs
[2024-09-25T12:53:23.205+0100] {logging_mixin.py:190} INFO - [2024-09-25T12:53:23.205+0100] {dag.py:4180} INFO - Setting next_dagrun for example_external_task_marker_child to None, run_after=None
[2024-09-25T12:53:23.209+0100] {logging_mixin.py:190} INFO - [2024-09-25T12:53:23.209+0100] {dag.py:4180} INFO - Setting next_dagrun for example_external_task_marker_parent to None, run_after=None
[2024-09-25T12:53:23.225+0100] {processor.py:208} INFO - Processing /Users/rtewelde/airflow_venv/lib/python3.11/site-packages/airflow/example_dags/example_external_task_marker_dag.py took 0.219 seconds
[2024-09-25T23:22:06.728+0100] {processor.py:186} INFO - Started process (PID=16270) to work on /Users/rtewelde/airflow_venv/lib/python3.11/site-packages/airflow/example_dags/example_external_task_marker_dag.py
[2024-09-25T23:22:06.732+0100] {processor.py:914} INFO - Processing file /Users/rtewelde/airflow_venv/lib/python3.11/site-packages/airflow/example_dags/example_external_task_marker_dag.py for tasks to queue
[2024-09-25T23:22:06.736+0100] {logging_mixin.py:190} INFO - [2024-09-25T23:22:06.735+0100] {dagbag.py:588} INFO - Filling up the DagBag from /Users/rtewelde/airflow_venv/lib/python3.11/site-packages/airflow/example_dags/example_external_task_marker_dag.py
[2024-09-25T23:22:06.794+0100] {processor.py:925} INFO - DAG(s) 'example_external_task_marker_child', 'example_external_task_marker_parent' retrieved from /Users/rtewelde/airflow_venv/lib/python3.11/site-packages/airflow/example_dags/example_external_task_marker_dag.py
[2024-09-25T23:22:07.417+0100] {logging_mixin.py:190} INFO - [2024-09-25T23:22:07.416+0100] {workday.py:41} WARNING - Could not import pandas. Holidays will not be considered.
[2024-09-25T23:22:07.490+0100] {logging_mixin.py:190} INFO - [2024-09-25T23:22:07.488+0100] {dag.py:3239} INFO - Sync 2 DAGs
[2024-09-25T23:22:07.544+0100] {logging_mixin.py:190} INFO - [2024-09-25T23:22:07.543+0100] {dag.py:4180} INFO - Setting next_dagrun for example_external_task_marker_child to None, run_after=None
[2024-09-25T23:22:07.556+0100] {logging_mixin.py:190} INFO - [2024-09-25T23:22:07.556+0100] {dag.py:4180} INFO - Setting next_dagrun for example_external_task_marker_parent to None, run_after=None
[2024-09-25T23:22:07.629+0100] {processor.py:208} INFO - Processing /Users/rtewelde/airflow_venv/lib/python3.11/site-packages/airflow/example_dags/example_external_task_marker_dag.py took 0.913 seconds
[2024-09-25T23:31:23.633+0100] {processor.py:186} INFO - Started process (PID=18711) to work on /Users/rtewelde/airflow_venv/lib/python3.11/site-packages/airflow/example_dags/example_external_task_marker_dag.py
[2024-09-25T23:31:23.638+0100] {processor.py:914} INFO - Processing file /Users/rtewelde/airflow_venv/lib/python3.11/site-packages/airflow/example_dags/example_external_task_marker_dag.py for tasks to queue
[2024-09-25T23:31:23.645+0100] {logging_mixin.py:190} INFO - [2024-09-25T23:31:23.644+0100] {dagbag.py:588} INFO - Filling up the DagBag from /Users/rtewelde/airflow_venv/lib/python3.11/site-packages/airflow/example_dags/example_external_task_marker_dag.py
[2024-09-25T23:31:23.696+0100] {processor.py:925} INFO - DAG(s) 'example_external_task_marker_child', 'example_external_task_marker_parent' retrieved from /Users/rtewelde/airflow_venv/lib/python3.11/site-packages/airflow/example_dags/example_external_task_marker_dag.py
[2024-09-25T23:31:24.262+0100] {logging_mixin.py:190} INFO - [2024-09-25T23:31:24.261+0100] {workday.py:41} WARNING - Could not import pandas. Holidays will not be considered.
[2024-09-25T23:31:24.337+0100] {logging_mixin.py:190} INFO - [2024-09-25T23:31:24.335+0100] {dag.py:3239} INFO - Sync 2 DAGs
[2024-09-25T23:31:24.378+0100] {logging_mixin.py:190} INFO - [2024-09-25T23:31:24.377+0100] {dag.py:4180} INFO - Setting next_dagrun for example_external_task_marker_child to None, run_after=None
[2024-09-25T23:31:24.393+0100] {logging_mixin.py:190} INFO - [2024-09-25T23:31:24.392+0100] {dag.py:4180} INFO - Setting next_dagrun for example_external_task_marker_parent to None, run_after=None
[2024-09-25T23:31:24.450+0100] {processor.py:208} INFO - Processing /Users/rtewelde/airflow_venv/lib/python3.11/site-packages/airflow/example_dags/example_external_task_marker_dag.py took 0.827 seconds
[2024-09-26T00:09:25.088+0100] {processor.py:186} INFO - Started process (PID=20805) to work on /Users/rtewelde/airflow_venv/lib/python3.11/site-packages/airflow/example_dags/example_external_task_marker_dag.py
[2024-09-26T00:09:25.091+0100] {processor.py:914} INFO - Processing file /Users/rtewelde/airflow_venv/lib/python3.11/site-packages/airflow/example_dags/example_external_task_marker_dag.py for tasks to queue
[2024-09-26T00:09:25.094+0100] {logging_mixin.py:190} INFO - [2024-09-26T00:09:25.094+0100] {dagbag.py:588} INFO - Filling up the DagBag from /Users/rtewelde/airflow_venv/lib/python3.11/site-packages/airflow/example_dags/example_external_task_marker_dag.py
[2024-09-26T00:09:25.146+0100] {processor.py:925} INFO - DAG(s) 'example_external_task_marker_parent', 'example_external_task_marker_child' retrieved from /Users/rtewelde/airflow_venv/lib/python3.11/site-packages/airflow/example_dags/example_external_task_marker_dag.py
[2024-09-26T00:09:25.694+0100] {logging_mixin.py:190} INFO - [2024-09-26T00:09:25.693+0100] {workday.py:41} WARNING - Could not import pandas. Holidays will not be considered.
[2024-09-26T00:09:25.749+0100] {logging_mixin.py:190} INFO - [2024-09-26T00:09:25.747+0100] {dag.py:3239} INFO - Sync 2 DAGs
[2024-09-26T00:09:25.785+0100] {logging_mixin.py:190} INFO - [2024-09-26T00:09:25.784+0100] {dag.py:4180} INFO - Setting next_dagrun for example_external_task_marker_child to None, run_after=None
[2024-09-26T00:09:25.796+0100] {logging_mixin.py:190} INFO - [2024-09-26T00:09:25.795+0100] {dag.py:4180} INFO - Setting next_dagrun for example_external_task_marker_parent to None, run_after=None
[2024-09-26T00:09:25.855+0100] {processor.py:208} INFO - Processing /Users/rtewelde/airflow_venv/lib/python3.11/site-packages/airflow/example_dags/example_external_task_marker_dag.py took 0.776 seconds
[2024-09-26T00:18:11.251+0100] {processor.py:186} INFO - Started process (PID=24658) to work on /Users/rtewelde/airflow_venv/lib/python3.11/site-packages/airflow/example_dags/example_external_task_marker_dag.py
[2024-09-26T00:18:11.257+0100] {processor.py:914} INFO - Processing file /Users/rtewelde/airflow_venv/lib/python3.11/site-packages/airflow/example_dags/example_external_task_marker_dag.py for tasks to queue
[2024-09-26T00:18:11.262+0100] {logging_mixin.py:190} INFO - [2024-09-26T00:18:11.261+0100] {dagbag.py:588} INFO - Filling up the DagBag from /Users/rtewelde/airflow_venv/lib/python3.11/site-packages/airflow/example_dags/example_external_task_marker_dag.py
[2024-09-26T00:18:11.308+0100] {processor.py:925} INFO - DAG(s) 'example_external_task_marker_parent', 'example_external_task_marker_child' retrieved from /Users/rtewelde/airflow_venv/lib/python3.11/site-packages/airflow/example_dags/example_external_task_marker_dag.py
[2024-09-26T00:18:11.867+0100] {logging_mixin.py:190} INFO - [2024-09-26T00:18:11.867+0100] {workday.py:41} WARNING - Could not import pandas. Holidays will not be considered.
[2024-09-26T00:18:11.920+0100] {logging_mixin.py:190} INFO - [2024-09-26T00:18:11.918+0100] {dag.py:3239} INFO - Sync 2 DAGs
[2024-09-26T00:18:11.959+0100] {logging_mixin.py:190} INFO - [2024-09-26T00:18:11.958+0100] {dag.py:4180} INFO - Setting next_dagrun for example_external_task_marker_child to None, run_after=None
[2024-09-26T00:18:11.973+0100] {logging_mixin.py:190} INFO - [2024-09-26T00:18:11.972+0100] {dag.py:4180} INFO - Setting next_dagrun for example_external_task_marker_parent to None, run_after=None
[2024-09-26T00:18:12.035+0100] {processor.py:208} INFO - Processing /Users/rtewelde/airflow_venv/lib/python3.11/site-packages/airflow/example_dags/example_external_task_marker_dag.py took 0.794 seconds
[2024-09-26T00:56:16.595+0100] {processor.py:186} INFO - Started process (PID=26768) to work on /Users/rtewelde/airflow_venv/lib/python3.11/site-packages/airflow/example_dags/example_external_task_marker_dag.py
[2024-09-26T00:56:16.598+0100] {processor.py:914} INFO - Processing file /Users/rtewelde/airflow_venv/lib/python3.11/site-packages/airflow/example_dags/example_external_task_marker_dag.py for tasks to queue
[2024-09-26T00:56:16.602+0100] {logging_mixin.py:190} INFO - [2024-09-26T00:56:16.601+0100] {dagbag.py:588} INFO - Filling up the DagBag from /Users/rtewelde/airflow_venv/lib/python3.11/site-packages/airflow/example_dags/example_external_task_marker_dag.py
[2024-09-26T00:56:16.658+0100] {processor.py:925} INFO - DAG(s) 'example_external_task_marker_parent', 'example_external_task_marker_child' retrieved from /Users/rtewelde/airflow_venv/lib/python3.11/site-packages/airflow/example_dags/example_external_task_marker_dag.py
[2024-09-26T00:56:17.261+0100] {logging_mixin.py:190} INFO - [2024-09-26T00:56:17.260+0100] {workday.py:41} WARNING - Could not import pandas. Holidays will not be considered.
[2024-09-26T00:56:17.324+0100] {logging_mixin.py:190} INFO - [2024-09-26T00:56:17.322+0100] {dag.py:3239} INFO - Sync 2 DAGs
[2024-09-26T00:56:17.369+0100] {logging_mixin.py:190} INFO - [2024-09-26T00:56:17.368+0100] {dag.py:4180} INFO - Setting next_dagrun for example_external_task_marker_child to None, run_after=None
[2024-09-26T00:56:17.389+0100] {logging_mixin.py:190} INFO - [2024-09-26T00:56:17.388+0100] {dag.py:4180} INFO - Setting next_dagrun for example_external_task_marker_parent to None, run_after=None
[2024-09-26T00:56:17.449+0100] {processor.py:208} INFO - Processing /Users/rtewelde/airflow_venv/lib/python3.11/site-packages/airflow/example_dags/example_external_task_marker_dag.py took 0.863 seconds
