[2024-09-25T12:49:53.597+0100] {processor.py:186} INFO - Started process (PID=13054) to work on /Users/rtewelde/airflow_venv/lib/python3.11/site-packages/airflow/example_dags/example_dataset_alias.py
[2024-09-25T12:49:53.598+0100] {processor.py:914} INFO - Processing file /Users/rtewelde/airflow_venv/lib/python3.11/site-packages/airflow/example_dags/example_dataset_alias.py for tasks to queue
[2024-09-25T12:49:53.599+0100] {logging_mixin.py:190} INFO - [2024-09-25T12:49:53.598+0100] {dagbag.py:588} INFO - Filling up the DagBag from /Users/rtewelde/airflow_venv/lib/python3.11/site-packages/airflow/example_dags/example_dataset_alias.py
[2024-09-25T12:49:53.823+0100] {processor.py:925} INFO - DAG(s) 'dataset_alias_example_alias_producer', 'dataset_s3_bucket_producer', 'dataset_alias_example_alias_consumer', 'dataset_s3_bucket_consumer' retrieved from /Users/rtewelde/airflow_venv/lib/python3.11/site-packages/airflow/example_dags/example_dataset_alias.py
[2024-09-25T12:49:53.850+0100] {logging_mixin.py:190} INFO - [2024-09-25T12:49:53.849+0100] {dag.py:3239} INFO - Sync 4 DAGs
[2024-09-25T12:49:53.866+0100] {logging_mixin.py:190} INFO - [2024-09-25T12:49:53.866+0100] {dag.py:4180} INFO - Setting next_dagrun for dataset_alias_example_alias_consumer to None, run_after=None
[2024-09-25T12:49:53.869+0100] {logging_mixin.py:190} INFO - [2024-09-25T12:49:53.869+0100] {dag.py:4180} INFO - Setting next_dagrun for dataset_alias_example_alias_producer to None, run_after=None
[2024-09-25T12:49:53.870+0100] {logging_mixin.py:190} INFO - [2024-09-25T12:49:53.870+0100] {dag.py:4180} INFO - Setting next_dagrun for dataset_s3_bucket_consumer to None, run_after=None
[2024-09-25T12:49:53.871+0100] {logging_mixin.py:190} INFO - [2024-09-25T12:49:53.871+0100] {dag.py:4180} INFO - Setting next_dagrun for dataset_s3_bucket_producer to None, run_after=None
[2024-09-25T12:49:53.892+0100] {processor.py:208} INFO - Processing /Users/rtewelde/airflow_venv/lib/python3.11/site-packages/airflow/example_dags/example_dataset_alias.py took 0.297 seconds
[2024-09-25T12:53:40.475+0100] {processor.py:186} INFO - Started process (PID=14458) to work on /Users/rtewelde/airflow_venv/lib/python3.11/site-packages/airflow/example_dags/example_dataset_alias.py
[2024-09-25T12:53:40.477+0100] {processor.py:914} INFO - Processing file /Users/rtewelde/airflow_venv/lib/python3.11/site-packages/airflow/example_dags/example_dataset_alias.py for tasks to queue
[2024-09-25T12:53:40.478+0100] {logging_mixin.py:190} INFO - [2024-09-25T12:53:40.478+0100] {dagbag.py:588} INFO - Filling up the DagBag from /Users/rtewelde/airflow_venv/lib/python3.11/site-packages/airflow/example_dags/example_dataset_alias.py
[2024-09-25T12:53:40.686+0100] {processor.py:925} INFO - DAG(s) 'dataset_alias_example_alias_consumer', 'dataset_s3_bucket_consumer', 'dataset_alias_example_alias_producer', 'dataset_s3_bucket_producer' retrieved from /Users/rtewelde/airflow_venv/lib/python3.11/site-packages/airflow/example_dags/example_dataset_alias.py
[2024-09-25T12:53:40.709+0100] {logging_mixin.py:190} INFO - [2024-09-25T12:53:40.709+0100] {dag.py:3239} INFO - Sync 4 DAGs
[2024-09-25T12:53:40.725+0100] {logging_mixin.py:190} INFO - [2024-09-25T12:53:40.725+0100] {dag.py:4180} INFO - Setting next_dagrun for dataset_alias_example_alias_consumer to None, run_after=None
[2024-09-25T12:53:40.727+0100] {logging_mixin.py:190} INFO - [2024-09-25T12:53:40.727+0100] {dag.py:4180} INFO - Setting next_dagrun for dataset_alias_example_alias_producer to None, run_after=None
[2024-09-25T12:53:40.728+0100] {logging_mixin.py:190} INFO - [2024-09-25T12:53:40.728+0100] {dag.py:4180} INFO - Setting next_dagrun for dataset_s3_bucket_consumer to None, run_after=None
[2024-09-25T12:53:40.729+0100] {logging_mixin.py:190} INFO - [2024-09-25T12:53:40.729+0100] {dag.py:4180} INFO - Setting next_dagrun for dataset_s3_bucket_producer to None, run_after=None
[2024-09-25T12:53:40.750+0100] {processor.py:208} INFO - Processing /Users/rtewelde/airflow_venv/lib/python3.11/site-packages/airflow/example_dags/example_dataset_alias.py took 0.276 seconds
[2024-09-25T23:23:06.823+0100] {processor.py:186} INFO - Started process (PID=16532) to work on /Users/rtewelde/airflow_venv/lib/python3.11/site-packages/airflow/example_dags/example_dataset_alias.py
[2024-09-25T23:23:06.829+0100] {processor.py:914} INFO - Processing file /Users/rtewelde/airflow_venv/lib/python3.11/site-packages/airflow/example_dags/example_dataset_alias.py for tasks to queue
[2024-09-25T23:23:06.835+0100] {logging_mixin.py:190} INFO - [2024-09-25T23:23:06.834+0100] {dagbag.py:588} INFO - Filling up the DagBag from /Users/rtewelde/airflow_venv/lib/python3.11/site-packages/airflow/example_dags/example_dataset_alias.py
[2024-09-25T23:23:07.798+0100] {processor.py:925} INFO - DAG(s) 'dataset_alias_example_alias_consumer', 'dataset_s3_bucket_producer', 'dataset_alias_example_alias_producer', 'dataset_s3_bucket_consumer' retrieved from /Users/rtewelde/airflow_venv/lib/python3.11/site-packages/airflow/example_dags/example_dataset_alias.py
[2024-09-25T23:23:07.908+0100] {logging_mixin.py:190} INFO - [2024-09-25T23:23:07.907+0100] {dag.py:3239} INFO - Sync 4 DAGs
[2024-09-25T23:23:07.983+0100] {logging_mixin.py:190} INFO - [2024-09-25T23:23:07.981+0100] {dag.py:4180} INFO - Setting next_dagrun for dataset_alias_example_alias_consumer to None, run_after=None
[2024-09-25T23:23:07.991+0100] {logging_mixin.py:190} INFO - [2024-09-25T23:23:07.990+0100] {dag.py:4180} INFO - Setting next_dagrun for dataset_alias_example_alias_producer to None, run_after=None
[2024-09-25T23:23:07.995+0100] {logging_mixin.py:190} INFO - [2024-09-25T23:23:07.994+0100] {dag.py:4180} INFO - Setting next_dagrun for dataset_s3_bucket_consumer to None, run_after=None
[2024-09-25T23:23:07.998+0100] {logging_mixin.py:190} INFO - [2024-09-25T23:23:07.998+0100] {dag.py:4180} INFO - Setting next_dagrun for dataset_s3_bucket_producer to None, run_after=None
[2024-09-25T23:23:08.083+0100] {processor.py:208} INFO - Processing /Users/rtewelde/airflow_venv/lib/python3.11/site-packages/airflow/example_dags/example_dataset_alias.py took 1.270 seconds
[2024-09-25T23:32:18.746+0100] {processor.py:186} INFO - Started process (PID=18944) to work on /Users/rtewelde/airflow_venv/lib/python3.11/site-packages/airflow/example_dags/example_dataset_alias.py
[2024-09-25T23:32:18.750+0100] {processor.py:914} INFO - Processing file /Users/rtewelde/airflow_venv/lib/python3.11/site-packages/airflow/example_dags/example_dataset_alias.py for tasks to queue
[2024-09-25T23:32:18.753+0100] {logging_mixin.py:190} INFO - [2024-09-25T23:32:18.753+0100] {dagbag.py:588} INFO - Filling up the DagBag from /Users/rtewelde/airflow_venv/lib/python3.11/site-packages/airflow/example_dags/example_dataset_alias.py
[2024-09-25T23:32:19.573+0100] {processor.py:925} INFO - DAG(s) 'dataset_s3_bucket_consumer', 'dataset_s3_bucket_producer', 'dataset_alias_example_alias_producer', 'dataset_alias_example_alias_consumer' retrieved from /Users/rtewelde/airflow_venv/lib/python3.11/site-packages/airflow/example_dags/example_dataset_alias.py
[2024-09-25T23:32:19.672+0100] {logging_mixin.py:190} INFO - [2024-09-25T23:32:19.670+0100] {dag.py:3239} INFO - Sync 4 DAGs
[2024-09-25T23:32:19.748+0100] {logging_mixin.py:190} INFO - [2024-09-25T23:32:19.747+0100] {dag.py:4180} INFO - Setting next_dagrun for dataset_alias_example_alias_consumer to None, run_after=None
[2024-09-25T23:32:19.757+0100] {logging_mixin.py:190} INFO - [2024-09-25T23:32:19.757+0100] {dag.py:4180} INFO - Setting next_dagrun for dataset_alias_example_alias_producer to None, run_after=None
[2024-09-25T23:32:19.761+0100] {logging_mixin.py:190} INFO - [2024-09-25T23:32:19.761+0100] {dag.py:4180} INFO - Setting next_dagrun for dataset_s3_bucket_consumer to None, run_after=None
[2024-09-25T23:32:19.765+0100] {logging_mixin.py:190} INFO - [2024-09-25T23:32:19.765+0100] {dag.py:4180} INFO - Setting next_dagrun for dataset_s3_bucket_producer to None, run_after=None
[2024-09-25T23:32:19.842+0100] {processor.py:208} INFO - Processing /Users/rtewelde/airflow_venv/lib/python3.11/site-packages/airflow/example_dags/example_dataset_alias.py took 1.106 seconds
[2024-09-26T00:10:18.986+0100] {processor.py:186} INFO - Started process (PID=21027) to work on /Users/rtewelde/airflow_venv/lib/python3.11/site-packages/airflow/example_dags/example_dataset_alias.py
[2024-09-26T00:10:18.989+0100] {processor.py:914} INFO - Processing file /Users/rtewelde/airflow_venv/lib/python3.11/site-packages/airflow/example_dags/example_dataset_alias.py for tasks to queue
[2024-09-26T00:10:18.993+0100] {logging_mixin.py:190} INFO - [2024-09-26T00:10:18.992+0100] {dagbag.py:588} INFO - Filling up the DagBag from /Users/rtewelde/airflow_venv/lib/python3.11/site-packages/airflow/example_dags/example_dataset_alias.py
[2024-09-26T00:10:19.872+0100] {processor.py:925} INFO - DAG(s) 'dataset_s3_bucket_consumer', 'dataset_s3_bucket_producer', 'dataset_alias_example_alias_consumer', 'dataset_alias_example_alias_producer' retrieved from /Users/rtewelde/airflow_venv/lib/python3.11/site-packages/airflow/example_dags/example_dataset_alias.py
[2024-09-26T00:10:19.978+0100] {logging_mixin.py:190} INFO - [2024-09-26T00:10:19.977+0100] {dag.py:3239} INFO - Sync 4 DAGs
[2024-09-26T00:10:20.056+0100] {logging_mixin.py:190} INFO - [2024-09-26T00:10:20.055+0100] {dag.py:4180} INFO - Setting next_dagrun for dataset_alias_example_alias_consumer to None, run_after=None
[2024-09-26T00:10:20.065+0100] {logging_mixin.py:190} INFO - [2024-09-26T00:10:20.064+0100] {dag.py:4180} INFO - Setting next_dagrun for dataset_alias_example_alias_producer to None, run_after=None
[2024-09-26T00:10:20.070+0100] {logging_mixin.py:190} INFO - [2024-09-26T00:10:20.069+0100] {dag.py:4180} INFO - Setting next_dagrun for dataset_s3_bucket_consumer to None, run_after=None
[2024-09-26T00:10:20.074+0100] {logging_mixin.py:190} INFO - [2024-09-26T00:10:20.073+0100] {dag.py:4180} INFO - Setting next_dagrun for dataset_s3_bucket_producer to None, run_after=None
[2024-09-26T00:10:20.161+0100] {processor.py:208} INFO - Processing /Users/rtewelde/airflow_venv/lib/python3.11/site-packages/airflow/example_dags/example_dataset_alias.py took 1.186 seconds
[2024-09-26T00:19:06.109+0100] {processor.py:186} INFO - Started process (PID=24889) to work on /Users/rtewelde/airflow_venv/lib/python3.11/site-packages/airflow/example_dags/example_dataset_alias.py
[2024-09-26T00:19:06.114+0100] {processor.py:914} INFO - Processing file /Users/rtewelde/airflow_venv/lib/python3.11/site-packages/airflow/example_dags/example_dataset_alias.py for tasks to queue
[2024-09-26T00:19:06.121+0100] {logging_mixin.py:190} INFO - [2024-09-26T00:19:06.120+0100] {dagbag.py:588} INFO - Filling up the DagBag from /Users/rtewelde/airflow_venv/lib/python3.11/site-packages/airflow/example_dags/example_dataset_alias.py
[2024-09-26T00:19:06.905+0100] {processor.py:925} INFO - DAG(s) 'dataset_s3_bucket_producer', 'dataset_alias_example_alias_producer', 'dataset_alias_example_alias_consumer', 'dataset_s3_bucket_consumer' retrieved from /Users/rtewelde/airflow_venv/lib/python3.11/site-packages/airflow/example_dags/example_dataset_alias.py
[2024-09-26T00:19:06.998+0100] {logging_mixin.py:190} INFO - [2024-09-26T00:19:06.996+0100] {dag.py:3239} INFO - Sync 4 DAGs
[2024-09-26T00:19:07.061+0100] {logging_mixin.py:190} INFO - [2024-09-26T00:19:07.060+0100] {dag.py:4180} INFO - Setting next_dagrun for dataset_alias_example_alias_consumer to None, run_after=None
[2024-09-26T00:19:07.074+0100] {logging_mixin.py:190} INFO - [2024-09-26T00:19:07.073+0100] {dag.py:4180} INFO - Setting next_dagrun for dataset_alias_example_alias_producer to None, run_after=None
[2024-09-26T00:19:07.079+0100] {logging_mixin.py:190} INFO - [2024-09-26T00:19:07.078+0100] {dag.py:4180} INFO - Setting next_dagrun for dataset_s3_bucket_consumer to None, run_after=None
[2024-09-26T00:19:07.082+0100] {logging_mixin.py:190} INFO - [2024-09-26T00:19:07.082+0100] {dag.py:4180} INFO - Setting next_dagrun for dataset_s3_bucket_producer to None, run_after=None
[2024-09-26T00:19:07.152+0100] {processor.py:208} INFO - Processing /Users/rtewelde/airflow_venv/lib/python3.11/site-packages/airflow/example_dags/example_dataset_alias.py took 1.051 seconds
[2024-09-26T00:57:15.737+0100] {processor.py:186} INFO - Started process (PID=27010) to work on /Users/rtewelde/airflow_venv/lib/python3.11/site-packages/airflow/example_dags/example_dataset_alias.py
[2024-09-26T00:57:15.743+0100] {processor.py:914} INFO - Processing file /Users/rtewelde/airflow_venv/lib/python3.11/site-packages/airflow/example_dags/example_dataset_alias.py for tasks to queue
[2024-09-26T00:57:15.747+0100] {logging_mixin.py:190} INFO - [2024-09-26T00:57:15.746+0100] {dagbag.py:588} INFO - Filling up the DagBag from /Users/rtewelde/airflow_venv/lib/python3.11/site-packages/airflow/example_dags/example_dataset_alias.py
[2024-09-26T00:57:16.756+0100] {processor.py:925} INFO - DAG(s) 'dataset_s3_bucket_producer', 'dataset_alias_example_alias_consumer', 'dataset_s3_bucket_consumer', 'dataset_alias_example_alias_producer' retrieved from /Users/rtewelde/airflow_venv/lib/python3.11/site-packages/airflow/example_dags/example_dataset_alias.py
[2024-09-26T00:57:16.878+0100] {logging_mixin.py:190} INFO - [2024-09-26T00:57:16.876+0100] {dag.py:3239} INFO - Sync 4 DAGs
[2024-09-26T00:57:16.959+0100] {logging_mixin.py:190} INFO - [2024-09-26T00:57:16.958+0100] {dag.py:4180} INFO - Setting next_dagrun for dataset_alias_example_alias_consumer to None, run_after=None
[2024-09-26T00:57:16.967+0100] {logging_mixin.py:190} INFO - [2024-09-26T00:57:16.966+0100] {dag.py:4180} INFO - Setting next_dagrun for dataset_alias_example_alias_producer to None, run_after=None
[2024-09-26T00:57:16.971+0100] {logging_mixin.py:190} INFO - [2024-09-26T00:57:16.970+0100] {dag.py:4180} INFO - Setting next_dagrun for dataset_s3_bucket_consumer to None, run_after=None
[2024-09-26T00:57:16.977+0100] {logging_mixin.py:190} INFO - [2024-09-26T00:57:16.975+0100] {dag.py:4180} INFO - Setting next_dagrun for dataset_s3_bucket_producer to None, run_after=None
[2024-09-26T00:57:17.065+0100] {processor.py:208} INFO - Processing /Users/rtewelde/airflow_venv/lib/python3.11/site-packages/airflow/example_dags/example_dataset_alias.py took 1.343 seconds
