[2024-09-25T12:50:02.258+0100] {processor.py:186} INFO - Started process (PID=13096) to work on /Users/rtewelde/airflow_venv/lib/python3.11/site-packages/airflow/example_dags/example_branch_python_dop_operator_3.py
[2024-09-25T12:50:02.259+0100] {processor.py:914} INFO - Processing file /Users/rtewelde/airflow_venv/lib/python3.11/site-packages/airflow/example_dags/example_branch_python_dop_operator_3.py for tasks to queue
[2024-09-25T12:50:02.260+0100] {logging_mixin.py:190} INFO - [2024-09-25T12:50:02.259+0100] {dagbag.py:588} INFO - Filling up the DagBag from /Users/rtewelde/airflow_venv/lib/python3.11/site-packages/airflow/example_dags/example_branch_python_dop_operator_3.py
[2024-09-25T12:50:02.297+0100] {processor.py:925} INFO - DAG(s) 'example_branch_dop_operator_v3' retrieved from /Users/rtewelde/airflow_venv/lib/python3.11/site-packages/airflow/example_dags/example_branch_python_dop_operator_3.py
[2024-09-25T12:50:02.456+0100] {logging_mixin.py:190} INFO - [2024-09-25T12:50:02.456+0100] {dag.py:3239} INFO - Sync 1 DAGs
[2024-09-25T12:50:02.477+0100] {logging_mixin.py:190} INFO - [2024-09-25T12:50:02.477+0100] {dag.py:4180} INFO - Setting next_dagrun for example_branch_dop_operator_v3 to 2024-09-25 11:49:00+00:00, run_after=2024-09-25 11:50:00+00:00
[2024-09-25T12:50:02.496+0100] {processor.py:208} INFO - Processing /Users/rtewelde/airflow_venv/lib/python3.11/site-packages/airflow/example_dags/example_branch_python_dop_operator_3.py took 0.241 seconds
[2024-09-25T14:53:46.405+0100] {processor.py:186} INFO - Started process (PID=14511) to work on /Users/rtewelde/airflow_venv/lib/python3.11/site-packages/airflow/example_dags/example_branch_python_dop_operator_3.py
[2024-09-25T14:53:46.406+0100] {processor.py:914} INFO - Processing file /Users/rtewelde/airflow_venv/lib/python3.11/site-packages/airflow/example_dags/example_branch_python_dop_operator_3.py for tasks to queue
[2024-09-25T14:53:46.408+0100] {logging_mixin.py:190} INFO - [2024-09-25T14:53:46.408+0100] {dagbag.py:588} INFO - Filling up the DagBag from /Users/rtewelde/airflow_venv/lib/python3.11/site-packages/airflow/example_dags/example_branch_python_dop_operator_3.py
[2024-09-25T14:53:46.503+0100] {processor.py:925} INFO - DAG(s) 'example_branch_dop_operator_v3' retrieved from /Users/rtewelde/airflow_venv/lib/python3.11/site-packages/airflow/example_dags/example_branch_python_dop_operator_3.py
[2024-09-25T14:53:46.891+0100] {logging_mixin.py:190} INFO - [2024-09-25T14:53:46.891+0100] {dag.py:3239} INFO - Sync 1 DAGs
[2024-09-25T14:53:46.949+0100] {logging_mixin.py:190} INFO - [2024-09-25T14:53:46.949+0100] {dag.py:4180} INFO - Setting next_dagrun for example_branch_dop_operator_v3 to 2024-09-25 13:52:00+00:00, run_after=2024-09-25 13:53:00+00:00
[2024-09-25T14:53:46.977+0100] {processor.py:208} INFO - Processing /Users/rtewelde/airflow_venv/lib/python3.11/site-packages/airflow/example_dags/example_branch_python_dop_operator_3.py took 0.578 seconds
[2024-09-25T23:23:37.716+0100] {processor.py:186} INFO - Started process (PID=16663) to work on /Users/rtewelde/airflow_venv/lib/python3.11/site-packages/airflow/example_dags/example_branch_python_dop_operator_3.py
[2024-09-25T23:23:37.720+0100] {processor.py:914} INFO - Processing file /Users/rtewelde/airflow_venv/lib/python3.11/site-packages/airflow/example_dags/example_branch_python_dop_operator_3.py for tasks to queue
[2024-09-25T23:23:37.725+0100] {logging_mixin.py:190} INFO - [2024-09-25T23:23:37.724+0100] {dagbag.py:588} INFO - Filling up the DagBag from /Users/rtewelde/airflow_venv/lib/python3.11/site-packages/airflow/example_dags/example_branch_python_dop_operator_3.py
[2024-09-25T23:23:37.909+0100] {processor.py:925} INFO - DAG(s) 'example_branch_dop_operator_v3' retrieved from /Users/rtewelde/airflow_venv/lib/python3.11/site-packages/airflow/example_dags/example_branch_python_dop_operator_3.py
[2024-09-25T23:23:38.739+0100] {logging_mixin.py:190} INFO - [2024-09-25T23:23:38.737+0100] {dag.py:3239} INFO - Sync 1 DAGs
[2024-09-25T23:23:38.859+0100] {logging_mixin.py:190} INFO - [2024-09-25T23:23:38.858+0100] {dag.py:4180} INFO - Setting next_dagrun for example_branch_dop_operator_v3 to 2024-09-25 22:22:00+00:00, run_after=2024-09-25 22:23:00+00:00
[2024-09-25T23:23:39.050+0100] {processor.py:208} INFO - Processing /Users/rtewelde/airflow_venv/lib/python3.11/site-packages/airflow/example_dags/example_branch_python_dop_operator_3.py took 1.345 seconds
[2024-09-25T23:32:47.354+0100] {processor.py:186} INFO - Started process (PID=19072) to work on /Users/rtewelde/airflow_venv/lib/python3.11/site-packages/airflow/example_dags/example_branch_python_dop_operator_3.py
[2024-09-25T23:32:47.357+0100] {processor.py:914} INFO - Processing file /Users/rtewelde/airflow_venv/lib/python3.11/site-packages/airflow/example_dags/example_branch_python_dop_operator_3.py for tasks to queue
[2024-09-25T23:32:47.361+0100] {logging_mixin.py:190} INFO - [2024-09-25T23:32:47.360+0100] {dagbag.py:588} INFO - Filling up the DagBag from /Users/rtewelde/airflow_venv/lib/python3.11/site-packages/airflow/example_dags/example_branch_python_dop_operator_3.py
[2024-09-25T23:32:47.511+0100] {processor.py:925} INFO - DAG(s) 'example_branch_dop_operator_v3' retrieved from /Users/rtewelde/airflow_venv/lib/python3.11/site-packages/airflow/example_dags/example_branch_python_dop_operator_3.py
[2024-09-25T23:32:48.102+0100] {logging_mixin.py:190} INFO - [2024-09-25T23:32:48.099+0100] {dag.py:3239} INFO - Sync 1 DAGs
[2024-09-25T23:32:48.186+0100] {logging_mixin.py:190} INFO - [2024-09-25T23:32:48.185+0100] {dag.py:4180} INFO - Setting next_dagrun for example_branch_dop_operator_v3 to 2024-09-25 22:31:00+00:00, run_after=2024-09-25 22:32:00+00:00
[2024-09-25T23:32:48.285+0100] {processor.py:208} INFO - Processing /Users/rtewelde/airflow_venv/lib/python3.11/site-packages/airflow/example_dags/example_branch_python_dop_operator_3.py took 0.944 seconds
[2024-09-26T00:10:46.609+0100] {processor.py:186} INFO - Started process (PID=21145) to work on /Users/rtewelde/airflow_venv/lib/python3.11/site-packages/airflow/example_dags/example_branch_python_dop_operator_3.py
[2024-09-26T00:10:46.613+0100] {processor.py:914} INFO - Processing file /Users/rtewelde/airflow_venv/lib/python3.11/site-packages/airflow/example_dags/example_branch_python_dop_operator_3.py for tasks to queue
[2024-09-26T00:10:46.616+0100] {logging_mixin.py:190} INFO - [2024-09-26T00:10:46.616+0100] {dagbag.py:588} INFO - Filling up the DagBag from /Users/rtewelde/airflow_venv/lib/python3.11/site-packages/airflow/example_dags/example_branch_python_dop_operator_3.py
[2024-09-26T00:10:46.764+0100] {processor.py:925} INFO - DAG(s) 'example_branch_dop_operator_v3' retrieved from /Users/rtewelde/airflow_venv/lib/python3.11/site-packages/airflow/example_dags/example_branch_python_dop_operator_3.py
[2024-09-26T00:10:47.366+0100] {logging_mixin.py:190} INFO - [2024-09-26T00:10:47.364+0100] {dag.py:3239} INFO - Sync 1 DAGs
[2024-09-26T00:10:47.487+0100] {logging_mixin.py:190} INFO - [2024-09-26T00:10:47.486+0100] {dag.py:4180} INFO - Setting next_dagrun for example_branch_dop_operator_v3 to 2024-09-25 23:09:00+00:00, run_after=2024-09-25 23:10:00+00:00
[2024-09-26T00:10:47.562+0100] {processor.py:208} INFO - Processing /Users/rtewelde/airflow_venv/lib/python3.11/site-packages/airflow/example_dags/example_branch_python_dop_operator_3.py took 0.965 seconds
[2024-09-26T00:19:33.781+0100] {processor.py:186} INFO - Started process (PID=25008) to work on /Users/rtewelde/airflow_venv/lib/python3.11/site-packages/airflow/example_dags/example_branch_python_dop_operator_3.py
[2024-09-26T00:19:33.784+0100] {processor.py:914} INFO - Processing file /Users/rtewelde/airflow_venv/lib/python3.11/site-packages/airflow/example_dags/example_branch_python_dop_operator_3.py for tasks to queue
[2024-09-26T00:19:33.789+0100] {logging_mixin.py:190} INFO - [2024-09-26T00:19:33.788+0100] {dagbag.py:588} INFO - Filling up the DagBag from /Users/rtewelde/airflow_venv/lib/python3.11/site-packages/airflow/example_dags/example_branch_python_dop_operator_3.py
[2024-09-26T00:19:33.924+0100] {processor.py:925} INFO - DAG(s) 'example_branch_dop_operator_v3' retrieved from /Users/rtewelde/airflow_venv/lib/python3.11/site-packages/airflow/example_dags/example_branch_python_dop_operator_3.py
[2024-09-26T00:19:34.477+0100] {logging_mixin.py:190} INFO - [2024-09-26T00:19:34.476+0100] {dag.py:3239} INFO - Sync 1 DAGs
[2024-09-26T00:19:34.565+0100] {logging_mixin.py:190} INFO - [2024-09-26T00:19:34.564+0100] {dag.py:4180} INFO - Setting next_dagrun for example_branch_dop_operator_v3 to 2024-09-25 23:18:00+00:00, run_after=2024-09-25 23:19:00+00:00
[2024-09-26T00:19:34.638+0100] {processor.py:208} INFO - Processing /Users/rtewelde/airflow_venv/lib/python3.11/site-packages/airflow/example_dags/example_branch_python_dop_operator_3.py took 0.866 seconds
[2024-09-26T00:57:47.096+0100] {processor.py:186} INFO - Started process (PID=27146) to work on /Users/rtewelde/airflow_venv/lib/python3.11/site-packages/airflow/example_dags/example_branch_python_dop_operator_3.py
[2024-09-26T00:57:47.099+0100] {processor.py:914} INFO - Processing file /Users/rtewelde/airflow_venv/lib/python3.11/site-packages/airflow/example_dags/example_branch_python_dop_operator_3.py for tasks to queue
[2024-09-26T00:57:47.103+0100] {logging_mixin.py:190} INFO - [2024-09-26T00:57:47.102+0100] {dagbag.py:588} INFO - Filling up the DagBag from /Users/rtewelde/airflow_venv/lib/python3.11/site-packages/airflow/example_dags/example_branch_python_dop_operator_3.py
[2024-09-26T00:57:47.262+0100] {processor.py:925} INFO - DAG(s) 'example_branch_dop_operator_v3' retrieved from /Users/rtewelde/airflow_venv/lib/python3.11/site-packages/airflow/example_dags/example_branch_python_dop_operator_3.py
[2024-09-26T00:57:47.955+0100] {logging_mixin.py:190} INFO - [2024-09-26T00:57:47.953+0100] {dag.py:3239} INFO - Sync 1 DAGs
[2024-09-26T00:57:48.056+0100] {logging_mixin.py:190} INFO - [2024-09-26T00:57:48.055+0100] {dag.py:4180} INFO - Setting next_dagrun for example_branch_dop_operator_v3 to 2024-09-25 23:56:00+00:00, run_after=2024-09-25 23:57:00+00:00
[2024-09-26T00:57:48.140+0100] {processor.py:208} INFO - Processing /Users/rtewelde/airflow_venv/lib/python3.11/site-packages/airflow/example_dags/example_branch_python_dop_operator_3.py took 1.055 seconds
