[2024-09-25T12:49:50.290+0100] {processor.py:186} INFO - Started process (PID=13040) to work on /Users/rtewelde/airflow_venv/lib/python3.11/site-packages/airflow/example_dags/example_dataset_alias_with_no_taskflow.py
[2024-09-25T12:49:50.291+0100] {processor.py:914} INFO - Processing file /Users/rtewelde/airflow_venv/lib/python3.11/site-packages/airflow/example_dags/example_dataset_alias_with_no_taskflow.py for tasks to queue
[2024-09-25T12:49:50.292+0100] {logging_mixin.py:190} INFO - [2024-09-25T12:49:50.292+0100] {dagbag.py:588} INFO - Filling up the DagBag from /Users/rtewelde/airflow_venv/lib/python3.11/site-packages/airflow/example_dags/example_dataset_alias_with_no_taskflow.py
[2024-09-25T12:49:50.524+0100] {processor.py:925} INFO - DAG(s) 'dataset_alias_example_alias_producer_with_no_taskflow', 'dataset_alias_example_alias_consumer_with_no_taskflow', 'dataset_s3_bucket_producer_with_no_taskflow', 'dataset_s3_bucket_consumer_with_no_taskflow' retrieved from /Users/rtewelde/airflow_venv/lib/python3.11/site-packages/airflow/example_dags/example_dataset_alias_with_no_taskflow.py
[2024-09-25T12:49:50.547+0100] {logging_mixin.py:190} INFO - [2024-09-25T12:49:50.546+0100] {dag.py:3239} INFO - Sync 4 DAGs
[2024-09-25T12:49:50.565+0100] {logging_mixin.py:190} INFO - [2024-09-25T12:49:50.565+0100] {dag.py:4180} INFO - Setting next_dagrun for dataset_alias_example_alias_consumer_with_no_taskflow to None, run_after=None
[2024-09-25T12:49:50.567+0100] {logging_mixin.py:190} INFO - [2024-09-25T12:49:50.567+0100] {dag.py:4180} INFO - Setting next_dagrun for dataset_alias_example_alias_producer_with_no_taskflow to None, run_after=None
[2024-09-25T12:49:50.568+0100] {logging_mixin.py:190} INFO - [2024-09-25T12:49:50.568+0100] {dag.py:4180} INFO - Setting next_dagrun for dataset_s3_bucket_consumer_with_no_taskflow to None, run_after=None
[2024-09-25T12:49:50.569+0100] {logging_mixin.py:190} INFO - [2024-09-25T12:49:50.569+0100] {dag.py:4180} INFO - Setting next_dagrun for dataset_s3_bucket_producer_with_no_taskflow to None, run_after=None
[2024-09-25T12:49:50.591+0100] {processor.py:208} INFO - Processing /Users/rtewelde/airflow_venv/lib/python3.11/site-packages/airflow/example_dags/example_dataset_alias_with_no_taskflow.py took 0.304 seconds
[2024-09-25T12:53:37.531+0100] {processor.py:186} INFO - Started process (PID=14434) to work on /Users/rtewelde/airflow_venv/lib/python3.11/site-packages/airflow/example_dags/example_dataset_alias_with_no_taskflow.py
[2024-09-25T12:53:37.533+0100] {processor.py:914} INFO - Processing file /Users/rtewelde/airflow_venv/lib/python3.11/site-packages/airflow/example_dags/example_dataset_alias_with_no_taskflow.py for tasks to queue
[2024-09-25T12:53:37.534+0100] {logging_mixin.py:190} INFO - [2024-09-25T12:53:37.533+0100] {dagbag.py:588} INFO - Filling up the DagBag from /Users/rtewelde/airflow_venv/lib/python3.11/site-packages/airflow/example_dags/example_dataset_alias_with_no_taskflow.py
[2024-09-25T12:53:37.730+0100] {processor.py:925} INFO - DAG(s) 'dataset_alias_example_alias_producer_with_no_taskflow', 'dataset_s3_bucket_consumer_with_no_taskflow', 'dataset_alias_example_alias_consumer_with_no_taskflow', 'dataset_s3_bucket_producer_with_no_taskflow' retrieved from /Users/rtewelde/airflow_venv/lib/python3.11/site-packages/airflow/example_dags/example_dataset_alias_with_no_taskflow.py
[2024-09-25T12:53:37.751+0100] {logging_mixin.py:190} INFO - [2024-09-25T12:53:37.751+0100] {dag.py:3239} INFO - Sync 4 DAGs
[2024-09-25T12:53:37.770+0100] {logging_mixin.py:190} INFO - [2024-09-25T12:53:37.770+0100] {dag.py:4180} INFO - Setting next_dagrun for dataset_alias_example_alias_consumer_with_no_taskflow to None, run_after=None
[2024-09-25T12:53:37.772+0100] {logging_mixin.py:190} INFO - [2024-09-25T12:53:37.772+0100] {dag.py:4180} INFO - Setting next_dagrun for dataset_alias_example_alias_producer_with_no_taskflow to None, run_after=None
[2024-09-25T12:53:37.773+0100] {logging_mixin.py:190} INFO - [2024-09-25T12:53:37.773+0100] {dag.py:4180} INFO - Setting next_dagrun for dataset_s3_bucket_consumer_with_no_taskflow to None, run_after=None
[2024-09-25T12:53:37.774+0100] {logging_mixin.py:190} INFO - [2024-09-25T12:53:37.774+0100] {dag.py:4180} INFO - Setting next_dagrun for dataset_s3_bucket_producer_with_no_taskflow to None, run_after=None
[2024-09-25T12:53:37.792+0100] {processor.py:208} INFO - Processing /Users/rtewelde/airflow_venv/lib/python3.11/site-packages/airflow/example_dags/example_dataset_alias_with_no_taskflow.py took 0.263 seconds
[2024-09-25T23:22:56.742+0100] {processor.py:186} INFO - Started process (PID=16488) to work on /Users/rtewelde/airflow_venv/lib/python3.11/site-packages/airflow/example_dags/example_dataset_alias_with_no_taskflow.py
[2024-09-25T23:22:56.746+0100] {processor.py:914} INFO - Processing file /Users/rtewelde/airflow_venv/lib/python3.11/site-packages/airflow/example_dags/example_dataset_alias_with_no_taskflow.py for tasks to queue
[2024-09-25T23:22:56.750+0100] {logging_mixin.py:190} INFO - [2024-09-25T23:22:56.749+0100] {dagbag.py:588} INFO - Filling up the DagBag from /Users/rtewelde/airflow_venv/lib/python3.11/site-packages/airflow/example_dags/example_dataset_alias_with_no_taskflow.py
[2024-09-25T23:22:57.672+0100] {processor.py:925} INFO - DAG(s) 'dataset_alias_example_alias_producer_with_no_taskflow', 'dataset_s3_bucket_consumer_with_no_taskflow', 'dataset_alias_example_alias_consumer_with_no_taskflow', 'dataset_s3_bucket_producer_with_no_taskflow' retrieved from /Users/rtewelde/airflow_venv/lib/python3.11/site-packages/airflow/example_dags/example_dataset_alias_with_no_taskflow.py
[2024-09-25T23:22:57.766+0100] {logging_mixin.py:190} INFO - [2024-09-25T23:22:57.765+0100] {dag.py:3239} INFO - Sync 4 DAGs
[2024-09-25T23:22:57.849+0100] {logging_mixin.py:190} INFO - [2024-09-25T23:22:57.848+0100] {dag.py:4180} INFO - Setting next_dagrun for dataset_alias_example_alias_consumer_with_no_taskflow to None, run_after=None
[2024-09-25T23:22:57.858+0100] {logging_mixin.py:190} INFO - [2024-09-25T23:22:57.857+0100] {dag.py:4180} INFO - Setting next_dagrun for dataset_alias_example_alias_producer_with_no_taskflow to None, run_after=None
[2024-09-25T23:22:57.862+0100] {logging_mixin.py:190} INFO - [2024-09-25T23:22:57.861+0100] {dag.py:4180} INFO - Setting next_dagrun for dataset_s3_bucket_consumer_with_no_taskflow to None, run_after=None
[2024-09-25T23:22:57.866+0100] {logging_mixin.py:190} INFO - [2024-09-25T23:22:57.865+0100] {dag.py:4180} INFO - Setting next_dagrun for dataset_s3_bucket_producer_with_no_taskflow to None, run_after=None
[2024-09-25T23:22:57.955+0100] {processor.py:208} INFO - Processing /Users/rtewelde/airflow_venv/lib/python3.11/site-packages/airflow/example_dags/example_dataset_alias_with_no_taskflow.py took 1.224 seconds
[2024-09-25T23:32:09.585+0100] {processor.py:186} INFO - Started process (PID=18905) to work on /Users/rtewelde/airflow_venv/lib/python3.11/site-packages/airflow/example_dags/example_dataset_alias_with_no_taskflow.py
[2024-09-25T23:32:09.590+0100] {processor.py:914} INFO - Processing file /Users/rtewelde/airflow_venv/lib/python3.11/site-packages/airflow/example_dags/example_dataset_alias_with_no_taskflow.py for tasks to queue
[2024-09-25T23:32:09.594+0100] {logging_mixin.py:190} INFO - [2024-09-25T23:32:09.593+0100] {dagbag.py:588} INFO - Filling up the DagBag from /Users/rtewelde/airflow_venv/lib/python3.11/site-packages/airflow/example_dags/example_dataset_alias_with_no_taskflow.py
[2024-09-25T23:32:10.356+0100] {processor.py:925} INFO - DAG(s) 'dataset_s3_bucket_consumer_with_no_taskflow', 'dataset_alias_example_alias_consumer_with_no_taskflow', 'dataset_alias_example_alias_producer_with_no_taskflow', 'dataset_s3_bucket_producer_with_no_taskflow' retrieved from /Users/rtewelde/airflow_venv/lib/python3.11/site-packages/airflow/example_dags/example_dataset_alias_with_no_taskflow.py
[2024-09-25T23:32:10.453+0100] {logging_mixin.py:190} INFO - [2024-09-25T23:32:10.452+0100] {dag.py:3239} INFO - Sync 4 DAGs
[2024-09-25T23:32:10.527+0100] {logging_mixin.py:190} INFO - [2024-09-25T23:32:10.526+0100] {dag.py:4180} INFO - Setting next_dagrun for dataset_alias_example_alias_consumer_with_no_taskflow to None, run_after=None
[2024-09-25T23:32:10.535+0100] {logging_mixin.py:190} INFO - [2024-09-25T23:32:10.534+0100] {dag.py:4180} INFO - Setting next_dagrun for dataset_alias_example_alias_producer_with_no_taskflow to None, run_after=None
[2024-09-25T23:32:10.539+0100] {logging_mixin.py:190} INFO - [2024-09-25T23:32:10.538+0100] {dag.py:4180} INFO - Setting next_dagrun for dataset_s3_bucket_consumer_with_no_taskflow to None, run_after=None
[2024-09-25T23:32:10.543+0100] {logging_mixin.py:190} INFO - [2024-09-25T23:32:10.542+0100] {dag.py:4180} INFO - Setting next_dagrun for dataset_s3_bucket_producer_with_no_taskflow to None, run_after=None
[2024-09-25T23:32:10.624+0100] {processor.py:208} INFO - Processing /Users/rtewelde/airflow_venv/lib/python3.11/site-packages/airflow/example_dags/example_dataset_alias_with_no_taskflow.py took 1.047 seconds
[2024-09-26T00:10:10.022+0100] {processor.py:186} INFO - Started process (PID=20990) to work on /Users/rtewelde/airflow_venv/lib/python3.11/site-packages/airflow/example_dags/example_dataset_alias_with_no_taskflow.py
[2024-09-26T00:10:10.025+0100] {processor.py:914} INFO - Processing file /Users/rtewelde/airflow_venv/lib/python3.11/site-packages/airflow/example_dags/example_dataset_alias_with_no_taskflow.py for tasks to queue
[2024-09-26T00:10:10.029+0100] {logging_mixin.py:190} INFO - [2024-09-26T00:10:10.028+0100] {dagbag.py:588} INFO - Filling up the DagBag from /Users/rtewelde/airflow_venv/lib/python3.11/site-packages/airflow/example_dags/example_dataset_alias_with_no_taskflow.py
[2024-09-26T00:10:10.783+0100] {processor.py:925} INFO - DAG(s) 'dataset_alias_example_alias_consumer_with_no_taskflow', 'dataset_s3_bucket_consumer_with_no_taskflow', 'dataset_s3_bucket_producer_with_no_taskflow', 'dataset_alias_example_alias_producer_with_no_taskflow' retrieved from /Users/rtewelde/airflow_venv/lib/python3.11/site-packages/airflow/example_dags/example_dataset_alias_with_no_taskflow.py
[2024-09-26T00:10:10.871+0100] {logging_mixin.py:190} INFO - [2024-09-26T00:10:10.870+0100] {dag.py:3239} INFO - Sync 4 DAGs
[2024-09-26T00:10:10.948+0100] {logging_mixin.py:190} INFO - [2024-09-26T00:10:10.947+0100] {dag.py:4180} INFO - Setting next_dagrun for dataset_alias_example_alias_consumer_with_no_taskflow to None, run_after=None
[2024-09-26T00:10:10.955+0100] {logging_mixin.py:190} INFO - [2024-09-26T00:10:10.954+0100] {dag.py:4180} INFO - Setting next_dagrun for dataset_alias_example_alias_producer_with_no_taskflow to None, run_after=None
[2024-09-26T00:10:10.958+0100] {logging_mixin.py:190} INFO - [2024-09-26T00:10:10.957+0100] {dag.py:4180} INFO - Setting next_dagrun for dataset_s3_bucket_consumer_with_no_taskflow to None, run_after=None
[2024-09-26T00:10:10.961+0100] {logging_mixin.py:190} INFO - [2024-09-26T00:10:10.961+0100] {dag.py:4180} INFO - Setting next_dagrun for dataset_s3_bucket_producer_with_no_taskflow to None, run_after=None
[2024-09-26T00:10:11.039+0100] {processor.py:208} INFO - Processing /Users/rtewelde/airflow_venv/lib/python3.11/site-packages/airflow/example_dags/example_dataset_alias_with_no_taskflow.py took 1.026 seconds
[2024-09-26T00:18:56.585+0100] {processor.py:186} INFO - Started process (PID=24853) to work on /Users/rtewelde/airflow_venv/lib/python3.11/site-packages/airflow/example_dags/example_dataset_alias_with_no_taskflow.py
[2024-09-26T00:18:56.589+0100] {processor.py:914} INFO - Processing file /Users/rtewelde/airflow_venv/lib/python3.11/site-packages/airflow/example_dags/example_dataset_alias_with_no_taskflow.py for tasks to queue
[2024-09-26T00:18:56.592+0100] {logging_mixin.py:190} INFO - [2024-09-26T00:18:56.591+0100] {dagbag.py:588} INFO - Filling up the DagBag from /Users/rtewelde/airflow_venv/lib/python3.11/site-packages/airflow/example_dags/example_dataset_alias_with_no_taskflow.py
[2024-09-26T00:18:57.343+0100] {processor.py:925} INFO - DAG(s) 'dataset_alias_example_alias_producer_with_no_taskflow', 'dataset_s3_bucket_producer_with_no_taskflow', 'dataset_s3_bucket_consumer_with_no_taskflow', 'dataset_alias_example_alias_consumer_with_no_taskflow' retrieved from /Users/rtewelde/airflow_venv/lib/python3.11/site-packages/airflow/example_dags/example_dataset_alias_with_no_taskflow.py
[2024-09-26T00:18:57.430+0100] {logging_mixin.py:190} INFO - [2024-09-26T00:18:57.428+0100] {dag.py:3239} INFO - Sync 4 DAGs
[2024-09-26T00:18:57.501+0100] {logging_mixin.py:190} INFO - [2024-09-26T00:18:57.500+0100] {dag.py:4180} INFO - Setting next_dagrun for dataset_alias_example_alias_consumer_with_no_taskflow to None, run_after=None
[2024-09-26T00:18:57.507+0100] {logging_mixin.py:190} INFO - [2024-09-26T00:18:57.507+0100] {dag.py:4180} INFO - Setting next_dagrun for dataset_alias_example_alias_producer_with_no_taskflow to None, run_after=None
[2024-09-26T00:18:57.510+0100] {logging_mixin.py:190} INFO - [2024-09-26T00:18:57.510+0100] {dag.py:4180} INFO - Setting next_dagrun for dataset_s3_bucket_consumer_with_no_taskflow to None, run_after=None
[2024-09-26T00:18:57.514+0100] {logging_mixin.py:190} INFO - [2024-09-26T00:18:57.513+0100] {dag.py:4180} INFO - Setting next_dagrun for dataset_s3_bucket_producer_with_no_taskflow to None, run_after=None
[2024-09-26T00:18:57.591+0100] {processor.py:208} INFO - Processing /Users/rtewelde/airflow_venv/lib/python3.11/site-packages/airflow/example_dags/example_dataset_alias_with_no_taskflow.py took 1.018 seconds
[2024-09-26T00:57:05.190+0100] {processor.py:186} INFO - Started process (PID=26969) to work on /Users/rtewelde/airflow_venv/lib/python3.11/site-packages/airflow/example_dags/example_dataset_alias_with_no_taskflow.py
[2024-09-26T00:57:05.194+0100] {processor.py:914} INFO - Processing file /Users/rtewelde/airflow_venv/lib/python3.11/site-packages/airflow/example_dags/example_dataset_alias_with_no_taskflow.py for tasks to queue
[2024-09-26T00:57:05.198+0100] {logging_mixin.py:190} INFO - [2024-09-26T00:57:05.197+0100] {dagbag.py:588} INFO - Filling up the DagBag from /Users/rtewelde/airflow_venv/lib/python3.11/site-packages/airflow/example_dags/example_dataset_alias_with_no_taskflow.py
[2024-09-26T00:57:06.058+0100] {processor.py:925} INFO - DAG(s) 'dataset_alias_example_alias_consumer_with_no_taskflow', 'dataset_alias_example_alias_producer_with_no_taskflow', 'dataset_s3_bucket_producer_with_no_taskflow', 'dataset_s3_bucket_consumer_with_no_taskflow' retrieved from /Users/rtewelde/airflow_venv/lib/python3.11/site-packages/airflow/example_dags/example_dataset_alias_with_no_taskflow.py
[2024-09-26T00:57:06.153+0100] {logging_mixin.py:190} INFO - [2024-09-26T00:57:06.152+0100] {dag.py:3239} INFO - Sync 4 DAGs
[2024-09-26T00:57:06.233+0100] {logging_mixin.py:190} INFO - [2024-09-26T00:57:06.232+0100] {dag.py:4180} INFO - Setting next_dagrun for dataset_alias_example_alias_consumer_with_no_taskflow to None, run_after=None
[2024-09-26T00:57:06.240+0100] {logging_mixin.py:190} INFO - [2024-09-26T00:57:06.240+0100] {dag.py:4180} INFO - Setting next_dagrun for dataset_alias_example_alias_producer_with_no_taskflow to None, run_after=None
[2024-09-26T00:57:06.244+0100] {logging_mixin.py:190} INFO - [2024-09-26T00:57:06.243+0100] {dag.py:4180} INFO - Setting next_dagrun for dataset_s3_bucket_consumer_with_no_taskflow to None, run_after=None
[2024-09-26T00:57:06.247+0100] {logging_mixin.py:190} INFO - [2024-09-26T00:57:06.246+0100] {dag.py:4180} INFO - Setting next_dagrun for dataset_s3_bucket_producer_with_no_taskflow to None, run_after=None
[2024-09-26T00:57:06.321+0100] {processor.py:208} INFO - Processing /Users/rtewelde/airflow_venv/lib/python3.11/site-packages/airflow/example_dags/example_dataset_alias_with_no_taskflow.py took 1.147 seconds
