[2024-09-25T12:48:34.346+0100] {processor.py:186} INFO - Started process (PID=12650) to work on /Users/rtewelde/airflow_venv/lib/python3.11/site-packages/airflow/example_dags/example_sla_dag.py
[2024-09-25T12:48:34.347+0100] {processor.py:914} INFO - Processing file /Users/rtewelde/airflow_venv/lib/python3.11/site-packages/airflow/example_dags/example_sla_dag.py for tasks to queue
[2024-09-25T12:48:34.348+0100] {logging_mixin.py:190} INFO - [2024-09-25T12:48:34.348+0100] {dagbag.py:588} INFO - Filling up the DagBag from /Users/rtewelde/airflow_venv/lib/python3.11/site-packages/airflow/example_dags/example_sla_dag.py
[2024-09-25T12:48:34.386+0100] {processor.py:925} INFO - DAG(s) 'example_sla_dag' retrieved from /Users/rtewelde/airflow_venv/lib/python3.11/site-packages/airflow/example_dags/example_sla_dag.py
[2024-09-25T12:48:34.554+0100] {logging_mixin.py:190} INFO - [2024-09-25T12:48:34.554+0100] {dag.py:3239} INFO - Sync 1 DAGs
[2024-09-25T12:48:34.580+0100] {logging_mixin.py:190} INFO - [2024-09-25T12:48:34.580+0100] {dag.py:4180} INFO - Setting next_dagrun for example_sla_dag to 2024-09-25 11:46:00+00:00, run_after=2024-09-25 11:48:00+00:00
[2024-09-25T12:48:34.596+0100] {processor.py:208} INFO - Processing /Users/rtewelde/airflow_venv/lib/python3.11/site-packages/airflow/example_dags/example_sla_dag.py took 0.252 seconds
[2024-09-25T12:52:21.948+0100] {processor.py:186} INFO - Started process (PID=14053) to work on /Users/rtewelde/airflow_venv/lib/python3.11/site-packages/airflow/example_dags/example_sla_dag.py
[2024-09-25T12:52:21.949+0100] {processor.py:914} INFO - Processing file /Users/rtewelde/airflow_venv/lib/python3.11/site-packages/airflow/example_dags/example_sla_dag.py for tasks to queue
[2024-09-25T12:52:21.950+0100] {logging_mixin.py:190} INFO - [2024-09-25T12:52:21.950+0100] {dagbag.py:588} INFO - Filling up the DagBag from /Users/rtewelde/airflow_venv/lib/python3.11/site-packages/airflow/example_dags/example_sla_dag.py
[2024-09-25T12:52:21.985+0100] {processor.py:925} INFO - DAG(s) 'example_sla_dag' retrieved from /Users/rtewelde/airflow_venv/lib/python3.11/site-packages/airflow/example_dags/example_sla_dag.py
[2024-09-25T12:52:22.140+0100] {logging_mixin.py:190} INFO - [2024-09-25T12:52:22.140+0100] {dag.py:3239} INFO - Sync 1 DAGs
[2024-09-25T12:52:22.163+0100] {logging_mixin.py:190} INFO - [2024-09-25T12:52:22.163+0100] {dag.py:4180} INFO - Setting next_dagrun for example_sla_dag to 2024-09-25 11:50:00+00:00, run_after=2024-09-25 11:52:00+00:00
[2024-09-25T12:52:22.182+0100] {processor.py:208} INFO - Processing /Users/rtewelde/airflow_venv/lib/python3.11/site-packages/airflow/example_dags/example_sla_dag.py took 0.237 seconds
[2024-09-25T23:18:34.728+0100] {processor.py:186} INFO - Started process (PID=15349) to work on /Users/rtewelde/airflow_venv/lib/python3.11/site-packages/airflow/example_dags/example_sla_dag.py
[2024-09-25T23:18:34.732+0100] {processor.py:914} INFO - Processing file /Users/rtewelde/airflow_venv/lib/python3.11/site-packages/airflow/example_dags/example_sla_dag.py for tasks to queue
[2024-09-25T23:18:34.736+0100] {logging_mixin.py:190} INFO - [2024-09-25T23:18:34.735+0100] {dagbag.py:588} INFO - Filling up the DagBag from /Users/rtewelde/airflow_venv/lib/python3.11/site-packages/airflow/example_dags/example_sla_dag.py
[2024-09-25T23:18:34.913+0100] {processor.py:925} INFO - DAG(s) 'example_sla_dag' retrieved from /Users/rtewelde/airflow_venv/lib/python3.11/site-packages/airflow/example_dags/example_sla_dag.py
[2024-09-25T23:18:35.554+0100] {logging_mixin.py:190} INFO - [2024-09-25T23:18:35.553+0100] {dag.py:3239} INFO - Sync 1 DAGs
[2024-09-25T23:18:35.647+0100] {logging_mixin.py:190} INFO - [2024-09-25T23:18:35.646+0100] {dag.py:4180} INFO - Setting next_dagrun for example_sla_dag to 2024-09-25 22:16:00+00:00, run_after=2024-09-25 22:18:00+00:00
[2024-09-25T23:18:35.717+0100] {processor.py:208} INFO - Processing /Users/rtewelde/airflow_venv/lib/python3.11/site-packages/airflow/example_dags/example_sla_dag.py took 1.000 seconds
[2024-09-25T23:28:04.995+0100] {processor.py:186} INFO - Started process (PID=17841) to work on /Users/rtewelde/airflow_venv/lib/python3.11/site-packages/airflow/example_dags/example_sla_dag.py
[2024-09-25T23:28:05.000+0100] {processor.py:914} INFO - Processing file /Users/rtewelde/airflow_venv/lib/python3.11/site-packages/airflow/example_dags/example_sla_dag.py for tasks to queue
[2024-09-25T23:28:05.004+0100] {logging_mixin.py:190} INFO - [2024-09-25T23:28:05.003+0100] {dagbag.py:588} INFO - Filling up the DagBag from /Users/rtewelde/airflow_venv/lib/python3.11/site-packages/airflow/example_dags/example_sla_dag.py
[2024-09-25T23:28:05.184+0100] {processor.py:925} INFO - DAG(s) 'example_sla_dag' retrieved from /Users/rtewelde/airflow_venv/lib/python3.11/site-packages/airflow/example_dags/example_sla_dag.py
[2024-09-25T23:28:05.834+0100] {logging_mixin.py:190} INFO - [2024-09-25T23:28:05.833+0100] {dag.py:3239} INFO - Sync 1 DAGs
[2024-09-25T23:28:05.920+0100] {logging_mixin.py:190} INFO - [2024-09-25T23:28:05.919+0100] {dag.py:4180} INFO - Setting next_dagrun for example_sla_dag to 2024-09-25 22:26:00+00:00, run_after=2024-09-25 22:28:00+00:00
[2024-09-25T23:28:05.980+0100] {processor.py:208} INFO - Processing /Users/rtewelde/airflow_venv/lib/python3.11/site-packages/airflow/example_dags/example_sla_dag.py took 0.994 seconds
[2024-09-25T23:36:43.963+0100] {processor.py:186} INFO - Started process (PID=20075) to work on /Users/rtewelde/airflow_venv/lib/python3.11/site-packages/airflow/example_dags/example_sla_dag.py
[2024-09-25T23:36:43.966+0100] {processor.py:914} INFO - Processing file /Users/rtewelde/airflow_venv/lib/python3.11/site-packages/airflow/example_dags/example_sla_dag.py for tasks to queue
[2024-09-25T23:36:43.970+0100] {logging_mixin.py:190} INFO - [2024-09-25T23:36:43.969+0100] {dagbag.py:588} INFO - Filling up the DagBag from /Users/rtewelde/airflow_venv/lib/python3.11/site-packages/airflow/example_dags/example_sla_dag.py
[2024-09-25T23:36:44.120+0100] {processor.py:925} INFO - DAG(s) 'example_sla_dag' retrieved from /Users/rtewelde/airflow_venv/lib/python3.11/site-packages/airflow/example_dags/example_sla_dag.py
[2024-09-25T23:36:44.748+0100] {logging_mixin.py:190} INFO - [2024-09-25T23:36:44.747+0100] {dag.py:3239} INFO - Sync 1 DAGs
[2024-09-25T23:36:44.835+0100] {logging_mixin.py:190} INFO - [2024-09-25T23:36:44.835+0100] {dag.py:4180} INFO - Setting next_dagrun for example_sla_dag to 2024-09-25 22:34:00+00:00, run_after=2024-09-25 22:36:00+00:00
[2024-09-25T23:36:44.903+0100] {processor.py:208} INFO - Processing /Users/rtewelde/airflow_venv/lib/python3.11/site-packages/airflow/example_dags/example_sla_dag.py took 0.952 seconds
[2024-09-26T00:14:58.074+0100] {processor.py:186} INFO - Started process (PID=23820) to work on /Users/rtewelde/airflow_venv/lib/python3.11/site-packages/airflow/example_dags/example_sla_dag.py
[2024-09-26T00:14:58.079+0100] {processor.py:914} INFO - Processing file /Users/rtewelde/airflow_venv/lib/python3.11/site-packages/airflow/example_dags/example_sla_dag.py for tasks to queue
[2024-09-26T00:14:58.084+0100] {logging_mixin.py:190} INFO - [2024-09-26T00:14:58.083+0100] {dagbag.py:588} INFO - Filling up the DagBag from /Users/rtewelde/airflow_venv/lib/python3.11/site-packages/airflow/example_dags/example_sla_dag.py
[2024-09-26T00:14:58.301+0100] {processor.py:925} INFO - DAG(s) 'example_sla_dag' retrieved from /Users/rtewelde/airflow_venv/lib/python3.11/site-packages/airflow/example_dags/example_sla_dag.py
[2024-09-26T00:14:59.261+0100] {logging_mixin.py:190} INFO - [2024-09-26T00:14:59.259+0100] {dag.py:3239} INFO - Sync 1 DAGs
[2024-09-26T00:14:59.400+0100] {logging_mixin.py:190} INFO - [2024-09-26T00:14:59.399+0100] {dag.py:4180} INFO - Setting next_dagrun for example_sla_dag to 2024-09-25 23:12:00+00:00, run_after=2024-09-25 23:14:00+00:00
[2024-09-26T00:14:59.508+0100] {processor.py:208} INFO - Processing /Users/rtewelde/airflow_venv/lib/python3.11/site-packages/airflow/example_dags/example_sla_dag.py took 1.449 seconds
[2024-09-26T00:23:28.454+0100] {processor.py:186} INFO - Started process (PID=26011) to work on /Users/rtewelde/airflow_venv/lib/python3.11/site-packages/airflow/example_dags/example_sla_dag.py
[2024-09-26T00:23:28.457+0100] {processor.py:914} INFO - Processing file /Users/rtewelde/airflow_venv/lib/python3.11/site-packages/airflow/example_dags/example_sla_dag.py for tasks to queue
[2024-09-26T00:23:28.461+0100] {logging_mixin.py:190} INFO - [2024-09-26T00:23:28.460+0100] {dagbag.py:588} INFO - Filling up the DagBag from /Users/rtewelde/airflow_venv/lib/python3.11/site-packages/airflow/example_dags/example_sla_dag.py
[2024-09-26T00:23:28.594+0100] {processor.py:925} INFO - DAG(s) 'example_sla_dag' retrieved from /Users/rtewelde/airflow_venv/lib/python3.11/site-packages/airflow/example_dags/example_sla_dag.py
[2024-09-26T00:23:29.156+0100] {logging_mixin.py:190} INFO - [2024-09-26T00:23:29.155+0100] {dag.py:3239} INFO - Sync 1 DAGs
[2024-09-26T00:23:29.244+0100] {logging_mixin.py:190} INFO - [2024-09-26T00:23:29.243+0100] {dag.py:4180} INFO - Setting next_dagrun for example_sla_dag to 2024-09-25 23:20:00+00:00, run_after=2024-09-25 23:22:00+00:00
[2024-09-26T00:23:29.315+0100] {processor.py:208} INFO - Processing /Users/rtewelde/airflow_venv/lib/python3.11/site-packages/airflow/example_dags/example_sla_dag.py took 0.872 seconds
