[2024-09-25T12:48:28.311+0100] {processor.py:186} INFO - Started process (PID=12623) to work on /Users/rtewelde/airflow_venv/lib/python3.11/site-packages/airflow/example_dags/example_task_group.py
[2024-09-25T12:48:28.312+0100] {processor.py:914} INFO - Processing file /Users/rtewelde/airflow_venv/lib/python3.11/site-packages/airflow/example_dags/example_task_group.py for tasks to queue
[2024-09-25T12:48:28.313+0100] {logging_mixin.py:190} INFO - [2024-09-25T12:48:28.313+0100] {dagbag.py:588} INFO - Filling up the DagBag from /Users/rtewelde/airflow_venv/lib/python3.11/site-packages/airflow/example_dags/example_task_group.py
[2024-09-25T12:48:28.323+0100] {processor.py:925} INFO - DAG(s) 'example_task_group' retrieved from /Users/rtewelde/airflow_venv/lib/python3.11/site-packages/airflow/example_dags/example_task_group.py
[2024-09-25T12:48:28.483+0100] {logging_mixin.py:190} INFO - [2024-09-25T12:48:28.482+0100] {dag.py:3239} INFO - Sync 1 DAGs
[2024-09-25T12:48:28.496+0100] {logging_mixin.py:190} INFO - [2024-09-25T12:48:28.496+0100] {dag.py:4180} INFO - Setting next_dagrun for example_task_group to None, run_after=None
[2024-09-25T12:48:28.514+0100] {processor.py:208} INFO - Processing /Users/rtewelde/airflow_venv/lib/python3.11/site-packages/airflow/example_dags/example_task_group.py took 0.205 seconds
[2024-09-25T12:52:15.679+0100] {processor.py:186} INFO - Started process (PID=14023) to work on /Users/rtewelde/airflow_venv/lib/python3.11/site-packages/airflow/example_dags/example_task_group.py
[2024-09-25T12:52:15.680+0100] {processor.py:914} INFO - Processing file /Users/rtewelde/airflow_venv/lib/python3.11/site-packages/airflow/example_dags/example_task_group.py for tasks to queue
[2024-09-25T12:52:15.682+0100] {logging_mixin.py:190} INFO - [2024-09-25T12:52:15.682+0100] {dagbag.py:588} INFO - Filling up the DagBag from /Users/rtewelde/airflow_venv/lib/python3.11/site-packages/airflow/example_dags/example_task_group.py
[2024-09-25T12:52:15.693+0100] {processor.py:925} INFO - DAG(s) 'example_task_group' retrieved from /Users/rtewelde/airflow_venv/lib/python3.11/site-packages/airflow/example_dags/example_task_group.py
[2024-09-25T12:52:15.861+0100] {logging_mixin.py:190} INFO - [2024-09-25T12:52:15.861+0100] {dag.py:3239} INFO - Sync 1 DAGs
[2024-09-25T12:52:15.872+0100] {logging_mixin.py:190} INFO - [2024-09-25T12:52:15.871+0100] {dag.py:4180} INFO - Setting next_dagrun for example_task_group to None, run_after=None
[2024-09-25T12:52:15.890+0100] {processor.py:208} INFO - Processing /Users/rtewelde/airflow_venv/lib/python3.11/site-packages/airflow/example_dags/example_task_group.py took 0.214 seconds
[2024-09-25T23:18:11.836+0100] {processor.py:186} INFO - Started process (PID=15271) to work on /Users/rtewelde/airflow_venv/lib/python3.11/site-packages/airflow/example_dags/example_task_group.py
[2024-09-25T23:18:11.838+0100] {processor.py:914} INFO - Processing file /Users/rtewelde/airflow_venv/lib/python3.11/site-packages/airflow/example_dags/example_task_group.py for tasks to queue
[2024-09-25T23:18:11.839+0100] {logging_mixin.py:190} INFO - [2024-09-25T23:18:11.839+0100] {dagbag.py:588} INFO - Filling up the DagBag from /Users/rtewelde/airflow_venv/lib/python3.11/site-packages/airflow/example_dags/example_task_group.py
[2024-09-25T23:18:11.850+0100] {processor.py:925} INFO - DAG(s) 'example_task_group' retrieved from /Users/rtewelde/airflow_venv/lib/python3.11/site-packages/airflow/example_dags/example_task_group.py
[2024-09-25T23:18:12.023+0100] {logging_mixin.py:190} INFO - [2024-09-25T23:18:12.023+0100] {dag.py:3239} INFO - Sync 1 DAGs
[2024-09-25T23:18:12.037+0100] {logging_mixin.py:190} INFO - [2024-09-25T23:18:12.037+0100] {dag.py:4180} INFO - Setting next_dagrun for example_task_group to None, run_after=None
[2024-09-25T23:18:12.056+0100] {processor.py:208} INFO - Processing /Users/rtewelde/airflow_venv/lib/python3.11/site-packages/airflow/example_dags/example_task_group.py took 0.222 seconds
[2024-09-25T23:27:42.304+0100] {processor.py:186} INFO - Started process (PID=17744) to work on /Users/rtewelde/airflow_venv/lib/python3.11/site-packages/airflow/example_dags/example_task_group.py
[2024-09-25T23:27:42.308+0100] {processor.py:914} INFO - Processing file /Users/rtewelde/airflow_venv/lib/python3.11/site-packages/airflow/example_dags/example_task_group.py for tasks to queue
[2024-09-25T23:27:42.313+0100] {logging_mixin.py:190} INFO - [2024-09-25T23:27:42.312+0100] {dagbag.py:588} INFO - Filling up the DagBag from /Users/rtewelde/airflow_venv/lib/python3.11/site-packages/airflow/example_dags/example_task_group.py
[2024-09-25T23:27:42.352+0100] {processor.py:925} INFO - DAG(s) 'example_task_group' retrieved from /Users/rtewelde/airflow_venv/lib/python3.11/site-packages/airflow/example_dags/example_task_group.py
[2024-09-25T23:27:42.953+0100] {logging_mixin.py:190} INFO - [2024-09-25T23:27:42.951+0100] {dag.py:3239} INFO - Sync 1 DAGs
[2024-09-25T23:27:42.996+0100] {logging_mixin.py:190} INFO - [2024-09-25T23:27:42.996+0100] {dag.py:4180} INFO - Setting next_dagrun for example_task_group to None, run_after=None
[2024-09-25T23:27:43.088+0100] {processor.py:208} INFO - Processing /Users/rtewelde/airflow_venv/lib/python3.11/site-packages/airflow/example_dags/example_task_group.py took 0.794 seconds
[2024-09-25T23:36:24.668+0100] {processor.py:186} INFO - Started process (PID=20004) to work on /Users/rtewelde/airflow_venv/lib/python3.11/site-packages/airflow/example_dags/example_task_group.py
[2024-09-25T23:36:24.672+0100] {processor.py:914} INFO - Processing file /Users/rtewelde/airflow_venv/lib/python3.11/site-packages/airflow/example_dags/example_task_group.py for tasks to queue
[2024-09-25T23:36:24.675+0100] {logging_mixin.py:190} INFO - [2024-09-25T23:36:24.674+0100] {dagbag.py:588} INFO - Filling up the DagBag from /Users/rtewelde/airflow_venv/lib/python3.11/site-packages/airflow/example_dags/example_task_group.py
[2024-09-25T23:36:24.708+0100] {processor.py:925} INFO - DAG(s) 'example_task_group' retrieved from /Users/rtewelde/airflow_venv/lib/python3.11/site-packages/airflow/example_dags/example_task_group.py
[2024-09-25T23:36:25.300+0100] {logging_mixin.py:190} INFO - [2024-09-25T23:36:25.298+0100] {dag.py:3239} INFO - Sync 1 DAGs
[2024-09-25T23:36:25.342+0100] {logging_mixin.py:190} INFO - [2024-09-25T23:36:25.341+0100] {dag.py:4180} INFO - Setting next_dagrun for example_task_group to None, run_after=None
[2024-09-25T23:36:25.418+0100] {processor.py:208} INFO - Processing /Users/rtewelde/airflow_venv/lib/python3.11/site-packages/airflow/example_dags/example_task_group.py took 0.765 seconds
[2024-09-26T00:14:35.739+0100] {processor.py:186} INFO - Started process (PID=23198) to work on /Users/rtewelde/airflow_venv/lib/python3.11/site-packages/airflow/example_dags/example_task_group.py
[2024-09-26T00:14:35.743+0100] {processor.py:914} INFO - Processing file /Users/rtewelde/airflow_venv/lib/python3.11/site-packages/airflow/example_dags/example_task_group.py for tasks to queue
[2024-09-26T00:14:35.748+0100] {logging_mixin.py:190} INFO - [2024-09-26T00:14:35.747+0100] {dagbag.py:588} INFO - Filling up the DagBag from /Users/rtewelde/airflow_venv/lib/python3.11/site-packages/airflow/example_dags/example_task_group.py
[2024-09-26T00:14:35.793+0100] {processor.py:925} INFO - DAG(s) 'example_task_group' retrieved from /Users/rtewelde/airflow_venv/lib/python3.11/site-packages/airflow/example_dags/example_task_group.py
[2024-09-26T00:14:36.494+0100] {logging_mixin.py:190} INFO - [2024-09-26T00:14:36.494+0100] {dag.py:3239} INFO - Sync 1 DAGs
[2024-09-26T00:14:36.541+0100] {logging_mixin.py:190} INFO - [2024-09-26T00:14:36.540+0100] {dag.py:4180} INFO - Setting next_dagrun for example_task_group to None, run_after=None
[2024-09-26T00:14:36.621+0100] {processor.py:208} INFO - Processing /Users/rtewelde/airflow_venv/lib/python3.11/site-packages/airflow/example_dags/example_task_group.py took 0.895 seconds
[2024-09-26T00:23:10.550+0100] {processor.py:186} INFO - Started process (PID=25933) to work on /Users/rtewelde/airflow_venv/lib/python3.11/site-packages/airflow/example_dags/example_task_group.py
[2024-09-26T00:23:10.553+0100] {processor.py:914} INFO - Processing file /Users/rtewelde/airflow_venv/lib/python3.11/site-packages/airflow/example_dags/example_task_group.py for tasks to queue
[2024-09-26T00:23:10.557+0100] {logging_mixin.py:190} INFO - [2024-09-26T00:23:10.556+0100] {dagbag.py:588} INFO - Filling up the DagBag from /Users/rtewelde/airflow_venv/lib/python3.11/site-packages/airflow/example_dags/example_task_group.py
[2024-09-26T00:23:10.598+0100] {processor.py:925} INFO - DAG(s) 'example_task_group' retrieved from /Users/rtewelde/airflow_venv/lib/python3.11/site-packages/airflow/example_dags/example_task_group.py
[2024-09-26T00:23:11.187+0100] {logging_mixin.py:190} INFO - [2024-09-26T00:23:11.186+0100] {dag.py:3239} INFO - Sync 1 DAGs
[2024-09-26T00:23:11.231+0100] {logging_mixin.py:190} INFO - [2024-09-26T00:23:11.230+0100] {dag.py:4180} INFO - Setting next_dagrun for example_task_group to None, run_after=None
[2024-09-26T00:23:11.296+0100] {processor.py:208} INFO - Processing /Users/rtewelde/airflow_venv/lib/python3.11/site-packages/airflow/example_dags/example_task_group.py took 0.755 seconds
