[2024-09-25T12:49:10.745+0100] {processor.py:186} INFO - Started process (PID=12826) to work on /Users/rtewelde/airflow_venv/lib/python3.11/site-packages/airflow/example_dags/example_params_trigger_ui.py
[2024-09-25T12:49:10.746+0100] {processor.py:914} INFO - Processing file /Users/rtewelde/airflow_venv/lib/python3.11/site-packages/airflow/example_dags/example_params_trigger_ui.py for tasks to queue
[2024-09-25T12:49:10.747+0100] {logging_mixin.py:190} INFO - [2024-09-25T12:49:10.746+0100] {dagbag.py:588} INFO - Filling up the DagBag from /Users/rtewelde/airflow_venv/lib/python3.11/site-packages/airflow/example_dags/example_params_trigger_ui.py
[2024-09-25T12:49:10.786+0100] {processor.py:925} INFO - DAG(s) 'example_params_trigger_ui' retrieved from /Users/rtewelde/airflow_venv/lib/python3.11/site-packages/airflow/example_dags/example_params_trigger_ui.py
[2024-09-25T12:49:10.983+0100] {logging_mixin.py:190} INFO - [2024-09-25T12:49:10.982+0100] {dag.py:3239} INFO - Sync 1 DAGs
[2024-09-25T12:49:10.995+0100] {logging_mixin.py:190} INFO - [2024-09-25T12:49:10.995+0100] {dag.py:4180} INFO - Setting next_dagrun for example_params_trigger_ui to None, run_after=None
[2024-09-25T12:49:11.013+0100] {processor.py:208} INFO - Processing /Users/rtewelde/airflow_venv/lib/python3.11/site-packages/airflow/example_dags/example_params_trigger_ui.py took 0.271 seconds
[2024-09-25T12:52:58.242+0100] {processor.py:186} INFO - Started process (PID=14243) to work on /Users/rtewelde/airflow_venv/lib/python3.11/site-packages/airflow/example_dags/example_params_trigger_ui.py
[2024-09-25T12:52:58.244+0100] {processor.py:914} INFO - Processing file /Users/rtewelde/airflow_venv/lib/python3.11/site-packages/airflow/example_dags/example_params_trigger_ui.py for tasks to queue
[2024-09-25T12:52:58.245+0100] {logging_mixin.py:190} INFO - [2024-09-25T12:52:58.244+0100] {dagbag.py:588} INFO - Filling up the DagBag from /Users/rtewelde/airflow_venv/lib/python3.11/site-packages/airflow/example_dags/example_params_trigger_ui.py
[2024-09-25T12:52:58.285+0100] {processor.py:925} INFO - DAG(s) 'example_params_trigger_ui' retrieved from /Users/rtewelde/airflow_venv/lib/python3.11/site-packages/airflow/example_dags/example_params_trigger_ui.py
[2024-09-25T12:52:58.475+0100] {logging_mixin.py:190} INFO - [2024-09-25T12:52:58.475+0100] {dag.py:3239} INFO - Sync 1 DAGs
[2024-09-25T12:52:58.487+0100] {logging_mixin.py:190} INFO - [2024-09-25T12:52:58.487+0100] {dag.py:4180} INFO - Setting next_dagrun for example_params_trigger_ui to None, run_after=None
[2024-09-25T12:52:58.506+0100] {processor.py:208} INFO - Processing /Users/rtewelde/airflow_venv/lib/python3.11/site-packages/airflow/example_dags/example_params_trigger_ui.py took 0.267 seconds
[2024-09-25T23:20:46.584+0100] {processor.py:186} INFO - Started process (PID=15919) to work on /Users/rtewelde/airflow_venv/lib/python3.11/site-packages/airflow/example_dags/example_params_trigger_ui.py
[2024-09-25T23:20:46.588+0100] {processor.py:914} INFO - Processing file /Users/rtewelde/airflow_venv/lib/python3.11/site-packages/airflow/example_dags/example_params_trigger_ui.py for tasks to queue
[2024-09-25T23:20:46.592+0100] {logging_mixin.py:190} INFO - [2024-09-25T23:20:46.591+0100] {dagbag.py:588} INFO - Filling up the DagBag from /Users/rtewelde/airflow_venv/lib/python3.11/site-packages/airflow/example_dags/example_params_trigger_ui.py
[2024-09-25T23:20:46.761+0100] {processor.py:925} INFO - DAG(s) 'example_params_trigger_ui' retrieved from /Users/rtewelde/airflow_venv/lib/python3.11/site-packages/airflow/example_dags/example_params_trigger_ui.py
[2024-09-25T23:20:47.491+0100] {logging_mixin.py:190} INFO - [2024-09-25T23:20:47.490+0100] {dag.py:3239} INFO - Sync 1 DAGs
[2024-09-25T23:20:47.533+0100] {logging_mixin.py:190} INFO - [2024-09-25T23:20:47.532+0100] {dag.py:4180} INFO - Setting next_dagrun for example_params_trigger_ui to None, run_after=None
[2024-09-25T23:20:47.605+0100] {processor.py:208} INFO - Processing /Users/rtewelde/airflow_venv/lib/python3.11/site-packages/airflow/example_dags/example_params_trigger_ui.py took 1.035 seconds
[2024-09-25T23:30:10.974+0100] {processor.py:186} INFO - Started process (PID=18400) to work on /Users/rtewelde/airflow_venv/lib/python3.11/site-packages/airflow/example_dags/example_params_trigger_ui.py
[2024-09-25T23:30:10.978+0100] {processor.py:914} INFO - Processing file /Users/rtewelde/airflow_venv/lib/python3.11/site-packages/airflow/example_dags/example_params_trigger_ui.py for tasks to queue
[2024-09-25T23:30:10.982+0100] {logging_mixin.py:190} INFO - [2024-09-25T23:30:10.981+0100] {dagbag.py:588} INFO - Filling up the DagBag from /Users/rtewelde/airflow_venv/lib/python3.11/site-packages/airflow/example_dags/example_params_trigger_ui.py
[2024-09-25T23:30:11.135+0100] {processor.py:925} INFO - DAG(s) 'example_params_trigger_ui' retrieved from /Users/rtewelde/airflow_venv/lib/python3.11/site-packages/airflow/example_dags/example_params_trigger_ui.py
[2024-09-25T23:30:11.837+0100] {logging_mixin.py:190} INFO - [2024-09-25T23:30:11.834+0100] {dag.py:3239} INFO - Sync 1 DAGs
[2024-09-25T23:30:11.897+0100] {logging_mixin.py:190} INFO - [2024-09-25T23:30:11.896+0100] {dag.py:4180} INFO - Setting next_dagrun for example_params_trigger_ui to None, run_after=None
[2024-09-25T23:30:11.976+0100] {processor.py:208} INFO - Processing /Users/rtewelde/airflow_venv/lib/python3.11/site-packages/airflow/example_dags/example_params_trigger_ui.py took 1.011 seconds
[2024-09-25T23:38:33.550+0100] {processor.py:186} INFO - Started process (PID=20549) to work on /Users/rtewelde/airflow_venv/lib/python3.11/site-packages/airflow/example_dags/example_params_trigger_ui.py
[2024-09-25T23:38:33.554+0100] {processor.py:914} INFO - Processing file /Users/rtewelde/airflow_venv/lib/python3.11/site-packages/airflow/example_dags/example_params_trigger_ui.py for tasks to queue
[2024-09-25T23:38:33.559+0100] {logging_mixin.py:190} INFO - [2024-09-25T23:38:33.558+0100] {dagbag.py:588} INFO - Filling up the DagBag from /Users/rtewelde/airflow_venv/lib/python3.11/site-packages/airflow/example_dags/example_params_trigger_ui.py
[2024-09-25T23:38:33.703+0100] {processor.py:925} INFO - DAG(s) 'example_params_trigger_ui' retrieved from /Users/rtewelde/airflow_venv/lib/python3.11/site-packages/airflow/example_dags/example_params_trigger_ui.py
[2024-09-25T23:38:34.377+0100] {logging_mixin.py:190} INFO - [2024-09-25T23:38:34.376+0100] {dag.py:3239} INFO - Sync 1 DAGs
[2024-09-25T23:38:34.426+0100] {logging_mixin.py:190} INFO - [2024-09-25T23:38:34.425+0100] {dag.py:4180} INFO - Setting next_dagrun for example_params_trigger_ui to None, run_after=None
[2024-09-25T23:38:34.489+0100] {processor.py:208} INFO - Processing /Users/rtewelde/airflow_venv/lib/python3.11/site-packages/airflow/example_dags/example_params_trigger_ui.py took 0.948 seconds
[2024-09-26T00:16:58.091+0100] {processor.py:186} INFO - Started process (PID=24348) to work on /Users/rtewelde/airflow_venv/lib/python3.11/site-packages/airflow/example_dags/example_params_trigger_ui.py
[2024-09-26T00:16:58.095+0100] {processor.py:914} INFO - Processing file /Users/rtewelde/airflow_venv/lib/python3.11/site-packages/airflow/example_dags/example_params_trigger_ui.py for tasks to queue
[2024-09-26T00:16:58.098+0100] {logging_mixin.py:190} INFO - [2024-09-26T00:16:58.097+0100] {dagbag.py:588} INFO - Filling up the DagBag from /Users/rtewelde/airflow_venv/lib/python3.11/site-packages/airflow/example_dags/example_params_trigger_ui.py
[2024-09-26T00:16:58.241+0100] {processor.py:925} INFO - DAG(s) 'example_params_trigger_ui' retrieved from /Users/rtewelde/airflow_venv/lib/python3.11/site-packages/airflow/example_dags/example_params_trigger_ui.py
[2024-09-26T00:16:58.901+0100] {logging_mixin.py:190} INFO - [2024-09-26T00:16:58.900+0100] {dag.py:3239} INFO - Sync 1 DAGs
[2024-09-26T00:16:58.952+0100] {logging_mixin.py:190} INFO - [2024-09-26T00:16:58.951+0100] {dag.py:4180} INFO - Setting next_dagrun for example_params_trigger_ui to None, run_after=None
[2024-09-26T00:16:59.021+0100] {processor.py:208} INFO - Processing /Users/rtewelde/airflow_venv/lib/python3.11/site-packages/airflow/example_dags/example_params_trigger_ui.py took 0.940 seconds
[2024-09-26T00:55:02.599+0100] {processor.py:186} INFO - Started process (PID=26446) to work on /Users/rtewelde/airflow_venv/lib/python3.11/site-packages/airflow/example_dags/example_params_trigger_ui.py
[2024-09-26T00:55:02.602+0100] {processor.py:914} INFO - Processing file /Users/rtewelde/airflow_venv/lib/python3.11/site-packages/airflow/example_dags/example_params_trigger_ui.py for tasks to queue
[2024-09-26T00:55:02.606+0100] {logging_mixin.py:190} INFO - [2024-09-26T00:55:02.605+0100] {dagbag.py:588} INFO - Filling up the DagBag from /Users/rtewelde/airflow_venv/lib/python3.11/site-packages/airflow/example_dags/example_params_trigger_ui.py
[2024-09-26T00:55:02.753+0100] {processor.py:925} INFO - DAG(s) 'example_params_trigger_ui' retrieved from /Users/rtewelde/airflow_venv/lib/python3.11/site-packages/airflow/example_dags/example_params_trigger_ui.py
[2024-09-26T00:55:03.426+0100] {logging_mixin.py:190} INFO - [2024-09-26T00:55:03.425+0100] {dag.py:3239} INFO - Sync 1 DAGs
[2024-09-26T00:55:03.478+0100] {logging_mixin.py:190} INFO - [2024-09-26T00:55:03.476+0100] {dag.py:4180} INFO - Setting next_dagrun for example_params_trigger_ui to None, run_after=None
[2024-09-26T00:55:03.545+0100] {processor.py:208} INFO - Processing /Users/rtewelde/airflow_venv/lib/python3.11/site-packages/airflow/example_dags/example_params_trigger_ui.py took 0.957 seconds
