[2024-09-25T12:50:23.442+0100] {processor.py:186} INFO - Started process (PID=13194) to work on /Users/rtewelde/airflow_venv/lib/python3.11/site-packages/airflow/example_dags/example_bash_decorator.py
[2024-09-25T12:50:23.443+0100] {processor.py:914} INFO - Processing file /Users/rtewelde/airflow_venv/lib/python3.11/site-packages/airflow/example_dags/example_bash_decorator.py for tasks to queue
[2024-09-25T12:50:23.444+0100] {logging_mixin.py:190} INFO - [2024-09-25T12:50:23.444+0100] {dagbag.py:588} INFO - Filling up the DagBag from /Users/rtewelde/airflow_venv/lib/python3.11/site-packages/airflow/example_dags/example_bash_decorator.py
[2024-09-25T12:50:23.488+0100] {processor.py:925} INFO - DAG(s) 'example_bash_decorator' retrieved from /Users/rtewelde/airflow_venv/lib/python3.11/site-packages/airflow/example_dags/example_bash_decorator.py
[2024-09-25T12:50:23.741+0100] {logging_mixin.py:190} INFO - [2024-09-25T12:50:23.740+0100] {dag.py:3239} INFO - Sync 1 DAGs
[2024-09-25T12:50:23.752+0100] {logging_mixin.py:190} INFO - [2024-09-25T12:50:23.752+0100] {dag.py:4180} INFO - Setting next_dagrun for example_bash_decorator to None, run_after=None
[2024-09-25T12:50:23.772+0100] {processor.py:208} INFO - Processing /Users/rtewelde/airflow_venv/lib/python3.11/site-packages/airflow/example_dags/example_bash_decorator.py took 0.332 seconds
[2024-09-25T17:00:36.878+0100] {processor.py:186} INFO - Started process (PID=14743) to work on /Users/rtewelde/airflow_venv/lib/python3.11/site-packages/airflow/example_dags/example_bash_decorator.py
[2024-09-25T17:00:36.879+0100] {processor.py:914} INFO - Processing file /Users/rtewelde/airflow_venv/lib/python3.11/site-packages/airflow/example_dags/example_bash_decorator.py for tasks to queue
[2024-09-25T17:00:36.880+0100] {logging_mixin.py:190} INFO - [2024-09-25T17:00:36.880+0100] {dagbag.py:588} INFO - Filling up the DagBag from /Users/rtewelde/airflow_venv/lib/python3.11/site-packages/airflow/example_dags/example_bash_decorator.py
[2024-09-25T17:00:36.926+0100] {processor.py:925} INFO - DAG(s) 'example_bash_decorator' retrieved from /Users/rtewelde/airflow_venv/lib/python3.11/site-packages/airflow/example_dags/example_bash_decorator.py
[2024-09-25T17:00:37.225+0100] {logging_mixin.py:190} INFO - [2024-09-25T17:00:37.224+0100] {dag.py:3239} INFO - Sync 1 DAGs
[2024-09-25T17:00:37.234+0100] {logging_mixin.py:190} INFO - [2024-09-25T17:00:37.234+0100] {dag.py:4180} INFO - Setting next_dagrun for example_bash_decorator to None, run_after=None
[2024-09-25T17:00:37.253+0100] {processor.py:208} INFO - Processing /Users/rtewelde/airflow_venv/lib/python3.11/site-packages/airflow/example_dags/example_bash_decorator.py took 0.377 seconds
[2024-09-25T23:33:14.077+0100] {processor.py:186} INFO - Started process (PID=19185) to work on /Users/rtewelde/airflow_venv/lib/python3.11/site-packages/airflow/example_dags/example_bash_decorator.py
[2024-09-25T23:33:14.081+0100] {processor.py:914} INFO - Processing file /Users/rtewelde/airflow_venv/lib/python3.11/site-packages/airflow/example_dags/example_bash_decorator.py for tasks to queue
[2024-09-25T23:33:14.084+0100] {logging_mixin.py:190} INFO - [2024-09-25T23:33:14.083+0100] {dagbag.py:588} INFO - Filling up the DagBag from /Users/rtewelde/airflow_venv/lib/python3.11/site-packages/airflow/example_dags/example_bash_decorator.py
[2024-09-25T23:33:14.251+0100] {processor.py:925} INFO - DAG(s) 'example_bash_decorator' retrieved from /Users/rtewelde/airflow_venv/lib/python3.11/site-packages/airflow/example_dags/example_bash_decorator.py
[2024-09-25T23:33:15.176+0100] {logging_mixin.py:190} INFO - [2024-09-25T23:33:15.175+0100] {dag.py:3239} INFO - Sync 1 DAGs
[2024-09-25T23:33:15.217+0100] {logging_mixin.py:190} INFO - [2024-09-25T23:33:15.216+0100] {dag.py:4180} INFO - Setting next_dagrun for example_bash_decorator to None, run_after=None
[2024-09-25T23:33:15.284+0100] {processor.py:208} INFO - Processing /Users/rtewelde/airflow_venv/lib/python3.11/site-packages/airflow/example_dags/example_bash_decorator.py took 1.217 seconds
[2024-09-26T00:20:00.688+0100] {processor.py:186} INFO - Started process (PID=25122) to work on /Users/rtewelde/airflow_venv/lib/python3.11/site-packages/airflow/example_dags/example_bash_decorator.py
[2024-09-26T00:20:00.692+0100] {processor.py:914} INFO - Processing file /Users/rtewelde/airflow_venv/lib/python3.11/site-packages/airflow/example_dags/example_bash_decorator.py for tasks to queue
[2024-09-26T00:20:00.695+0100] {logging_mixin.py:190} INFO - [2024-09-26T00:20:00.695+0100] {dagbag.py:588} INFO - Filling up the DagBag from /Users/rtewelde/airflow_venv/lib/python3.11/site-packages/airflow/example_dags/example_bash_decorator.py
[2024-09-26T00:20:00.855+0100] {processor.py:925} INFO - DAG(s) 'example_bash_decorator' retrieved from /Users/rtewelde/airflow_venv/lib/python3.11/site-packages/airflow/example_dags/example_bash_decorator.py
[2024-09-26T00:20:01.787+0100] {logging_mixin.py:190} INFO - [2024-09-26T00:20:01.786+0100] {dag.py:3239} INFO - Sync 1 DAGs
[2024-09-26T00:20:01.828+0100] {logging_mixin.py:190} INFO - [2024-09-26T00:20:01.828+0100] {dag.py:4180} INFO - Setting next_dagrun for example_bash_decorator to None, run_after=None
[2024-09-26T00:20:01.899+0100] {processor.py:208} INFO - Processing /Users/rtewelde/airflow_venv/lib/python3.11/site-packages/airflow/example_dags/example_bash_decorator.py took 1.221 seconds
