[2024-09-25T12:49:25.949+0100] {processor.py:186} INFO - Started process (PID=12905) to work on /Users/rtewelde/airflow_venv/lib/python3.11/site-packages/airflow/example_dags/example_latest_only.py
[2024-09-25T12:49:25.949+0100] {processor.py:914} INFO - Processing file /Users/rtewelde/airflow_venv/lib/python3.11/site-packages/airflow/example_dags/example_latest_only.py for tasks to queue
[2024-09-25T12:49:25.950+0100] {logging_mixin.py:190} INFO - [2024-09-25T12:49:25.950+0100] {dagbag.py:588} INFO - Filling up the DagBag from /Users/rtewelde/airflow_venv/lib/python3.11/site-packages/airflow/example_dags/example_latest_only.py
[2024-09-25T12:49:25.960+0100] {processor.py:925} INFO - DAG(s) 'latest_only' retrieved from /Users/rtewelde/airflow_venv/lib/python3.11/site-packages/airflow/example_dags/example_latest_only.py
[2024-09-25T12:49:26.115+0100] {logging_mixin.py:190} INFO - [2024-09-25T12:49:26.115+0100] {dag.py:3239} INFO - Sync 1 DAGs
[2024-09-25T12:49:26.132+0100] {logging_mixin.py:190} INFO - [2024-09-25T12:49:26.132+0100] {dag.py:4180} INFO - Setting next_dagrun for latest_only to 2024-09-25 04:00:00+00:00, run_after=2024-09-25 08:00:00+00:00
[2024-09-25T12:49:26.151+0100] {processor.py:208} INFO - Processing /Users/rtewelde/airflow_venv/lib/python3.11/site-packages/airflow/example_dags/example_latest_only.py took 0.205 seconds
[2024-09-25T12:53:13.135+0100] {processor.py:186} INFO - Started process (PID=14309) to work on /Users/rtewelde/airflow_venv/lib/python3.11/site-packages/airflow/example_dags/example_latest_only.py
[2024-09-25T12:53:13.137+0100] {processor.py:914} INFO - Processing file /Users/rtewelde/airflow_venv/lib/python3.11/site-packages/airflow/example_dags/example_latest_only.py for tasks to queue
[2024-09-25T12:53:13.138+0100] {logging_mixin.py:190} INFO - [2024-09-25T12:53:13.138+0100] {dagbag.py:588} INFO - Filling up the DagBag from /Users/rtewelde/airflow_venv/lib/python3.11/site-packages/airflow/example_dags/example_latest_only.py
[2024-09-25T12:53:13.146+0100] {processor.py:925} INFO - DAG(s) 'latest_only' retrieved from /Users/rtewelde/airflow_venv/lib/python3.11/site-packages/airflow/example_dags/example_latest_only.py
[2024-09-25T12:53:13.300+0100] {logging_mixin.py:190} INFO - [2024-09-25T12:53:13.300+0100] {dag.py:3239} INFO - Sync 1 DAGs
[2024-09-25T12:53:13.317+0100] {logging_mixin.py:190} INFO - [2024-09-25T12:53:13.317+0100] {dag.py:4180} INFO - Setting next_dagrun for latest_only to 2024-09-25 04:00:00+00:00, run_after=2024-09-25 08:00:00+00:00
[2024-09-25T12:53:13.336+0100] {processor.py:208} INFO - Processing /Users/rtewelde/airflow_venv/lib/python3.11/site-packages/airflow/example_dags/example_latest_only.py took 0.203 seconds
[2024-09-25T23:21:36.952+0100] {processor.py:186} INFO - Started process (PID=16140) to work on /Users/rtewelde/airflow_venv/lib/python3.11/site-packages/airflow/example_dags/example_latest_only.py
[2024-09-25T23:21:36.955+0100] {processor.py:914} INFO - Processing file /Users/rtewelde/airflow_venv/lib/python3.11/site-packages/airflow/example_dags/example_latest_only.py for tasks to queue
[2024-09-25T23:21:36.959+0100] {logging_mixin.py:190} INFO - [2024-09-25T23:21:36.958+0100] {dagbag.py:588} INFO - Filling up the DagBag from /Users/rtewelde/airflow_venv/lib/python3.11/site-packages/airflow/example_dags/example_latest_only.py
[2024-09-25T23:21:36.988+0100] {processor.py:925} INFO - DAG(s) 'latest_only' retrieved from /Users/rtewelde/airflow_venv/lib/python3.11/site-packages/airflow/example_dags/example_latest_only.py
[2024-09-25T23:21:37.624+0100] {logging_mixin.py:190} INFO - [2024-09-25T23:21:37.623+0100] {dag.py:3239} INFO - Sync 1 DAGs
[2024-09-25T23:21:37.693+0100] {logging_mixin.py:190} INFO - [2024-09-25T23:21:37.692+0100] {dag.py:4180} INFO - Setting next_dagrun for latest_only to 2024-09-25 16:00:00+00:00, run_after=2024-09-25 20:00:00+00:00
[2024-09-25T23:21:37.774+0100] {processor.py:208} INFO - Processing /Users/rtewelde/airflow_venv/lib/python3.11/site-packages/airflow/example_dags/example_latest_only.py took 0.837 seconds
[2024-09-25T23:30:56.821+0100] {processor.py:186} INFO - Started process (PID=18598) to work on /Users/rtewelde/airflow_venv/lib/python3.11/site-packages/airflow/example_dags/example_latest_only.py
[2024-09-25T23:30:56.825+0100] {processor.py:914} INFO - Processing file /Users/rtewelde/airflow_venv/lib/python3.11/site-packages/airflow/example_dags/example_latest_only.py for tasks to queue
[2024-09-25T23:30:56.828+0100] {logging_mixin.py:190} INFO - [2024-09-25T23:30:56.827+0100] {dagbag.py:588} INFO - Filling up the DagBag from /Users/rtewelde/airflow_venv/lib/python3.11/site-packages/airflow/example_dags/example_latest_only.py
[2024-09-25T23:30:56.857+0100] {processor.py:925} INFO - DAG(s) 'latest_only' retrieved from /Users/rtewelde/airflow_venv/lib/python3.11/site-packages/airflow/example_dags/example_latest_only.py
[2024-09-25T23:30:57.436+0100] {logging_mixin.py:190} INFO - [2024-09-25T23:30:57.433+0100] {dag.py:3239} INFO - Sync 1 DAGs
[2024-09-25T23:30:57.507+0100] {logging_mixin.py:190} INFO - [2024-09-25T23:30:57.506+0100] {dag.py:4180} INFO - Setting next_dagrun for latest_only to 2024-09-25 16:00:00+00:00, run_after=2024-09-25 20:00:00+00:00
[2024-09-25T23:30:57.576+0100] {processor.py:208} INFO - Processing /Users/rtewelde/airflow_venv/lib/python3.11/site-packages/airflow/example_dags/example_latest_only.py took 0.765 seconds
[2024-09-26T00:08:58.515+0100] {processor.py:186} INFO - Started process (PID=20687) to work on /Users/rtewelde/airflow_venv/lib/python3.11/site-packages/airflow/example_dags/example_latest_only.py
[2024-09-26T00:08:58.518+0100] {processor.py:914} INFO - Processing file /Users/rtewelde/airflow_venv/lib/python3.11/site-packages/airflow/example_dags/example_latest_only.py for tasks to queue
[2024-09-26T00:08:58.522+0100] {logging_mixin.py:190} INFO - [2024-09-26T00:08:58.521+0100] {dagbag.py:588} INFO - Filling up the DagBag from /Users/rtewelde/airflow_venv/lib/python3.11/site-packages/airflow/example_dags/example_latest_only.py
[2024-09-26T00:08:58.549+0100] {processor.py:925} INFO - DAG(s) 'latest_only' retrieved from /Users/rtewelde/airflow_venv/lib/python3.11/site-packages/airflow/example_dags/example_latest_only.py
[2024-09-26T00:08:59.109+0100] {logging_mixin.py:190} INFO - [2024-09-26T00:08:59.108+0100] {dag.py:3239} INFO - Sync 1 DAGs
[2024-09-26T00:08:59.177+0100] {logging_mixin.py:190} INFO - [2024-09-26T00:08:59.176+0100] {dag.py:4180} INFO - Setting next_dagrun for latest_only to 2024-09-25 16:00:00+00:00, run_after=2024-09-25 20:00:00+00:00
[2024-09-26T00:08:59.244+0100] {processor.py:208} INFO - Processing /Users/rtewelde/airflow_venv/lib/python3.11/site-packages/airflow/example_dags/example_latest_only.py took 0.744 seconds
[2024-09-26T00:17:44.548+0100] {processor.py:186} INFO - Started process (PID=24545) to work on /Users/rtewelde/airflow_venv/lib/python3.11/site-packages/airflow/example_dags/example_latest_only.py
[2024-09-26T00:17:44.552+0100] {processor.py:914} INFO - Processing file /Users/rtewelde/airflow_venv/lib/python3.11/site-packages/airflow/example_dags/example_latest_only.py for tasks to queue
[2024-09-26T00:17:44.555+0100] {logging_mixin.py:190} INFO - [2024-09-26T00:17:44.554+0100] {dagbag.py:588} INFO - Filling up the DagBag from /Users/rtewelde/airflow_venv/lib/python3.11/site-packages/airflow/example_dags/example_latest_only.py
[2024-09-26T00:17:44.584+0100] {processor.py:925} INFO - DAG(s) 'latest_only' retrieved from /Users/rtewelde/airflow_venv/lib/python3.11/site-packages/airflow/example_dags/example_latest_only.py
[2024-09-26T00:17:45.148+0100] {logging_mixin.py:190} INFO - [2024-09-26T00:17:45.147+0100] {dag.py:3239} INFO - Sync 1 DAGs
[2024-09-26T00:17:45.217+0100] {logging_mixin.py:190} INFO - [2024-09-26T00:17:45.217+0100] {dag.py:4180} INFO - Setting next_dagrun for latest_only to 2024-09-25 16:00:00+00:00, run_after=2024-09-25 20:00:00+00:00
[2024-09-26T00:17:45.285+0100] {processor.py:208} INFO - Processing /Users/rtewelde/airflow_venv/lib/python3.11/site-packages/airflow/example_dags/example_latest_only.py took 0.747 seconds
[2024-09-26T00:55:48.583+0100] {processor.py:186} INFO - Started process (PID=26642) to work on /Users/rtewelde/airflow_venv/lib/python3.11/site-packages/airflow/example_dags/example_latest_only.py
[2024-09-26T00:55:48.587+0100] {processor.py:914} INFO - Processing file /Users/rtewelde/airflow_venv/lib/python3.11/site-packages/airflow/example_dags/example_latest_only.py for tasks to queue
[2024-09-26T00:55:48.590+0100] {logging_mixin.py:190} INFO - [2024-09-26T00:55:48.589+0100] {dagbag.py:588} INFO - Filling up the DagBag from /Users/rtewelde/airflow_venv/lib/python3.11/site-packages/airflow/example_dags/example_latest_only.py
[2024-09-26T00:55:48.622+0100] {processor.py:925} INFO - DAG(s) 'latest_only' retrieved from /Users/rtewelde/airflow_venv/lib/python3.11/site-packages/airflow/example_dags/example_latest_only.py
[2024-09-26T00:55:49.275+0100] {logging_mixin.py:190} INFO - [2024-09-26T00:55:49.273+0100] {dag.py:3239} INFO - Sync 1 DAGs
[2024-09-26T00:55:49.353+0100] {logging_mixin.py:190} INFO - [2024-09-26T00:55:49.352+0100] {dag.py:4180} INFO - Setting next_dagrun for latest_only to 2024-09-25 16:00:00+00:00, run_after=2024-09-25 20:00:00+00:00
[2024-09-26T00:55:49.433+0100] {processor.py:208} INFO - Processing /Users/rtewelde/airflow_venv/lib/python3.11/site-packages/airflow/example_dags/example_latest_only.py took 0.859 seconds
