[2024-09-25T12:50:17.581+0100] {processor.py:186} INFO - Started process (PID=13174) to work on /Users/rtewelde/airflow_venv/lib/python3.11/site-packages/airflow/example_dags/example_branch_datetime_operator.py
[2024-09-25T12:50:17.581+0100] {processor.py:914} INFO - Processing file /Users/rtewelde/airflow_venv/lib/python3.11/site-packages/airflow/example_dags/example_branch_datetime_operator.py for tasks to queue
[2024-09-25T12:50:17.582+0100] {logging_mixin.py:190} INFO - [2024-09-25T12:50:17.582+0100] {dagbag.py:588} INFO - Filling up the DagBag from /Users/rtewelde/airflow_venv/lib/python3.11/site-packages/airflow/example_dags/example_branch_datetime_operator.py
[2024-09-25T12:50:17.596+0100] {processor.py:925} INFO - DAG(s) 'example_branch_datetime_operator_3', 'example_branch_datetime_operator_2', 'example_branch_datetime_operator' retrieved from /Users/rtewelde/airflow_venv/lib/python3.11/site-packages/airflow/example_dags/example_branch_datetime_operator.py
[2024-09-25T12:50:17.758+0100] {logging_mixin.py:190} INFO - [2024-09-25T12:50:17.757+0100] {dag.py:3239} INFO - Sync 3 DAGs
[2024-09-25T12:50:17.776+0100] {logging_mixin.py:190} INFO - [2024-09-25T12:50:17.776+0100] {dag.py:4180} INFO - Setting next_dagrun for example_branch_datetime_operator to 2024-09-24 00:00:00+00:00, run_after=2024-09-25 00:00:00+00:00
[2024-09-25T12:50:17.781+0100] {logging_mixin.py:190} INFO - [2024-09-25T12:50:17.780+0100] {dag.py:4180} INFO - Setting next_dagrun for example_branch_datetime_operator_2 to 2024-09-24 00:00:00+00:00, run_after=2024-09-25 00:00:00+00:00
[2024-09-25T12:50:17.783+0100] {logging_mixin.py:190} INFO - [2024-09-25T12:50:17.782+0100] {dag.py:4180} INFO - Setting next_dagrun for example_branch_datetime_operator_3 to 2024-09-24 00:00:00+00:00, run_after=2024-09-25 00:00:00+00:00
[2024-09-25T12:50:17.799+0100] {processor.py:208} INFO - Processing /Users/rtewelde/airflow_venv/lib/python3.11/site-packages/airflow/example_dags/example_branch_datetime_operator.py took 0.222 seconds
[2024-09-25T15:00:27.023+0100] {processor.py:186} INFO - Started process (PID=14662) to work on /Users/rtewelde/airflow_venv/lib/python3.11/site-packages/airflow/example_dags/example_branch_datetime_operator.py
[2024-09-25T15:00:27.027+0100] {processor.py:914} INFO - Processing file /Users/rtewelde/airflow_venv/lib/python3.11/site-packages/airflow/example_dags/example_branch_datetime_operator.py for tasks to queue
[2024-09-25T15:00:27.033+0100] {logging_mixin.py:190} INFO - [2024-09-25T15:00:27.032+0100] {dagbag.py:588} INFO - Filling up the DagBag from /Users/rtewelde/airflow_venv/lib/python3.11/site-packages/airflow/example_dags/example_branch_datetime_operator.py
[2024-09-25T15:00:27.088+0100] {processor.py:925} INFO - DAG(s) 'example_branch_datetime_operator_2', 'example_branch_datetime_operator_3', 'example_branch_datetime_operator' retrieved from /Users/rtewelde/airflow_venv/lib/python3.11/site-packages/airflow/example_dags/example_branch_datetime_operator.py
[2024-09-25T15:00:27.734+0100] {logging_mixin.py:190} INFO - [2024-09-25T15:00:27.732+0100] {dag.py:3239} INFO - Sync 3 DAGs
[2024-09-25T15:00:27.816+0100] {logging_mixin.py:190} INFO - [2024-09-25T15:00:27.815+0100] {dag.py:4180} INFO - Setting next_dagrun for example_branch_datetime_operator to 2024-09-24 00:00:00+00:00, run_after=2024-09-25 00:00:00+00:00
[2024-09-25T15:00:27.833+0100] {logging_mixin.py:190} INFO - [2024-09-25T15:00:27.833+0100] {dag.py:4180} INFO - Setting next_dagrun for example_branch_datetime_operator_2 to 2024-09-24 00:00:00+00:00, run_after=2024-09-25 00:00:00+00:00
[2024-09-25T15:00:27.843+0100] {logging_mixin.py:190} INFO - [2024-09-25T15:00:27.842+0100] {dag.py:4180} INFO - Setting next_dagrun for example_branch_datetime_operator_3 to 2024-09-24 00:00:00+00:00, run_after=2024-09-25 00:00:00+00:00
[2024-09-25T15:00:27.909+0100] {processor.py:208} INFO - Processing /Users/rtewelde/airflow_venv/lib/python3.11/site-packages/airflow/example_dags/example_branch_datetime_operator.py took 0.896 seconds
[2024-09-25T23:24:24.627+0100] {processor.py:186} INFO - Started process (PID=16871) to work on /Users/rtewelde/airflow_venv/lib/python3.11/site-packages/airflow/example_dags/example_branch_datetime_operator.py
[2024-09-25T23:24:24.631+0100] {processor.py:914} INFO - Processing file /Users/rtewelde/airflow_venv/lib/python3.11/site-packages/airflow/example_dags/example_branch_datetime_operator.py for tasks to queue
[2024-09-25T23:24:24.635+0100] {logging_mixin.py:190} INFO - [2024-09-25T23:24:24.634+0100] {dagbag.py:588} INFO - Filling up the DagBag from /Users/rtewelde/airflow_venv/lib/python3.11/site-packages/airflow/example_dags/example_branch_datetime_operator.py
[2024-09-25T23:24:24.685+0100] {processor.py:925} INFO - DAG(s) 'example_branch_datetime_operator', 'example_branch_datetime_operator_2', 'example_branch_datetime_operator_3' retrieved from /Users/rtewelde/airflow_venv/lib/python3.11/site-packages/airflow/example_dags/example_branch_datetime_operator.py
[2024-09-25T23:24:25.336+0100] {logging_mixin.py:190} INFO - [2024-09-25T23:24:25.334+0100] {dag.py:3239} INFO - Sync 3 DAGs
[2024-09-25T23:24:25.414+0100] {logging_mixin.py:190} INFO - [2024-09-25T23:24:25.413+0100] {dag.py:4180} INFO - Setting next_dagrun for example_branch_datetime_operator to 2024-09-24 00:00:00+00:00, run_after=2024-09-25 00:00:00+00:00
[2024-09-25T23:24:25.431+0100] {logging_mixin.py:190} INFO - [2024-09-25T23:24:25.430+0100] {dag.py:4180} INFO - Setting next_dagrun for example_branch_datetime_operator_2 to 2024-09-24 00:00:00+00:00, run_after=2024-09-25 00:00:00+00:00
[2024-09-25T23:24:25.440+0100] {logging_mixin.py:190} INFO - [2024-09-25T23:24:25.439+0100] {dag.py:4180} INFO - Setting next_dagrun for example_branch_datetime_operator_3 to 2024-09-24 00:00:00+00:00, run_after=2024-09-25 00:00:00+00:00
[2024-09-25T23:24:25.501+0100] {processor.py:208} INFO - Processing /Users/rtewelde/airflow_venv/lib/python3.11/site-packages/airflow/example_dags/example_branch_datetime_operator.py took 0.891 seconds
[2024-09-26T00:11:14.140+0100] {processor.py:186} INFO - Started process (PID=21257) to work on /Users/rtewelde/airflow_venv/lib/python3.11/site-packages/airflow/example_dags/example_branch_datetime_operator.py
[2024-09-26T00:11:14.143+0100] {processor.py:914} INFO - Processing file /Users/rtewelde/airflow_venv/lib/python3.11/site-packages/airflow/example_dags/example_branch_datetime_operator.py for tasks to queue
[2024-09-26T00:11:14.147+0100] {logging_mixin.py:190} INFO - [2024-09-26T00:11:14.146+0100] {dagbag.py:588} INFO - Filling up the DagBag from /Users/rtewelde/airflow_venv/lib/python3.11/site-packages/airflow/example_dags/example_branch_datetime_operator.py
[2024-09-26T00:11:14.198+0100] {processor.py:925} INFO - DAG(s) 'example_branch_datetime_operator_2', 'example_branch_datetime_operator', 'example_branch_datetime_operator_3' retrieved from /Users/rtewelde/airflow_venv/lib/python3.11/site-packages/airflow/example_dags/example_branch_datetime_operator.py
[2024-09-26T00:11:14.803+0100] {logging_mixin.py:190} INFO - [2024-09-26T00:11:14.801+0100] {dag.py:3239} INFO - Sync 3 DAGs
[2024-09-26T00:11:14.880+0100] {logging_mixin.py:190} INFO - [2024-09-26T00:11:14.879+0100] {dag.py:4180} INFO - Setting next_dagrun for example_branch_datetime_operator to 2024-09-24 00:00:00+00:00, run_after=2024-09-25 00:00:00+00:00
[2024-09-26T00:11:14.896+0100] {logging_mixin.py:190} INFO - [2024-09-26T00:11:14.895+0100] {dag.py:4180} INFO - Setting next_dagrun for example_branch_datetime_operator_2 to 2024-09-24 00:00:00+00:00, run_after=2024-09-25 00:00:00+00:00
[2024-09-26T00:11:14.905+0100] {logging_mixin.py:190} INFO - [2024-09-26T00:11:14.904+0100] {dag.py:4180} INFO - Setting next_dagrun for example_branch_datetime_operator_3 to 2024-09-24 00:00:00+00:00, run_after=2024-09-25 00:00:00+00:00
[2024-09-26T00:11:14.962+0100] {processor.py:208} INFO - Processing /Users/rtewelde/airflow_venv/lib/python3.11/site-packages/airflow/example_dags/example_branch_datetime_operator.py took 0.834 seconds
[2024-09-26T00:58:17.144+0100] {processor.py:186} INFO - Started process (PID=27282) to work on /Users/rtewelde/airflow_venv/lib/python3.11/site-packages/airflow/example_dags/example_branch_datetime_operator.py
[2024-09-26T00:58:17.147+0100] {processor.py:914} INFO - Processing file /Users/rtewelde/airflow_venv/lib/python3.11/site-packages/airflow/example_dags/example_branch_datetime_operator.py for tasks to queue
[2024-09-26T00:58:17.151+0100] {logging_mixin.py:190} INFO - [2024-09-26T00:58:17.150+0100] {dagbag.py:588} INFO - Filling up the DagBag from /Users/rtewelde/airflow_venv/lib/python3.11/site-packages/airflow/example_dags/example_branch_datetime_operator.py
[2024-09-26T00:58:17.204+0100] {processor.py:925} INFO - DAG(s) 'example_branch_datetime_operator_2', 'example_branch_datetime_operator', 'example_branch_datetime_operator_3' retrieved from /Users/rtewelde/airflow_venv/lib/python3.11/site-packages/airflow/example_dags/example_branch_datetime_operator.py
[2024-09-26T00:58:17.819+0100] {logging_mixin.py:190} INFO - [2024-09-26T00:58:17.817+0100] {dag.py:3239} INFO - Sync 3 DAGs
[2024-09-26T00:58:17.895+0100] {logging_mixin.py:190} INFO - [2024-09-26T00:58:17.894+0100] {dag.py:4180} INFO - Setting next_dagrun for example_branch_datetime_operator to 2024-09-24 00:00:00+00:00, run_after=2024-09-25 00:00:00+00:00
[2024-09-26T00:58:17.910+0100] {logging_mixin.py:190} INFO - [2024-09-26T00:58:17.910+0100] {dag.py:4180} INFO - Setting next_dagrun for example_branch_datetime_operator_2 to 2024-09-24 00:00:00+00:00, run_after=2024-09-25 00:00:00+00:00
[2024-09-26T00:58:17.919+0100] {logging_mixin.py:190} INFO - [2024-09-26T00:58:17.918+0100] {dag.py:4180} INFO - Setting next_dagrun for example_branch_datetime_operator_3 to 2024-09-24 00:00:00+00:00, run_after=2024-09-25 00:00:00+00:00
[2024-09-26T00:58:17.981+0100] {processor.py:208} INFO - Processing /Users/rtewelde/airflow_venv/lib/python3.11/site-packages/airflow/example_dags/example_branch_datetime_operator.py took 0.851 seconds
