[2024-09-25T12:49:22.884+0100] {processor.py:186} INFO - Started process (PID=12895) to work on /Users/rtewelde/airflow_venv/lib/python3.11/site-packages/airflow/example_dags/example_latest_only_with_trigger.py
[2024-09-25T12:49:22.885+0100] {processor.py:914} INFO - Processing file /Users/rtewelde/airflow_venv/lib/python3.11/site-packages/airflow/example_dags/example_latest_only_with_trigger.py for tasks to queue
[2024-09-25T12:49:22.886+0100] {logging_mixin.py:190} INFO - [2024-09-25T12:49:22.886+0100] {dagbag.py:588} INFO - Filling up the DagBag from /Users/rtewelde/airflow_venv/lib/python3.11/site-packages/airflow/example_dags/example_latest_only_with_trigger.py
[2024-09-25T12:49:22.894+0100] {processor.py:925} INFO - DAG(s) 'latest_only_with_trigger' retrieved from /Users/rtewelde/airflow_venv/lib/python3.11/site-packages/airflow/example_dags/example_latest_only_with_trigger.py
[2024-09-25T12:49:23.055+0100] {logging_mixin.py:190} INFO - [2024-09-25T12:49:23.055+0100] {dag.py:3239} INFO - Sync 1 DAGs
[2024-09-25T12:49:23.072+0100] {logging_mixin.py:190} INFO - [2024-09-25T12:49:23.072+0100] {dag.py:4180} INFO - Setting next_dagrun for latest_only_with_trigger to 2024-09-25 04:00:00+00:00, run_after=2024-09-25 08:00:00+00:00
[2024-09-25T12:49:23.090+0100] {processor.py:208} INFO - Processing /Users/rtewelde/airflow_venv/lib/python3.11/site-packages/airflow/example_dags/example_latest_only_with_trigger.py took 0.208 seconds
[2024-09-25T12:53:10.342+0100] {processor.py:186} INFO - Started process (PID=14300) to work on /Users/rtewelde/airflow_venv/lib/python3.11/site-packages/airflow/example_dags/example_latest_only_with_trigger.py
[2024-09-25T12:53:10.344+0100] {processor.py:914} INFO - Processing file /Users/rtewelde/airflow_venv/lib/python3.11/site-packages/airflow/example_dags/example_latest_only_with_trigger.py for tasks to queue
[2024-09-25T12:53:10.345+0100] {logging_mixin.py:190} INFO - [2024-09-25T12:53:10.345+0100] {dagbag.py:588} INFO - Filling up the DagBag from /Users/rtewelde/airflow_venv/lib/python3.11/site-packages/airflow/example_dags/example_latest_only_with_trigger.py
[2024-09-25T12:53:10.353+0100] {processor.py:925} INFO - DAG(s) 'latest_only_with_trigger' retrieved from /Users/rtewelde/airflow_venv/lib/python3.11/site-packages/airflow/example_dags/example_latest_only_with_trigger.py
[2024-09-25T12:53:10.512+0100] {logging_mixin.py:190} INFO - [2024-09-25T12:53:10.511+0100] {dag.py:3239} INFO - Sync 1 DAGs
[2024-09-25T12:53:10.528+0100] {logging_mixin.py:190} INFO - [2024-09-25T12:53:10.528+0100] {dag.py:4180} INFO - Setting next_dagrun for latest_only_with_trigger to 2024-09-25 04:00:00+00:00, run_after=2024-09-25 08:00:00+00:00
[2024-09-25T12:53:10.546+0100] {processor.py:208} INFO - Processing /Users/rtewelde/airflow_venv/lib/python3.11/site-packages/airflow/example_dags/example_latest_only_with_trigger.py took 0.207 seconds
[2024-09-25T23:21:26.653+0100] {processor.py:186} INFO - Started process (PID=16095) to work on /Users/rtewelde/airflow_venv/lib/python3.11/site-packages/airflow/example_dags/example_latest_only_with_trigger.py
[2024-09-25T23:21:26.656+0100] {processor.py:914} INFO - Processing file /Users/rtewelde/airflow_venv/lib/python3.11/site-packages/airflow/example_dags/example_latest_only_with_trigger.py for tasks to queue
[2024-09-25T23:21:26.659+0100] {logging_mixin.py:190} INFO - [2024-09-25T23:21:26.659+0100] {dagbag.py:588} INFO - Filling up the DagBag from /Users/rtewelde/airflow_venv/lib/python3.11/site-packages/airflow/example_dags/example_latest_only_with_trigger.py
[2024-09-25T23:21:26.691+0100] {processor.py:925} INFO - DAG(s) 'latest_only_with_trigger' retrieved from /Users/rtewelde/airflow_venv/lib/python3.11/site-packages/airflow/example_dags/example_latest_only_with_trigger.py
[2024-09-25T23:21:27.323+0100] {logging_mixin.py:190} INFO - [2024-09-25T23:21:27.322+0100] {dag.py:3239} INFO - Sync 1 DAGs
[2024-09-25T23:21:27.426+0100] {logging_mixin.py:190} INFO - [2024-09-25T23:21:27.425+0100] {dag.py:4180} INFO - Setting next_dagrun for latest_only_with_trigger to 2024-09-25 16:00:00+00:00, run_after=2024-09-25 20:00:00+00:00
[2024-09-25T23:21:27.533+0100] {processor.py:208} INFO - Processing /Users/rtewelde/airflow_venv/lib/python3.11/site-packages/airflow/example_dags/example_latest_only_with_trigger.py took 0.888 seconds
[2024-09-25T23:30:47.779+0100] {processor.py:186} INFO - Started process (PID=18560) to work on /Users/rtewelde/airflow_venv/lib/python3.11/site-packages/airflow/example_dags/example_latest_only_with_trigger.py
[2024-09-25T23:30:47.783+0100] {processor.py:914} INFO - Processing file /Users/rtewelde/airflow_venv/lib/python3.11/site-packages/airflow/example_dags/example_latest_only_with_trigger.py for tasks to queue
[2024-09-25T23:30:47.787+0100] {logging_mixin.py:190} INFO - [2024-09-25T23:30:47.787+0100] {dagbag.py:588} INFO - Filling up the DagBag from /Users/rtewelde/airflow_venv/lib/python3.11/site-packages/airflow/example_dags/example_latest_only_with_trigger.py
[2024-09-25T23:30:47.818+0100] {processor.py:925} INFO - DAG(s) 'latest_only_with_trigger' retrieved from /Users/rtewelde/airflow_venv/lib/python3.11/site-packages/airflow/example_dags/example_latest_only_with_trigger.py
[2024-09-25T23:30:48.415+0100] {logging_mixin.py:190} INFO - [2024-09-25T23:30:48.413+0100] {dag.py:3239} INFO - Sync 1 DAGs
[2024-09-25T23:30:48.487+0100] {logging_mixin.py:190} INFO - [2024-09-25T23:30:48.486+0100] {dag.py:4180} INFO - Setting next_dagrun for latest_only_with_trigger to 2024-09-25 16:00:00+00:00, run_after=2024-09-25 20:00:00+00:00
[2024-09-25T23:30:48.553+0100] {processor.py:208} INFO - Processing /Users/rtewelde/airflow_venv/lib/python3.11/site-packages/airflow/example_dags/example_latest_only_with_trigger.py took 0.783 seconds
[2024-09-26T00:08:50.474+0100] {processor.py:186} INFO - Started process (PID=20675) to work on /Users/rtewelde/airflow_venv/lib/python3.11/site-packages/airflow/example_dags/example_latest_only_with_trigger.py
[2024-09-26T00:08:50.478+0100] {processor.py:914} INFO - Processing file /Users/rtewelde/airflow_venv/lib/python3.11/site-packages/airflow/example_dags/example_latest_only_with_trigger.py for tasks to queue
[2024-09-26T00:08:50.481+0100] {logging_mixin.py:190} INFO - [2024-09-26T00:08:50.481+0100] {dagbag.py:588} INFO - Filling up the DagBag from /Users/rtewelde/airflow_venv/lib/python3.11/site-packages/airflow/example_dags/example_latest_only_with_trigger.py
[2024-09-26T00:08:50.516+0100] {processor.py:925} INFO - DAG(s) 'latest_only_with_trigger' retrieved from /Users/rtewelde/airflow_venv/lib/python3.11/site-packages/airflow/example_dags/example_latest_only_with_trigger.py
[2024-09-26T00:08:51.120+0100] {logging_mixin.py:190} INFO - [2024-09-26T00:08:51.119+0100] {dag.py:3239} INFO - Sync 1 DAGs
[2024-09-26T00:08:51.196+0100] {logging_mixin.py:190} INFO - [2024-09-26T00:08:51.195+0100] {dag.py:4180} INFO - Setting next_dagrun for latest_only_with_trigger to 2024-09-25 16:00:00+00:00, run_after=2024-09-25 20:00:00+00:00
[2024-09-26T00:08:51.273+0100] {processor.py:208} INFO - Processing /Users/rtewelde/airflow_venv/lib/python3.11/site-packages/airflow/example_dags/example_latest_only_with_trigger.py took 0.808 seconds
[2024-09-26T00:17:35.518+0100] {processor.py:186} INFO - Started process (PID=24507) to work on /Users/rtewelde/airflow_venv/lib/python3.11/site-packages/airflow/example_dags/example_latest_only_with_trigger.py
[2024-09-26T00:17:35.521+0100] {processor.py:914} INFO - Processing file /Users/rtewelde/airflow_venv/lib/python3.11/site-packages/airflow/example_dags/example_latest_only_with_trigger.py for tasks to queue
[2024-09-26T00:17:35.526+0100] {logging_mixin.py:190} INFO - [2024-09-26T00:17:35.525+0100] {dagbag.py:588} INFO - Filling up the DagBag from /Users/rtewelde/airflow_venv/lib/python3.11/site-packages/airflow/example_dags/example_latest_only_with_trigger.py
[2024-09-26T00:17:35.554+0100] {processor.py:925} INFO - DAG(s) 'latest_only_with_trigger' retrieved from /Users/rtewelde/airflow_venv/lib/python3.11/site-packages/airflow/example_dags/example_latest_only_with_trigger.py
[2024-09-26T00:17:36.129+0100] {logging_mixin.py:190} INFO - [2024-09-26T00:17:36.127+0100] {dag.py:3239} INFO - Sync 1 DAGs
[2024-09-26T00:17:36.195+0100] {logging_mixin.py:190} INFO - [2024-09-26T00:17:36.194+0100] {dag.py:4180} INFO - Setting next_dagrun for latest_only_with_trigger to 2024-09-25 16:00:00+00:00, run_after=2024-09-25 20:00:00+00:00
[2024-09-26T00:17:36.262+0100] {processor.py:208} INFO - Processing /Users/rtewelde/airflow_venv/lib/python3.11/site-packages/airflow/example_dags/example_latest_only_with_trigger.py took 0.758 seconds
[2024-09-26T00:55:39.380+0100] {processor.py:186} INFO - Started process (PID=26604) to work on /Users/rtewelde/airflow_venv/lib/python3.11/site-packages/airflow/example_dags/example_latest_only_with_trigger.py
[2024-09-26T00:55:39.385+0100] {processor.py:914} INFO - Processing file /Users/rtewelde/airflow_venv/lib/python3.11/site-packages/airflow/example_dags/example_latest_only_with_trigger.py for tasks to queue
[2024-09-26T00:55:39.390+0100] {logging_mixin.py:190} INFO - [2024-09-26T00:55:39.389+0100] {dagbag.py:588} INFO - Filling up the DagBag from /Users/rtewelde/airflow_venv/lib/python3.11/site-packages/airflow/example_dags/example_latest_only_with_trigger.py
[2024-09-26T00:55:39.423+0100] {processor.py:925} INFO - DAG(s) 'latest_only_with_trigger' retrieved from /Users/rtewelde/airflow_venv/lib/python3.11/site-packages/airflow/example_dags/example_latest_only_with_trigger.py
[2024-09-26T00:55:40.070+0100] {logging_mixin.py:190} INFO - [2024-09-26T00:55:40.069+0100] {dag.py:3239} INFO - Sync 1 DAGs
[2024-09-26T00:55:40.140+0100] {logging_mixin.py:190} INFO - [2024-09-26T00:55:40.139+0100] {dag.py:4180} INFO - Setting next_dagrun for latest_only_with_trigger to 2024-09-25 16:00:00+00:00, run_after=2024-09-25 20:00:00+00:00
[2024-09-26T00:55:40.206+0100] {processor.py:208} INFO - Processing /Users/rtewelde/airflow_venv/lib/python3.11/site-packages/airflow/example_dags/example_latest_only_with_trigger.py took 0.838 seconds
