[2024-09-25T12:50:11.400+0100] {processor.py:186} INFO - Started process (PID=13145) to work on /Users/rtewelde/airflow_venv/lib/python3.11/site-packages/airflow/example_dags/example_branch_labels.py
[2024-09-25T12:50:11.401+0100] {processor.py:914} INFO - Processing file /Users/rtewelde/airflow_venv/lib/python3.11/site-packages/airflow/example_dags/example_branch_labels.py for tasks to queue
[2024-09-25T12:50:11.403+0100] {logging_mixin.py:190} INFO - [2024-09-25T12:50:11.402+0100] {dagbag.py:588} INFO - Filling up the DagBag from /Users/rtewelde/airflow_venv/lib/python3.11/site-packages/airflow/example_dags/example_branch_labels.py
[2024-09-25T12:50:11.413+0100] {processor.py:925} INFO - DAG(s) 'example_branch_labels' retrieved from /Users/rtewelde/airflow_venv/lib/python3.11/site-packages/airflow/example_dags/example_branch_labels.py
[2024-09-25T12:50:11.568+0100] {logging_mixin.py:190} INFO - [2024-09-25T12:50:11.568+0100] {dag.py:3239} INFO - Sync 1 DAGs
[2024-09-25T12:50:11.586+0100] {logging_mixin.py:190} INFO - [2024-09-25T12:50:11.585+0100] {dag.py:4180} INFO - Setting next_dagrun for example_branch_labels to 2024-09-24 00:00:00+00:00, run_after=2024-09-25 00:00:00+00:00
[2024-09-25T12:50:11.603+0100] {processor.py:208} INFO - Processing /Users/rtewelde/airflow_venv/lib/python3.11/site-packages/airflow/example_dags/example_branch_labels.py took 0.205 seconds
[2024-09-25T15:00:08.961+0100] {processor.py:186} INFO - Started process (PID=14605) to work on /Users/rtewelde/airflow_venv/lib/python3.11/site-packages/airflow/example_dags/example_branch_labels.py
[2024-09-25T15:00:08.969+0100] {processor.py:914} INFO - Processing file /Users/rtewelde/airflow_venv/lib/python3.11/site-packages/airflow/example_dags/example_branch_labels.py for tasks to queue
[2024-09-25T15:00:08.972+0100] {logging_mixin.py:190} INFO - [2024-09-25T15:00:08.972+0100] {dagbag.py:588} INFO - Filling up the DagBag from /Users/rtewelde/airflow_venv/lib/python3.11/site-packages/airflow/example_dags/example_branch_labels.py
[2024-09-25T15:00:09.017+0100] {processor.py:925} INFO - DAG(s) 'example_branch_labels' retrieved from /Users/rtewelde/airflow_venv/lib/python3.11/site-packages/airflow/example_dags/example_branch_labels.py
[2024-09-25T15:00:09.771+0100] {logging_mixin.py:190} INFO - [2024-09-25T15:00:09.768+0100] {dag.py:3239} INFO - Sync 1 DAGs
[2024-09-25T15:00:09.920+0100] {logging_mixin.py:190} INFO - [2024-09-25T15:00:09.919+0100] {dag.py:4180} INFO - Setting next_dagrun for example_branch_labels to 2024-09-24 00:00:00+00:00, run_after=2024-09-25 00:00:00+00:00
[2024-09-25T15:00:10.040+0100] {processor.py:208} INFO - Processing /Users/rtewelde/airflow_venv/lib/python3.11/site-packages/airflow/example_dags/example_branch_labels.py took 1.091 seconds
[2024-09-25T23:24:05.610+0100] {processor.py:186} INFO - Started process (PID=16783) to work on /Users/rtewelde/airflow_venv/lib/python3.11/site-packages/airflow/example_dags/example_branch_labels.py
[2024-09-25T23:24:05.615+0100] {processor.py:914} INFO - Processing file /Users/rtewelde/airflow_venv/lib/python3.11/site-packages/airflow/example_dags/example_branch_labels.py for tasks to queue
[2024-09-25T23:24:05.620+0100] {logging_mixin.py:190} INFO - [2024-09-25T23:24:05.619+0100] {dagbag.py:588} INFO - Filling up the DagBag from /Users/rtewelde/airflow_venv/lib/python3.11/site-packages/airflow/example_dags/example_branch_labels.py
[2024-09-25T23:24:05.653+0100] {processor.py:925} INFO - DAG(s) 'example_branch_labels' retrieved from /Users/rtewelde/airflow_venv/lib/python3.11/site-packages/airflow/example_dags/example_branch_labels.py
[2024-09-25T23:24:06.266+0100] {logging_mixin.py:190} INFO - [2024-09-25T23:24:06.264+0100] {dag.py:3239} INFO - Sync 1 DAGs
[2024-09-25T23:24:06.447+0100] {logging_mixin.py:190} INFO - [2024-09-25T23:24:06.445+0100] {dag.py:4180} INFO - Setting next_dagrun for example_branch_labels to 2024-09-24 00:00:00+00:00, run_after=2024-09-25 00:00:00+00:00
[2024-09-25T23:24:06.536+0100] {processor.py:208} INFO - Processing /Users/rtewelde/airflow_venv/lib/python3.11/site-packages/airflow/example_dags/example_branch_labels.py took 0.937 seconds
[2024-09-26T00:10:55.971+0100] {processor.py:186} INFO - Started process (PID=21182) to work on /Users/rtewelde/airflow_venv/lib/python3.11/site-packages/airflow/example_dags/example_branch_labels.py
[2024-09-26T00:10:55.974+0100] {processor.py:914} INFO - Processing file /Users/rtewelde/airflow_venv/lib/python3.11/site-packages/airflow/example_dags/example_branch_labels.py for tasks to queue
[2024-09-26T00:10:55.980+0100] {logging_mixin.py:190} INFO - [2024-09-26T00:10:55.979+0100] {dagbag.py:588} INFO - Filling up the DagBag from /Users/rtewelde/airflow_venv/lib/python3.11/site-packages/airflow/example_dags/example_branch_labels.py
[2024-09-26T00:10:56.018+0100] {processor.py:925} INFO - DAG(s) 'example_branch_labels' retrieved from /Users/rtewelde/airflow_venv/lib/python3.11/site-packages/airflow/example_dags/example_branch_labels.py
[2024-09-26T00:10:56.586+0100] {logging_mixin.py:190} INFO - [2024-09-26T00:10:56.585+0100] {dag.py:3239} INFO - Sync 1 DAGs
[2024-09-26T00:10:56.655+0100] {logging_mixin.py:190} INFO - [2024-09-26T00:10:56.655+0100] {dag.py:4180} INFO - Setting next_dagrun for example_branch_labels to 2024-09-24 00:00:00+00:00, run_after=2024-09-25 00:00:00+00:00
[2024-09-26T00:10:56.718+0100] {processor.py:208} INFO - Processing /Users/rtewelde/airflow_venv/lib/python3.11/site-packages/airflow/example_dags/example_branch_labels.py took 0.757 seconds
[2024-09-26T00:57:57.457+0100] {processor.py:186} INFO - Started process (PID=27195) to work on /Users/rtewelde/airflow_venv/lib/python3.11/site-packages/airflow/example_dags/example_branch_labels.py
[2024-09-26T00:57:57.461+0100] {processor.py:914} INFO - Processing file /Users/rtewelde/airflow_venv/lib/python3.11/site-packages/airflow/example_dags/example_branch_labels.py for tasks to queue
[2024-09-26T00:57:57.465+0100] {logging_mixin.py:190} INFO - [2024-09-26T00:57:57.464+0100] {dagbag.py:588} INFO - Filling up the DagBag from /Users/rtewelde/airflow_venv/lib/python3.11/site-packages/airflow/example_dags/example_branch_labels.py
[2024-09-26T00:57:57.506+0100] {processor.py:925} INFO - DAG(s) 'example_branch_labels' retrieved from /Users/rtewelde/airflow_venv/lib/python3.11/site-packages/airflow/example_dags/example_branch_labels.py
[2024-09-26T00:57:58.152+0100] {logging_mixin.py:190} INFO - [2024-09-26T00:57:58.151+0100] {dag.py:3239} INFO - Sync 1 DAGs
[2024-09-26T00:57:58.235+0100] {logging_mixin.py:190} INFO - [2024-09-26T00:57:58.234+0100] {dag.py:4180} INFO - Setting next_dagrun for example_branch_labels to 2024-09-24 00:00:00+00:00, run_after=2024-09-25 00:00:00+00:00
[2024-09-26T00:57:58.307+0100] {processor.py:208} INFO - Processing /Users/rtewelde/airflow_venv/lib/python3.11/site-packages/airflow/example_dags/example_branch_labels.py took 0.858 seconds
