[2024-09-25T12:49:13.104+0100] {processor.py:186} INFO - Started process (PID=12835) to work on /Users/rtewelde/airflow_venv/lib/python3.11/site-packages/airflow/example_dags/example_outlet_event_extra.py
[2024-09-25T12:49:13.105+0100] {processor.py:914} INFO - Processing file /Users/rtewelde/airflow_venv/lib/python3.11/site-packages/airflow/example_dags/example_outlet_event_extra.py for tasks to queue
[2024-09-25T12:49:13.106+0100] {logging_mixin.py:190} INFO - [2024-09-25T12:49:13.106+0100] {dagbag.py:588} INFO - Filling up the DagBag from /Users/rtewelde/airflow_venv/lib/python3.11/site-packages/airflow/example_dags/example_outlet_event_extra.py
[2024-09-25T12:49:13.197+0100] {processor.py:925} INFO - DAG(s) 'dataset_with_extra_by_yield', 'dataset_with_extra_from_classic_operator', 'dataset_with_extra_by_context' retrieved from /Users/rtewelde/airflow_venv/lib/python3.11/site-packages/airflow/example_dags/example_outlet_event_extra.py
[2024-09-25T12:49:13.360+0100] {logging_mixin.py:190} INFO - [2024-09-25T12:49:13.359+0100] {dag.py:3239} INFO - Sync 3 DAGs
[2024-09-25T12:49:13.381+0100] {logging_mixin.py:190} INFO - [2024-09-25T12:49:13.381+0100] {dag.py:4180} INFO - Setting next_dagrun for dataset_with_extra_by_context to 2024-09-24 00:00:00+00:00, run_after=2024-09-25 00:00:00+00:00
[2024-09-25T12:49:13.385+0100] {logging_mixin.py:190} INFO - [2024-09-25T12:49:13.385+0100] {dag.py:4180} INFO - Setting next_dagrun for dataset_with_extra_by_yield to 2024-09-24 00:00:00+00:00, run_after=2024-09-25 00:00:00+00:00
[2024-09-25T12:49:13.389+0100] {logging_mixin.py:190} INFO - [2024-09-25T12:49:13.389+0100] {dag.py:4180} INFO - Setting next_dagrun for dataset_with_extra_from_classic_operator to 2024-09-24 00:00:00+00:00, run_after=2024-09-25 00:00:00+00:00
[2024-09-25T12:49:13.413+0100] {processor.py:208} INFO - Processing /Users/rtewelde/airflow_venv/lib/python3.11/site-packages/airflow/example_dags/example_outlet_event_extra.py took 0.311 seconds
[2024-09-25T12:53:00.923+0100] {processor.py:186} INFO - Started process (PID=14252) to work on /Users/rtewelde/airflow_venv/lib/python3.11/site-packages/airflow/example_dags/example_outlet_event_extra.py
[2024-09-25T12:53:00.924+0100] {processor.py:914} INFO - Processing file /Users/rtewelde/airflow_venv/lib/python3.11/site-packages/airflow/example_dags/example_outlet_event_extra.py for tasks to queue
[2024-09-25T12:53:00.926+0100] {logging_mixin.py:190} INFO - [2024-09-25T12:53:00.925+0100] {dagbag.py:588} INFO - Filling up the DagBag from /Users/rtewelde/airflow_venv/lib/python3.11/site-packages/airflow/example_dags/example_outlet_event_extra.py
[2024-09-25T12:53:01.027+0100] {processor.py:925} INFO - DAG(s) 'dataset_with_extra_by_yield', 'dataset_with_extra_from_classic_operator', 'dataset_with_extra_by_context' retrieved from /Users/rtewelde/airflow_venv/lib/python3.11/site-packages/airflow/example_dags/example_outlet_event_extra.py
[2024-09-25T12:53:01.208+0100] {logging_mixin.py:190} INFO - [2024-09-25T12:53:01.208+0100] {dag.py:3239} INFO - Sync 3 DAGs
[2024-09-25T12:53:01.227+0100] {logging_mixin.py:190} INFO - [2024-09-25T12:53:01.227+0100] {dag.py:4180} INFO - Setting next_dagrun for dataset_with_extra_by_context to 2024-09-24 00:00:00+00:00, run_after=2024-09-25 00:00:00+00:00
[2024-09-25T12:53:01.232+0100] {logging_mixin.py:190} INFO - [2024-09-25T12:53:01.231+0100] {dag.py:4180} INFO - Setting next_dagrun for dataset_with_extra_by_yield to 2024-09-24 00:00:00+00:00, run_after=2024-09-25 00:00:00+00:00
[2024-09-25T12:53:01.234+0100] {logging_mixin.py:190} INFO - [2024-09-25T12:53:01.234+0100] {dag.py:4180} INFO - Setting next_dagrun for dataset_with_extra_from_classic_operator to 2024-09-24 00:00:00+00:00, run_after=2024-09-25 00:00:00+00:00
[2024-09-25T12:53:01.256+0100] {processor.py:208} INFO - Processing /Users/rtewelde/airflow_venv/lib/python3.11/site-packages/airflow/example_dags/example_outlet_event_extra.py took 0.336 seconds
[2024-09-25T23:20:57.544+0100] {processor.py:186} INFO - Started process (PID=15971) to work on /Users/rtewelde/airflow_venv/lib/python3.11/site-packages/airflow/example_dags/example_outlet_event_extra.py
[2024-09-25T23:20:57.547+0100] {processor.py:914} INFO - Processing file /Users/rtewelde/airflow_venv/lib/python3.11/site-packages/airflow/example_dags/example_outlet_event_extra.py for tasks to queue
[2024-09-25T23:20:57.550+0100] {logging_mixin.py:190} INFO - [2024-09-25T23:20:57.550+0100] {dagbag.py:588} INFO - Filling up the DagBag from /Users/rtewelde/airflow_venv/lib/python3.11/site-packages/airflow/example_dags/example_outlet_event_extra.py
[2024-09-25T23:20:57.926+0100] {processor.py:925} INFO - DAG(s) 'dataset_with_extra_by_context', 'dataset_with_extra_by_yield', 'dataset_with_extra_from_classic_operator' retrieved from /Users/rtewelde/airflow_venv/lib/python3.11/site-packages/airflow/example_dags/example_outlet_event_extra.py
[2024-09-25T23:20:58.552+0100] {logging_mixin.py:190} INFO - [2024-09-25T23:20:58.552+0100] {dag.py:3239} INFO - Sync 3 DAGs
[2024-09-25T23:20:58.629+0100] {logging_mixin.py:190} INFO - [2024-09-25T23:20:58.628+0100] {dag.py:4180} INFO - Setting next_dagrun for dataset_with_extra_by_context to 2024-09-24 00:00:00+00:00, run_after=2024-09-25 00:00:00+00:00
[2024-09-25T23:20:58.645+0100] {logging_mixin.py:190} INFO - [2024-09-25T23:20:58.645+0100] {dag.py:4180} INFO - Setting next_dagrun for dataset_with_extra_by_yield to 2024-09-24 00:00:00+00:00, run_after=2024-09-25 00:00:00+00:00
[2024-09-25T23:20:58.654+0100] {logging_mixin.py:190} INFO - [2024-09-25T23:20:58.653+0100] {dag.py:4180} INFO - Setting next_dagrun for dataset_with_extra_from_classic_operator to 2024-09-24 00:00:00+00:00, run_after=2024-09-25 00:00:00+00:00
[2024-09-25T23:20:58.722+0100] {processor.py:208} INFO - Processing /Users/rtewelde/airflow_venv/lib/python3.11/site-packages/airflow/example_dags/example_outlet_event_extra.py took 1.187 seconds
[2024-09-25T23:30:20.495+0100] {processor.py:186} INFO - Started process (PID=18438) to work on /Users/rtewelde/airflow_venv/lib/python3.11/site-packages/airflow/example_dags/example_outlet_event_extra.py
[2024-09-25T23:30:20.499+0100] {processor.py:914} INFO - Processing file /Users/rtewelde/airflow_venv/lib/python3.11/site-packages/airflow/example_dags/example_outlet_event_extra.py for tasks to queue
[2024-09-25T23:30:20.503+0100] {logging_mixin.py:190} INFO - [2024-09-25T23:30:20.502+0100] {dagbag.py:588} INFO - Filling up the DagBag from /Users/rtewelde/airflow_venv/lib/python3.11/site-packages/airflow/example_dags/example_outlet_event_extra.py
[2024-09-25T23:30:20.835+0100] {processor.py:925} INFO - DAG(s) 'dataset_with_extra_by_context', 'dataset_with_extra_by_yield', 'dataset_with_extra_from_classic_operator' retrieved from /Users/rtewelde/airflow_venv/lib/python3.11/site-packages/airflow/example_dags/example_outlet_event_extra.py
[2024-09-25T23:30:21.433+0100] {logging_mixin.py:190} INFO - [2024-09-25T23:30:21.432+0100] {dag.py:3239} INFO - Sync 3 DAGs
[2024-09-25T23:30:21.513+0100] {logging_mixin.py:190} INFO - [2024-09-25T23:30:21.512+0100] {dag.py:4180} INFO - Setting next_dagrun for dataset_with_extra_by_context to 2024-09-24 00:00:00+00:00, run_after=2024-09-25 00:00:00+00:00
[2024-09-25T23:30:21.528+0100] {logging_mixin.py:190} INFO - [2024-09-25T23:30:21.528+0100] {dag.py:4180} INFO - Setting next_dagrun for dataset_with_extra_by_yield to 2024-09-24 00:00:00+00:00, run_after=2024-09-25 00:00:00+00:00
[2024-09-25T23:30:21.541+0100] {logging_mixin.py:190} INFO - [2024-09-25T23:30:21.539+0100] {dag.py:4180} INFO - Setting next_dagrun for dataset_with_extra_from_classic_operator to 2024-09-24 00:00:00+00:00, run_after=2024-09-25 00:00:00+00:00
[2024-09-25T23:30:21.619+0100] {processor.py:208} INFO - Processing /Users/rtewelde/airflow_venv/lib/python3.11/site-packages/airflow/example_dags/example_outlet_event_extra.py took 1.136 seconds
[2024-09-25T23:38:42.962+0100] {processor.py:186} INFO - Started process (PID=20586) to work on /Users/rtewelde/airflow_venv/lib/python3.11/site-packages/airflow/example_dags/example_outlet_event_extra.py
[2024-09-25T23:38:42.966+0100] {processor.py:914} INFO - Processing file /Users/rtewelde/airflow_venv/lib/python3.11/site-packages/airflow/example_dags/example_outlet_event_extra.py for tasks to queue
[2024-09-25T23:38:42.969+0100] {logging_mixin.py:190} INFO - [2024-09-25T23:38:42.968+0100] {dagbag.py:588} INFO - Filling up the DagBag from /Users/rtewelde/airflow_venv/lib/python3.11/site-packages/airflow/example_dags/example_outlet_event_extra.py
[2024-09-25T23:38:43.359+0100] {processor.py:925} INFO - DAG(s) 'dataset_with_extra_by_yield', 'dataset_with_extra_by_context', 'dataset_with_extra_from_classic_operator' retrieved from /Users/rtewelde/airflow_venv/lib/python3.11/site-packages/airflow/example_dags/example_outlet_event_extra.py
[2024-09-25T23:38:44.029+0100] {logging_mixin.py:190} INFO - [2024-09-25T23:38:44.028+0100] {dag.py:3239} INFO - Sync 3 DAGs
[2024-09-25T23:38:44.106+0100] {logging_mixin.py:190} INFO - [2024-09-25T23:38:44.105+0100] {dag.py:4180} INFO - Setting next_dagrun for dataset_with_extra_by_context to 2024-09-24 00:00:00+00:00, run_after=2024-09-25 00:00:00+00:00
[2024-09-25T23:38:44.124+0100] {logging_mixin.py:190} INFO - [2024-09-25T23:38:44.124+0100] {dag.py:4180} INFO - Setting next_dagrun for dataset_with_extra_by_yield to 2024-09-24 00:00:00+00:00, run_after=2024-09-25 00:00:00+00:00
[2024-09-25T23:38:44.133+0100] {logging_mixin.py:190} INFO - [2024-09-25T23:38:44.133+0100] {dag.py:4180} INFO - Setting next_dagrun for dataset_with_extra_from_classic_operator to 2024-09-24 00:00:00+00:00, run_after=2024-09-25 00:00:00+00:00
[2024-09-25T23:38:44.217+0100] {processor.py:208} INFO - Processing /Users/rtewelde/airflow_venv/lib/python3.11/site-packages/airflow/example_dags/example_outlet_event_extra.py took 1.271 seconds
[2024-09-26T00:17:07.173+0100] {processor.py:186} INFO - Started process (PID=24385) to work on /Users/rtewelde/airflow_venv/lib/python3.11/site-packages/airflow/example_dags/example_outlet_event_extra.py
[2024-09-26T00:17:07.180+0100] {processor.py:914} INFO - Processing file /Users/rtewelde/airflow_venv/lib/python3.11/site-packages/airflow/example_dags/example_outlet_event_extra.py for tasks to queue
[2024-09-26T00:17:07.187+0100] {logging_mixin.py:190} INFO - [2024-09-26T00:17:07.186+0100] {dagbag.py:588} INFO - Filling up the DagBag from /Users/rtewelde/airflow_venv/lib/python3.11/site-packages/airflow/example_dags/example_outlet_event_extra.py
[2024-09-26T00:17:07.573+0100] {processor.py:925} INFO - DAG(s) 'dataset_with_extra_by_yield', 'dataset_with_extra_by_context', 'dataset_with_extra_from_classic_operator' retrieved from /Users/rtewelde/airflow_venv/lib/python3.11/site-packages/airflow/example_dags/example_outlet_event_extra.py
[2024-09-26T00:17:08.689+0100] {logging_mixin.py:190} INFO - [2024-09-26T00:17:08.688+0100] {dag.py:3239} INFO - Sync 3 DAGs
[2024-09-26T00:17:08.773+0100] {logging_mixin.py:190} INFO - [2024-09-26T00:17:08.772+0100] {dag.py:4180} INFO - Setting next_dagrun for dataset_with_extra_by_context to 2024-09-24 00:00:00+00:00, run_after=2024-09-25 00:00:00+00:00
[2024-09-26T00:17:08.788+0100] {logging_mixin.py:190} INFO - [2024-09-26T00:17:08.787+0100] {dag.py:4180} INFO - Setting next_dagrun for dataset_with_extra_by_yield to 2024-09-24 00:00:00+00:00, run_after=2024-09-25 00:00:00+00:00
[2024-09-26T00:17:08.796+0100] {logging_mixin.py:190} INFO - [2024-09-26T00:17:08.795+0100] {dag.py:4180} INFO - Setting next_dagrun for dataset_with_extra_from_classic_operator to 2024-09-24 00:00:00+00:00, run_after=2024-09-25 00:00:00+00:00
[2024-09-26T00:17:08.889+0100] {processor.py:208} INFO - Processing /Users/rtewelde/airflow_venv/lib/python3.11/site-packages/airflow/example_dags/example_outlet_event_extra.py took 1.731 seconds
[2024-09-26T00:55:11.257+0100] {processor.py:186} INFO - Started process (PID=26485) to work on /Users/rtewelde/airflow_venv/lib/python3.11/site-packages/airflow/example_dags/example_outlet_event_extra.py
[2024-09-26T00:55:11.261+0100] {processor.py:914} INFO - Processing file /Users/rtewelde/airflow_venv/lib/python3.11/site-packages/airflow/example_dags/example_outlet_event_extra.py for tasks to queue
[2024-09-26T00:55:11.264+0100] {logging_mixin.py:190} INFO - [2024-09-26T00:55:11.263+0100] {dagbag.py:588} INFO - Filling up the DagBag from /Users/rtewelde/airflow_venv/lib/python3.11/site-packages/airflow/example_dags/example_outlet_event_extra.py
[2024-09-26T00:55:11.583+0100] {processor.py:925} INFO - DAG(s) 'dataset_with_extra_by_yield', 'dataset_with_extra_from_classic_operator', 'dataset_with_extra_by_context' retrieved from /Users/rtewelde/airflow_venv/lib/python3.11/site-packages/airflow/example_dags/example_outlet_event_extra.py
[2024-09-26T00:55:12.194+0100] {logging_mixin.py:190} INFO - [2024-09-26T00:55:12.193+0100] {dag.py:3239} INFO - Sync 3 DAGs
[2024-09-26T00:55:12.277+0100] {logging_mixin.py:190} INFO - [2024-09-26T00:55:12.276+0100] {dag.py:4180} INFO - Setting next_dagrun for dataset_with_extra_by_context to 2024-09-24 00:00:00+00:00, run_after=2024-09-25 00:00:00+00:00
[2024-09-26T00:55:12.295+0100] {logging_mixin.py:190} INFO - [2024-09-26T00:55:12.294+0100] {dag.py:4180} INFO - Setting next_dagrun for dataset_with_extra_by_yield to 2024-09-24 00:00:00+00:00, run_after=2024-09-25 00:00:00+00:00
[2024-09-26T00:55:12.303+0100] {logging_mixin.py:190} INFO - [2024-09-26T00:55:12.303+0100] {dag.py:4180} INFO - Setting next_dagrun for dataset_with_extra_from_classic_operator to 2024-09-24 00:00:00+00:00, run_after=2024-09-25 00:00:00+00:00
[2024-09-26T00:55:12.380+0100] {processor.py:208} INFO - Processing /Users/rtewelde/airflow_venv/lib/python3.11/site-packages/airflow/example_dags/example_outlet_event_extra.py took 1.132 seconds
