[2024-09-25T12:48:07.216+0100] {processor.py:186} INFO - Started process (PID=12431) to work on /Users/rtewelde/airflow_venv/lib/python3.11/site-packages/airflow/example_dags/example_xcomargs.py
[2024-09-25T12:48:07.219+0100] {processor.py:914} INFO - Processing file /Users/rtewelde/airflow_venv/lib/python3.11/site-packages/airflow/example_dags/example_xcomargs.py for tasks to queue
[2024-09-25T12:48:07.223+0100] {logging_mixin.py:190} INFO - [2024-09-25T12:48:07.221+0100] {dagbag.py:588} INFO - Filling up the DagBag from /Users/rtewelde/airflow_venv/lib/python3.11/site-packages/airflow/example_dags/example_xcomargs.py
[2024-09-25T12:48:07.270+0100] {processor.py:925} INFO - DAG(s) 'example_xcom_args_with_operators', 'example_xcom_args' retrieved from /Users/rtewelde/airflow_venv/lib/python3.11/site-packages/airflow/example_dags/example_xcomargs.py
[2024-09-25T12:48:07.441+0100] {logging_mixin.py:190} INFO - [2024-09-25T12:48:07.441+0100] {dag.py:3239} INFO - Sync 2 DAGs
[2024-09-25T12:48:07.455+0100] {logging_mixin.py:190} INFO - [2024-09-25T12:48:07.455+0100] {dag.py:4180} INFO - Setting next_dagrun for example_xcom_args to None, run_after=None
[2024-09-25T12:48:07.459+0100] {logging_mixin.py:190} INFO - [2024-09-25T12:48:07.459+0100] {dag.py:4180} INFO - Setting next_dagrun for example_xcom_args_with_operators to None, run_after=None
[2024-09-25T12:48:07.476+0100] {processor.py:208} INFO - Processing /Users/rtewelde/airflow_venv/lib/python3.11/site-packages/airflow/example_dags/example_xcomargs.py took 0.264 seconds
[2024-09-25T12:51:53.723+0100] {processor.py:186} INFO - Started process (PID=13825) to work on /Users/rtewelde/airflow_venv/lib/python3.11/site-packages/airflow/example_dags/example_xcomargs.py
[2024-09-25T12:51:53.724+0100] {processor.py:914} INFO - Processing file /Users/rtewelde/airflow_venv/lib/python3.11/site-packages/airflow/example_dags/example_xcomargs.py for tasks to queue
[2024-09-25T12:51:53.725+0100] {logging_mixin.py:190} INFO - [2024-09-25T12:51:53.725+0100] {dagbag.py:588} INFO - Filling up the DagBag from /Users/rtewelde/airflow_venv/lib/python3.11/site-packages/airflow/example_dags/example_xcomargs.py
[2024-09-25T12:51:53.765+0100] {processor.py:925} INFO - DAG(s) 'example_xcom_args', 'example_xcom_args_with_operators' retrieved from /Users/rtewelde/airflow_venv/lib/python3.11/site-packages/airflow/example_dags/example_xcomargs.py
[2024-09-25T12:51:53.938+0100] {logging_mixin.py:190} INFO - [2024-09-25T12:51:53.938+0100] {dag.py:3239} INFO - Sync 2 DAGs
[2024-09-25T12:51:53.951+0100] {logging_mixin.py:190} INFO - [2024-09-25T12:51:53.951+0100] {dag.py:4180} INFO - Setting next_dagrun for example_xcom_args to None, run_after=None
[2024-09-25T12:51:53.955+0100] {logging_mixin.py:190} INFO - [2024-09-25T12:51:53.955+0100] {dag.py:4180} INFO - Setting next_dagrun for example_xcom_args_with_operators to None, run_after=None
[2024-09-25T12:51:53.971+0100] {processor.py:208} INFO - Processing /Users/rtewelde/airflow_venv/lib/python3.11/site-packages/airflow/example_dags/example_xcomargs.py took 0.250 seconds
[2024-09-25T21:02:00.520+0100] {processor.py:186} INFO - Started process (PID=15087) to work on /Users/rtewelde/airflow_venv/lib/python3.11/site-packages/airflow/example_dags/example_xcomargs.py
[2024-09-25T21:02:00.524+0100] {processor.py:914} INFO - Processing file /Users/rtewelde/airflow_venv/lib/python3.11/site-packages/airflow/example_dags/example_xcomargs.py for tasks to queue
[2024-09-25T21:02:00.527+0100] {logging_mixin.py:190} INFO - [2024-09-25T21:02:00.526+0100] {dagbag.py:588} INFO - Filling up the DagBag from /Users/rtewelde/airflow_venv/lib/python3.11/site-packages/airflow/example_dags/example_xcomargs.py
[2024-09-25T21:02:00.694+0100] {processor.py:925} INFO - DAG(s) 'example_xcom_args', 'example_xcom_args_with_operators' retrieved from /Users/rtewelde/airflow_venv/lib/python3.11/site-packages/airflow/example_dags/example_xcomargs.py
[2024-09-25T21:02:01.539+0100] {logging_mixin.py:190} INFO - [2024-09-25T21:02:01.537+0100] {dag.py:3239} INFO - Sync 2 DAGs
[2024-09-25T21:02:01.606+0100] {logging_mixin.py:190} INFO - [2024-09-25T21:02:01.604+0100] {dag.py:4180} INFO - Setting next_dagrun for example_xcom_args to None, run_after=None
[2024-09-25T21:02:01.621+0100] {logging_mixin.py:190} INFO - [2024-09-25T21:02:01.620+0100] {dag.py:4180} INFO - Setting next_dagrun for example_xcom_args_with_operators to None, run_after=None
[2024-09-25T21:02:01.693+0100] {processor.py:208} INFO - Processing /Users/rtewelde/airflow_venv/lib/python3.11/site-packages/airflow/example_dags/example_xcomargs.py took 1.187 seconds
[2024-09-25T23:26:35.274+0100] {processor.py:186} INFO - Started process (PID=17448) to work on /Users/rtewelde/airflow_venv/lib/python3.11/site-packages/airflow/example_dags/example_xcomargs.py
[2024-09-25T23:26:35.279+0100] {processor.py:914} INFO - Processing file /Users/rtewelde/airflow_venv/lib/python3.11/site-packages/airflow/example_dags/example_xcomargs.py for tasks to queue
[2024-09-25T23:26:35.285+0100] {logging_mixin.py:190} INFO - [2024-09-25T23:26:35.283+0100] {dagbag.py:588} INFO - Filling up the DagBag from /Users/rtewelde/airflow_venv/lib/python3.11/site-packages/airflow/example_dags/example_xcomargs.py
[2024-09-25T23:26:35.453+0100] {processor.py:925} INFO - DAG(s) 'example_xcom_args', 'example_xcom_args_with_operators' retrieved from /Users/rtewelde/airflow_venv/lib/python3.11/site-packages/airflow/example_dags/example_xcomargs.py
[2024-09-25T23:26:36.126+0100] {logging_mixin.py:190} INFO - [2024-09-25T23:26:36.125+0100] {dag.py:3239} INFO - Sync 2 DAGs
[2024-09-25T23:26:36.194+0100] {logging_mixin.py:190} INFO - [2024-09-25T23:26:36.193+0100] {dag.py:4180} INFO - Setting next_dagrun for example_xcom_args to None, run_after=None
[2024-09-25T23:26:36.208+0100] {logging_mixin.py:190} INFO - [2024-09-25T23:26:36.207+0100] {dag.py:4180} INFO - Setting next_dagrun for example_xcom_args_with_operators to None, run_after=None
[2024-09-25T23:26:36.290+0100] {processor.py:208} INFO - Processing /Users/rtewelde/airflow_venv/lib/python3.11/site-packages/airflow/example_dags/example_xcomargs.py took 1.030 seconds
[2024-09-25T23:35:19.459+0100] {processor.py:186} INFO - Started process (PID=19715) to work on /Users/rtewelde/airflow_venv/lib/python3.11/site-packages/airflow/example_dags/example_xcomargs.py
[2024-09-25T23:35:19.462+0100] {processor.py:914} INFO - Processing file /Users/rtewelde/airflow_venv/lib/python3.11/site-packages/airflow/example_dags/example_xcomargs.py for tasks to queue
[2024-09-25T23:35:19.465+0100] {logging_mixin.py:190} INFO - [2024-09-25T23:35:19.465+0100] {dagbag.py:588} INFO - Filling up the DagBag from /Users/rtewelde/airflow_venv/lib/python3.11/site-packages/airflow/example_dags/example_xcomargs.py
[2024-09-25T23:35:19.603+0100] {processor.py:925} INFO - DAG(s) 'example_xcom_args_with_operators', 'example_xcom_args' retrieved from /Users/rtewelde/airflow_venv/lib/python3.11/site-packages/airflow/example_dags/example_xcomargs.py
[2024-09-25T23:35:20.220+0100] {logging_mixin.py:190} INFO - [2024-09-25T23:35:20.220+0100] {dag.py:3239} INFO - Sync 2 DAGs
[2024-09-25T23:35:20.283+0100] {logging_mixin.py:190} INFO - [2024-09-25T23:35:20.280+0100] {dag.py:4180} INFO - Setting next_dagrun for example_xcom_args to None, run_after=None
[2024-09-25T23:35:20.298+0100] {logging_mixin.py:190} INFO - [2024-09-25T23:35:20.297+0100] {dag.py:4180} INFO - Setting next_dagrun for example_xcom_args_with_operators to None, run_after=None
[2024-09-25T23:35:20.367+0100] {processor.py:208} INFO - Processing /Users/rtewelde/airflow_venv/lib/python3.11/site-packages/airflow/example_dags/example_xcomargs.py took 0.917 seconds
[2024-09-26T00:13:26.415+0100] {processor.py:186} INFO - Started process (PID=21889) to work on /Users/rtewelde/airflow_venv/lib/python3.11/site-packages/airflow/example_dags/example_xcomargs.py
[2024-09-26T00:13:26.421+0100] {processor.py:914} INFO - Processing file /Users/rtewelde/airflow_venv/lib/python3.11/site-packages/airflow/example_dags/example_xcomargs.py for tasks to queue
[2024-09-26T00:13:26.424+0100] {logging_mixin.py:190} INFO - [2024-09-26T00:13:26.423+0100] {dagbag.py:588} INFO - Filling up the DagBag from /Users/rtewelde/airflow_venv/lib/python3.11/site-packages/airflow/example_dags/example_xcomargs.py
[2024-09-26T00:13:26.620+0100] {processor.py:925} INFO - DAG(s) 'example_xcom_args', 'example_xcom_args_with_operators' retrieved from /Users/rtewelde/airflow_venv/lib/python3.11/site-packages/airflow/example_dags/example_xcomargs.py
[2024-09-26T00:13:27.257+0100] {logging_mixin.py:190} INFO - [2024-09-26T00:13:27.256+0100] {dag.py:3239} INFO - Sync 2 DAGs
[2024-09-26T00:13:27.306+0100] {logging_mixin.py:190} INFO - [2024-09-26T00:13:27.305+0100] {dag.py:4180} INFO - Setting next_dagrun for example_xcom_args to None, run_after=None
[2024-09-26T00:13:27.318+0100] {logging_mixin.py:190} INFO - [2024-09-26T00:13:27.317+0100] {dag.py:4180} INFO - Setting next_dagrun for example_xcom_args_with_operators to None, run_after=None
[2024-09-26T00:13:27.378+0100] {processor.py:208} INFO - Processing /Users/rtewelde/airflow_venv/lib/python3.11/site-packages/airflow/example_dags/example_xcomargs.py took 0.971 seconds
[2024-09-26T00:22:07.500+0100] {processor.py:186} INFO - Started process (PID=25663) to work on /Users/rtewelde/airflow_venv/lib/python3.11/site-packages/airflow/example_dags/example_xcomargs.py
[2024-09-26T00:22:07.503+0100] {processor.py:914} INFO - Processing file /Users/rtewelde/airflow_venv/lib/python3.11/site-packages/airflow/example_dags/example_xcomargs.py for tasks to queue
[2024-09-26T00:22:07.506+0100] {logging_mixin.py:190} INFO - [2024-09-26T00:22:07.506+0100] {dagbag.py:588} INFO - Filling up the DagBag from /Users/rtewelde/airflow_venv/lib/python3.11/site-packages/airflow/example_dags/example_xcomargs.py
[2024-09-26T00:22:07.655+0100] {processor.py:925} INFO - DAG(s) 'example_xcom_args', 'example_xcom_args_with_operators' retrieved from /Users/rtewelde/airflow_venv/lib/python3.11/site-packages/airflow/example_dags/example_xcomargs.py
[2024-09-26T00:22:08.215+0100] {logging_mixin.py:190} INFO - [2024-09-26T00:22:08.214+0100] {dag.py:3239} INFO - Sync 2 DAGs
[2024-09-26T00:22:08.260+0100] {logging_mixin.py:190} INFO - [2024-09-26T00:22:08.260+0100] {dag.py:4180} INFO - Setting next_dagrun for example_xcom_args to None, run_after=None
[2024-09-26T00:22:08.277+0100] {logging_mixin.py:190} INFO - [2024-09-26T00:22:08.276+0100] {dag.py:4180} INFO - Setting next_dagrun for example_xcom_args_with_operators to None, run_after=None
[2024-09-26T00:22:08.334+0100] {processor.py:208} INFO - Processing /Users/rtewelde/airflow_venv/lib/python3.11/site-packages/airflow/example_dags/example_xcomargs.py took 0.842 seconds
