[2024-09-25T12:48:00.831+0100] {processor.py:186} INFO - Started process (PID=12394) to work on /Users/rtewelde/airflow_venv/lib/python3.11/site-packages/airflow/example_dags/tutorial_dag.py
[2024-09-25T12:48:00.832+0100] {processor.py:914} INFO - Processing file /Users/rtewelde/airflow_venv/lib/python3.11/site-packages/airflow/example_dags/tutorial_dag.py for tasks to queue
[2024-09-25T12:48:00.833+0100] {logging_mixin.py:190} INFO - [2024-09-25T12:48:00.833+0100] {dagbag.py:588} INFO - Filling up the DagBag from /Users/rtewelde/airflow_venv/lib/python3.11/site-packages/airflow/example_dags/tutorial_dag.py
[2024-09-25T12:48:00.858+0100] {processor.py:925} INFO - DAG(s) 'tutorial_dag' retrieved from /Users/rtewelde/airflow_venv/lib/python3.11/site-packages/airflow/example_dags/tutorial_dag.py
[2024-09-25T12:48:01.046+0100] {logging_mixin.py:190} INFO - [2024-09-25T12:48:01.045+0100] {dag.py:3239} INFO - Sync 1 DAGs
[2024-09-25T12:48:01.057+0100] {logging_mixin.py:190} INFO - [2024-09-25T12:48:01.057+0100] {dag.py:4180} INFO - Setting next_dagrun for tutorial_dag to None, run_after=None
[2024-09-25T12:48:01.077+0100] {processor.py:208} INFO - Processing /Users/rtewelde/airflow_venv/lib/python3.11/site-packages/airflow/example_dags/tutorial_dag.py took 0.248 seconds
[2024-09-25T12:51:47.016+0100] {processor.py:186} INFO - Started process (PID=13796) to work on /Users/rtewelde/airflow_venv/lib/python3.11/site-packages/airflow/example_dags/tutorial_dag.py
[2024-09-25T12:51:47.017+0100] {processor.py:914} INFO - Processing file /Users/rtewelde/airflow_venv/lib/python3.11/site-packages/airflow/example_dags/tutorial_dag.py for tasks to queue
[2024-09-25T12:51:47.019+0100] {logging_mixin.py:190} INFO - [2024-09-25T12:51:47.018+0100] {dagbag.py:588} INFO - Filling up the DagBag from /Users/rtewelde/airflow_venv/lib/python3.11/site-packages/airflow/example_dags/tutorial_dag.py
[2024-09-25T12:51:47.043+0100] {processor.py:925} INFO - DAG(s) 'tutorial_dag' retrieved from /Users/rtewelde/airflow_venv/lib/python3.11/site-packages/airflow/example_dags/tutorial_dag.py
[2024-09-25T12:51:47.203+0100] {logging_mixin.py:190} INFO - [2024-09-25T12:51:47.202+0100] {dag.py:3239} INFO - Sync 1 DAGs
[2024-09-25T12:51:47.214+0100] {logging_mixin.py:190} INFO - [2024-09-25T12:51:47.213+0100] {dag.py:4180} INFO - Setting next_dagrun for tutorial_dag to None, run_after=None
[2024-09-25T12:51:47.233+0100] {processor.py:208} INFO - Processing /Users/rtewelde/airflow_venv/lib/python3.11/site-packages/airflow/example_dags/tutorial_dag.py took 0.220 seconds
[2024-09-25T21:01:41.312+0100] {processor.py:186} INFO - Started process (PID=15021) to work on /Users/rtewelde/airflow_venv/lib/python3.11/site-packages/airflow/example_dags/tutorial_dag.py
[2024-09-25T21:01:41.316+0100] {processor.py:914} INFO - Processing file /Users/rtewelde/airflow_venv/lib/python3.11/site-packages/airflow/example_dags/tutorial_dag.py for tasks to queue
[2024-09-25T21:01:41.320+0100] {logging_mixin.py:190} INFO - [2024-09-25T21:01:41.319+0100] {dagbag.py:588} INFO - Filling up the DagBag from /Users/rtewelde/airflow_venv/lib/python3.11/site-packages/airflow/example_dags/tutorial_dag.py
[2024-09-25T21:01:41.422+0100] {processor.py:925} INFO - DAG(s) 'tutorial_dag' retrieved from /Users/rtewelde/airflow_venv/lib/python3.11/site-packages/airflow/example_dags/tutorial_dag.py
[2024-09-25T21:01:42.149+0100] {logging_mixin.py:190} INFO - [2024-09-25T21:01:42.147+0100] {dag.py:3239} INFO - Sync 1 DAGs
[2024-09-25T21:01:42.216+0100] {logging_mixin.py:190} INFO - [2024-09-25T21:01:42.215+0100] {dag.py:4180} INFO - Setting next_dagrun for tutorial_dag to None, run_after=None
[2024-09-25T21:01:42.311+0100] {processor.py:208} INFO - Processing /Users/rtewelde/airflow_venv/lib/python3.11/site-packages/airflow/example_dags/tutorial_dag.py took 1.009 seconds
[2024-09-25T23:26:15.909+0100] {processor.py:186} INFO - Started process (PID=17353) to work on /Users/rtewelde/airflow_venv/lib/python3.11/site-packages/airflow/example_dags/tutorial_dag.py
[2024-09-25T23:26:15.914+0100] {processor.py:914} INFO - Processing file /Users/rtewelde/airflow_venv/lib/python3.11/site-packages/airflow/example_dags/tutorial_dag.py for tasks to queue
[2024-09-25T23:26:15.918+0100] {logging_mixin.py:190} INFO - [2024-09-25T23:26:15.918+0100] {dagbag.py:588} INFO - Filling up the DagBag from /Users/rtewelde/airflow_venv/lib/python3.11/site-packages/airflow/example_dags/tutorial_dag.py
[2024-09-25T23:26:16.007+0100] {processor.py:925} INFO - DAG(s) 'tutorial_dag' retrieved from /Users/rtewelde/airflow_venv/lib/python3.11/site-packages/airflow/example_dags/tutorial_dag.py
[2024-09-25T23:26:16.609+0100] {logging_mixin.py:190} INFO - [2024-09-25T23:26:16.608+0100] {dag.py:3239} INFO - Sync 1 DAGs
[2024-09-25T23:26:16.659+0100] {logging_mixin.py:190} INFO - [2024-09-25T23:26:16.658+0100] {dag.py:4180} INFO - Setting next_dagrun for tutorial_dag to None, run_after=None
[2024-09-25T23:26:16.748+0100] {processor.py:208} INFO - Processing /Users/rtewelde/airflow_venv/lib/python3.11/site-packages/airflow/example_dags/tutorial_dag.py took 0.851 seconds
[2024-09-25T23:35:01.846+0100] {processor.py:186} INFO - Started process (PID=19641) to work on /Users/rtewelde/airflow_venv/lib/python3.11/site-packages/airflow/example_dags/tutorial_dag.py
[2024-09-25T23:35:01.850+0100] {processor.py:914} INFO - Processing file /Users/rtewelde/airflow_venv/lib/python3.11/site-packages/airflow/example_dags/tutorial_dag.py for tasks to queue
[2024-09-25T23:35:01.854+0100] {logging_mixin.py:190} INFO - [2024-09-25T23:35:01.853+0100] {dagbag.py:588} INFO - Filling up the DagBag from /Users/rtewelde/airflow_venv/lib/python3.11/site-packages/airflow/example_dags/tutorial_dag.py
[2024-09-25T23:35:01.953+0100] {processor.py:925} INFO - DAG(s) 'tutorial_dag' retrieved from /Users/rtewelde/airflow_venv/lib/python3.11/site-packages/airflow/example_dags/tutorial_dag.py
[2024-09-25T23:35:02.513+0100] {logging_mixin.py:190} INFO - [2024-09-25T23:35:02.512+0100] {dag.py:3239} INFO - Sync 1 DAGs
[2024-09-25T23:35:02.551+0100] {logging_mixin.py:190} INFO - [2024-09-25T23:35:02.550+0100] {dag.py:4180} INFO - Setting next_dagrun for tutorial_dag to None, run_after=None
[2024-09-25T23:35:02.627+0100] {processor.py:208} INFO - Processing /Users/rtewelde/airflow_venv/lib/python3.11/site-packages/airflow/example_dags/tutorial_dag.py took 0.799 seconds
[2024-09-26T00:13:02.540+0100] {processor.py:186} INFO - Started process (PID=21731) to work on /Users/rtewelde/airflow_venv/lib/python3.11/site-packages/airflow/example_dags/tutorial_dag.py
[2024-09-26T00:13:02.545+0100] {processor.py:914} INFO - Processing file /Users/rtewelde/airflow_venv/lib/python3.11/site-packages/airflow/example_dags/tutorial_dag.py for tasks to queue
[2024-09-26T00:13:02.550+0100] {logging_mixin.py:190} INFO - [2024-09-26T00:13:02.549+0100] {dagbag.py:588} INFO - Filling up the DagBag from /Users/rtewelde/airflow_venv/lib/python3.11/site-packages/airflow/example_dags/tutorial_dag.py
[2024-09-26T00:13:02.646+0100] {processor.py:925} INFO - DAG(s) 'tutorial_dag' retrieved from /Users/rtewelde/airflow_venv/lib/python3.11/site-packages/airflow/example_dags/tutorial_dag.py
[2024-09-26T00:13:03.233+0100] {logging_mixin.py:190} INFO - [2024-09-26T00:13:03.232+0100] {dag.py:3239} INFO - Sync 1 DAGs
[2024-09-26T00:13:03.276+0100] {logging_mixin.py:190} INFO - [2024-09-26T00:13:03.275+0100] {dag.py:4180} INFO - Setting next_dagrun for tutorial_dag to None, run_after=None
[2024-09-26T00:13:03.350+0100] {processor.py:208} INFO - Processing /Users/rtewelde/airflow_venv/lib/python3.11/site-packages/airflow/example_dags/tutorial_dag.py took 0.823 seconds
[2024-09-26T00:21:49.356+0100] {processor.py:186} INFO - Started process (PID=25591) to work on /Users/rtewelde/airflow_venv/lib/python3.11/site-packages/airflow/example_dags/tutorial_dag.py
[2024-09-26T00:21:49.361+0100] {processor.py:914} INFO - Processing file /Users/rtewelde/airflow_venv/lib/python3.11/site-packages/airflow/example_dags/tutorial_dag.py for tasks to queue
[2024-09-26T00:21:49.366+0100] {logging_mixin.py:190} INFO - [2024-09-26T00:21:49.365+0100] {dagbag.py:588} INFO - Filling up the DagBag from /Users/rtewelde/airflow_venv/lib/python3.11/site-packages/airflow/example_dags/tutorial_dag.py
[2024-09-26T00:21:49.458+0100] {processor.py:925} INFO - DAG(s) 'tutorial_dag' retrieved from /Users/rtewelde/airflow_venv/lib/python3.11/site-packages/airflow/example_dags/tutorial_dag.py
[2024-09-26T00:21:50.018+0100] {logging_mixin.py:190} INFO - [2024-09-26T00:21:50.016+0100] {dag.py:3239} INFO - Sync 1 DAGs
[2024-09-26T00:21:50.057+0100] {logging_mixin.py:190} INFO - [2024-09-26T00:21:50.056+0100] {dag.py:4180} INFO - Setting next_dagrun for tutorial_dag to None, run_after=None
[2024-09-26T00:21:50.132+0100] {processor.py:208} INFO - Processing /Users/rtewelde/airflow_venv/lib/python3.11/site-packages/airflow/example_dags/tutorial_dag.py took 0.786 seconds
