[2024-09-25T12:48:04.007+0100] {processor.py:186} INFO - Started process (PID=12414) to work on /Users/rtewelde/airflow_venv/lib/python3.11/site-packages/airflow/example_dags/tutorial.py
[2024-09-25T12:48:04.008+0100] {processor.py:914} INFO - Processing file /Users/rtewelde/airflow_venv/lib/python3.11/site-packages/airflow/example_dags/tutorial.py for tasks to queue
[2024-09-25T12:48:04.008+0100] {logging_mixin.py:190} INFO - [2024-09-25T12:48:04.008+0100] {dagbag.py:588} INFO - Filling up the DagBag from /Users/rtewelde/airflow_venv/lib/python3.11/site-packages/airflow/example_dags/tutorial.py
[2024-09-25T12:48:04.018+0100] {processor.py:925} INFO - DAG(s) 'tutorial' retrieved from /Users/rtewelde/airflow_venv/lib/python3.11/site-packages/airflow/example_dags/tutorial.py
[2024-09-25T12:48:04.178+0100] {logging_mixin.py:190} INFO - [2024-09-25T12:48:04.178+0100] {dag.py:3239} INFO - Sync 1 DAGs
[2024-09-25T12:48:04.198+0100] {logging_mixin.py:190} INFO - [2024-09-25T12:48:04.198+0100] {dag.py:4180} INFO - Setting next_dagrun for tutorial to 2024-09-24 00:00:00+00:00, run_after=2024-09-25 00:00:00+00:00
[2024-09-25T12:48:04.217+0100] {processor.py:208} INFO - Processing /Users/rtewelde/airflow_venv/lib/python3.11/site-packages/airflow/example_dags/tutorial.py took 0.213 seconds
[2024-09-25T12:51:50.382+0100] {processor.py:186} INFO - Started process (PID=13816) to work on /Users/rtewelde/airflow_venv/lib/python3.11/site-packages/airflow/example_dags/tutorial.py
[2024-09-25T12:51:50.384+0100] {processor.py:914} INFO - Processing file /Users/rtewelde/airflow_venv/lib/python3.11/site-packages/airflow/example_dags/tutorial.py for tasks to queue
[2024-09-25T12:51:50.385+0100] {logging_mixin.py:190} INFO - [2024-09-25T12:51:50.385+0100] {dagbag.py:588} INFO - Filling up the DagBag from /Users/rtewelde/airflow_venv/lib/python3.11/site-packages/airflow/example_dags/tutorial.py
[2024-09-25T12:51:50.395+0100] {processor.py:925} INFO - DAG(s) 'tutorial' retrieved from /Users/rtewelde/airflow_venv/lib/python3.11/site-packages/airflow/example_dags/tutorial.py
[2024-09-25T12:51:50.565+0100] {logging_mixin.py:190} INFO - [2024-09-25T12:51:50.565+0100] {dag.py:3239} INFO - Sync 1 DAGs
[2024-09-25T12:51:50.584+0100] {logging_mixin.py:190} INFO - [2024-09-25T12:51:50.584+0100] {dag.py:4180} INFO - Setting next_dagrun for tutorial to 2024-09-24 00:00:00+00:00, run_after=2024-09-25 00:00:00+00:00
[2024-09-25T12:51:50.602+0100] {processor.py:208} INFO - Processing /Users/rtewelde/airflow_venv/lib/python3.11/site-packages/airflow/example_dags/tutorial.py took 0.221 seconds
[2024-09-25T21:01:50.802+0100] {processor.py:186} INFO - Started process (PID=15040) to work on /Users/rtewelde/airflow_venv/lib/python3.11/site-packages/airflow/example_dags/tutorial.py
[2024-09-25T21:01:50.806+0100] {processor.py:914} INFO - Processing file /Users/rtewelde/airflow_venv/lib/python3.11/site-packages/airflow/example_dags/tutorial.py for tasks to queue
[2024-09-25T21:01:50.810+0100] {logging_mixin.py:190} INFO - [2024-09-25T21:01:50.809+0100] {dagbag.py:588} INFO - Filling up the DagBag from /Users/rtewelde/airflow_venv/lib/python3.11/site-packages/airflow/example_dags/tutorial.py
[2024-09-25T21:01:50.848+0100] {processor.py:925} INFO - DAG(s) 'tutorial' retrieved from /Users/rtewelde/airflow_venv/lib/python3.11/site-packages/airflow/example_dags/tutorial.py
[2024-09-25T21:01:51.624+0100] {logging_mixin.py:190} INFO - [2024-09-25T21:01:51.623+0100] {dag.py:3239} INFO - Sync 1 DAGs
[2024-09-25T21:01:51.693+0100] {logging_mixin.py:190} INFO - [2024-09-25T21:01:51.692+0100] {dag.py:4180} INFO - Setting next_dagrun for tutorial to 2024-09-24 00:00:00+00:00, run_after=2024-09-25 00:00:00+00:00
[2024-09-25T21:01:51.760+0100] {processor.py:208} INFO - Processing /Users/rtewelde/airflow_venv/lib/python3.11/site-packages/airflow/example_dags/tutorial.py took 0.966 seconds
[2024-09-25T23:26:25.424+0100] {processor.py:186} INFO - Started process (PID=17406) to work on /Users/rtewelde/airflow_venv/lib/python3.11/site-packages/airflow/example_dags/tutorial.py
[2024-09-25T23:26:25.428+0100] {processor.py:914} INFO - Processing file /Users/rtewelde/airflow_venv/lib/python3.11/site-packages/airflow/example_dags/tutorial.py for tasks to queue
[2024-09-25T23:26:25.432+0100] {logging_mixin.py:190} INFO - [2024-09-25T23:26:25.431+0100] {dagbag.py:588} INFO - Filling up the DagBag from /Users/rtewelde/airflow_venv/lib/python3.11/site-packages/airflow/example_dags/tutorial.py
[2024-09-25T23:26:25.460+0100] {processor.py:925} INFO - DAG(s) 'tutorial' retrieved from /Users/rtewelde/airflow_venv/lib/python3.11/site-packages/airflow/example_dags/tutorial.py
[2024-09-25T23:26:26.081+0100] {logging_mixin.py:190} INFO - [2024-09-25T23:26:26.079+0100] {dag.py:3239} INFO - Sync 1 DAGs
[2024-09-25T23:26:26.158+0100] {logging_mixin.py:190} INFO - [2024-09-25T23:26:26.158+0100] {dag.py:4180} INFO - Setting next_dagrun for tutorial to 2024-09-24 00:00:00+00:00, run_after=2024-09-25 00:00:00+00:00
[2024-09-25T23:26:26.231+0100] {processor.py:208} INFO - Processing /Users/rtewelde/airflow_venv/lib/python3.11/site-packages/airflow/example_dags/tutorial.py took 0.815 seconds
[2024-09-25T23:35:10.564+0100] {processor.py:186} INFO - Started process (PID=19679) to work on /Users/rtewelde/airflow_venv/lib/python3.11/site-packages/airflow/example_dags/tutorial.py
[2024-09-25T23:35:10.568+0100] {processor.py:914} INFO - Processing file /Users/rtewelde/airflow_venv/lib/python3.11/site-packages/airflow/example_dags/tutorial.py for tasks to queue
[2024-09-25T23:35:10.573+0100] {logging_mixin.py:190} INFO - [2024-09-25T23:35:10.573+0100] {dagbag.py:588} INFO - Filling up the DagBag from /Users/rtewelde/airflow_venv/lib/python3.11/site-packages/airflow/example_dags/tutorial.py
[2024-09-25T23:35:10.602+0100] {processor.py:925} INFO - DAG(s) 'tutorial' retrieved from /Users/rtewelde/airflow_venv/lib/python3.11/site-packages/airflow/example_dags/tutorial.py
[2024-09-25T23:35:11.169+0100] {logging_mixin.py:190} INFO - [2024-09-25T23:35:11.168+0100] {dag.py:3239} INFO - Sync 1 DAGs
[2024-09-25T23:35:11.236+0100] {logging_mixin.py:190} INFO - [2024-09-25T23:35:11.235+0100] {dag.py:4180} INFO - Setting next_dagrun for tutorial to 2024-09-24 00:00:00+00:00, run_after=2024-09-25 00:00:00+00:00
[2024-09-25T23:35:11.302+0100] {processor.py:208} INFO - Processing /Users/rtewelde/airflow_venv/lib/python3.11/site-packages/airflow/example_dags/tutorial.py took 0.747 seconds
[2024-09-26T00:13:14.734+0100] {processor.py:186} INFO - Started process (PID=21789) to work on /Users/rtewelde/airflow_venv/lib/python3.11/site-packages/airflow/example_dags/tutorial.py
[2024-09-26T00:13:14.741+0100] {processor.py:914} INFO - Processing file /Users/rtewelde/airflow_venv/lib/python3.11/site-packages/airflow/example_dags/tutorial.py for tasks to queue
[2024-09-26T00:13:14.747+0100] {logging_mixin.py:190} INFO - [2024-09-26T00:13:14.746+0100] {dagbag.py:588} INFO - Filling up the DagBag from /Users/rtewelde/airflow_venv/lib/python3.11/site-packages/airflow/example_dags/tutorial.py
[2024-09-26T00:13:14.808+0100] {processor.py:925} INFO - DAG(s) 'tutorial' retrieved from /Users/rtewelde/airflow_venv/lib/python3.11/site-packages/airflow/example_dags/tutorial.py
[2024-09-26T00:13:15.833+0100] {logging_mixin.py:190} INFO - [2024-09-26T00:13:15.831+0100] {dag.py:3239} INFO - Sync 1 DAGs
[2024-09-26T00:13:15.931+0100] {logging_mixin.py:190} INFO - [2024-09-26T00:13:15.930+0100] {dag.py:4180} INFO - Setting next_dagrun for tutorial to 2024-09-24 00:00:00+00:00, run_after=2024-09-25 00:00:00+00:00
[2024-09-26T00:13:16.003+0100] {processor.py:208} INFO - Processing /Users/rtewelde/airflow_venv/lib/python3.11/site-packages/airflow/example_dags/tutorial.py took 1.282 seconds
[2024-09-26T00:21:58.059+0100] {processor.py:186} INFO - Started process (PID=25629) to work on /Users/rtewelde/airflow_venv/lib/python3.11/site-packages/airflow/example_dags/tutorial.py
[2024-09-26T00:21:58.062+0100] {processor.py:914} INFO - Processing file /Users/rtewelde/airflow_venv/lib/python3.11/site-packages/airflow/example_dags/tutorial.py for tasks to queue
[2024-09-26T00:21:58.065+0100] {logging_mixin.py:190} INFO - [2024-09-26T00:21:58.065+0100] {dagbag.py:588} INFO - Filling up the DagBag from /Users/rtewelde/airflow_venv/lib/python3.11/site-packages/airflow/example_dags/tutorial.py
[2024-09-26T00:21:58.099+0100] {processor.py:925} INFO - DAG(s) 'tutorial' retrieved from /Users/rtewelde/airflow_venv/lib/python3.11/site-packages/airflow/example_dags/tutorial.py
[2024-09-26T00:21:58.673+0100] {logging_mixin.py:190} INFO - [2024-09-26T00:21:58.672+0100] {dag.py:3239} INFO - Sync 1 DAGs
[2024-09-26T00:21:58.734+0100] {logging_mixin.py:190} INFO - [2024-09-26T00:21:58.734+0100] {dag.py:4180} INFO - Setting next_dagrun for tutorial to 2024-09-24 00:00:00+00:00, run_after=2024-09-25 00:00:00+00:00
[2024-09-26T00:21:58.803+0100] {processor.py:208} INFO - Processing /Users/rtewelde/airflow_venv/lib/python3.11/site-packages/airflow/example_dags/tutorial.py took 0.752 seconds
