[2024-09-22T13:34:49.954+0100] {processor.py:157} INFO - Started process (PID=55933) to work on /Users/rtewelde/airflow/dags/hello_world.py
[2024-09-22T13:34:49.957+0100] {processor.py:829} INFO - Processing file /Users/rtewelde/airflow/dags/hello_world.py for tasks to queue
[2024-09-22T13:34:49.958+0100] {logging_mixin.py:151} INFO - [2024-09-22T13:34:49.958+0100] {dagbag.py:539} INFO - Filling up the DagBag from /Users/rtewelde/airflow/dags/hello_world.py
[2024-09-22T13:34:50.024+0100] {processor.py:839} INFO - DAG(s) dict_keys(['hello_world_dag']) retrieved from /Users/rtewelde/airflow/dags/hello_world.py
[2024-09-22T13:34:50.816+0100] {logging_mixin.py:151} INFO - [2024-09-22T13:34:50.815+0100] {manager.py:501} INFO - Created Permission View: can edit on DAG:hello_world_dag
[2024-09-22T13:34:50.825+0100] {logging_mixin.py:151} INFO - [2024-09-22T13:34:50.825+0100] {manager.py:501} INFO - Created Permission View: can delete on DAG:hello_world_dag
[2024-09-22T13:34:50.831+0100] {logging_mixin.py:151} INFO - [2024-09-22T13:34:50.830+0100] {manager.py:501} INFO - Created Permission View: can read on DAG:hello_world_dag
[2024-09-22T13:34:50.839+0100] {logging_mixin.py:151} INFO - [2024-09-22T13:34:50.839+0100] {dag.py:2907} INFO - Sync 1 DAGs
[2024-09-22T13:34:50.848+0100] {logging_mixin.py:151} INFO - [2024-09-22T13:34:50.848+0100] {dag.py:2929} INFO - Creating ORM DAG for hello_world_dag
[2024-09-22T13:34:50.856+0100] {logging_mixin.py:151} INFO - [2024-09-22T13:34:50.856+0100] {dag.py:3677} INFO - Setting next_dagrun for hello_world_dag to 2024-09-21T00:00:00+00:00, run_after=2024-09-22T00:00:00+00:00
[2024-09-22T13:34:50.871+0100] {processor.py:179} INFO - Processing /Users/rtewelde/airflow/dags/hello_world.py took 0.917 seconds
[2024-09-22T13:36:32.716+0100] {processor.py:157} INFO - Started process (PID=56592) to work on /Users/rtewelde/airflow/dags/hello_world.py
[2024-09-22T13:36:32.720+0100] {processor.py:829} INFO - Processing file /Users/rtewelde/airflow/dags/hello_world.py for tasks to queue
[2024-09-22T13:36:32.720+0100] {logging_mixin.py:151} INFO - [2024-09-22T13:36:32.720+0100] {dagbag.py:539} INFO - Filling up the DagBag from /Users/rtewelde/airflow/dags/hello_world.py
[2024-09-22T13:36:32.785+0100] {processor.py:839} INFO - DAG(s) dict_keys(['hello_world_dag']) retrieved from /Users/rtewelde/airflow/dags/hello_world.py
[2024-09-22T13:36:32.948+0100] {logging_mixin.py:151} INFO - [2024-09-22T13:36:32.948+0100] {dag.py:2907} INFO - Sync 1 DAGs
[2024-09-22T13:36:32.965+0100] {logging_mixin.py:151} INFO - [2024-09-22T13:36:32.964+0100] {dag.py:3677} INFO - Setting next_dagrun for hello_world_dag to 2024-09-21T00:00:00+00:00, run_after=2024-09-22T00:00:00+00:00
[2024-09-22T13:36:32.983+0100] {processor.py:179} INFO - Processing /Users/rtewelde/airflow/dags/hello_world.py took 0.267 seconds
[2024-09-22T13:37:45.354+0100] {processor.py:157} INFO - Started process (PID=56950) to work on /Users/rtewelde/airflow/dags/hello_world.py
[2024-09-22T13:37:45.359+0100] {processor.py:829} INFO - Processing file /Users/rtewelde/airflow/dags/hello_world.py for tasks to queue
[2024-09-22T13:37:45.359+0100] {logging_mixin.py:151} INFO - [2024-09-22T13:37:45.359+0100] {dagbag.py:539} INFO - Filling up the DagBag from /Users/rtewelde/airflow/dags/hello_world.py
[2024-09-22T13:37:45.424+0100] {processor.py:839} INFO - DAG(s) dict_keys(['hello_world_dag']) retrieved from /Users/rtewelde/airflow/dags/hello_world.py
[2024-09-22T13:37:45.590+0100] {logging_mixin.py:151} INFO - [2024-09-22T13:37:45.589+0100] {dag.py:2907} INFO - Sync 1 DAGs
[2024-09-22T13:37:45.605+0100] {logging_mixin.py:151} INFO - [2024-09-22T13:37:45.605+0100] {dag.py:3677} INFO - Setting next_dagrun for hello_world_dag to 2024-09-21T00:00:00+00:00, run_after=2024-09-22T00:00:00+00:00
[2024-09-22T13:37:45.622+0100] {processor.py:179} INFO - Processing /Users/rtewelde/airflow/dags/hello_world.py took 0.268 seconds
[2024-09-22T13:39:09.255+0100] {processor.py:157} INFO - Started process (PID=57764) to work on /Users/rtewelde/airflow/dags/hello_world.py
[2024-09-22T13:39:09.259+0100] {processor.py:829} INFO - Processing file /Users/rtewelde/airflow/dags/hello_world.py for tasks to queue
[2024-09-22T13:39:09.259+0100] {logging_mixin.py:151} INFO - [2024-09-22T13:39:09.259+0100] {dagbag.py:539} INFO - Filling up the DagBag from /Users/rtewelde/airflow/dags/hello_world.py
[2024-09-22T13:39:09.318+0100] {processor.py:839} INFO - DAG(s) dict_keys(['hello_world_dag']) retrieved from /Users/rtewelde/airflow/dags/hello_world.py
[2024-09-22T13:39:09.468+0100] {logging_mixin.py:151} INFO - [2024-09-22T13:39:09.468+0100] {dag.py:2907} INFO - Sync 1 DAGs
[2024-09-22T13:39:09.484+0100] {logging_mixin.py:151} INFO - [2024-09-22T13:39:09.484+0100] {dag.py:3677} INFO - Setting next_dagrun for hello_world_dag to 2024-09-21T00:00:00+00:00, run_after=2024-09-22T00:00:00+00:00
[2024-09-22T13:39:09.499+0100] {processor.py:179} INFO - Processing /Users/rtewelde/airflow/dags/hello_world.py took 0.245 seconds
[2024-09-22T13:40:42.649+0100] {processor.py:157} INFO - Started process (PID=58255) to work on /Users/rtewelde/airflow/dags/hello_world.py
[2024-09-22T13:40:42.652+0100] {processor.py:829} INFO - Processing file /Users/rtewelde/airflow/dags/hello_world.py for tasks to queue
[2024-09-22T13:40:42.653+0100] {logging_mixin.py:151} INFO - [2024-09-22T13:40:42.653+0100] {dagbag.py:539} INFO - Filling up the DagBag from /Users/rtewelde/airflow/dags/hello_world.py
[2024-09-22T13:40:42.719+0100] {processor.py:839} INFO - DAG(s) dict_keys(['hello_world_dag']) retrieved from /Users/rtewelde/airflow/dags/hello_world.py
[2024-09-22T13:40:42.881+0100] {logging_mixin.py:151} INFO - [2024-09-22T13:40:42.880+0100] {dag.py:2907} INFO - Sync 1 DAGs
[2024-09-22T13:40:42.896+0100] {logging_mixin.py:151} INFO - [2024-09-22T13:40:42.896+0100] {dag.py:3677} INFO - Setting next_dagrun for hello_world_dag to 2024-09-22T00:00:00+00:00, run_after=2024-09-23T00:00:00+00:00
[2024-09-22T13:40:42.913+0100] {processor.py:179} INFO - Processing /Users/rtewelde/airflow/dags/hello_world.py took 0.265 seconds
[2024-09-22T13:41:59.189+0100] {processor.py:157} INFO - Started process (PID=58754) to work on /Users/rtewelde/airflow/dags/hello_world.py
[2024-09-22T13:41:59.194+0100] {processor.py:829} INFO - Processing file /Users/rtewelde/airflow/dags/hello_world.py for tasks to queue
[2024-09-22T13:41:59.194+0100] {logging_mixin.py:151} INFO - [2024-09-22T13:41:59.194+0100] {dagbag.py:539} INFO - Filling up the DagBag from /Users/rtewelde/airflow/dags/hello_world.py
[2024-09-22T13:41:59.261+0100] {processor.py:839} INFO - DAG(s) dict_keys(['hello_world_dag']) retrieved from /Users/rtewelde/airflow/dags/hello_world.py
[2024-09-22T13:41:59.451+0100] {logging_mixin.py:151} INFO - [2024-09-22T13:41:59.451+0100] {dag.py:2907} INFO - Sync 1 DAGs
[2024-09-22T13:41:59.478+0100] {logging_mixin.py:151} INFO - [2024-09-22T13:41:59.478+0100] {dag.py:3677} INFO - Setting next_dagrun for hello_world_dag to 2024-09-22T00:00:00+00:00, run_after=2024-09-23T00:00:00+00:00
[2024-09-22T13:41:59.501+0100] {processor.py:179} INFO - Processing /Users/rtewelde/airflow/dags/hello_world.py took 0.313 seconds
[2024-09-22T14:22:10.254+0100] {processor.py:186} INFO - Started process (PID=72973) to work on /Users/rtewelde/airflow/dags/hello_world.py
[2024-09-22T14:22:10.255+0100] {processor.py:914} INFO - Processing file /Users/rtewelde/airflow/dags/hello_world.py for tasks to queue
[2024-09-22T14:22:10.256+0100] {logging_mixin.py:190} INFO - [2024-09-22T14:22:10.255+0100] {dagbag.py:588} INFO - Filling up the DagBag from /Users/rtewelde/airflow/dags/hello_world.py
[2024-09-22T14:22:10.279+0100] {processor.py:925} INFO - DAG(s) 'hello_world_dag' retrieved from /Users/rtewelde/airflow/dags/hello_world.py
[2024-09-22T14:22:10.533+0100] {logging_mixin.py:190} INFO - [2024-09-22T14:22:10.532+0100] {dag.py:3239} INFO - Sync 1 DAGs
[2024-09-22T14:22:10.550+0100] {logging_mixin.py:190} INFO - [2024-09-22T14:22:10.550+0100] {dag.py:4180} INFO - Setting next_dagrun for hello_world_dag to 2024-09-22 00:00:00+00:00, run_after=2024-09-23 00:00:00+00:00
[2024-09-22T14:22:10.565+0100] {processor.py:208} INFO - Processing /Users/rtewelde/airflow/dags/hello_world.py took 0.314 seconds
[2024-09-22T14:26:59.075+0100] {processor.py:186} INFO - Started process (PID=74441) to work on /Users/rtewelde/airflow/dags/hello_world.py
[2024-09-22T14:26:59.076+0100] {processor.py:914} INFO - Processing file /Users/rtewelde/airflow/dags/hello_world.py for tasks to queue
[2024-09-22T14:26:59.078+0100] {logging_mixin.py:190} INFO - [2024-09-22T14:26:59.077+0100] {dagbag.py:588} INFO - Filling up the DagBag from /Users/rtewelde/airflow/dags/hello_world.py
[2024-09-22T14:26:59.100+0100] {processor.py:925} INFO - DAG(s) 'hello_world_dag' retrieved from /Users/rtewelde/airflow/dags/hello_world.py
[2024-09-22T14:26:59.248+0100] {logging_mixin.py:190} INFO - [2024-09-22T14:26:59.248+0100] {dag.py:3239} INFO - Sync 1 DAGs
[2024-09-22T14:26:59.267+0100] {logging_mixin.py:190} INFO - [2024-09-22T14:26:59.267+0100] {dag.py:4180} INFO - Setting next_dagrun for hello_world_dag to 2024-09-22 00:00:00+00:00, run_after=2024-09-23 00:00:00+00:00
[2024-09-22T14:26:59.285+0100] {processor.py:208} INFO - Processing /Users/rtewelde/airflow/dags/hello_world.py took 0.212 seconds
[2024-09-22T14:31:37.929+0100] {processor.py:186} INFO - Started process (PID=75807) to work on /Users/rtewelde/airflow/dags/hello_world.py
[2024-09-22T14:31:37.930+0100] {processor.py:914} INFO - Processing file /Users/rtewelde/airflow/dags/hello_world.py for tasks to queue
[2024-09-22T14:31:37.930+0100] {logging_mixin.py:190} INFO - [2024-09-22T14:31:37.930+0100] {dagbag.py:588} INFO - Filling up the DagBag from /Users/rtewelde/airflow/dags/hello_world.py
[2024-09-22T14:31:37.952+0100] {processor.py:925} INFO - DAG(s) 'hello_world_dag' retrieved from /Users/rtewelde/airflow/dags/hello_world.py
[2024-09-22T14:31:38.107+0100] {logging_mixin.py:190} INFO - [2024-09-22T14:31:38.107+0100] {dag.py:3239} INFO - Sync 1 DAGs
[2024-09-22T14:31:38.125+0100] {logging_mixin.py:190} INFO - [2024-09-22T14:31:38.125+0100] {dag.py:4180} INFO - Setting next_dagrun for hello_world_dag to 2024-09-22 00:00:00+00:00, run_after=2024-09-23 00:00:00+00:00
[2024-09-22T14:31:38.142+0100] {processor.py:208} INFO - Processing /Users/rtewelde/airflow/dags/hello_world.py took 0.216 seconds
[2024-09-22T14:37:06.837+0100] {processor.py:186} INFO - Started process (PID=77357) to work on /Users/rtewelde/airflow/dags/hello_world.py
[2024-09-22T14:37:06.840+0100] {processor.py:914} INFO - Processing file /Users/rtewelde/airflow/dags/hello_world.py for tasks to queue
[2024-09-22T14:37:06.841+0100] {logging_mixin.py:190} INFO - [2024-09-22T14:37:06.841+0100] {dagbag.py:588} INFO - Filling up the DagBag from /Users/rtewelde/airflow/dags/hello_world.py
[2024-09-22T14:37:06.873+0100] {processor.py:925} INFO - DAG(s) 'hello_world_dag' retrieved from /Users/rtewelde/airflow/dags/hello_world.py
[2024-09-22T14:37:07.076+0100] {logging_mixin.py:190} INFO - [2024-09-22T14:37:07.076+0100] {dag.py:3239} INFO - Sync 1 DAGs
[2024-09-22T14:37:07.099+0100] {logging_mixin.py:190} INFO - [2024-09-22T14:37:07.099+0100] {dag.py:4180} INFO - Setting next_dagrun for hello_world_dag to 2024-09-22 00:00:00+00:00, run_after=2024-09-23 00:00:00+00:00
[2024-09-22T14:37:07.117+0100] {processor.py:208} INFO - Processing /Users/rtewelde/airflow/dags/hello_world.py took 0.282 seconds
[2024-09-22T14:42:55.140+0100] {processor.py:186} INFO - Started process (PID=79321) to work on /Users/rtewelde/airflow/dags/hello_world.py
[2024-09-22T14:42:55.141+0100] {processor.py:914} INFO - Processing file /Users/rtewelde/airflow/dags/hello_world.py for tasks to queue
[2024-09-22T14:42:55.143+0100] {logging_mixin.py:190} INFO - [2024-09-22T14:42:55.143+0100] {dagbag.py:588} INFO - Filling up the DagBag from /Users/rtewelde/airflow/dags/hello_world.py
[2024-09-22T14:42:55.173+0100] {processor.py:925} INFO - DAG(s) 'hello_world_dag' retrieved from /Users/rtewelde/airflow/dags/hello_world.py
[2024-09-22T14:42:55.340+0100] {logging_mixin.py:190} INFO - [2024-09-22T14:42:55.340+0100] {dag.py:3239} INFO - Sync 1 DAGs
[2024-09-22T14:42:55.362+0100] {logging_mixin.py:190} INFO - [2024-09-22T14:42:55.361+0100] {dag.py:4180} INFO - Setting next_dagrun for hello_world_dag to 2024-09-22 00:00:00+00:00, run_after=2024-09-23 00:00:00+00:00
[2024-09-22T14:42:55.381+0100] {processor.py:208} INFO - Processing /Users/rtewelde/airflow/dags/hello_world.py took 0.243 seconds
[2024-09-22T14:45:16.623+0100] {processor.py:186} INFO - Started process (PID=80007) to work on /Users/rtewelde/airflow/dags/hello_world.py
[2024-09-22T14:45:16.624+0100] {processor.py:914} INFO - Processing file /Users/rtewelde/airflow/dags/hello_world.py for tasks to queue
[2024-09-22T14:45:16.625+0100] {logging_mixin.py:190} INFO - [2024-09-22T14:45:16.625+0100] {dagbag.py:588} INFO - Filling up the DagBag from /Users/rtewelde/airflow/dags/hello_world.py
[2024-09-22T14:45:16.651+0100] {processor.py:925} INFO - DAG(s) 'hello_world_dag' retrieved from /Users/rtewelde/airflow/dags/hello_world.py
[2024-09-22T14:45:16.852+0100] {logging_mixin.py:190} INFO - [2024-09-22T14:45:16.851+0100] {dag.py:3239} INFO - Sync 1 DAGs
[2024-09-22T14:45:16.877+0100] {logging_mixin.py:190} INFO - [2024-09-22T14:45:16.876+0100] {dag.py:4180} INFO - Setting next_dagrun for hello_world_dag to 2024-09-22 00:00:00+00:00, run_after=2024-09-23 00:00:00+00:00
[2024-09-22T14:45:16.897+0100] {processor.py:208} INFO - Processing /Users/rtewelde/airflow/dags/hello_world.py took 0.276 seconds
[2024-09-22T14:49:54.215+0100] {processor.py:186} INFO - Started process (PID=81393) to work on /Users/rtewelde/airflow/dags/hello_world.py
[2024-09-22T14:49:54.217+0100] {processor.py:914} INFO - Processing file /Users/rtewelde/airflow/dags/hello_world.py for tasks to queue
[2024-09-22T14:49:54.218+0100] {logging_mixin.py:190} INFO - [2024-09-22T14:49:54.218+0100] {dagbag.py:588} INFO - Filling up the DagBag from /Users/rtewelde/airflow/dags/hello_world.py
[2024-09-22T14:49:54.245+0100] {processor.py:925} INFO - DAG(s) 'hello_world_dag' retrieved from /Users/rtewelde/airflow/dags/hello_world.py
[2024-09-22T14:49:54.421+0100] {logging_mixin.py:190} INFO - [2024-09-22T14:49:54.420+0100] {dag.py:3239} INFO - Sync 1 DAGs
[2024-09-22T14:49:54.444+0100] {logging_mixin.py:190} INFO - [2024-09-22T14:49:54.443+0100] {dag.py:4180} INFO - Setting next_dagrun for hello_world_dag to 2024-09-22 00:00:00+00:00, run_after=2024-09-23 00:00:00+00:00
[2024-09-22T14:49:54.464+0100] {processor.py:208} INFO - Processing /Users/rtewelde/airflow/dags/hello_world.py took 0.252 seconds
