[2024-12-14T07:43:21.120+0000] {processor.py:186} INFO - Started process (PID=28834) to work on /Users/rtewelde/airflow_venv/lib/python3.11/site-packages/airflow/example_dags/plugins/decreasing_priority_weight_strategy.py
[2024-12-14T07:43:21.122+0000] {processor.py:914} INFO - Processing file /Users/rtewelde/airflow_venv/lib/python3.11/site-packages/airflow/example_dags/plugins/decreasing_priority_weight_strategy.py for tasks to queue
[2024-12-14T07:43:21.122+0000] {logging_mixin.py:190} INFO - [2024-12-14T07:43:21.122+0000] {dagbag.py:588} INFO - Filling up the DagBag from /Users/rtewelde/airflow_venv/lib/python3.11/site-packages/airflow/example_dags/plugins/decreasing_priority_weight_strategy.py
[2024-12-14T07:43:21.123+0000] {processor.py:927} WARNING - No viable dags retrieved from /Users/rtewelde/airflow_venv/lib/python3.11/site-packages/airflow/example_dags/plugins/decreasing_priority_weight_strategy.py
[2024-12-14T07:43:21.212+0000] {processor.py:208} INFO - Processing /Users/rtewelde/airflow_venv/lib/python3.11/site-packages/airflow/example_dags/plugins/decreasing_priority_weight_strategy.py took 0.095 seconds
[2024-12-14T07:54:37.518+0000] {processor.py:186} INFO - Started process (PID=32961) to work on /Users/rtewelde/airflow_venv/lib/python3.11/site-packages/airflow/example_dags/plugins/decreasing_priority_weight_strategy.py
[2024-12-14T07:54:37.518+0000] {processor.py:914} INFO - Processing file /Users/rtewelde/airflow_venv/lib/python3.11/site-packages/airflow/example_dags/plugins/decreasing_priority_weight_strategy.py for tasks to queue
[2024-12-14T07:54:37.519+0000] {logging_mixin.py:190} INFO - [2024-12-14T07:54:37.519+0000] {dagbag.py:588} INFO - Filling up the DagBag from /Users/rtewelde/airflow_venv/lib/python3.11/site-packages/airflow/example_dags/plugins/decreasing_priority_weight_strategy.py
[2024-12-14T07:54:37.520+0000] {processor.py:927} WARNING - No viable dags retrieved from /Users/rtewelde/airflow_venv/lib/python3.11/site-packages/airflow/example_dags/plugins/decreasing_priority_weight_strategy.py
[2024-12-14T07:54:37.600+0000] {processor.py:208} INFO - Processing /Users/rtewelde/airflow_venv/lib/python3.11/site-packages/airflow/example_dags/plugins/decreasing_priority_weight_strategy.py took 0.085 seconds
[2024-12-14T07:57:22.091+0000] {processor.py:186} INFO - Started process (PID=34092) to work on /Users/rtewelde/airflow_venv/lib/python3.11/site-packages/airflow/example_dags/plugins/decreasing_priority_weight_strategy.py
[2024-12-14T07:57:22.092+0000] {processor.py:914} INFO - Processing file /Users/rtewelde/airflow_venv/lib/python3.11/site-packages/airflow/example_dags/plugins/decreasing_priority_weight_strategy.py for tasks to queue
[2024-12-14T07:57:22.093+0000] {logging_mixin.py:190} INFO - [2024-12-14T07:57:22.093+0000] {dagbag.py:588} INFO - Filling up the DagBag from /Users/rtewelde/airflow_venv/lib/python3.11/site-packages/airflow/example_dags/plugins/decreasing_priority_weight_strategy.py
[2024-12-14T07:57:22.094+0000] {processor.py:927} WARNING - No viable dags retrieved from /Users/rtewelde/airflow_venv/lib/python3.11/site-packages/airflow/example_dags/plugins/decreasing_priority_weight_strategy.py
[2024-12-14T07:57:22.186+0000] {processor.py:208} INFO - Processing /Users/rtewelde/airflow_venv/lib/python3.11/site-packages/airflow/example_dags/plugins/decreasing_priority_weight_strategy.py took 0.097 seconds
[2024-12-14T07:59:53.104+0000] {processor.py:186} INFO - Started process (PID=35985) to work on /Users/rtewelde/airflow_venv/lib/python3.11/site-packages/airflow/example_dags/plugins/decreasing_priority_weight_strategy.py
[2024-12-14T07:59:53.105+0000] {processor.py:914} INFO - Processing file /Users/rtewelde/airflow_venv/lib/python3.11/site-packages/airflow/example_dags/plugins/decreasing_priority_weight_strategy.py for tasks to queue
[2024-12-14T07:59:53.106+0000] {logging_mixin.py:190} INFO - [2024-12-14T07:59:53.106+0000] {dagbag.py:588} INFO - Filling up the DagBag from /Users/rtewelde/airflow_venv/lib/python3.11/site-packages/airflow/example_dags/plugins/decreasing_priority_weight_strategy.py
[2024-12-14T07:59:53.108+0000] {processor.py:927} WARNING - No viable dags retrieved from /Users/rtewelde/airflow_venv/lib/python3.11/site-packages/airflow/example_dags/plugins/decreasing_priority_weight_strategy.py
[2024-12-14T07:59:53.263+0000] {processor.py:208} INFO - Processing /Users/rtewelde/airflow_venv/lib/python3.11/site-packages/airflow/example_dags/plugins/decreasing_priority_weight_strategy.py took 0.161 seconds
