[2024-12-14T07:43:12.284+0000] {processor.py:186} INFO - Started process (PID=28790) to work on /Users/rtewelde/airflow_venv/lib/python3.11/site-packages/airflow/example_dags/plugins/workday.py
[2024-12-14T07:43:12.285+0000] {processor.py:914} INFO - Processing file /Users/rtewelde/airflow_venv/lib/python3.11/site-packages/airflow/example_dags/plugins/workday.py for tasks to queue
[2024-12-14T07:43:12.286+0000] {logging_mixin.py:190} INFO - [2024-12-14T07:43:12.286+0000] {dagbag.py:588} INFO - Filling up the DagBag from /Users/rtewelde/airflow_venv/lib/python3.11/site-packages/airflow/example_dags/plugins/workday.py
[2024-12-14T07:43:12.287+0000] {logging_mixin.py:190} INFO - [2024-12-14T07:43:12.287+0000] {workday.py:41} WARNING - Could not import pandas. Holidays will not be considered.
[2024-12-14T07:43:12.288+0000] {processor.py:927} WARNING - No viable dags retrieved from /Users/rtewelde/airflow_venv/lib/python3.11/site-packages/airflow/example_dags/plugins/workday.py
[2024-12-14T07:43:12.392+0000] {processor.py:208} INFO - Processing /Users/rtewelde/airflow_venv/lib/python3.11/site-packages/airflow/example_dags/plugins/workday.py took 0.111 seconds
[2024-12-14T07:54:29.248+0000] {processor.py:186} INFO - Started process (PID=32923) to work on /Users/rtewelde/airflow_venv/lib/python3.11/site-packages/airflow/example_dags/plugins/workday.py
[2024-12-14T07:54:29.249+0000] {processor.py:914} INFO - Processing file /Users/rtewelde/airflow_venv/lib/python3.11/site-packages/airflow/example_dags/plugins/workday.py for tasks to queue
[2024-12-14T07:54:29.250+0000] {logging_mixin.py:190} INFO - [2024-12-14T07:54:29.250+0000] {dagbag.py:588} INFO - Filling up the DagBag from /Users/rtewelde/airflow_venv/lib/python3.11/site-packages/airflow/example_dags/plugins/workday.py
[2024-12-14T07:54:29.251+0000] {logging_mixin.py:190} INFO - [2024-12-14T07:54:29.251+0000] {workday.py:41} WARNING - Could not import pandas. Holidays will not be considered.
[2024-12-14T07:54:29.251+0000] {processor.py:927} WARNING - No viable dags retrieved from /Users/rtewelde/airflow_venv/lib/python3.11/site-packages/airflow/example_dags/plugins/workday.py
[2024-12-14T07:54:29.336+0000] {processor.py:208} INFO - Processing /Users/rtewelde/airflow_venv/lib/python3.11/site-packages/airflow/example_dags/plugins/workday.py took 0.090 seconds
[2024-12-14T07:57:14.030+0000] {processor.py:186} INFO - Started process (PID=34035) to work on /Users/rtewelde/airflow_venv/lib/python3.11/site-packages/airflow/example_dags/plugins/workday.py
[2024-12-14T07:57:14.031+0000] {processor.py:914} INFO - Processing file /Users/rtewelde/airflow_venv/lib/python3.11/site-packages/airflow/example_dags/plugins/workday.py for tasks to queue
[2024-12-14T07:57:14.032+0000] {logging_mixin.py:190} INFO - [2024-12-14T07:57:14.031+0000] {dagbag.py:588} INFO - Filling up the DagBag from /Users/rtewelde/airflow_venv/lib/python3.11/site-packages/airflow/example_dags/plugins/workday.py
[2024-12-14T07:57:14.033+0000] {logging_mixin.py:190} INFO - [2024-12-14T07:57:14.033+0000] {workday.py:41} WARNING - Could not import pandas. Holidays will not be considered.
[2024-12-14T07:57:14.033+0000] {processor.py:927} WARNING - No viable dags retrieved from /Users/rtewelde/airflow_venv/lib/python3.11/site-packages/airflow/example_dags/plugins/workday.py
[2024-12-14T07:57:14.124+0000] {processor.py:208} INFO - Processing /Users/rtewelde/airflow_venv/lib/python3.11/site-packages/airflow/example_dags/plugins/workday.py took 0.096 seconds
[2024-12-14T07:59:42.570+0000] {processor.py:186} INFO - Started process (PID=35823) to work on /Users/rtewelde/airflow_venv/lib/python3.11/site-packages/airflow/example_dags/plugins/workday.py
[2024-12-14T07:59:42.571+0000] {processor.py:914} INFO - Processing file /Users/rtewelde/airflow_venv/lib/python3.11/site-packages/airflow/example_dags/plugins/workday.py for tasks to queue
[2024-12-14T07:59:42.572+0000] {logging_mixin.py:190} INFO - [2024-12-14T07:59:42.572+0000] {dagbag.py:588} INFO - Filling up the DagBag from /Users/rtewelde/airflow_venv/lib/python3.11/site-packages/airflow/example_dags/plugins/workday.py
[2024-12-14T07:59:42.573+0000] {logging_mixin.py:190} INFO - [2024-12-14T07:59:42.573+0000] {workday.py:41} WARNING - Could not import pandas. Holidays will not be considered.
[2024-12-14T07:59:42.574+0000] {processor.py:927} WARNING - No viable dags retrieved from /Users/rtewelde/airflow_venv/lib/python3.11/site-packages/airflow/example_dags/plugins/workday.py
[2024-12-14T07:59:42.680+0000] {processor.py:208} INFO - Processing /Users/rtewelde/airflow_venv/lib/python3.11/site-packages/airflow/example_dags/plugins/workday.py took 0.112 seconds
