[2024-12-14T07:43:06.138+0000] {processor.py:186} INFO - Started process (PID=28754) to work on /Users/rtewelde/airflow/dags/hello_world.py
[2024-12-14T07:43:06.138+0000] {processor.py:914} INFO - Processing file /Users/rtewelde/airflow/dags/hello_world.py for tasks to queue
[2024-12-14T07:43:06.139+0000] {logging_mixin.py:190} INFO - [2024-12-14T07:43:06.139+0000] {dagbag.py:588} INFO - Filling up the DagBag from /Users/rtewelde/airflow/dags/hello_world.py
[2024-12-14T07:43:06.161+0000] {processor.py:925} INFO - DAG(s) 'hello_world_dag' retrieved from /Users/rtewelde/airflow/dags/hello_world.py
[2024-12-14T07:43:06.304+0000] {logging_mixin.py:190} INFO - [2024-12-14T07:43:06.303+0000] {dag.py:3239} INFO - Sync 1 DAGs
[2024-12-14T07:43:06.320+0000] {logging_mixin.py:190} INFO - [2024-12-14T07:43:06.319+0000] {dag.py:4180} INFO - Setting next_dagrun for hello_world_dag to 2024-12-13 00:00:00+00:00, run_after=2024-12-14 00:00:00+00:00
[2024-12-14T07:43:06.565+0000] {processor.py:208} INFO - Processing /Users/rtewelde/airflow/dags/hello_world.py took 0.429 seconds
[2024-12-14T07:54:23.437+0000] {processor.py:186} INFO - Started process (PID=32890) to work on /Users/rtewelde/airflow/dags/hello_world.py
[2024-12-14T07:54:23.438+0000] {processor.py:914} INFO - Processing file /Users/rtewelde/airflow/dags/hello_world.py for tasks to queue
[2024-12-14T07:54:23.439+0000] {logging_mixin.py:190} INFO - [2024-12-14T07:54:23.438+0000] {dagbag.py:588} INFO - Filling up the DagBag from /Users/rtewelde/airflow/dags/hello_world.py
[2024-12-14T07:54:23.462+0000] {processor.py:925} INFO - DAG(s) 'hello_world_dag' retrieved from /Users/rtewelde/airflow/dags/hello_world.py
[2024-12-14T07:54:23.656+0000] {logging_mixin.py:190} INFO - [2024-12-14T07:54:23.656+0000] {dag.py:3239} INFO - Sync 1 DAGs
[2024-12-14T07:54:23.705+0000] {logging_mixin.py:190} INFO - [2024-12-14T07:54:23.705+0000] {dag.py:4180} INFO - Setting next_dagrun for hello_world_dag to 2024-12-13 00:00:00+00:00, run_after=2024-12-14 00:00:00+00:00
[2024-12-14T07:54:23.724+0000] {processor.py:208} INFO - Processing /Users/rtewelde/airflow/dags/hello_world.py took 0.290 seconds
[2024-12-14T07:57:08.374+0000] {processor.py:186} INFO - Started process (PID=33996) to work on /Users/rtewelde/airflow/dags/hello_world.py
[2024-12-14T07:57:08.375+0000] {processor.py:914} INFO - Processing file /Users/rtewelde/airflow/dags/hello_world.py for tasks to queue
[2024-12-14T07:57:08.376+0000] {logging_mixin.py:190} INFO - [2024-12-14T07:57:08.376+0000] {dagbag.py:588} INFO - Filling up the DagBag from /Users/rtewelde/airflow/dags/hello_world.py
[2024-12-14T07:57:08.400+0000] {processor.py:925} INFO - DAG(s) 'hello_world_dag' retrieved from /Users/rtewelde/airflow/dags/hello_world.py
[2024-12-14T07:57:08.564+0000] {logging_mixin.py:190} INFO - [2024-12-14T07:57:08.564+0000] {dag.py:3239} INFO - Sync 1 DAGs
[2024-12-14T07:57:08.583+0000] {logging_mixin.py:190} INFO - [2024-12-14T07:57:08.583+0000] {dag.py:4180} INFO - Setting next_dagrun for hello_world_dag to 2024-12-13 00:00:00+00:00, run_after=2024-12-14 00:00:00+00:00
[2024-12-14T07:57:08.603+0000] {processor.py:208} INFO - Processing /Users/rtewelde/airflow/dags/hello_world.py took 0.231 seconds
