[2024-09-26T01:07:55.435+0100] {processor.py:186} INFO - Started process (PID=29775) to work on /Users/rtewelde/airflow/dags/hello_world.py
[2024-09-26T01:07:55.439+0100] {processor.py:914} INFO - Processing file /Users/rtewelde/airflow/dags/hello_world.py for tasks to queue
[2024-09-26T01:07:55.443+0100] {logging_mixin.py:190} INFO - [2024-09-26T01:07:55.442+0100] {dagbag.py:588} INFO - Filling up the DagBag from /Users/rtewelde/airflow/dags/hello_world.py
[2024-09-26T01:07:55.553+0100] {processor.py:925} INFO - DAG(s) 'hello_world_dag' retrieved from /Users/rtewelde/airflow/dags/hello_world.py
[2024-09-26T01:07:56.134+0100] {logging_mixin.py:190} INFO - [2024-09-26T01:07:56.133+0100] {dag.py:3239} INFO - Sync 1 DAGs
[2024-09-26T01:07:56.214+0100] {logging_mixin.py:190} INFO - [2024-09-26T01:07:56.213+0100] {dag.py:4180} INFO - Setting next_dagrun for hello_world_dag to 2024-09-25 00:00:00+00:00, run_after=2024-09-26 00:00:00+00:00
[2024-09-26T01:07:56.275+0100] {processor.py:208} INFO - Processing /Users/rtewelde/airflow/dags/hello_world.py took 0.849 seconds
[2024-09-26T02:10:25.475+0100] {processor.py:186} INFO - Started process (PID=34284) to work on /Users/rtewelde/airflow/dags/hello_world.py
[2024-09-26T02:10:25.480+0100] {processor.py:914} INFO - Processing file /Users/rtewelde/airflow/dags/hello_world.py for tasks to queue
[2024-09-26T02:10:25.483+0100] {logging_mixin.py:190} INFO - [2024-09-26T02:10:25.482+0100] {dagbag.py:588} INFO - Filling up the DagBag from /Users/rtewelde/airflow/dags/hello_world.py
[2024-09-26T02:10:25.596+0100] {processor.py:925} INFO - DAG(s) 'hello_world_dag' retrieved from /Users/rtewelde/airflow/dags/hello_world.py
[2024-09-26T02:10:26.188+0100] {logging_mixin.py:190} INFO - [2024-09-26T02:10:26.187+0100] {dag.py:3239} INFO - Sync 1 DAGs
[2024-09-26T02:10:26.265+0100] {logging_mixin.py:190} INFO - [2024-09-26T02:10:26.264+0100] {dag.py:4180} INFO - Setting next_dagrun for hello_world_dag to 2024-09-25 00:00:00+00:00, run_after=2024-09-26 00:00:00+00:00
[2024-09-26T02:10:26.327+0100] {processor.py:208} INFO - Processing /Users/rtewelde/airflow/dags/hello_world.py took 0.861 seconds
[2024-09-26T03:14:13.761+0100] {processor.py:186} INFO - Started process (PID=38497) to work on /Users/rtewelde/airflow/dags/hello_world.py
[2024-09-26T03:14:13.765+0100] {processor.py:914} INFO - Processing file /Users/rtewelde/airflow/dags/hello_world.py for tasks to queue
[2024-09-26T03:14:13.771+0100] {logging_mixin.py:190} INFO - [2024-09-26T03:14:13.769+0100] {dagbag.py:588} INFO - Filling up the DagBag from /Users/rtewelde/airflow/dags/hello_world.py
[2024-09-26T03:14:13.872+0100] {processor.py:925} INFO - DAG(s) 'hello_world_dag' retrieved from /Users/rtewelde/airflow/dags/hello_world.py
[2024-09-26T03:14:14.507+0100] {logging_mixin.py:190} INFO - [2024-09-26T03:14:14.506+0100] {dag.py:3239} INFO - Sync 1 DAGs
[2024-09-26T03:14:14.588+0100] {logging_mixin.py:190} INFO - [2024-09-26T03:14:14.587+0100] {dag.py:4180} INFO - Setting next_dagrun for hello_world_dag to 2024-09-25 00:00:00+00:00, run_after=2024-09-26 00:00:00+00:00
[2024-09-26T03:14:14.656+0100] {processor.py:208} INFO - Processing /Users/rtewelde/airflow/dags/hello_world.py took 0.903 seconds
[2024-09-26T04:05:33.433+0100] {processor.py:186} INFO - Started process (PID=42689) to work on /Users/rtewelde/airflow/dags/hello_world.py
[2024-09-26T04:05:33.434+0100] {processor.py:914} INFO - Processing file /Users/rtewelde/airflow/dags/hello_world.py for tasks to queue
[2024-09-26T04:05:33.435+0100] {logging_mixin.py:190} INFO - [2024-09-26T04:05:33.435+0100] {dagbag.py:588} INFO - Filling up the DagBag from /Users/rtewelde/airflow/dags/hello_world.py
[2024-09-26T04:05:33.459+0100] {processor.py:925} INFO - DAG(s) 'hello_world_dag' retrieved from /Users/rtewelde/airflow/dags/hello_world.py
[2024-09-26T04:05:33.618+0100] {logging_mixin.py:190} INFO - [2024-09-26T04:05:33.618+0100] {dag.py:3239} INFO - Sync 1 DAGs
[2024-09-26T04:05:33.637+0100] {logging_mixin.py:190} INFO - [2024-09-26T04:05:33.636+0100] {dag.py:4180} INFO - Setting next_dagrun for hello_world_dag to 2024-09-25 00:00:00+00:00, run_after=2024-09-26 00:00:00+00:00
[2024-09-26T04:05:33.653+0100] {processor.py:208} INFO - Processing /Users/rtewelde/airflow/dags/hello_world.py took 0.223 seconds
[2024-09-26T04:54:50.099+0100] {processor.py:186} INFO - Started process (PID=47016) to work on /Users/rtewelde/airflow/dags/hello_world.py
[2024-09-26T04:54:50.102+0100] {processor.py:914} INFO - Processing file /Users/rtewelde/airflow/dags/hello_world.py for tasks to queue
[2024-09-26T04:54:50.106+0100] {logging_mixin.py:190} INFO - [2024-09-26T04:54:50.105+0100] {dagbag.py:588} INFO - Filling up the DagBag from /Users/rtewelde/airflow/dags/hello_world.py
[2024-09-26T04:54:50.242+0100] {processor.py:925} INFO - DAG(s) 'hello_world_dag' retrieved from /Users/rtewelde/airflow/dags/hello_world.py
[2024-09-26T04:54:50.869+0100] {logging_mixin.py:190} INFO - [2024-09-26T04:54:50.868+0100] {dag.py:3239} INFO - Sync 1 DAGs
[2024-09-26T04:54:50.969+0100] {logging_mixin.py:190} INFO - [2024-09-26T04:54:50.968+0100] {dag.py:4180} INFO - Setting next_dagrun for hello_world_dag to 2024-09-25 00:00:00+00:00, run_after=2024-09-26 00:00:00+00:00
[2024-09-26T04:54:51.030+0100] {processor.py:208} INFO - Processing /Users/rtewelde/airflow/dags/hello_world.py took 0.941 seconds
[2024-09-26T05:12:58.681+0100] {processor.py:186} INFO - Started process (PID=51627) to work on /Users/rtewelde/airflow/dags/hello_world.py
[2024-09-26T05:12:58.685+0100] {processor.py:914} INFO - Processing file /Users/rtewelde/airflow/dags/hello_world.py for tasks to queue
[2024-09-26T05:12:58.690+0100] {logging_mixin.py:190} INFO - [2024-09-26T05:12:58.689+0100] {dagbag.py:588} INFO - Filling up the DagBag from /Users/rtewelde/airflow/dags/hello_world.py
[2024-09-26T05:12:58.800+0100] {processor.py:925} INFO - DAG(s) 'hello_world_dag' retrieved from /Users/rtewelde/airflow/dags/hello_world.py
[2024-09-26T05:12:59.371+0100] {logging_mixin.py:190} INFO - [2024-09-26T05:12:59.370+0100] {dag.py:3239} INFO - Sync 1 DAGs
[2024-09-26T05:12:59.449+0100] {logging_mixin.py:190} INFO - [2024-09-26T05:12:59.448+0100] {dag.py:4180} INFO - Setting next_dagrun for hello_world_dag to 2024-09-25 00:00:00+00:00, run_after=2024-09-26 00:00:00+00:00
[2024-09-26T05:12:59.514+0100] {processor.py:208} INFO - Processing /Users/rtewelde/airflow/dags/hello_world.py took 0.841 seconds
[2024-09-26T07:29:22.695+0100] {processor.py:186} INFO - Started process (PID=55915) to work on /Users/rtewelde/airflow/dags/hello_world.py
[2024-09-26T07:29:22.700+0100] {processor.py:914} INFO - Processing file /Users/rtewelde/airflow/dags/hello_world.py for tasks to queue
[2024-09-26T07:29:22.704+0100] {logging_mixin.py:190} INFO - [2024-09-26T07:29:22.703+0100] {dagbag.py:588} INFO - Filling up the DagBag from /Users/rtewelde/airflow/dags/hello_world.py
[2024-09-26T07:29:22.796+0100] {processor.py:925} INFO - DAG(s) 'hello_world_dag' retrieved from /Users/rtewelde/airflow/dags/hello_world.py
[2024-09-26T07:29:23.343+0100] {logging_mixin.py:190} INFO - [2024-09-26T07:29:23.342+0100] {dag.py:3239} INFO - Sync 1 DAGs
[2024-09-26T07:29:23.432+0100] {logging_mixin.py:190} INFO - [2024-09-26T07:29:23.431+0100] {dag.py:4180} INFO - Setting next_dagrun for hello_world_dag to 2024-09-25 00:00:00+00:00, run_after=2024-09-26 00:00:00+00:00
[2024-09-26T07:29:23.500+0100] {processor.py:208} INFO - Processing /Users/rtewelde/airflow/dags/hello_world.py took 0.814 seconds
[2024-09-26T19:04:16.856+0100] {processor.py:186} INFO - Started process (PID=58655) to work on /Users/rtewelde/airflow/dags/hello_world.py
[2024-09-26T19:04:16.858+0100] {processor.py:914} INFO - Processing file /Users/rtewelde/airflow/dags/hello_world.py for tasks to queue
[2024-09-26T19:04:16.860+0100] {logging_mixin.py:190} INFO - [2024-09-26T19:04:16.860+0100] {dagbag.py:588} INFO - Filling up the DagBag from /Users/rtewelde/airflow/dags/hello_world.py
[2024-09-26T19:04:16.908+0100] {processor.py:925} INFO - DAG(s) 'hello_world_dag' retrieved from /Users/rtewelde/airflow/dags/hello_world.py
[2024-09-26T19:04:17.177+0100] {logging_mixin.py:190} INFO - [2024-09-26T19:04:17.176+0100] {dag.py:3239} INFO - Sync 1 DAGs
[2024-09-26T19:04:17.209+0100] {logging_mixin.py:190} INFO - [2024-09-26T19:04:17.208+0100] {dag.py:4180} INFO - Setting next_dagrun for hello_world_dag to 2024-09-25 00:00:00+00:00, run_after=2024-09-26 00:00:00+00:00
[2024-09-26T19:04:17.232+0100] {processor.py:208} INFO - Processing /Users/rtewelde/airflow/dags/hello_world.py took 0.381 seconds
