[2024-09-25T12:47:44.710+0100] {processor.py:186} INFO - Started process (PID=12309) to work on /Users/rtewelde/airflow_venv/lib/python3.11/site-packages/airflow/example_dags/plugins/decreasing_priority_weight_strategy.py
[2024-09-25T12:47:44.711+0100] {processor.py:914} INFO - Processing file /Users/rtewelde/airflow_venv/lib/python3.11/site-packages/airflow/example_dags/plugins/decreasing_priority_weight_strategy.py for tasks to queue
[2024-09-25T12:47:44.712+0100] {logging_mixin.py:190} INFO - [2024-09-25T12:47:44.712+0100] {dagbag.py:588} INFO - Filling up the DagBag from /Users/rtewelde/airflow_venv/lib/python3.11/site-packages/airflow/example_dags/plugins/decreasing_priority_weight_strategy.py
[2024-09-25T12:47:44.714+0100] {processor.py:927} WARNING - No viable dags retrieved from /Users/rtewelde/airflow_venv/lib/python3.11/site-packages/airflow/example_dags/plugins/decreasing_priority_weight_strategy.py
[2024-09-25T12:47:44.856+0100] {processor.py:208} INFO - Processing /Users/rtewelde/airflow_venv/lib/python3.11/site-packages/airflow/example_dags/plugins/decreasing_priority_weight_strategy.py took 0.148 seconds
[2024-09-25T12:51:33.467+0100] {processor.py:186} INFO - Started process (PID=13734) to work on /Users/rtewelde/airflow_venv/lib/python3.11/site-packages/airflow/example_dags/plugins/decreasing_priority_weight_strategy.py
[2024-09-25T12:51:33.468+0100] {processor.py:914} INFO - Processing file /Users/rtewelde/airflow_venv/lib/python3.11/site-packages/airflow/example_dags/plugins/decreasing_priority_weight_strategy.py for tasks to queue
[2024-09-25T12:51:33.469+0100] {logging_mixin.py:190} INFO - [2024-09-25T12:51:33.469+0100] {dagbag.py:588} INFO - Filling up the DagBag from /Users/rtewelde/airflow_venv/lib/python3.11/site-packages/airflow/example_dags/plugins/decreasing_priority_weight_strategy.py
[2024-09-25T12:51:33.470+0100] {processor.py:927} WARNING - No viable dags retrieved from /Users/rtewelde/airflow_venv/lib/python3.11/site-packages/airflow/example_dags/plugins/decreasing_priority_weight_strategy.py
[2024-09-25T12:51:33.587+0100] {processor.py:208} INFO - Processing /Users/rtewelde/airflow_venv/lib/python3.11/site-packages/airflow/example_dags/plugins/decreasing_priority_weight_strategy.py took 0.122 seconds
[2024-09-25T21:01:21.304+0100] {processor.py:186} INFO - Started process (PID=14923) to work on /Users/rtewelde/airflow_venv/lib/python3.11/site-packages/airflow/example_dags/plugins/decreasing_priority_weight_strategy.py
[2024-09-25T21:01:21.305+0100] {processor.py:914} INFO - Processing file /Users/rtewelde/airflow_venv/lib/python3.11/site-packages/airflow/example_dags/plugins/decreasing_priority_weight_strategy.py for tasks to queue
[2024-09-25T21:01:21.305+0100] {logging_mixin.py:190} INFO - [2024-09-25T21:01:21.305+0100] {dagbag.py:588} INFO - Filling up the DagBag from /Users/rtewelde/airflow_venv/lib/python3.11/site-packages/airflow/example_dags/plugins/decreasing_priority_weight_strategy.py
[2024-09-25T21:01:21.306+0100] {processor.py:927} WARNING - No viable dags retrieved from /Users/rtewelde/airflow_venv/lib/python3.11/site-packages/airflow/example_dags/plugins/decreasing_priority_weight_strategy.py
[2024-09-25T21:01:21.402+0100] {processor.py:208} INFO - Processing /Users/rtewelde/airflow_venv/lib/python3.11/site-packages/airflow/example_dags/plugins/decreasing_priority_weight_strategy.py took 0.101 seconds
[2024-09-25T23:25:38.800+0100] {processor.py:186} INFO - Started process (PID=17176) to work on /Users/rtewelde/airflow_venv/lib/python3.11/site-packages/airflow/example_dags/plugins/decreasing_priority_weight_strategy.py
[2024-09-25T23:25:38.807+0100] {processor.py:914} INFO - Processing file /Users/rtewelde/airflow_venv/lib/python3.11/site-packages/airflow/example_dags/plugins/decreasing_priority_weight_strategy.py for tasks to queue
[2024-09-25T23:25:38.810+0100] {logging_mixin.py:190} INFO - [2024-09-25T23:25:38.810+0100] {dagbag.py:588} INFO - Filling up the DagBag from /Users/rtewelde/airflow_venv/lib/python3.11/site-packages/airflow/example_dags/plugins/decreasing_priority_weight_strategy.py
[2024-09-25T23:25:38.815+0100] {processor.py:927} WARNING - No viable dags retrieved from /Users/rtewelde/airflow_venv/lib/python3.11/site-packages/airflow/example_dags/plugins/decreasing_priority_weight_strategy.py
[2024-09-25T23:25:39.227+0100] {processor.py:208} INFO - Processing /Users/rtewelde/airflow_venv/lib/python3.11/site-packages/airflow/example_dags/plugins/decreasing_priority_weight_strategy.py took 0.437 seconds
[2024-09-25T23:34:26.144+0100] {processor.py:186} INFO - Started process (PID=19494) to work on /Users/rtewelde/airflow_venv/lib/python3.11/site-packages/airflow/example_dags/plugins/decreasing_priority_weight_strategy.py
[2024-09-25T23:34:26.149+0100] {processor.py:914} INFO - Processing file /Users/rtewelde/airflow_venv/lib/python3.11/site-packages/airflow/example_dags/plugins/decreasing_priority_weight_strategy.py for tasks to queue
[2024-09-25T23:34:26.153+0100] {logging_mixin.py:190} INFO - [2024-09-25T23:34:26.152+0100] {dagbag.py:588} INFO - Filling up the DagBag from /Users/rtewelde/airflow_venv/lib/python3.11/site-packages/airflow/example_dags/plugins/decreasing_priority_weight_strategy.py
[2024-09-25T23:34:26.156+0100] {processor.py:927} WARNING - No viable dags retrieved from /Users/rtewelde/airflow_venv/lib/python3.11/site-packages/airflow/example_dags/plugins/decreasing_priority_weight_strategy.py
[2024-09-25T23:34:26.535+0100] {processor.py:208} INFO - Processing /Users/rtewelde/airflow_venv/lib/python3.11/site-packages/airflow/example_dags/plugins/decreasing_priority_weight_strategy.py took 0.403 seconds
[2024-09-26T00:12:25.654+0100] {processor.py:186} INFO - Started process (PID=21582) to work on /Users/rtewelde/airflow_venv/lib/python3.11/site-packages/airflow/example_dags/plugins/decreasing_priority_weight_strategy.py
[2024-09-26T00:12:25.658+0100] {processor.py:914} INFO - Processing file /Users/rtewelde/airflow_venv/lib/python3.11/site-packages/airflow/example_dags/plugins/decreasing_priority_weight_strategy.py for tasks to queue
[2024-09-26T00:12:25.663+0100] {logging_mixin.py:190} INFO - [2024-09-26T00:12:25.662+0100] {dagbag.py:588} INFO - Filling up the DagBag from /Users/rtewelde/airflow_venv/lib/python3.11/site-packages/airflow/example_dags/plugins/decreasing_priority_weight_strategy.py
[2024-09-26T00:12:25.670+0100] {processor.py:927} WARNING - No viable dags retrieved from /Users/rtewelde/airflow_venv/lib/python3.11/site-packages/airflow/example_dags/plugins/decreasing_priority_weight_strategy.py
[2024-09-26T00:12:26.056+0100] {processor.py:208} INFO - Processing /Users/rtewelde/airflow_venv/lib/python3.11/site-packages/airflow/example_dags/plugins/decreasing_priority_weight_strategy.py took 0.414 seconds
[2024-09-26T00:21:13.489+0100] {processor.py:186} INFO - Started process (PID=25427) to work on /Users/rtewelde/airflow_venv/lib/python3.11/site-packages/airflow/example_dags/plugins/decreasing_priority_weight_strategy.py
[2024-09-26T00:21:13.492+0100] {processor.py:914} INFO - Processing file /Users/rtewelde/airflow_venv/lib/python3.11/site-packages/airflow/example_dags/plugins/decreasing_priority_weight_strategy.py for tasks to queue
[2024-09-26T00:21:13.496+0100] {logging_mixin.py:190} INFO - [2024-09-26T00:21:13.495+0100] {dagbag.py:588} INFO - Filling up the DagBag from /Users/rtewelde/airflow_venv/lib/python3.11/site-packages/airflow/example_dags/plugins/decreasing_priority_weight_strategy.py
[2024-09-26T00:21:13.500+0100] {processor.py:927} WARNING - No viable dags retrieved from /Users/rtewelde/airflow_venv/lib/python3.11/site-packages/airflow/example_dags/plugins/decreasing_priority_weight_strategy.py
[2024-09-26T00:21:13.869+0100] {processor.py:208} INFO - Processing /Users/rtewelde/airflow_venv/lib/python3.11/site-packages/airflow/example_dags/plugins/decreasing_priority_weight_strategy.py took 0.389 seconds
