[2024-09-25T12:47:40.959+0100] {processor.py:186} INFO - Started process (PID=12300) to work on /Users/rtewelde/airflow_venv/lib/python3.11/site-packages/airflow/example_dags/plugins/event_listener.py
[2024-09-25T12:47:40.960+0100] {processor.py:914} INFO - Processing file /Users/rtewelde/airflow_venv/lib/python3.11/site-packages/airflow/example_dags/plugins/event_listener.py for tasks to queue
[2024-09-25T12:47:40.961+0100] {logging_mixin.py:190} INFO - [2024-09-25T12:47:40.961+0100] {dagbag.py:588} INFO - Filling up the DagBag from /Users/rtewelde/airflow_venv/lib/python3.11/site-packages/airflow/example_dags/plugins/event_listener.py
[2024-09-25T12:47:40.963+0100] {processor.py:927} WARNING - No viable dags retrieved from /Users/rtewelde/airflow_venv/lib/python3.11/site-packages/airflow/example_dags/plugins/event_listener.py
[2024-09-25T12:47:41.067+0100] {processor.py:208} INFO - Processing /Users/rtewelde/airflow_venv/lib/python3.11/site-packages/airflow/example_dags/plugins/event_listener.py took 0.110 seconds
[2024-09-25T12:51:30.147+0100] {processor.py:186} INFO - Started process (PID=13711) to work on /Users/rtewelde/airflow_venv/lib/python3.11/site-packages/airflow/example_dags/plugins/event_listener.py
[2024-09-25T12:51:30.148+0100] {processor.py:914} INFO - Processing file /Users/rtewelde/airflow_venv/lib/python3.11/site-packages/airflow/example_dags/plugins/event_listener.py for tasks to queue
[2024-09-25T12:51:30.149+0100] {logging_mixin.py:190} INFO - [2024-09-25T12:51:30.149+0100] {dagbag.py:588} INFO - Filling up the DagBag from /Users/rtewelde/airflow_venv/lib/python3.11/site-packages/airflow/example_dags/plugins/event_listener.py
[2024-09-25T12:51:30.150+0100] {processor.py:927} WARNING - No viable dags retrieved from /Users/rtewelde/airflow_venv/lib/python3.11/site-packages/airflow/example_dags/plugins/event_listener.py
[2024-09-25T12:51:30.254+0100] {processor.py:208} INFO - Processing /Users/rtewelde/airflow_venv/lib/python3.11/site-packages/airflow/example_dags/plugins/event_listener.py took 0.110 seconds
[2024-09-25T19:01:17.090+0100] {processor.py:186} INFO - Started process (PID=14887) to work on /Users/rtewelde/airflow_venv/lib/python3.11/site-packages/airflow/example_dags/plugins/event_listener.py
[2024-09-25T19:01:17.096+0100] {processor.py:914} INFO - Processing file /Users/rtewelde/airflow_venv/lib/python3.11/site-packages/airflow/example_dags/plugins/event_listener.py for tasks to queue
[2024-09-25T19:01:17.101+0100] {logging_mixin.py:190} INFO - [2024-09-25T19:01:17.100+0100] {dagbag.py:588} INFO - Filling up the DagBag from /Users/rtewelde/airflow_venv/lib/python3.11/site-packages/airflow/example_dags/plugins/event_listener.py
[2024-09-25T19:01:17.104+0100] {processor.py:927} WARNING - No viable dags retrieved from /Users/rtewelde/airflow_venv/lib/python3.11/site-packages/airflow/example_dags/plugins/event_listener.py
[2024-09-25T19:01:17.459+0100] {processor.py:208} INFO - Processing /Users/rtewelde/airflow_venv/lib/python3.11/site-packages/airflow/example_dags/plugins/event_listener.py took 0.380 seconds
[2024-09-25T23:25:29.383+0100] {processor.py:186} INFO - Started process (PID=17141) to work on /Users/rtewelde/airflow_venv/lib/python3.11/site-packages/airflow/example_dags/plugins/event_listener.py
[2024-09-25T23:25:29.386+0100] {processor.py:914} INFO - Processing file /Users/rtewelde/airflow_venv/lib/python3.11/site-packages/airflow/example_dags/plugins/event_listener.py for tasks to queue
[2024-09-25T23:25:29.389+0100] {logging_mixin.py:190} INFO - [2024-09-25T23:25:29.389+0100] {dagbag.py:588} INFO - Filling up the DagBag from /Users/rtewelde/airflow_venv/lib/python3.11/site-packages/airflow/example_dags/plugins/event_listener.py
[2024-09-25T23:25:29.394+0100] {processor.py:927} WARNING - No viable dags retrieved from /Users/rtewelde/airflow_venv/lib/python3.11/site-packages/airflow/example_dags/plugins/event_listener.py
[2024-09-25T23:25:29.808+0100] {processor.py:208} INFO - Processing /Users/rtewelde/airflow_venv/lib/python3.11/site-packages/airflow/example_dags/plugins/event_listener.py took 0.435 seconds
[2024-09-25T23:34:17.613+0100] {processor.py:186} INFO - Started process (PID=19456) to work on /Users/rtewelde/airflow_venv/lib/python3.11/site-packages/airflow/example_dags/plugins/event_listener.py
[2024-09-25T23:34:17.616+0100] {processor.py:914} INFO - Processing file /Users/rtewelde/airflow_venv/lib/python3.11/site-packages/airflow/example_dags/plugins/event_listener.py for tasks to queue
[2024-09-25T23:34:17.620+0100] {logging_mixin.py:190} INFO - [2024-09-25T23:34:17.619+0100] {dagbag.py:588} INFO - Filling up the DagBag from /Users/rtewelde/airflow_venv/lib/python3.11/site-packages/airflow/example_dags/plugins/event_listener.py
[2024-09-25T23:34:17.625+0100] {processor.py:927} WARNING - No viable dags retrieved from /Users/rtewelde/airflow_venv/lib/python3.11/site-packages/airflow/example_dags/plugins/event_listener.py
[2024-09-25T23:34:17.997+0100] {processor.py:208} INFO - Processing /Users/rtewelde/airflow_venv/lib/python3.11/site-packages/airflow/example_dags/plugins/event_listener.py took 0.393 seconds
[2024-09-26T00:12:17.057+0100] {processor.py:186} INFO - Started process (PID=21545) to work on /Users/rtewelde/airflow_venv/lib/python3.11/site-packages/airflow/example_dags/plugins/event_listener.py
[2024-09-26T00:12:17.061+0100] {processor.py:914} INFO - Processing file /Users/rtewelde/airflow_venv/lib/python3.11/site-packages/airflow/example_dags/plugins/event_listener.py for tasks to queue
[2024-09-26T00:12:17.066+0100] {logging_mixin.py:190} INFO - [2024-09-26T00:12:17.064+0100] {dagbag.py:588} INFO - Filling up the DagBag from /Users/rtewelde/airflow_venv/lib/python3.11/site-packages/airflow/example_dags/plugins/event_listener.py
[2024-09-26T00:12:17.071+0100] {processor.py:927} WARNING - No viable dags retrieved from /Users/rtewelde/airflow_venv/lib/python3.11/site-packages/airflow/example_dags/plugins/event_listener.py
[2024-09-26T00:12:17.449+0100] {processor.py:208} INFO - Processing /Users/rtewelde/airflow_venv/lib/python3.11/site-packages/airflow/example_dags/plugins/event_listener.py took 0.401 seconds
[2024-09-26T00:21:04.682+0100] {processor.py:186} INFO - Started process (PID=25390) to work on /Users/rtewelde/airflow_venv/lib/python3.11/site-packages/airflow/example_dags/plugins/event_listener.py
[2024-09-26T00:21:04.687+0100] {processor.py:914} INFO - Processing file /Users/rtewelde/airflow_venv/lib/python3.11/site-packages/airflow/example_dags/plugins/event_listener.py for tasks to queue
[2024-09-26T00:21:04.691+0100] {logging_mixin.py:190} INFO - [2024-09-26T00:21:04.690+0100] {dagbag.py:588} INFO - Filling up the DagBag from /Users/rtewelde/airflow_venv/lib/python3.11/site-packages/airflow/example_dags/plugins/event_listener.py
[2024-09-26T00:21:04.694+0100] {processor.py:927} WARNING - No viable dags retrieved from /Users/rtewelde/airflow_venv/lib/python3.11/site-packages/airflow/example_dags/plugins/event_listener.py
[2024-09-26T00:21:05.100+0100] {processor.py:208} INFO - Processing /Users/rtewelde/airflow_venv/lib/python3.11/site-packages/airflow/example_dags/plugins/event_listener.py took 0.431 seconds
[2024-09-26T00:59:49.211+0100] {processor.py:186} INFO - Started process (PID=27662) to work on /Users/rtewelde/airflow_venv/lib/python3.11/site-packages/airflow/example_dags/plugins/event_listener.py
[2024-09-26T00:59:49.250+0100] {processor.py:914} INFO - Processing file /Users/rtewelde/airflow_venv/lib/python3.11/site-packages/airflow/example_dags/plugins/event_listener.py for tasks to queue
[2024-09-26T00:59:49.261+0100] {logging_mixin.py:190} INFO - [2024-09-26T00:59:49.259+0100] {dagbag.py:588} INFO - Filling up the DagBag from /Users/rtewelde/airflow_venv/lib/python3.11/site-packages/airflow/example_dags/plugins/event_listener.py
[2024-09-26T00:59:49.268+0100] {processor.py:927} WARNING - No viable dags retrieved from /Users/rtewelde/airflow_venv/lib/python3.11/site-packages/airflow/example_dags/plugins/event_listener.py
[2024-09-26T00:59:50.000+0100] {processor.py:208} INFO - Processing /Users/rtewelde/airflow_venv/lib/python3.11/site-packages/airflow/example_dags/plugins/event_listener.py took 0.817 seconds
