[2024-09-23T02:07:28.744+0100] {processor.py:186} INFO - Started process (PID=2023) to work on /Users/rtewelde/airflow/dags/hello_world.py
[2024-09-23T02:07:28.745+0100] {processor.py:914} INFO - Processing file /Users/rtewelde/airflow/dags/hello_world.py for tasks to queue
[2024-09-23T02:07:28.746+0100] {logging_mixin.py:190} INFO - [2024-09-23T02:07:28.746+0100] {dagbag.py:588} INFO - Filling up the DagBag from /Users/rtewelde/airflow/dags/hello_world.py
[2024-09-23T02:07:28.769+0100] {processor.py:925} INFO - DAG(s) 'hello_world_dag' retrieved from /Users/rtewelde/airflow/dags/hello_world.py
[2024-09-23T02:07:28.926+0100] {logging_mixin.py:190} INFO - [2024-09-23T02:07:28.926+0100] {dag.py:3239} INFO - Sync 1 DAGs
[2024-09-23T02:07:28.946+0100] {logging_mixin.py:190} INFO - [2024-09-23T02:07:28.945+0100] {dag.py:4180} INFO - Setting next_dagrun for hello_world_dag to 2024-09-23 00:00:00+00:00, run_after=2024-09-24 00:00:00+00:00
[2024-09-23T02:07:28.962+0100] {processor.py:208} INFO - Processing /Users/rtewelde/airflow/dags/hello_world.py took 0.220 seconds
[2024-09-23T02:08:55.549+0100] {processor.py:186} INFO - Started process (PID=2452) to work on /Users/rtewelde/airflow/dags/hello_world.py
[2024-09-23T02:08:55.550+0100] {processor.py:914} INFO - Processing file /Users/rtewelde/airflow/dags/hello_world.py for tasks to queue
[2024-09-23T02:08:55.551+0100] {logging_mixin.py:190} INFO - [2024-09-23T02:08:55.551+0100] {dagbag.py:588} INFO - Filling up the DagBag from /Users/rtewelde/airflow/dags/hello_world.py
[2024-09-23T02:08:55.573+0100] {processor.py:925} INFO - DAG(s) 'hello_world_dag' retrieved from /Users/rtewelde/airflow/dags/hello_world.py
[2024-09-23T02:08:55.721+0100] {logging_mixin.py:190} INFO - [2024-09-23T02:08:55.721+0100] {dag.py:3239} INFO - Sync 1 DAGs
[2024-09-23T02:08:55.739+0100] {logging_mixin.py:190} INFO - [2024-09-23T02:08:55.739+0100] {dag.py:4180} INFO - Setting next_dagrun for hello_world_dag to 2024-09-23 00:00:00+00:00, run_after=2024-09-24 00:00:00+00:00
[2024-09-23T02:08:55.756+0100] {processor.py:208} INFO - Processing /Users/rtewelde/airflow/dags/hello_world.py took 0.209 seconds
[2024-09-23T02:12:05.458+0100] {processor.py:186} INFO - Started process (PID=3554) to work on /Users/rtewelde/airflow/dags/hello_world.py
[2024-09-23T02:12:05.459+0100] {processor.py:914} INFO - Processing file /Users/rtewelde/airflow/dags/hello_world.py for tasks to queue
[2024-09-23T02:12:05.460+0100] {logging_mixin.py:190} INFO - [2024-09-23T02:12:05.460+0100] {dagbag.py:588} INFO - Filling up the DagBag from /Users/rtewelde/airflow/dags/hello_world.py
[2024-09-23T02:12:05.485+0100] {processor.py:925} INFO - DAG(s) 'hello_world_dag' retrieved from /Users/rtewelde/airflow/dags/hello_world.py
[2024-09-23T02:12:05.640+0100] {logging_mixin.py:190} INFO - [2024-09-23T02:12:05.640+0100] {dag.py:3239} INFO - Sync 1 DAGs
[2024-09-23T02:12:05.661+0100] {logging_mixin.py:190} INFO - [2024-09-23T02:12:05.661+0100] {dag.py:4180} INFO - Setting next_dagrun for hello_world_dag to 2024-09-23 00:00:00+00:00, run_after=2024-09-24 00:00:00+00:00
[2024-09-23T02:12:05.680+0100] {processor.py:208} INFO - Processing /Users/rtewelde/airflow/dags/hello_world.py took 0.224 seconds
[2024-09-23T12:29:29.904+0100] {processor.py:186} INFO - Started process (PID=17155) to work on /Users/rtewelde/airflow/dags/hello_world.py
[2024-09-23T12:29:29.906+0100] {processor.py:914} INFO - Processing file /Users/rtewelde/airflow/dags/hello_world.py for tasks to queue
[2024-09-23T12:29:29.907+0100] {logging_mixin.py:190} INFO - [2024-09-23T12:29:29.907+0100] {dagbag.py:588} INFO - Filling up the DagBag from /Users/rtewelde/airflow/dags/hello_world.py
[2024-09-23T12:29:29.931+0100] {processor.py:925} INFO - DAG(s) 'hello_world_dag' retrieved from /Users/rtewelde/airflow/dags/hello_world.py
[2024-09-23T12:29:30.092+0100] {logging_mixin.py:190} INFO - [2024-09-23T12:29:30.091+0100] {dag.py:3239} INFO - Sync 1 DAGs
[2024-09-23T12:29:30.110+0100] {logging_mixin.py:190} INFO - [2024-09-23T12:29:30.110+0100] {dag.py:4180} INFO - Setting next_dagrun for hello_world_dag to 2024-09-23 00:00:00+00:00, run_after=2024-09-24 00:00:00+00:00
[2024-09-23T12:29:30.128+0100] {processor.py:208} INFO - Processing /Users/rtewelde/airflow/dags/hello_world.py took 0.226 seconds
[2024-09-23T12:34:32.755+0100] {processor.py:186} INFO - Started process (PID=18629) to work on /Users/rtewelde/airflow/dags/hello_world.py
[2024-09-23T12:34:32.757+0100] {processor.py:914} INFO - Processing file /Users/rtewelde/airflow/dags/hello_world.py for tasks to queue
[2024-09-23T12:34:32.758+0100] {logging_mixin.py:190} INFO - [2024-09-23T12:34:32.758+0100] {dagbag.py:588} INFO - Filling up the DagBag from /Users/rtewelde/airflow/dags/hello_world.py
[2024-09-23T12:34:32.784+0100] {processor.py:925} INFO - DAG(s) 'hello_world_dag' retrieved from /Users/rtewelde/airflow/dags/hello_world.py
[2024-09-23T12:34:32.948+0100] {logging_mixin.py:190} INFO - [2024-09-23T12:34:32.947+0100] {dag.py:3239} INFO - Sync 1 DAGs
[2024-09-23T12:34:32.967+0100] {logging_mixin.py:190} INFO - [2024-09-23T12:34:32.967+0100] {dag.py:4180} INFO - Setting next_dagrun for hello_world_dag to 2024-09-23 00:00:00+00:00, run_after=2024-09-24 00:00:00+00:00
[2024-09-23T12:34:32.986+0100] {processor.py:208} INFO - Processing /Users/rtewelde/airflow/dags/hello_world.py took 0.234 seconds
[2024-09-23T12:39:40.006+0100] {processor.py:186} INFO - Started process (PID=20051) to work on /Users/rtewelde/airflow/dags/hello_world.py
[2024-09-23T12:39:40.008+0100] {processor.py:914} INFO - Processing file /Users/rtewelde/airflow/dags/hello_world.py for tasks to queue
[2024-09-23T12:39:40.009+0100] {logging_mixin.py:190} INFO - [2024-09-23T12:39:40.009+0100] {dagbag.py:588} INFO - Filling up the DagBag from /Users/rtewelde/airflow/dags/hello_world.py
[2024-09-23T12:39:40.031+0100] {processor.py:925} INFO - DAG(s) 'hello_world_dag' retrieved from /Users/rtewelde/airflow/dags/hello_world.py
[2024-09-23T12:39:40.180+0100] {logging_mixin.py:190} INFO - [2024-09-23T12:39:40.179+0100] {dag.py:3239} INFO - Sync 1 DAGs
[2024-09-23T12:39:40.199+0100] {logging_mixin.py:190} INFO - [2024-09-23T12:39:40.199+0100] {dag.py:4180} INFO - Setting next_dagrun for hello_world_dag to 2024-09-23 00:00:00+00:00, run_after=2024-09-24 00:00:00+00:00
[2024-09-23T12:39:40.215+0100] {processor.py:208} INFO - Processing /Users/rtewelde/airflow/dags/hello_world.py took 0.211 seconds
[2024-09-23T12:44:20.714+0100] {processor.py:186} INFO - Started process (PID=21335) to work on /Users/rtewelde/airflow/dags/hello_world.py
[2024-09-23T12:44:20.715+0100] {processor.py:914} INFO - Processing file /Users/rtewelde/airflow/dags/hello_world.py for tasks to queue
[2024-09-23T12:44:20.716+0100] {logging_mixin.py:190} INFO - [2024-09-23T12:44:20.716+0100] {dagbag.py:588} INFO - Filling up the DagBag from /Users/rtewelde/airflow/dags/hello_world.py
[2024-09-23T12:44:20.739+0100] {processor.py:925} INFO - DAG(s) 'hello_world_dag' retrieved from /Users/rtewelde/airflow/dags/hello_world.py
[2024-09-23T12:44:20.886+0100] {logging_mixin.py:190} INFO - [2024-09-23T12:44:20.885+0100] {dag.py:3239} INFO - Sync 1 DAGs
[2024-09-23T12:44:20.905+0100] {logging_mixin.py:190} INFO - [2024-09-23T12:44:20.905+0100] {dag.py:4180} INFO - Setting next_dagrun for hello_world_dag to 2024-09-23 00:00:00+00:00, run_after=2024-09-24 00:00:00+00:00
[2024-09-23T12:44:20.923+0100] {processor.py:208} INFO - Processing /Users/rtewelde/airflow/dags/hello_world.py took 0.211 seconds
[2024-09-23T12:48:43.791+0100] {processor.py:186} INFO - Started process (PID=22578) to work on /Users/rtewelde/airflow/dags/hello_world.py
[2024-09-23T12:48:43.792+0100] {processor.py:914} INFO - Processing file /Users/rtewelde/airflow/dags/hello_world.py for tasks to queue
[2024-09-23T12:48:43.792+0100] {logging_mixin.py:190} INFO - [2024-09-23T12:48:43.792+0100] {dagbag.py:588} INFO - Filling up the DagBag from /Users/rtewelde/airflow/dags/hello_world.py
[2024-09-23T12:48:43.819+0100] {processor.py:925} INFO - DAG(s) 'hello_world_dag' retrieved from /Users/rtewelde/airflow/dags/hello_world.py
[2024-09-23T12:48:43.974+0100] {logging_mixin.py:190} INFO - [2024-09-23T12:48:43.974+0100] {dag.py:3239} INFO - Sync 1 DAGs
[2024-09-23T12:48:43.994+0100] {logging_mixin.py:190} INFO - [2024-09-23T12:48:43.993+0100] {dag.py:4180} INFO - Setting next_dagrun for hello_world_dag to 2024-09-23 00:00:00+00:00, run_after=2024-09-24 00:00:00+00:00
[2024-09-23T12:48:44.015+0100] {processor.py:208} INFO - Processing /Users/rtewelde/airflow/dags/hello_world.py took 0.227 seconds
[2024-09-23T12:53:26.388+0100] {processor.py:186} INFO - Started process (PID=23917) to work on /Users/rtewelde/airflow/dags/hello_world.py
[2024-09-23T12:53:26.390+0100] {processor.py:914} INFO - Processing file /Users/rtewelde/airflow/dags/hello_world.py for tasks to queue
[2024-09-23T12:53:26.391+0100] {logging_mixin.py:190} INFO - [2024-09-23T12:53:26.391+0100] {dagbag.py:588} INFO - Filling up the DagBag from /Users/rtewelde/airflow/dags/hello_world.py
[2024-09-23T12:53:26.415+0100] {processor.py:925} INFO - DAG(s) 'hello_world_dag' retrieved from /Users/rtewelde/airflow/dags/hello_world.py
[2024-09-23T12:53:26.554+0100] {logging_mixin.py:190} INFO - [2024-09-23T12:53:26.553+0100] {dag.py:3239} INFO - Sync 1 DAGs
[2024-09-23T12:53:26.571+0100] {logging_mixin.py:190} INFO - [2024-09-23T12:53:26.571+0100] {dag.py:4180} INFO - Setting next_dagrun for hello_world_dag to 2024-09-23 00:00:00+00:00, run_after=2024-09-24 00:00:00+00:00
[2024-09-23T12:53:26.587+0100] {processor.py:208} INFO - Processing /Users/rtewelde/airflow/dags/hello_world.py took 0.201 seconds
[2024-09-23T18:04:30.096+0100] {processor.py:186} INFO - Started process (PID=25372) to work on /Users/rtewelde/airflow/dags/hello_world.py
[2024-09-23T18:04:30.097+0100] {processor.py:914} INFO - Processing file /Users/rtewelde/airflow/dags/hello_world.py for tasks to queue
[2024-09-23T18:04:30.098+0100] {logging_mixin.py:190} INFO - [2024-09-23T18:04:30.098+0100] {dagbag.py:588} INFO - Filling up the DagBag from /Users/rtewelde/airflow/dags/hello_world.py
[2024-09-23T18:04:30.120+0100] {processor.py:925} INFO - DAG(s) 'hello_world_dag' retrieved from /Users/rtewelde/airflow/dags/hello_world.py
[2024-09-23T18:04:30.264+0100] {logging_mixin.py:190} INFO - [2024-09-23T18:04:30.264+0100] {dag.py:3239} INFO - Sync 1 DAGs
[2024-09-23T18:04:30.285+0100] {logging_mixin.py:190} INFO - [2024-09-23T18:04:30.284+0100] {dag.py:4180} INFO - Setting next_dagrun for hello_world_dag to 2024-09-23 00:00:00+00:00, run_after=2024-09-24 00:00:00+00:00
[2024-09-23T18:04:30.300+0100] {processor.py:208} INFO - Processing /Users/rtewelde/airflow/dags/hello_world.py took 0.205 seconds
[2024-09-23T18:09:08.732+0100] {processor.py:186} INFO - Started process (PID=26662) to work on /Users/rtewelde/airflow/dags/hello_world.py
[2024-09-23T18:09:08.733+0100] {processor.py:914} INFO - Processing file /Users/rtewelde/airflow/dags/hello_world.py for tasks to queue
[2024-09-23T18:09:08.734+0100] {logging_mixin.py:190} INFO - [2024-09-23T18:09:08.734+0100] {dagbag.py:588} INFO - Filling up the DagBag from /Users/rtewelde/airflow/dags/hello_world.py
[2024-09-23T18:09:08.754+0100] {processor.py:925} INFO - DAG(s) 'hello_world_dag' retrieved from /Users/rtewelde/airflow/dags/hello_world.py
[2024-09-23T18:09:08.887+0100] {logging_mixin.py:190} INFO - [2024-09-23T18:09:08.887+0100] {dag.py:3239} INFO - Sync 1 DAGs
[2024-09-23T18:09:08.903+0100] {logging_mixin.py:190} INFO - [2024-09-23T18:09:08.903+0100] {dag.py:4180} INFO - Setting next_dagrun for hello_world_dag to 2024-09-23 00:00:00+00:00, run_after=2024-09-24 00:00:00+00:00
[2024-09-23T18:09:08.919+0100] {processor.py:208} INFO - Processing /Users/rtewelde/airflow/dags/hello_world.py took 0.188 seconds
[2024-09-23T18:37:19.018+0100] {processor.py:186} INFO - Started process (PID=28240) to work on /Users/rtewelde/airflow/dags/hello_world.py
[2024-09-23T18:37:19.020+0100] {processor.py:914} INFO - Processing file /Users/rtewelde/airflow/dags/hello_world.py for tasks to queue
[2024-09-23T18:37:19.021+0100] {logging_mixin.py:190} INFO - [2024-09-23T18:37:19.021+0100] {dagbag.py:588} INFO - Filling up the DagBag from /Users/rtewelde/airflow/dags/hello_world.py
[2024-09-23T18:37:19.044+0100] {processor.py:925} INFO - DAG(s) 'hello_world_dag' retrieved from /Users/rtewelde/airflow/dags/hello_world.py
[2024-09-23T18:37:19.201+0100] {logging_mixin.py:190} INFO - [2024-09-23T18:37:19.200+0100] {dag.py:3239} INFO - Sync 1 DAGs
[2024-09-23T18:37:19.222+0100] {logging_mixin.py:190} INFO - [2024-09-23T18:37:19.221+0100] {dag.py:4180} INFO - Setting next_dagrun for hello_world_dag to 2024-09-23 00:00:00+00:00, run_after=2024-09-24 00:00:00+00:00
[2024-09-23T18:37:19.237+0100] {processor.py:208} INFO - Processing /Users/rtewelde/airflow/dags/hello_world.py took 0.221 seconds
[2024-09-23T19:02:52.476+0100] {processor.py:186} INFO - Started process (PID=37236) to work on /Users/rtewelde/airflow/dags/hello_world.py
[2024-09-23T19:02:52.478+0100] {processor.py:914} INFO - Processing file /Users/rtewelde/airflow/dags/hello_world.py for tasks to queue
[2024-09-23T19:02:52.479+0100] {logging_mixin.py:190} INFO - [2024-09-23T19:02:52.478+0100] {dagbag.py:588} INFO - Filling up the DagBag from /Users/rtewelde/airflow/dags/hello_world.py
[2024-09-23T19:02:52.500+0100] {processor.py:925} INFO - DAG(s) 'hello_world_dag' retrieved from /Users/rtewelde/airflow/dags/hello_world.py
[2024-09-23T19:02:52.643+0100] {logging_mixin.py:190} INFO - [2024-09-23T19:02:52.643+0100] {dag.py:3239} INFO - Sync 1 DAGs
[2024-09-23T19:02:52.661+0100] {logging_mixin.py:190} INFO - [2024-09-23T19:02:52.661+0100] {dag.py:4180} INFO - Setting next_dagrun for hello_world_dag to 2024-09-23 00:00:00+00:00, run_after=2024-09-24 00:00:00+00:00
[2024-09-23T19:02:52.679+0100] {processor.py:208} INFO - Processing /Users/rtewelde/airflow/dags/hello_world.py took 0.206 seconds
[2024-09-23T19:07:50.256+0100] {processor.py:186} INFO - Started process (PID=38684) to work on /Users/rtewelde/airflow/dags/hello_world.py
[2024-09-23T19:07:50.257+0100] {processor.py:914} INFO - Processing file /Users/rtewelde/airflow/dags/hello_world.py for tasks to queue
[2024-09-23T19:07:50.259+0100] {logging_mixin.py:190} INFO - [2024-09-23T19:07:50.258+0100] {dagbag.py:588} INFO - Filling up the DagBag from /Users/rtewelde/airflow/dags/hello_world.py
[2024-09-23T19:07:50.282+0100] {processor.py:925} INFO - DAG(s) 'hello_world_dag' retrieved from /Users/rtewelde/airflow/dags/hello_world.py
[2024-09-23T19:07:50.433+0100] {logging_mixin.py:190} INFO - [2024-09-23T19:07:50.433+0100] {dag.py:3239} INFO - Sync 1 DAGs
[2024-09-23T19:07:50.450+0100] {logging_mixin.py:190} INFO - [2024-09-23T19:07:50.450+0100] {dag.py:4180} INFO - Setting next_dagrun for hello_world_dag to 2024-09-23 00:00:00+00:00, run_after=2024-09-24 00:00:00+00:00
[2024-09-23T19:07:50.465+0100] {processor.py:208} INFO - Processing /Users/rtewelde/airflow/dags/hello_world.py took 0.212 seconds
[2024-09-23T19:12:23.089+0100] {processor.py:186} INFO - Started process (PID=39962) to work on /Users/rtewelde/airflow/dags/hello_world.py
[2024-09-23T19:12:23.090+0100] {processor.py:914} INFO - Processing file /Users/rtewelde/airflow/dags/hello_world.py for tasks to queue
[2024-09-23T19:12:23.092+0100] {logging_mixin.py:190} INFO - [2024-09-23T19:12:23.091+0100] {dagbag.py:588} INFO - Filling up the DagBag from /Users/rtewelde/airflow/dags/hello_world.py
[2024-09-23T19:12:23.116+0100] {processor.py:925} INFO - DAG(s) 'hello_world_dag' retrieved from /Users/rtewelde/airflow/dags/hello_world.py
[2024-09-23T19:12:23.264+0100] {logging_mixin.py:190} INFO - [2024-09-23T19:12:23.264+0100] {dag.py:3239} INFO - Sync 1 DAGs
[2024-09-23T19:12:23.283+0100] {logging_mixin.py:190} INFO - [2024-09-23T19:12:23.283+0100] {dag.py:4180} INFO - Setting next_dagrun for hello_world_dag to 2024-09-23 00:00:00+00:00, run_after=2024-09-24 00:00:00+00:00
[2024-09-23T19:12:23.301+0100] {processor.py:208} INFO - Processing /Users/rtewelde/airflow/dags/hello_world.py took 0.214 seconds
[2024-09-23T19:16:56.458+0100] {processor.py:186} INFO - Started process (PID=41243) to work on /Users/rtewelde/airflow/dags/hello_world.py
[2024-09-23T19:16:56.459+0100] {processor.py:914} INFO - Processing file /Users/rtewelde/airflow/dags/hello_world.py for tasks to queue
[2024-09-23T19:16:56.460+0100] {logging_mixin.py:190} INFO - [2024-09-23T19:16:56.460+0100] {dagbag.py:588} INFO - Filling up the DagBag from /Users/rtewelde/airflow/dags/hello_world.py
[2024-09-23T19:16:56.485+0100] {processor.py:925} INFO - DAG(s) 'hello_world_dag' retrieved from /Users/rtewelde/airflow/dags/hello_world.py
[2024-09-23T19:16:56.647+0100] {logging_mixin.py:190} INFO - [2024-09-23T19:16:56.646+0100] {dag.py:3239} INFO - Sync 1 DAGs
[2024-09-23T19:16:56.664+0100] {logging_mixin.py:190} INFO - [2024-09-23T19:16:56.664+0100] {dag.py:4180} INFO - Setting next_dagrun for hello_world_dag to 2024-09-23 00:00:00+00:00, run_after=2024-09-24 00:00:00+00:00
[2024-09-23T19:16:56.679+0100] {processor.py:208} INFO - Processing /Users/rtewelde/airflow/dags/hello_world.py took 0.225 seconds
[2024-09-23T19:21:27.569+0100] {processor.py:186} INFO - Started process (PID=42544) to work on /Users/rtewelde/airflow/dags/hello_world.py
[2024-09-23T19:21:27.571+0100] {processor.py:914} INFO - Processing file /Users/rtewelde/airflow/dags/hello_world.py for tasks to queue
[2024-09-23T19:21:27.572+0100] {logging_mixin.py:190} INFO - [2024-09-23T19:21:27.571+0100] {dagbag.py:588} INFO - Filling up the DagBag from /Users/rtewelde/airflow/dags/hello_world.py
[2024-09-23T19:21:27.594+0100] {processor.py:925} INFO - DAG(s) 'hello_world_dag' retrieved from /Users/rtewelde/airflow/dags/hello_world.py
[2024-09-23T19:21:27.740+0100] {logging_mixin.py:190} INFO - [2024-09-23T19:21:27.740+0100] {dag.py:3239} INFO - Sync 1 DAGs
[2024-09-23T19:21:27.758+0100] {logging_mixin.py:190} INFO - [2024-09-23T19:21:27.758+0100] {dag.py:4180} INFO - Setting next_dagrun for hello_world_dag to 2024-09-23 00:00:00+00:00, run_after=2024-09-24 00:00:00+00:00
[2024-09-23T19:21:27.774+0100] {processor.py:208} INFO - Processing /Users/rtewelde/airflow/dags/hello_world.py took 0.207 seconds
[2024-09-23T19:26:02.896+0100] {processor.py:186} INFO - Started process (PID=43856) to work on /Users/rtewelde/airflow/dags/hello_world.py
[2024-09-23T19:26:02.896+0100] {processor.py:914} INFO - Processing file /Users/rtewelde/airflow/dags/hello_world.py for tasks to queue
[2024-09-23T19:26:02.897+0100] {logging_mixin.py:190} INFO - [2024-09-23T19:26:02.897+0100] {dagbag.py:588} INFO - Filling up the DagBag from /Users/rtewelde/airflow/dags/hello_world.py
[2024-09-23T19:26:02.919+0100] {processor.py:925} INFO - DAG(s) 'hello_world_dag' retrieved from /Users/rtewelde/airflow/dags/hello_world.py
[2024-09-23T19:26:03.065+0100] {logging_mixin.py:190} INFO - [2024-09-23T19:26:03.064+0100] {dag.py:3239} INFO - Sync 1 DAGs
[2024-09-23T19:26:03.083+0100] {logging_mixin.py:190} INFO - [2024-09-23T19:26:03.083+0100] {dag.py:4180} INFO - Setting next_dagrun for hello_world_dag to 2024-09-23 00:00:00+00:00, run_after=2024-09-24 00:00:00+00:00
[2024-09-23T19:26:03.098+0100] {processor.py:208} INFO - Processing /Users/rtewelde/airflow/dags/hello_world.py took 0.205 seconds
[2024-09-23T19:30:29.983+0100] {processor.py:186} INFO - Started process (PID=45099) to work on /Users/rtewelde/airflow/dags/hello_world.py
[2024-09-23T19:30:29.984+0100] {processor.py:914} INFO - Processing file /Users/rtewelde/airflow/dags/hello_world.py for tasks to queue
[2024-09-23T19:30:29.985+0100] {logging_mixin.py:190} INFO - [2024-09-23T19:30:29.985+0100] {dagbag.py:588} INFO - Filling up the DagBag from /Users/rtewelde/airflow/dags/hello_world.py
[2024-09-23T19:30:30.009+0100] {processor.py:925} INFO - DAG(s) 'hello_world_dag' retrieved from /Users/rtewelde/airflow/dags/hello_world.py
[2024-09-23T19:30:30.156+0100] {logging_mixin.py:190} INFO - [2024-09-23T19:30:30.156+0100] {dag.py:3239} INFO - Sync 1 DAGs
[2024-09-23T19:30:30.174+0100] {logging_mixin.py:190} INFO - [2024-09-23T19:30:30.174+0100] {dag.py:4180} INFO - Setting next_dagrun for hello_world_dag to 2024-09-23 00:00:00+00:00, run_after=2024-09-24 00:00:00+00:00
[2024-09-23T19:30:30.192+0100] {processor.py:208} INFO - Processing /Users/rtewelde/airflow/dags/hello_world.py took 0.212 seconds
[2024-09-23T19:35:00.915+0100] {processor.py:186} INFO - Started process (PID=46366) to work on /Users/rtewelde/airflow/dags/hello_world.py
[2024-09-23T19:35:00.916+0100] {processor.py:914} INFO - Processing file /Users/rtewelde/airflow/dags/hello_world.py for tasks to queue
[2024-09-23T19:35:00.917+0100] {logging_mixin.py:190} INFO - [2024-09-23T19:35:00.917+0100] {dagbag.py:588} INFO - Filling up the DagBag from /Users/rtewelde/airflow/dags/hello_world.py
[2024-09-23T19:35:00.939+0100] {processor.py:925} INFO - DAG(s) 'hello_world_dag' retrieved from /Users/rtewelde/airflow/dags/hello_world.py
[2024-09-23T19:35:01.089+0100] {logging_mixin.py:190} INFO - [2024-09-23T19:35:01.088+0100] {dag.py:3239} INFO - Sync 1 DAGs
[2024-09-23T19:35:01.108+0100] {logging_mixin.py:190} INFO - [2024-09-23T19:35:01.108+0100] {dag.py:4180} INFO - Setting next_dagrun for hello_world_dag to 2024-09-23 00:00:00+00:00, run_after=2024-09-24 00:00:00+00:00
[2024-09-23T19:35:01.125+0100] {processor.py:208} INFO - Processing /Users/rtewelde/airflow/dags/hello_world.py took 0.212 seconds
[2024-09-23T19:39:30.384+0100] {processor.py:186} INFO - Started process (PID=47619) to work on /Users/rtewelde/airflow/dags/hello_world.py
[2024-09-23T19:39:30.385+0100] {processor.py:914} INFO - Processing file /Users/rtewelde/airflow/dags/hello_world.py for tasks to queue
[2024-09-23T19:39:30.386+0100] {logging_mixin.py:190} INFO - [2024-09-23T19:39:30.386+0100] {dagbag.py:588} INFO - Filling up the DagBag from /Users/rtewelde/airflow/dags/hello_world.py
[2024-09-23T19:39:30.407+0100] {processor.py:925} INFO - DAG(s) 'hello_world_dag' retrieved from /Users/rtewelde/airflow/dags/hello_world.py
[2024-09-23T19:39:30.557+0100] {logging_mixin.py:190} INFO - [2024-09-23T19:39:30.556+0100] {dag.py:3239} INFO - Sync 1 DAGs
[2024-09-23T19:39:30.576+0100] {logging_mixin.py:190} INFO - [2024-09-23T19:39:30.576+0100] {dag.py:4180} INFO - Setting next_dagrun for hello_world_dag to 2024-09-23 00:00:00+00:00, run_after=2024-09-24 00:00:00+00:00
[2024-09-23T19:39:30.593+0100] {processor.py:208} INFO - Processing /Users/rtewelde/airflow/dags/hello_world.py took 0.211 seconds
[2024-09-23T19:43:57.919+0100] {processor.py:186} INFO - Started process (PID=48859) to work on /Users/rtewelde/airflow/dags/hello_world.py
[2024-09-23T19:43:57.919+0100] {processor.py:914} INFO - Processing file /Users/rtewelde/airflow/dags/hello_world.py for tasks to queue
[2024-09-23T19:43:57.920+0100] {logging_mixin.py:190} INFO - [2024-09-23T19:43:57.920+0100] {dagbag.py:588} INFO - Filling up the DagBag from /Users/rtewelde/airflow/dags/hello_world.py
[2024-09-23T19:43:57.941+0100] {processor.py:925} INFO - DAG(s) 'hello_world_dag' retrieved from /Users/rtewelde/airflow/dags/hello_world.py
[2024-09-23T19:43:58.087+0100] {logging_mixin.py:190} INFO - [2024-09-23T19:43:58.086+0100] {dag.py:3239} INFO - Sync 1 DAGs
[2024-09-23T19:43:58.104+0100] {logging_mixin.py:190} INFO - [2024-09-23T19:43:58.104+0100] {dag.py:4180} INFO - Setting next_dagrun for hello_world_dag to 2024-09-23 00:00:00+00:00, run_after=2024-09-24 00:00:00+00:00
[2024-09-23T19:43:58.120+0100] {processor.py:208} INFO - Processing /Users/rtewelde/airflow/dags/hello_world.py took 0.204 seconds
[2024-09-23T19:48:28.364+0100] {processor.py:186} INFO - Started process (PID=50105) to work on /Users/rtewelde/airflow/dags/hello_world.py
[2024-09-23T19:48:28.364+0100] {processor.py:914} INFO - Processing file /Users/rtewelde/airflow/dags/hello_world.py for tasks to queue
[2024-09-23T19:48:28.365+0100] {logging_mixin.py:190} INFO - [2024-09-23T19:48:28.365+0100] {dagbag.py:588} INFO - Filling up the DagBag from /Users/rtewelde/airflow/dags/hello_world.py
[2024-09-23T19:48:28.386+0100] {processor.py:925} INFO - DAG(s) 'hello_world_dag' retrieved from /Users/rtewelde/airflow/dags/hello_world.py
[2024-09-23T19:48:28.532+0100] {logging_mixin.py:190} INFO - [2024-09-23T19:48:28.531+0100] {dag.py:3239} INFO - Sync 1 DAGs
[2024-09-23T19:48:28.550+0100] {logging_mixin.py:190} INFO - [2024-09-23T19:48:28.550+0100] {dag.py:4180} INFO - Setting next_dagrun for hello_world_dag to 2024-09-23 00:00:00+00:00, run_after=2024-09-24 00:00:00+00:00
[2024-09-23T19:48:28.566+0100] {processor.py:208} INFO - Processing /Users/rtewelde/airflow/dags/hello_world.py took 0.205 seconds
[2024-09-23T19:52:56.722+0100] {processor.py:186} INFO - Started process (PID=51337) to work on /Users/rtewelde/airflow/dags/hello_world.py
[2024-09-23T19:52:56.722+0100] {processor.py:914} INFO - Processing file /Users/rtewelde/airflow/dags/hello_world.py for tasks to queue
[2024-09-23T19:52:56.723+0100] {logging_mixin.py:190} INFO - [2024-09-23T19:52:56.723+0100] {dagbag.py:588} INFO - Filling up the DagBag from /Users/rtewelde/airflow/dags/hello_world.py
[2024-09-23T19:52:56.744+0100] {processor.py:925} INFO - DAG(s) 'hello_world_dag' retrieved from /Users/rtewelde/airflow/dags/hello_world.py
[2024-09-23T19:52:56.886+0100] {logging_mixin.py:190} INFO - [2024-09-23T19:52:56.885+0100] {dag.py:3239} INFO - Sync 1 DAGs
[2024-09-23T19:52:56.903+0100] {logging_mixin.py:190} INFO - [2024-09-23T19:52:56.903+0100] {dag.py:4180} INFO - Setting next_dagrun for hello_world_dag to 2024-09-23 00:00:00+00:00, run_after=2024-09-24 00:00:00+00:00
[2024-09-23T19:52:56.923+0100] {processor.py:208} INFO - Processing /Users/rtewelde/airflow/dags/hello_world.py took 0.204 seconds
[2024-09-23T19:57:24.529+0100] {processor.py:186} INFO - Started process (PID=52575) to work on /Users/rtewelde/airflow/dags/hello_world.py
[2024-09-23T19:57:24.530+0100] {processor.py:914} INFO - Processing file /Users/rtewelde/airflow/dags/hello_world.py for tasks to queue
[2024-09-23T19:57:24.531+0100] {logging_mixin.py:190} INFO - [2024-09-23T19:57:24.531+0100] {dagbag.py:588} INFO - Filling up the DagBag from /Users/rtewelde/airflow/dags/hello_world.py
[2024-09-23T19:57:24.554+0100] {processor.py:925} INFO - DAG(s) 'hello_world_dag' retrieved from /Users/rtewelde/airflow/dags/hello_world.py
[2024-09-23T19:57:24.708+0100] {logging_mixin.py:190} INFO - [2024-09-23T19:57:24.708+0100] {dag.py:3239} INFO - Sync 1 DAGs
[2024-09-23T19:57:24.725+0100] {logging_mixin.py:190} INFO - [2024-09-23T19:57:24.725+0100] {dag.py:4180} INFO - Setting next_dagrun for hello_world_dag to 2024-09-23 00:00:00+00:00, run_after=2024-09-24 00:00:00+00:00
[2024-09-23T19:57:24.741+0100] {processor.py:208} INFO - Processing /Users/rtewelde/airflow/dags/hello_world.py took 0.214 seconds
[2024-09-23T20:01:46.466+0100] {processor.py:186} INFO - Started process (PID=53794) to work on /Users/rtewelde/airflow/dags/hello_world.py
[2024-09-23T20:01:46.467+0100] {processor.py:914} INFO - Processing file /Users/rtewelde/airflow/dags/hello_world.py for tasks to queue
[2024-09-23T20:01:46.468+0100] {logging_mixin.py:190} INFO - [2024-09-23T20:01:46.468+0100] {dagbag.py:588} INFO - Filling up the DagBag from /Users/rtewelde/airflow/dags/hello_world.py
[2024-09-23T20:01:46.489+0100] {processor.py:925} INFO - DAG(s) 'hello_world_dag' retrieved from /Users/rtewelde/airflow/dags/hello_world.py
[2024-09-23T20:01:46.644+0100] {logging_mixin.py:190} INFO - [2024-09-23T20:01:46.643+0100] {dag.py:3239} INFO - Sync 1 DAGs
[2024-09-23T20:01:46.667+0100] {logging_mixin.py:190} INFO - [2024-09-23T20:01:46.667+0100] {dag.py:4180} INFO - Setting next_dagrun for hello_world_dag to 2024-09-23 00:00:00+00:00, run_after=2024-09-24 00:00:00+00:00
[2024-09-23T20:01:46.684+0100] {processor.py:208} INFO - Processing /Users/rtewelde/airflow/dags/hello_world.py took 0.221 seconds
[2024-09-23T20:06:13.989+0100] {processor.py:186} INFO - Started process (PID=55029) to work on /Users/rtewelde/airflow/dags/hello_world.py
[2024-09-23T20:06:13.990+0100] {processor.py:914} INFO - Processing file /Users/rtewelde/airflow/dags/hello_world.py for tasks to queue
[2024-09-23T20:06:13.992+0100] {logging_mixin.py:190} INFO - [2024-09-23T20:06:13.991+0100] {dagbag.py:588} INFO - Filling up the DagBag from /Users/rtewelde/airflow/dags/hello_world.py
[2024-09-23T20:06:14.014+0100] {processor.py:925} INFO - DAG(s) 'hello_world_dag' retrieved from /Users/rtewelde/airflow/dags/hello_world.py
[2024-09-23T20:06:14.165+0100] {logging_mixin.py:190} INFO - [2024-09-23T20:06:14.165+0100] {dag.py:3239} INFO - Sync 1 DAGs
[2024-09-23T20:06:14.184+0100] {logging_mixin.py:190} INFO - [2024-09-23T20:06:14.184+0100] {dag.py:4180} INFO - Setting next_dagrun for hello_world_dag to 2024-09-23 00:00:00+00:00, run_after=2024-09-24 00:00:00+00:00
[2024-09-23T20:06:14.204+0100] {processor.py:208} INFO - Processing /Users/rtewelde/airflow/dags/hello_world.py took 0.217 seconds
[2024-09-23T20:10:42.618+0100] {processor.py:186} INFO - Started process (PID=56271) to work on /Users/rtewelde/airflow/dags/hello_world.py
[2024-09-23T20:10:42.619+0100] {processor.py:914} INFO - Processing file /Users/rtewelde/airflow/dags/hello_world.py for tasks to queue
[2024-09-23T20:10:42.621+0100] {logging_mixin.py:190} INFO - [2024-09-23T20:10:42.621+0100] {dagbag.py:588} INFO - Filling up the DagBag from /Users/rtewelde/airflow/dags/hello_world.py
[2024-09-23T20:10:42.643+0100] {processor.py:925} INFO - DAG(s) 'hello_world_dag' retrieved from /Users/rtewelde/airflow/dags/hello_world.py
[2024-09-23T20:10:42.786+0100] {logging_mixin.py:190} INFO - [2024-09-23T20:10:42.786+0100] {dag.py:3239} INFO - Sync 1 DAGs
[2024-09-23T20:10:42.804+0100] {logging_mixin.py:190} INFO - [2024-09-23T20:10:42.804+0100] {dag.py:4180} INFO - Setting next_dagrun for hello_world_dag to 2024-09-23 00:00:00+00:00, run_after=2024-09-24 00:00:00+00:00
[2024-09-23T20:10:42.820+0100] {processor.py:208} INFO - Processing /Users/rtewelde/airflow/dags/hello_world.py took 0.205 seconds
[2024-09-23T20:15:15.215+0100] {processor.py:186} INFO - Started process (PID=57533) to work on /Users/rtewelde/airflow/dags/hello_world.py
[2024-09-23T20:15:15.217+0100] {processor.py:914} INFO - Processing file /Users/rtewelde/airflow/dags/hello_world.py for tasks to queue
[2024-09-23T20:15:15.218+0100] {logging_mixin.py:190} INFO - [2024-09-23T20:15:15.218+0100] {dagbag.py:588} INFO - Filling up the DagBag from /Users/rtewelde/airflow/dags/hello_world.py
[2024-09-23T20:15:15.241+0100] {processor.py:925} INFO - DAG(s) 'hello_world_dag' retrieved from /Users/rtewelde/airflow/dags/hello_world.py
[2024-09-23T20:15:15.388+0100] {logging_mixin.py:190} INFO - [2024-09-23T20:15:15.387+0100] {dag.py:3239} INFO - Sync 1 DAGs
[2024-09-23T20:15:15.407+0100] {logging_mixin.py:190} INFO - [2024-09-23T20:15:15.406+0100] {dag.py:4180} INFO - Setting next_dagrun for hello_world_dag to 2024-09-23 00:00:00+00:00, run_after=2024-09-24 00:00:00+00:00
[2024-09-23T20:15:15.422+0100] {processor.py:208} INFO - Processing /Users/rtewelde/airflow/dags/hello_world.py took 0.209 seconds
[2024-09-23T20:19:47.112+0100] {processor.py:186} INFO - Started process (PID=58816) to work on /Users/rtewelde/airflow/dags/hello_world.py
[2024-09-23T20:19:47.113+0100] {processor.py:914} INFO - Processing file /Users/rtewelde/airflow/dags/hello_world.py for tasks to queue
[2024-09-23T20:19:47.114+0100] {logging_mixin.py:190} INFO - [2024-09-23T20:19:47.114+0100] {dagbag.py:588} INFO - Filling up the DagBag from /Users/rtewelde/airflow/dags/hello_world.py
[2024-09-23T20:19:47.137+0100] {processor.py:925} INFO - DAG(s) 'hello_world_dag' retrieved from /Users/rtewelde/airflow/dags/hello_world.py
[2024-09-23T20:19:47.287+0100] {logging_mixin.py:190} INFO - [2024-09-23T20:19:47.286+0100] {dag.py:3239} INFO - Sync 1 DAGs
[2024-09-23T20:19:47.305+0100] {logging_mixin.py:190} INFO - [2024-09-23T20:19:47.304+0100] {dag.py:4180} INFO - Setting next_dagrun for hello_world_dag to 2024-09-23 00:00:00+00:00, run_after=2024-09-24 00:00:00+00:00
[2024-09-23T20:19:47.320+0100] {processor.py:208} INFO - Processing /Users/rtewelde/airflow/dags/hello_world.py took 0.210 seconds
[2024-09-23T20:24:23.052+0100] {processor.py:186} INFO - Started process (PID=60081) to work on /Users/rtewelde/airflow/dags/hello_world.py
[2024-09-23T20:24:23.053+0100] {processor.py:914} INFO - Processing file /Users/rtewelde/airflow/dags/hello_world.py for tasks to queue
[2024-09-23T20:24:23.054+0100] {logging_mixin.py:190} INFO - [2024-09-23T20:24:23.054+0100] {dagbag.py:588} INFO - Filling up the DagBag from /Users/rtewelde/airflow/dags/hello_world.py
[2024-09-23T20:24:23.076+0100] {processor.py:925} INFO - DAG(s) 'hello_world_dag' retrieved from /Users/rtewelde/airflow/dags/hello_world.py
[2024-09-23T20:24:23.218+0100] {logging_mixin.py:190} INFO - [2024-09-23T20:24:23.218+0100] {dag.py:3239} INFO - Sync 1 DAGs
[2024-09-23T20:24:23.236+0100] {logging_mixin.py:190} INFO - [2024-09-23T20:24:23.236+0100] {dag.py:4180} INFO - Setting next_dagrun for hello_world_dag to 2024-09-23 00:00:00+00:00, run_after=2024-09-24 00:00:00+00:00
[2024-09-23T20:24:23.252+0100] {processor.py:208} INFO - Processing /Users/rtewelde/airflow/dags/hello_world.py took 0.202 seconds
[2024-09-23T20:28:51.773+0100] {processor.py:186} INFO - Started process (PID=61339) to work on /Users/rtewelde/airflow/dags/hello_world.py
[2024-09-23T20:28:51.774+0100] {processor.py:914} INFO - Processing file /Users/rtewelde/airflow/dags/hello_world.py for tasks to queue
[2024-09-23T20:28:51.775+0100] {logging_mixin.py:190} INFO - [2024-09-23T20:28:51.775+0100] {dagbag.py:588} INFO - Filling up the DagBag from /Users/rtewelde/airflow/dags/hello_world.py
[2024-09-23T20:28:51.797+0100] {processor.py:925} INFO - DAG(s) 'hello_world_dag' retrieved from /Users/rtewelde/airflow/dags/hello_world.py
[2024-09-23T20:28:51.955+0100] {logging_mixin.py:190} INFO - [2024-09-23T20:28:51.954+0100] {dag.py:3239} INFO - Sync 1 DAGs
[2024-09-23T20:28:51.973+0100] {logging_mixin.py:190} INFO - [2024-09-23T20:28:51.973+0100] {dag.py:4180} INFO - Setting next_dagrun for hello_world_dag to 2024-09-23 00:00:00+00:00, run_after=2024-09-24 00:00:00+00:00
[2024-09-23T20:28:51.989+0100] {processor.py:208} INFO - Processing /Users/rtewelde/airflow/dags/hello_world.py took 0.218 seconds
[2024-09-23T20:33:19.088+0100] {processor.py:186} INFO - Started process (PID=62580) to work on /Users/rtewelde/airflow/dags/hello_world.py
[2024-09-23T20:33:19.088+0100] {processor.py:914} INFO - Processing file /Users/rtewelde/airflow/dags/hello_world.py for tasks to queue
[2024-09-23T20:33:19.089+0100] {logging_mixin.py:190} INFO - [2024-09-23T20:33:19.089+0100] {dagbag.py:588} INFO - Filling up the DagBag from /Users/rtewelde/airflow/dags/hello_world.py
[2024-09-23T20:33:19.112+0100] {processor.py:925} INFO - DAG(s) 'hello_world_dag' retrieved from /Users/rtewelde/airflow/dags/hello_world.py
[2024-09-23T20:33:19.260+0100] {logging_mixin.py:190} INFO - [2024-09-23T20:33:19.260+0100] {dag.py:3239} INFO - Sync 1 DAGs
[2024-09-23T20:33:19.278+0100] {logging_mixin.py:190} INFO - [2024-09-23T20:33:19.277+0100] {dag.py:4180} INFO - Setting next_dagrun for hello_world_dag to 2024-09-23 00:00:00+00:00, run_after=2024-09-24 00:00:00+00:00
[2024-09-23T20:33:19.292+0100] {processor.py:208} INFO - Processing /Users/rtewelde/airflow/dags/hello_world.py took 0.208 seconds
[2024-09-23T20:37:43.759+0100] {processor.py:186} INFO - Started process (PID=63806) to work on /Users/rtewelde/airflow/dags/hello_world.py
[2024-09-23T20:37:43.760+0100] {processor.py:914} INFO - Processing file /Users/rtewelde/airflow/dags/hello_world.py for tasks to queue
[2024-09-23T20:37:43.761+0100] {logging_mixin.py:190} INFO - [2024-09-23T20:37:43.761+0100] {dagbag.py:588} INFO - Filling up the DagBag from /Users/rtewelde/airflow/dags/hello_world.py
[2024-09-23T20:37:43.786+0100] {processor.py:925} INFO - DAG(s) 'hello_world_dag' retrieved from /Users/rtewelde/airflow/dags/hello_world.py
[2024-09-23T20:37:43.935+0100] {logging_mixin.py:190} INFO - [2024-09-23T20:37:43.934+0100] {dag.py:3239} INFO - Sync 1 DAGs
[2024-09-23T20:37:43.953+0100] {logging_mixin.py:190} INFO - [2024-09-23T20:37:43.953+0100] {dag.py:4180} INFO - Setting next_dagrun for hello_world_dag to 2024-09-23 00:00:00+00:00, run_after=2024-09-24 00:00:00+00:00
[2024-09-23T20:37:43.971+0100] {processor.py:208} INFO - Processing /Users/rtewelde/airflow/dags/hello_world.py took 0.215 seconds
[2024-09-23T20:42:21.200+0100] {processor.py:186} INFO - Started process (PID=65090) to work on /Users/rtewelde/airflow/dags/hello_world.py
[2024-09-23T20:42:21.201+0100] {processor.py:914} INFO - Processing file /Users/rtewelde/airflow/dags/hello_world.py for tasks to queue
[2024-09-23T20:42:21.201+0100] {logging_mixin.py:190} INFO - [2024-09-23T20:42:21.201+0100] {dagbag.py:588} INFO - Filling up the DagBag from /Users/rtewelde/airflow/dags/hello_world.py
[2024-09-23T20:42:21.222+0100] {processor.py:925} INFO - DAG(s) 'hello_world_dag' retrieved from /Users/rtewelde/airflow/dags/hello_world.py
[2024-09-23T20:42:21.367+0100] {logging_mixin.py:190} INFO - [2024-09-23T20:42:21.366+0100] {dag.py:3239} INFO - Sync 1 DAGs
[2024-09-23T20:42:21.384+0100] {logging_mixin.py:190} INFO - [2024-09-23T20:42:21.384+0100] {dag.py:4180} INFO - Setting next_dagrun for hello_world_dag to 2024-09-23 00:00:00+00:00, run_after=2024-09-24 00:00:00+00:00
[2024-09-23T20:42:21.400+0100] {processor.py:208} INFO - Processing /Users/rtewelde/airflow/dags/hello_world.py took 0.202 seconds
[2024-09-23T20:46:51.836+0100] {processor.py:186} INFO - Started process (PID=66340) to work on /Users/rtewelde/airflow/dags/hello_world.py
[2024-09-23T20:46:51.837+0100] {processor.py:914} INFO - Processing file /Users/rtewelde/airflow/dags/hello_world.py for tasks to queue
[2024-09-23T20:46:51.838+0100] {logging_mixin.py:190} INFO - [2024-09-23T20:46:51.838+0100] {dagbag.py:588} INFO - Filling up the DagBag from /Users/rtewelde/airflow/dags/hello_world.py
[2024-09-23T20:46:51.865+0100] {processor.py:925} INFO - DAG(s) 'hello_world_dag' retrieved from /Users/rtewelde/airflow/dags/hello_world.py
[2024-09-23T20:46:52.017+0100] {logging_mixin.py:190} INFO - [2024-09-23T20:46:52.017+0100] {dag.py:3239} INFO - Sync 1 DAGs
[2024-09-23T20:46:52.034+0100] {logging_mixin.py:190} INFO - [2024-09-23T20:46:52.034+0100] {dag.py:4180} INFO - Setting next_dagrun for hello_world_dag to 2024-09-23 00:00:00+00:00, run_after=2024-09-24 00:00:00+00:00
[2024-09-23T20:46:52.050+0100] {processor.py:208} INFO - Processing /Users/rtewelde/airflow/dags/hello_world.py took 0.217 seconds
[2024-09-23T20:51:21.592+0100] {processor.py:186} INFO - Started process (PID=67574) to work on /Users/rtewelde/airflow/dags/hello_world.py
[2024-09-23T20:51:21.593+0100] {processor.py:914} INFO - Processing file /Users/rtewelde/airflow/dags/hello_world.py for tasks to queue
[2024-09-23T20:51:21.593+0100] {logging_mixin.py:190} INFO - [2024-09-23T20:51:21.593+0100] {dagbag.py:588} INFO - Filling up the DagBag from /Users/rtewelde/airflow/dags/hello_world.py
[2024-09-23T20:51:21.615+0100] {processor.py:925} INFO - DAG(s) 'hello_world_dag' retrieved from /Users/rtewelde/airflow/dags/hello_world.py
[2024-09-23T20:51:21.757+0100] {logging_mixin.py:190} INFO - [2024-09-23T20:51:21.756+0100] {dag.py:3239} INFO - Sync 1 DAGs
[2024-09-23T20:51:21.774+0100] {logging_mixin.py:190} INFO - [2024-09-23T20:51:21.774+0100] {dag.py:4180} INFO - Setting next_dagrun for hello_world_dag to 2024-09-23 00:00:00+00:00, run_after=2024-09-24 00:00:00+00:00
[2024-09-23T20:51:21.789+0100] {processor.py:208} INFO - Processing /Users/rtewelde/airflow/dags/hello_world.py took 0.200 seconds
[2024-09-23T20:55:51.119+0100] {processor.py:186} INFO - Started process (PID=68817) to work on /Users/rtewelde/airflow/dags/hello_world.py
[2024-09-23T20:55:51.120+0100] {processor.py:914} INFO - Processing file /Users/rtewelde/airflow/dags/hello_world.py for tasks to queue
[2024-09-23T20:55:51.121+0100] {logging_mixin.py:190} INFO - [2024-09-23T20:55:51.121+0100] {dagbag.py:588} INFO - Filling up the DagBag from /Users/rtewelde/airflow/dags/hello_world.py
[2024-09-23T20:55:51.143+0100] {processor.py:925} INFO - DAG(s) 'hello_world_dag' retrieved from /Users/rtewelde/airflow/dags/hello_world.py
[2024-09-23T20:55:51.288+0100] {logging_mixin.py:190} INFO - [2024-09-23T20:55:51.288+0100] {dag.py:3239} INFO - Sync 1 DAGs
[2024-09-23T20:55:51.308+0100] {logging_mixin.py:190} INFO - [2024-09-23T20:55:51.307+0100] {dag.py:4180} INFO - Setting next_dagrun for hello_world_dag to 2024-09-23 00:00:00+00:00, run_after=2024-09-24 00:00:00+00:00
[2024-09-23T20:55:51.323+0100] {processor.py:208} INFO - Processing /Users/rtewelde/airflow/dags/hello_world.py took 0.206 seconds
[2024-09-23T21:00:20.258+0100] {processor.py:186} INFO - Started process (PID=70050) to work on /Users/rtewelde/airflow/dags/hello_world.py
[2024-09-23T21:00:20.259+0100] {processor.py:914} INFO - Processing file /Users/rtewelde/airflow/dags/hello_world.py for tasks to queue
[2024-09-23T21:00:20.260+0100] {logging_mixin.py:190} INFO - [2024-09-23T21:00:20.260+0100] {dagbag.py:588} INFO - Filling up the DagBag from /Users/rtewelde/airflow/dags/hello_world.py
[2024-09-23T21:00:20.281+0100] {processor.py:925} INFO - DAG(s) 'hello_world_dag' retrieved from /Users/rtewelde/airflow/dags/hello_world.py
[2024-09-23T21:00:20.421+0100] {logging_mixin.py:190} INFO - [2024-09-23T21:00:20.421+0100] {dag.py:3239} INFO - Sync 1 DAGs
[2024-09-23T21:00:20.441+0100] {logging_mixin.py:190} INFO - [2024-09-23T21:00:20.440+0100] {dag.py:4180} INFO - Setting next_dagrun for hello_world_dag to 2024-09-23 00:00:00+00:00, run_after=2024-09-24 00:00:00+00:00
[2024-09-23T21:00:20.456+0100] {processor.py:208} INFO - Processing /Users/rtewelde/airflow/dags/hello_world.py took 0.200 seconds
[2024-09-23T21:04:47.273+0100] {processor.py:186} INFO - Started process (PID=71287) to work on /Users/rtewelde/airflow/dags/hello_world.py
[2024-09-23T21:04:47.273+0100] {processor.py:914} INFO - Processing file /Users/rtewelde/airflow/dags/hello_world.py for tasks to queue
[2024-09-23T21:04:47.274+0100] {logging_mixin.py:190} INFO - [2024-09-23T21:04:47.274+0100] {dagbag.py:588} INFO - Filling up the DagBag from /Users/rtewelde/airflow/dags/hello_world.py
[2024-09-23T21:04:47.296+0100] {processor.py:925} INFO - DAG(s) 'hello_world_dag' retrieved from /Users/rtewelde/airflow/dags/hello_world.py
[2024-09-23T21:04:47.440+0100] {logging_mixin.py:190} INFO - [2024-09-23T21:04:47.440+0100] {dag.py:3239} INFO - Sync 1 DAGs
[2024-09-23T21:04:47.459+0100] {logging_mixin.py:190} INFO - [2024-09-23T21:04:47.458+0100] {dag.py:4180} INFO - Setting next_dagrun for hello_world_dag to 2024-09-23 00:00:00+00:00, run_after=2024-09-24 00:00:00+00:00
[2024-09-23T21:04:47.474+0100] {processor.py:208} INFO - Processing /Users/rtewelde/airflow/dags/hello_world.py took 0.204 seconds
[2024-09-23T21:09:16.036+0100] {processor.py:186} INFO - Started process (PID=72526) to work on /Users/rtewelde/airflow/dags/hello_world.py
[2024-09-23T21:09:16.037+0100] {processor.py:914} INFO - Processing file /Users/rtewelde/airflow/dags/hello_world.py for tasks to queue
[2024-09-23T21:09:16.038+0100] {logging_mixin.py:190} INFO - [2024-09-23T21:09:16.038+0100] {dagbag.py:588} INFO - Filling up the DagBag from /Users/rtewelde/airflow/dags/hello_world.py
[2024-09-23T21:09:16.061+0100] {processor.py:925} INFO - DAG(s) 'hello_world_dag' retrieved from /Users/rtewelde/airflow/dags/hello_world.py
[2024-09-23T21:09:16.210+0100] {logging_mixin.py:190} INFO - [2024-09-23T21:09:16.210+0100] {dag.py:3239} INFO - Sync 1 DAGs
[2024-09-23T21:09:16.229+0100] {logging_mixin.py:190} INFO - [2024-09-23T21:09:16.229+0100] {dag.py:4180} INFO - Setting next_dagrun for hello_world_dag to 2024-09-23 00:00:00+00:00, run_after=2024-09-24 00:00:00+00:00
[2024-09-23T21:09:16.246+0100] {processor.py:208} INFO - Processing /Users/rtewelde/airflow/dags/hello_world.py took 0.212 seconds
[2024-09-23T21:13:46.251+0100] {processor.py:186} INFO - Started process (PID=73781) to work on /Users/rtewelde/airflow/dags/hello_world.py
[2024-09-23T21:13:46.251+0100] {processor.py:914} INFO - Processing file /Users/rtewelde/airflow/dags/hello_world.py for tasks to queue
[2024-09-23T21:13:46.252+0100] {logging_mixin.py:190} INFO - [2024-09-23T21:13:46.252+0100] {dagbag.py:588} INFO - Filling up the DagBag from /Users/rtewelde/airflow/dags/hello_world.py
[2024-09-23T21:13:46.274+0100] {processor.py:925} INFO - DAG(s) 'hello_world_dag' retrieved from /Users/rtewelde/airflow/dags/hello_world.py
[2024-09-23T21:13:46.418+0100] {logging_mixin.py:190} INFO - [2024-09-23T21:13:46.418+0100] {dag.py:3239} INFO - Sync 1 DAGs
[2024-09-23T21:13:46.436+0100] {logging_mixin.py:190} INFO - [2024-09-23T21:13:46.436+0100] {dag.py:4180} INFO - Setting next_dagrun for hello_world_dag to 2024-09-23 00:00:00+00:00, run_after=2024-09-24 00:00:00+00:00
[2024-09-23T21:13:46.453+0100] {processor.py:208} INFO - Processing /Users/rtewelde/airflow/dags/hello_world.py took 0.205 seconds
[2024-09-23T21:18:18.385+0100] {processor.py:186} INFO - Started process (PID=75059) to work on /Users/rtewelde/airflow/dags/hello_world.py
[2024-09-23T21:18:18.387+0100] {processor.py:914} INFO - Processing file /Users/rtewelde/airflow/dags/hello_world.py for tasks to queue
[2024-09-23T21:18:18.388+0100] {logging_mixin.py:190} INFO - [2024-09-23T21:18:18.388+0100] {dagbag.py:588} INFO - Filling up the DagBag from /Users/rtewelde/airflow/dags/hello_world.py
[2024-09-23T21:18:18.411+0100] {processor.py:925} INFO - DAG(s) 'hello_world_dag' retrieved from /Users/rtewelde/airflow/dags/hello_world.py
[2024-09-23T21:18:18.568+0100] {logging_mixin.py:190} INFO - [2024-09-23T21:18:18.568+0100] {dag.py:3239} INFO - Sync 1 DAGs
[2024-09-23T21:18:18.586+0100] {logging_mixin.py:190} INFO - [2024-09-23T21:18:18.586+0100] {dag.py:4180} INFO - Setting next_dagrun for hello_world_dag to 2024-09-23 00:00:00+00:00, run_after=2024-09-24 00:00:00+00:00
[2024-09-23T21:18:18.602+0100] {processor.py:208} INFO - Processing /Users/rtewelde/airflow/dags/hello_world.py took 0.219 seconds
[2024-09-23T21:22:45.490+0100] {processor.py:186} INFO - Started process (PID=76393) to work on /Users/rtewelde/airflow/dags/hello_world.py
[2024-09-23T21:22:45.491+0100] {processor.py:914} INFO - Processing file /Users/rtewelde/airflow/dags/hello_world.py for tasks to queue
[2024-09-23T21:22:45.493+0100] {logging_mixin.py:190} INFO - [2024-09-23T21:22:45.492+0100] {dagbag.py:588} INFO - Filling up the DagBag from /Users/rtewelde/airflow/dags/hello_world.py
[2024-09-23T21:22:45.516+0100] {processor.py:925} INFO - DAG(s) 'hello_world_dag' retrieved from /Users/rtewelde/airflow/dags/hello_world.py
[2024-09-23T21:22:45.672+0100] {logging_mixin.py:190} INFO - [2024-09-23T21:22:45.672+0100] {dag.py:3239} INFO - Sync 1 DAGs
[2024-09-23T21:22:45.692+0100] {logging_mixin.py:190} INFO - [2024-09-23T21:22:45.692+0100] {dag.py:4180} INFO - Setting next_dagrun for hello_world_dag to 2024-09-23 00:00:00+00:00, run_after=2024-09-24 00:00:00+00:00
[2024-09-23T21:22:45.710+0100] {processor.py:208} INFO - Processing /Users/rtewelde/airflow/dags/hello_world.py took 0.222 seconds
[2024-09-24T00:13:45.303+0100] {processor.py:186} INFO - Started process (PID=77750) to work on /Users/rtewelde/airflow/dags/hello_world.py
[2024-09-24T00:13:45.305+0100] {processor.py:914} INFO - Processing file /Users/rtewelde/airflow/dags/hello_world.py for tasks to queue
[2024-09-24T00:13:45.306+0100] {logging_mixin.py:190} INFO - [2024-09-24T00:13:45.306+0100] {dagbag.py:588} INFO - Filling up the DagBag from /Users/rtewelde/airflow/dags/hello_world.py
[2024-09-24T00:13:45.330+0100] {processor.py:925} INFO - DAG(s) 'hello_world_dag' retrieved from /Users/rtewelde/airflow/dags/hello_world.py
[2024-09-24T00:13:45.481+0100] {logging_mixin.py:190} INFO - [2024-09-24T00:13:45.481+0100] {dag.py:3239} INFO - Sync 1 DAGs
[2024-09-24T00:13:45.499+0100] {logging_mixin.py:190} INFO - [2024-09-24T00:13:45.499+0100] {dag.py:4180} INFO - Setting next_dagrun for hello_world_dag to 2024-09-23 00:00:00+00:00, run_after=2024-09-24 00:00:00+00:00
[2024-09-24T00:13:45.516+0100] {processor.py:208} INFO - Processing /Users/rtewelde/airflow/dags/hello_world.py took 0.215 seconds
[2024-09-24T00:18:12.823+0100] {processor.py:186} INFO - Started process (PID=78996) to work on /Users/rtewelde/airflow/dags/hello_world.py
[2024-09-24T00:18:12.825+0100] {processor.py:914} INFO - Processing file /Users/rtewelde/airflow/dags/hello_world.py for tasks to queue
[2024-09-24T00:18:12.826+0100] {logging_mixin.py:190} INFO - [2024-09-24T00:18:12.826+0100] {dagbag.py:588} INFO - Filling up the DagBag from /Users/rtewelde/airflow/dags/hello_world.py
[2024-09-24T00:18:12.851+0100] {processor.py:925} INFO - DAG(s) 'hello_world_dag' retrieved from /Users/rtewelde/airflow/dags/hello_world.py
[2024-09-24T00:18:13.004+0100] {logging_mixin.py:190} INFO - [2024-09-24T00:18:13.004+0100] {dag.py:3239} INFO - Sync 1 DAGs
[2024-09-24T00:18:13.022+0100] {logging_mixin.py:190} INFO - [2024-09-24T00:18:13.022+0100] {dag.py:4180} INFO - Setting next_dagrun for hello_world_dag to 2024-09-23 00:00:00+00:00, run_after=2024-09-24 00:00:00+00:00
[2024-09-24T00:18:13.037+0100] {processor.py:208} INFO - Processing /Users/rtewelde/airflow/dags/hello_world.py took 0.217 seconds
[2024-09-24T00:22:41.968+0100] {processor.py:186} INFO - Started process (PID=80229) to work on /Users/rtewelde/airflow/dags/hello_world.py
[2024-09-24T00:22:41.968+0100] {processor.py:914} INFO - Processing file /Users/rtewelde/airflow/dags/hello_world.py for tasks to queue
[2024-09-24T00:22:41.969+0100] {logging_mixin.py:190} INFO - [2024-09-24T00:22:41.969+0100] {dagbag.py:588} INFO - Filling up the DagBag from /Users/rtewelde/airflow/dags/hello_world.py
[2024-09-24T00:22:41.990+0100] {processor.py:925} INFO - DAG(s) 'hello_world_dag' retrieved from /Users/rtewelde/airflow/dags/hello_world.py
[2024-09-24T00:22:42.137+0100] {logging_mixin.py:190} INFO - [2024-09-24T00:22:42.137+0100] {dag.py:3239} INFO - Sync 1 DAGs
[2024-09-24T00:22:42.154+0100] {logging_mixin.py:190} INFO - [2024-09-24T00:22:42.154+0100] {dag.py:4180} INFO - Setting next_dagrun for hello_world_dag to 2024-09-23 00:00:00+00:00, run_after=2024-09-24 00:00:00+00:00
[2024-09-24T00:22:42.171+0100] {processor.py:208} INFO - Processing /Users/rtewelde/airflow/dags/hello_world.py took 0.206 seconds
[2024-09-24T00:27:17.669+0100] {processor.py:186} INFO - Started process (PID=81491) to work on /Users/rtewelde/airflow/dags/hello_world.py
[2024-09-24T00:27:17.669+0100] {processor.py:914} INFO - Processing file /Users/rtewelde/airflow/dags/hello_world.py for tasks to queue
[2024-09-24T00:27:17.670+0100] {logging_mixin.py:190} INFO - [2024-09-24T00:27:17.670+0100] {dagbag.py:588} INFO - Filling up the DagBag from /Users/rtewelde/airflow/dags/hello_world.py
[2024-09-24T00:27:17.694+0100] {processor.py:925} INFO - DAG(s) 'hello_world_dag' retrieved from /Users/rtewelde/airflow/dags/hello_world.py
[2024-09-24T00:27:17.836+0100] {logging_mixin.py:190} INFO - [2024-09-24T00:27:17.836+0100] {dag.py:3239} INFO - Sync 1 DAGs
[2024-09-24T00:27:17.854+0100] {logging_mixin.py:190} INFO - [2024-09-24T00:27:17.854+0100] {dag.py:4180} INFO - Setting next_dagrun for hello_world_dag to 2024-09-23 00:00:00+00:00, run_after=2024-09-24 00:00:00+00:00
[2024-09-24T00:27:17.869+0100] {processor.py:208} INFO - Processing /Users/rtewelde/airflow/dags/hello_world.py took 0.203 seconds
[2024-09-24T00:31:50.011+0100] {processor.py:186} INFO - Started process (PID=82756) to work on /Users/rtewelde/airflow/dags/hello_world.py
[2024-09-24T00:31:50.012+0100] {processor.py:914} INFO - Processing file /Users/rtewelde/airflow/dags/hello_world.py for tasks to queue
[2024-09-24T00:31:50.013+0100] {logging_mixin.py:190} INFO - [2024-09-24T00:31:50.013+0100] {dagbag.py:588} INFO - Filling up the DagBag from /Users/rtewelde/airflow/dags/hello_world.py
[2024-09-24T00:31:50.037+0100] {processor.py:925} INFO - DAG(s) 'hello_world_dag' retrieved from /Users/rtewelde/airflow/dags/hello_world.py
[2024-09-24T00:31:50.183+0100] {logging_mixin.py:190} INFO - [2024-09-24T00:31:50.182+0100] {dag.py:3239} INFO - Sync 1 DAGs
[2024-09-24T00:31:50.200+0100] {logging_mixin.py:190} INFO - [2024-09-24T00:31:50.200+0100] {dag.py:4180} INFO - Setting next_dagrun for hello_world_dag to 2024-09-23 00:00:00+00:00, run_after=2024-09-24 00:00:00+00:00
[2024-09-24T00:31:50.216+0100] {processor.py:208} INFO - Processing /Users/rtewelde/airflow/dags/hello_world.py took 0.208 seconds
[2024-09-24T00:36:19.257+0100] {processor.py:186} INFO - Started process (PID=83998) to work on /Users/rtewelde/airflow/dags/hello_world.py
[2024-09-24T00:36:19.257+0100] {processor.py:914} INFO - Processing file /Users/rtewelde/airflow/dags/hello_world.py for tasks to queue
[2024-09-24T00:36:19.258+0100] {logging_mixin.py:190} INFO - [2024-09-24T00:36:19.258+0100] {dagbag.py:588} INFO - Filling up the DagBag from /Users/rtewelde/airflow/dags/hello_world.py
[2024-09-24T00:36:19.279+0100] {processor.py:925} INFO - DAG(s) 'hello_world_dag' retrieved from /Users/rtewelde/airflow/dags/hello_world.py
[2024-09-24T00:36:19.429+0100] {logging_mixin.py:190} INFO - [2024-09-24T00:36:19.428+0100] {dag.py:3239} INFO - Sync 1 DAGs
[2024-09-24T00:36:19.446+0100] {logging_mixin.py:190} INFO - [2024-09-24T00:36:19.446+0100] {dag.py:4180} INFO - Setting next_dagrun for hello_world_dag to 2024-09-23 00:00:00+00:00, run_after=2024-09-24 00:00:00+00:00
[2024-09-24T00:36:19.463+0100] {processor.py:208} INFO - Processing /Users/rtewelde/airflow/dags/hello_world.py took 0.209 seconds
[2024-09-24T00:40:48.490+0100] {processor.py:186} INFO - Started process (PID=85240) to work on /Users/rtewelde/airflow/dags/hello_world.py
[2024-09-24T00:40:48.491+0100] {processor.py:914} INFO - Processing file /Users/rtewelde/airflow/dags/hello_world.py for tasks to queue
[2024-09-24T00:40:48.492+0100] {logging_mixin.py:190} INFO - [2024-09-24T00:40:48.492+0100] {dagbag.py:588} INFO - Filling up the DagBag from /Users/rtewelde/airflow/dags/hello_world.py
[2024-09-24T00:40:48.515+0100] {processor.py:925} INFO - DAG(s) 'hello_world_dag' retrieved from /Users/rtewelde/airflow/dags/hello_world.py
[2024-09-24T00:40:48.660+0100] {logging_mixin.py:190} INFO - [2024-09-24T00:40:48.660+0100] {dag.py:3239} INFO - Sync 1 DAGs
[2024-09-24T00:40:48.678+0100] {logging_mixin.py:190} INFO - [2024-09-24T00:40:48.678+0100] {dag.py:4180} INFO - Setting next_dagrun for hello_world_dag to 2024-09-23 00:00:00+00:00, run_after=2024-09-24 00:00:00+00:00
[2024-09-24T00:40:48.693+0100] {processor.py:208} INFO - Processing /Users/rtewelde/airflow/dags/hello_world.py took 0.205 seconds
[2024-09-24T00:45:15.858+0100] {processor.py:186} INFO - Started process (PID=86476) to work on /Users/rtewelde/airflow/dags/hello_world.py
[2024-09-24T00:45:15.859+0100] {processor.py:914} INFO - Processing file /Users/rtewelde/airflow/dags/hello_world.py for tasks to queue
[2024-09-24T00:45:15.860+0100] {logging_mixin.py:190} INFO - [2024-09-24T00:45:15.860+0100] {dagbag.py:588} INFO - Filling up the DagBag from /Users/rtewelde/airflow/dags/hello_world.py
[2024-09-24T00:45:15.881+0100] {processor.py:925} INFO - DAG(s) 'hello_world_dag' retrieved from /Users/rtewelde/airflow/dags/hello_world.py
[2024-09-24T00:45:16.024+0100] {logging_mixin.py:190} INFO - [2024-09-24T00:45:16.024+0100] {dag.py:3239} INFO - Sync 1 DAGs
[2024-09-24T00:45:16.044+0100] {logging_mixin.py:190} INFO - [2024-09-24T00:45:16.043+0100] {dag.py:4180} INFO - Setting next_dagrun for hello_world_dag to 2024-09-23 00:00:00+00:00, run_after=2024-09-24 00:00:00+00:00
[2024-09-24T00:45:16.059+0100] {processor.py:208} INFO - Processing /Users/rtewelde/airflow/dags/hello_world.py took 0.203 seconds
[2024-09-24T00:49:45.400+0100] {processor.py:186} INFO - Started process (PID=87725) to work on /Users/rtewelde/airflow/dags/hello_world.py
[2024-09-24T00:49:45.401+0100] {processor.py:914} INFO - Processing file /Users/rtewelde/airflow/dags/hello_world.py for tasks to queue
[2024-09-24T00:49:45.402+0100] {logging_mixin.py:190} INFO - [2024-09-24T00:49:45.402+0100] {dagbag.py:588} INFO - Filling up the DagBag from /Users/rtewelde/airflow/dags/hello_world.py
[2024-09-24T00:49:45.428+0100] {processor.py:925} INFO - DAG(s) 'hello_world_dag' retrieved from /Users/rtewelde/airflow/dags/hello_world.py
[2024-09-24T00:49:45.587+0100] {logging_mixin.py:190} INFO - [2024-09-24T00:49:45.587+0100] {dag.py:3239} INFO - Sync 1 DAGs
[2024-09-24T00:49:45.604+0100] {logging_mixin.py:190} INFO - [2024-09-24T00:49:45.604+0100] {dag.py:4180} INFO - Setting next_dagrun for hello_world_dag to 2024-09-23 00:00:00+00:00, run_after=2024-09-24 00:00:00+00:00
[2024-09-24T00:49:45.619+0100] {processor.py:208} INFO - Processing /Users/rtewelde/airflow/dags/hello_world.py took 0.222 seconds
[2024-09-24T00:54:16.939+0100] {processor.py:186} INFO - Started process (PID=88992) to work on /Users/rtewelde/airflow/dags/hello_world.py
[2024-09-24T00:54:16.940+0100] {processor.py:914} INFO - Processing file /Users/rtewelde/airflow/dags/hello_world.py for tasks to queue
[2024-09-24T00:54:16.941+0100] {logging_mixin.py:190} INFO - [2024-09-24T00:54:16.940+0100] {dagbag.py:588} INFO - Filling up the DagBag from /Users/rtewelde/airflow/dags/hello_world.py
[2024-09-24T00:54:16.962+0100] {processor.py:925} INFO - DAG(s) 'hello_world_dag' retrieved from /Users/rtewelde/airflow/dags/hello_world.py
[2024-09-24T00:54:17.112+0100] {logging_mixin.py:190} INFO - [2024-09-24T00:54:17.112+0100] {dag.py:3239} INFO - Sync 1 DAGs
[2024-09-24T00:54:17.132+0100] {logging_mixin.py:190} INFO - [2024-09-24T00:54:17.131+0100] {dag.py:4180} INFO - Setting next_dagrun for hello_world_dag to 2024-09-23 00:00:00+00:00, run_after=2024-09-24 00:00:00+00:00
[2024-09-24T00:54:17.148+0100] {processor.py:208} INFO - Processing /Users/rtewelde/airflow/dags/hello_world.py took 0.212 seconds
[2024-09-24T00:58:49.074+0100] {processor.py:186} INFO - Started process (PID=90246) to work on /Users/rtewelde/airflow/dags/hello_world.py
[2024-09-24T00:58:49.075+0100] {processor.py:914} INFO - Processing file /Users/rtewelde/airflow/dags/hello_world.py for tasks to queue
[2024-09-24T00:58:49.076+0100] {logging_mixin.py:190} INFO - [2024-09-24T00:58:49.076+0100] {dagbag.py:588} INFO - Filling up the DagBag from /Users/rtewelde/airflow/dags/hello_world.py
[2024-09-24T00:58:49.100+0100] {processor.py:925} INFO - DAG(s) 'hello_world_dag' retrieved from /Users/rtewelde/airflow/dags/hello_world.py
[2024-09-24T00:58:49.247+0100] {logging_mixin.py:190} INFO - [2024-09-24T00:58:49.247+0100] {dag.py:3239} INFO - Sync 1 DAGs
[2024-09-24T00:58:49.265+0100] {logging_mixin.py:190} INFO - [2024-09-24T00:58:49.265+0100] {dag.py:4180} INFO - Setting next_dagrun for hello_world_dag to 2024-09-23 00:00:00+00:00, run_after=2024-09-24 00:00:00+00:00
[2024-09-24T00:58:49.280+0100] {processor.py:208} INFO - Processing /Users/rtewelde/airflow/dags/hello_world.py took 0.208 seconds
