[2024-09-25T12:44:55.633+0100] {processor.py:186} INFO - Started process (PID=11066) to work on /Users/rtewelde/airflow_venv/lib/python3.11/site-packages/airflow/example_dags/subdags/subdag.py
[2024-09-25T12:44:55.634+0100] {processor.py:914} INFO - Processing file /Users/rtewelde/airflow_venv/lib/python3.11/site-packages/airflow/example_dags/subdags/subdag.py for tasks to queue
[2024-09-25T12:44:55.635+0100] {logging_mixin.py:190} INFO - [2024-09-25T12:44:55.635+0100] {dagbag.py:588} INFO - Filling up the DagBag from /Users/rtewelde/airflow_venv/lib/python3.11/site-packages/airflow/example_dags/subdags/subdag.py
[2024-09-25T12:44:55.637+0100] {processor.py:927} WARNING - No viable dags retrieved from /Users/rtewelde/airflow_venv/lib/python3.11/site-packages/airflow/example_dags/subdags/subdag.py
[2024-09-25T12:44:55.771+0100] {processor.py:208} INFO - Processing /Users/rtewelde/airflow_venv/lib/python3.11/site-packages/airflow/example_dags/subdags/subdag.py took 0.141 seconds
[2024-09-25T12:47:31.871+0100] {processor.py:186} INFO - Started process (PID=12261) to work on /Users/rtewelde/airflow_venv/lib/python3.11/site-packages/airflow/example_dags/subdags/subdag.py
[2024-09-25T12:47:31.872+0100] {processor.py:914} INFO - Processing file /Users/rtewelde/airflow_venv/lib/python3.11/site-packages/airflow/example_dags/subdags/subdag.py for tasks to queue
[2024-09-25T12:47:31.873+0100] {logging_mixin.py:190} INFO - [2024-09-25T12:47:31.873+0100] {dagbag.py:588} INFO - Filling up the DagBag from /Users/rtewelde/airflow_venv/lib/python3.11/site-packages/airflow/example_dags/subdags/subdag.py
[2024-09-25T12:47:31.875+0100] {processor.py:927} WARNING - No viable dags retrieved from /Users/rtewelde/airflow_venv/lib/python3.11/site-packages/airflow/example_dags/subdags/subdag.py
[2024-09-25T12:47:31.996+0100] {processor.py:208} INFO - Processing /Users/rtewelde/airflow_venv/lib/python3.11/site-packages/airflow/example_dags/subdags/subdag.py took 0.127 seconds
[2024-09-25T12:50:35.688+0100] {processor.py:186} INFO - Started process (PID=13252) to work on /Users/rtewelde/airflow_venv/lib/python3.11/site-packages/airflow/example_dags/subdags/subdag.py
[2024-09-25T12:50:35.689+0100] {processor.py:914} INFO - Processing file /Users/rtewelde/airflow_venv/lib/python3.11/site-packages/airflow/example_dags/subdags/subdag.py for tasks to queue
[2024-09-25T12:50:35.690+0100] {logging_mixin.py:190} INFO - [2024-09-25T12:50:35.690+0100] {dagbag.py:588} INFO - Filling up the DagBag from /Users/rtewelde/airflow_venv/lib/python3.11/site-packages/airflow/example_dags/subdags/subdag.py
[2024-09-25T12:50:35.692+0100] {processor.py:927} WARNING - No viable dags retrieved from /Users/rtewelde/airflow_venv/lib/python3.11/site-packages/airflow/example_dags/subdags/subdag.py
[2024-09-25T12:50:35.810+0100] {processor.py:208} INFO - Processing /Users/rtewelde/airflow_venv/lib/python3.11/site-packages/airflow/example_dags/subdags/subdag.py took 0.125 seconds
[2024-09-25T12:51:19.538+0100] {processor.py:186} INFO - Started process (PID=13658) to work on /Users/rtewelde/airflow_venv/lib/python3.11/site-packages/airflow/example_dags/subdags/subdag.py
[2024-09-25T12:51:19.538+0100] {processor.py:914} INFO - Processing file /Users/rtewelde/airflow_venv/lib/python3.11/site-packages/airflow/example_dags/subdags/subdag.py for tasks to queue
[2024-09-25T12:51:19.539+0100] {logging_mixin.py:190} INFO - [2024-09-25T12:51:19.539+0100] {dagbag.py:588} INFO - Filling up the DagBag from /Users/rtewelde/airflow_venv/lib/python3.11/site-packages/airflow/example_dags/subdags/subdag.py
[2024-09-25T12:51:19.541+0100] {processor.py:927} WARNING - No viable dags retrieved from /Users/rtewelde/airflow_venv/lib/python3.11/site-packages/airflow/example_dags/subdags/subdag.py
[2024-09-25T12:51:19.655+0100] {processor.py:208} INFO - Processing /Users/rtewelde/airflow_venv/lib/python3.11/site-packages/airflow/example_dags/subdags/subdag.py took 0.120 seconds
[2024-09-25T19:00:55.165+0100] {processor.py:186} INFO - Started process (PID=14813) to work on /Users/rtewelde/airflow_venv/lib/python3.11/site-packages/airflow/example_dags/subdags/subdag.py
[2024-09-25T19:00:55.167+0100] {processor.py:914} INFO - Processing file /Users/rtewelde/airflow_venv/lib/python3.11/site-packages/airflow/example_dags/subdags/subdag.py for tasks to queue
[2024-09-25T19:00:55.168+0100] {logging_mixin.py:190} INFO - [2024-09-25T19:00:55.167+0100] {dagbag.py:588} INFO - Filling up the DagBag from /Users/rtewelde/airflow_venv/lib/python3.11/site-packages/airflow/example_dags/subdags/subdag.py
[2024-09-25T19:00:55.169+0100] {processor.py:927} WARNING - No viable dags retrieved from /Users/rtewelde/airflow_venv/lib/python3.11/site-packages/airflow/example_dags/subdags/subdag.py
[2024-09-25T19:00:55.255+0100] {processor.py:208} INFO - Processing /Users/rtewelde/airflow_venv/lib/python3.11/site-packages/airflow/example_dags/subdags/subdag.py took 0.092 seconds
[2024-09-25T23:25:02.458+0100] {processor.py:186} INFO - Started process (PID=17027) to work on /Users/rtewelde/airflow_venv/lib/python3.11/site-packages/airflow/example_dags/subdags/subdag.py
[2024-09-25T23:25:02.462+0100] {processor.py:914} INFO - Processing file /Users/rtewelde/airflow_venv/lib/python3.11/site-packages/airflow/example_dags/subdags/subdag.py for tasks to queue
[2024-09-25T23:25:02.465+0100] {logging_mixin.py:190} INFO - [2024-09-25T23:25:02.464+0100] {dagbag.py:588} INFO - Filling up the DagBag from /Users/rtewelde/airflow_venv/lib/python3.11/site-packages/airflow/example_dags/subdags/subdag.py
[2024-09-25T23:25:02.472+0100] {processor.py:927} WARNING - No viable dags retrieved from /Users/rtewelde/airflow_venv/lib/python3.11/site-packages/airflow/example_dags/subdags/subdag.py
[2024-09-25T23:25:02.908+0100] {processor.py:208} INFO - Processing /Users/rtewelde/airflow_venv/lib/python3.11/site-packages/airflow/example_dags/subdags/subdag.py took 0.459 seconds
[2024-09-25T23:33:51.027+0100] {processor.py:186} INFO - Started process (PID=19343) to work on /Users/rtewelde/airflow_venv/lib/python3.11/site-packages/airflow/example_dags/subdags/subdag.py
[2024-09-25T23:33:51.031+0100] {processor.py:914} INFO - Processing file /Users/rtewelde/airflow_venv/lib/python3.11/site-packages/airflow/example_dags/subdags/subdag.py for tasks to queue
[2024-09-25T23:33:51.035+0100] {logging_mixin.py:190} INFO - [2024-09-25T23:33:51.034+0100] {dagbag.py:588} INFO - Filling up the DagBag from /Users/rtewelde/airflow_venv/lib/python3.11/site-packages/airflow/example_dags/subdags/subdag.py
[2024-09-25T23:33:51.041+0100] {processor.py:927} WARNING - No viable dags retrieved from /Users/rtewelde/airflow_venv/lib/python3.11/site-packages/airflow/example_dags/subdags/subdag.py
[2024-09-25T23:33:51.467+0100] {processor.py:208} INFO - Processing /Users/rtewelde/airflow_venv/lib/python3.11/site-packages/airflow/example_dags/subdags/subdag.py took 0.448 seconds
[2024-09-26T00:11:50.683+0100] {processor.py:186} INFO - Started process (PID=21419) to work on /Users/rtewelde/airflow_venv/lib/python3.11/site-packages/airflow/example_dags/subdags/subdag.py
[2024-09-26T00:11:50.688+0100] {processor.py:914} INFO - Processing file /Users/rtewelde/airflow_venv/lib/python3.11/site-packages/airflow/example_dags/subdags/subdag.py for tasks to queue
[2024-09-26T00:11:50.691+0100] {logging_mixin.py:190} INFO - [2024-09-26T00:11:50.691+0100] {dagbag.py:588} INFO - Filling up the DagBag from /Users/rtewelde/airflow_venv/lib/python3.11/site-packages/airflow/example_dags/subdags/subdag.py
[2024-09-26T00:11:50.698+0100] {processor.py:927} WARNING - No viable dags retrieved from /Users/rtewelde/airflow_venv/lib/python3.11/site-packages/airflow/example_dags/subdags/subdag.py
[2024-09-26T00:11:51.076+0100] {processor.py:208} INFO - Processing /Users/rtewelde/airflow_venv/lib/python3.11/site-packages/airflow/example_dags/subdags/subdag.py took 0.402 seconds
[2024-09-26T00:20:37.056+0100] {processor.py:186} INFO - Started process (PID=25276) to work on /Users/rtewelde/airflow_venv/lib/python3.11/site-packages/airflow/example_dags/subdags/subdag.py
[2024-09-26T00:20:37.060+0100] {processor.py:914} INFO - Processing file /Users/rtewelde/airflow_venv/lib/python3.11/site-packages/airflow/example_dags/subdags/subdag.py for tasks to queue
[2024-09-26T00:20:37.066+0100] {logging_mixin.py:190} INFO - [2024-09-26T00:20:37.065+0100] {dagbag.py:588} INFO - Filling up the DagBag from /Users/rtewelde/airflow_venv/lib/python3.11/site-packages/airflow/example_dags/subdags/subdag.py
[2024-09-26T00:20:37.074+0100] {processor.py:927} WARNING - No viable dags retrieved from /Users/rtewelde/airflow_venv/lib/python3.11/site-packages/airflow/example_dags/subdags/subdag.py
[2024-09-26T00:20:37.468+0100] {processor.py:208} INFO - Processing /Users/rtewelde/airflow_venv/lib/python3.11/site-packages/airflow/example_dags/subdags/subdag.py took 0.422 seconds
[2024-09-26T00:59:10.218+0100] {processor.py:186} INFO - Started process (PID=27498) to work on /Users/rtewelde/airflow_venv/lib/python3.11/site-packages/airflow/example_dags/subdags/subdag.py
[2024-09-26T00:59:10.223+0100] {processor.py:914} INFO - Processing file /Users/rtewelde/airflow_venv/lib/python3.11/site-packages/airflow/example_dags/subdags/subdag.py for tasks to queue
[2024-09-26T00:59:10.227+0100] {logging_mixin.py:190} INFO - [2024-09-26T00:59:10.227+0100] {dagbag.py:588} INFO - Filling up the DagBag from /Users/rtewelde/airflow_venv/lib/python3.11/site-packages/airflow/example_dags/subdags/subdag.py
[2024-09-26T00:59:10.239+0100] {processor.py:927} WARNING - No viable dags retrieved from /Users/rtewelde/airflow_venv/lib/python3.11/site-packages/airflow/example_dags/subdags/subdag.py
[2024-09-26T00:59:10.794+0100] {processor.py:208} INFO - Processing /Users/rtewelde/airflow_venv/lib/python3.11/site-packages/airflow/example_dags/subdags/subdag.py took 0.587 seconds
