[2024-09-22T13:34:53.226+0100] {processor.py:157} INFO - Started process (PID=55955) to work on /Users/rtewelde/airflow_venv/lib/python3.11/site-packages/airflow/example_dags/subdags/subdag.py
[2024-09-22T13:34:53.230+0100] {processor.py:829} INFO - Processing file /Users/rtewelde/airflow_venv/lib/python3.11/site-packages/airflow/example_dags/subdags/subdag.py for tasks to queue
[2024-09-22T13:34:53.230+0100] {logging_mixin.py:151} INFO - [2024-09-22T13:34:53.230+0100] {dagbag.py:539} INFO - Filling up the DagBag from /Users/rtewelde/airflow_venv/lib/python3.11/site-packages/airflow/example_dags/subdags/subdag.py
[2024-09-22T13:34:53.232+0100] {processor.py:841} WARNING - No viable dags retrieved from /Users/rtewelde/airflow_venv/lib/python3.11/site-packages/airflow/example_dags/subdags/subdag.py
[2024-09-22T13:34:53.373+0100] {processor.py:179} INFO - Processing /Users/rtewelde/airflow_venv/lib/python3.11/site-packages/airflow/example_dags/subdags/subdag.py took 0.148 seconds
[2024-09-22T13:36:35.728+0100] {processor.py:157} INFO - Started process (PID=56602) to work on /Users/rtewelde/airflow_venv/lib/python3.11/site-packages/airflow/example_dags/subdags/subdag.py
[2024-09-22T13:36:35.732+0100] {processor.py:829} INFO - Processing file /Users/rtewelde/airflow_venv/lib/python3.11/site-packages/airflow/example_dags/subdags/subdag.py for tasks to queue
[2024-09-22T13:36:35.732+0100] {logging_mixin.py:151} INFO - [2024-09-22T13:36:35.732+0100] {dagbag.py:539} INFO - Filling up the DagBag from /Users/rtewelde/airflow_venv/lib/python3.11/site-packages/airflow/example_dags/subdags/subdag.py
[2024-09-22T13:36:35.734+0100] {processor.py:841} WARNING - No viable dags retrieved from /Users/rtewelde/airflow_venv/lib/python3.11/site-packages/airflow/example_dags/subdags/subdag.py
[2024-09-22T13:36:35.944+0100] {processor.py:179} INFO - Processing /Users/rtewelde/airflow_venv/lib/python3.11/site-packages/airflow/example_dags/subdags/subdag.py took 0.217 seconds
[2024-09-22T13:37:46.788+0100] {processor.py:157} INFO - Started process (PID=56956) to work on /Users/rtewelde/airflow_venv/lib/python3.11/site-packages/airflow/example_dags/subdags/subdag.py
[2024-09-22T13:37:46.792+0100] {processor.py:829} INFO - Processing file /Users/rtewelde/airflow_venv/lib/python3.11/site-packages/airflow/example_dags/subdags/subdag.py for tasks to queue
[2024-09-22T13:37:46.792+0100] {logging_mixin.py:151} INFO - [2024-09-22T13:37:46.792+0100] {dagbag.py:539} INFO - Filling up the DagBag from /Users/rtewelde/airflow_venv/lib/python3.11/site-packages/airflow/example_dags/subdags/subdag.py
[2024-09-22T13:37:46.795+0100] {processor.py:841} WARNING - No viable dags retrieved from /Users/rtewelde/airflow_venv/lib/python3.11/site-packages/airflow/example_dags/subdags/subdag.py
[2024-09-22T13:37:46.949+0100] {processor.py:179} INFO - Processing /Users/rtewelde/airflow_venv/lib/python3.11/site-packages/airflow/example_dags/subdags/subdag.py took 0.161 seconds
[2024-09-22T13:39:10.905+0100] {processor.py:157} INFO - Started process (PID=57773) to work on /Users/rtewelde/airflow_venv/lib/python3.11/site-packages/airflow/example_dags/subdags/subdag.py
[2024-09-22T13:39:10.908+0100] {processor.py:829} INFO - Processing file /Users/rtewelde/airflow_venv/lib/python3.11/site-packages/airflow/example_dags/subdags/subdag.py for tasks to queue
[2024-09-22T13:39:10.909+0100] {logging_mixin.py:151} INFO - [2024-09-22T13:39:10.909+0100] {dagbag.py:539} INFO - Filling up the DagBag from /Users/rtewelde/airflow_venv/lib/python3.11/site-packages/airflow/example_dags/subdags/subdag.py
[2024-09-22T13:39:10.912+0100] {processor.py:841} WARNING - No viable dags retrieved from /Users/rtewelde/airflow_venv/lib/python3.11/site-packages/airflow/example_dags/subdags/subdag.py
[2024-09-22T13:39:11.056+0100] {processor.py:179} INFO - Processing /Users/rtewelde/airflow_venv/lib/python3.11/site-packages/airflow/example_dags/subdags/subdag.py took 0.151 seconds
[2024-09-22T13:40:44.997+0100] {processor.py:157} INFO - Started process (PID=58264) to work on /Users/rtewelde/airflow_venv/lib/python3.11/site-packages/airflow/example_dags/subdags/subdag.py
[2024-09-22T13:40:45.001+0100] {processor.py:829} INFO - Processing file /Users/rtewelde/airflow_venv/lib/python3.11/site-packages/airflow/example_dags/subdags/subdag.py for tasks to queue
[2024-09-22T13:40:45.002+0100] {logging_mixin.py:151} INFO - [2024-09-22T13:40:45.001+0100] {dagbag.py:539} INFO - Filling up the DagBag from /Users/rtewelde/airflow_venv/lib/python3.11/site-packages/airflow/example_dags/subdags/subdag.py
[2024-09-22T13:40:45.004+0100] {processor.py:841} WARNING - No viable dags retrieved from /Users/rtewelde/airflow_venv/lib/python3.11/site-packages/airflow/example_dags/subdags/subdag.py
[2024-09-22T13:40:45.169+0100] {processor.py:179} INFO - Processing /Users/rtewelde/airflow_venv/lib/python3.11/site-packages/airflow/example_dags/subdags/subdag.py took 0.173 seconds
[2024-09-22T13:42:01.624+0100] {processor.py:157} INFO - Started process (PID=58765) to work on /Users/rtewelde/airflow_venv/lib/python3.11/site-packages/airflow/example_dags/subdags/subdag.py
[2024-09-22T13:42:01.627+0100] {processor.py:829} INFO - Processing file /Users/rtewelde/airflow_venv/lib/python3.11/site-packages/airflow/example_dags/subdags/subdag.py for tasks to queue
[2024-09-22T13:42:01.627+0100] {logging_mixin.py:151} INFO - [2024-09-22T13:42:01.627+0100] {dagbag.py:539} INFO - Filling up the DagBag from /Users/rtewelde/airflow_venv/lib/python3.11/site-packages/airflow/example_dags/subdags/subdag.py
[2024-09-22T13:42:01.631+0100] {processor.py:841} WARNING - No viable dags retrieved from /Users/rtewelde/airflow_venv/lib/python3.11/site-packages/airflow/example_dags/subdags/subdag.py
[2024-09-22T13:42:01.779+0100] {processor.py:179} INFO - Processing /Users/rtewelde/airflow_venv/lib/python3.11/site-packages/airflow/example_dags/subdags/subdag.py took 0.156 seconds
[2024-09-22T13:55:57.580+0100] {processor.py:161} INFO - Started process (PID=64343) to work on /Users/rtewelde/airflow_venv/lib/python3.11/site-packages/airflow/example_dags/subdags/subdag.py
[2024-09-22T13:55:57.581+0100] {processor.py:830} INFO - Processing file /Users/rtewelde/airflow_venv/lib/python3.11/site-packages/airflow/example_dags/subdags/subdag.py for tasks to queue
[2024-09-22T13:55:57.582+0100] {logging_mixin.py:188} INFO - [2024-09-22T13:55:57.582+0100] {dagbag.py:540} INFO - Filling up the DagBag from /Users/rtewelde/airflow_venv/lib/python3.11/site-packages/airflow/example_dags/subdags/subdag.py
[2024-09-22T13:55:57.583+0100] {processor.py:842} WARNING - No viable dags retrieved from /Users/rtewelde/airflow_venv/lib/python3.11/site-packages/airflow/example_dags/subdags/subdag.py
[2024-09-22T13:55:57.721+0100] {processor.py:183} INFO - Processing /Users/rtewelde/airflow_venv/lib/python3.11/site-packages/airflow/example_dags/subdags/subdag.py took 0.142 seconds
[2024-09-22T14:19:19.144+0100] {processor.py:186} INFO - Started process (PID=71936) to work on /Users/rtewelde/airflow_venv/lib/python3.11/site-packages/airflow/example_dags/subdags/subdag.py
[2024-09-22T14:19:19.146+0100] {processor.py:914} INFO - Processing file /Users/rtewelde/airflow_venv/lib/python3.11/site-packages/airflow/example_dags/subdags/subdag.py for tasks to queue
[2024-09-22T14:19:19.147+0100] {logging_mixin.py:190} INFO - [2024-09-22T14:19:19.146+0100] {dagbag.py:588} INFO - Filling up the DagBag from /Users/rtewelde/airflow_venv/lib/python3.11/site-packages/airflow/example_dags/subdags/subdag.py
[2024-09-22T14:19:19.149+0100] {processor.py:927} WARNING - No viable dags retrieved from /Users/rtewelde/airflow_venv/lib/python3.11/site-packages/airflow/example_dags/subdags/subdag.py
[2024-09-22T14:19:19.239+0100] {processor.py:208} INFO - Processing /Users/rtewelde/airflow_venv/lib/python3.11/site-packages/airflow/example_dags/subdags/subdag.py took 0.098 seconds
[2024-09-22T14:22:16.564+0100] {processor.py:186} INFO - Started process (PID=73049) to work on /Users/rtewelde/airflow_venv/lib/python3.11/site-packages/airflow/example_dags/subdags/subdag.py
[2024-09-22T14:22:16.565+0100] {processor.py:914} INFO - Processing file /Users/rtewelde/airflow_venv/lib/python3.11/site-packages/airflow/example_dags/subdags/subdag.py for tasks to queue
[2024-09-22T14:22:16.566+0100] {logging_mixin.py:190} INFO - [2024-09-22T14:22:16.566+0100] {dagbag.py:588} INFO - Filling up the DagBag from /Users/rtewelde/airflow_venv/lib/python3.11/site-packages/airflow/example_dags/subdags/subdag.py
[2024-09-22T14:22:16.568+0100] {processor.py:927} WARNING - No viable dags retrieved from /Users/rtewelde/airflow_venv/lib/python3.11/site-packages/airflow/example_dags/subdags/subdag.py
[2024-09-22T14:22:16.658+0100] {processor.py:208} INFO - Processing /Users/rtewelde/airflow_venv/lib/python3.11/site-packages/airflow/example_dags/subdags/subdag.py took 0.096 seconds
[2024-09-22T14:24:42.618+0100] {processor.py:186} INFO - Started process (PID=73779) to work on /Users/rtewelde/airflow_venv/lib/python3.11/site-packages/airflow/example_dags/subdags/subdag.py
[2024-09-22T14:24:42.619+0100] {processor.py:914} INFO - Processing file /Users/rtewelde/airflow_venv/lib/python3.11/site-packages/airflow/example_dags/subdags/subdag.py for tasks to queue
[2024-09-22T14:24:42.620+0100] {logging_mixin.py:190} INFO - [2024-09-22T14:24:42.619+0100] {dagbag.py:588} INFO - Filling up the DagBag from /Users/rtewelde/airflow_venv/lib/python3.11/site-packages/airflow/example_dags/subdags/subdag.py
[2024-09-22T14:24:42.621+0100] {processor.py:927} WARNING - No viable dags retrieved from /Users/rtewelde/airflow_venv/lib/python3.11/site-packages/airflow/example_dags/subdags/subdag.py
[2024-09-22T14:24:42.706+0100] {processor.py:208} INFO - Processing /Users/rtewelde/airflow_venv/lib/python3.11/site-packages/airflow/example_dags/subdags/subdag.py took 0.091 seconds
[2024-09-22T14:27:04.724+0100] {processor.py:186} INFO - Started process (PID=74475) to work on /Users/rtewelde/airflow_venv/lib/python3.11/site-packages/airflow/example_dags/subdags/subdag.py
[2024-09-22T14:27:04.725+0100] {processor.py:914} INFO - Processing file /Users/rtewelde/airflow_venv/lib/python3.11/site-packages/airflow/example_dags/subdags/subdag.py for tasks to queue
[2024-09-22T14:27:04.726+0100] {logging_mixin.py:190} INFO - [2024-09-22T14:27:04.725+0100] {dagbag.py:588} INFO - Filling up the DagBag from /Users/rtewelde/airflow_venv/lib/python3.11/site-packages/airflow/example_dags/subdags/subdag.py
[2024-09-22T14:27:04.727+0100] {processor.py:927} WARNING - No viable dags retrieved from /Users/rtewelde/airflow_venv/lib/python3.11/site-packages/airflow/example_dags/subdags/subdag.py
[2024-09-22T14:27:04.813+0100] {processor.py:208} INFO - Processing /Users/rtewelde/airflow_venv/lib/python3.11/site-packages/airflow/example_dags/subdags/subdag.py took 0.092 seconds
[2024-09-22T14:29:26.363+0100] {processor.py:186} INFO - Started process (PID=75195) to work on /Users/rtewelde/airflow_venv/lib/python3.11/site-packages/airflow/example_dags/subdags/subdag.py
[2024-09-22T14:29:26.364+0100] {processor.py:914} INFO - Processing file /Users/rtewelde/airflow_venv/lib/python3.11/site-packages/airflow/example_dags/subdags/subdag.py for tasks to queue
[2024-09-22T14:29:26.365+0100] {logging_mixin.py:190} INFO - [2024-09-22T14:29:26.365+0100] {dagbag.py:588} INFO - Filling up the DagBag from /Users/rtewelde/airflow_venv/lib/python3.11/site-packages/airflow/example_dags/subdags/subdag.py
[2024-09-22T14:29:26.367+0100] {processor.py:927} WARNING - No viable dags retrieved from /Users/rtewelde/airflow_venv/lib/python3.11/site-packages/airflow/example_dags/subdags/subdag.py
[2024-09-22T14:29:26.452+0100] {processor.py:208} INFO - Processing /Users/rtewelde/airflow_venv/lib/python3.11/site-packages/airflow/example_dags/subdags/subdag.py took 0.091 seconds
[2024-09-22T14:31:43.012+0100] {processor.py:186} INFO - Started process (PID=75836) to work on /Users/rtewelde/airflow_venv/lib/python3.11/site-packages/airflow/example_dags/subdags/subdag.py
[2024-09-22T14:31:43.012+0100] {processor.py:914} INFO - Processing file /Users/rtewelde/airflow_venv/lib/python3.11/site-packages/airflow/example_dags/subdags/subdag.py for tasks to queue
[2024-09-22T14:31:43.013+0100] {logging_mixin.py:190} INFO - [2024-09-22T14:31:43.013+0100] {dagbag.py:588} INFO - Filling up the DagBag from /Users/rtewelde/airflow_venv/lib/python3.11/site-packages/airflow/example_dags/subdags/subdag.py
[2024-09-22T14:31:43.015+0100] {processor.py:927} WARNING - No viable dags retrieved from /Users/rtewelde/airflow_venv/lib/python3.11/site-packages/airflow/example_dags/subdags/subdag.py
[2024-09-22T14:31:43.100+0100] {processor.py:208} INFO - Processing /Users/rtewelde/airflow_venv/lib/python3.11/site-packages/airflow/example_dags/subdags/subdag.py took 0.091 seconds
[2024-09-22T14:34:19.550+0100] {processor.py:186} INFO - Started process (PID=76579) to work on /Users/rtewelde/airflow_venv/lib/python3.11/site-packages/airflow/example_dags/subdags/subdag.py
[2024-09-22T14:34:19.551+0100] {processor.py:914} INFO - Processing file /Users/rtewelde/airflow_venv/lib/python3.11/site-packages/airflow/example_dags/subdags/subdag.py for tasks to queue
[2024-09-22T14:34:19.553+0100] {logging_mixin.py:190} INFO - [2024-09-22T14:34:19.552+0100] {dagbag.py:588} INFO - Filling up the DagBag from /Users/rtewelde/airflow_venv/lib/python3.11/site-packages/airflow/example_dags/subdags/subdag.py
[2024-09-22T14:34:19.554+0100] {processor.py:927} WARNING - No viable dags retrieved from /Users/rtewelde/airflow_venv/lib/python3.11/site-packages/airflow/example_dags/subdags/subdag.py
[2024-09-22T14:34:19.650+0100] {processor.py:208} INFO - Processing /Users/rtewelde/airflow_venv/lib/python3.11/site-packages/airflow/example_dags/subdags/subdag.py took 0.102 seconds
[2024-09-22T14:37:13.801+0100] {processor.py:186} INFO - Started process (PID=77396) to work on /Users/rtewelde/airflow_venv/lib/python3.11/site-packages/airflow/example_dags/subdags/subdag.py
[2024-09-22T14:37:13.803+0100] {processor.py:914} INFO - Processing file /Users/rtewelde/airflow_venv/lib/python3.11/site-packages/airflow/example_dags/subdags/subdag.py for tasks to queue
[2024-09-22T14:37:13.804+0100] {logging_mixin.py:190} INFO - [2024-09-22T14:37:13.804+0100] {dagbag.py:588} INFO - Filling up the DagBag from /Users/rtewelde/airflow_venv/lib/python3.11/site-packages/airflow/example_dags/subdags/subdag.py
[2024-09-22T14:37:13.806+0100] {processor.py:927} WARNING - No viable dags retrieved from /Users/rtewelde/airflow_venv/lib/python3.11/site-packages/airflow/example_dags/subdags/subdag.py
[2024-09-22T14:37:13.925+0100] {processor.py:208} INFO - Processing /Users/rtewelde/airflow_venv/lib/python3.11/site-packages/airflow/example_dags/subdags/subdag.py took 0.126 seconds
[2024-09-22T14:38:38.532+0100] {processor.py:186} INFO - Started process (PID=77784) to work on /Users/rtewelde/airflow_venv/lib/python3.11/site-packages/airflow/example_dags/subdags/subdag.py
[2024-09-22T14:38:38.537+0100] {processor.py:914} INFO - Processing file /Users/rtewelde/airflow_venv/lib/python3.11/site-packages/airflow/example_dags/subdags/subdag.py for tasks to queue
[2024-09-22T14:38:38.544+0100] {logging_mixin.py:190} INFO - [2024-09-22T14:38:38.542+0100] {dagbag.py:588} INFO - Filling up the DagBag from /Users/rtewelde/airflow_venv/lib/python3.11/site-packages/airflow/example_dags/subdags/subdag.py
[2024-09-22T14:38:38.566+0100] {processor.py:927} WARNING - No viable dags retrieved from /Users/rtewelde/airflow_venv/lib/python3.11/site-packages/airflow/example_dags/subdags/subdag.py
[2024-09-22T14:38:38.973+0100] {processor.py:208} INFO - Processing /Users/rtewelde/airflow_venv/lib/python3.11/site-packages/airflow/example_dags/subdags/subdag.py took 0.471 seconds
[2024-09-22T14:39:10.305+0100] {processor.py:186} INFO - Started process (PID=78131) to work on /Users/rtewelde/airflow_venv/lib/python3.11/site-packages/airflow/example_dags/subdags/subdag.py
[2024-09-22T14:39:10.307+0100] {processor.py:914} INFO - Processing file /Users/rtewelde/airflow_venv/lib/python3.11/site-packages/airflow/example_dags/subdags/subdag.py for tasks to queue
[2024-09-22T14:39:10.309+0100] {logging_mixin.py:190} INFO - [2024-09-22T14:39:10.308+0100] {dagbag.py:588} INFO - Filling up the DagBag from /Users/rtewelde/airflow_venv/lib/python3.11/site-packages/airflow/example_dags/subdags/subdag.py
[2024-09-22T14:39:10.311+0100] {processor.py:927} WARNING - No viable dags retrieved from /Users/rtewelde/airflow_venv/lib/python3.11/site-packages/airflow/example_dags/subdags/subdag.py
[2024-09-22T14:39:10.654+0100] {processor.py:208} INFO - Processing /Users/rtewelde/airflow_venv/lib/python3.11/site-packages/airflow/example_dags/subdags/subdag.py took 0.366 seconds
[2024-09-22T14:42:04.546+0100] {processor.py:186} INFO - Started process (PID=79068) to work on /Users/rtewelde/airflow_venv/lib/python3.11/site-packages/airflow/example_dags/subdags/subdag.py
[2024-09-22T14:42:04.548+0100] {processor.py:914} INFO - Processing file /Users/rtewelde/airflow_venv/lib/python3.11/site-packages/airflow/example_dags/subdags/subdag.py for tasks to queue
[2024-09-22T14:42:04.549+0100] {logging_mixin.py:190} INFO - [2024-09-22T14:42:04.548+0100] {dagbag.py:588} INFO - Filling up the DagBag from /Users/rtewelde/airflow_venv/lib/python3.11/site-packages/airflow/example_dags/subdags/subdag.py
[2024-09-22T14:42:04.550+0100] {processor.py:927} WARNING - No viable dags retrieved from /Users/rtewelde/airflow_venv/lib/python3.11/site-packages/airflow/example_dags/subdags/subdag.py
[2024-09-22T14:42:04.652+0100] {processor.py:208} INFO - Processing /Users/rtewelde/airflow_venv/lib/python3.11/site-packages/airflow/example_dags/subdags/subdag.py took 0.109 seconds
[2024-09-22T14:43:02.012+0100] {processor.py:186} INFO - Started process (PID=79352) to work on /Users/rtewelde/airflow_venv/lib/python3.11/site-packages/airflow/example_dags/subdags/subdag.py
[2024-09-22T14:43:02.015+0100] {processor.py:914} INFO - Processing file /Users/rtewelde/airflow_venv/lib/python3.11/site-packages/airflow/example_dags/subdags/subdag.py for tasks to queue
[2024-09-22T14:43:02.016+0100] {logging_mixin.py:190} INFO - [2024-09-22T14:43:02.016+0100] {dagbag.py:588} INFO - Filling up the DagBag from /Users/rtewelde/airflow_venv/lib/python3.11/site-packages/airflow/example_dags/subdags/subdag.py
[2024-09-22T14:43:02.018+0100] {processor.py:927} WARNING - No viable dags retrieved from /Users/rtewelde/airflow_venv/lib/python3.11/site-packages/airflow/example_dags/subdags/subdag.py
[2024-09-22T14:43:02.119+0100] {processor.py:208} INFO - Processing /Users/rtewelde/airflow_venv/lib/python3.11/site-packages/airflow/example_dags/subdags/subdag.py took 0.110 seconds
[2024-09-22T14:45:23.510+0100] {processor.py:186} INFO - Started process (PID=80046) to work on /Users/rtewelde/airflow_venv/lib/python3.11/site-packages/airflow/example_dags/subdags/subdag.py
[2024-09-22T14:45:23.511+0100] {processor.py:914} INFO - Processing file /Users/rtewelde/airflow_venv/lib/python3.11/site-packages/airflow/example_dags/subdags/subdag.py for tasks to queue
[2024-09-22T14:45:23.512+0100] {logging_mixin.py:190} INFO - [2024-09-22T14:45:23.512+0100] {dagbag.py:588} INFO - Filling up the DagBag from /Users/rtewelde/airflow_venv/lib/python3.11/site-packages/airflow/example_dags/subdags/subdag.py
[2024-09-22T14:45:23.515+0100] {processor.py:927} WARNING - No viable dags retrieved from /Users/rtewelde/airflow_venv/lib/python3.11/site-packages/airflow/example_dags/subdags/subdag.py
[2024-09-22T14:45:23.652+0100] {processor.py:208} INFO - Processing /Users/rtewelde/airflow_venv/lib/python3.11/site-packages/airflow/example_dags/subdags/subdag.py took 0.145 seconds
[2024-09-22T14:45:56.481+0100] {processor.py:186} INFO - Started process (PID=80199) to work on /Users/rtewelde/airflow_venv/lib/python3.11/site-packages/airflow/example_dags/subdags/subdag.py
[2024-09-22T14:45:56.482+0100] {processor.py:914} INFO - Processing file /Users/rtewelde/airflow_venv/lib/python3.11/site-packages/airflow/example_dags/subdags/subdag.py for tasks to queue
[2024-09-22T14:45:56.483+0100] {logging_mixin.py:190} INFO - [2024-09-22T14:45:56.483+0100] {dagbag.py:588} INFO - Filling up the DagBag from /Users/rtewelde/airflow_venv/lib/python3.11/site-packages/airflow/example_dags/subdags/subdag.py
[2024-09-22T14:45:56.485+0100] {processor.py:927} WARNING - No viable dags retrieved from /Users/rtewelde/airflow_venv/lib/python3.11/site-packages/airflow/example_dags/subdags/subdag.py
[2024-09-22T14:45:56.590+0100] {processor.py:208} INFO - Processing /Users/rtewelde/airflow_venv/lib/python3.11/site-packages/airflow/example_dags/subdags/subdag.py took 0.112 seconds
[2024-09-22T14:49:19.855+0100] {processor.py:186} INFO - Started process (PID=81218) to work on /Users/rtewelde/airflow_venv/lib/python3.11/site-packages/airflow/example_dags/subdags/subdag.py
[2024-09-22T14:49:19.858+0100] {processor.py:914} INFO - Processing file /Users/rtewelde/airflow_venv/lib/python3.11/site-packages/airflow/example_dags/subdags/subdag.py for tasks to queue
[2024-09-22T14:49:19.860+0100] {logging_mixin.py:190} INFO - [2024-09-22T14:49:19.860+0100] {dagbag.py:588} INFO - Filling up the DagBag from /Users/rtewelde/airflow_venv/lib/python3.11/site-packages/airflow/example_dags/subdags/subdag.py
[2024-09-22T14:49:19.864+0100] {processor.py:927} WARNING - No viable dags retrieved from /Users/rtewelde/airflow_venv/lib/python3.11/site-packages/airflow/example_dags/subdags/subdag.py
[2024-09-22T14:49:20.007+0100] {processor.py:208} INFO - Processing /Users/rtewelde/airflow_venv/lib/python3.11/site-packages/airflow/example_dags/subdags/subdag.py took 0.155 seconds
[2024-09-22T14:50:01.380+0100] {processor.py:186} INFO - Started process (PID=81431) to work on /Users/rtewelde/airflow_venv/lib/python3.11/site-packages/airflow/example_dags/subdags/subdag.py
[2024-09-22T14:50:01.381+0100] {processor.py:914} INFO - Processing file /Users/rtewelde/airflow_venv/lib/python3.11/site-packages/airflow/example_dags/subdags/subdag.py for tasks to queue
[2024-09-22T14:50:01.382+0100] {logging_mixin.py:190} INFO - [2024-09-22T14:50:01.382+0100] {dagbag.py:588} INFO - Filling up the DagBag from /Users/rtewelde/airflow_venv/lib/python3.11/site-packages/airflow/example_dags/subdags/subdag.py
[2024-09-22T14:50:01.384+0100] {processor.py:927} WARNING - No viable dags retrieved from /Users/rtewelde/airflow_venv/lib/python3.11/site-packages/airflow/example_dags/subdags/subdag.py
[2024-09-22T14:50:01.504+0100] {processor.py:208} INFO - Processing /Users/rtewelde/airflow_venv/lib/python3.11/site-packages/airflow/example_dags/subdags/subdag.py took 0.126 seconds
