[2024-09-22T13:35:25.297+0100] {processor.py:157} INFO - Started process (PID=56116) to work on /Users/rtewelde/airflow_venv/lib/python3.11/site-packages/airflow/example_dags/example_subdag_operator.py
[2024-09-22T13:35:25.301+0100] {processor.py:829} INFO - Processing file /Users/rtewelde/airflow_venv/lib/python3.11/site-packages/airflow/example_dags/example_subdag_operator.py for tasks to queue
[2024-09-22T13:35:25.301+0100] {logging_mixin.py:151} INFO - [2024-09-22T13:35:25.301+0100] {dagbag.py:539} INFO - Filling up the DagBag from /Users/rtewelde/airflow_venv/lib/python3.11/site-packages/airflow/example_dags/example_subdag_operator.py
[2024-09-22T13:35:25.465+0100] {processor.py:839} INFO - DAG(s) dict_keys(['example_subdag_operator.section-1', 'example_subdag_operator.section-2', 'example_subdag_operator']) retrieved from /Users/rtewelde/airflow_venv/lib/python3.11/site-packages/airflow/example_dags/example_subdag_operator.py
[2024-09-22T13:35:25.536+0100] {logging_mixin.py:151} INFO - [2024-09-22T13:35:25.536+0100] {dag.py:2907} INFO - Sync 3 DAGs
[2024-09-22T13:35:25.552+0100] {logging_mixin.py:151} INFO - [2024-09-22T13:35:25.552+0100] {dag.py:3677} INFO - Setting next_dagrun for example_subdag_operator to 2022-01-01T00:00:00+00:00, run_after=2022-01-01T00:00:00+00:00
[2024-09-22T13:35:25.555+0100] {logging_mixin.py:151} INFO - [2024-09-22T13:35:25.555+0100] {dag.py:3677} INFO - Setting next_dagrun for example_subdag_operator.section-1 to None, run_after=None
[2024-09-22T13:35:25.556+0100] {logging_mixin.py:151} INFO - [2024-09-22T13:35:25.555+0100] {dag.py:3677} INFO - Setting next_dagrun for example_subdag_operator.section-2 to None, run_after=None
[2024-09-22T13:35:25.561+0100] {logging_mixin.py:151} INFO - [2024-09-22T13:35:25.560+0100] {dag.py:2907} INFO - Sync 2 DAGs
[2024-09-22T13:35:25.564+0100] {logging_mixin.py:151} INFO - [2024-09-22T13:35:25.564+0100] {dag.py:3677} INFO - Setting next_dagrun for example_subdag_operator.section-1 to None, run_after=None
[2024-09-22T13:35:25.564+0100] {logging_mixin.py:151} INFO - [2024-09-22T13:35:25.564+0100] {dag.py:3677} INFO - Setting next_dagrun for example_subdag_operator.section-2 to None, run_after=None
[2024-09-22T13:35:25.578+0100] {processor.py:179} INFO - Processing /Users/rtewelde/airflow_venv/lib/python3.11/site-packages/airflow/example_dags/example_subdag_operator.py took 0.282 seconds
[2024-09-22T13:37:07.648+0100] {processor.py:157} INFO - Started process (PID=56754) to work on /Users/rtewelde/airflow_venv/lib/python3.11/site-packages/airflow/example_dags/example_subdag_operator.py
[2024-09-22T13:37:07.652+0100] {processor.py:829} INFO - Processing file /Users/rtewelde/airflow_venv/lib/python3.11/site-packages/airflow/example_dags/example_subdag_operator.py for tasks to queue
[2024-09-22T13:37:07.653+0100] {logging_mixin.py:151} INFO - [2024-09-22T13:37:07.653+0100] {dagbag.py:539} INFO - Filling up the DagBag from /Users/rtewelde/airflow_venv/lib/python3.11/site-packages/airflow/example_dags/example_subdag_operator.py
[2024-09-22T13:37:07.816+0100] {processor.py:839} INFO - DAG(s) dict_keys(['example_subdag_operator.section-1', 'example_subdag_operator.section-2', 'example_subdag_operator']) retrieved from /Users/rtewelde/airflow_venv/lib/python3.11/site-packages/airflow/example_dags/example_subdag_operator.py
[2024-09-22T13:37:07.886+0100] {logging_mixin.py:151} INFO - [2024-09-22T13:37:07.885+0100] {dag.py:2907} INFO - Sync 3 DAGs
[2024-09-22T13:37:07.901+0100] {logging_mixin.py:151} INFO - [2024-09-22T13:37:07.900+0100] {dag.py:3677} INFO - Setting next_dagrun for example_subdag_operator to 2022-01-01T00:00:00+00:00, run_after=2022-01-01T00:00:00+00:00
[2024-09-22T13:37:07.905+0100] {logging_mixin.py:151} INFO - [2024-09-22T13:37:07.905+0100] {dag.py:3677} INFO - Setting next_dagrun for example_subdag_operator.section-1 to None, run_after=None
[2024-09-22T13:37:07.906+0100] {logging_mixin.py:151} INFO - [2024-09-22T13:37:07.906+0100] {dag.py:3677} INFO - Setting next_dagrun for example_subdag_operator.section-2 to None, run_after=None
[2024-09-22T13:37:07.912+0100] {logging_mixin.py:151} INFO - [2024-09-22T13:37:07.912+0100] {dag.py:2907} INFO - Sync 2 DAGs
[2024-09-22T13:37:07.915+0100] {logging_mixin.py:151} INFO - [2024-09-22T13:37:07.915+0100] {dag.py:3677} INFO - Setting next_dagrun for example_subdag_operator.section-1 to None, run_after=None
[2024-09-22T13:37:07.915+0100] {logging_mixin.py:151} INFO - [2024-09-22T13:37:07.915+0100] {dag.py:3677} INFO - Setting next_dagrun for example_subdag_operator.section-2 to None, run_after=None
[2024-09-22T13:37:07.926+0100] {processor.py:179} INFO - Processing /Users/rtewelde/airflow_venv/lib/python3.11/site-packages/airflow/example_dags/example_subdag_operator.py took 0.279 seconds
[2024-09-22T13:38:20.207+0100] {processor.py:157} INFO - Started process (PID=57166) to work on /Users/rtewelde/airflow_venv/lib/python3.11/site-packages/airflow/example_dags/example_subdag_operator.py
[2024-09-22T13:38:20.211+0100] {processor.py:829} INFO - Processing file /Users/rtewelde/airflow_venv/lib/python3.11/site-packages/airflow/example_dags/example_subdag_operator.py for tasks to queue
[2024-09-22T13:38:20.211+0100] {logging_mixin.py:151} INFO - [2024-09-22T13:38:20.211+0100] {dagbag.py:539} INFO - Filling up the DagBag from /Users/rtewelde/airflow_venv/lib/python3.11/site-packages/airflow/example_dags/example_subdag_operator.py
[2024-09-22T13:38:20.388+0100] {processor.py:839} INFO - DAG(s) dict_keys(['example_subdag_operator.section-1', 'example_subdag_operator.section-2', 'example_subdag_operator']) retrieved from /Users/rtewelde/airflow_venv/lib/python3.11/site-packages/airflow/example_dags/example_subdag_operator.py
[2024-09-22T13:38:20.466+0100] {logging_mixin.py:151} INFO - [2024-09-22T13:38:20.466+0100] {dag.py:2907} INFO - Sync 3 DAGs
[2024-09-22T13:38:20.486+0100] {logging_mixin.py:151} INFO - [2024-09-22T13:38:20.486+0100] {dag.py:3677} INFO - Setting next_dagrun for example_subdag_operator to 2022-01-01T00:00:00+00:00, run_after=2022-01-01T00:00:00+00:00
[2024-09-22T13:38:20.489+0100] {logging_mixin.py:151} INFO - [2024-09-22T13:38:20.489+0100] {dag.py:3677} INFO - Setting next_dagrun for example_subdag_operator.section-1 to None, run_after=None
[2024-09-22T13:38:20.490+0100] {logging_mixin.py:151} INFO - [2024-09-22T13:38:20.490+0100] {dag.py:3677} INFO - Setting next_dagrun for example_subdag_operator.section-2 to None, run_after=None
[2024-09-22T13:38:20.496+0100] {logging_mixin.py:151} INFO - [2024-09-22T13:38:20.496+0100] {dag.py:2907} INFO - Sync 2 DAGs
[2024-09-22T13:38:20.499+0100] {logging_mixin.py:151} INFO - [2024-09-22T13:38:20.499+0100] {dag.py:3677} INFO - Setting next_dagrun for example_subdag_operator.section-1 to None, run_after=None
[2024-09-22T13:38:20.499+0100] {logging_mixin.py:151} INFO - [2024-09-22T13:38:20.499+0100] {dag.py:3677} INFO - Setting next_dagrun for example_subdag_operator.section-2 to None, run_after=None
[2024-09-22T13:38:20.511+0100] {processor.py:179} INFO - Processing /Users/rtewelde/airflow_venv/lib/python3.11/site-packages/airflow/example_dags/example_subdag_operator.py took 0.307 seconds
[2024-09-22T13:39:44.714+0100] {processor.py:157} INFO - Started process (PID=57960) to work on /Users/rtewelde/airflow_venv/lib/python3.11/site-packages/airflow/example_dags/example_subdag_operator.py
[2024-09-22T13:39:44.717+0100] {processor.py:829} INFO - Processing file /Users/rtewelde/airflow_venv/lib/python3.11/site-packages/airflow/example_dags/example_subdag_operator.py for tasks to queue
[2024-09-22T13:39:44.718+0100] {logging_mixin.py:151} INFO - [2024-09-22T13:39:44.718+0100] {dagbag.py:539} INFO - Filling up the DagBag from /Users/rtewelde/airflow_venv/lib/python3.11/site-packages/airflow/example_dags/example_subdag_operator.py
[2024-09-22T13:39:44.876+0100] {processor.py:839} INFO - DAG(s) dict_keys(['example_subdag_operator.section-1', 'example_subdag_operator.section-2', 'example_subdag_operator']) retrieved from /Users/rtewelde/airflow_venv/lib/python3.11/site-packages/airflow/example_dags/example_subdag_operator.py
[2024-09-22T13:39:44.944+0100] {logging_mixin.py:151} INFO - [2024-09-22T13:39:44.944+0100] {dag.py:2907} INFO - Sync 3 DAGs
[2024-09-22T13:39:44.961+0100] {logging_mixin.py:151} INFO - [2024-09-22T13:39:44.961+0100] {dag.py:3677} INFO - Setting next_dagrun for example_subdag_operator to 2022-01-01T00:00:00+00:00, run_after=2022-01-01T00:00:00+00:00
[2024-09-22T13:39:44.964+0100] {logging_mixin.py:151} INFO - [2024-09-22T13:39:44.964+0100] {dag.py:3677} INFO - Setting next_dagrun for example_subdag_operator.section-1 to None, run_after=None
[2024-09-22T13:39:44.965+0100] {logging_mixin.py:151} INFO - [2024-09-22T13:39:44.965+0100] {dag.py:3677} INFO - Setting next_dagrun for example_subdag_operator.section-2 to None, run_after=None
[2024-09-22T13:39:44.970+0100] {logging_mixin.py:151} INFO - [2024-09-22T13:39:44.970+0100] {dag.py:2907} INFO - Sync 2 DAGs
[2024-09-22T13:39:44.973+0100] {logging_mixin.py:151} INFO - [2024-09-22T13:39:44.973+0100] {dag.py:3677} INFO - Setting next_dagrun for example_subdag_operator.section-1 to None, run_after=None
[2024-09-22T13:39:44.973+0100] {logging_mixin.py:151} INFO - [2024-09-22T13:39:44.973+0100] {dag.py:3677} INFO - Setting next_dagrun for example_subdag_operator.section-2 to None, run_after=None
[2024-09-22T13:39:44.985+0100] {processor.py:179} INFO - Processing /Users/rtewelde/airflow_venv/lib/python3.11/site-packages/airflow/example_dags/example_subdag_operator.py took 0.273 seconds
[2024-09-22T13:41:16.846+0100] {processor.py:157} INFO - Started process (PID=58425) to work on /Users/rtewelde/airflow_venv/lib/python3.11/site-packages/airflow/example_dags/example_subdag_operator.py
[2024-09-22T13:41:16.850+0100] {processor.py:829} INFO - Processing file /Users/rtewelde/airflow_venv/lib/python3.11/site-packages/airflow/example_dags/example_subdag_operator.py for tasks to queue
[2024-09-22T13:41:16.851+0100] {logging_mixin.py:151} INFO - [2024-09-22T13:41:16.851+0100] {dagbag.py:539} INFO - Filling up the DagBag from /Users/rtewelde/airflow_venv/lib/python3.11/site-packages/airflow/example_dags/example_subdag_operator.py
[2024-09-22T13:41:17.013+0100] {processor.py:839} INFO - DAG(s) dict_keys(['example_subdag_operator.section-1', 'example_subdag_operator.section-2', 'example_subdag_operator']) retrieved from /Users/rtewelde/airflow_venv/lib/python3.11/site-packages/airflow/example_dags/example_subdag_operator.py
[2024-09-22T13:41:17.080+0100] {logging_mixin.py:151} INFO - [2024-09-22T13:41:17.079+0100] {dag.py:2907} INFO - Sync 3 DAGs
[2024-09-22T13:41:17.093+0100] {logging_mixin.py:151} INFO - [2024-09-22T13:41:17.093+0100] {dag.py:3677} INFO - Setting next_dagrun for example_subdag_operator to 2022-01-01T00:00:00+00:00, run_after=2022-01-01T00:00:00+00:00
[2024-09-22T13:41:17.096+0100] {logging_mixin.py:151} INFO - [2024-09-22T13:41:17.096+0100] {dag.py:3677} INFO - Setting next_dagrun for example_subdag_operator.section-1 to None, run_after=None
[2024-09-22T13:41:17.096+0100] {logging_mixin.py:151} INFO - [2024-09-22T13:41:17.096+0100] {dag.py:3677} INFO - Setting next_dagrun for example_subdag_operator.section-2 to None, run_after=None
[2024-09-22T13:41:17.101+0100] {logging_mixin.py:151} INFO - [2024-09-22T13:41:17.101+0100] {dag.py:2907} INFO - Sync 2 DAGs
[2024-09-22T13:41:17.104+0100] {logging_mixin.py:151} INFO - [2024-09-22T13:41:17.104+0100] {dag.py:3677} INFO - Setting next_dagrun for example_subdag_operator.section-1 to None, run_after=None
[2024-09-22T13:41:17.104+0100] {logging_mixin.py:151} INFO - [2024-09-22T13:41:17.104+0100] {dag.py:3677} INFO - Setting next_dagrun for example_subdag_operator.section-2 to None, run_after=None
[2024-09-22T13:41:17.116+0100] {processor.py:179} INFO - Processing /Users/rtewelde/airflow_venv/lib/python3.11/site-packages/airflow/example_dags/example_subdag_operator.py took 0.270 seconds
[2024-09-22T13:42:33.919+0100] {processor.py:157} INFO - Started process (PID=58946) to work on /Users/rtewelde/airflow_venv/lib/python3.11/site-packages/airflow/example_dags/example_subdag_operator.py
[2024-09-22T13:42:33.923+0100] {processor.py:829} INFO - Processing file /Users/rtewelde/airflow_venv/lib/python3.11/site-packages/airflow/example_dags/example_subdag_operator.py for tasks to queue
[2024-09-22T13:42:33.923+0100] {logging_mixin.py:151} INFO - [2024-09-22T13:42:33.923+0100] {dagbag.py:539} INFO - Filling up the DagBag from /Users/rtewelde/airflow_venv/lib/python3.11/site-packages/airflow/example_dags/example_subdag_operator.py
[2024-09-22T13:42:34.122+0100] {processor.py:839} INFO - DAG(s) dict_keys(['example_subdag_operator.section-1', 'example_subdag_operator.section-2', 'example_subdag_operator']) retrieved from /Users/rtewelde/airflow_venv/lib/python3.11/site-packages/airflow/example_dags/example_subdag_operator.py
[2024-09-22T13:42:34.225+0100] {logging_mixin.py:151} INFO - [2024-09-22T13:42:34.220+0100] {dagbag.py:647} ERROR - Failed to write serialized DAG: /Users/rtewelde/airflow_venv/lib/python3.11/site-packages/airflow/example_dags/example_subdag_operator.py
Traceback (most recent call last):
  File "/Users/rtewelde/airflow_venv/lib/python3.11/site-packages/airflow/models/dagbag.py", line 636, in _serialize_dag_capturing_errors
  File "/Users/rtewelde/airflow_venv/lib/python3.11/site-packages/airflow/utils/session.py", line 74, in wrapper
  File "/Users/rtewelde/airflow_venv/lib/python3.11/site-packages/airflow/models/serialized_dag.py", line 156, in write_dag
  File "<string>", line 4, in __init__
  File "/Users/rtewelde/airflow_venv/lib/python3.11/site-packages/sqlalchemy/orm/state.py", line 481, in _initialize_instance
    with util.safe_reraise():
  File "/Users/rtewelde/airflow_venv/lib/python3.11/site-packages/sqlalchemy/util/langhelpers.py", line 70, in __exit__
    compat.raise_(
  File "/Users/rtewelde/airflow_venv/lib/python3.11/site-packages/sqlalchemy/util/compat.py", line 211, in raise_
    raise exception
  File "/Users/rtewelde/airflow_venv/lib/python3.11/site-packages/sqlalchemy/orm/state.py", line 479, in _initialize_instance
    return manager.original_init(*mixed[1:], **kwargs)
           ^^^^^^^^^^^^^^^^^^^^^^^^^^^^^^^^^^^^^^^^^^^
  File "/Users/rtewelde/airflow_venv/lib/python3.11/site-packages/airflow/models/serialized_dag.py", line 103, in __init__
  File "/Users/rtewelde/airflow_venv/lib/python3.11/site-packages/airflow/serialization/serialized_objects.py", line 1381, in to_dict
  File "/Users/rtewelde/airflow_venv/lib/python3.11/site-packages/airflow/serialization/serialized_objects.py", line 332, in validate_schema
  File "/Users/rtewelde/airflow_venv/lib/python3.11/site-packages/airflow/serialization/json_schema.py", line 70, in load_dag_schema
  File "/Users/rtewelde/airflow_venv/lib/python3.11/site-packages/airflow/serialization/json_schema.py", line 57, in load_dag_schema_dict
  File "/Library/Frameworks/Python.framework/Versions/3.11/lib/python3.11/pkgutil.py", line 640, in get_data
    return loader.get_data(resource_name)
           ^^^^^^^^^^^^^^^^^^^^^^^^^^^^^^
  File "<frozen importlib._bootstrap_external>", line 1130, in get_data
FileNotFoundError: [Errno 2] No such file or directory: '/Users/rtewelde/airflow_venv/lib/python3.11/site-packages/airflow/serialization/schema.json'
[2024-09-22T13:42:34.226+0100] {logging_mixin.py:151} INFO - [2024-09-22T13:42:34.226+0100] {dag.py:2907} INFO - Sync 3 DAGs
[2024-09-22T13:42:34.243+0100] {logging_mixin.py:151} INFO - [2024-09-22T13:42:34.243+0100] {dag.py:3677} INFO - Setting next_dagrun for example_subdag_operator to 2022-01-01T00:00:00+00:00, run_after=2022-01-01T00:00:00+00:00
[2024-09-22T13:42:34.246+0100] {logging_mixin.py:151} INFO - [2024-09-22T13:42:34.246+0100] {dag.py:3677} INFO - Setting next_dagrun for example_subdag_operator.section-1 to None, run_after=None
[2024-09-22T13:42:34.247+0100] {logging_mixin.py:151} INFO - [2024-09-22T13:42:34.246+0100] {dag.py:3677} INFO - Setting next_dagrun for example_subdag_operator.section-2 to None, run_after=None
[2024-09-22T13:42:34.249+0100] {processor.py:182} ERROR - Got an exception! Propagating...
Traceback (most recent call last):
  File "/Users/rtewelde/airflow_venv/lib/python3.11/site-packages/airflow/dag_processing/processor.py", line 178, in _run_file_processor
  File "/Users/rtewelde/airflow_venv/lib/python3.11/site-packages/airflow/dag_processing/processor.py", line 159, in _handle_dag_file_processing
  File "/Users/rtewelde/airflow_venv/lib/python3.11/site-packages/airflow/utils/session.py", line 77, in wrapper
  File "/Users/rtewelde/airflow_venv/lib/python3.11/site-packages/airflow/dag_processing/processor.py", line 857, in process_file
  File "/Users/rtewelde/airflow_venv/lib/python3.11/site-packages/airflow/api_internal/internal_api_call.py", line 112, in wrapper
    before_sleep=tenacity.before_log(logger, logging.WARNING),
               ^^^^^^^^^^^^^^^^^^^^^
  File "/Users/rtewelde/airflow_venv/lib/python3.11/site-packages/airflow/utils/session.py", line 77, in wrapper
  File "/Users/rtewelde/airflow_venv/lib/python3.11/site-packages/airflow/dag_processing/processor.py", line 893, in save_dag_to_db
  File "/Users/rtewelde/airflow_venv/lib/python3.11/site-packages/airflow/utils/session.py", line 74, in wrapper
  File "/Users/rtewelde/airflow_venv/lib/python3.11/site-packages/airflow/models/dagbag.py", line 657, in _sync_to_db
  File "/Users/rtewelde/airflow_venv/lib/python3.11/site-packages/tenacity/__init__.py", line 347, in __iter__
    do = self.iter(retry_state=retry_state)
         ^^^^^^^^^^^^^^^^^^^^^^^^^^^^^^^^^^
  File "/Users/rtewelde/airflow_venv/lib/python3.11/site-packages/tenacity/__init__.py", line 314, in iter
    return fut.result()
           ^^^^^^^^^^^^
  File "/Library/Frameworks/Python.framework/Versions/3.11/lib/python3.11/concurrent/futures/_base.py", line 449, in result
    return self.__get_result()
           ^^^^^^^^^^^^^^^^^^^
  File "/Library/Frameworks/Python.framework/Versions/3.11/lib/python3.11/concurrent/futures/_base.py", line 401, in __get_result
    raise self._exception
  File "/Users/rtewelde/airflow_venv/lib/python3.11/site-packages/airflow/models/dagbag.py", line 671, in _sync_to_db
  File "/Users/rtewelde/airflow_venv/lib/python3.11/site-packages/airflow/utils/session.py", line 74, in wrapper
  File "/Users/rtewelde/airflow_venv/lib/python3.11/site-packages/airflow/models/dag.py", line 3018, in bulk_write_to_db
  File "/Users/rtewelde/airflow_venv/lib/python3.11/site-packages/airflow/utils/session.py", line 74, in wrapper
  File "/Users/rtewelde/airflow_venv/lib/python3.11/site-packages/airflow/models/dagcode.py", line 117, in bulk_sync_to_db
  File "<frozen genericpath>", line 55, in getmtime
FileNotFoundError: [Errno 2] No such file or directory: '/Users/rtewelde/airflow_venv/lib/python3.11/site-packages/airflow/example_dags/example_subdag_operator.py'
[2024-09-22T14:20:10.693+0100] {processor.py:186} INFO - Started process (PID=72282) to work on /Users/rtewelde/airflow_venv/lib/python3.11/site-packages/airflow/example_dags/example_subdag_operator.py
[2024-09-22T14:20:10.694+0100] {processor.py:914} INFO - Processing file /Users/rtewelde/airflow_venv/lib/python3.11/site-packages/airflow/example_dags/example_subdag_operator.py for tasks to queue
[2024-09-22T14:20:10.695+0100] {logging_mixin.py:190} INFO - [2024-09-22T14:20:10.694+0100] {dagbag.py:588} INFO - Filling up the DagBag from /Users/rtewelde/airflow_venv/lib/python3.11/site-packages/airflow/example_dags/example_subdag_operator.py
[2024-09-22T14:20:10.848+0100] {processor.py:925} INFO - DAG(s) 'example_subdag_operator.section-1', 'example_subdag_operator.section-2', 'example_subdag_operator' retrieved from /Users/rtewelde/airflow_venv/lib/python3.11/site-packages/airflow/example_dags/example_subdag_operator.py
[2024-09-22T14:20:10.861+0100] {logging_mixin.py:190} INFO - [2024-09-22T14:20:10.861+0100] {workday.py:41} WARNING - Could not import pandas. Holidays will not be considered.
[2024-09-22T14:20:10.960+0100] {logging_mixin.py:190} INFO - [2024-09-22T14:20:10.960+0100] {dag.py:3239} INFO - Sync 3 DAGs
[2024-09-22T14:20:10.975+0100] {logging_mixin.py:190} INFO - [2024-09-22T14:20:10.975+0100] {dag.py:4180} INFO - Setting next_dagrun for example_subdag_operator to 2022-01-01 00:00:00+00:00, run_after=2022-01-01 00:00:00+00:00
[2024-09-22T14:20:10.977+0100] {logging_mixin.py:190} INFO - [2024-09-22T14:20:10.977+0100] {dag.py:4180} INFO - Setting next_dagrun for example_subdag_operator.section-1 to None, run_after=None
[2024-09-22T14:20:10.978+0100] {logging_mixin.py:190} INFO - [2024-09-22T14:20:10.978+0100] {dag.py:4180} INFO - Setting next_dagrun for example_subdag_operator.section-2 to None, run_after=None
[2024-09-22T14:20:10.984+0100] {logging_mixin.py:190} INFO - [2024-09-22T14:20:10.984+0100] {dag.py:3239} INFO - Sync 2 DAGs
[2024-09-22T14:20:10.987+0100] {logging_mixin.py:190} INFO - [2024-09-22T14:20:10.986+0100] {dag.py:4180} INFO - Setting next_dagrun for example_subdag_operator.section-1 to None, run_after=None
[2024-09-22T14:20:10.987+0100] {logging_mixin.py:190} INFO - [2024-09-22T14:20:10.987+0100] {dag.py:4180} INFO - Setting next_dagrun for example_subdag_operator.section-2 to None, run_after=None
[2024-09-22T14:20:10.999+0100] {processor.py:208} INFO - Processing /Users/rtewelde/airflow_venv/lib/python3.11/site-packages/airflow/example_dags/example_subdag_operator.py took 0.308 seconds
[2024-09-22T14:23:09.776+0100] {processor.py:186} INFO - Started process (PID=73295) to work on /Users/rtewelde/airflow_venv/lib/python3.11/site-packages/airflow/example_dags/example_subdag_operator.py
[2024-09-22T14:23:09.777+0100] {processor.py:914} INFO - Processing file /Users/rtewelde/airflow_venv/lib/python3.11/site-packages/airflow/example_dags/example_subdag_operator.py for tasks to queue
[2024-09-22T14:23:09.777+0100] {logging_mixin.py:190} INFO - [2024-09-22T14:23:09.777+0100] {dagbag.py:588} INFO - Filling up the DagBag from /Users/rtewelde/airflow_venv/lib/python3.11/site-packages/airflow/example_dags/example_subdag_operator.py
[2024-09-22T14:23:09.946+0100] {processor.py:925} INFO - DAG(s) 'example_subdag_operator.section-1', 'example_subdag_operator.section-2', 'example_subdag_operator' retrieved from /Users/rtewelde/airflow_venv/lib/python3.11/site-packages/airflow/example_dags/example_subdag_operator.py
[2024-09-22T14:23:09.960+0100] {logging_mixin.py:190} INFO - [2024-09-22T14:23:09.960+0100] {workday.py:41} WARNING - Could not import pandas. Holidays will not be considered.
[2024-09-22T14:23:09.974+0100] {logging_mixin.py:190} INFO - [2024-09-22T14:23:09.974+0100] {dag.py:3239} INFO - Sync 3 DAGs
[2024-09-22T14:23:09.989+0100] {logging_mixin.py:190} INFO - [2024-09-22T14:23:09.989+0100] {dag.py:4180} INFO - Setting next_dagrun for example_subdag_operator to 2022-01-01 00:00:00+00:00, run_after=2022-01-01 00:00:00+00:00
[2024-09-22T14:23:09.992+0100] {logging_mixin.py:190} INFO - [2024-09-22T14:23:09.992+0100] {dag.py:4180} INFO - Setting next_dagrun for example_subdag_operator.section-1 to None, run_after=None
[2024-09-22T14:23:09.993+0100] {logging_mixin.py:190} INFO - [2024-09-22T14:23:09.993+0100] {dag.py:4180} INFO - Setting next_dagrun for example_subdag_operator.section-2 to None, run_after=None
[2024-09-22T14:23:10.000+0100] {logging_mixin.py:190} INFO - [2024-09-22T14:23:09.999+0100] {dag.py:3239} INFO - Sync 2 DAGs
[2024-09-22T14:23:10.003+0100] {logging_mixin.py:190} INFO - [2024-09-22T14:23:10.003+0100] {dag.py:4180} INFO - Setting next_dagrun for example_subdag_operator.section-1 to None, run_after=None
[2024-09-22T14:23:10.003+0100] {logging_mixin.py:190} INFO - [2024-09-22T14:23:10.003+0100] {dag.py:4180} INFO - Setting next_dagrun for example_subdag_operator.section-2 to None, run_after=None
[2024-09-22T14:23:10.015+0100] {processor.py:208} INFO - Processing /Users/rtewelde/airflow_venv/lib/python3.11/site-packages/airflow/example_dags/example_subdag_operator.py took 0.242 seconds
[2024-09-22T14:25:35.948+0100] {processor.py:186} INFO - Started process (PID=74026) to work on /Users/rtewelde/airflow_venv/lib/python3.11/site-packages/airflow/example_dags/example_subdag_operator.py
[2024-09-22T14:25:35.949+0100] {processor.py:914} INFO - Processing file /Users/rtewelde/airflow_venv/lib/python3.11/site-packages/airflow/example_dags/example_subdag_operator.py for tasks to queue
[2024-09-22T14:25:35.950+0100] {logging_mixin.py:190} INFO - [2024-09-22T14:25:35.949+0100] {dagbag.py:588} INFO - Filling up the DagBag from /Users/rtewelde/airflow_venv/lib/python3.11/site-packages/airflow/example_dags/example_subdag_operator.py
[2024-09-22T14:25:36.108+0100] {processor.py:925} INFO - DAG(s) 'example_subdag_operator.section-1', 'example_subdag_operator.section-2', 'example_subdag_operator' retrieved from /Users/rtewelde/airflow_venv/lib/python3.11/site-packages/airflow/example_dags/example_subdag_operator.py
[2024-09-22T14:25:36.122+0100] {logging_mixin.py:190} INFO - [2024-09-22T14:25:36.122+0100] {workday.py:41} WARNING - Could not import pandas. Holidays will not be considered.
[2024-09-22T14:25:36.139+0100] {logging_mixin.py:190} INFO - [2024-09-22T14:25:36.139+0100] {dag.py:3239} INFO - Sync 3 DAGs
[2024-09-22T14:25:36.156+0100] {logging_mixin.py:190} INFO - [2024-09-22T14:25:36.156+0100] {dag.py:4180} INFO - Setting next_dagrun for example_subdag_operator to 2022-01-01 00:00:00+00:00, run_after=2022-01-01 00:00:00+00:00
[2024-09-22T14:25:36.160+0100] {logging_mixin.py:190} INFO - [2024-09-22T14:25:36.159+0100] {dag.py:4180} INFO - Setting next_dagrun for example_subdag_operator.section-1 to None, run_after=None
[2024-09-22T14:25:36.160+0100] {logging_mixin.py:190} INFO - [2024-09-22T14:25:36.160+0100] {dag.py:4180} INFO - Setting next_dagrun for example_subdag_operator.section-2 to None, run_after=None
[2024-09-22T14:25:36.165+0100] {logging_mixin.py:190} INFO - [2024-09-22T14:25:36.165+0100] {dag.py:3239} INFO - Sync 2 DAGs
[2024-09-22T14:25:36.169+0100] {logging_mixin.py:190} INFO - [2024-09-22T14:25:36.169+0100] {dag.py:4180} INFO - Setting next_dagrun for example_subdag_operator.section-1 to None, run_after=None
[2024-09-22T14:25:36.169+0100] {logging_mixin.py:190} INFO - [2024-09-22T14:25:36.169+0100] {dag.py:4180} INFO - Setting next_dagrun for example_subdag_operator.section-2 to None, run_after=None
[2024-09-22T14:25:36.181+0100] {processor.py:208} INFO - Processing /Users/rtewelde/airflow_venv/lib/python3.11/site-packages/airflow/example_dags/example_subdag_operator.py took 0.236 seconds
[2024-09-22T14:27:57.710+0100] {processor.py:186} INFO - Started process (PID=74743) to work on /Users/rtewelde/airflow_venv/lib/python3.11/site-packages/airflow/example_dags/example_subdag_operator.py
[2024-09-22T14:27:57.711+0100] {processor.py:914} INFO - Processing file /Users/rtewelde/airflow_venv/lib/python3.11/site-packages/airflow/example_dags/example_subdag_operator.py for tasks to queue
[2024-09-22T14:27:57.712+0100] {logging_mixin.py:190} INFO - [2024-09-22T14:27:57.712+0100] {dagbag.py:588} INFO - Filling up the DagBag from /Users/rtewelde/airflow_venv/lib/python3.11/site-packages/airflow/example_dags/example_subdag_operator.py
[2024-09-22T14:27:57.878+0100] {processor.py:925} INFO - DAG(s) 'example_subdag_operator.section-1', 'example_subdag_operator.section-2', 'example_subdag_operator' retrieved from /Users/rtewelde/airflow_venv/lib/python3.11/site-packages/airflow/example_dags/example_subdag_operator.py
[2024-09-22T14:27:57.892+0100] {logging_mixin.py:190} INFO - [2024-09-22T14:27:57.892+0100] {workday.py:41} WARNING - Could not import pandas. Holidays will not be considered.
[2024-09-22T14:27:57.912+0100] {logging_mixin.py:190} INFO - [2024-09-22T14:27:57.911+0100] {dag.py:3239} INFO - Sync 3 DAGs
[2024-09-22T14:27:57.929+0100] {logging_mixin.py:190} INFO - [2024-09-22T14:27:57.929+0100] {dag.py:4180} INFO - Setting next_dagrun for example_subdag_operator to 2022-01-01 00:00:00+00:00, run_after=2022-01-01 00:00:00+00:00
[2024-09-22T14:27:57.933+0100] {logging_mixin.py:190} INFO - [2024-09-22T14:27:57.933+0100] {dag.py:4180} INFO - Setting next_dagrun for example_subdag_operator.section-1 to None, run_after=None
[2024-09-22T14:27:57.934+0100] {logging_mixin.py:190} INFO - [2024-09-22T14:27:57.934+0100] {dag.py:4180} INFO - Setting next_dagrun for example_subdag_operator.section-2 to None, run_after=None
[2024-09-22T14:27:57.939+0100] {logging_mixin.py:190} INFO - [2024-09-22T14:27:57.939+0100] {dag.py:3239} INFO - Sync 2 DAGs
[2024-09-22T14:27:57.943+0100] {logging_mixin.py:190} INFO - [2024-09-22T14:27:57.943+0100] {dag.py:4180} INFO - Setting next_dagrun for example_subdag_operator.section-1 to None, run_after=None
[2024-09-22T14:27:57.944+0100] {logging_mixin.py:190} INFO - [2024-09-22T14:27:57.943+0100] {dag.py:4180} INFO - Setting next_dagrun for example_subdag_operator.section-2 to None, run_after=None
[2024-09-22T14:27:57.955+0100] {processor.py:208} INFO - Processing /Users/rtewelde/airflow_venv/lib/python3.11/site-packages/airflow/example_dags/example_subdag_operator.py took 0.247 seconds
[2024-09-22T14:30:17.184+0100] {processor.py:186} INFO - Started process (PID=75428) to work on /Users/rtewelde/airflow_venv/lib/python3.11/site-packages/airflow/example_dags/example_subdag_operator.py
[2024-09-22T14:30:17.185+0100] {processor.py:914} INFO - Processing file /Users/rtewelde/airflow_venv/lib/python3.11/site-packages/airflow/example_dags/example_subdag_operator.py for tasks to queue
[2024-09-22T14:30:17.186+0100] {logging_mixin.py:190} INFO - [2024-09-22T14:30:17.186+0100] {dagbag.py:588} INFO - Filling up the DagBag from /Users/rtewelde/airflow_venv/lib/python3.11/site-packages/airflow/example_dags/example_subdag_operator.py
[2024-09-22T14:30:17.342+0100] {processor.py:925} INFO - DAG(s) 'example_subdag_operator.section-1', 'example_subdag_operator.section-2', 'example_subdag_operator' retrieved from /Users/rtewelde/airflow_venv/lib/python3.11/site-packages/airflow/example_dags/example_subdag_operator.py
[2024-09-22T14:30:17.354+0100] {logging_mixin.py:190} INFO - [2024-09-22T14:30:17.354+0100] {workday.py:41} WARNING - Could not import pandas. Holidays will not be considered.
[2024-09-22T14:30:17.370+0100] {logging_mixin.py:190} INFO - [2024-09-22T14:30:17.369+0100] {dag.py:3239} INFO - Sync 3 DAGs
[2024-09-22T14:30:17.385+0100] {logging_mixin.py:190} INFO - [2024-09-22T14:30:17.385+0100] {dag.py:4180} INFO - Setting next_dagrun for example_subdag_operator to 2022-01-01 00:00:00+00:00, run_after=2022-01-01 00:00:00+00:00
[2024-09-22T14:30:17.387+0100] {logging_mixin.py:190} INFO - [2024-09-22T14:30:17.387+0100] {dag.py:4180} INFO - Setting next_dagrun for example_subdag_operator.section-1 to None, run_after=None
[2024-09-22T14:30:17.388+0100] {logging_mixin.py:190} INFO - [2024-09-22T14:30:17.388+0100] {dag.py:4180} INFO - Setting next_dagrun for example_subdag_operator.section-2 to None, run_after=None
[2024-09-22T14:30:17.395+0100] {logging_mixin.py:190} INFO - [2024-09-22T14:30:17.395+0100] {dag.py:3239} INFO - Sync 2 DAGs
[2024-09-22T14:30:17.399+0100] {logging_mixin.py:190} INFO - [2024-09-22T14:30:17.399+0100] {dag.py:4180} INFO - Setting next_dagrun for example_subdag_operator.section-1 to None, run_after=None
[2024-09-22T14:30:17.399+0100] {logging_mixin.py:190} INFO - [2024-09-22T14:30:17.399+0100] {dag.py:4180} INFO - Setting next_dagrun for example_subdag_operator.section-2 to None, run_after=None
[2024-09-22T14:30:17.412+0100] {processor.py:208} INFO - Processing /Users/rtewelde/airflow_venv/lib/python3.11/site-packages/airflow/example_dags/example_subdag_operator.py took 0.231 seconds
[2024-09-22T14:32:33.884+0100] {processor.py:186} INFO - Started process (PID=76063) to work on /Users/rtewelde/airflow_venv/lib/python3.11/site-packages/airflow/example_dags/example_subdag_operator.py
[2024-09-22T14:32:33.885+0100] {processor.py:914} INFO - Processing file /Users/rtewelde/airflow_venv/lib/python3.11/site-packages/airflow/example_dags/example_subdag_operator.py for tasks to queue
[2024-09-22T14:32:33.886+0100] {logging_mixin.py:190} INFO - [2024-09-22T14:32:33.886+0100] {dagbag.py:588} INFO - Filling up the DagBag from /Users/rtewelde/airflow_venv/lib/python3.11/site-packages/airflow/example_dags/example_subdag_operator.py
[2024-09-22T14:32:34.042+0100] {processor.py:925} INFO - DAG(s) 'example_subdag_operator.section-1', 'example_subdag_operator.section-2', 'example_subdag_operator' retrieved from /Users/rtewelde/airflow_venv/lib/python3.11/site-packages/airflow/example_dags/example_subdag_operator.py
[2024-09-22T14:32:34.054+0100] {logging_mixin.py:190} INFO - [2024-09-22T14:32:34.054+0100] {workday.py:41} WARNING - Could not import pandas. Holidays will not be considered.
[2024-09-22T14:32:34.068+0100] {logging_mixin.py:190} INFO - [2024-09-22T14:32:34.068+0100] {dag.py:3239} INFO - Sync 3 DAGs
[2024-09-22T14:32:34.083+0100] {logging_mixin.py:190} INFO - [2024-09-22T14:32:34.083+0100] {dag.py:4180} INFO - Setting next_dagrun for example_subdag_operator to 2022-01-01 00:00:00+00:00, run_after=2022-01-01 00:00:00+00:00
[2024-09-22T14:32:34.085+0100] {logging_mixin.py:190} INFO - [2024-09-22T14:32:34.085+0100] {dag.py:4180} INFO - Setting next_dagrun for example_subdag_operator.section-1 to None, run_after=None
[2024-09-22T14:32:34.086+0100] {logging_mixin.py:190} INFO - [2024-09-22T14:32:34.086+0100] {dag.py:4180} INFO - Setting next_dagrun for example_subdag_operator.section-2 to None, run_after=None
[2024-09-22T14:32:34.092+0100] {logging_mixin.py:190} INFO - [2024-09-22T14:32:34.092+0100] {dag.py:3239} INFO - Sync 2 DAGs
[2024-09-22T14:32:34.096+0100] {logging_mixin.py:190} INFO - [2024-09-22T14:32:34.096+0100] {dag.py:4180} INFO - Setting next_dagrun for example_subdag_operator.section-1 to None, run_after=None
[2024-09-22T14:32:34.096+0100] {logging_mixin.py:190} INFO - [2024-09-22T14:32:34.096+0100] {dag.py:4180} INFO - Setting next_dagrun for example_subdag_operator.section-2 to None, run_after=None
[2024-09-22T14:32:34.108+0100] {processor.py:208} INFO - Processing /Users/rtewelde/airflow_venv/lib/python3.11/site-packages/airflow/example_dags/example_subdag_operator.py took 0.226 seconds
[2024-09-22T14:35:16.051+0100] {processor.py:186} INFO - Started process (PID=76849) to work on /Users/rtewelde/airflow_venv/lib/python3.11/site-packages/airflow/example_dags/example_subdag_operator.py
[2024-09-22T14:35:16.053+0100] {processor.py:914} INFO - Processing file /Users/rtewelde/airflow_venv/lib/python3.11/site-packages/airflow/example_dags/example_subdag_operator.py for tasks to queue
[2024-09-22T14:35:16.055+0100] {logging_mixin.py:190} INFO - [2024-09-22T14:35:16.054+0100] {dagbag.py:588} INFO - Filling up the DagBag from /Users/rtewelde/airflow_venv/lib/python3.11/site-packages/airflow/example_dags/example_subdag_operator.py
[2024-09-22T14:35:16.239+0100] {processor.py:925} INFO - DAG(s) 'example_subdag_operator.section-1', 'example_subdag_operator.section-2', 'example_subdag_operator' retrieved from /Users/rtewelde/airflow_venv/lib/python3.11/site-packages/airflow/example_dags/example_subdag_operator.py
[2024-09-22T14:35:16.255+0100] {logging_mixin.py:190} INFO - [2024-09-22T14:35:16.254+0100] {workday.py:41} WARNING - Could not import pandas. Holidays will not be considered.
[2024-09-22T14:35:16.272+0100] {logging_mixin.py:190} INFO - [2024-09-22T14:35:16.272+0100] {dag.py:3239} INFO - Sync 3 DAGs
[2024-09-22T14:35:16.291+0100] {logging_mixin.py:190} INFO - [2024-09-22T14:35:16.291+0100] {dag.py:4180} INFO - Setting next_dagrun for example_subdag_operator to 2022-01-01 00:00:00+00:00, run_after=2022-01-01 00:00:00+00:00
[2024-09-22T14:35:16.295+0100] {logging_mixin.py:190} INFO - [2024-09-22T14:35:16.295+0100] {dag.py:4180} INFO - Setting next_dagrun for example_subdag_operator.section-1 to None, run_after=None
[2024-09-22T14:35:16.296+0100] {logging_mixin.py:190} INFO - [2024-09-22T14:35:16.296+0100] {dag.py:4180} INFO - Setting next_dagrun for example_subdag_operator.section-2 to None, run_after=None
[2024-09-22T14:35:16.302+0100] {logging_mixin.py:190} INFO - [2024-09-22T14:35:16.302+0100] {dag.py:3239} INFO - Sync 2 DAGs
[2024-09-22T14:35:16.305+0100] {logging_mixin.py:190} INFO - [2024-09-22T14:35:16.305+0100] {dag.py:4180} INFO - Setting next_dagrun for example_subdag_operator.section-1 to None, run_after=None
[2024-09-22T14:35:16.305+0100] {logging_mixin.py:190} INFO - [2024-09-22T14:35:16.305+0100] {dag.py:4180} INFO - Setting next_dagrun for example_subdag_operator.section-2 to None, run_after=None
[2024-09-22T14:35:16.319+0100] {processor.py:208} INFO - Processing /Users/rtewelde/airflow_venv/lib/python3.11/site-packages/airflow/example_dags/example_subdag_operator.py took 0.271 seconds
[2024-09-22T14:38:19.877+0100] {processor.py:186} INFO - Started process (PID=77694) to work on /Users/rtewelde/airflow_venv/lib/python3.11/site-packages/airflow/example_dags/example_subdag_operator.py
[2024-09-22T14:38:19.879+0100] {processor.py:914} INFO - Processing file /Users/rtewelde/airflow_venv/lib/python3.11/site-packages/airflow/example_dags/example_subdag_operator.py for tasks to queue
[2024-09-22T14:38:19.880+0100] {logging_mixin.py:190} INFO - [2024-09-22T14:38:19.880+0100] {dagbag.py:588} INFO - Filling up the DagBag from /Users/rtewelde/airflow_venv/lib/python3.11/site-packages/airflow/example_dags/example_subdag_operator.py
[2024-09-22T14:38:20.220+0100] {processor.py:925} INFO - DAG(s) 'example_subdag_operator.section-1', 'example_subdag_operator.section-2', 'example_subdag_operator' retrieved from /Users/rtewelde/airflow_venv/lib/python3.11/site-packages/airflow/example_dags/example_subdag_operator.py
[2024-09-22T14:38:20.260+0100] {logging_mixin.py:190} INFO - [2024-09-22T14:38:20.259+0100] {workday.py:41} WARNING - Could not import pandas. Holidays will not be considered.
[2024-09-22T14:38:20.303+0100] {logging_mixin.py:190} INFO - [2024-09-22T14:38:20.303+0100] {dag.py:3239} INFO - Sync 3 DAGs
[2024-09-22T14:38:20.358+0100] {logging_mixin.py:190} INFO - [2024-09-22T14:38:20.357+0100] {dag.py:4180} INFO - Setting next_dagrun for example_subdag_operator to 2022-01-01 00:00:00+00:00, run_after=2022-01-01 00:00:00+00:00
[2024-09-22T14:38:20.362+0100] {logging_mixin.py:190} INFO - [2024-09-22T14:38:20.362+0100] {dag.py:4180} INFO - Setting next_dagrun for example_subdag_operator.section-1 to None, run_after=None
[2024-09-22T14:38:20.363+0100] {logging_mixin.py:190} INFO - [2024-09-22T14:38:20.363+0100] {dag.py:4180} INFO - Setting next_dagrun for example_subdag_operator.section-2 to None, run_after=None
[2024-09-22T14:38:20.386+0100] {logging_mixin.py:190} INFO - [2024-09-22T14:38:20.386+0100] {dag.py:3239} INFO - Sync 2 DAGs
[2024-09-22T14:38:20.394+0100] {logging_mixin.py:190} INFO - [2024-09-22T14:38:20.394+0100] {dag.py:4180} INFO - Setting next_dagrun for example_subdag_operator.section-1 to None, run_after=None
[2024-09-22T14:38:20.395+0100] {logging_mixin.py:190} INFO - [2024-09-22T14:38:20.395+0100] {dag.py:4180} INFO - Setting next_dagrun for example_subdag_operator.section-2 to None, run_after=None
[2024-09-22T14:38:20.422+0100] {processor.py:208} INFO - Processing /Users/rtewelde/airflow_venv/lib/python3.11/site-packages/airflow/example_dags/example_subdag_operator.py took 0.548 seconds
[2024-09-22T14:40:48.542+0100] {processor.py:186} INFO - Started process (PID=78627) to work on /Users/rtewelde/airflow_venv/lib/python3.11/site-packages/airflow/example_dags/example_subdag_operator.py
[2024-09-22T14:40:48.543+0100] {processor.py:914} INFO - Processing file /Users/rtewelde/airflow_venv/lib/python3.11/site-packages/airflow/example_dags/example_subdag_operator.py for tasks to queue
[2024-09-22T14:40:48.544+0100] {logging_mixin.py:190} INFO - [2024-09-22T14:40:48.544+0100] {dagbag.py:588} INFO - Filling up the DagBag from /Users/rtewelde/airflow_venv/lib/python3.11/site-packages/airflow/example_dags/example_subdag_operator.py
[2024-09-22T14:40:48.723+0100] {processor.py:925} INFO - DAG(s) 'example_subdag_operator.section-1', 'example_subdag_operator.section-2', 'example_subdag_operator' retrieved from /Users/rtewelde/airflow_venv/lib/python3.11/site-packages/airflow/example_dags/example_subdag_operator.py
[2024-09-22T14:40:48.742+0100] {logging_mixin.py:190} INFO - [2024-09-22T14:40:48.742+0100] {workday.py:41} WARNING - Could not import pandas. Holidays will not be considered.
[2024-09-22T14:40:48.759+0100] {logging_mixin.py:190} INFO - [2024-09-22T14:40:48.758+0100] {dag.py:3239} INFO - Sync 3 DAGs
[2024-09-22T14:40:48.777+0100] {logging_mixin.py:190} INFO - [2024-09-22T14:40:48.776+0100] {dag.py:4180} INFO - Setting next_dagrun for example_subdag_operator to 2022-01-01 00:00:00+00:00, run_after=2022-01-01 00:00:00+00:00
[2024-09-22T14:40:48.780+0100] {logging_mixin.py:190} INFO - [2024-09-22T14:40:48.780+0100] {dag.py:4180} INFO - Setting next_dagrun for example_subdag_operator.section-1 to None, run_after=None
[2024-09-22T14:40:48.781+0100] {logging_mixin.py:190} INFO - [2024-09-22T14:40:48.781+0100] {dag.py:4180} INFO - Setting next_dagrun for example_subdag_operator.section-2 to None, run_after=None
[2024-09-22T14:40:48.788+0100] {logging_mixin.py:190} INFO - [2024-09-22T14:40:48.787+0100] {dag.py:3239} INFO - Sync 2 DAGs
[2024-09-22T14:40:48.791+0100] {logging_mixin.py:190} INFO - [2024-09-22T14:40:48.791+0100] {dag.py:4180} INFO - Setting next_dagrun for example_subdag_operator.section-1 to None, run_after=None
[2024-09-22T14:40:48.792+0100] {logging_mixin.py:190} INFO - [2024-09-22T14:40:48.791+0100] {dag.py:4180} INFO - Setting next_dagrun for example_subdag_operator.section-2 to None, run_after=None
[2024-09-22T14:40:48.804+0100] {processor.py:208} INFO - Processing /Users/rtewelde/airflow_venv/lib/python3.11/site-packages/airflow/example_dags/example_subdag_operator.py took 0.265 seconds
[2024-09-22T14:43:04.982+0100] {processor.py:186} INFO - Started process (PID=79371) to work on /Users/rtewelde/airflow_venv/lib/python3.11/site-packages/airflow/example_dags/example_subdag_operator.py
[2024-09-22T14:43:04.984+0100] {processor.py:914} INFO - Processing file /Users/rtewelde/airflow_venv/lib/python3.11/site-packages/airflow/example_dags/example_subdag_operator.py for tasks to queue
[2024-09-22T14:43:04.985+0100] {logging_mixin.py:190} INFO - [2024-09-22T14:43:04.985+0100] {dagbag.py:588} INFO - Filling up the DagBag from /Users/rtewelde/airflow_venv/lib/python3.11/site-packages/airflow/example_dags/example_subdag_operator.py
[2024-09-22T14:43:05.178+0100] {processor.py:925} INFO - DAG(s) 'example_subdag_operator.section-1', 'example_subdag_operator.section-2', 'example_subdag_operator' retrieved from /Users/rtewelde/airflow_venv/lib/python3.11/site-packages/airflow/example_dags/example_subdag_operator.py
[2024-09-22T14:43:05.231+0100] {logging_mixin.py:190} INFO - [2024-09-22T14:43:05.231+0100] {workday.py:41} WARNING - Could not import pandas. Holidays will not be considered.
[2024-09-22T14:43:05.280+0100] {logging_mixin.py:190} INFO - [2024-09-22T14:43:05.279+0100] {dag.py:3239} INFO - Sync 3 DAGs
[2024-09-22T14:43:05.301+0100] {logging_mixin.py:190} INFO - [2024-09-22T14:43:05.301+0100] {dag.py:4180} INFO - Setting next_dagrun for example_subdag_operator to 2022-01-01 00:00:00+00:00, run_after=2022-01-01 00:00:00+00:00
[2024-09-22T14:43:05.310+0100] {logging_mixin.py:190} INFO - [2024-09-22T14:43:05.309+0100] {dag.py:4180} INFO - Setting next_dagrun for example_subdag_operator.section-1 to None, run_after=None
[2024-09-22T14:43:05.311+0100] {logging_mixin.py:190} INFO - [2024-09-22T14:43:05.311+0100] {dag.py:4180} INFO - Setting next_dagrun for example_subdag_operator.section-2 to None, run_after=None
[2024-09-22T14:43:05.317+0100] {logging_mixin.py:190} INFO - [2024-09-22T14:43:05.317+0100] {dag.py:3239} INFO - Sync 2 DAGs
[2024-09-22T14:43:05.321+0100] {logging_mixin.py:190} INFO - [2024-09-22T14:43:05.321+0100] {dag.py:4180} INFO - Setting next_dagrun for example_subdag_operator.section-1 to None, run_after=None
[2024-09-22T14:43:05.321+0100] {logging_mixin.py:190} INFO - [2024-09-22T14:43:05.321+0100] {dag.py:4180} INFO - Setting next_dagrun for example_subdag_operator.section-2 to None, run_after=None
[2024-09-22T14:43:05.333+0100] {processor.py:208} INFO - Processing /Users/rtewelde/airflow_venv/lib/python3.11/site-packages/airflow/example_dags/example_subdag_operator.py took 0.353 seconds
[2024-09-22T14:44:07.725+0100] {processor.py:186} INFO - Started process (PID=79671) to work on /Users/rtewelde/airflow_venv/lib/python3.11/site-packages/airflow/example_dags/example_subdag_operator.py
[2024-09-22T14:44:07.726+0100] {processor.py:914} INFO - Processing file /Users/rtewelde/airflow_venv/lib/python3.11/site-packages/airflow/example_dags/example_subdag_operator.py for tasks to queue
[2024-09-22T14:44:07.727+0100] {logging_mixin.py:190} INFO - [2024-09-22T14:44:07.727+0100] {dagbag.py:588} INFO - Filling up the DagBag from /Users/rtewelde/airflow_venv/lib/python3.11/site-packages/airflow/example_dags/example_subdag_operator.py
[2024-09-22T14:44:07.898+0100] {processor.py:925} INFO - DAG(s) 'example_subdag_operator.section-1', 'example_subdag_operator.section-2', 'example_subdag_operator' retrieved from /Users/rtewelde/airflow_venv/lib/python3.11/site-packages/airflow/example_dags/example_subdag_operator.py
[2024-09-22T14:44:07.914+0100] {logging_mixin.py:190} INFO - [2024-09-22T14:44:07.914+0100] {workday.py:41} WARNING - Could not import pandas. Holidays will not be considered.
[2024-09-22T14:44:07.932+0100] {logging_mixin.py:190} INFO - [2024-09-22T14:44:07.932+0100] {dag.py:3239} INFO - Sync 3 DAGs
[2024-09-22T14:44:07.951+0100] {logging_mixin.py:190} INFO - [2024-09-22T14:44:07.950+0100] {dag.py:4180} INFO - Setting next_dagrun for example_subdag_operator to 2022-01-01 00:00:00+00:00, run_after=2022-01-01 00:00:00+00:00
[2024-09-22T14:44:07.954+0100] {logging_mixin.py:190} INFO - [2024-09-22T14:44:07.953+0100] {dag.py:4180} INFO - Setting next_dagrun for example_subdag_operator.section-1 to None, run_after=None
[2024-09-22T14:44:07.954+0100] {logging_mixin.py:190} INFO - [2024-09-22T14:44:07.954+0100] {dag.py:4180} INFO - Setting next_dagrun for example_subdag_operator.section-2 to None, run_after=None
[2024-09-22T14:44:07.961+0100] {logging_mixin.py:190} INFO - [2024-09-22T14:44:07.960+0100] {dag.py:3239} INFO - Sync 2 DAGs
[2024-09-22T14:44:07.966+0100] {logging_mixin.py:190} INFO - [2024-09-22T14:44:07.965+0100] {dag.py:4180} INFO - Setting next_dagrun for example_subdag_operator.section-1 to None, run_after=None
[2024-09-22T14:44:07.966+0100] {logging_mixin.py:190} INFO - [2024-09-22T14:44:07.966+0100] {dag.py:4180} INFO - Setting next_dagrun for example_subdag_operator.section-2 to None, run_after=None
[2024-09-22T14:44:07.981+0100] {processor.py:208} INFO - Processing /Users/rtewelde/airflow_venv/lib/python3.11/site-packages/airflow/example_dags/example_subdag_operator.py took 0.258 seconds
[2024-09-22T14:46:44.701+0100] {processor.py:186} INFO - Started process (PID=80426) to work on /Users/rtewelde/airflow_venv/lib/python3.11/site-packages/airflow/example_dags/example_subdag_operator.py
[2024-09-22T14:46:44.704+0100] {processor.py:914} INFO - Processing file /Users/rtewelde/airflow_venv/lib/python3.11/site-packages/airflow/example_dags/example_subdag_operator.py for tasks to queue
[2024-09-22T14:46:44.706+0100] {logging_mixin.py:190} INFO - [2024-09-22T14:46:44.705+0100] {dagbag.py:588} INFO - Filling up the DagBag from /Users/rtewelde/airflow_venv/lib/python3.11/site-packages/airflow/example_dags/example_subdag_operator.py
[2024-09-22T14:46:44.995+0100] {processor.py:925} INFO - DAG(s) 'example_subdag_operator.section-1', 'example_subdag_operator.section-2', 'example_subdag_operator' retrieved from /Users/rtewelde/airflow_venv/lib/python3.11/site-packages/airflow/example_dags/example_subdag_operator.py
[2024-09-22T14:46:45.014+0100] {logging_mixin.py:190} INFO - [2024-09-22T14:46:45.013+0100] {workday.py:41} WARNING - Could not import pandas. Holidays will not be considered.
[2024-09-22T14:46:45.035+0100] {logging_mixin.py:190} INFO - [2024-09-22T14:46:45.034+0100] {dag.py:3239} INFO - Sync 3 DAGs
[2024-09-22T14:46:45.058+0100] {logging_mixin.py:190} INFO - [2024-09-22T14:46:45.058+0100] {dag.py:4180} INFO - Setting next_dagrun for example_subdag_operator to 2022-01-01 00:00:00+00:00, run_after=2022-01-01 00:00:00+00:00
[2024-09-22T14:46:45.061+0100] {logging_mixin.py:190} INFO - [2024-09-22T14:46:45.061+0100] {dag.py:4180} INFO - Setting next_dagrun for example_subdag_operator.section-1 to None, run_after=None
[2024-09-22T14:46:45.062+0100] {logging_mixin.py:190} INFO - [2024-09-22T14:46:45.062+0100] {dag.py:4180} INFO - Setting next_dagrun for example_subdag_operator.section-2 to None, run_after=None
[2024-09-22T14:46:45.069+0100] {logging_mixin.py:190} INFO - [2024-09-22T14:46:45.069+0100] {dag.py:3239} INFO - Sync 2 DAGs
[2024-09-22T14:46:45.072+0100] {logging_mixin.py:190} INFO - [2024-09-22T14:46:45.072+0100] {dag.py:4180} INFO - Setting next_dagrun for example_subdag_operator.section-1 to None, run_after=None
[2024-09-22T14:46:45.073+0100] {logging_mixin.py:190} INFO - [2024-09-22T14:46:45.073+0100] {dag.py:4180} INFO - Setting next_dagrun for example_subdag_operator.section-2 to None, run_after=None
[2024-09-22T14:46:45.085+0100] {processor.py:208} INFO - Processing /Users/rtewelde/airflow_venv/lib/python3.11/site-packages/airflow/example_dags/example_subdag_operator.py took 0.392 seconds
[2024-09-22T14:47:27.648+0100] {processor.py:186} INFO - Started process (PID=80649) to work on /Users/rtewelde/airflow_venv/lib/python3.11/site-packages/airflow/example_dags/example_subdag_operator.py
[2024-09-22T14:47:27.651+0100] {processor.py:914} INFO - Processing file /Users/rtewelde/airflow_venv/lib/python3.11/site-packages/airflow/example_dags/example_subdag_operator.py for tasks to queue
[2024-09-22T14:47:27.653+0100] {logging_mixin.py:190} INFO - [2024-09-22T14:47:27.653+0100] {dagbag.py:588} INFO - Filling up the DagBag from /Users/rtewelde/airflow_venv/lib/python3.11/site-packages/airflow/example_dags/example_subdag_operator.py
[2024-09-22T14:47:28.103+0100] {processor.py:925} INFO - DAG(s) 'example_subdag_operator.section-1', 'example_subdag_operator.section-2', 'example_subdag_operator' retrieved from /Users/rtewelde/airflow_venv/lib/python3.11/site-packages/airflow/example_dags/example_subdag_operator.py
[2024-09-22T14:47:28.143+0100] {logging_mixin.py:190} INFO - [2024-09-22T14:47:28.142+0100] {workday.py:41} WARNING - Could not import pandas. Holidays will not be considered.
[2024-09-22T14:47:28.195+0100] {logging_mixin.py:190} INFO - [2024-09-22T14:47:28.194+0100] {dag.py:3239} INFO - Sync 3 DAGs
[2024-09-22T14:47:28.229+0100] {logging_mixin.py:190} INFO - [2024-09-22T14:47:28.229+0100] {dag.py:4180} INFO - Setting next_dagrun for example_subdag_operator to 2022-01-01 00:00:00+00:00, run_after=2022-01-01 00:00:00+00:00
[2024-09-22T14:47:28.240+0100] {logging_mixin.py:190} INFO - [2024-09-22T14:47:28.239+0100] {dag.py:4180} INFO - Setting next_dagrun for example_subdag_operator.section-1 to None, run_after=None
[2024-09-22T14:47:28.243+0100] {logging_mixin.py:190} INFO - [2024-09-22T14:47:28.242+0100] {dag.py:4180} INFO - Setting next_dagrun for example_subdag_operator.section-2 to None, run_after=None
[2024-09-22T14:47:28.252+0100] {logging_mixin.py:190} INFO - [2024-09-22T14:47:28.252+0100] {dag.py:3239} INFO - Sync 2 DAGs
[2024-09-22T14:47:28.262+0100] {logging_mixin.py:190} INFO - [2024-09-22T14:47:28.261+0100] {dag.py:4180} INFO - Setting next_dagrun for example_subdag_operator.section-1 to None, run_after=None
[2024-09-22T14:47:28.263+0100] {logging_mixin.py:190} INFO - [2024-09-22T14:47:28.263+0100] {dag.py:4180} INFO - Setting next_dagrun for example_subdag_operator.section-2 to None, run_after=None
[2024-09-22T14:47:28.302+0100] {processor.py:208} INFO - Processing /Users/rtewelde/airflow_venv/lib/python3.11/site-packages/airflow/example_dags/example_subdag_operator.py took 0.661 seconds
[2024-09-22T14:50:38.553+0100] {processor.py:186} INFO - Started process (PID=81619) to work on /Users/rtewelde/airflow_venv/lib/python3.11/site-packages/airflow/example_dags/example_subdag_operator.py
[2024-09-22T14:50:38.553+0100] {processor.py:914} INFO - Processing file /Users/rtewelde/airflow_venv/lib/python3.11/site-packages/airflow/example_dags/example_subdag_operator.py for tasks to queue
[2024-09-22T14:50:38.554+0100] {logging_mixin.py:190} INFO - [2024-09-22T14:50:38.554+0100] {dagbag.py:588} INFO - Filling up the DagBag from /Users/rtewelde/airflow_venv/lib/python3.11/site-packages/airflow/example_dags/example_subdag_operator.py
[2024-09-22T14:50:38.755+0100] {processor.py:925} INFO - DAG(s) 'example_subdag_operator.section-1', 'example_subdag_operator.section-2', 'example_subdag_operator' retrieved from /Users/rtewelde/airflow_venv/lib/python3.11/site-packages/airflow/example_dags/example_subdag_operator.py
[2024-09-22T14:50:38.771+0100] {logging_mixin.py:190} INFO - [2024-09-22T14:50:38.770+0100] {workday.py:41} WARNING - Could not import pandas. Holidays will not be considered.
[2024-09-22T14:50:38.793+0100] {logging_mixin.py:190} INFO - [2024-09-22T14:50:38.791+0100] {dag.py:3239} INFO - Sync 3 DAGs
[2024-09-22T14:50:38.818+0100] {logging_mixin.py:190} INFO - [2024-09-22T14:50:38.817+0100] {dag.py:4180} INFO - Setting next_dagrun for example_subdag_operator to 2022-01-01 00:00:00+00:00, run_after=2022-01-01 00:00:00+00:00
[2024-09-22T14:50:38.821+0100] {logging_mixin.py:190} INFO - [2024-09-22T14:50:38.821+0100] {dag.py:4180} INFO - Setting next_dagrun for example_subdag_operator.section-1 to None, run_after=None
[2024-09-22T14:50:38.822+0100] {logging_mixin.py:190} INFO - [2024-09-22T14:50:38.822+0100] {dag.py:4180} INFO - Setting next_dagrun for example_subdag_operator.section-2 to None, run_after=None
[2024-09-22T14:50:38.829+0100] {logging_mixin.py:190} INFO - [2024-09-22T14:50:38.829+0100] {dag.py:3239} INFO - Sync 2 DAGs
[2024-09-22T14:50:38.834+0100] {logging_mixin.py:190} INFO - [2024-09-22T14:50:38.833+0100] {dag.py:4180} INFO - Setting next_dagrun for example_subdag_operator.section-1 to None, run_after=None
[2024-09-22T14:50:38.834+0100] {logging_mixin.py:190} INFO - [2024-09-22T14:50:38.834+0100] {dag.py:4180} INFO - Setting next_dagrun for example_subdag_operator.section-2 to None, run_after=None
[2024-09-22T14:50:38.848+0100] {processor.py:208} INFO - Processing /Users/rtewelde/airflow_venv/lib/python3.11/site-packages/airflow/example_dags/example_subdag_operator.py took 0.298 seconds
