[2024-09-22T13:35:19.024+0100] {processor.py:157} INFO - Started process (PID=56083) to work on /Users/rtewelde/airflow_venv/lib/python3.11/site-packages/airflow/example_dags/example_time_delta_sensor_async.py
[2024-09-22T13:35:19.028+0100] {processor.py:829} INFO - Processing file /Users/rtewelde/airflow_venv/lib/python3.11/site-packages/airflow/example_dags/example_time_delta_sensor_async.py for tasks to queue
[2024-09-22T13:35:19.029+0100] {logging_mixin.py:151} INFO - [2024-09-22T13:35:19.029+0100] {dagbag.py:539} INFO - Filling up the DagBag from /Users/rtewelde/airflow_venv/lib/python3.11/site-packages/airflow/example_dags/example_time_delta_sensor_async.py
[2024-09-22T13:35:19.046+0100] {processor.py:839} INFO - DAG(s) dict_keys(['example_time_delta_sensor_async']) retrieved from /Users/rtewelde/airflow_venv/lib/python3.11/site-packages/airflow/example_dags/example_time_delta_sensor_async.py
[2024-09-22T13:35:19.251+0100] {logging_mixin.py:151} INFO - [2024-09-22T13:35:19.251+0100] {dag.py:2907} INFO - Sync 1 DAGs
[2024-09-22T13:35:19.261+0100] {logging_mixin.py:151} INFO - [2024-09-22T13:35:19.261+0100] {dag.py:3677} INFO - Setting next_dagrun for example_time_delta_sensor_async to None, run_after=None
[2024-09-22T13:35:19.279+0100] {processor.py:179} INFO - Processing /Users/rtewelde/airflow_venv/lib/python3.11/site-packages/airflow/example_dags/example_time_delta_sensor_async.py took 0.256 seconds
[2024-09-22T13:37:01.215+0100] {processor.py:157} INFO - Started process (PID=56725) to work on /Users/rtewelde/airflow_venv/lib/python3.11/site-packages/airflow/example_dags/example_time_delta_sensor_async.py
[2024-09-22T13:37:01.219+0100] {processor.py:829} INFO - Processing file /Users/rtewelde/airflow_venv/lib/python3.11/site-packages/airflow/example_dags/example_time_delta_sensor_async.py for tasks to queue
[2024-09-22T13:37:01.220+0100] {logging_mixin.py:151} INFO - [2024-09-22T13:37:01.220+0100] {dagbag.py:539} INFO - Filling up the DagBag from /Users/rtewelde/airflow_venv/lib/python3.11/site-packages/airflow/example_dags/example_time_delta_sensor_async.py
[2024-09-22T13:37:01.240+0100] {processor.py:839} INFO - DAG(s) dict_keys(['example_time_delta_sensor_async']) retrieved from /Users/rtewelde/airflow_venv/lib/python3.11/site-packages/airflow/example_dags/example_time_delta_sensor_async.py
[2024-09-22T13:37:01.443+0100] {logging_mixin.py:151} INFO - [2024-09-22T13:37:01.443+0100] {dag.py:2907} INFO - Sync 1 DAGs
[2024-09-22T13:37:01.452+0100] {logging_mixin.py:151} INFO - [2024-09-22T13:37:01.452+0100] {dag.py:3677} INFO - Setting next_dagrun for example_time_delta_sensor_async to None, run_after=None
[2024-09-22T13:37:01.472+0100] {processor.py:179} INFO - Processing /Users/rtewelde/airflow_venv/lib/python3.11/site-packages/airflow/example_dags/example_time_delta_sensor_async.py took 0.259 seconds
[2024-09-22T13:38:13.536+0100] {processor.py:157} INFO - Started process (PID=57136) to work on /Users/rtewelde/airflow_venv/lib/python3.11/site-packages/airflow/example_dags/example_time_delta_sensor_async.py
[2024-09-22T13:38:13.541+0100] {processor.py:829} INFO - Processing file /Users/rtewelde/airflow_venv/lib/python3.11/site-packages/airflow/example_dags/example_time_delta_sensor_async.py for tasks to queue
[2024-09-22T13:38:13.542+0100] {logging_mixin.py:151} INFO - [2024-09-22T13:38:13.542+0100] {dagbag.py:539} INFO - Filling up the DagBag from /Users/rtewelde/airflow_venv/lib/python3.11/site-packages/airflow/example_dags/example_time_delta_sensor_async.py
[2024-09-22T13:38:13.562+0100] {processor.py:839} INFO - DAG(s) dict_keys(['example_time_delta_sensor_async']) retrieved from /Users/rtewelde/airflow_venv/lib/python3.11/site-packages/airflow/example_dags/example_time_delta_sensor_async.py
[2024-09-22T13:38:13.793+0100] {logging_mixin.py:151} INFO - [2024-09-22T13:38:13.793+0100] {dag.py:2907} INFO - Sync 1 DAGs
[2024-09-22T13:38:13.803+0100] {logging_mixin.py:151} INFO - [2024-09-22T13:38:13.802+0100] {dag.py:3677} INFO - Setting next_dagrun for example_time_delta_sensor_async to None, run_after=None
[2024-09-22T13:38:13.820+0100] {processor.py:179} INFO - Processing /Users/rtewelde/airflow_venv/lib/python3.11/site-packages/airflow/example_dags/example_time_delta_sensor_async.py took 0.285 seconds
[2024-09-22T13:39:38.016+0100] {processor.py:157} INFO - Started process (PID=57912) to work on /Users/rtewelde/airflow_venv/lib/python3.11/site-packages/airflow/example_dags/example_time_delta_sensor_async.py
[2024-09-22T13:39:38.019+0100] {processor.py:829} INFO - Processing file /Users/rtewelde/airflow_venv/lib/python3.11/site-packages/airflow/example_dags/example_time_delta_sensor_async.py for tasks to queue
[2024-09-22T13:39:38.020+0100] {logging_mixin.py:151} INFO - [2024-09-22T13:39:38.020+0100] {dagbag.py:539} INFO - Filling up the DagBag from /Users/rtewelde/airflow_venv/lib/python3.11/site-packages/airflow/example_dags/example_time_delta_sensor_async.py
[2024-09-22T13:39:38.041+0100] {processor.py:839} INFO - DAG(s) dict_keys(['example_time_delta_sensor_async']) retrieved from /Users/rtewelde/airflow_venv/lib/python3.11/site-packages/airflow/example_dags/example_time_delta_sensor_async.py
[2024-09-22T13:39:38.235+0100] {logging_mixin.py:151} INFO - [2024-09-22T13:39:38.235+0100] {dag.py:2907} INFO - Sync 1 DAGs
[2024-09-22T13:39:38.245+0100] {logging_mixin.py:151} INFO - [2024-09-22T13:39:38.245+0100] {dag.py:3677} INFO - Setting next_dagrun for example_time_delta_sensor_async to None, run_after=None
[2024-09-22T13:39:38.263+0100] {processor.py:179} INFO - Processing /Users/rtewelde/airflow_venv/lib/python3.11/site-packages/airflow/example_dags/example_time_delta_sensor_async.py took 0.248 seconds
[2024-09-22T13:41:10.609+0100] {processor.py:157} INFO - Started process (PID=58389) to work on /Users/rtewelde/airflow_venv/lib/python3.11/site-packages/airflow/example_dags/example_time_delta_sensor_async.py
[2024-09-22T13:41:10.613+0100] {processor.py:829} INFO - Processing file /Users/rtewelde/airflow_venv/lib/python3.11/site-packages/airflow/example_dags/example_time_delta_sensor_async.py for tasks to queue
[2024-09-22T13:41:10.613+0100] {logging_mixin.py:151} INFO - [2024-09-22T13:41:10.613+0100] {dagbag.py:539} INFO - Filling up the DagBag from /Users/rtewelde/airflow_venv/lib/python3.11/site-packages/airflow/example_dags/example_time_delta_sensor_async.py
[2024-09-22T13:41:10.634+0100] {processor.py:839} INFO - DAG(s) dict_keys(['example_time_delta_sensor_async']) retrieved from /Users/rtewelde/airflow_venv/lib/python3.11/site-packages/airflow/example_dags/example_time_delta_sensor_async.py
[2024-09-22T13:41:10.832+0100] {logging_mixin.py:151} INFO - [2024-09-22T13:41:10.832+0100] {dag.py:2907} INFO - Sync 1 DAGs
[2024-09-22T13:41:10.840+0100] {logging_mixin.py:151} INFO - [2024-09-22T13:41:10.840+0100] {dag.py:3677} INFO - Setting next_dagrun for example_time_delta_sensor_async to None, run_after=None
[2024-09-22T13:41:10.858+0100] {processor.py:179} INFO - Processing /Users/rtewelde/airflow_venv/lib/python3.11/site-packages/airflow/example_dags/example_time_delta_sensor_async.py took 0.250 seconds
[2024-09-22T13:42:26.783+0100] {processor.py:157} INFO - Started process (PID=58897) to work on /Users/rtewelde/airflow_venv/lib/python3.11/site-packages/airflow/example_dags/example_time_delta_sensor_async.py
[2024-09-22T13:42:26.787+0100] {processor.py:829} INFO - Processing file /Users/rtewelde/airflow_venv/lib/python3.11/site-packages/airflow/example_dags/example_time_delta_sensor_async.py for tasks to queue
[2024-09-22T13:42:26.787+0100] {logging_mixin.py:151} INFO - [2024-09-22T13:42:26.787+0100] {dagbag.py:539} INFO - Filling up the DagBag from /Users/rtewelde/airflow_venv/lib/python3.11/site-packages/airflow/example_dags/example_time_delta_sensor_async.py
[2024-09-22T13:42:26.807+0100] {processor.py:839} INFO - DAG(s) dict_keys(['example_time_delta_sensor_async']) retrieved from /Users/rtewelde/airflow_venv/lib/python3.11/site-packages/airflow/example_dags/example_time_delta_sensor_async.py
[2024-09-22T13:42:27.028+0100] {logging_mixin.py:151} INFO - [2024-09-22T13:42:27.027+0100] {dag.py:2907} INFO - Sync 1 DAGs
[2024-09-22T13:42:27.037+0100] {logging_mixin.py:151} INFO - [2024-09-22T13:42:27.037+0100] {dag.py:3677} INFO - Setting next_dagrun for example_time_delta_sensor_async to None, run_after=None
[2024-09-22T13:42:27.054+0100] {processor.py:179} INFO - Processing /Users/rtewelde/airflow_venv/lib/python3.11/site-packages/airflow/example_dags/example_time_delta_sensor_async.py took 0.272 seconds
[2024-09-22T13:56:37.775+0100] {processor.py:161} INFO - Started process (PID=64579) to work on /Users/rtewelde/airflow_venv/lib/python3.11/site-packages/airflow/example_dags/example_time_delta_sensor_async.py
[2024-09-22T13:56:37.776+0100] {processor.py:830} INFO - Processing file /Users/rtewelde/airflow_venv/lib/python3.11/site-packages/airflow/example_dags/example_time_delta_sensor_async.py for tasks to queue
[2024-09-22T13:56:37.777+0100] {logging_mixin.py:188} INFO - [2024-09-22T13:56:37.777+0100] {dagbag.py:540} INFO - Filling up the DagBag from /Users/rtewelde/airflow_venv/lib/python3.11/site-packages/airflow/example_dags/example_time_delta_sensor_async.py
[2024-09-22T13:56:37.784+0100] {processor.py:840} INFO - DAG(s) 'example_time_delta_sensor_async' retrieved from /Users/rtewelde/airflow_venv/lib/python3.11/site-packages/airflow/example_dags/example_time_delta_sensor_async.py
[2024-09-22T13:56:37.976+0100] {logging_mixin.py:188} INFO - [2024-09-22T13:56:37.975+0100] {dag.py:3047} INFO - Sync 1 DAGs
[2024-09-22T13:56:38.044+0100] {logging_mixin.py:188} INFO - [2024-09-22T13:56:38.044+0100] {dag.py:3834} INFO - Setting next_dagrun for example_time_delta_sensor_async to None, run_after=None
[2024-09-22T13:56:38.065+0100] {processor.py:183} INFO - Processing /Users/rtewelde/airflow_venv/lib/python3.11/site-packages/airflow/example_dags/example_time_delta_sensor_async.py took 0.290 seconds
[2024-09-22T14:20:01.714+0100] {processor.py:186} INFO - Started process (PID=72243) to work on /Users/rtewelde/airflow_venv/lib/python3.11/site-packages/airflow/example_dags/example_time_delta_sensor_async.py
[2024-09-22T14:20:01.715+0100] {processor.py:914} INFO - Processing file /Users/rtewelde/airflow_venv/lib/python3.11/site-packages/airflow/example_dags/example_time_delta_sensor_async.py for tasks to queue
[2024-09-22T14:20:01.716+0100] {logging_mixin.py:190} INFO - [2024-09-22T14:20:01.715+0100] {dagbag.py:588} INFO - Filling up the DagBag from /Users/rtewelde/airflow_venv/lib/python3.11/site-packages/airflow/example_dags/example_time_delta_sensor_async.py
[2024-09-22T14:20:01.723+0100] {processor.py:925} INFO - DAG(s) 'example_time_delta_sensor_async' retrieved from /Users/rtewelde/airflow_venv/lib/python3.11/site-packages/airflow/example_dags/example_time_delta_sensor_async.py
[2024-09-22T14:20:01.860+0100] {logging_mixin.py:190} INFO - [2024-09-22T14:20:01.860+0100] {workday.py:41} WARNING - Could not import pandas. Holidays will not be considered.
[2024-09-22T14:20:01.959+0100] {logging_mixin.py:190} INFO - [2024-09-22T14:20:01.958+0100] {dag.py:3239} INFO - Sync 1 DAGs
[2024-09-22T14:20:01.969+0100] {logging_mixin.py:190} INFO - [2024-09-22T14:20:01.969+0100] {dag.py:4180} INFO - Setting next_dagrun for example_time_delta_sensor_async to None, run_after=None
[2024-09-22T14:20:01.987+0100] {processor.py:208} INFO - Processing /Users/rtewelde/airflow_venv/lib/python3.11/site-packages/airflow/example_dags/example_time_delta_sensor_async.py took 0.275 seconds
[2024-09-22T14:23:01.000+0100] {processor.py:186} INFO - Started process (PID=73256) to work on /Users/rtewelde/airflow_venv/lib/python3.11/site-packages/airflow/example_dags/example_time_delta_sensor_async.py
[2024-09-22T14:23:01.002+0100] {processor.py:914} INFO - Processing file /Users/rtewelde/airflow_venv/lib/python3.11/site-packages/airflow/example_dags/example_time_delta_sensor_async.py for tasks to queue
[2024-09-22T14:23:01.003+0100] {logging_mixin.py:190} INFO - [2024-09-22T14:23:01.003+0100] {dagbag.py:588} INFO - Filling up the DagBag from /Users/rtewelde/airflow_venv/lib/python3.11/site-packages/airflow/example_dags/example_time_delta_sensor_async.py
[2024-09-22T14:23:01.010+0100] {processor.py:925} INFO - DAG(s) 'example_time_delta_sensor_async' retrieved from /Users/rtewelde/airflow_venv/lib/python3.11/site-packages/airflow/example_dags/example_time_delta_sensor_async.py
[2024-09-22T14:23:01.170+0100] {logging_mixin.py:190} INFO - [2024-09-22T14:23:01.170+0100] {workday.py:41} WARNING - Could not import pandas. Holidays will not be considered.
[2024-09-22T14:23:01.191+0100] {logging_mixin.py:190} INFO - [2024-09-22T14:23:01.190+0100] {dag.py:3239} INFO - Sync 1 DAGs
[2024-09-22T14:23:01.202+0100] {logging_mixin.py:190} INFO - [2024-09-22T14:23:01.202+0100] {dag.py:4180} INFO - Setting next_dagrun for example_time_delta_sensor_async to None, run_after=None
[2024-09-22T14:23:01.220+0100] {processor.py:208} INFO - Processing /Users/rtewelde/airflow_venv/lib/python3.11/site-packages/airflow/example_dags/example_time_delta_sensor_async.py took 0.226 seconds
[2024-09-22T14:25:26.198+0100] {processor.py:186} INFO - Started process (PID=73976) to work on /Users/rtewelde/airflow_venv/lib/python3.11/site-packages/airflow/example_dags/example_time_delta_sensor_async.py
[2024-09-22T14:25:26.199+0100] {processor.py:914} INFO - Processing file /Users/rtewelde/airflow_venv/lib/python3.11/site-packages/airflow/example_dags/example_time_delta_sensor_async.py for tasks to queue
[2024-09-22T14:25:26.200+0100] {logging_mixin.py:190} INFO - [2024-09-22T14:25:26.199+0100] {dagbag.py:588} INFO - Filling up the DagBag from /Users/rtewelde/airflow_venv/lib/python3.11/site-packages/airflow/example_dags/example_time_delta_sensor_async.py
[2024-09-22T14:25:26.208+0100] {processor.py:925} INFO - DAG(s) 'example_time_delta_sensor_async' retrieved from /Users/rtewelde/airflow_venv/lib/python3.11/site-packages/airflow/example_dags/example_time_delta_sensor_async.py
[2024-09-22T14:25:26.365+0100] {logging_mixin.py:190} INFO - [2024-09-22T14:25:26.365+0100] {workday.py:41} WARNING - Could not import pandas. Holidays will not be considered.
[2024-09-22T14:25:26.385+0100] {logging_mixin.py:190} INFO - [2024-09-22T14:25:26.384+0100] {dag.py:3239} INFO - Sync 1 DAGs
[2024-09-22T14:25:26.395+0100] {logging_mixin.py:190} INFO - [2024-09-22T14:25:26.394+0100] {dag.py:4180} INFO - Setting next_dagrun for example_time_delta_sensor_async to None, run_after=None
[2024-09-22T14:25:26.417+0100] {processor.py:208} INFO - Processing /Users/rtewelde/airflow_venv/lib/python3.11/site-packages/airflow/example_dags/example_time_delta_sensor_async.py took 0.222 seconds
[2024-09-22T14:27:49.190+0100] {processor.py:186} INFO - Started process (PID=74701) to work on /Users/rtewelde/airflow_venv/lib/python3.11/site-packages/airflow/example_dags/example_time_delta_sensor_async.py
[2024-09-22T14:27:49.191+0100] {processor.py:914} INFO - Processing file /Users/rtewelde/airflow_venv/lib/python3.11/site-packages/airflow/example_dags/example_time_delta_sensor_async.py for tasks to queue
[2024-09-22T14:27:49.192+0100] {logging_mixin.py:190} INFO - [2024-09-22T14:27:49.192+0100] {dagbag.py:588} INFO - Filling up the DagBag from /Users/rtewelde/airflow_venv/lib/python3.11/site-packages/airflow/example_dags/example_time_delta_sensor_async.py
[2024-09-22T14:27:49.200+0100] {processor.py:925} INFO - DAG(s) 'example_time_delta_sensor_async' retrieved from /Users/rtewelde/airflow_venv/lib/python3.11/site-packages/airflow/example_dags/example_time_delta_sensor_async.py
[2024-09-22T14:27:49.352+0100] {logging_mixin.py:190} INFO - [2024-09-22T14:27:49.351+0100] {workday.py:41} WARNING - Could not import pandas. Holidays will not be considered.
[2024-09-22T14:27:49.369+0100] {logging_mixin.py:190} INFO - [2024-09-22T14:27:49.369+0100] {dag.py:3239} INFO - Sync 1 DAGs
[2024-09-22T14:27:49.379+0100] {logging_mixin.py:190} INFO - [2024-09-22T14:27:49.378+0100] {dag.py:4180} INFO - Setting next_dagrun for example_time_delta_sensor_async to None, run_after=None
[2024-09-22T14:27:49.395+0100] {processor.py:208} INFO - Processing /Users/rtewelde/airflow_venv/lib/python3.11/site-packages/airflow/example_dags/example_time_delta_sensor_async.py took 0.208 seconds
[2024-09-22T14:30:08.200+0100] {processor.py:186} INFO - Started process (PID=75390) to work on /Users/rtewelde/airflow_venv/lib/python3.11/site-packages/airflow/example_dags/example_time_delta_sensor_async.py
[2024-09-22T14:30:08.201+0100] {processor.py:914} INFO - Processing file /Users/rtewelde/airflow_venv/lib/python3.11/site-packages/airflow/example_dags/example_time_delta_sensor_async.py for tasks to queue
[2024-09-22T14:30:08.201+0100] {logging_mixin.py:190} INFO - [2024-09-22T14:30:08.201+0100] {dagbag.py:588} INFO - Filling up the DagBag from /Users/rtewelde/airflow_venv/lib/python3.11/site-packages/airflow/example_dags/example_time_delta_sensor_async.py
[2024-09-22T14:30:08.209+0100] {processor.py:925} INFO - DAG(s) 'example_time_delta_sensor_async' retrieved from /Users/rtewelde/airflow_venv/lib/python3.11/site-packages/airflow/example_dags/example_time_delta_sensor_async.py
[2024-09-22T14:30:08.357+0100] {logging_mixin.py:190} INFO - [2024-09-22T14:30:08.357+0100] {workday.py:41} WARNING - Could not import pandas. Holidays will not be considered.
[2024-09-22T14:30:08.375+0100] {logging_mixin.py:190} INFO - [2024-09-22T14:30:08.375+0100] {dag.py:3239} INFO - Sync 1 DAGs
[2024-09-22T14:30:08.386+0100] {logging_mixin.py:190} INFO - [2024-09-22T14:30:08.385+0100] {dag.py:4180} INFO - Setting next_dagrun for example_time_delta_sensor_async to None, run_after=None
[2024-09-22T14:30:08.406+0100] {processor.py:208} INFO - Processing /Users/rtewelde/airflow_venv/lib/python3.11/site-packages/airflow/example_dags/example_time_delta_sensor_async.py took 0.208 seconds
[2024-09-22T14:32:25.838+0100] {processor.py:186} INFO - Started process (PID=76031) to work on /Users/rtewelde/airflow_venv/lib/python3.11/site-packages/airflow/example_dags/example_time_delta_sensor_async.py
[2024-09-22T14:32:25.839+0100] {processor.py:914} INFO - Processing file /Users/rtewelde/airflow_venv/lib/python3.11/site-packages/airflow/example_dags/example_time_delta_sensor_async.py for tasks to queue
[2024-09-22T14:32:25.840+0100] {logging_mixin.py:190} INFO - [2024-09-22T14:32:25.840+0100] {dagbag.py:588} INFO - Filling up the DagBag from /Users/rtewelde/airflow_venv/lib/python3.11/site-packages/airflow/example_dags/example_time_delta_sensor_async.py
[2024-09-22T14:32:25.847+0100] {processor.py:925} INFO - DAG(s) 'example_time_delta_sensor_async' retrieved from /Users/rtewelde/airflow_venv/lib/python3.11/site-packages/airflow/example_dags/example_time_delta_sensor_async.py
[2024-09-22T14:32:25.981+0100] {logging_mixin.py:190} INFO - [2024-09-22T14:32:25.981+0100] {workday.py:41} WARNING - Could not import pandas. Holidays will not be considered.
[2024-09-22T14:32:25.999+0100] {logging_mixin.py:190} INFO - [2024-09-22T14:32:25.999+0100] {dag.py:3239} INFO - Sync 1 DAGs
[2024-09-22T14:32:26.008+0100] {logging_mixin.py:190} INFO - [2024-09-22T14:32:26.008+0100] {dag.py:4180} INFO - Setting next_dagrun for example_time_delta_sensor_async to None, run_after=None
[2024-09-22T14:32:26.025+0100] {processor.py:208} INFO - Processing /Users/rtewelde/airflow_venv/lib/python3.11/site-packages/airflow/example_dags/example_time_delta_sensor_async.py took 0.189 seconds
[2024-09-22T14:35:06.748+0100] {processor.py:186} INFO - Started process (PID=76799) to work on /Users/rtewelde/airflow_venv/lib/python3.11/site-packages/airflow/example_dags/example_time_delta_sensor_async.py
[2024-09-22T14:35:06.749+0100] {processor.py:914} INFO - Processing file /Users/rtewelde/airflow_venv/lib/python3.11/site-packages/airflow/example_dags/example_time_delta_sensor_async.py for tasks to queue
[2024-09-22T14:35:06.750+0100] {logging_mixin.py:190} INFO - [2024-09-22T14:35:06.750+0100] {dagbag.py:588} INFO - Filling up the DagBag from /Users/rtewelde/airflow_venv/lib/python3.11/site-packages/airflow/example_dags/example_time_delta_sensor_async.py
[2024-09-22T14:35:06.759+0100] {processor.py:925} INFO - DAG(s) 'example_time_delta_sensor_async' retrieved from /Users/rtewelde/airflow_venv/lib/python3.11/site-packages/airflow/example_dags/example_time_delta_sensor_async.py
[2024-09-22T14:35:06.929+0100] {logging_mixin.py:190} INFO - [2024-09-22T14:35:06.929+0100] {workday.py:41} WARNING - Could not import pandas. Holidays will not be considered.
[2024-09-22T14:35:06.949+0100] {logging_mixin.py:190} INFO - [2024-09-22T14:35:06.949+0100] {dag.py:3239} INFO - Sync 1 DAGs
[2024-09-22T14:35:06.960+0100] {logging_mixin.py:190} INFO - [2024-09-22T14:35:06.960+0100] {dag.py:4180} INFO - Setting next_dagrun for example_time_delta_sensor_async to None, run_after=None
[2024-09-22T14:35:06.981+0100] {processor.py:208} INFO - Processing /Users/rtewelde/airflow_venv/lib/python3.11/site-packages/airflow/example_dags/example_time_delta_sensor_async.py took 0.236 seconds
[2024-09-22T14:38:01.825+0100] {processor.py:186} INFO - Started process (PID=77616) to work on /Users/rtewelde/airflow_venv/lib/python3.11/site-packages/airflow/example_dags/example_time_delta_sensor_async.py
[2024-09-22T14:38:01.828+0100] {processor.py:914} INFO - Processing file /Users/rtewelde/airflow_venv/lib/python3.11/site-packages/airflow/example_dags/example_time_delta_sensor_async.py for tasks to queue
[2024-09-22T14:38:01.830+0100] {logging_mixin.py:190} INFO - [2024-09-22T14:38:01.829+0100] {dagbag.py:588} INFO - Filling up the DagBag from /Users/rtewelde/airflow_venv/lib/python3.11/site-packages/airflow/example_dags/example_time_delta_sensor_async.py
[2024-09-22T14:38:01.840+0100] {processor.py:925} INFO - DAG(s) 'example_time_delta_sensor_async' retrieved from /Users/rtewelde/airflow_venv/lib/python3.11/site-packages/airflow/example_dags/example_time_delta_sensor_async.py
[2024-09-22T14:38:02.116+0100] {logging_mixin.py:190} INFO - [2024-09-22T14:38:02.116+0100] {workday.py:41} WARNING - Could not import pandas. Holidays will not be considered.
[2024-09-22T14:38:02.173+0100] {logging_mixin.py:190} INFO - [2024-09-22T14:38:02.172+0100] {dag.py:3239} INFO - Sync 1 DAGs
[2024-09-22T14:38:02.196+0100] {logging_mixin.py:190} INFO - [2024-09-22T14:38:02.196+0100] {dag.py:4180} INFO - Setting next_dagrun for example_time_delta_sensor_async to None, run_after=None
[2024-09-22T14:38:02.225+0100] {processor.py:208} INFO - Processing /Users/rtewelde/airflow_venv/lib/python3.11/site-packages/airflow/example_dags/example_time_delta_sensor_async.py took 0.408 seconds
[2024-09-22T14:40:38.227+0100] {processor.py:186} INFO - Started process (PID=78579) to work on /Users/rtewelde/airflow_venv/lib/python3.11/site-packages/airflow/example_dags/example_time_delta_sensor_async.py
[2024-09-22T14:40:38.229+0100] {processor.py:914} INFO - Processing file /Users/rtewelde/airflow_venv/lib/python3.11/site-packages/airflow/example_dags/example_time_delta_sensor_async.py for tasks to queue
[2024-09-22T14:40:38.230+0100] {logging_mixin.py:190} INFO - [2024-09-22T14:40:38.230+0100] {dagbag.py:588} INFO - Filling up the DagBag from /Users/rtewelde/airflow_venv/lib/python3.11/site-packages/airflow/example_dags/example_time_delta_sensor_async.py
[2024-09-22T14:40:38.237+0100] {processor.py:925} INFO - DAG(s) 'example_time_delta_sensor_async' retrieved from /Users/rtewelde/airflow_venv/lib/python3.11/site-packages/airflow/example_dags/example_time_delta_sensor_async.py
[2024-09-22T14:40:38.425+0100] {logging_mixin.py:190} INFO - [2024-09-22T14:40:38.424+0100] {workday.py:41} WARNING - Could not import pandas. Holidays will not be considered.
[2024-09-22T14:40:38.445+0100] {logging_mixin.py:190} INFO - [2024-09-22T14:40:38.445+0100] {dag.py:3239} INFO - Sync 1 DAGs
[2024-09-22T14:40:38.458+0100] {logging_mixin.py:190} INFO - [2024-09-22T14:40:38.458+0100] {dag.py:4180} INFO - Setting next_dagrun for example_time_delta_sensor_async to None, run_after=None
[2024-09-22T14:40:38.477+0100] {processor.py:208} INFO - Processing /Users/rtewelde/airflow_venv/lib/python3.11/site-packages/airflow/example_dags/example_time_delta_sensor_async.py took 0.253 seconds
[2024-09-22T14:42:53.963+0100] {processor.py:186} INFO - Started process (PID=79320) to work on /Users/rtewelde/airflow_venv/lib/python3.11/site-packages/airflow/example_dags/example_time_delta_sensor_async.py
[2024-09-22T14:42:53.964+0100] {processor.py:914} INFO - Processing file /Users/rtewelde/airflow_venv/lib/python3.11/site-packages/airflow/example_dags/example_time_delta_sensor_async.py for tasks to queue
[2024-09-22T14:42:53.966+0100] {logging_mixin.py:190} INFO - [2024-09-22T14:42:53.965+0100] {dagbag.py:588} INFO - Filling up the DagBag from /Users/rtewelde/airflow_venv/lib/python3.11/site-packages/airflow/example_dags/example_time_delta_sensor_async.py
[2024-09-22T14:42:53.974+0100] {processor.py:925} INFO - DAG(s) 'example_time_delta_sensor_async' retrieved from /Users/rtewelde/airflow_venv/lib/python3.11/site-packages/airflow/example_dags/example_time_delta_sensor_async.py
[2024-09-22T14:42:54.154+0100] {logging_mixin.py:190} INFO - [2024-09-22T14:42:54.154+0100] {workday.py:41} WARNING - Could not import pandas. Holidays will not be considered.
[2024-09-22T14:42:54.173+0100] {logging_mixin.py:190} INFO - [2024-09-22T14:42:54.173+0100] {dag.py:3239} INFO - Sync 1 DAGs
[2024-09-22T14:42:54.184+0100] {logging_mixin.py:190} INFO - [2024-09-22T14:42:54.184+0100] {dag.py:4180} INFO - Setting next_dagrun for example_time_delta_sensor_async to None, run_after=None
[2024-09-22T14:42:54.206+0100] {processor.py:208} INFO - Processing /Users/rtewelde/airflow_venv/lib/python3.11/site-packages/airflow/example_dags/example_time_delta_sensor_async.py took 0.247 seconds
[2024-09-22T14:43:57.950+0100] {processor.py:186} INFO - Started process (PID=79628) to work on /Users/rtewelde/airflow_venv/lib/python3.11/site-packages/airflow/example_dags/example_time_delta_sensor_async.py
[2024-09-22T14:43:57.951+0100] {processor.py:914} INFO - Processing file /Users/rtewelde/airflow_venv/lib/python3.11/site-packages/airflow/example_dags/example_time_delta_sensor_async.py for tasks to queue
[2024-09-22T14:43:57.952+0100] {logging_mixin.py:190} INFO - [2024-09-22T14:43:57.952+0100] {dagbag.py:588} INFO - Filling up the DagBag from /Users/rtewelde/airflow_venv/lib/python3.11/site-packages/airflow/example_dags/example_time_delta_sensor_async.py
[2024-09-22T14:43:57.965+0100] {processor.py:925} INFO - DAG(s) 'example_time_delta_sensor_async' retrieved from /Users/rtewelde/airflow_venv/lib/python3.11/site-packages/airflow/example_dags/example_time_delta_sensor_async.py
[2024-09-22T14:43:58.145+0100] {logging_mixin.py:190} INFO - [2024-09-22T14:43:58.144+0100] {workday.py:41} WARNING - Could not import pandas. Holidays will not be considered.
[2024-09-22T14:43:58.168+0100] {logging_mixin.py:190} INFO - [2024-09-22T14:43:58.167+0100] {dag.py:3239} INFO - Sync 1 DAGs
[2024-09-22T14:43:58.180+0100] {logging_mixin.py:190} INFO - [2024-09-22T14:43:58.179+0100] {dag.py:4180} INFO - Setting next_dagrun for example_time_delta_sensor_async to None, run_after=None
[2024-09-22T14:43:58.202+0100] {processor.py:208} INFO - Processing /Users/rtewelde/airflow_venv/lib/python3.11/site-packages/airflow/example_dags/example_time_delta_sensor_async.py took 0.256 seconds
[2024-09-22T14:46:27.306+0100] {processor.py:186} INFO - Started process (PID=80359) to work on /Users/rtewelde/airflow_venv/lib/python3.11/site-packages/airflow/example_dags/example_time_delta_sensor_async.py
[2024-09-22T14:46:27.307+0100] {processor.py:914} INFO - Processing file /Users/rtewelde/airflow_venv/lib/python3.11/site-packages/airflow/example_dags/example_time_delta_sensor_async.py for tasks to queue
[2024-09-22T14:46:27.308+0100] {logging_mixin.py:190} INFO - [2024-09-22T14:46:27.308+0100] {dagbag.py:588} INFO - Filling up the DagBag from /Users/rtewelde/airflow_venv/lib/python3.11/site-packages/airflow/example_dags/example_time_delta_sensor_async.py
[2024-09-22T14:46:27.323+0100] {processor.py:925} INFO - DAG(s) 'example_time_delta_sensor_async' retrieved from /Users/rtewelde/airflow_venv/lib/python3.11/site-packages/airflow/example_dags/example_time_delta_sensor_async.py
[2024-09-22T14:46:27.634+0100] {logging_mixin.py:190} INFO - [2024-09-22T14:46:27.634+0100] {workday.py:41} WARNING - Could not import pandas. Holidays will not be considered.
[2024-09-22T14:46:27.659+0100] {logging_mixin.py:190} INFO - [2024-09-22T14:46:27.659+0100] {dag.py:3239} INFO - Sync 1 DAGs
[2024-09-22T14:46:27.670+0100] {logging_mixin.py:190} INFO - [2024-09-22T14:46:27.670+0100] {dag.py:4180} INFO - Setting next_dagrun for example_time_delta_sensor_async to None, run_after=None
[2024-09-22T14:46:27.689+0100] {processor.py:208} INFO - Processing /Users/rtewelde/airflow_venv/lib/python3.11/site-packages/airflow/example_dags/example_time_delta_sensor_async.py took 0.389 seconds
[2024-09-22T14:47:13.818+0100] {processor.py:186} INFO - Started process (PID=80579) to work on /Users/rtewelde/airflow_venv/lib/python3.11/site-packages/airflow/example_dags/example_time_delta_sensor_async.py
[2024-09-22T14:47:13.820+0100] {processor.py:914} INFO - Processing file /Users/rtewelde/airflow_venv/lib/python3.11/site-packages/airflow/example_dags/example_time_delta_sensor_async.py for tasks to queue
[2024-09-22T14:47:13.823+0100] {logging_mixin.py:190} INFO - [2024-09-22T14:47:13.823+0100] {dagbag.py:588} INFO - Filling up the DagBag from /Users/rtewelde/airflow_venv/lib/python3.11/site-packages/airflow/example_dags/example_time_delta_sensor_async.py
[2024-09-22T14:47:13.835+0100] {processor.py:925} INFO - DAG(s) 'example_time_delta_sensor_async' retrieved from /Users/rtewelde/airflow_venv/lib/python3.11/site-packages/airflow/example_dags/example_time_delta_sensor_async.py
[2024-09-22T14:47:14.162+0100] {logging_mixin.py:190} INFO - [2024-09-22T14:47:14.162+0100] {workday.py:41} WARNING - Could not import pandas. Holidays will not be considered.
[2024-09-22T14:47:14.201+0100] {logging_mixin.py:190} INFO - [2024-09-22T14:47:14.201+0100] {dag.py:3239} INFO - Sync 1 DAGs
[2024-09-22T14:47:14.223+0100] {logging_mixin.py:190} INFO - [2024-09-22T14:47:14.222+0100] {dag.py:4180} INFO - Setting next_dagrun for example_time_delta_sensor_async to None, run_after=None
[2024-09-22T14:47:14.250+0100] {processor.py:208} INFO - Processing /Users/rtewelde/airflow_venv/lib/python3.11/site-packages/airflow/example_dags/example_time_delta_sensor_async.py took 0.436 seconds
[2024-09-22T14:50:21.713+0100] {processor.py:186} INFO - Started process (PID=81531) to work on /Users/rtewelde/airflow_venv/lib/python3.11/site-packages/airflow/example_dags/example_time_delta_sensor_async.py
[2024-09-22T14:50:21.727+0100] {processor.py:914} INFO - Processing file /Users/rtewelde/airflow_venv/lib/python3.11/site-packages/airflow/example_dags/example_time_delta_sensor_async.py for tasks to queue
[2024-09-22T14:50:21.739+0100] {logging_mixin.py:190} INFO - [2024-09-22T14:50:21.736+0100] {dagbag.py:588} INFO - Filling up the DagBag from /Users/rtewelde/airflow_venv/lib/python3.11/site-packages/airflow/example_dags/example_time_delta_sensor_async.py
[2024-09-22T14:50:21.977+0100] {processor.py:925} INFO - DAG(s) 'example_time_delta_sensor_async' retrieved from /Users/rtewelde/airflow_venv/lib/python3.11/site-packages/airflow/example_dags/example_time_delta_sensor_async.py
[2024-09-22T14:50:23.555+0100] {logging_mixin.py:190} INFO - [2024-09-22T14:50:23.555+0100] {workday.py:41} WARNING - Could not import pandas. Holidays will not be considered.
[2024-09-22T14:50:23.605+0100] {logging_mixin.py:190} INFO - [2024-09-22T14:50:23.604+0100] {dag.py:3239} INFO - Sync 1 DAGs
[2024-09-22T14:50:23.634+0100] {logging_mixin.py:190} INFO - [2024-09-22T14:50:23.634+0100] {dag.py:4180} INFO - Setting next_dagrun for example_time_delta_sensor_async to None, run_after=None
[2024-09-22T14:50:23.675+0100] {processor.py:208} INFO - Processing /Users/rtewelde/airflow_venv/lib/python3.11/site-packages/airflow/example_dags/example_time_delta_sensor_async.py took 2.137 seconds
