[2024-09-22T13:35:21.322+0100] {processor.py:157} INFO - Started process (PID=56094) to work on /Users/rtewelde/airflow_venv/lib/python3.11/site-packages/airflow/example_dags/example_task_group_decorator.py
[2024-09-22T13:35:21.325+0100] {processor.py:829} INFO - Processing file /Users/rtewelde/airflow_venv/lib/python3.11/site-packages/airflow/example_dags/example_task_group_decorator.py for tasks to queue
[2024-09-22T13:35:21.326+0100] {logging_mixin.py:151} INFO - [2024-09-22T13:35:21.326+0100] {dagbag.py:539} INFO - Filling up the DagBag from /Users/rtewelde/airflow_venv/lib/python3.11/site-packages/airflow/example_dags/example_task_group_decorator.py
[2024-09-22T13:35:21.409+0100] {processor.py:839} INFO - DAG(s) dict_keys(['example_task_group_decorator']) retrieved from /Users/rtewelde/airflow_venv/lib/python3.11/site-packages/airflow/example_dags/example_task_group_decorator.py
[2024-09-22T13:35:21.566+0100] {logging_mixin.py:151} INFO - [2024-09-22T13:35:21.565+0100] {dag.py:2907} INFO - Sync 1 DAGs
[2024-09-22T13:35:21.580+0100] {logging_mixin.py:151} INFO - [2024-09-22T13:35:21.580+0100] {dag.py:3677} INFO - Setting next_dagrun for example_task_group_decorator to 2024-09-21T12:35:21.579963+00:00, run_after=2024-09-22T12:35:21.579963+00:00
[2024-09-22T13:35:21.600+0100] {processor.py:179} INFO - Processing /Users/rtewelde/airflow_venv/lib/python3.11/site-packages/airflow/example_dags/example_task_group_decorator.py took 0.279 seconds
[2024-09-22T13:37:03.007+0100] {processor.py:157} INFO - Started process (PID=56735) to work on /Users/rtewelde/airflow_venv/lib/python3.11/site-packages/airflow/example_dags/example_task_group_decorator.py
[2024-09-22T13:37:03.011+0100] {processor.py:829} INFO - Processing file /Users/rtewelde/airflow_venv/lib/python3.11/site-packages/airflow/example_dags/example_task_group_decorator.py for tasks to queue
[2024-09-22T13:37:03.011+0100] {logging_mixin.py:151} INFO - [2024-09-22T13:37:03.011+0100] {dagbag.py:539} INFO - Filling up the DagBag from /Users/rtewelde/airflow_venv/lib/python3.11/site-packages/airflow/example_dags/example_task_group_decorator.py
[2024-09-22T13:37:03.101+0100] {processor.py:839} INFO - DAG(s) dict_keys(['example_task_group_decorator']) retrieved from /Users/rtewelde/airflow_venv/lib/python3.11/site-packages/airflow/example_dags/example_task_group_decorator.py
[2024-09-22T13:37:03.253+0100] {logging_mixin.py:151} INFO - [2024-09-22T13:37:03.253+0100] {dag.py:2907} INFO - Sync 1 DAGs
[2024-09-22T13:37:03.267+0100] {logging_mixin.py:151} INFO - [2024-09-22T13:37:03.266+0100] {dag.py:3677} INFO - Setting next_dagrun for example_task_group_decorator to 2024-09-21T12:37:03.266673+00:00, run_after=2024-09-22T12:37:03.266673+00:00
[2024-09-22T13:37:03.286+0100] {processor.py:179} INFO - Processing /Users/rtewelde/airflow_venv/lib/python3.11/site-packages/airflow/example_dags/example_task_group_decorator.py took 0.280 seconds
[2024-09-22T13:38:15.245+0100] {processor.py:157} INFO - Started process (PID=57146) to work on /Users/rtewelde/airflow_venv/lib/python3.11/site-packages/airflow/example_dags/example_task_group_decorator.py
[2024-09-22T13:38:15.249+0100] {processor.py:829} INFO - Processing file /Users/rtewelde/airflow_venv/lib/python3.11/site-packages/airflow/example_dags/example_task_group_decorator.py for tasks to queue
[2024-09-22T13:38:15.250+0100] {logging_mixin.py:151} INFO - [2024-09-22T13:38:15.249+0100] {dagbag.py:539} INFO - Filling up the DagBag from /Users/rtewelde/airflow_venv/lib/python3.11/site-packages/airflow/example_dags/example_task_group_decorator.py
[2024-09-22T13:38:15.332+0100] {processor.py:839} INFO - DAG(s) dict_keys(['example_task_group_decorator']) retrieved from /Users/rtewelde/airflow_venv/lib/python3.11/site-packages/airflow/example_dags/example_task_group_decorator.py
[2024-09-22T13:38:15.504+0100] {logging_mixin.py:151} INFO - [2024-09-22T13:38:15.503+0100] {dag.py:2907} INFO - Sync 1 DAGs
[2024-09-22T13:38:15.520+0100] {logging_mixin.py:151} INFO - [2024-09-22T13:38:15.520+0100] {dag.py:3677} INFO - Setting next_dagrun for example_task_group_decorator to 2024-09-21T12:38:15.519878+00:00, run_after=2024-09-22T12:38:15.519878+00:00
[2024-09-22T13:38:15.541+0100] {processor.py:179} INFO - Processing /Users/rtewelde/airflow_venv/lib/python3.11/site-packages/airflow/example_dags/example_task_group_decorator.py took 0.297 seconds
[2024-09-22T13:39:40.408+0100] {processor.py:157} INFO - Started process (PID=57928) to work on /Users/rtewelde/airflow_venv/lib/python3.11/site-packages/airflow/example_dags/example_task_group_decorator.py
[2024-09-22T13:39:40.411+0100] {processor.py:829} INFO - Processing file /Users/rtewelde/airflow_venv/lib/python3.11/site-packages/airflow/example_dags/example_task_group_decorator.py for tasks to queue
[2024-09-22T13:39:40.412+0100] {logging_mixin.py:151} INFO - [2024-09-22T13:39:40.411+0100] {dagbag.py:539} INFO - Filling up the DagBag from /Users/rtewelde/airflow_venv/lib/python3.11/site-packages/airflow/example_dags/example_task_group_decorator.py
[2024-09-22T13:39:40.499+0100] {processor.py:839} INFO - DAG(s) dict_keys(['example_task_group_decorator']) retrieved from /Users/rtewelde/airflow_venv/lib/python3.11/site-packages/airflow/example_dags/example_task_group_decorator.py
[2024-09-22T13:39:40.666+0100] {logging_mixin.py:151} INFO - [2024-09-22T13:39:40.666+0100] {dag.py:2907} INFO - Sync 1 DAGs
[2024-09-22T13:39:40.680+0100] {logging_mixin.py:151} INFO - [2024-09-22T13:39:40.680+0100] {dag.py:3677} INFO - Setting next_dagrun for example_task_group_decorator to 2024-09-21T12:39:40.680142+00:00, run_after=2024-09-22T12:39:40.680142+00:00
[2024-09-22T13:39:40.697+0100] {processor.py:179} INFO - Processing /Users/rtewelde/airflow_venv/lib/python3.11/site-packages/airflow/example_dags/example_task_group_decorator.py took 0.291 seconds
[2024-09-22T13:41:12.145+0100] {processor.py:157} INFO - Started process (PID=58402) to work on /Users/rtewelde/airflow_venv/lib/python3.11/site-packages/airflow/example_dags/example_task_group_decorator.py
[2024-09-22T13:41:12.149+0100] {processor.py:829} INFO - Processing file /Users/rtewelde/airflow_venv/lib/python3.11/site-packages/airflow/example_dags/example_task_group_decorator.py for tasks to queue
[2024-09-22T13:41:12.150+0100] {logging_mixin.py:151} INFO - [2024-09-22T13:41:12.150+0100] {dagbag.py:539} INFO - Filling up the DagBag from /Users/rtewelde/airflow_venv/lib/python3.11/site-packages/airflow/example_dags/example_task_group_decorator.py
[2024-09-22T13:41:12.231+0100] {processor.py:839} INFO - DAG(s) dict_keys(['example_task_group_decorator']) retrieved from /Users/rtewelde/airflow_venv/lib/python3.11/site-packages/airflow/example_dags/example_task_group_decorator.py
[2024-09-22T13:41:12.380+0100] {logging_mixin.py:151} INFO - [2024-09-22T13:41:12.380+0100] {dag.py:2907} INFO - Sync 1 DAGs
[2024-09-22T13:41:12.394+0100] {logging_mixin.py:151} INFO - [2024-09-22T13:41:12.394+0100] {dag.py:3677} INFO - Setting next_dagrun for example_task_group_decorator to 2024-09-21T12:41:12.393886+00:00, run_after=2024-09-22T12:41:12.393886+00:00
[2024-09-22T13:41:12.414+0100] {processor.py:179} INFO - Processing /Users/rtewelde/airflow_venv/lib/python3.11/site-packages/airflow/example_dags/example_task_group_decorator.py took 0.270 seconds
[2024-09-22T13:42:28.400+0100] {processor.py:157} INFO - Started process (PID=58902) to work on /Users/rtewelde/airflow_venv/lib/python3.11/site-packages/airflow/example_dags/example_task_group_decorator.py
[2024-09-22T13:42:28.404+0100] {processor.py:829} INFO - Processing file /Users/rtewelde/airflow_venv/lib/python3.11/site-packages/airflow/example_dags/example_task_group_decorator.py for tasks to queue
[2024-09-22T13:42:28.404+0100] {logging_mixin.py:151} INFO - [2024-09-22T13:42:28.404+0100] {dagbag.py:539} INFO - Filling up the DagBag from /Users/rtewelde/airflow_venv/lib/python3.11/site-packages/airflow/example_dags/example_task_group_decorator.py
[2024-09-22T13:42:28.492+0100] {processor.py:839} INFO - DAG(s) dict_keys(['example_task_group_decorator']) retrieved from /Users/rtewelde/airflow_venv/lib/python3.11/site-packages/airflow/example_dags/example_task_group_decorator.py
[2024-09-22T13:42:28.649+0100] {logging_mixin.py:151} INFO - [2024-09-22T13:42:28.649+0100] {dag.py:2907} INFO - Sync 1 DAGs
[2024-09-22T13:42:28.663+0100] {logging_mixin.py:151} INFO - [2024-09-22T13:42:28.663+0100] {dag.py:3677} INFO - Setting next_dagrun for example_task_group_decorator to 2024-09-21T12:42:28.663567+00:00, run_after=2024-09-22T12:42:28.663567+00:00
[2024-09-22T13:42:28.683+0100] {processor.py:179} INFO - Processing /Users/rtewelde/airflow_venv/lib/python3.11/site-packages/airflow/example_dags/example_task_group_decorator.py took 0.283 seconds
[2024-09-22T14:20:04.734+0100] {processor.py:186} INFO - Started process (PID=72254) to work on /Users/rtewelde/airflow_venv/lib/python3.11/site-packages/airflow/example_dags/example_task_group_decorator.py
[2024-09-22T14:20:04.736+0100] {processor.py:914} INFO - Processing file /Users/rtewelde/airflow_venv/lib/python3.11/site-packages/airflow/example_dags/example_task_group_decorator.py for tasks to queue
[2024-09-22T14:20:04.737+0100] {logging_mixin.py:190} INFO - [2024-09-22T14:20:04.737+0100] {dagbag.py:588} INFO - Filling up the DagBag from /Users/rtewelde/airflow_venv/lib/python3.11/site-packages/airflow/example_dags/example_task_group_decorator.py
[2024-09-22T14:20:04.776+0100] {processor.py:925} INFO - DAG(s) 'example_task_group_decorator' retrieved from /Users/rtewelde/airflow_venv/lib/python3.11/site-packages/airflow/example_dags/example_task_group_decorator.py
[2024-09-22T14:20:05.031+0100] {logging_mixin.py:190} INFO - [2024-09-22T14:20:05.030+0100] {dag.py:3239} INFO - Sync 1 DAGs
[2024-09-22T14:20:05.039+0100] {logging_mixin.py:190} INFO - [2024-09-22T14:20:05.039+0100] {dag.py:4180} INFO - Setting next_dagrun for example_task_group_decorator to None, run_after=None
[2024-09-22T14:20:05.059+0100] {processor.py:208} INFO - Processing /Users/rtewelde/airflow_venv/lib/python3.11/site-packages/airflow/example_dags/example_task_group_decorator.py took 0.328 seconds
[2024-09-22T14:23:04.199+0100] {processor.py:186} INFO - Started process (PID=73268) to work on /Users/rtewelde/airflow_venv/lib/python3.11/site-packages/airflow/example_dags/example_task_group_decorator.py
[2024-09-22T14:23:04.200+0100] {processor.py:914} INFO - Processing file /Users/rtewelde/airflow_venv/lib/python3.11/site-packages/airflow/example_dags/example_task_group_decorator.py for tasks to queue
[2024-09-22T14:23:04.201+0100] {logging_mixin.py:190} INFO - [2024-09-22T14:23:04.200+0100] {dagbag.py:588} INFO - Filling up the DagBag from /Users/rtewelde/airflow_venv/lib/python3.11/site-packages/airflow/example_dags/example_task_group_decorator.py
[2024-09-22T14:23:04.245+0100] {processor.py:925} INFO - DAG(s) 'example_task_group_decorator' retrieved from /Users/rtewelde/airflow_venv/lib/python3.11/site-packages/airflow/example_dags/example_task_group_decorator.py
[2024-09-22T14:23:04.414+0100] {logging_mixin.py:190} INFO - [2024-09-22T14:23:04.413+0100] {dag.py:3239} INFO - Sync 1 DAGs
[2024-09-22T14:23:04.424+0100] {logging_mixin.py:190} INFO - [2024-09-22T14:23:04.424+0100] {dag.py:4180} INFO - Setting next_dagrun for example_task_group_decorator to None, run_after=None
[2024-09-22T14:23:04.441+0100] {processor.py:208} INFO - Processing /Users/rtewelde/airflow_venv/lib/python3.11/site-packages/airflow/example_dags/example_task_group_decorator.py took 0.245 seconds
[2024-09-22T14:25:29.311+0100] {processor.py:186} INFO - Started process (PID=73993) to work on /Users/rtewelde/airflow_venv/lib/python3.11/site-packages/airflow/example_dags/example_task_group_decorator.py
[2024-09-22T14:25:29.312+0100] {processor.py:914} INFO - Processing file /Users/rtewelde/airflow_venv/lib/python3.11/site-packages/airflow/example_dags/example_task_group_decorator.py for tasks to queue
[2024-09-22T14:25:29.312+0100] {logging_mixin.py:190} INFO - [2024-09-22T14:25:29.312+0100] {dagbag.py:588} INFO - Filling up the DagBag from /Users/rtewelde/airflow_venv/lib/python3.11/site-packages/airflow/example_dags/example_task_group_decorator.py
[2024-09-22T14:25:29.368+0100] {processor.py:925} INFO - DAG(s) 'example_task_group_decorator' retrieved from /Users/rtewelde/airflow_venv/lib/python3.11/site-packages/airflow/example_dags/example_task_group_decorator.py
[2024-09-22T14:25:29.572+0100] {logging_mixin.py:190} INFO - [2024-09-22T14:25:29.571+0100] {dag.py:3239} INFO - Sync 1 DAGs
[2024-09-22T14:25:29.585+0100] {logging_mixin.py:190} INFO - [2024-09-22T14:25:29.584+0100] {dag.py:4180} INFO - Setting next_dagrun for example_task_group_decorator to None, run_after=None
[2024-09-22T14:25:29.603+0100] {processor.py:208} INFO - Processing /Users/rtewelde/airflow_venv/lib/python3.11/site-packages/airflow/example_dags/example_task_group_decorator.py took 0.295 seconds
[2024-09-22T14:27:51.517+0100] {processor.py:186} INFO - Started process (PID=74711) to work on /Users/rtewelde/airflow_venv/lib/python3.11/site-packages/airflow/example_dags/example_task_group_decorator.py
[2024-09-22T14:27:51.518+0100] {processor.py:914} INFO - Processing file /Users/rtewelde/airflow_venv/lib/python3.11/site-packages/airflow/example_dags/example_task_group_decorator.py for tasks to queue
[2024-09-22T14:27:51.519+0100] {logging_mixin.py:190} INFO - [2024-09-22T14:27:51.519+0100] {dagbag.py:588} INFO - Filling up the DagBag from /Users/rtewelde/airflow_venv/lib/python3.11/site-packages/airflow/example_dags/example_task_group_decorator.py
[2024-09-22T14:27:51.562+0100] {processor.py:925} INFO - DAG(s) 'example_task_group_decorator' retrieved from /Users/rtewelde/airflow_venv/lib/python3.11/site-packages/airflow/example_dags/example_task_group_decorator.py
[2024-09-22T14:27:51.734+0100] {logging_mixin.py:190} INFO - [2024-09-22T14:27:51.734+0100] {dag.py:3239} INFO - Sync 1 DAGs
[2024-09-22T14:27:51.747+0100] {logging_mixin.py:190} INFO - [2024-09-22T14:27:51.746+0100] {dag.py:4180} INFO - Setting next_dagrun for example_task_group_decorator to None, run_after=None
[2024-09-22T14:27:51.765+0100] {processor.py:208} INFO - Processing /Users/rtewelde/airflow_venv/lib/python3.11/site-packages/airflow/example_dags/example_task_group_decorator.py took 0.251 seconds
[2024-09-22T14:30:11.161+0100] {processor.py:186} INFO - Started process (PID=75399) to work on /Users/rtewelde/airflow_venv/lib/python3.11/site-packages/airflow/example_dags/example_task_group_decorator.py
[2024-09-22T14:30:11.162+0100] {processor.py:914} INFO - Processing file /Users/rtewelde/airflow_venv/lib/python3.11/site-packages/airflow/example_dags/example_task_group_decorator.py for tasks to queue
[2024-09-22T14:30:11.163+0100] {logging_mixin.py:190} INFO - [2024-09-22T14:30:11.163+0100] {dagbag.py:588} INFO - Filling up the DagBag from /Users/rtewelde/airflow_venv/lib/python3.11/site-packages/airflow/example_dags/example_task_group_decorator.py
[2024-09-22T14:30:11.206+0100] {processor.py:925} INFO - DAG(s) 'example_task_group_decorator' retrieved from /Users/rtewelde/airflow_venv/lib/python3.11/site-packages/airflow/example_dags/example_task_group_decorator.py
[2024-09-22T14:30:11.363+0100] {logging_mixin.py:190} INFO - [2024-09-22T14:30:11.362+0100] {dag.py:3239} INFO - Sync 1 DAGs
[2024-09-22T14:30:11.373+0100] {logging_mixin.py:190} INFO - [2024-09-22T14:30:11.373+0100] {dag.py:4180} INFO - Setting next_dagrun for example_task_group_decorator to None, run_after=None
[2024-09-22T14:30:11.392+0100] {processor.py:208} INFO - Processing /Users/rtewelde/airflow_venv/lib/python3.11/site-packages/airflow/example_dags/example_task_group_decorator.py took 0.233 seconds
[2024-09-22T14:32:28.750+0100] {processor.py:186} INFO - Started process (PID=76041) to work on /Users/rtewelde/airflow_venv/lib/python3.11/site-packages/airflow/example_dags/example_task_group_decorator.py
[2024-09-22T14:32:28.751+0100] {processor.py:914} INFO - Processing file /Users/rtewelde/airflow_venv/lib/python3.11/site-packages/airflow/example_dags/example_task_group_decorator.py for tasks to queue
[2024-09-22T14:32:28.752+0100] {logging_mixin.py:190} INFO - [2024-09-22T14:32:28.752+0100] {dagbag.py:588} INFO - Filling up the DagBag from /Users/rtewelde/airflow_venv/lib/python3.11/site-packages/airflow/example_dags/example_task_group_decorator.py
[2024-09-22T14:32:28.792+0100] {processor.py:925} INFO - DAG(s) 'example_task_group_decorator' retrieved from /Users/rtewelde/airflow_venv/lib/python3.11/site-packages/airflow/example_dags/example_task_group_decorator.py
[2024-09-22T14:32:28.945+0100] {logging_mixin.py:190} INFO - [2024-09-22T14:32:28.945+0100] {dag.py:3239} INFO - Sync 1 DAGs
[2024-09-22T14:32:28.956+0100] {logging_mixin.py:190} INFO - [2024-09-22T14:32:28.956+0100] {dag.py:4180} INFO - Setting next_dagrun for example_task_group_decorator to None, run_after=None
[2024-09-22T14:32:28.972+0100] {processor.py:208} INFO - Processing /Users/rtewelde/airflow_venv/lib/python3.11/site-packages/airflow/example_dags/example_task_group_decorator.py took 0.224 seconds
[2024-09-22T14:35:10.156+0100] {processor.py:186} INFO - Started process (PID=76817) to work on /Users/rtewelde/airflow_venv/lib/python3.11/site-packages/airflow/example_dags/example_task_group_decorator.py
[2024-09-22T14:35:10.158+0100] {processor.py:914} INFO - Processing file /Users/rtewelde/airflow_venv/lib/python3.11/site-packages/airflow/example_dags/example_task_group_decorator.py for tasks to queue
[2024-09-22T14:35:10.159+0100] {logging_mixin.py:190} INFO - [2024-09-22T14:35:10.158+0100] {dagbag.py:588} INFO - Filling up the DagBag from /Users/rtewelde/airflow_venv/lib/python3.11/site-packages/airflow/example_dags/example_task_group_decorator.py
[2024-09-22T14:35:10.210+0100] {processor.py:925} INFO - DAG(s) 'example_task_group_decorator' retrieved from /Users/rtewelde/airflow_venv/lib/python3.11/site-packages/airflow/example_dags/example_task_group_decorator.py
[2024-09-22T14:35:10.470+0100] {logging_mixin.py:190} INFO - [2024-09-22T14:35:10.469+0100] {dag.py:3239} INFO - Sync 1 DAGs
[2024-09-22T14:35:10.482+0100] {logging_mixin.py:190} INFO - [2024-09-22T14:35:10.481+0100] {dag.py:4180} INFO - Setting next_dagrun for example_task_group_decorator to None, run_after=None
[2024-09-22T14:35:10.501+0100] {processor.py:208} INFO - Processing /Users/rtewelde/airflow_venv/lib/python3.11/site-packages/airflow/example_dags/example_task_group_decorator.py took 0.349 seconds
[2024-09-22T14:38:06.102+0100] {processor.py:186} INFO - Started process (PID=77636) to work on /Users/rtewelde/airflow_venv/lib/python3.11/site-packages/airflow/example_dags/example_task_group_decorator.py
[2024-09-22T14:38:06.104+0100] {processor.py:914} INFO - Processing file /Users/rtewelde/airflow_venv/lib/python3.11/site-packages/airflow/example_dags/example_task_group_decorator.py for tasks to queue
[2024-09-22T14:38:06.107+0100] {logging_mixin.py:190} INFO - [2024-09-22T14:38:06.106+0100] {dagbag.py:588} INFO - Filling up the DagBag from /Users/rtewelde/airflow_venv/lib/python3.11/site-packages/airflow/example_dags/example_task_group_decorator.py
[2024-09-22T14:38:06.194+0100] {processor.py:925} INFO - DAG(s) 'example_task_group_decorator' retrieved from /Users/rtewelde/airflow_venv/lib/python3.11/site-packages/airflow/example_dags/example_task_group_decorator.py
[2024-09-22T14:38:06.481+0100] {logging_mixin.py:190} INFO - [2024-09-22T14:38:06.481+0100] {dag.py:3239} INFO - Sync 1 DAGs
[2024-09-22T14:38:06.503+0100] {logging_mixin.py:190} INFO - [2024-09-22T14:38:06.502+0100] {dag.py:4180} INFO - Setting next_dagrun for example_task_group_decorator to None, run_after=None
[2024-09-22T14:38:06.540+0100] {processor.py:208} INFO - Processing /Users/rtewelde/airflow_venv/lib/python3.11/site-packages/airflow/example_dags/example_task_group_decorator.py took 0.452 seconds
[2024-09-22T14:40:42.113+0100] {processor.py:186} INFO - Started process (PID=78598) to work on /Users/rtewelde/airflow_venv/lib/python3.11/site-packages/airflow/example_dags/example_task_group_decorator.py
[2024-09-22T14:40:42.114+0100] {processor.py:914} INFO - Processing file /Users/rtewelde/airflow_venv/lib/python3.11/site-packages/airflow/example_dags/example_task_group_decorator.py for tasks to queue
[2024-09-22T14:40:42.115+0100] {logging_mixin.py:190} INFO - [2024-09-22T14:40:42.115+0100] {dagbag.py:588} INFO - Filling up the DagBag from /Users/rtewelde/airflow_venv/lib/python3.11/site-packages/airflow/example_dags/example_task_group_decorator.py
[2024-09-22T14:40:42.178+0100] {processor.py:925} INFO - DAG(s) 'example_task_group_decorator' retrieved from /Users/rtewelde/airflow_venv/lib/python3.11/site-packages/airflow/example_dags/example_task_group_decorator.py
[2024-09-22T14:40:42.355+0100] {logging_mixin.py:190} INFO - [2024-09-22T14:40:42.355+0100] {dag.py:3239} INFO - Sync 1 DAGs
[2024-09-22T14:40:42.368+0100] {logging_mixin.py:190} INFO - [2024-09-22T14:40:42.367+0100] {dag.py:4180} INFO - Setting next_dagrun for example_task_group_decorator to None, run_after=None
[2024-09-22T14:40:42.388+0100] {processor.py:208} INFO - Processing /Users/rtewelde/airflow_venv/lib/python3.11/site-packages/airflow/example_dags/example_task_group_decorator.py took 0.278 seconds
[2024-09-22T14:42:57.298+0100] {processor.py:186} INFO - Started process (PID=79333) to work on /Users/rtewelde/airflow_venv/lib/python3.11/site-packages/airflow/example_dags/example_task_group_decorator.py
[2024-09-22T14:42:57.300+0100] {processor.py:914} INFO - Processing file /Users/rtewelde/airflow_venv/lib/python3.11/site-packages/airflow/example_dags/example_task_group_decorator.py for tasks to queue
[2024-09-22T14:42:57.301+0100] {logging_mixin.py:190} INFO - [2024-09-22T14:42:57.301+0100] {dagbag.py:588} INFO - Filling up the DagBag from /Users/rtewelde/airflow_venv/lib/python3.11/site-packages/airflow/example_dags/example_task_group_decorator.py
[2024-09-22T14:42:57.353+0100] {processor.py:925} INFO - DAG(s) 'example_task_group_decorator' retrieved from /Users/rtewelde/airflow_venv/lib/python3.11/site-packages/airflow/example_dags/example_task_group_decorator.py
[2024-09-22T14:42:57.577+0100] {logging_mixin.py:190} INFO - [2024-09-22T14:42:57.576+0100] {dag.py:3239} INFO - Sync 1 DAGs
[2024-09-22T14:42:57.589+0100] {logging_mixin.py:190} INFO - [2024-09-22T14:42:57.589+0100] {dag.py:4180} INFO - Setting next_dagrun for example_task_group_decorator to None, run_after=None
[2024-09-22T14:42:57.611+0100] {processor.py:208} INFO - Processing /Users/rtewelde/airflow_venv/lib/python3.11/site-packages/airflow/example_dags/example_task_group_decorator.py took 0.316 seconds
[2024-09-22T14:44:01.637+0100] {processor.py:186} INFO - Started process (PID=79638) to work on /Users/rtewelde/airflow_venv/lib/python3.11/site-packages/airflow/example_dags/example_task_group_decorator.py
[2024-09-22T14:44:01.639+0100] {processor.py:914} INFO - Processing file /Users/rtewelde/airflow_venv/lib/python3.11/site-packages/airflow/example_dags/example_task_group_decorator.py for tasks to queue
[2024-09-22T14:44:01.641+0100] {logging_mixin.py:190} INFO - [2024-09-22T14:44:01.641+0100] {dagbag.py:588} INFO - Filling up the DagBag from /Users/rtewelde/airflow_venv/lib/python3.11/site-packages/airflow/example_dags/example_task_group_decorator.py
[2024-09-22T14:44:01.722+0100] {processor.py:925} INFO - DAG(s) 'example_task_group_decorator' retrieved from /Users/rtewelde/airflow_venv/lib/python3.11/site-packages/airflow/example_dags/example_task_group_decorator.py
[2024-09-22T14:44:01.971+0100] {logging_mixin.py:190} INFO - [2024-09-22T14:44:01.971+0100] {dag.py:3239} INFO - Sync 1 DAGs
[2024-09-22T14:44:01.983+0100] {logging_mixin.py:190} INFO - [2024-09-22T14:44:01.983+0100] {dag.py:4180} INFO - Setting next_dagrun for example_task_group_decorator to None, run_after=None
[2024-09-22T14:44:02.012+0100] {processor.py:208} INFO - Processing /Users/rtewelde/airflow_venv/lib/python3.11/site-packages/airflow/example_dags/example_task_group_decorator.py took 0.377 seconds
[2024-09-22T14:46:31.039+0100] {processor.py:186} INFO - Started process (PID=80379) to work on /Users/rtewelde/airflow_venv/lib/python3.11/site-packages/airflow/example_dags/example_task_group_decorator.py
[2024-09-22T14:46:31.041+0100] {processor.py:914} INFO - Processing file /Users/rtewelde/airflow_venv/lib/python3.11/site-packages/airflow/example_dags/example_task_group_decorator.py for tasks to queue
[2024-09-22T14:46:31.042+0100] {logging_mixin.py:190} INFO - [2024-09-22T14:46:31.042+0100] {dagbag.py:588} INFO - Filling up the DagBag from /Users/rtewelde/airflow_venv/lib/python3.11/site-packages/airflow/example_dags/example_task_group_decorator.py
[2024-09-22T14:46:31.093+0100] {processor.py:925} INFO - DAG(s) 'example_task_group_decorator' retrieved from /Users/rtewelde/airflow_venv/lib/python3.11/site-packages/airflow/example_dags/example_task_group_decorator.py
[2024-09-22T14:46:31.338+0100] {logging_mixin.py:190} INFO - [2024-09-22T14:46:31.337+0100] {dag.py:3239} INFO - Sync 1 DAGs
[2024-09-22T14:46:31.375+0100] {logging_mixin.py:190} INFO - [2024-09-22T14:46:31.374+0100] {dag.py:4180} INFO - Setting next_dagrun for example_task_group_decorator to None, run_after=None
[2024-09-22T14:46:31.410+0100] {processor.py:208} INFO - Processing /Users/rtewelde/airflow_venv/lib/python3.11/site-packages/airflow/example_dags/example_task_group_decorator.py took 0.374 seconds
[2024-09-22T14:47:18.848+0100] {processor.py:186} INFO - Started process (PID=80610) to work on /Users/rtewelde/airflow_venv/lib/python3.11/site-packages/airflow/example_dags/example_task_group_decorator.py
[2024-09-22T14:47:18.850+0100] {processor.py:914} INFO - Processing file /Users/rtewelde/airflow_venv/lib/python3.11/site-packages/airflow/example_dags/example_task_group_decorator.py for tasks to queue
[2024-09-22T14:47:18.852+0100] {logging_mixin.py:190} INFO - [2024-09-22T14:47:18.851+0100] {dagbag.py:588} INFO - Filling up the DagBag from /Users/rtewelde/airflow_venv/lib/python3.11/site-packages/airflow/example_dags/example_task_group_decorator.py
[2024-09-22T14:47:18.926+0100] {processor.py:925} INFO - DAG(s) 'example_task_group_decorator' retrieved from /Users/rtewelde/airflow_venv/lib/python3.11/site-packages/airflow/example_dags/example_task_group_decorator.py
[2024-09-22T14:47:19.247+0100] {logging_mixin.py:190} INFO - [2024-09-22T14:47:19.246+0100] {dag.py:3239} INFO - Sync 1 DAGs
[2024-09-22T14:47:19.284+0100] {logging_mixin.py:190} INFO - [2024-09-22T14:47:19.283+0100] {dag.py:4180} INFO - Setting next_dagrun for example_task_group_decorator to None, run_after=None
[2024-09-22T14:47:19.328+0100] {processor.py:208} INFO - Processing /Users/rtewelde/airflow_venv/lib/python3.11/site-packages/airflow/example_dags/example_task_group_decorator.py took 0.488 seconds
[2024-09-22T14:50:29.503+0100] {processor.py:186} INFO - Started process (PID=81570) to work on /Users/rtewelde/airflow_venv/lib/python3.11/site-packages/airflow/example_dags/example_task_group_decorator.py
[2024-09-22T14:50:29.504+0100] {processor.py:914} INFO - Processing file /Users/rtewelde/airflow_venv/lib/python3.11/site-packages/airflow/example_dags/example_task_group_decorator.py for tasks to queue
[2024-09-22T14:50:29.505+0100] {logging_mixin.py:190} INFO - [2024-09-22T14:50:29.505+0100] {dagbag.py:588} INFO - Filling up the DagBag from /Users/rtewelde/airflow_venv/lib/python3.11/site-packages/airflow/example_dags/example_task_group_decorator.py
[2024-09-22T14:50:29.568+0100] {processor.py:925} INFO - DAG(s) 'example_task_group_decorator' retrieved from /Users/rtewelde/airflow_venv/lib/python3.11/site-packages/airflow/example_dags/example_task_group_decorator.py
[2024-09-22T14:50:29.787+0100] {logging_mixin.py:190} INFO - [2024-09-22T14:50:29.786+0100] {dag.py:3239} INFO - Sync 1 DAGs
[2024-09-22T14:50:29.807+0100] {logging_mixin.py:190} INFO - [2024-09-22T14:50:29.807+0100] {dag.py:4180} INFO - Setting next_dagrun for example_task_group_decorator to None, run_after=None
[2024-09-22T14:50:29.833+0100] {processor.py:208} INFO - Processing /Users/rtewelde/airflow_venv/lib/python3.11/site-packages/airflow/example_dags/example_task_group_decorator.py took 0.334 seconds
