[2024-09-22T14:21:33.007+0100] {processor.py:186} INFO - Started process (PID=72797) to work on /Users/rtewelde/airflow_venv/lib/python3.11/site-packages/airflow/example_dags/example_dataset_alias.py
[2024-09-22T14:21:33.008+0100] {processor.py:914} INFO - Processing file /Users/rtewelde/airflow_venv/lib/python3.11/site-packages/airflow/example_dags/example_dataset_alias.py for tasks to queue
[2024-09-22T14:21:33.009+0100] {logging_mixin.py:190} INFO - [2024-09-22T14:21:33.009+0100] {dagbag.py:588} INFO - Filling up the DagBag from /Users/rtewelde/airflow_venv/lib/python3.11/site-packages/airflow/example_dags/example_dataset_alias.py
[2024-09-22T14:21:33.309+0100] {processor.py:925} INFO - DAG(s) 'dataset_s3_bucket_producer', 'dataset_s3_bucket_consumer', 'dataset_alias_example_alias_consumer', 'dataset_alias_example_alias_producer' retrieved from /Users/rtewelde/airflow_venv/lib/python3.11/site-packages/airflow/example_dags/example_dataset_alias.py
[2024-09-22T14:21:33.545+0100] {logging_mixin.py:190} INFO - [2024-09-22T14:21:33.544+0100] {dag.py:3239} INFO - Sync 4 DAGs
[2024-09-22T14:21:33.583+0100] {logging_mixin.py:190} INFO - [2024-09-22T14:21:33.583+0100] {dag.py:4180} INFO - Setting next_dagrun for dataset_alias_example_alias_consumer to None, run_after=None
[2024-09-22T14:21:33.587+0100] {logging_mixin.py:190} INFO - [2024-09-22T14:21:33.587+0100] {dag.py:4180} INFO - Setting next_dagrun for dataset_alias_example_alias_producer to None, run_after=None
[2024-09-22T14:21:33.591+0100] {logging_mixin.py:190} INFO - [2024-09-22T14:21:33.590+0100] {dag.py:4180} INFO - Setting next_dagrun for dataset_s3_bucket_consumer to None, run_after=None
[2024-09-22T14:21:33.594+0100] {logging_mixin.py:190} INFO - [2024-09-22T14:21:33.593+0100] {dag.py:4180} INFO - Setting next_dagrun for dataset_s3_bucket_producer to None, run_after=None
[2024-09-22T14:21:33.637+0100] {processor.py:208} INFO - Processing /Users/rtewelde/airflow_venv/lib/python3.11/site-packages/airflow/example_dags/example_dataset_alias.py took 0.633 seconds
[2024-09-22T14:24:30.527+0100] {processor.py:186} INFO - Started process (PID=73718) to work on /Users/rtewelde/airflow_venv/lib/python3.11/site-packages/airflow/example_dags/example_dataset_alias.py
[2024-09-22T14:24:30.528+0100] {processor.py:914} INFO - Processing file /Users/rtewelde/airflow_venv/lib/python3.11/site-packages/airflow/example_dags/example_dataset_alias.py for tasks to queue
[2024-09-22T14:24:30.529+0100] {logging_mixin.py:190} INFO - [2024-09-22T14:24:30.529+0100] {dagbag.py:588} INFO - Filling up the DagBag from /Users/rtewelde/airflow_venv/lib/python3.11/site-packages/airflow/example_dags/example_dataset_alias.py
[2024-09-22T14:24:30.744+0100] {processor.py:925} INFO - DAG(s) 'dataset_alias_example_alias_producer', 'dataset_s3_bucket_consumer', 'dataset_alias_example_alias_consumer', 'dataset_s3_bucket_producer' retrieved from /Users/rtewelde/airflow_venv/lib/python3.11/site-packages/airflow/example_dags/example_dataset_alias.py
[2024-09-22T14:24:30.769+0100] {logging_mixin.py:190} INFO - [2024-09-22T14:24:30.768+0100] {dag.py:3239} INFO - Sync 4 DAGs
[2024-09-22T14:24:30.785+0100] {logging_mixin.py:190} INFO - [2024-09-22T14:24:30.785+0100] {dag.py:4180} INFO - Setting next_dagrun for dataset_alias_example_alias_consumer to None, run_after=None
[2024-09-22T14:24:30.787+0100] {logging_mixin.py:190} INFO - [2024-09-22T14:24:30.787+0100] {dag.py:4180} INFO - Setting next_dagrun for dataset_alias_example_alias_producer to None, run_after=None
[2024-09-22T14:24:30.788+0100] {logging_mixin.py:190} INFO - [2024-09-22T14:24:30.788+0100] {dag.py:4180} INFO - Setting next_dagrun for dataset_s3_bucket_consumer to None, run_after=None
[2024-09-22T14:24:30.789+0100] {logging_mixin.py:190} INFO - [2024-09-22T14:24:30.789+0100] {dag.py:4180} INFO - Setting next_dagrun for dataset_s3_bucket_producer to None, run_after=None
[2024-09-22T14:24:30.808+0100] {processor.py:208} INFO - Processing /Users/rtewelde/airflow_venv/lib/python3.11/site-packages/airflow/example_dags/example_dataset_alias.py took 0.284 seconds
[2024-09-22T14:29:15.100+0100] {processor.py:186} INFO - Started process (PID=75141) to work on /Users/rtewelde/airflow_venv/lib/python3.11/site-packages/airflow/example_dags/example_dataset_alias.py
[2024-09-22T14:29:15.101+0100] {processor.py:914} INFO - Processing file /Users/rtewelde/airflow_venv/lib/python3.11/site-packages/airflow/example_dags/example_dataset_alias.py for tasks to queue
[2024-09-22T14:29:15.102+0100] {logging_mixin.py:190} INFO - [2024-09-22T14:29:15.102+0100] {dagbag.py:588} INFO - Filling up the DagBag from /Users/rtewelde/airflow_venv/lib/python3.11/site-packages/airflow/example_dags/example_dataset_alias.py
[2024-09-22T14:29:15.311+0100] {processor.py:925} INFO - DAG(s) 'dataset_s3_bucket_consumer', 'dataset_s3_bucket_producer', 'dataset_alias_example_alias_producer', 'dataset_alias_example_alias_consumer' retrieved from /Users/rtewelde/airflow_venv/lib/python3.11/site-packages/airflow/example_dags/example_dataset_alias.py
[2024-09-22T14:29:15.335+0100] {logging_mixin.py:190} INFO - [2024-09-22T14:29:15.335+0100] {dag.py:3239} INFO - Sync 4 DAGs
[2024-09-22T14:29:15.352+0100] {logging_mixin.py:190} INFO - [2024-09-22T14:29:15.351+0100] {dag.py:4180} INFO - Setting next_dagrun for dataset_alias_example_alias_consumer to None, run_after=None
[2024-09-22T14:29:15.354+0100] {logging_mixin.py:190} INFO - [2024-09-22T14:29:15.353+0100] {dag.py:4180} INFO - Setting next_dagrun for dataset_alias_example_alias_producer to None, run_after=None
[2024-09-22T14:29:15.354+0100] {logging_mixin.py:190} INFO - [2024-09-22T14:29:15.354+0100] {dag.py:4180} INFO - Setting next_dagrun for dataset_s3_bucket_consumer to None, run_after=None
[2024-09-22T14:29:15.355+0100] {logging_mixin.py:190} INFO - [2024-09-22T14:29:15.355+0100] {dag.py:4180} INFO - Setting next_dagrun for dataset_s3_bucket_producer to None, run_after=None
[2024-09-22T14:29:15.373+0100] {processor.py:208} INFO - Processing /Users/rtewelde/airflow_venv/lib/python3.11/site-packages/airflow/example_dags/example_dataset_alias.py took 0.275 seconds
[2024-09-22T14:34:04.837+0100] {processor.py:186} INFO - Started process (PID=76509) to work on /Users/rtewelde/airflow_venv/lib/python3.11/site-packages/airflow/example_dags/example_dataset_alias.py
[2024-09-22T14:34:04.838+0100] {processor.py:914} INFO - Processing file /Users/rtewelde/airflow_venv/lib/python3.11/site-packages/airflow/example_dags/example_dataset_alias.py for tasks to queue
[2024-09-22T14:34:04.840+0100] {logging_mixin.py:190} INFO - [2024-09-22T14:34:04.839+0100] {dagbag.py:588} INFO - Filling up the DagBag from /Users/rtewelde/airflow_venv/lib/python3.11/site-packages/airflow/example_dags/example_dataset_alias.py
[2024-09-22T14:34:05.091+0100] {processor.py:925} INFO - DAG(s) 'dataset_s3_bucket_consumer', 'dataset_alias_example_alias_consumer', 'dataset_s3_bucket_producer', 'dataset_alias_example_alias_producer' retrieved from /Users/rtewelde/airflow_venv/lib/python3.11/site-packages/airflow/example_dags/example_dataset_alias.py
[2024-09-22T14:34:05.125+0100] {logging_mixin.py:190} INFO - [2024-09-22T14:34:05.125+0100] {dag.py:3239} INFO - Sync 4 DAGs
[2024-09-22T14:34:05.149+0100] {logging_mixin.py:190} INFO - [2024-09-22T14:34:05.148+0100] {dag.py:4180} INFO - Setting next_dagrun for dataset_alias_example_alias_consumer to None, run_after=None
[2024-09-22T14:34:05.151+0100] {logging_mixin.py:190} INFO - [2024-09-22T14:34:05.151+0100] {dag.py:4180} INFO - Setting next_dagrun for dataset_alias_example_alias_producer to None, run_after=None
[2024-09-22T14:34:05.152+0100] {logging_mixin.py:190} INFO - [2024-09-22T14:34:05.152+0100] {dag.py:4180} INFO - Setting next_dagrun for dataset_s3_bucket_consumer to None, run_after=None
[2024-09-22T14:34:05.153+0100] {logging_mixin.py:190} INFO - [2024-09-22T14:34:05.153+0100] {dag.py:4180} INFO - Setting next_dagrun for dataset_s3_bucket_producer to None, run_after=None
[2024-09-22T14:34:05.177+0100] {processor.py:208} INFO - Processing /Users/rtewelde/airflow_venv/lib/python3.11/site-packages/airflow/example_dags/example_dataset_alias.py took 0.343 seconds
[2024-09-22T14:42:17.928+0100] {processor.py:186} INFO - Started process (PID=79143) to work on /Users/rtewelde/airflow_venv/lib/python3.11/site-packages/airflow/example_dags/example_dataset_alias.py
[2024-09-22T14:42:17.929+0100] {processor.py:914} INFO - Processing file /Users/rtewelde/airflow_venv/lib/python3.11/site-packages/airflow/example_dags/example_dataset_alias.py for tasks to queue
[2024-09-22T14:42:17.930+0100] {logging_mixin.py:190} INFO - [2024-09-22T14:42:17.930+0100] {dagbag.py:588} INFO - Filling up the DagBag from /Users/rtewelde/airflow_venv/lib/python3.11/site-packages/airflow/example_dags/example_dataset_alias.py
[2024-09-22T14:42:18.173+0100] {processor.py:925} INFO - DAG(s) 'dataset_s3_bucket_consumer', 'dataset_alias_example_alias_consumer', 'dataset_alias_example_alias_producer', 'dataset_s3_bucket_producer' retrieved from /Users/rtewelde/airflow_venv/lib/python3.11/site-packages/airflow/example_dags/example_dataset_alias.py
[2024-09-22T14:42:18.201+0100] {logging_mixin.py:190} INFO - [2024-09-22T14:42:18.200+0100] {dag.py:3239} INFO - Sync 4 DAGs
[2024-09-22T14:42:18.219+0100] {logging_mixin.py:190} INFO - [2024-09-22T14:42:18.218+0100] {dag.py:4180} INFO - Setting next_dagrun for dataset_alias_example_alias_consumer to None, run_after=None
[2024-09-22T14:42:18.221+0100] {logging_mixin.py:190} INFO - [2024-09-22T14:42:18.221+0100] {dag.py:4180} INFO - Setting next_dagrun for dataset_alias_example_alias_producer to None, run_after=None
[2024-09-22T14:42:18.222+0100] {logging_mixin.py:190} INFO - [2024-09-22T14:42:18.222+0100] {dag.py:4180} INFO - Setting next_dagrun for dataset_s3_bucket_consumer to None, run_after=None
[2024-09-22T14:42:18.224+0100] {logging_mixin.py:190} INFO - [2024-09-22T14:42:18.223+0100] {dag.py:4180} INFO - Setting next_dagrun for dataset_s3_bucket_producer to None, run_after=None
[2024-09-22T14:42:18.247+0100] {processor.py:208} INFO - Processing /Users/rtewelde/airflow_venv/lib/python3.11/site-packages/airflow/example_dags/example_dataset_alias.py took 0.323 seconds
[2024-09-22T14:44:38.577+0100] {processor.py:186} INFO - Started process (PID=79827) to work on /Users/rtewelde/airflow_venv/lib/python3.11/site-packages/airflow/example_dags/example_dataset_alias.py
[2024-09-22T14:44:38.578+0100] {processor.py:914} INFO - Processing file /Users/rtewelde/airflow_venv/lib/python3.11/site-packages/airflow/example_dags/example_dataset_alias.py for tasks to queue
[2024-09-22T14:44:38.579+0100] {logging_mixin.py:190} INFO - [2024-09-22T14:44:38.579+0100] {dagbag.py:588} INFO - Filling up the DagBag from /Users/rtewelde/airflow_venv/lib/python3.11/site-packages/airflow/example_dags/example_dataset_alias.py
[2024-09-22T14:44:38.818+0100] {processor.py:925} INFO - DAG(s) 'dataset_alias_example_alias_consumer', 'dataset_s3_bucket_consumer', 'dataset_s3_bucket_producer', 'dataset_alias_example_alias_producer' retrieved from /Users/rtewelde/airflow_venv/lib/python3.11/site-packages/airflow/example_dags/example_dataset_alias.py
[2024-09-22T14:44:38.846+0100] {logging_mixin.py:190} INFO - [2024-09-22T14:44:38.846+0100] {dag.py:3239} INFO - Sync 4 DAGs
[2024-09-22T14:44:38.865+0100] {logging_mixin.py:190} INFO - [2024-09-22T14:44:38.864+0100] {dag.py:4180} INFO - Setting next_dagrun for dataset_alias_example_alias_consumer to None, run_after=None
[2024-09-22T14:44:38.867+0100] {logging_mixin.py:190} INFO - [2024-09-22T14:44:38.867+0100] {dag.py:4180} INFO - Setting next_dagrun for dataset_alias_example_alias_producer to None, run_after=None
[2024-09-22T14:44:38.868+0100] {logging_mixin.py:190} INFO - [2024-09-22T14:44:38.868+0100] {dag.py:4180} INFO - Setting next_dagrun for dataset_s3_bucket_consumer to None, run_after=None
[2024-09-22T14:44:38.869+0100] {logging_mixin.py:190} INFO - [2024-09-22T14:44:38.869+0100] {dag.py:4180} INFO - Setting next_dagrun for dataset_s3_bucket_producer to None, run_after=None
[2024-09-22T14:44:38.891+0100] {processor.py:208} INFO - Processing /Users/rtewelde/airflow_venv/lib/python3.11/site-packages/airflow/example_dags/example_dataset_alias.py took 0.316 seconds
[2024-09-22T14:45:34.973+0100] {processor.py:186} INFO - Started process (PID=80098) to work on /Users/rtewelde/airflow_venv/lib/python3.11/site-packages/airflow/example_dags/example_dataset_alias.py
[2024-09-22T14:45:34.974+0100] {processor.py:914} INFO - Processing file /Users/rtewelde/airflow_venv/lib/python3.11/site-packages/airflow/example_dags/example_dataset_alias.py for tasks to queue
[2024-09-22T14:45:34.975+0100] {logging_mixin.py:190} INFO - [2024-09-22T14:45:34.975+0100] {dagbag.py:588} INFO - Filling up the DagBag from /Users/rtewelde/airflow_venv/lib/python3.11/site-packages/airflow/example_dags/example_dataset_alias.py
[2024-09-22T14:45:35.285+0100] {processor.py:925} INFO - DAG(s) 'dataset_s3_bucket_consumer', 'dataset_s3_bucket_producer', 'dataset_alias_example_alias_consumer', 'dataset_alias_example_alias_producer' retrieved from /Users/rtewelde/airflow_venv/lib/python3.11/site-packages/airflow/example_dags/example_dataset_alias.py
[2024-09-22T14:45:35.315+0100] {logging_mixin.py:190} INFO - [2024-09-22T14:45:35.315+0100] {dag.py:3239} INFO - Sync 4 DAGs
[2024-09-22T14:45:35.336+0100] {logging_mixin.py:190} INFO - [2024-09-22T14:45:35.336+0100] {dag.py:4180} INFO - Setting next_dagrun for dataset_alias_example_alias_consumer to None, run_after=None
[2024-09-22T14:45:35.339+0100] {logging_mixin.py:190} INFO - [2024-09-22T14:45:35.339+0100] {dag.py:4180} INFO - Setting next_dagrun for dataset_alias_example_alias_producer to None, run_after=None
[2024-09-22T14:45:35.341+0100] {logging_mixin.py:190} INFO - [2024-09-22T14:45:35.341+0100] {dag.py:4180} INFO - Setting next_dagrun for dataset_s3_bucket_consumer to None, run_after=None
[2024-09-22T14:45:35.343+0100] {logging_mixin.py:190} INFO - [2024-09-22T14:45:35.343+0100] {dag.py:4180} INFO - Setting next_dagrun for dataset_s3_bucket_producer to None, run_after=None
[2024-09-22T14:45:35.385+0100] {processor.py:208} INFO - Processing /Users/rtewelde/airflow_venv/lib/python3.11/site-packages/airflow/example_dags/example_dataset_alias.py took 0.418 seconds
[2024-09-22T14:49:03.132+0100] {processor.py:186} INFO - Started process (PID=81140) to work on /Users/rtewelde/airflow_venv/lib/python3.11/site-packages/airflow/example_dags/example_dataset_alias.py
[2024-09-22T14:49:03.133+0100] {processor.py:914} INFO - Processing file /Users/rtewelde/airflow_venv/lib/python3.11/site-packages/airflow/example_dags/example_dataset_alias.py for tasks to queue
[2024-09-22T14:49:03.135+0100] {logging_mixin.py:190} INFO - [2024-09-22T14:49:03.134+0100] {dagbag.py:588} INFO - Filling up the DagBag from /Users/rtewelde/airflow_venv/lib/python3.11/site-packages/airflow/example_dags/example_dataset_alias.py
[2024-09-22T14:49:03.454+0100] {processor.py:925} INFO - DAG(s) 'dataset_alias_example_alias_consumer', 'dataset_s3_bucket_producer', 'dataset_s3_bucket_consumer', 'dataset_alias_example_alias_producer' retrieved from /Users/rtewelde/airflow_venv/lib/python3.11/site-packages/airflow/example_dags/example_dataset_alias.py
[2024-09-22T14:49:03.483+0100] {logging_mixin.py:190} INFO - [2024-09-22T14:49:03.482+0100] {dag.py:3239} INFO - Sync 4 DAGs
[2024-09-22T14:49:03.526+0100] {logging_mixin.py:190} INFO - [2024-09-22T14:49:03.526+0100] {dag.py:4180} INFO - Setting next_dagrun for dataset_alias_example_alias_consumer to None, run_after=None
[2024-09-22T14:49:03.528+0100] {logging_mixin.py:190} INFO - [2024-09-22T14:49:03.528+0100] {dag.py:4180} INFO - Setting next_dagrun for dataset_alias_example_alias_producer to None, run_after=None
[2024-09-22T14:49:03.529+0100] {logging_mixin.py:190} INFO - [2024-09-22T14:49:03.529+0100] {dag.py:4180} INFO - Setting next_dagrun for dataset_s3_bucket_consumer to None, run_after=None
[2024-09-22T14:49:03.530+0100] {logging_mixin.py:190} INFO - [2024-09-22T14:49:03.530+0100] {dag.py:4180} INFO - Setting next_dagrun for dataset_s3_bucket_producer to None, run_after=None
[2024-09-22T14:49:03.553+0100] {processor.py:208} INFO - Processing /Users/rtewelde/airflow_venv/lib/python3.11/site-packages/airflow/example_dags/example_dataset_alias.py took 0.424 seconds
