[2024-09-22T13:35:51.506+0100] {processor.py:157} INFO - Started process (PID=56334) to work on /Users/rtewelde/airflow_venv/lib/python3.11/site-packages/airflow/example_dags/example_params_trigger_ui.py
[2024-09-22T13:35:51.509+0100] {processor.py:829} INFO - Processing file /Users/rtewelde/airflow_venv/lib/python3.11/site-packages/airflow/example_dags/example_params_trigger_ui.py for tasks to queue
[2024-09-22T13:35:51.509+0100] {logging_mixin.py:151} INFO - [2024-09-22T13:35:51.509+0100] {dagbag.py:539} INFO - Filling up the DagBag from /Users/rtewelde/airflow_venv/lib/python3.11/site-packages/airflow/example_dags/example_params_trigger_ui.py
[2024-09-22T13:35:51.630+0100] {processor.py:839} INFO - DAG(s) dict_keys(['example_params_trigger_ui']) retrieved from /Users/rtewelde/airflow_venv/lib/python3.11/site-packages/airflow/example_dags/example_params_trigger_ui.py
[2024-09-22T13:35:51.756+0100] {logging_mixin.py:151} INFO - [2024-09-22T13:35:51.756+0100] {dag.py:2907} INFO - Sync 1 DAGs
[2024-09-22T13:35:51.763+0100] {logging_mixin.py:151} INFO - [2024-09-22T13:35:51.763+0100] {dag.py:3677} INFO - Setting next_dagrun for example_params_trigger_ui to None, run_after=None
[2024-09-22T13:35:51.784+0100] {processor.py:179} INFO - Processing /Users/rtewelde/airflow_venv/lib/python3.11/site-packages/airflow/example_dags/example_params_trigger_ui.py took 0.279 seconds
[2024-09-22T13:37:33.833+0100] {processor.py:157} INFO - Started process (PID=56879) to work on /Users/rtewelde/airflow_venv/lib/python3.11/site-packages/airflow/example_dags/example_params_trigger_ui.py
[2024-09-22T13:37:33.838+0100] {processor.py:829} INFO - Processing file /Users/rtewelde/airflow_venv/lib/python3.11/site-packages/airflow/example_dags/example_params_trigger_ui.py for tasks to queue
[2024-09-22T13:37:33.839+0100] {logging_mixin.py:151} INFO - [2024-09-22T13:37:33.839+0100] {dagbag.py:539} INFO - Filling up the DagBag from /Users/rtewelde/airflow_venv/lib/python3.11/site-packages/airflow/example_dags/example_params_trigger_ui.py
[2024-09-22T13:37:34.131+0100] {processor.py:839} INFO - DAG(s) dict_keys(['example_params_trigger_ui']) retrieved from /Users/rtewelde/airflow_venv/lib/python3.11/site-packages/airflow/example_dags/example_params_trigger_ui.py
[2024-09-22T13:37:34.290+0100] {logging_mixin.py:151} INFO - [2024-09-22T13:37:34.290+0100] {dag.py:2907} INFO - Sync 1 DAGs
[2024-09-22T13:37:34.300+0100] {logging_mixin.py:151} INFO - [2024-09-22T13:37:34.300+0100] {dag.py:3677} INFO - Setting next_dagrun for example_params_trigger_ui to None, run_after=None
[2024-09-22T13:37:34.323+0100] {processor.py:179} INFO - Processing /Users/rtewelde/airflow_venv/lib/python3.11/site-packages/airflow/example_dags/example_params_trigger_ui.py took 0.490 seconds
[2024-09-22T13:40:20.033+0100] {processor.py:157} INFO - Started process (PID=58137) to work on /Users/rtewelde/airflow_venv/lib/python3.11/site-packages/airflow/example_dags/example_params_trigger_ui.py
[2024-09-22T13:40:20.037+0100] {processor.py:829} INFO - Processing file /Users/rtewelde/airflow_venv/lib/python3.11/site-packages/airflow/example_dags/example_params_trigger_ui.py for tasks to queue
[2024-09-22T13:40:20.039+0100] {logging_mixin.py:151} INFO - [2024-09-22T13:40:20.039+0100] {dagbag.py:539} INFO - Filling up the DagBag from /Users/rtewelde/airflow_venv/lib/python3.11/site-packages/airflow/example_dags/example_params_trigger_ui.py
[2024-09-22T13:40:20.178+0100] {processor.py:839} INFO - DAG(s) dict_keys(['example_params_trigger_ui']) retrieved from /Users/rtewelde/airflow_venv/lib/python3.11/site-packages/airflow/example_dags/example_params_trigger_ui.py
[2024-09-22T13:40:20.335+0100] {logging_mixin.py:151} INFO - [2024-09-22T13:40:20.335+0100] {dag.py:2907} INFO - Sync 1 DAGs
[2024-09-22T13:40:20.346+0100] {logging_mixin.py:151} INFO - [2024-09-22T13:40:20.346+0100] {dag.py:3677} INFO - Setting next_dagrun for example_params_trigger_ui to None, run_after=None
[2024-09-22T13:40:20.367+0100] {processor.py:179} INFO - Processing /Users/rtewelde/airflow_venv/lib/python3.11/site-packages/airflow/example_dags/example_params_trigger_ui.py took 0.335 seconds
[2024-09-22T13:43:04.963+0100] {processor.py:186} INFO - Started process (PID=59238) to work on /Users/rtewelde/airflow_venv/lib/python3.11/site-packages/airflow/example_dags/example_params_trigger_ui.py
[2024-09-22T13:43:04.967+0100] {processor.py:914} INFO - Processing file /Users/rtewelde/airflow_venv/lib/python3.11/site-packages/airflow/example_dags/example_params_trigger_ui.py for tasks to queue
[2024-09-22T13:43:04.968+0100] {logging_mixin.py:190} INFO - [2024-09-22T13:43:04.968+0100] {dagbag.py:588} INFO - Filling up the DagBag from /Users/rtewelde/airflow_venv/lib/python3.11/site-packages/airflow/example_dags/example_params_trigger_ui.py
[2024-09-22T13:43:05.008+0100] {processor.py:925} INFO - DAG(s) 'example_params_trigger_ui' retrieved from /Users/rtewelde/airflow_venv/lib/python3.11/site-packages/airflow/example_dags/example_params_trigger_ui.py
[2024-09-22T13:43:05.229+0100] {logging_mixin.py:190} INFO - [2024-09-22T13:43:05.229+0100] {override.py:1900} INFO - Created Permission View: can create on DAG Run:example_params_trigger_ui
[2024-09-22T13:43:05.235+0100] {logging_mixin.py:190} INFO - [2024-09-22T13:43:05.235+0100] {override.py:1900} INFO - Created Permission View: can delete on DAG Run:example_params_trigger_ui
[2024-09-22T13:43:05.243+0100] {logging_mixin.py:190} INFO - [2024-09-22T13:43:05.243+0100] {override.py:1900} INFO - Created Permission View: menu access on DAG Run:example_params_trigger_ui
[2024-09-22T13:43:05.248+0100] {logging_mixin.py:190} INFO - [2024-09-22T13:43:05.248+0100] {override.py:1900} INFO - Created Permission View: can read on DAG Run:example_params_trigger_ui
[2024-09-22T13:43:05.248+0100] {logging_mixin.py:190} INFO - [2024-09-22T13:43:05.248+0100] {dag.py:3239} INFO - Sync 1 DAGs
[2024-09-22T13:43:05.653+0100] {logging_mixin.py:190} INFO - [2024-09-22T13:43:05.653+0100] {dag.py:3239} INFO - Sync 1 DAGs
[2024-09-22T13:43:06.540+0100] {logging_mixin.py:190} INFO - [2024-09-22T13:43:06.540+0100] {dag.py:3239} INFO - Sync 1 DAGs
[2024-09-22T13:43:06.541+0100] {processor.py:211} ERROR - Got an exception! Propagating...
Traceback (most recent call last):
  File "/Users/rtewelde/airflow_venv/lib/python3.11/site-packages/sqlalchemy/engine/base.py", line 1910, in _execute_context
    self.dialect.do_execute(
  File "/Users/rtewelde/airflow_venv/lib/python3.11/site-packages/sqlalchemy/engine/default.py", line 736, in do_execute
    cursor.execute(statement, parameters)
sqlite3.OperationalError: no such table: dag_schedule_dataset_alias_reference

The above exception was the direct cause of the following exception:

Traceback (most recent call last):
  File "/Users/rtewelde/airflow_venv/lib/python3.11/site-packages/airflow/dag_processing/processor.py", line 207, in _run_file_processor
    _handle_dag_file_processing()
  File "/Users/rtewelde/airflow_venv/lib/python3.11/site-packages/airflow/dag_processing/processor.py", line 188, in _handle_dag_file_processing
    result: tuple[int, int, int] = dag_file_processor.process_file(
                                   ^^^^^^^^^^^^^^^^^^^^^^^^^^^^^^^^
  File "/Users/rtewelde/airflow_venv/lib/python3.11/site-packages/airflow/utils/session.py", line 97, in wrapper
    return func(*args, session=session, **kwargs)
           ^^^^^^^^^^^^^^^^^^^^^^^^^^^^^^^^^^^^^^
  File "/Users/rtewelde/airflow_venv/lib/python3.11/site-packages/airflow/dag_processing/processor.py", line 942, in process_file
    serialize_errors = DagFileProcessor.save_dag_to_db(
                       ^^^^^^^^^^^^^^^^^^^^^^^^^^^^^^^^
  File "/Users/rtewelde/airflow_venv/lib/python3.11/site-packages/airflow/api_internal/internal_api_call.py", line 139, in wrapper
    return func(*args, **kwargs)
           ^^^^^^^^^^^^^^^^^^^^^
  File "/Users/rtewelde/airflow_venv/lib/python3.11/site-packages/airflow/utils/session.py", line 97, in wrapper
    return func(*args, session=session, **kwargs)
           ^^^^^^^^^^^^^^^^^^^^^^^^^^^^^^^^^^^^^^
  File "/Users/rtewelde/airflow_venv/lib/python3.11/site-packages/airflow/dag_processing/processor.py", line 982, in save_dag_to_db
    import_errors = DagBag._sync_to_db(dags=dags, processor_subdir=dag_directory, session=session)
                    ^^^^^^^^^^^^^^^^^^^^^^^^^^^^^^^^^^^^^^^^^^^^^^^^^^^^^^^^^^^^^^^^^^^^^^^^^^^^^^
  File "/Users/rtewelde/airflow_venv/lib/python3.11/site-packages/airflow/utils/session.py", line 94, in wrapper
    return func(*args, **kwargs)
           ^^^^^^^^^^^^^^^^^^^^^
  File "/Users/rtewelde/airflow_venv/lib/python3.11/site-packages/airflow/models/dagbag.py", line 708, in _sync_to_db
    for attempt in run_with_db_retries(logger=log):
  File "/Users/rtewelde/airflow_venv/lib/python3.11/site-packages/tenacity/__init__.py", line 347, in __iter__
    do = self.iter(retry_state=retry_state)
         ^^^^^^^^^^^^^^^^^^^^^^^^^^^^^^^^^^
  File "/Users/rtewelde/airflow_venv/lib/python3.11/site-packages/tenacity/__init__.py", line 325, in iter
    raise retry_exc.reraise()
          ^^^^^^^^^^^^^^^^^^^
  File "/Users/rtewelde/airflow_venv/lib/python3.11/site-packages/tenacity/__init__.py", line 158, in reraise
    raise self.last_attempt.result()
          ^^^^^^^^^^^^^^^^^^^^^^^^^^
  File "/Library/Frameworks/Python.framework/Versions/3.11/lib/python3.11/concurrent/futures/_base.py", line 449, in result
    return self.__get_result()
           ^^^^^^^^^^^^^^^^^^^
  File "/Library/Frameworks/Python.framework/Versions/3.11/lib/python3.11/concurrent/futures/_base.py", line 401, in __get_result
    raise self._exception
  File "/Users/rtewelde/airflow_venv/lib/python3.11/site-packages/airflow/models/dagbag.py", line 724, in _sync_to_db
    DAG.bulk_write_to_db(dags.values(), processor_subdir=processor_subdir, session=session)
  File "/Users/rtewelde/airflow_venv/lib/python3.11/site-packages/airflow/utils/session.py", line 94, in wrapper
    return func(*args, **kwargs)
           ^^^^^^^^^^^^^^^^^^^^^
  File "/Users/rtewelde/airflow_venv/lib/python3.11/site-packages/airflow/models/dag.py", line 3252, in bulk_write_to_db
    orm_dags: list[DagModel] = session.scalars(query).unique().all()
                               ^^^^^^^^^^^^^^^^^^^^^^
  File "/Users/rtewelde/airflow_venv/lib/python3.11/site-packages/sqlalchemy/orm/session.py", line 1778, in scalars
    return self.execute(
           ^^^^^^^^^^^^^
  File "/Users/rtewelde/airflow_venv/lib/python3.11/site-packages/sqlalchemy/orm/session.py", line 1717, in execute
    result = conn._execute_20(statement, params or {}, execution_options)
             ^^^^^^^^^^^^^^^^^^^^^^^^^^^^^^^^^^^^^^^^^^^^^^^^^^^^^^^^^^^^
  File "/Users/rtewelde/airflow_venv/lib/python3.11/site-packages/sqlalchemy/engine/base.py", line 1710, in _execute_20
    return meth(self, args_10style, kwargs_10style, execution_options)
           ^^^^^^^^^^^^^^^^^^^^^^^^^^^^^^^^^^^^^^^^^^^^^^^^^^^^^^^^^^^
  File "/Users/rtewelde/airflow_venv/lib/python3.11/site-packages/sqlalchemy/sql/elements.py", line 334, in _execute_on_connection
    return connection._execute_clauseelement(
           ^^^^^^^^^^^^^^^^^^^^^^^^^^^^^^^^^^
  File "/Users/rtewelde/airflow_venv/lib/python3.11/site-packages/sqlalchemy/engine/base.py", line 1577, in _execute_clauseelement
    ret = self._execute_context(
          ^^^^^^^^^^^^^^^^^^^^^^
  File "/Users/rtewelde/airflow_venv/lib/python3.11/site-packages/sqlalchemy/engine/base.py", line 1953, in _execute_context
    self._handle_dbapi_exception(
  File "/Users/rtewelde/airflow_venv/lib/python3.11/site-packages/sqlalchemy/engine/base.py", line 2134, in _handle_dbapi_exception
    util.raise_(
  File "/Users/rtewelde/airflow_venv/lib/python3.11/site-packages/sqlalchemy/util/compat.py", line 211, in raise_
    raise exception
  File "/Users/rtewelde/airflow_venv/lib/python3.11/site-packages/sqlalchemy/engine/base.py", line 1910, in _execute_context
    self.dialect.do_execute(
  File "/Users/rtewelde/airflow_venv/lib/python3.11/site-packages/sqlalchemy/engine/default.py", line 736, in do_execute
    cursor.execute(statement, parameters)
sqlalchemy.exc.OperationalError: (sqlite3.OperationalError) no such table: dag_schedule_dataset_alias_reference
[SQL: SELECT dag.dag_display_name, dag.dag_id, dag.root_dag_id, dag.is_paused, dag.is_subdag, dag.is_active, dag.last_parsed_time, dag.last_pickled, dag.last_expired, dag.scheduler_lock, dag.pickle_id, dag.fileloc, dag.processor_subdir, dag.owners, dag.description, dag.default_view, dag.schedule_interval, dag.timetable_description, dag.dataset_expression, dag.max_active_tasks, dag.max_active_runs, dag.max_consecutive_failed_dag_runs, dag.has_task_concurrency_limits, dag.has_import_errors, dag.next_dagrun, dag.next_dagrun_data_interval_start, dag.next_dagrun_data_interval_end, dag.next_dagrun_create_after, dag_tag_1.name, dag_tag_1.dag_id AS dag_id_1, dag_schedule_dataset_reference_1.dataset_id, dag_schedule_dataset_reference_1.dag_id AS dag_id_2, dag_schedule_dataset_reference_1.created_at, dag_schedule_dataset_reference_1.updated_at, dag_schedule_dataset_alias_reference_1.alias_id, dag_schedule_dataset_alias_reference_1.dag_id AS dag_id_3, dag_schedule_dataset_alias_reference_1.created_at AS created_at_1, dag_schedule_dataset_alias_reference_1.updated_at AS updated_at_1, task_outlet_dataset_reference_1.dataset_id AS dataset_id_1, task_outlet_dataset_reference_1.dag_id AS dag_id_4, task_outlet_dataset_reference_1.task_id, task_outlet_dataset_reference_1.created_at AS created_at_2, task_outlet_dataset_reference_1.updated_at AS updated_at_2 
FROM dag LEFT OUTER JOIN dag_tag AS dag_tag_1 ON dag.dag_id = dag_tag_1.dag_id LEFT OUTER JOIN dag_schedule_dataset_reference AS dag_schedule_dataset_reference_1 ON dag.dag_id = dag_schedule_dataset_reference_1.dag_id LEFT OUTER JOIN dag_schedule_dataset_alias_reference AS dag_schedule_dataset_alias_reference_1 ON dag.dag_id = dag_schedule_dataset_alias_reference_1.dag_id LEFT OUTER JOIN task_outlet_dataset_reference AS task_outlet_dataset_reference_1 ON dag.dag_id = task_outlet_dataset_reference_1.dag_id 
WHERE dag.dag_id IN (?)]
[parameters: ('example_params_trigger_ui',)]
(Background on this error at: https://sqlalche.me/e/14/e3q8)
[2024-09-22T14:20:49.997+0100] {processor.py:186} INFO - Started process (PID=72460) to work on /Users/rtewelde/airflow_venv/lib/python3.11/site-packages/airflow/example_dags/example_params_trigger_ui.py
[2024-09-22T14:20:49.998+0100] {processor.py:914} INFO - Processing file /Users/rtewelde/airflow_venv/lib/python3.11/site-packages/airflow/example_dags/example_params_trigger_ui.py for tasks to queue
[2024-09-22T14:20:49.999+0100] {logging_mixin.py:190} INFO - [2024-09-22T14:20:49.999+0100] {dagbag.py:588} INFO - Filling up the DagBag from /Users/rtewelde/airflow_venv/lib/python3.11/site-packages/airflow/example_dags/example_params_trigger_ui.py
[2024-09-22T14:20:50.036+0100] {processor.py:925} INFO - DAG(s) 'example_params_trigger_ui' retrieved from /Users/rtewelde/airflow_venv/lib/python3.11/site-packages/airflow/example_dags/example_params_trigger_ui.py
[2024-09-22T14:20:50.326+0100] {logging_mixin.py:190} INFO - [2024-09-22T14:20:50.326+0100] {dag.py:3239} INFO - Sync 1 DAGs
[2024-09-22T14:20:50.336+0100] {logging_mixin.py:190} INFO - [2024-09-22T14:20:50.336+0100] {dag.py:4180} INFO - Setting next_dagrun for example_params_trigger_ui to None, run_after=None
[2024-09-22T14:20:50.356+0100] {processor.py:208} INFO - Processing /Users/rtewelde/airflow_venv/lib/python3.11/site-packages/airflow/example_dags/example_params_trigger_ui.py took 0.362 seconds
[2024-09-22T14:23:48.727+0100] {processor.py:186} INFO - Started process (PID=73488) to work on /Users/rtewelde/airflow_venv/lib/python3.11/site-packages/airflow/example_dags/example_params_trigger_ui.py
[2024-09-22T14:23:48.728+0100] {processor.py:914} INFO - Processing file /Users/rtewelde/airflow_venv/lib/python3.11/site-packages/airflow/example_dags/example_params_trigger_ui.py for tasks to queue
[2024-09-22T14:23:48.729+0100] {logging_mixin.py:190} INFO - [2024-09-22T14:23:48.729+0100] {dagbag.py:588} INFO - Filling up the DagBag from /Users/rtewelde/airflow_venv/lib/python3.11/site-packages/airflow/example_dags/example_params_trigger_ui.py
[2024-09-22T14:23:48.768+0100] {processor.py:925} INFO - DAG(s) 'example_params_trigger_ui' retrieved from /Users/rtewelde/airflow_venv/lib/python3.11/site-packages/airflow/example_dags/example_params_trigger_ui.py
[2024-09-22T14:23:49.029+0100] {logging_mixin.py:190} INFO - [2024-09-22T14:23:49.028+0100] {dag.py:3239} INFO - Sync 1 DAGs
[2024-09-22T14:23:49.042+0100] {logging_mixin.py:190} INFO - [2024-09-22T14:23:49.042+0100] {dag.py:4180} INFO - Setting next_dagrun for example_params_trigger_ui to None, run_after=None
[2024-09-22T14:23:49.058+0100] {processor.py:208} INFO - Processing /Users/rtewelde/airflow_venv/lib/python3.11/site-packages/airflow/example_dags/example_params_trigger_ui.py took 0.334 seconds
[2024-09-22T14:26:14.981+0100] {processor.py:186} INFO - Started process (PID=74234) to work on /Users/rtewelde/airflow_venv/lib/python3.11/site-packages/airflow/example_dags/example_params_trigger_ui.py
[2024-09-22T14:26:14.982+0100] {processor.py:914} INFO - Processing file /Users/rtewelde/airflow_venv/lib/python3.11/site-packages/airflow/example_dags/example_params_trigger_ui.py for tasks to queue
[2024-09-22T14:26:14.982+0100] {logging_mixin.py:190} INFO - [2024-09-22T14:26:14.982+0100] {dagbag.py:588} INFO - Filling up the DagBag from /Users/rtewelde/airflow_venv/lib/python3.11/site-packages/airflow/example_dags/example_params_trigger_ui.py
[2024-09-22T14:26:15.018+0100] {processor.py:925} INFO - DAG(s) 'example_params_trigger_ui' retrieved from /Users/rtewelde/airflow_venv/lib/python3.11/site-packages/airflow/example_dags/example_params_trigger_ui.py
[2024-09-22T14:26:15.186+0100] {logging_mixin.py:190} INFO - [2024-09-22T14:26:15.186+0100] {dag.py:3239} INFO - Sync 1 DAGs
[2024-09-22T14:26:15.198+0100] {logging_mixin.py:190} INFO - [2024-09-22T14:26:15.198+0100] {dag.py:4180} INFO - Setting next_dagrun for example_params_trigger_ui to None, run_after=None
[2024-09-22T14:26:15.214+0100] {processor.py:208} INFO - Processing /Users/rtewelde/airflow_venv/lib/python3.11/site-packages/airflow/example_dags/example_params_trigger_ui.py took 0.236 seconds
[2024-09-22T14:28:36.762+0100] {processor.py:186} INFO - Started process (PID=74943) to work on /Users/rtewelde/airflow_venv/lib/python3.11/site-packages/airflow/example_dags/example_params_trigger_ui.py
[2024-09-22T14:28:36.763+0100] {processor.py:914} INFO - Processing file /Users/rtewelde/airflow_venv/lib/python3.11/site-packages/airflow/example_dags/example_params_trigger_ui.py for tasks to queue
[2024-09-22T14:28:36.764+0100] {logging_mixin.py:190} INFO - [2024-09-22T14:28:36.764+0100] {dagbag.py:588} INFO - Filling up the DagBag from /Users/rtewelde/airflow_venv/lib/python3.11/site-packages/airflow/example_dags/example_params_trigger_ui.py
[2024-09-22T14:28:36.799+0100] {processor.py:925} INFO - DAG(s) 'example_params_trigger_ui' retrieved from /Users/rtewelde/airflow_venv/lib/python3.11/site-packages/airflow/example_dags/example_params_trigger_ui.py
[2024-09-22T14:28:36.974+0100] {logging_mixin.py:190} INFO - [2024-09-22T14:28:36.973+0100] {dag.py:3239} INFO - Sync 1 DAGs
[2024-09-22T14:28:36.985+0100] {logging_mixin.py:190} INFO - [2024-09-22T14:28:36.985+0100] {dag.py:4180} INFO - Setting next_dagrun for example_params_trigger_ui to None, run_after=None
[2024-09-22T14:28:37.003+0100] {processor.py:208} INFO - Processing /Users/rtewelde/airflow_venv/lib/python3.11/site-packages/airflow/example_dags/example_params_trigger_ui.py took 0.243 seconds
[2024-09-22T14:30:55.178+0100] {processor.py:186} INFO - Started process (PID=75604) to work on /Users/rtewelde/airflow_venv/lib/python3.11/site-packages/airflow/example_dags/example_params_trigger_ui.py
[2024-09-22T14:30:55.179+0100] {processor.py:914} INFO - Processing file /Users/rtewelde/airflow_venv/lib/python3.11/site-packages/airflow/example_dags/example_params_trigger_ui.py for tasks to queue
[2024-09-22T14:30:55.180+0100] {logging_mixin.py:190} INFO - [2024-09-22T14:30:55.180+0100] {dagbag.py:588} INFO - Filling up the DagBag from /Users/rtewelde/airflow_venv/lib/python3.11/site-packages/airflow/example_dags/example_params_trigger_ui.py
[2024-09-22T14:30:55.216+0100] {processor.py:925} INFO - DAG(s) 'example_params_trigger_ui' retrieved from /Users/rtewelde/airflow_venv/lib/python3.11/site-packages/airflow/example_dags/example_params_trigger_ui.py
[2024-09-22T14:30:55.394+0100] {logging_mixin.py:190} INFO - [2024-09-22T14:30:55.394+0100] {dag.py:3239} INFO - Sync 1 DAGs
[2024-09-22T14:30:55.406+0100] {logging_mixin.py:190} INFO - [2024-09-22T14:30:55.406+0100] {dag.py:4180} INFO - Setting next_dagrun for example_params_trigger_ui to None, run_after=None
[2024-09-22T14:30:55.422+0100] {processor.py:208} INFO - Processing /Users/rtewelde/airflow_venv/lib/python3.11/site-packages/airflow/example_dags/example_params_trigger_ui.py took 0.246 seconds
[2024-09-22T14:33:13.436+0100] {processor.py:186} INFO - Started process (PID=76254) to work on /Users/rtewelde/airflow_venv/lib/python3.11/site-packages/airflow/example_dags/example_params_trigger_ui.py
[2024-09-22T14:33:13.436+0100] {processor.py:914} INFO - Processing file /Users/rtewelde/airflow_venv/lib/python3.11/site-packages/airflow/example_dags/example_params_trigger_ui.py for tasks to queue
[2024-09-22T14:33:13.438+0100] {logging_mixin.py:190} INFO - [2024-09-22T14:33:13.437+0100] {dagbag.py:588} INFO - Filling up the DagBag from /Users/rtewelde/airflow_venv/lib/python3.11/site-packages/airflow/example_dags/example_params_trigger_ui.py
[2024-09-22T14:33:13.477+0100] {processor.py:925} INFO - DAG(s) 'example_params_trigger_ui' retrieved from /Users/rtewelde/airflow_venv/lib/python3.11/site-packages/airflow/example_dags/example_params_trigger_ui.py
[2024-09-22T14:33:13.735+0100] {logging_mixin.py:190} INFO - [2024-09-22T14:33:13.734+0100] {dag.py:3239} INFO - Sync 1 DAGs
[2024-09-22T14:33:13.749+0100] {logging_mixin.py:190} INFO - [2024-09-22T14:33:13.749+0100] {dag.py:4180} INFO - Setting next_dagrun for example_params_trigger_ui to None, run_after=None
[2024-09-22T14:33:13.770+0100] {processor.py:208} INFO - Processing /Users/rtewelde/airflow_venv/lib/python3.11/site-packages/airflow/example_dags/example_params_trigger_ui.py took 0.337 seconds
[2024-09-22T14:36:06.334+0100] {processor.py:186} INFO - Started process (PID=77069) to work on /Users/rtewelde/airflow_venv/lib/python3.11/site-packages/airflow/example_dags/example_params_trigger_ui.py
[2024-09-22T14:36:06.335+0100] {processor.py:914} INFO - Processing file /Users/rtewelde/airflow_venv/lib/python3.11/site-packages/airflow/example_dags/example_params_trigger_ui.py for tasks to queue
[2024-09-22T14:36:06.336+0100] {logging_mixin.py:190} INFO - [2024-09-22T14:36:06.336+0100] {dagbag.py:588} INFO - Filling up the DagBag from /Users/rtewelde/airflow_venv/lib/python3.11/site-packages/airflow/example_dags/example_params_trigger_ui.py
[2024-09-22T14:36:06.383+0100] {processor.py:925} INFO - DAG(s) 'example_params_trigger_ui' retrieved from /Users/rtewelde/airflow_venv/lib/python3.11/site-packages/airflow/example_dags/example_params_trigger_ui.py
[2024-09-22T14:36:06.580+0100] {logging_mixin.py:190} INFO - [2024-09-22T14:36:06.580+0100] {dag.py:3239} INFO - Sync 1 DAGs
[2024-09-22T14:36:06.592+0100] {logging_mixin.py:190} INFO - [2024-09-22T14:36:06.592+0100] {dag.py:4180} INFO - Setting next_dagrun for example_params_trigger_ui to None, run_after=None
[2024-09-22T14:36:06.611+0100] {processor.py:208} INFO - Processing /Users/rtewelde/airflow_venv/lib/python3.11/site-packages/airflow/example_dags/example_params_trigger_ui.py took 0.280 seconds
[2024-09-22T14:41:28.884+0100] {processor.py:186} INFO - Started process (PID=78867) to work on /Users/rtewelde/airflow_venv/lib/python3.11/site-packages/airflow/example_dags/example_params_trigger_ui.py
[2024-09-22T14:41:28.886+0100] {processor.py:914} INFO - Processing file /Users/rtewelde/airflow_venv/lib/python3.11/site-packages/airflow/example_dags/example_params_trigger_ui.py for tasks to queue
[2024-09-22T14:41:28.887+0100] {logging_mixin.py:190} INFO - [2024-09-22T14:41:28.887+0100] {dagbag.py:588} INFO - Filling up the DagBag from /Users/rtewelde/airflow_venv/lib/python3.11/site-packages/airflow/example_dags/example_params_trigger_ui.py
[2024-09-22T14:41:28.929+0100] {processor.py:925} INFO - DAG(s) 'example_params_trigger_ui' retrieved from /Users/rtewelde/airflow_venv/lib/python3.11/site-packages/airflow/example_dags/example_params_trigger_ui.py
[2024-09-22T14:41:29.114+0100] {logging_mixin.py:190} INFO - [2024-09-22T14:41:29.113+0100] {dag.py:3239} INFO - Sync 1 DAGs
[2024-09-22T14:41:29.126+0100] {logging_mixin.py:190} INFO - [2024-09-22T14:41:29.125+0100] {dag.py:4180} INFO - Setting next_dagrun for example_params_trigger_ui to None, run_after=None
[2024-09-22T14:41:29.146+0100] {processor.py:208} INFO - Processing /Users/rtewelde/airflow_venv/lib/python3.11/site-packages/airflow/example_dags/example_params_trigger_ui.py took 0.265 seconds
[2024-09-22T14:43:54.573+0100] {processor.py:186} INFO - Started process (PID=79605) to work on /Users/rtewelde/airflow_venv/lib/python3.11/site-packages/airflow/example_dags/example_params_trigger_ui.py
[2024-09-22T14:43:54.575+0100] {processor.py:914} INFO - Processing file /Users/rtewelde/airflow_venv/lib/python3.11/site-packages/airflow/example_dags/example_params_trigger_ui.py for tasks to queue
[2024-09-22T14:43:54.576+0100] {logging_mixin.py:190} INFO - [2024-09-22T14:43:54.575+0100] {dagbag.py:588} INFO - Filling up the DagBag from /Users/rtewelde/airflow_venv/lib/python3.11/site-packages/airflow/example_dags/example_params_trigger_ui.py
[2024-09-22T14:43:54.630+0100] {processor.py:925} INFO - DAG(s) 'example_params_trigger_ui' retrieved from /Users/rtewelde/airflow_venv/lib/python3.11/site-packages/airflow/example_dags/example_params_trigger_ui.py
[2024-09-22T14:43:54.856+0100] {logging_mixin.py:190} INFO - [2024-09-22T14:43:54.855+0100] {dag.py:3239} INFO - Sync 1 DAGs
[2024-09-22T14:43:54.868+0100] {logging_mixin.py:190} INFO - [2024-09-22T14:43:54.867+0100] {dag.py:4180} INFO - Setting next_dagrun for example_params_trigger_ui to None, run_after=None
[2024-09-22T14:43:54.891+0100] {processor.py:208} INFO - Processing /Users/rtewelde/airflow_venv/lib/python3.11/site-packages/airflow/example_dags/example_params_trigger_ui.py took 0.320 seconds
[2024-09-22T14:44:48.288+0100] {processor.py:186} INFO - Started process (PID=79869) to work on /Users/rtewelde/airflow_venv/lib/python3.11/site-packages/airflow/example_dags/example_params_trigger_ui.py
[2024-09-22T14:44:48.289+0100] {processor.py:914} INFO - Processing file /Users/rtewelde/airflow_venv/lib/python3.11/site-packages/airflow/example_dags/example_params_trigger_ui.py for tasks to queue
[2024-09-22T14:44:48.290+0100] {logging_mixin.py:190} INFO - [2024-09-22T14:44:48.290+0100] {dagbag.py:588} INFO - Filling up the DagBag from /Users/rtewelde/airflow_venv/lib/python3.11/site-packages/airflow/example_dags/example_params_trigger_ui.py
[2024-09-22T14:44:48.329+0100] {processor.py:925} INFO - DAG(s) 'example_params_trigger_ui' retrieved from /Users/rtewelde/airflow_venv/lib/python3.11/site-packages/airflow/example_dags/example_params_trigger_ui.py
[2024-09-22T14:44:48.528+0100] {logging_mixin.py:190} INFO - [2024-09-22T14:44:48.528+0100] {dag.py:3239} INFO - Sync 1 DAGs
[2024-09-22T14:44:48.544+0100] {logging_mixin.py:190} INFO - [2024-09-22T14:44:48.544+0100] {dag.py:4180} INFO - Setting next_dagrun for example_params_trigger_ui to None, run_after=None
[2024-09-22T14:44:48.564+0100] {processor.py:208} INFO - Processing /Users/rtewelde/airflow_venv/lib/python3.11/site-packages/airflow/example_dags/example_params_trigger_ui.py took 0.278 seconds
[2024-09-22T14:47:56.746+0100] {processor.py:186} INFO - Started process (PID=80800) to work on /Users/rtewelde/airflow_venv/lib/python3.11/site-packages/airflow/example_dags/example_params_trigger_ui.py
[2024-09-22T14:47:56.747+0100] {processor.py:914} INFO - Processing file /Users/rtewelde/airflow_venv/lib/python3.11/site-packages/airflow/example_dags/example_params_trigger_ui.py for tasks to queue
[2024-09-22T14:47:56.749+0100] {logging_mixin.py:190} INFO - [2024-09-22T14:47:56.749+0100] {dagbag.py:588} INFO - Filling up the DagBag from /Users/rtewelde/airflow_venv/lib/python3.11/site-packages/airflow/example_dags/example_params_trigger_ui.py
[2024-09-22T14:47:56.812+0100] {processor.py:925} INFO - DAG(s) 'example_params_trigger_ui' retrieved from /Users/rtewelde/airflow_venv/lib/python3.11/site-packages/airflow/example_dags/example_params_trigger_ui.py
[2024-09-22T14:47:57.210+0100] {logging_mixin.py:190} INFO - [2024-09-22T14:47:57.209+0100] {dag.py:3239} INFO - Sync 1 DAGs
[2024-09-22T14:47:57.226+0100] {logging_mixin.py:190} INFO - [2024-09-22T14:47:57.226+0100] {dag.py:4180} INFO - Setting next_dagrun for example_params_trigger_ui to None, run_after=None
[2024-09-22T14:47:57.255+0100] {processor.py:208} INFO - Processing /Users/rtewelde/airflow_venv/lib/python3.11/site-packages/airflow/example_dags/example_params_trigger_ui.py took 0.518 seconds
[2024-09-22T14:48:29.497+0100] {processor.py:186} INFO - Started process (PID=80974) to work on /Users/rtewelde/airflow_venv/lib/python3.11/site-packages/airflow/example_dags/example_params_trigger_ui.py
[2024-09-22T14:48:29.499+0100] {processor.py:914} INFO - Processing file /Users/rtewelde/airflow_venv/lib/python3.11/site-packages/airflow/example_dags/example_params_trigger_ui.py for tasks to queue
[2024-09-22T14:48:29.501+0100] {logging_mixin.py:190} INFO - [2024-09-22T14:48:29.501+0100] {dagbag.py:588} INFO - Filling up the DagBag from /Users/rtewelde/airflow_venv/lib/python3.11/site-packages/airflow/example_dags/example_params_trigger_ui.py
[2024-09-22T14:48:29.546+0100] {processor.py:925} INFO - DAG(s) 'example_params_trigger_ui' retrieved from /Users/rtewelde/airflow_venv/lib/python3.11/site-packages/airflow/example_dags/example_params_trigger_ui.py
[2024-09-22T14:48:29.936+0100] {logging_mixin.py:190} INFO - [2024-09-22T14:48:29.935+0100] {dag.py:3239} INFO - Sync 1 DAGs
[2024-09-22T14:48:29.958+0100] {logging_mixin.py:190} INFO - [2024-09-22T14:48:29.958+0100] {dag.py:4180} INFO - Setting next_dagrun for example_params_trigger_ui to None, run_after=None
[2024-09-22T14:48:29.995+0100] {processor.py:208} INFO - Processing /Users/rtewelde/airflow_venv/lib/python3.11/site-packages/airflow/example_dags/example_params_trigger_ui.py took 0.504 seconds
