[2024-09-22T13:35:40.281+0100] {processor.py:157} INFO - Started process (PID=56282) to work on /Users/rtewelde/airflow_venv/lib/python3.11/site-packages/airflow/example_dags/example_sensors.py
[2024-09-22T13:35:40.284+0100] {processor.py:829} INFO - Processing file /Users/rtewelde/airflow_venv/lib/python3.11/site-packages/airflow/example_dags/example_sensors.py for tasks to queue
[2024-09-22T13:35:40.285+0100] {logging_mixin.py:151} INFO - [2024-09-22T13:35:40.285+0100] {dagbag.py:539} INFO - Filling up the DagBag from /Users/rtewelde/airflow_venv/lib/python3.11/site-packages/airflow/example_dags/example_sensors.py
[2024-09-22T13:35:40.352+0100] {processor.py:839} INFO - DAG(s) dict_keys(['example_sensors']) retrieved from /Users/rtewelde/airflow_venv/lib/python3.11/site-packages/airflow/example_dags/example_sensors.py
[2024-09-22T13:35:40.529+0100] {logging_mixin.py:151} INFO - [2024-09-22T13:35:40.528+0100] {dag.py:2907} INFO - Sync 1 DAGs
[2024-09-22T13:35:40.537+0100] {logging_mixin.py:151} INFO - [2024-09-22T13:35:40.537+0100] {dag.py:3677} INFO - Setting next_dagrun for example_sensors to None, run_after=None
[2024-09-22T13:35:40.556+0100] {processor.py:179} INFO - Processing /Users/rtewelde/airflow_venv/lib/python3.11/site-packages/airflow/example_dags/example_sensors.py took 0.276 seconds
[2024-09-22T13:37:22.350+0100] {processor.py:157} INFO - Started process (PID=56824) to work on /Users/rtewelde/airflow_venv/lib/python3.11/site-packages/airflow/example_dags/example_sensors.py
[2024-09-22T13:37:22.354+0100] {processor.py:829} INFO - Processing file /Users/rtewelde/airflow_venv/lib/python3.11/site-packages/airflow/example_dags/example_sensors.py for tasks to queue
[2024-09-22T13:37:22.355+0100] {logging_mixin.py:151} INFO - [2024-09-22T13:37:22.354+0100] {dagbag.py:539} INFO - Filling up the DagBag from /Users/rtewelde/airflow_venv/lib/python3.11/site-packages/airflow/example_dags/example_sensors.py
[2024-09-22T13:37:22.430+0100] {processor.py:839} INFO - DAG(s) dict_keys(['example_sensors']) retrieved from /Users/rtewelde/airflow_venv/lib/python3.11/site-packages/airflow/example_dags/example_sensors.py
[2024-09-22T13:37:22.603+0100] {logging_mixin.py:151} INFO - [2024-09-22T13:37:22.602+0100] {dag.py:2907} INFO - Sync 1 DAGs
[2024-09-22T13:37:22.612+0100] {logging_mixin.py:151} INFO - [2024-09-22T13:37:22.611+0100] {dag.py:3677} INFO - Setting next_dagrun for example_sensors to None, run_after=None
[2024-09-22T13:37:22.629+0100] {processor.py:179} INFO - Processing /Users/rtewelde/airflow_venv/lib/python3.11/site-packages/airflow/example_dags/example_sensors.py took 0.281 seconds
[2024-09-22T13:40:07.611+0100] {processor.py:157} INFO - Started process (PID=58070) to work on /Users/rtewelde/airflow_venv/lib/python3.11/site-packages/airflow/example_dags/example_sensors.py
[2024-09-22T13:40:07.616+0100] {processor.py:829} INFO - Processing file /Users/rtewelde/airflow_venv/lib/python3.11/site-packages/airflow/example_dags/example_sensors.py for tasks to queue
[2024-09-22T13:40:07.616+0100] {logging_mixin.py:151} INFO - [2024-09-22T13:40:07.616+0100] {dagbag.py:539} INFO - Filling up the DagBag from /Users/rtewelde/airflow_venv/lib/python3.11/site-packages/airflow/example_dags/example_sensors.py
[2024-09-22T13:40:07.679+0100] {processor.py:839} INFO - DAG(s) dict_keys(['example_sensors']) retrieved from /Users/rtewelde/airflow_venv/lib/python3.11/site-packages/airflow/example_dags/example_sensors.py
[2024-09-22T13:40:07.853+0100] {logging_mixin.py:151} INFO - [2024-09-22T13:40:07.852+0100] {dag.py:2907} INFO - Sync 1 DAGs
[2024-09-22T13:40:07.861+0100] {logging_mixin.py:151} INFO - [2024-09-22T13:40:07.861+0100] {dag.py:3677} INFO - Setting next_dagrun for example_sensors to None, run_after=None
[2024-09-22T13:40:07.880+0100] {processor.py:179} INFO - Processing /Users/rtewelde/airflow_venv/lib/python3.11/site-packages/airflow/example_dags/example_sensors.py took 0.270 seconds
[2024-09-22T13:41:31.714+0100] {processor.py:157} INFO - Started process (PID=58509) to work on /Users/rtewelde/airflow_venv/lib/python3.11/site-packages/airflow/example_dags/example_sensors.py
[2024-09-22T13:41:31.719+0100] {processor.py:829} INFO - Processing file /Users/rtewelde/airflow_venv/lib/python3.11/site-packages/airflow/example_dags/example_sensors.py for tasks to queue
[2024-09-22T13:41:31.720+0100] {logging_mixin.py:151} INFO - [2024-09-22T13:41:31.720+0100] {dagbag.py:539} INFO - Filling up the DagBag from /Users/rtewelde/airflow_venv/lib/python3.11/site-packages/airflow/example_dags/example_sensors.py
[2024-09-22T13:41:31.813+0100] {processor.py:839} INFO - DAG(s) dict_keys(['example_sensors']) retrieved from /Users/rtewelde/airflow_venv/lib/python3.11/site-packages/airflow/example_dags/example_sensors.py
[2024-09-22T13:41:32.039+0100] {logging_mixin.py:151} INFO - [2024-09-22T13:41:32.038+0100] {dag.py:2907} INFO - Sync 1 DAGs
[2024-09-22T13:41:32.049+0100] {logging_mixin.py:151} INFO - [2024-09-22T13:41:32.048+0100] {dag.py:3677} INFO - Setting next_dagrun for example_sensors to None, run_after=None
[2024-09-22T13:41:32.068+0100] {processor.py:179} INFO - Processing /Users/rtewelde/airflow_venv/lib/python3.11/site-packages/airflow/example_dags/example_sensors.py took 0.355 seconds
[2024-09-22T14:20:32.625+0100] {processor.py:186} INFO - Started process (PID=72384) to work on /Users/rtewelde/airflow_venv/lib/python3.11/site-packages/airflow/example_dags/example_sensors.py
[2024-09-22T14:20:32.626+0100] {processor.py:914} INFO - Processing file /Users/rtewelde/airflow_venv/lib/python3.11/site-packages/airflow/example_dags/example_sensors.py for tasks to queue
[2024-09-22T14:20:32.627+0100] {logging_mixin.py:190} INFO - [2024-09-22T14:20:32.627+0100] {dagbag.py:588} INFO - Filling up the DagBag from /Users/rtewelde/airflow_venv/lib/python3.11/site-packages/airflow/example_dags/example_sensors.py
[2024-09-22T14:20:32.643+0100] {processor.py:925} INFO - DAG(s) 'example_sensors' retrieved from /Users/rtewelde/airflow_venv/lib/python3.11/site-packages/airflow/example_dags/example_sensors.py
[2024-09-22T14:20:32.796+0100] {logging_mixin.py:190} INFO - [2024-09-22T14:20:32.796+0100] {workday.py:41} WARNING - Could not import pandas. Holidays will not be considered.
[2024-09-22T14:20:32.904+0100] {logging_mixin.py:190} INFO - [2024-09-22T14:20:32.903+0100] {dag.py:3239} INFO - Sync 1 DAGs
[2024-09-22T14:20:32.913+0100] {logging_mixin.py:190} INFO - [2024-09-22T14:20:32.913+0100] {dag.py:4180} INFO - Setting next_dagrun for example_sensors to None, run_after=None
[2024-09-22T14:20:32.932+0100] {processor.py:208} INFO - Processing /Users/rtewelde/airflow_venv/lib/python3.11/site-packages/airflow/example_dags/example_sensors.py took 0.309 seconds
[2024-09-22T14:23:30.272+0100] {processor.py:186} INFO - Started process (PID=73392) to work on /Users/rtewelde/airflow_venv/lib/python3.11/site-packages/airflow/example_dags/example_sensors.py
[2024-09-22T14:23:30.273+0100] {processor.py:914} INFO - Processing file /Users/rtewelde/airflow_venv/lib/python3.11/site-packages/airflow/example_dags/example_sensors.py for tasks to queue
[2024-09-22T14:23:30.274+0100] {logging_mixin.py:190} INFO - [2024-09-22T14:23:30.273+0100] {dagbag.py:588} INFO - Filling up the DagBag from /Users/rtewelde/airflow_venv/lib/python3.11/site-packages/airflow/example_dags/example_sensors.py
[2024-09-22T14:23:30.289+0100] {processor.py:925} INFO - DAG(s) 'example_sensors' retrieved from /Users/rtewelde/airflow_venv/lib/python3.11/site-packages/airflow/example_dags/example_sensors.py
[2024-09-22T14:23:30.451+0100] {logging_mixin.py:190} INFO - [2024-09-22T14:23:30.450+0100] {workday.py:41} WARNING - Could not import pandas. Holidays will not be considered.
[2024-09-22T14:23:30.477+0100] {logging_mixin.py:190} INFO - [2024-09-22T14:23:30.476+0100] {dag.py:3239} INFO - Sync 1 DAGs
[2024-09-22T14:23:30.486+0100] {logging_mixin.py:190} INFO - [2024-09-22T14:23:30.486+0100] {dag.py:4180} INFO - Setting next_dagrun for example_sensors to None, run_after=None
[2024-09-22T14:23:30.504+0100] {processor.py:208} INFO - Processing /Users/rtewelde/airflow_venv/lib/python3.11/site-packages/airflow/example_dags/example_sensors.py took 0.234 seconds
[2024-09-22T14:25:56.702+0100] {processor.py:186} INFO - Started process (PID=74152) to work on /Users/rtewelde/airflow_venv/lib/python3.11/site-packages/airflow/example_dags/example_sensors.py
[2024-09-22T14:25:56.703+0100] {processor.py:914} INFO - Processing file /Users/rtewelde/airflow_venv/lib/python3.11/site-packages/airflow/example_dags/example_sensors.py for tasks to queue
[2024-09-22T14:25:56.704+0100] {logging_mixin.py:190} INFO - [2024-09-22T14:25:56.704+0100] {dagbag.py:588} INFO - Filling up the DagBag from /Users/rtewelde/airflow_venv/lib/python3.11/site-packages/airflow/example_dags/example_sensors.py
[2024-09-22T14:25:56.720+0100] {processor.py:925} INFO - DAG(s) 'example_sensors' retrieved from /Users/rtewelde/airflow_venv/lib/python3.11/site-packages/airflow/example_dags/example_sensors.py
[2024-09-22T14:25:56.871+0100] {logging_mixin.py:190} INFO - [2024-09-22T14:25:56.871+0100] {workday.py:41} WARNING - Could not import pandas. Holidays will not be considered.
[2024-09-22T14:25:56.896+0100] {logging_mixin.py:190} INFO - [2024-09-22T14:25:56.896+0100] {dag.py:3239} INFO - Sync 1 DAGs
[2024-09-22T14:25:56.908+0100] {logging_mixin.py:190} INFO - [2024-09-22T14:25:56.907+0100] {dag.py:4180} INFO - Setting next_dagrun for example_sensors to None, run_after=None
[2024-09-22T14:25:56.927+0100] {processor.py:208} INFO - Processing /Users/rtewelde/airflow_venv/lib/python3.11/site-packages/airflow/example_dags/example_sensors.py took 0.227 seconds
[2024-09-22T14:28:18.632+0100] {processor.py:186} INFO - Started process (PID=74854) to work on /Users/rtewelde/airflow_venv/lib/python3.11/site-packages/airflow/example_dags/example_sensors.py
[2024-09-22T14:28:18.632+0100] {processor.py:914} INFO - Processing file /Users/rtewelde/airflow_venv/lib/python3.11/site-packages/airflow/example_dags/example_sensors.py for tasks to queue
[2024-09-22T14:28:18.633+0100] {logging_mixin.py:190} INFO - [2024-09-22T14:28:18.633+0100] {dagbag.py:588} INFO - Filling up the DagBag from /Users/rtewelde/airflow_venv/lib/python3.11/site-packages/airflow/example_dags/example_sensors.py
[2024-09-22T14:28:18.648+0100] {processor.py:925} INFO - DAG(s) 'example_sensors' retrieved from /Users/rtewelde/airflow_venv/lib/python3.11/site-packages/airflow/example_dags/example_sensors.py
[2024-09-22T14:28:18.801+0100] {logging_mixin.py:190} INFO - [2024-09-22T14:28:18.801+0100] {workday.py:41} WARNING - Could not import pandas. Holidays will not be considered.
[2024-09-22T14:28:18.826+0100] {logging_mixin.py:190} INFO - [2024-09-22T14:28:18.826+0100] {dag.py:3239} INFO - Sync 1 DAGs
[2024-09-22T14:28:18.837+0100] {logging_mixin.py:190} INFO - [2024-09-22T14:28:18.836+0100] {dag.py:4180} INFO - Setting next_dagrun for example_sensors to None, run_after=None
[2024-09-22T14:28:18.855+0100] {processor.py:208} INFO - Processing /Users/rtewelde/airflow_venv/lib/python3.11/site-packages/airflow/example_dags/example_sensors.py took 0.226 seconds
[2024-09-22T14:30:37.127+0100] {processor.py:186} INFO - Started process (PID=75525) to work on /Users/rtewelde/airflow_venv/lib/python3.11/site-packages/airflow/example_dags/example_sensors.py
[2024-09-22T14:30:37.128+0100] {processor.py:914} INFO - Processing file /Users/rtewelde/airflow_venv/lib/python3.11/site-packages/airflow/example_dags/example_sensors.py for tasks to queue
[2024-09-22T14:30:37.129+0100] {logging_mixin.py:190} INFO - [2024-09-22T14:30:37.129+0100] {dagbag.py:588} INFO - Filling up the DagBag from /Users/rtewelde/airflow_venv/lib/python3.11/site-packages/airflow/example_dags/example_sensors.py
[2024-09-22T14:30:37.143+0100] {processor.py:925} INFO - DAG(s) 'example_sensors' retrieved from /Users/rtewelde/airflow_venv/lib/python3.11/site-packages/airflow/example_dags/example_sensors.py
[2024-09-22T14:30:37.293+0100] {logging_mixin.py:190} INFO - [2024-09-22T14:30:37.293+0100] {workday.py:41} WARNING - Could not import pandas. Holidays will not be considered.
[2024-09-22T14:30:37.319+0100] {logging_mixin.py:190} INFO - [2024-09-22T14:30:37.318+0100] {dag.py:3239} INFO - Sync 1 DAGs
[2024-09-22T14:30:37.330+0100] {logging_mixin.py:190} INFO - [2024-09-22T14:30:37.329+0100] {dag.py:4180} INFO - Setting next_dagrun for example_sensors to None, run_after=None
[2024-09-22T14:30:37.347+0100] {processor.py:208} INFO - Processing /Users/rtewelde/airflow_venv/lib/python3.11/site-packages/airflow/example_dags/example_sensors.py took 0.223 seconds
[2024-09-22T14:32:54.167+0100] {processor.py:186} INFO - Started process (PID=76158) to work on /Users/rtewelde/airflow_venv/lib/python3.11/site-packages/airflow/example_dags/example_sensors.py
[2024-09-22T14:32:54.168+0100] {processor.py:914} INFO - Processing file /Users/rtewelde/airflow_venv/lib/python3.11/site-packages/airflow/example_dags/example_sensors.py for tasks to queue
[2024-09-22T14:32:54.169+0100] {logging_mixin.py:190} INFO - [2024-09-22T14:32:54.169+0100] {dagbag.py:588} INFO - Filling up the DagBag from /Users/rtewelde/airflow_venv/lib/python3.11/site-packages/airflow/example_dags/example_sensors.py
[2024-09-22T14:32:54.182+0100] {processor.py:925} INFO - DAG(s) 'example_sensors' retrieved from /Users/rtewelde/airflow_venv/lib/python3.11/site-packages/airflow/example_dags/example_sensors.py
[2024-09-22T14:32:54.322+0100] {logging_mixin.py:190} INFO - [2024-09-22T14:32:54.321+0100] {workday.py:41} WARNING - Could not import pandas. Holidays will not be considered.
[2024-09-22T14:32:54.348+0100] {logging_mixin.py:190} INFO - [2024-09-22T14:32:54.348+0100] {dag.py:3239} INFO - Sync 1 DAGs
[2024-09-22T14:32:54.359+0100] {logging_mixin.py:190} INFO - [2024-09-22T14:32:54.359+0100] {dag.py:4180} INFO - Setting next_dagrun for example_sensors to None, run_after=None
[2024-09-22T14:32:54.375+0100] {processor.py:208} INFO - Processing /Users/rtewelde/airflow_venv/lib/python3.11/site-packages/airflow/example_dags/example_sensors.py took 0.210 seconds
[2024-09-22T14:35:46.421+0100] {processor.py:186} INFO - Started process (PID=76981) to work on /Users/rtewelde/airflow_venv/lib/python3.11/site-packages/airflow/example_dags/example_sensors.py
[2024-09-22T14:35:46.422+0100] {processor.py:914} INFO - Processing file /Users/rtewelde/airflow_venv/lib/python3.11/site-packages/airflow/example_dags/example_sensors.py for tasks to queue
[2024-09-22T14:35:46.424+0100] {logging_mixin.py:190} INFO - [2024-09-22T14:35:46.423+0100] {dagbag.py:588} INFO - Filling up the DagBag from /Users/rtewelde/airflow_venv/lib/python3.11/site-packages/airflow/example_dags/example_sensors.py
[2024-09-22T14:35:46.442+0100] {processor.py:925} INFO - DAG(s) 'example_sensors' retrieved from /Users/rtewelde/airflow_venv/lib/python3.11/site-packages/airflow/example_dags/example_sensors.py
[2024-09-22T14:35:46.609+0100] {logging_mixin.py:190} INFO - [2024-09-22T14:35:46.608+0100] {workday.py:41} WARNING - Could not import pandas. Holidays will not be considered.
[2024-09-22T14:35:46.637+0100] {logging_mixin.py:190} INFO - [2024-09-22T14:35:46.637+0100] {dag.py:3239} INFO - Sync 1 DAGs
[2024-09-22T14:35:46.647+0100] {logging_mixin.py:190} INFO - [2024-09-22T14:35:46.647+0100] {dag.py:4180} INFO - Setting next_dagrun for example_sensors to None, run_after=None
[2024-09-22T14:35:46.666+0100] {processor.py:208} INFO - Processing /Users/rtewelde/airflow_venv/lib/python3.11/site-packages/airflow/example_dags/example_sensors.py took 0.248 seconds
[2024-09-22T14:41:10.782+0100] {processor.py:186} INFO - Started process (PID=78750) to work on /Users/rtewelde/airflow_venv/lib/python3.11/site-packages/airflow/example_dags/example_sensors.py
[2024-09-22T14:41:10.783+0100] {processor.py:914} INFO - Processing file /Users/rtewelde/airflow_venv/lib/python3.11/site-packages/airflow/example_dags/example_sensors.py for tasks to queue
[2024-09-22T14:41:10.786+0100] {logging_mixin.py:190} INFO - [2024-09-22T14:41:10.785+0100] {dagbag.py:588} INFO - Filling up the DagBag from /Users/rtewelde/airflow_venv/lib/python3.11/site-packages/airflow/example_dags/example_sensors.py
[2024-09-22T14:41:10.809+0100] {processor.py:925} INFO - DAG(s) 'example_sensors' retrieved from /Users/rtewelde/airflow_venv/lib/python3.11/site-packages/airflow/example_dags/example_sensors.py
[2024-09-22T14:41:10.973+0100] {logging_mixin.py:190} INFO - [2024-09-22T14:41:10.973+0100] {workday.py:41} WARNING - Could not import pandas. Holidays will not be considered.
[2024-09-22T14:41:11.001+0100] {logging_mixin.py:190} INFO - [2024-09-22T14:41:11.000+0100] {dag.py:3239} INFO - Sync 1 DAGs
[2024-09-22T14:41:11.012+0100] {logging_mixin.py:190} INFO - [2024-09-22T14:41:11.012+0100] {dag.py:4180} INFO - Setting next_dagrun for example_sensors to None, run_after=None
[2024-09-22T14:41:11.031+0100] {processor.py:208} INFO - Processing /Users/rtewelde/airflow_venv/lib/python3.11/site-packages/airflow/example_dags/example_sensors.py took 0.252 seconds
[2024-09-22T14:43:33.510+0100] {processor.py:186} INFO - Started process (PID=79506) to work on /Users/rtewelde/airflow_venv/lib/python3.11/site-packages/airflow/example_dags/example_sensors.py
[2024-09-22T14:43:33.511+0100] {processor.py:914} INFO - Processing file /Users/rtewelde/airflow_venv/lib/python3.11/site-packages/airflow/example_dags/example_sensors.py for tasks to queue
[2024-09-22T14:43:33.512+0100] {logging_mixin.py:190} INFO - [2024-09-22T14:43:33.512+0100] {dagbag.py:588} INFO - Filling up the DagBag from /Users/rtewelde/airflow_venv/lib/python3.11/site-packages/airflow/example_dags/example_sensors.py
[2024-09-22T14:43:33.528+0100] {processor.py:925} INFO - DAG(s) 'example_sensors' retrieved from /Users/rtewelde/airflow_venv/lib/python3.11/site-packages/airflow/example_dags/example_sensors.py
[2024-09-22T14:43:33.699+0100] {logging_mixin.py:190} INFO - [2024-09-22T14:43:33.699+0100] {workday.py:41} WARNING - Could not import pandas. Holidays will not be considered.
[2024-09-22T14:43:33.732+0100] {logging_mixin.py:190} INFO - [2024-09-22T14:43:33.731+0100] {dag.py:3239} INFO - Sync 1 DAGs
[2024-09-22T14:43:33.745+0100] {logging_mixin.py:190} INFO - [2024-09-22T14:43:33.744+0100] {dag.py:4180} INFO - Setting next_dagrun for example_sensors to None, run_after=None
[2024-09-22T14:43:33.764+0100] {processor.py:208} INFO - Processing /Users/rtewelde/airflow_venv/lib/python3.11/site-packages/airflow/example_dags/example_sensors.py took 0.256 seconds
[2024-09-22T14:44:29.570+0100] {processor.py:186} INFO - Started process (PID=79776) to work on /Users/rtewelde/airflow_venv/lib/python3.11/site-packages/airflow/example_dags/example_sensors.py
[2024-09-22T14:44:29.571+0100] {processor.py:914} INFO - Processing file /Users/rtewelde/airflow_venv/lib/python3.11/site-packages/airflow/example_dags/example_sensors.py for tasks to queue
[2024-09-22T14:44:29.572+0100] {logging_mixin.py:190} INFO - [2024-09-22T14:44:29.572+0100] {dagbag.py:588} INFO - Filling up the DagBag from /Users/rtewelde/airflow_venv/lib/python3.11/site-packages/airflow/example_dags/example_sensors.py
[2024-09-22T14:44:29.587+0100] {processor.py:925} INFO - DAG(s) 'example_sensors' retrieved from /Users/rtewelde/airflow_venv/lib/python3.11/site-packages/airflow/example_dags/example_sensors.py
[2024-09-22T14:44:29.748+0100] {logging_mixin.py:190} INFO - [2024-09-22T14:44:29.748+0100] {workday.py:41} WARNING - Could not import pandas. Holidays will not be considered.
[2024-09-22T14:44:29.776+0100] {logging_mixin.py:190} INFO - [2024-09-22T14:44:29.776+0100] {dag.py:3239} INFO - Sync 1 DAGs
[2024-09-22T14:44:29.787+0100] {logging_mixin.py:190} INFO - [2024-09-22T14:44:29.787+0100] {dag.py:4180} INFO - Setting next_dagrun for example_sensors to None, run_after=None
[2024-09-22T14:44:29.806+0100] {processor.py:208} INFO - Processing /Users/rtewelde/airflow_venv/lib/python3.11/site-packages/airflow/example_dags/example_sensors.py took 0.238 seconds
[2024-09-22T14:47:27.103+0100] {processor.py:186} INFO - Started process (PID=80648) to work on /Users/rtewelde/airflow_venv/lib/python3.11/site-packages/airflow/example_dags/example_sensors.py
[2024-09-22T14:47:27.104+0100] {processor.py:914} INFO - Processing file /Users/rtewelde/airflow_venv/lib/python3.11/site-packages/airflow/example_dags/example_sensors.py for tasks to queue
[2024-09-22T14:47:27.107+0100] {logging_mixin.py:190} INFO - [2024-09-22T14:47:27.107+0100] {dagbag.py:588} INFO - Filling up the DagBag from /Users/rtewelde/airflow_venv/lib/python3.11/site-packages/airflow/example_dags/example_sensors.py
[2024-09-22T14:47:27.151+0100] {processor.py:925} INFO - DAG(s) 'example_sensors' retrieved from /Users/rtewelde/airflow_venv/lib/python3.11/site-packages/airflow/example_dags/example_sensors.py
[2024-09-22T14:47:27.443+0100] {logging_mixin.py:190} INFO - [2024-09-22T14:47:27.442+0100] {workday.py:41} WARNING - Could not import pandas. Holidays will not be considered.
[2024-09-22T14:47:27.501+0100] {logging_mixin.py:190} INFO - [2024-09-22T14:47:27.500+0100] {dag.py:3239} INFO - Sync 1 DAGs
[2024-09-22T14:47:27.533+0100] {logging_mixin.py:190} INFO - [2024-09-22T14:47:27.532+0100] {dag.py:4180} INFO - Setting next_dagrun for example_sensors to None, run_after=None
[2024-09-22T14:47:27.577+0100] {processor.py:208} INFO - Processing /Users/rtewelde/airflow_venv/lib/python3.11/site-packages/airflow/example_dags/example_sensors.py took 0.480 seconds
[2024-09-22T14:48:01.959+0100] {processor.py:186} INFO - Started process (PID=80828) to work on /Users/rtewelde/airflow_venv/lib/python3.11/site-packages/airflow/example_dags/example_sensors.py
[2024-09-22T14:48:01.961+0100] {processor.py:914} INFO - Processing file /Users/rtewelde/airflow_venv/lib/python3.11/site-packages/airflow/example_dags/example_sensors.py for tasks to queue
[2024-09-22T14:48:01.966+0100] {logging_mixin.py:190} INFO - [2024-09-22T14:48:01.966+0100] {dagbag.py:588} INFO - Filling up the DagBag from /Users/rtewelde/airflow_venv/lib/python3.11/site-packages/airflow/example_dags/example_sensors.py
[2024-09-22T14:48:01.997+0100] {processor.py:925} INFO - DAG(s) 'example_sensors' retrieved from /Users/rtewelde/airflow_venv/lib/python3.11/site-packages/airflow/example_dags/example_sensors.py
[2024-09-22T14:48:02.283+0100] {logging_mixin.py:190} INFO - [2024-09-22T14:48:02.283+0100] {workday.py:41} WARNING - Could not import pandas. Holidays will not be considered.
[2024-09-22T14:48:02.329+0100] {logging_mixin.py:190} INFO - [2024-09-22T14:48:02.329+0100] {dag.py:3239} INFO - Sync 1 DAGs
[2024-09-22T14:48:02.349+0100] {logging_mixin.py:190} INFO - [2024-09-22T14:48:02.349+0100] {dag.py:4180} INFO - Setting next_dagrun for example_sensors to None, run_after=None
[2024-09-22T14:48:02.372+0100] {processor.py:208} INFO - Processing /Users/rtewelde/airflow_venv/lib/python3.11/site-packages/airflow/example_dags/example_sensors.py took 0.417 seconds
