[2024-09-22T13:35:27.609+0100] {processor.py:157} INFO - Started process (PID=56127) to work on /Users/rtewelde/airflow_venv/lib/python3.11/site-packages/airflow/example_dags/example_sla_dag.py
[2024-09-22T13:35:27.612+0100] {processor.py:829} INFO - Processing file /Users/rtewelde/airflow_venv/lib/python3.11/site-packages/airflow/example_dags/example_sla_dag.py for tasks to queue
[2024-09-22T13:35:27.612+0100] {logging_mixin.py:151} INFO - [2024-09-22T13:35:27.612+0100] {dagbag.py:539} INFO - Filling up the DagBag from /Users/rtewelde/airflow_venv/lib/python3.11/site-packages/airflow/example_dags/example_sla_dag.py
[2024-09-22T13:35:27.684+0100] {processor.py:839} INFO - DAG(s) dict_keys(['example_sla_dag']) retrieved from /Users/rtewelde/airflow_venv/lib/python3.11/site-packages/airflow/example_dags/example_sla_dag.py
[2024-09-22T13:35:27.893+0100] {logging_mixin.py:151} INFO - [2024-09-22T13:35:27.892+0100] {dag.py:2907} INFO - Sync 1 DAGs
[2024-09-22T13:35:27.913+0100] {logging_mixin.py:151} INFO - [2024-09-22T13:35:27.913+0100] {dag.py:3677} INFO - Setting next_dagrun for example_sla_dag to 2024-09-22T12:32:00+00:00, run_after=2024-09-22T12:34:00+00:00
[2024-09-22T13:35:27.933+0100] {processor.py:179} INFO - Processing /Users/rtewelde/airflow_venv/lib/python3.11/site-packages/airflow/example_dags/example_sla_dag.py took 0.325 seconds
[2024-09-22T13:37:09.359+0100] {processor.py:157} INFO - Started process (PID=56764) to work on /Users/rtewelde/airflow_venv/lib/python3.11/site-packages/airflow/example_dags/example_sla_dag.py
[2024-09-22T13:37:09.363+0100] {processor.py:829} INFO - Processing file /Users/rtewelde/airflow_venv/lib/python3.11/site-packages/airflow/example_dags/example_sla_dag.py for tasks to queue
[2024-09-22T13:37:09.364+0100] {logging_mixin.py:151} INFO - [2024-09-22T13:37:09.364+0100] {dagbag.py:539} INFO - Filling up the DagBag from /Users/rtewelde/airflow_venv/lib/python3.11/site-packages/airflow/example_dags/example_sla_dag.py
[2024-09-22T13:37:09.450+0100] {processor.py:839} INFO - DAG(s) dict_keys(['example_sla_dag']) retrieved from /Users/rtewelde/airflow_venv/lib/python3.11/site-packages/airflow/example_dags/example_sla_dag.py
[2024-09-22T13:37:09.596+0100] {logging_mixin.py:151} INFO - [2024-09-22T13:37:09.596+0100] {dag.py:2907} INFO - Sync 1 DAGs
[2024-09-22T13:37:09.613+0100] {logging_mixin.py:151} INFO - [2024-09-22T13:37:09.613+0100] {dag.py:3677} INFO - Setting next_dagrun for example_sla_dag to 2024-09-22T12:34:00+00:00, run_after=2024-09-22T12:36:00+00:00
[2024-09-22T13:37:09.632+0100] {processor.py:179} INFO - Processing /Users/rtewelde/airflow_venv/lib/python3.11/site-packages/airflow/example_dags/example_sla_dag.py took 0.274 seconds
[2024-09-22T13:38:23.107+0100] {processor.py:157} INFO - Started process (PID=57177) to work on /Users/rtewelde/airflow_venv/lib/python3.11/site-packages/airflow/example_dags/example_sla_dag.py
[2024-09-22T13:38:23.112+0100] {processor.py:829} INFO - Processing file /Users/rtewelde/airflow_venv/lib/python3.11/site-packages/airflow/example_dags/example_sla_dag.py for tasks to queue
[2024-09-22T13:38:23.113+0100] {logging_mixin.py:151} INFO - [2024-09-22T13:38:23.113+0100] {dagbag.py:539} INFO - Filling up the DagBag from /Users/rtewelde/airflow_venv/lib/python3.11/site-packages/airflow/example_dags/example_sla_dag.py
[2024-09-22T13:38:23.224+0100] {processor.py:839} INFO - DAG(s) dict_keys(['example_sla_dag']) retrieved from /Users/rtewelde/airflow_venv/lib/python3.11/site-packages/airflow/example_dags/example_sla_dag.py
[2024-09-22T13:38:23.516+0100] {logging_mixin.py:151} INFO - [2024-09-22T13:38:23.516+0100] {dag.py:2907} INFO - Sync 1 DAGs
[2024-09-22T13:38:23.609+0100] {logging_mixin.py:151} INFO - [2024-09-22T13:38:23.609+0100] {dag.py:3677} INFO - Setting next_dagrun for example_sla_dag to 2024-09-22T12:36:00+00:00, run_after=2024-09-22T12:38:00+00:00
[2024-09-22T13:38:23.649+0100] {processor.py:179} INFO - Processing /Users/rtewelde/airflow_venv/lib/python3.11/site-packages/airflow/example_dags/example_sla_dag.py took 0.544 seconds
[2024-09-22T13:39:46.789+0100] {processor.py:157} INFO - Started process (PID=57970) to work on /Users/rtewelde/airflow_venv/lib/python3.11/site-packages/airflow/example_dags/example_sla_dag.py
[2024-09-22T13:39:46.793+0100] {processor.py:829} INFO - Processing file /Users/rtewelde/airflow_venv/lib/python3.11/site-packages/airflow/example_dags/example_sla_dag.py for tasks to queue
[2024-09-22T13:39:46.794+0100] {logging_mixin.py:151} INFO - [2024-09-22T13:39:46.794+0100] {dagbag.py:539} INFO - Filling up the DagBag from /Users/rtewelde/airflow_venv/lib/python3.11/site-packages/airflow/example_dags/example_sla_dag.py
[2024-09-22T13:39:46.867+0100] {processor.py:839} INFO - DAG(s) dict_keys(['example_sla_dag']) retrieved from /Users/rtewelde/airflow_venv/lib/python3.11/site-packages/airflow/example_dags/example_sla_dag.py
[2024-09-22T13:39:47.017+0100] {logging_mixin.py:151} INFO - [2024-09-22T13:39:47.017+0100] {dag.py:2907} INFO - Sync 1 DAGs
[2024-09-22T13:39:47.034+0100] {logging_mixin.py:151} INFO - [2024-09-22T13:39:47.034+0100] {dag.py:3677} INFO - Setting next_dagrun for example_sla_dag to 2024-09-22T12:36:00+00:00, run_after=2024-09-22T12:38:00+00:00
[2024-09-22T13:39:47.051+0100] {processor.py:179} INFO - Processing /Users/rtewelde/airflow_venv/lib/python3.11/site-packages/airflow/example_dags/example_sla_dag.py took 0.263 seconds
[2024-09-22T13:41:18.495+0100] {processor.py:157} INFO - Started process (PID=58434) to work on /Users/rtewelde/airflow_venv/lib/python3.11/site-packages/airflow/example_dags/example_sla_dag.py
[2024-09-22T13:41:18.499+0100] {processor.py:829} INFO - Processing file /Users/rtewelde/airflow_venv/lib/python3.11/site-packages/airflow/example_dags/example_sla_dag.py for tasks to queue
[2024-09-22T13:41:18.499+0100] {logging_mixin.py:151} INFO - [2024-09-22T13:41:18.499+0100] {dagbag.py:539} INFO - Filling up the DagBag from /Users/rtewelde/airflow_venv/lib/python3.11/site-packages/airflow/example_dags/example_sla_dag.py
[2024-09-22T13:41:18.585+0100] {processor.py:839} INFO - DAG(s) dict_keys(['example_sla_dag']) retrieved from /Users/rtewelde/airflow_venv/lib/python3.11/site-packages/airflow/example_dags/example_sla_dag.py
[2024-09-22T13:41:18.750+0100] {logging_mixin.py:151} INFO - [2024-09-22T13:41:18.750+0100] {dag.py:2907} INFO - Sync 1 DAGs
[2024-09-22T13:41:18.768+0100] {logging_mixin.py:151} INFO - [2024-09-22T13:41:18.768+0100] {dag.py:3677} INFO - Setting next_dagrun for example_sla_dag to 2024-09-22T12:38:00+00:00, run_after=2024-09-22T12:40:00+00:00
[2024-09-22T13:41:18.786+0100] {processor.py:179} INFO - Processing /Users/rtewelde/airflow_venv/lib/python3.11/site-packages/airflow/example_dags/example_sla_dag.py took 0.293 seconds
[2024-09-22T14:20:13.842+0100] {processor.py:186} INFO - Started process (PID=72301) to work on /Users/rtewelde/airflow_venv/lib/python3.11/site-packages/airflow/example_dags/example_sla_dag.py
[2024-09-22T14:20:13.844+0100] {processor.py:914} INFO - Processing file /Users/rtewelde/airflow_venv/lib/python3.11/site-packages/airflow/example_dags/example_sla_dag.py for tasks to queue
[2024-09-22T14:20:13.845+0100] {logging_mixin.py:190} INFO - [2024-09-22T14:20:13.845+0100] {dagbag.py:588} INFO - Filling up the DagBag from /Users/rtewelde/airflow_venv/lib/python3.11/site-packages/airflow/example_dags/example_sla_dag.py
[2024-09-22T14:20:13.878+0100] {processor.py:925} INFO - DAG(s) 'example_sla_dag' retrieved from /Users/rtewelde/airflow_venv/lib/python3.11/site-packages/airflow/example_dags/example_sla_dag.py
[2024-09-22T14:20:14.115+0100] {logging_mixin.py:190} INFO - [2024-09-22T14:20:14.115+0100] {dag.py:3239} INFO - Sync 1 DAGs
[2024-09-22T14:20:14.133+0100] {logging_mixin.py:190} INFO - [2024-09-22T14:20:14.133+0100] {dag.py:4180} INFO - Setting next_dagrun for example_sla_dag to 2024-09-22 13:18:00+00:00, run_after=2024-09-22 13:20:00+00:00
[2024-09-22T14:20:14.151+0100] {processor.py:208} INFO - Processing /Users/rtewelde/airflow_venv/lib/python3.11/site-packages/airflow/example_dags/example_sla_dag.py took 0.312 seconds
[2024-09-22T14:23:12.863+0100] {processor.py:186} INFO - Started process (PID=73315) to work on /Users/rtewelde/airflow_venv/lib/python3.11/site-packages/airflow/example_dags/example_sla_dag.py
[2024-09-22T14:23:12.864+0100] {processor.py:914} INFO - Processing file /Users/rtewelde/airflow_venv/lib/python3.11/site-packages/airflow/example_dags/example_sla_dag.py for tasks to queue
[2024-09-22T14:23:12.865+0100] {logging_mixin.py:190} INFO - [2024-09-22T14:23:12.865+0100] {dagbag.py:588} INFO - Filling up the DagBag from /Users/rtewelde/airflow_venv/lib/python3.11/site-packages/airflow/example_dags/example_sla_dag.py
[2024-09-22T14:23:12.901+0100] {processor.py:925} INFO - DAG(s) 'example_sla_dag' retrieved from /Users/rtewelde/airflow_venv/lib/python3.11/site-packages/airflow/example_dags/example_sla_dag.py
[2024-09-22T14:23:13.063+0100] {logging_mixin.py:190} INFO - [2024-09-22T14:23:13.062+0100] {dag.py:3239} INFO - Sync 1 DAGs
[2024-09-22T14:23:13.084+0100] {logging_mixin.py:190} INFO - [2024-09-22T14:23:13.084+0100] {dag.py:4180} INFO - Setting next_dagrun for example_sla_dag to 2024-09-22 13:20:00+00:00, run_after=2024-09-22 13:22:00+00:00
[2024-09-22T14:23:13.104+0100] {processor.py:208} INFO - Processing /Users/rtewelde/airflow_venv/lib/python3.11/site-packages/airflow/example_dags/example_sla_dag.py took 0.244 seconds
[2024-09-22T14:25:39.166+0100] {processor.py:186} INFO - Started process (PID=74044) to work on /Users/rtewelde/airflow_venv/lib/python3.11/site-packages/airflow/example_dags/example_sla_dag.py
[2024-09-22T14:25:39.166+0100] {processor.py:914} INFO - Processing file /Users/rtewelde/airflow_venv/lib/python3.11/site-packages/airflow/example_dags/example_sla_dag.py for tasks to queue
[2024-09-22T14:25:39.168+0100] {logging_mixin.py:190} INFO - [2024-09-22T14:25:39.167+0100] {dagbag.py:588} INFO - Filling up the DagBag from /Users/rtewelde/airflow_venv/lib/python3.11/site-packages/airflow/example_dags/example_sla_dag.py
[2024-09-22T14:25:39.205+0100] {processor.py:925} INFO - DAG(s) 'example_sla_dag' retrieved from /Users/rtewelde/airflow_venv/lib/python3.11/site-packages/airflow/example_dags/example_sla_dag.py
[2024-09-22T14:25:39.358+0100] {logging_mixin.py:190} INFO - [2024-09-22T14:25:39.358+0100] {dag.py:3239} INFO - Sync 1 DAGs
[2024-09-22T14:25:39.378+0100] {logging_mixin.py:190} INFO - [2024-09-22T14:25:39.378+0100] {dag.py:4180} INFO - Setting next_dagrun for example_sla_dag to 2024-09-22 13:22:00+00:00, run_after=2024-09-22 13:24:00+00:00
[2024-09-22T14:25:39.394+0100] {processor.py:208} INFO - Processing /Users/rtewelde/airflow_venv/lib/python3.11/site-packages/airflow/example_dags/example_sla_dag.py took 0.231 seconds
[2024-09-22T14:28:00.728+0100] {processor.py:186} INFO - Started process (PID=74752) to work on /Users/rtewelde/airflow_venv/lib/python3.11/site-packages/airflow/example_dags/example_sla_dag.py
[2024-09-22T14:28:00.729+0100] {processor.py:914} INFO - Processing file /Users/rtewelde/airflow_venv/lib/python3.11/site-packages/airflow/example_dags/example_sla_dag.py for tasks to queue
[2024-09-22T14:28:00.730+0100] {logging_mixin.py:190} INFO - [2024-09-22T14:28:00.729+0100] {dagbag.py:588} INFO - Filling up the DagBag from /Users/rtewelde/airflow_venv/lib/python3.11/site-packages/airflow/example_dags/example_sla_dag.py
[2024-09-22T14:28:00.763+0100] {processor.py:925} INFO - DAG(s) 'example_sla_dag' retrieved from /Users/rtewelde/airflow_venv/lib/python3.11/site-packages/airflow/example_dags/example_sla_dag.py
[2024-09-22T14:28:00.907+0100] {logging_mixin.py:190} INFO - [2024-09-22T14:28:00.907+0100] {dag.py:3239} INFO - Sync 1 DAGs
[2024-09-22T14:28:00.928+0100] {logging_mixin.py:190} INFO - [2024-09-22T14:28:00.928+0100] {dag.py:4180} INFO - Setting next_dagrun for example_sla_dag to 2024-09-22 13:26:00+00:00, run_after=2024-09-22 13:28:00+00:00
[2024-09-22T14:28:00.944+0100] {processor.py:208} INFO - Processing /Users/rtewelde/airflow_venv/lib/python3.11/site-packages/airflow/example_dags/example_sla_dag.py took 0.218 seconds
[2024-09-22T14:30:20.170+0100] {processor.py:186} INFO - Started process (PID=75446) to work on /Users/rtewelde/airflow_venv/lib/python3.11/site-packages/airflow/example_dags/example_sla_dag.py
[2024-09-22T14:30:20.171+0100] {processor.py:914} INFO - Processing file /Users/rtewelde/airflow_venv/lib/python3.11/site-packages/airflow/example_dags/example_sla_dag.py for tasks to queue
[2024-09-22T14:30:20.172+0100] {logging_mixin.py:190} INFO - [2024-09-22T14:30:20.172+0100] {dagbag.py:588} INFO - Filling up the DagBag from /Users/rtewelde/airflow_venv/lib/python3.11/site-packages/airflow/example_dags/example_sla_dag.py
[2024-09-22T14:30:20.206+0100] {processor.py:925} INFO - DAG(s) 'example_sla_dag' retrieved from /Users/rtewelde/airflow_venv/lib/python3.11/site-packages/airflow/example_dags/example_sla_dag.py
[2024-09-22T14:30:20.356+0100] {logging_mixin.py:190} INFO - [2024-09-22T14:30:20.356+0100] {dag.py:3239} INFO - Sync 1 DAGs
[2024-09-22T14:30:20.377+0100] {logging_mixin.py:190} INFO - [2024-09-22T14:30:20.377+0100] {dag.py:4180} INFO - Setting next_dagrun for example_sla_dag to 2024-09-22 13:28:00+00:00, run_after=2024-09-22 13:30:00+00:00
[2024-09-22T14:30:20.396+0100] {processor.py:208} INFO - Processing /Users/rtewelde/airflow_venv/lib/python3.11/site-packages/airflow/example_dags/example_sla_dag.py took 0.228 seconds
[2024-09-22T14:32:36.833+0100] {processor.py:186} INFO - Started process (PID=76080) to work on /Users/rtewelde/airflow_venv/lib/python3.11/site-packages/airflow/example_dags/example_sla_dag.py
[2024-09-22T14:32:36.834+0100] {processor.py:914} INFO - Processing file /Users/rtewelde/airflow_venv/lib/python3.11/site-packages/airflow/example_dags/example_sla_dag.py for tasks to queue
[2024-09-22T14:32:36.835+0100] {logging_mixin.py:190} INFO - [2024-09-22T14:32:36.834+0100] {dagbag.py:588} INFO - Filling up the DagBag from /Users/rtewelde/airflow_venv/lib/python3.11/site-packages/airflow/example_dags/example_sla_dag.py
[2024-09-22T14:32:36.869+0100] {processor.py:925} INFO - DAG(s) 'example_sla_dag' retrieved from /Users/rtewelde/airflow_venv/lib/python3.11/site-packages/airflow/example_dags/example_sla_dag.py
[2024-09-22T14:32:37.020+0100] {logging_mixin.py:190} INFO - [2024-09-22T14:32:37.019+0100] {dag.py:3239} INFO - Sync 1 DAGs
[2024-09-22T14:32:37.038+0100] {logging_mixin.py:190} INFO - [2024-09-22T14:32:37.038+0100] {dag.py:4180} INFO - Setting next_dagrun for example_sla_dag to 2024-09-22 13:30:00+00:00, run_after=2024-09-22 13:32:00+00:00
[2024-09-22T14:32:37.055+0100] {processor.py:208} INFO - Processing /Users/rtewelde/airflow_venv/lib/python3.11/site-packages/airflow/example_dags/example_sla_dag.py took 0.226 seconds
[2024-09-22T14:35:19.604+0100] {processor.py:186} INFO - Started process (PID=76858) to work on /Users/rtewelde/airflow_venv/lib/python3.11/site-packages/airflow/example_dags/example_sla_dag.py
[2024-09-22T14:35:19.605+0100] {processor.py:914} INFO - Processing file /Users/rtewelde/airflow_venv/lib/python3.11/site-packages/airflow/example_dags/example_sla_dag.py for tasks to queue
[2024-09-22T14:35:19.606+0100] {logging_mixin.py:190} INFO - [2024-09-22T14:35:19.606+0100] {dagbag.py:588} INFO - Filling up the DagBag from /Users/rtewelde/airflow_venv/lib/python3.11/site-packages/airflow/example_dags/example_sla_dag.py
[2024-09-22T14:35:19.650+0100] {processor.py:925} INFO - DAG(s) 'example_sla_dag' retrieved from /Users/rtewelde/airflow_venv/lib/python3.11/site-packages/airflow/example_dags/example_sla_dag.py
[2024-09-22T14:35:19.870+0100] {logging_mixin.py:190} INFO - [2024-09-22T14:35:19.870+0100] {dag.py:3239} INFO - Sync 1 DAGs
[2024-09-22T14:35:19.894+0100] {logging_mixin.py:190} INFO - [2024-09-22T14:35:19.894+0100] {dag.py:4180} INFO - Setting next_dagrun for example_sla_dag to 2024-09-22 13:32:00+00:00, run_after=2024-09-22 13:34:00+00:00
[2024-09-22T14:35:19.912+0100] {processor.py:208} INFO - Processing /Users/rtewelde/airflow_venv/lib/python3.11/site-packages/airflow/example_dags/example_sla_dag.py took 0.311 seconds
[2024-09-22T14:38:26.204+0100] {processor.py:186} INFO - Started process (PID=77720) to work on /Users/rtewelde/airflow_venv/lib/python3.11/site-packages/airflow/example_dags/example_sla_dag.py
[2024-09-22T14:38:26.205+0100] {processor.py:914} INFO - Processing file /Users/rtewelde/airflow_venv/lib/python3.11/site-packages/airflow/example_dags/example_sla_dag.py for tasks to queue
[2024-09-22T14:38:26.207+0100] {logging_mixin.py:190} INFO - [2024-09-22T14:38:26.207+0100] {dagbag.py:588} INFO - Filling up the DagBag from /Users/rtewelde/airflow_venv/lib/python3.11/site-packages/airflow/example_dags/example_sla_dag.py
[2024-09-22T14:38:26.293+0100] {processor.py:925} INFO - DAG(s) 'example_sla_dag' retrieved from /Users/rtewelde/airflow_venv/lib/python3.11/site-packages/airflow/example_dags/example_sla_dag.py
[2024-09-22T14:38:26.667+0100] {logging_mixin.py:190} INFO - [2024-09-22T14:38:26.666+0100] {dag.py:3239} INFO - Sync 1 DAGs
[2024-09-22T14:38:26.725+0100] {logging_mixin.py:190} INFO - [2024-09-22T14:38:26.725+0100] {dag.py:4180} INFO - Setting next_dagrun for example_sla_dag to 2024-09-22 13:36:00+00:00, run_after=2024-09-22 13:38:00+00:00
[2024-09-22T14:38:26.770+0100] {processor.py:208} INFO - Processing /Users/rtewelde/airflow_venv/lib/python3.11/site-packages/airflow/example_dags/example_sla_dag.py took 0.576 seconds
[2024-09-22T14:40:51.776+0100] {processor.py:186} INFO - Started process (PID=78646) to work on /Users/rtewelde/airflow_venv/lib/python3.11/site-packages/airflow/example_dags/example_sla_dag.py
[2024-09-22T14:40:51.778+0100] {processor.py:914} INFO - Processing file /Users/rtewelde/airflow_venv/lib/python3.11/site-packages/airflow/example_dags/example_sla_dag.py for tasks to queue
[2024-09-22T14:40:51.779+0100] {logging_mixin.py:190} INFO - [2024-09-22T14:40:51.779+0100] {dagbag.py:588} INFO - Filling up the DagBag from /Users/rtewelde/airflow_venv/lib/python3.11/site-packages/airflow/example_dags/example_sla_dag.py
[2024-09-22T14:40:51.817+0100] {processor.py:925} INFO - DAG(s) 'example_sla_dag' retrieved from /Users/rtewelde/airflow_venv/lib/python3.11/site-packages/airflow/example_dags/example_sla_dag.py
[2024-09-22T14:40:51.982+0100] {logging_mixin.py:190} INFO - [2024-09-22T14:40:51.982+0100] {dag.py:3239} INFO - Sync 1 DAGs
[2024-09-22T14:40:52.006+0100] {logging_mixin.py:190} INFO - [2024-09-22T14:40:52.005+0100] {dag.py:4180} INFO - Setting next_dagrun for example_sla_dag to 2024-09-22 13:38:00+00:00, run_after=2024-09-22 13:40:00+00:00
[2024-09-22T14:40:52.023+0100] {processor.py:208} INFO - Processing /Users/rtewelde/airflow_venv/lib/python3.11/site-packages/airflow/example_dags/example_sla_dag.py took 0.249 seconds
[2024-09-22T14:43:08.666+0100] {processor.py:186} INFO - Started process (PID=79392) to work on /Users/rtewelde/airflow_venv/lib/python3.11/site-packages/airflow/example_dags/example_sla_dag.py
[2024-09-22T14:43:08.667+0100] {processor.py:914} INFO - Processing file /Users/rtewelde/airflow_venv/lib/python3.11/site-packages/airflow/example_dags/example_sla_dag.py for tasks to queue
[2024-09-22T14:43:08.668+0100] {logging_mixin.py:190} INFO - [2024-09-22T14:43:08.668+0100] {dagbag.py:588} INFO - Filling up the DagBag from /Users/rtewelde/airflow_venv/lib/python3.11/site-packages/airflow/example_dags/example_sla_dag.py
[2024-09-22T14:43:08.779+0100] {processor.py:925} INFO - DAG(s) 'example_sla_dag' retrieved from /Users/rtewelde/airflow_venv/lib/python3.11/site-packages/airflow/example_dags/example_sla_dag.py
[2024-09-22T14:43:09.053+0100] {logging_mixin.py:190} INFO - [2024-09-22T14:43:09.053+0100] {dag.py:3239} INFO - Sync 1 DAGs
[2024-09-22T14:43:09.077+0100] {logging_mixin.py:190} INFO - [2024-09-22T14:43:09.077+0100] {dag.py:4180} INFO - Setting next_dagrun for example_sla_dag to 2024-09-22 13:40:00+00:00, run_after=2024-09-22 13:42:00+00:00
[2024-09-22T14:43:09.094+0100] {processor.py:208} INFO - Processing /Users/rtewelde/airflow_venv/lib/python3.11/site-packages/airflow/example_dags/example_sla_dag.py took 0.431 seconds
[2024-09-22T14:44:11.115+0100] {processor.py:186} INFO - Started process (PID=79689) to work on /Users/rtewelde/airflow_venv/lib/python3.11/site-packages/airflow/example_dags/example_sla_dag.py
[2024-09-22T14:44:11.116+0100] {processor.py:914} INFO - Processing file /Users/rtewelde/airflow_venv/lib/python3.11/site-packages/airflow/example_dags/example_sla_dag.py for tasks to queue
[2024-09-22T14:44:11.117+0100] {logging_mixin.py:190} INFO - [2024-09-22T14:44:11.116+0100] {dagbag.py:588} INFO - Filling up the DagBag from /Users/rtewelde/airflow_venv/lib/python3.11/site-packages/airflow/example_dags/example_sla_dag.py
[2024-09-22T14:44:11.152+0100] {processor.py:925} INFO - DAG(s) 'example_sla_dag' retrieved from /Users/rtewelde/airflow_venv/lib/python3.11/site-packages/airflow/example_dags/example_sla_dag.py
[2024-09-22T14:44:11.321+0100] {logging_mixin.py:190} INFO - [2024-09-22T14:44:11.320+0100] {dag.py:3239} INFO - Sync 1 DAGs
[2024-09-22T14:44:11.345+0100] {logging_mixin.py:190} INFO - [2024-09-22T14:44:11.345+0100] {dag.py:4180} INFO - Setting next_dagrun for example_sla_dag to 2024-09-22 13:42:00+00:00, run_after=2024-09-22 13:44:00+00:00
[2024-09-22T14:44:11.363+0100] {processor.py:208} INFO - Processing /Users/rtewelde/airflow_venv/lib/python3.11/site-packages/airflow/example_dags/example_sla_dag.py took 0.251 seconds
[2024-09-22T14:46:52.652+0100] {processor.py:186} INFO - Started process (PID=80457) to work on /Users/rtewelde/airflow_venv/lib/python3.11/site-packages/airflow/example_dags/example_sla_dag.py
[2024-09-22T14:46:52.654+0100] {processor.py:914} INFO - Processing file /Users/rtewelde/airflow_venv/lib/python3.11/site-packages/airflow/example_dags/example_sla_dag.py for tasks to queue
[2024-09-22T14:46:52.655+0100] {logging_mixin.py:190} INFO - [2024-09-22T14:46:52.655+0100] {dagbag.py:588} INFO - Filling up the DagBag from /Users/rtewelde/airflow_venv/lib/python3.11/site-packages/airflow/example_dags/example_sla_dag.py
[2024-09-22T14:46:52.718+0100] {processor.py:925} INFO - DAG(s) 'example_sla_dag' retrieved from /Users/rtewelde/airflow_venv/lib/python3.11/site-packages/airflow/example_dags/example_sla_dag.py
[2024-09-22T14:46:53.060+0100] {logging_mixin.py:190} INFO - [2024-09-22T14:46:53.059+0100] {dag.py:3239} INFO - Sync 1 DAGs
[2024-09-22T14:46:53.107+0100] {logging_mixin.py:190} INFO - [2024-09-22T14:46:53.107+0100] {dag.py:4180} INFO - Setting next_dagrun for example_sla_dag to 2024-09-22 13:44:00+00:00, run_after=2024-09-22 13:46:00+00:00
[2024-09-22T14:46:53.141+0100] {processor.py:208} INFO - Processing /Users/rtewelde/airflow_venv/lib/python3.11/site-packages/airflow/example_dags/example_sla_dag.py took 0.499 seconds
[2024-09-22T14:47:32.727+0100] {processor.py:186} INFO - Started process (PID=80671) to work on /Users/rtewelde/airflow_venv/lib/python3.11/site-packages/airflow/example_dags/example_sla_dag.py
[2024-09-22T14:47:32.727+0100] {processor.py:914} INFO - Processing file /Users/rtewelde/airflow_venv/lib/python3.11/site-packages/airflow/example_dags/example_sla_dag.py for tasks to queue
[2024-09-22T14:47:32.728+0100] {logging_mixin.py:190} INFO - [2024-09-22T14:47:32.728+0100] {dagbag.py:588} INFO - Filling up the DagBag from /Users/rtewelde/airflow_venv/lib/python3.11/site-packages/airflow/example_dags/example_sla_dag.py
[2024-09-22T14:47:32.792+0100] {processor.py:925} INFO - DAG(s) 'example_sla_dag' retrieved from /Users/rtewelde/airflow_venv/lib/python3.11/site-packages/airflow/example_dags/example_sla_dag.py
[2024-09-22T14:47:33.068+0100] {logging_mixin.py:190} INFO - [2024-09-22T14:47:33.067+0100] {dag.py:3239} INFO - Sync 1 DAGs
[2024-09-22T14:47:33.097+0100] {logging_mixin.py:190} INFO - [2024-09-22T14:47:33.097+0100] {dag.py:4180} INFO - Setting next_dagrun for example_sla_dag to 2024-09-22 13:44:00+00:00, run_after=2024-09-22 13:46:00+00:00
[2024-09-22T14:47:33.120+0100] {processor.py:208} INFO - Processing /Users/rtewelde/airflow_venv/lib/python3.11/site-packages/airflow/example_dags/example_sla_dag.py took 0.397 seconds
[2024-09-22T14:50:42.838+0100] {processor.py:186} INFO - Started process (PID=81637) to work on /Users/rtewelde/airflow_venv/lib/python3.11/site-packages/airflow/example_dags/example_sla_dag.py
[2024-09-22T14:50:42.842+0100] {processor.py:914} INFO - Processing file /Users/rtewelde/airflow_venv/lib/python3.11/site-packages/airflow/example_dags/example_sla_dag.py for tasks to queue
[2024-09-22T14:50:42.844+0100] {logging_mixin.py:190} INFO - [2024-09-22T14:50:42.844+0100] {dagbag.py:588} INFO - Filling up the DagBag from /Users/rtewelde/airflow_venv/lib/python3.11/site-packages/airflow/example_dags/example_sla_dag.py
[2024-09-22T14:50:42.888+0100] {processor.py:925} INFO - DAG(s) 'example_sla_dag' retrieved from /Users/rtewelde/airflow_venv/lib/python3.11/site-packages/airflow/example_dags/example_sla_dag.py
[2024-09-22T14:50:43.175+0100] {logging_mixin.py:190} INFO - [2024-09-22T14:50:43.174+0100] {dag.py:3239} INFO - Sync 1 DAGs
[2024-09-22T14:50:43.215+0100] {logging_mixin.py:190} INFO - [2024-09-22T14:50:43.215+0100] {dag.py:4180} INFO - Setting next_dagrun for example_sla_dag to 2024-09-22 13:48:00+00:00, run_after=2024-09-22 13:50:00+00:00
[2024-09-22T14:50:43.236+0100] {processor.py:208} INFO - Processing /Users/rtewelde/airflow_venv/lib/python3.11/site-packages/airflow/example_dags/example_sla_dag.py took 0.402 seconds
