[2024-09-22T13:36:08.019+0100] {processor.py:157} INFO - Started process (PID=56439) to work on /Users/rtewelde/airflow_venv/lib/python3.11/site-packages/airflow/example_dags/example_dynamic_task_mapping.py
[2024-09-22T13:36:08.023+0100] {processor.py:829} INFO - Processing file /Users/rtewelde/airflow_venv/lib/python3.11/site-packages/airflow/example_dags/example_dynamic_task_mapping.py for tasks to queue
[2024-09-22T13:36:08.023+0100] {logging_mixin.py:151} INFO - [2024-09-22T13:36:08.023+0100] {dagbag.py:539} INFO - Filling up the DagBag from /Users/rtewelde/airflow_venv/lib/python3.11/site-packages/airflow/example_dags/example_dynamic_task_mapping.py
[2024-09-22T13:36:08.103+0100] {processor.py:839} INFO - DAG(s) dict_keys(['example_dynamic_task_mapping']) retrieved from /Users/rtewelde/airflow_venv/lib/python3.11/site-packages/airflow/example_dags/example_dynamic_task_mapping.py
[2024-09-22T13:36:08.262+0100] {logging_mixin.py:151} INFO - [2024-09-22T13:36:08.262+0100] {dag.py:2907} INFO - Sync 1 DAGs
[2024-09-22T13:36:08.278+0100] {logging_mixin.py:151} INFO - [2024-09-22T13:36:08.278+0100] {dag.py:3677} INFO - Setting next_dagrun for example_dynamic_task_mapping to 2022-03-04T00:00:00+00:00, run_after=2022-03-05T00:00:00+00:00
[2024-09-22T13:36:08.297+0100] {processor.py:179} INFO - Processing /Users/rtewelde/airflow_venv/lib/python3.11/site-packages/airflow/example_dags/example_dynamic_task_mapping.py took 0.279 seconds
[2024-09-22T13:38:35.936+0100] {processor.py:157} INFO - Started process (PID=57262) to work on /Users/rtewelde/airflow_venv/lib/python3.11/site-packages/airflow/example_dags/example_dynamic_task_mapping.py
[2024-09-22T13:38:35.944+0100] {processor.py:829} INFO - Processing file /Users/rtewelde/airflow_venv/lib/python3.11/site-packages/airflow/example_dags/example_dynamic_task_mapping.py for tasks to queue
[2024-09-22T13:38:35.946+0100] {logging_mixin.py:151} INFO - [2024-09-22T13:38:35.946+0100] {dagbag.py:539} INFO - Filling up the DagBag from /Users/rtewelde/airflow_venv/lib/python3.11/site-packages/airflow/example_dags/example_dynamic_task_mapping.py
[2024-09-22T13:38:36.091+0100] {processor.py:839} INFO - DAG(s) dict_keys(['example_dynamic_task_mapping']) retrieved from /Users/rtewelde/airflow_venv/lib/python3.11/site-packages/airflow/example_dags/example_dynamic_task_mapping.py
[2024-09-22T13:38:36.293+0100] {logging_mixin.py:151} INFO - [2024-09-22T13:38:36.293+0100] {dag.py:2907} INFO - Sync 1 DAGs
[2024-09-22T13:38:36.310+0100] {logging_mixin.py:151} INFO - [2024-09-22T13:38:36.310+0100] {dag.py:3677} INFO - Setting next_dagrun for example_dynamic_task_mapping to 2022-03-04T00:00:00+00:00, run_after=2022-03-05T00:00:00+00:00
[2024-09-22T13:38:36.329+0100] {processor.py:179} INFO - Processing /Users/rtewelde/airflow_venv/lib/python3.11/site-packages/airflow/example_dags/example_dynamic_task_mapping.py took 0.395 seconds
[2024-09-22T13:40:37.887+0100] {processor.py:157} INFO - Started process (PID=58222) to work on /Users/rtewelde/airflow_venv/lib/python3.11/site-packages/airflow/example_dags/example_dynamic_task_mapping.py
[2024-09-22T13:40:37.891+0100] {processor.py:829} INFO - Processing file /Users/rtewelde/airflow_venv/lib/python3.11/site-packages/airflow/example_dags/example_dynamic_task_mapping.py for tasks to queue
[2024-09-22T13:40:37.892+0100] {logging_mixin.py:151} INFO - [2024-09-22T13:40:37.892+0100] {dagbag.py:539} INFO - Filling up the DagBag from /Users/rtewelde/airflow_venv/lib/python3.11/site-packages/airflow/example_dags/example_dynamic_task_mapping.py
[2024-09-22T13:40:37.973+0100] {processor.py:839} INFO - DAG(s) dict_keys(['example_dynamic_task_mapping']) retrieved from /Users/rtewelde/airflow_venv/lib/python3.11/site-packages/airflow/example_dags/example_dynamic_task_mapping.py
[2024-09-22T13:40:38.138+0100] {logging_mixin.py:151} INFO - [2024-09-22T13:40:38.137+0100] {dag.py:2907} INFO - Sync 1 DAGs
[2024-09-22T13:40:38.151+0100] {logging_mixin.py:151} INFO - [2024-09-22T13:40:38.151+0100] {dag.py:3677} INFO - Setting next_dagrun for example_dynamic_task_mapping to 2022-03-04T00:00:00+00:00, run_after=2022-03-05T00:00:00+00:00
[2024-09-22T13:40:38.171+0100] {processor.py:179} INFO - Processing /Users/rtewelde/airflow_venv/lib/python3.11/site-packages/airflow/example_dags/example_dynamic_task_mapping.py took 0.284 seconds
[2024-09-22T14:21:20.608+0100] {processor.py:186} INFO - Started process (PID=72727) to work on /Users/rtewelde/airflow_venv/lib/python3.11/site-packages/airflow/example_dags/example_dynamic_task_mapping.py
[2024-09-22T14:21:20.609+0100] {processor.py:914} INFO - Processing file /Users/rtewelde/airflow_venv/lib/python3.11/site-packages/airflow/example_dags/example_dynamic_task_mapping.py for tasks to queue
[2024-09-22T14:21:20.610+0100] {logging_mixin.py:190} INFO - [2024-09-22T14:21:20.609+0100] {dagbag.py:588} INFO - Filling up the DagBag from /Users/rtewelde/airflow_venv/lib/python3.11/site-packages/airflow/example_dags/example_dynamic_task_mapping.py
[2024-09-22T14:21:20.641+0100] {processor.py:925} INFO - DAG(s) 'example_dynamic_task_mapping' retrieved from /Users/rtewelde/airflow_venv/lib/python3.11/site-packages/airflow/example_dags/example_dynamic_task_mapping.py
[2024-09-22T14:21:20.885+0100] {logging_mixin.py:190} INFO - [2024-09-22T14:21:20.884+0100] {dag.py:3239} INFO - Sync 1 DAGs
[2024-09-22T14:21:20.895+0100] {logging_mixin.py:190} INFO - [2024-09-22T14:21:20.894+0100] {dag.py:4180} INFO - Setting next_dagrun for example_dynamic_task_mapping to None, run_after=None
[2024-09-22T14:21:20.911+0100] {processor.py:208} INFO - Processing /Users/rtewelde/airflow_venv/lib/python3.11/site-packages/airflow/example_dags/example_dynamic_task_mapping.py took 0.306 seconds
[2024-09-22T14:24:18.609+0100] {processor.py:186} INFO - Started process (PID=73671) to work on /Users/rtewelde/airflow_venv/lib/python3.11/site-packages/airflow/example_dags/example_dynamic_task_mapping.py
[2024-09-22T14:24:18.610+0100] {processor.py:914} INFO - Processing file /Users/rtewelde/airflow_venv/lib/python3.11/site-packages/airflow/example_dags/example_dynamic_task_mapping.py for tasks to queue
[2024-09-22T14:24:18.611+0100] {logging_mixin.py:190} INFO - [2024-09-22T14:24:18.611+0100] {dagbag.py:588} INFO - Filling up the DagBag from /Users/rtewelde/airflow_venv/lib/python3.11/site-packages/airflow/example_dags/example_dynamic_task_mapping.py
[2024-09-22T14:24:18.642+0100] {processor.py:925} INFO - DAG(s) 'example_dynamic_task_mapping' retrieved from /Users/rtewelde/airflow_venv/lib/python3.11/site-packages/airflow/example_dags/example_dynamic_task_mapping.py
[2024-09-22T14:24:18.786+0100] {logging_mixin.py:190} INFO - [2024-09-22T14:24:18.785+0100] {dag.py:3239} INFO - Sync 1 DAGs
[2024-09-22T14:24:18.797+0100] {logging_mixin.py:190} INFO - [2024-09-22T14:24:18.797+0100] {dag.py:4180} INFO - Setting next_dagrun for example_dynamic_task_mapping to None, run_after=None
[2024-09-22T14:24:18.812+0100] {processor.py:208} INFO - Processing /Users/rtewelde/airflow_venv/lib/python3.11/site-packages/airflow/example_dags/example_dynamic_task_mapping.py took 0.205 seconds
[2024-09-22T14:29:03.610+0100] {processor.py:186} INFO - Started process (PID=75069) to work on /Users/rtewelde/airflow_venv/lib/python3.11/site-packages/airflow/example_dags/example_dynamic_task_mapping.py
[2024-09-22T14:29:03.612+0100] {processor.py:914} INFO - Processing file /Users/rtewelde/airflow_venv/lib/python3.11/site-packages/airflow/example_dags/example_dynamic_task_mapping.py for tasks to queue
[2024-09-22T14:29:03.614+0100] {logging_mixin.py:190} INFO - [2024-09-22T14:29:03.614+0100] {dagbag.py:588} INFO - Filling up the DagBag from /Users/rtewelde/airflow_venv/lib/python3.11/site-packages/airflow/example_dags/example_dynamic_task_mapping.py
[2024-09-22T14:29:03.658+0100] {processor.py:925} INFO - DAG(s) 'example_dynamic_task_mapping' retrieved from /Users/rtewelde/airflow_venv/lib/python3.11/site-packages/airflow/example_dags/example_dynamic_task_mapping.py
[2024-09-22T14:29:03.887+0100] {logging_mixin.py:190} INFO - [2024-09-22T14:29:03.887+0100] {dag.py:3239} INFO - Sync 1 DAGs
[2024-09-22T14:29:03.910+0100] {logging_mixin.py:190} INFO - [2024-09-22T14:29:03.910+0100] {dag.py:4180} INFO - Setting next_dagrun for example_dynamic_task_mapping to None, run_after=None
[2024-09-22T14:29:03.941+0100] {processor.py:208} INFO - Processing /Users/rtewelde/airflow_venv/lib/python3.11/site-packages/airflow/example_dags/example_dynamic_task_mapping.py took 0.336 seconds
[2024-09-22T14:33:46.578+0100] {processor.py:186} INFO - Started process (PID=76423) to work on /Users/rtewelde/airflow_venv/lib/python3.11/site-packages/airflow/example_dags/example_dynamic_task_mapping.py
[2024-09-22T14:33:46.580+0100] {processor.py:914} INFO - Processing file /Users/rtewelde/airflow_venv/lib/python3.11/site-packages/airflow/example_dags/example_dynamic_task_mapping.py for tasks to queue
[2024-09-22T14:33:46.581+0100] {logging_mixin.py:190} INFO - [2024-09-22T14:33:46.580+0100] {dagbag.py:588} INFO - Filling up the DagBag from /Users/rtewelde/airflow_venv/lib/python3.11/site-packages/airflow/example_dags/example_dynamic_task_mapping.py
[2024-09-22T14:33:46.666+0100] {processor.py:925} INFO - DAG(s) 'example_dynamic_task_mapping' retrieved from /Users/rtewelde/airflow_venv/lib/python3.11/site-packages/airflow/example_dags/example_dynamic_task_mapping.py
[2024-09-22T14:33:47.024+0100] {logging_mixin.py:190} INFO - [2024-09-22T14:33:47.022+0100] {dag.py:3239} INFO - Sync 1 DAGs
[2024-09-22T14:33:47.065+0100] {logging_mixin.py:190} INFO - [2024-09-22T14:33:47.064+0100] {dag.py:4180} INFO - Setting next_dagrun for example_dynamic_task_mapping to None, run_after=None
[2024-09-22T14:33:47.103+0100] {processor.py:208} INFO - Processing /Users/rtewelde/airflow_venv/lib/python3.11/site-packages/airflow/example_dags/example_dynamic_task_mapping.py took 0.528 seconds
[2024-09-22T14:42:01.645+0100] {processor.py:186} INFO - Started process (PID=79049) to work on /Users/rtewelde/airflow_venv/lib/python3.11/site-packages/airflow/example_dags/example_dynamic_task_mapping.py
[2024-09-22T14:42:01.646+0100] {processor.py:914} INFO - Processing file /Users/rtewelde/airflow_venv/lib/python3.11/site-packages/airflow/example_dags/example_dynamic_task_mapping.py for tasks to queue
[2024-09-22T14:42:01.647+0100] {logging_mixin.py:190} INFO - [2024-09-22T14:42:01.647+0100] {dagbag.py:588} INFO - Filling up the DagBag from /Users/rtewelde/airflow_venv/lib/python3.11/site-packages/airflow/example_dags/example_dynamic_task_mapping.py
[2024-09-22T14:42:01.681+0100] {processor.py:925} INFO - DAG(s) 'example_dynamic_task_mapping' retrieved from /Users/rtewelde/airflow_venv/lib/python3.11/site-packages/airflow/example_dags/example_dynamic_task_mapping.py
[2024-09-22T14:42:01.852+0100] {logging_mixin.py:190} INFO - [2024-09-22T14:42:01.851+0100] {dag.py:3239} INFO - Sync 1 DAGs
[2024-09-22T14:42:01.864+0100] {logging_mixin.py:190} INFO - [2024-09-22T14:42:01.864+0100] {dag.py:4180} INFO - Setting next_dagrun for example_dynamic_task_mapping to None, run_after=None
[2024-09-22T14:42:01.886+0100] {processor.py:208} INFO - Processing /Users/rtewelde/airflow_venv/lib/python3.11/site-packages/airflow/example_dags/example_dynamic_task_mapping.py took 0.244 seconds
[2024-09-22T14:44:26.371+0100] {processor.py:186} INFO - Started process (PID=79764) to work on /Users/rtewelde/airflow_venv/lib/python3.11/site-packages/airflow/example_dags/example_dynamic_task_mapping.py
[2024-09-22T14:44:26.372+0100] {processor.py:914} INFO - Processing file /Users/rtewelde/airflow_venv/lib/python3.11/site-packages/airflow/example_dags/example_dynamic_task_mapping.py for tasks to queue
[2024-09-22T14:44:26.373+0100] {logging_mixin.py:190} INFO - [2024-09-22T14:44:26.373+0100] {dagbag.py:588} INFO - Filling up the DagBag from /Users/rtewelde/airflow_venv/lib/python3.11/site-packages/airflow/example_dags/example_dynamic_task_mapping.py
[2024-09-22T14:44:26.409+0100] {processor.py:925} INFO - DAG(s) 'example_dynamic_task_mapping' retrieved from /Users/rtewelde/airflow_venv/lib/python3.11/site-packages/airflow/example_dags/example_dynamic_task_mapping.py
[2024-09-22T14:44:26.582+0100] {logging_mixin.py:190} INFO - [2024-09-22T14:44:26.582+0100] {dag.py:3239} INFO - Sync 1 DAGs
[2024-09-22T14:44:26.597+0100] {logging_mixin.py:190} INFO - [2024-09-22T14:44:26.596+0100] {dag.py:4180} INFO - Setting next_dagrun for example_dynamic_task_mapping to None, run_after=None
[2024-09-22T14:44:26.613+0100] {processor.py:208} INFO - Processing /Users/rtewelde/airflow_venv/lib/python3.11/site-packages/airflow/example_dags/example_dynamic_task_mapping.py took 0.245 seconds
[2024-09-22T14:45:19.279+0100] {processor.py:186} INFO - Started process (PID=80025) to work on /Users/rtewelde/airflow_venv/lib/python3.11/site-packages/airflow/example_dags/example_dynamic_task_mapping.py
[2024-09-22T14:45:19.281+0100] {processor.py:914} INFO - Processing file /Users/rtewelde/airflow_venv/lib/python3.11/site-packages/airflow/example_dags/example_dynamic_task_mapping.py for tasks to queue
[2024-09-22T14:45:19.282+0100] {logging_mixin.py:190} INFO - [2024-09-22T14:45:19.282+0100] {dagbag.py:588} INFO - Filling up the DagBag from /Users/rtewelde/airflow_venv/lib/python3.11/site-packages/airflow/example_dags/example_dynamic_task_mapping.py
[2024-09-22T14:45:19.322+0100] {processor.py:925} INFO - DAG(s) 'example_dynamic_task_mapping' retrieved from /Users/rtewelde/airflow_venv/lib/python3.11/site-packages/airflow/example_dags/example_dynamic_task_mapping.py
[2024-09-22T14:45:19.513+0100] {logging_mixin.py:190} INFO - [2024-09-22T14:45:19.513+0100] {dag.py:3239} INFO - Sync 1 DAGs
[2024-09-22T14:45:19.525+0100] {logging_mixin.py:190} INFO - [2024-09-22T14:45:19.525+0100] {dag.py:4180} INFO - Setting next_dagrun for example_dynamic_task_mapping to None, run_after=None
[2024-09-22T14:45:19.544+0100] {processor.py:208} INFO - Processing /Users/rtewelde/airflow_venv/lib/python3.11/site-packages/airflow/example_dags/example_dynamic_task_mapping.py took 0.271 seconds
[2024-09-22T14:48:44.484+0100] {processor.py:186} INFO - Started process (PID=81022) to work on /Users/rtewelde/airflow_venv/lib/python3.11/site-packages/airflow/example_dags/example_dynamic_task_mapping.py
[2024-09-22T14:48:44.486+0100] {processor.py:914} INFO - Processing file /Users/rtewelde/airflow_venv/lib/python3.11/site-packages/airflow/example_dags/example_dynamic_task_mapping.py for tasks to queue
[2024-09-22T14:48:44.488+0100] {logging_mixin.py:190} INFO - [2024-09-22T14:48:44.488+0100] {dagbag.py:588} INFO - Filling up the DagBag from /Users/rtewelde/airflow_venv/lib/python3.11/site-packages/airflow/example_dags/example_dynamic_task_mapping.py
[2024-09-22T14:48:44.568+0100] {processor.py:925} INFO - DAG(s) 'example_dynamic_task_mapping' retrieved from /Users/rtewelde/airflow_venv/lib/python3.11/site-packages/airflow/example_dags/example_dynamic_task_mapping.py
[2024-09-22T14:48:44.954+0100] {logging_mixin.py:190} INFO - [2024-09-22T14:48:44.950+0100] {dag.py:3239} INFO - Sync 1 DAGs
[2024-09-22T14:48:44.984+0100] {logging_mixin.py:190} INFO - [2024-09-22T14:48:44.982+0100] {dag.py:4180} INFO - Setting next_dagrun for example_dynamic_task_mapping to None, run_after=None
[2024-09-22T14:48:45.020+0100] {processor.py:208} INFO - Processing /Users/rtewelde/airflow_venv/lib/python3.11/site-packages/airflow/example_dags/example_dynamic_task_mapping.py took 0.541 seconds
