[2024-09-22T13:36:21.924+0100] {processor.py:157} INFO - Started process (PID=56535) to work on /Users/rtewelde/airflow_venv/lib/python3.11/site-packages/airflow/example_dags/example_branch_operator.py
[2024-09-22T13:36:21.930+0100] {processor.py:829} INFO - Processing file /Users/rtewelde/airflow_venv/lib/python3.11/site-packages/airflow/example_dags/example_branch_operator.py for tasks to queue
[2024-09-22T13:36:21.931+0100] {logging_mixin.py:151} INFO - [2024-09-22T13:36:21.931+0100] {dagbag.py:539} INFO - Filling up the DagBag from /Users/rtewelde/airflow_venv/lib/python3.11/site-packages/airflow/example_dags/example_branch_operator.py
[2024-09-22T13:36:21.999+0100] {processor.py:839} INFO - DAG(s) dict_keys(['example_branch_operator']) retrieved from /Users/rtewelde/airflow_venv/lib/python3.11/site-packages/airflow/example_dags/example_branch_operator.py
[2024-09-22T13:36:22.170+0100] {logging_mixin.py:151} INFO - [2024-09-22T13:36:22.169+0100] {dag.py:2907} INFO - Sync 1 DAGs
[2024-09-22T13:36:22.185+0100] {logging_mixin.py:151} INFO - [2024-09-22T13:36:22.185+0100] {dag.py:3677} INFO - Setting next_dagrun for example_branch_operator to 2024-09-21T00:00:00+00:00, run_after=2024-09-22T00:00:00+00:00
[2024-09-22T13:36:22.203+0100] {processor.py:179} INFO - Processing /Users/rtewelde/airflow_venv/lib/python3.11/site-packages/airflow/example_dags/example_branch_operator.py took 0.280 seconds
[2024-09-22T13:38:58.134+0100] {processor.py:157} INFO - Started process (PID=57707) to work on /Users/rtewelde/airflow_venv/lib/python3.11/site-packages/airflow/example_dags/example_branch_operator.py
[2024-09-22T13:38:58.137+0100] {processor.py:829} INFO - Processing file /Users/rtewelde/airflow_venv/lib/python3.11/site-packages/airflow/example_dags/example_branch_operator.py for tasks to queue
[2024-09-22T13:38:58.138+0100] {logging_mixin.py:151} INFO - [2024-09-22T13:38:58.138+0100] {dagbag.py:539} INFO - Filling up the DagBag from /Users/rtewelde/airflow_venv/lib/python3.11/site-packages/airflow/example_dags/example_branch_operator.py
[2024-09-22T13:38:58.209+0100] {processor.py:839} INFO - DAG(s) dict_keys(['example_branch_operator']) retrieved from /Users/rtewelde/airflow_venv/lib/python3.11/site-packages/airflow/example_dags/example_branch_operator.py
[2024-09-22T13:38:58.378+0100] {logging_mixin.py:151} INFO - [2024-09-22T13:38:58.378+0100] {dag.py:2907} INFO - Sync 1 DAGs
[2024-09-22T13:38:58.398+0100] {logging_mixin.py:151} INFO - [2024-09-22T13:38:58.398+0100] {dag.py:3677} INFO - Setting next_dagrun for example_branch_operator to 2024-09-21T00:00:00+00:00, run_after=2024-09-22T00:00:00+00:00
[2024-09-22T13:38:58.417+0100] {processor.py:179} INFO - Processing /Users/rtewelde/airflow_venv/lib/python3.11/site-packages/airflow/example_dags/example_branch_operator.py took 0.284 seconds
[2024-09-22T13:41:46.866+0100] {processor.py:157} INFO - Started process (PID=58607) to work on /Users/rtewelde/airflow_venv/lib/python3.11/site-packages/airflow/example_dags/example_branch_operator.py
[2024-09-22T13:41:46.870+0100] {processor.py:829} INFO - Processing file /Users/rtewelde/airflow_venv/lib/python3.11/site-packages/airflow/example_dags/example_branch_operator.py for tasks to queue
[2024-09-22T13:41:46.870+0100] {logging_mixin.py:151} INFO - [2024-09-22T13:41:46.870+0100] {dagbag.py:539} INFO - Filling up the DagBag from /Users/rtewelde/airflow_venv/lib/python3.11/site-packages/airflow/example_dags/example_branch_operator.py
[2024-09-22T13:41:46.949+0100] {processor.py:839} INFO - DAG(s) dict_keys(['example_branch_operator']) retrieved from /Users/rtewelde/airflow_venv/lib/python3.11/site-packages/airflow/example_dags/example_branch_operator.py
[2024-09-22T13:41:47.125+0100] {logging_mixin.py:151} INFO - [2024-09-22T13:41:47.124+0100] {dag.py:2907} INFO - Sync 1 DAGs
[2024-09-22T13:41:47.142+0100] {logging_mixin.py:151} INFO - [2024-09-22T13:41:47.141+0100] {dag.py:3677} INFO - Setting next_dagrun for example_branch_operator to 2024-09-21T00:00:00+00:00, run_after=2024-09-22T00:00:00+00:00
[2024-09-22T13:41:47.161+0100] {processor.py:179} INFO - Processing /Users/rtewelde/airflow_venv/lib/python3.11/site-packages/airflow/example_dags/example_branch_operator.py took 0.297 seconds
[2024-09-22T14:21:50.545+0100] {processor.py:186} INFO - Started process (PID=72879) to work on /Users/rtewelde/airflow_venv/lib/python3.11/site-packages/airflow/example_dags/example_branch_operator.py
[2024-09-22T14:21:50.545+0100] {processor.py:914} INFO - Processing file /Users/rtewelde/airflow_venv/lib/python3.11/site-packages/airflow/example_dags/example_branch_operator.py for tasks to queue
[2024-09-22T14:21:50.546+0100] {logging_mixin.py:190} INFO - [2024-09-22T14:21:50.546+0100] {dagbag.py:588} INFO - Filling up the DagBag from /Users/rtewelde/airflow_venv/lib/python3.11/site-packages/airflow/example_dags/example_branch_operator.py
[2024-09-22T14:21:50.565+0100] {processor.py:927} WARNING - No viable dags retrieved from /Users/rtewelde/airflow_venv/lib/python3.11/site-packages/airflow/example_dags/example_branch_operator.py
[2024-09-22T14:21:50.720+0100] {processor.py:208} INFO - Processing /Users/rtewelde/airflow_venv/lib/python3.11/site-packages/airflow/example_dags/example_branch_operator.py took 0.177 seconds
[2024-09-22T14:26:41.081+0100] {processor.py:186} INFO - Started process (PID=74348) to work on /Users/rtewelde/airflow_venv/lib/python3.11/site-packages/airflow/example_dags/example_branch_operator.py
[2024-09-22T14:26:41.082+0100] {processor.py:914} INFO - Processing file /Users/rtewelde/airflow_venv/lib/python3.11/site-packages/airflow/example_dags/example_branch_operator.py for tasks to queue
[2024-09-22T14:26:41.083+0100] {logging_mixin.py:190} INFO - [2024-09-22T14:26:41.083+0100] {dagbag.py:588} INFO - Filling up the DagBag from /Users/rtewelde/airflow_venv/lib/python3.11/site-packages/airflow/example_dags/example_branch_operator.py
[2024-09-22T14:26:41.101+0100] {processor.py:927} WARNING - No viable dags retrieved from /Users/rtewelde/airflow_venv/lib/python3.11/site-packages/airflow/example_dags/example_branch_operator.py
[2024-09-22T14:26:41.254+0100] {processor.py:208} INFO - Processing /Users/rtewelde/airflow_venv/lib/python3.11/site-packages/airflow/example_dags/example_branch_operator.py took 0.174 seconds
[2024-09-22T14:31:20.902+0100] {processor.py:186} INFO - Started process (PID=75729) to work on /Users/rtewelde/airflow_venv/lib/python3.11/site-packages/airflow/example_dags/example_branch_operator.py
[2024-09-22T14:31:20.903+0100] {processor.py:914} INFO - Processing file /Users/rtewelde/airflow_venv/lib/python3.11/site-packages/airflow/example_dags/example_branch_operator.py for tasks to queue
[2024-09-22T14:31:20.904+0100] {logging_mixin.py:190} INFO - [2024-09-22T14:31:20.904+0100] {dagbag.py:588} INFO - Filling up the DagBag from /Users/rtewelde/airflow_venv/lib/python3.11/site-packages/airflow/example_dags/example_branch_operator.py
[2024-09-22T14:31:20.921+0100] {processor.py:927} WARNING - No viable dags retrieved from /Users/rtewelde/airflow_venv/lib/python3.11/site-packages/airflow/example_dags/example_branch_operator.py
[2024-09-22T14:31:21.060+0100] {processor.py:208} INFO - Processing /Users/rtewelde/airflow_venv/lib/python3.11/site-packages/airflow/example_dags/example_branch_operator.py took 0.161 seconds
[2024-09-22T14:36:46.227+0100] {processor.py:186} INFO - Started process (PID=77271) to work on /Users/rtewelde/airflow_venv/lib/python3.11/site-packages/airflow/example_dags/example_branch_operator.py
[2024-09-22T14:36:46.228+0100] {processor.py:914} INFO - Processing file /Users/rtewelde/airflow_venv/lib/python3.11/site-packages/airflow/example_dags/example_branch_operator.py for tasks to queue
[2024-09-22T14:36:46.229+0100] {logging_mixin.py:190} INFO - [2024-09-22T14:36:46.229+0100] {dagbag.py:588} INFO - Filling up the DagBag from /Users/rtewelde/airflow_venv/lib/python3.11/site-packages/airflow/example_dags/example_branch_operator.py
[2024-09-22T14:36:46.252+0100] {processor.py:927} WARNING - No viable dags retrieved from /Users/rtewelde/airflow_venv/lib/python3.11/site-packages/airflow/example_dags/example_branch_operator.py
[2024-09-22T14:36:46.427+0100] {processor.py:208} INFO - Processing /Users/rtewelde/airflow_venv/lib/python3.11/site-packages/airflow/example_dags/example_branch_operator.py took 0.203 seconds
[2024-09-22T14:42:35.421+0100] {processor.py:186} INFO - Started process (PID=79225) to work on /Users/rtewelde/airflow_venv/lib/python3.11/site-packages/airflow/example_dags/example_branch_operator.py
[2024-09-22T14:42:35.422+0100] {processor.py:914} INFO - Processing file /Users/rtewelde/airflow_venv/lib/python3.11/site-packages/airflow/example_dags/example_branch_operator.py for tasks to queue
[2024-09-22T14:42:35.424+0100] {logging_mixin.py:190} INFO - [2024-09-22T14:42:35.424+0100] {dagbag.py:588} INFO - Filling up the DagBag from /Users/rtewelde/airflow_venv/lib/python3.11/site-packages/airflow/example_dags/example_branch_operator.py
[2024-09-22T14:42:35.444+0100] {processor.py:927} WARNING - No viable dags retrieved from /Users/rtewelde/airflow_venv/lib/python3.11/site-packages/airflow/example_dags/example_branch_operator.py
[2024-09-22T14:42:35.603+0100] {processor.py:208} INFO - Processing /Users/rtewelde/airflow_venv/lib/python3.11/site-packages/airflow/example_dags/example_branch_operator.py took 0.185 seconds
[2024-09-22T14:44:55.578+0100] {processor.py:186} INFO - Started process (PID=79909) to work on /Users/rtewelde/airflow_venv/lib/python3.11/site-packages/airflow/example_dags/example_branch_operator.py
[2024-09-22T14:44:55.578+0100] {processor.py:914} INFO - Processing file /Users/rtewelde/airflow_venv/lib/python3.11/site-packages/airflow/example_dags/example_branch_operator.py for tasks to queue
[2024-09-22T14:44:55.580+0100] {logging_mixin.py:190} INFO - [2024-09-22T14:44:55.579+0100] {dagbag.py:588} INFO - Filling up the DagBag from /Users/rtewelde/airflow_venv/lib/python3.11/site-packages/airflow/example_dags/example_branch_operator.py
[2024-09-22T14:44:55.597+0100] {processor.py:927} WARNING - No viable dags retrieved from /Users/rtewelde/airflow_venv/lib/python3.11/site-packages/airflow/example_dags/example_branch_operator.py
[2024-09-22T14:44:55.760+0100] {processor.py:208} INFO - Processing /Users/rtewelde/airflow_venv/lib/python3.11/site-packages/airflow/example_dags/example_branch_operator.py took 0.184 seconds
[2024-09-22T14:49:25.374+0100] {processor.py:186} INFO - Started process (PID=81242) to work on /Users/rtewelde/airflow_venv/lib/python3.11/site-packages/airflow/example_dags/example_branch_operator.py
[2024-09-22T14:49:25.375+0100] {processor.py:914} INFO - Processing file /Users/rtewelde/airflow_venv/lib/python3.11/site-packages/airflow/example_dags/example_branch_operator.py for tasks to queue
[2024-09-22T14:49:25.376+0100] {logging_mixin.py:190} INFO - [2024-09-22T14:49:25.376+0100] {dagbag.py:588} INFO - Filling up the DagBag from /Users/rtewelde/airflow_venv/lib/python3.11/site-packages/airflow/example_dags/example_branch_operator.py
[2024-09-22T14:49:25.393+0100] {processor.py:927} WARNING - No viable dags retrieved from /Users/rtewelde/airflow_venv/lib/python3.11/site-packages/airflow/example_dags/example_branch_operator.py
[2024-09-22T14:49:25.735+0100] {processor.py:208} INFO - Processing /Users/rtewelde/airflow_venv/lib/python3.11/site-packages/airflow/example_dags/example_branch_operator.py took 0.364 seconds
