[2024-09-22T13:36:28.788+0100] {processor.py:157} INFO - Started process (PID=56572) to work on /Users/rtewelde/airflow_venv/lib/python3.11/site-packages/airflow/example_dags/example_branch_datetime_operator.py
[2024-09-22T13:36:28.792+0100] {processor.py:829} INFO - Processing file /Users/rtewelde/airflow_venv/lib/python3.11/site-packages/airflow/example_dags/example_branch_datetime_operator.py for tasks to queue
[2024-09-22T13:36:28.792+0100] {logging_mixin.py:151} INFO - [2024-09-22T13:36:28.792+0100] {dagbag.py:539} INFO - Filling up the DagBag from /Users/rtewelde/airflow_venv/lib/python3.11/site-packages/airflow/example_dags/example_branch_datetime_operator.py
[2024-09-22T13:36:28.815+0100] {processor.py:839} INFO - DAG(s) dict_keys(['example_branch_datetime_operator_3', 'example_branch_datetime_operator_2', 'example_branch_datetime_operator']) retrieved from /Users/rtewelde/airflow_venv/lib/python3.11/site-packages/airflow/example_dags/example_branch_datetime_operator.py
[2024-09-22T13:36:29.067+0100] {logging_mixin.py:151} INFO - [2024-09-22T13:36:29.067+0100] {dag.py:2907} INFO - Sync 3 DAGs
[2024-09-22T13:36:29.086+0100] {logging_mixin.py:151} INFO - [2024-09-22T13:36:29.085+0100] {dag.py:3677} INFO - Setting next_dagrun for example_branch_datetime_operator to 2024-09-21T00:00:00+00:00, run_after=2024-09-22T00:00:00+00:00
[2024-09-22T13:36:29.090+0100] {logging_mixin.py:151} INFO - [2024-09-22T13:36:29.089+0100] {dag.py:3677} INFO - Setting next_dagrun for example_branch_datetime_operator_2 to 2024-09-21T00:00:00+00:00, run_after=2024-09-22T00:00:00+00:00
[2024-09-22T13:36:29.092+0100] {logging_mixin.py:151} INFO - [2024-09-22T13:36:29.092+0100] {dag.py:3677} INFO - Setting next_dagrun for example_branch_datetime_operator_3 to 2024-09-21T00:00:00+00:00, run_after=2024-09-22T00:00:00+00:00
[2024-09-22T13:36:29.108+0100] {processor.py:179} INFO - Processing /Users/rtewelde/airflow_venv/lib/python3.11/site-packages/airflow/example_dags/example_branch_datetime_operator.py took 0.321 seconds
[2024-09-22T13:39:04.548+0100] {processor.py:157} INFO - Started process (PID=57745) to work on /Users/rtewelde/airflow_venv/lib/python3.11/site-packages/airflow/example_dags/example_branch_datetime_operator.py
[2024-09-22T13:39:04.553+0100] {processor.py:829} INFO - Processing file /Users/rtewelde/airflow_venv/lib/python3.11/site-packages/airflow/example_dags/example_branch_datetime_operator.py for tasks to queue
[2024-09-22T13:39:04.554+0100] {logging_mixin.py:151} INFO - [2024-09-22T13:39:04.554+0100] {dagbag.py:539} INFO - Filling up the DagBag from /Users/rtewelde/airflow_venv/lib/python3.11/site-packages/airflow/example_dags/example_branch_datetime_operator.py
[2024-09-22T13:39:04.579+0100] {processor.py:839} INFO - DAG(s) dict_keys(['example_branch_datetime_operator', 'example_branch_datetime_operator_3', 'example_branch_datetime_operator_2']) retrieved from /Users/rtewelde/airflow_venv/lib/python3.11/site-packages/airflow/example_dags/example_branch_datetime_operator.py
[2024-09-22T13:39:04.808+0100] {logging_mixin.py:151} INFO - [2024-09-22T13:39:04.808+0100] {dag.py:2907} INFO - Sync 3 DAGs
[2024-09-22T13:39:04.828+0100] {logging_mixin.py:151} INFO - [2024-09-22T13:39:04.827+0100] {dag.py:3677} INFO - Setting next_dagrun for example_branch_datetime_operator to 2024-09-21T00:00:00+00:00, run_after=2024-09-22T00:00:00+00:00
[2024-09-22T13:39:04.832+0100] {logging_mixin.py:151} INFO - [2024-09-22T13:39:04.832+0100] {dag.py:3677} INFO - Setting next_dagrun for example_branch_datetime_operator_2 to 2024-09-21T00:00:00+00:00, run_after=2024-09-22T00:00:00+00:00
[2024-09-22T13:39:04.834+0100] {logging_mixin.py:151} INFO - [2024-09-22T13:39:04.834+0100] {dag.py:3677} INFO - Setting next_dagrun for example_branch_datetime_operator_3 to 2024-09-21T00:00:00+00:00, run_after=2024-09-22T00:00:00+00:00
[2024-09-22T13:39:04.852+0100] {processor.py:179} INFO - Processing /Users/rtewelde/airflow_venv/lib/python3.11/site-packages/airflow/example_dags/example_branch_datetime_operator.py took 0.305 seconds
[2024-09-22T13:41:53.077+0100] {processor.py:157} INFO - Started process (PID=58721) to work on /Users/rtewelde/airflow_venv/lib/python3.11/site-packages/airflow/example_dags/example_branch_datetime_operator.py
[2024-09-22T13:41:53.081+0100] {processor.py:829} INFO - Processing file /Users/rtewelde/airflow_venv/lib/python3.11/site-packages/airflow/example_dags/example_branch_datetime_operator.py for tasks to queue
[2024-09-22T13:41:53.082+0100] {logging_mixin.py:151} INFO - [2024-09-22T13:41:53.081+0100] {dagbag.py:539} INFO - Filling up the DagBag from /Users/rtewelde/airflow_venv/lib/python3.11/site-packages/airflow/example_dags/example_branch_datetime_operator.py
[2024-09-22T13:41:53.104+0100] {processor.py:839} INFO - DAG(s) dict_keys(['example_branch_datetime_operator_3', 'example_branch_datetime_operator_2', 'example_branch_datetime_operator']) retrieved from /Users/rtewelde/airflow_venv/lib/python3.11/site-packages/airflow/example_dags/example_branch_datetime_operator.py
[2024-09-22T13:41:53.296+0100] {logging_mixin.py:151} INFO - [2024-09-22T13:41:53.296+0100] {dag.py:2907} INFO - Sync 3 DAGs
[2024-09-22T13:41:53.313+0100] {logging_mixin.py:151} INFO - [2024-09-22T13:41:53.312+0100] {dag.py:3677} INFO - Setting next_dagrun for example_branch_datetime_operator to 2024-09-21T00:00:00+00:00, run_after=2024-09-22T00:00:00+00:00
[2024-09-22T13:41:53.316+0100] {logging_mixin.py:151} INFO - [2024-09-22T13:41:53.316+0100] {dag.py:3677} INFO - Setting next_dagrun for example_branch_datetime_operator_2 to 2024-09-21T00:00:00+00:00, run_after=2024-09-22T00:00:00+00:00
[2024-09-22T13:41:53.318+0100] {logging_mixin.py:151} INFO - [2024-09-22T13:41:53.318+0100] {dag.py:3677} INFO - Setting next_dagrun for example_branch_datetime_operator_3 to 2024-09-21T00:00:00+00:00, run_after=2024-09-22T00:00:00+00:00
[2024-09-22T13:41:53.332+0100] {processor.py:179} INFO - Processing /Users/rtewelde/airflow_venv/lib/python3.11/site-packages/airflow/example_dags/example_branch_datetime_operator.py took 0.256 seconds
[2024-09-22T14:22:00.011+0100] {processor.py:186} INFO - Started process (PID=72918) to work on /Users/rtewelde/airflow_venv/lib/python3.11/site-packages/airflow/example_dags/example_branch_datetime_operator.py
[2024-09-22T14:22:00.012+0100] {processor.py:914} INFO - Processing file /Users/rtewelde/airflow_venv/lib/python3.11/site-packages/airflow/example_dags/example_branch_datetime_operator.py for tasks to queue
[2024-09-22T14:22:00.013+0100] {logging_mixin.py:190} INFO - [2024-09-22T14:22:00.013+0100] {dagbag.py:588} INFO - Filling up the DagBag from /Users/rtewelde/airflow_venv/lib/python3.11/site-packages/airflow/example_dags/example_branch_datetime_operator.py
[2024-09-22T14:22:00.026+0100] {processor.py:925} INFO - DAG(s) 'example_branch_datetime_operator', 'example_branch_datetime_operator_3', 'example_branch_datetime_operator_2' retrieved from /Users/rtewelde/airflow_venv/lib/python3.11/site-packages/airflow/example_dags/example_branch_datetime_operator.py
[2024-09-22T14:22:00.312+0100] {logging_mixin.py:190} INFO - [2024-09-22T14:22:00.311+0100] {dag.py:3239} INFO - Sync 3 DAGs
[2024-09-22T14:22:00.332+0100] {logging_mixin.py:190} INFO - [2024-09-22T14:22:00.332+0100] {dag.py:4180} INFO - Setting next_dagrun for example_branch_datetime_operator to 2024-09-21 00:00:00+00:00, run_after=2024-09-22 00:00:00+00:00
[2024-09-22T14:22:00.336+0100] {logging_mixin.py:190} INFO - [2024-09-22T14:22:00.335+0100] {dag.py:4180} INFO - Setting next_dagrun for example_branch_datetime_operator_2 to 2024-09-21 00:00:00+00:00, run_after=2024-09-22 00:00:00+00:00
[2024-09-22T14:22:00.338+0100] {logging_mixin.py:190} INFO - [2024-09-22T14:22:00.337+0100] {dag.py:4180} INFO - Setting next_dagrun for example_branch_datetime_operator_3 to 2024-09-21 00:00:00+00:00, run_after=2024-09-22 00:00:00+00:00
[2024-09-22T14:22:00.355+0100] {processor.py:208} INFO - Processing /Users/rtewelde/airflow_venv/lib/python3.11/site-packages/airflow/example_dags/example_branch_datetime_operator.py took 0.348 seconds
[2024-09-22T14:26:49.210+0100] {processor.py:186} INFO - Started process (PID=74390) to work on /Users/rtewelde/airflow_venv/lib/python3.11/site-packages/airflow/example_dags/example_branch_datetime_operator.py
[2024-09-22T14:26:49.211+0100] {processor.py:914} INFO - Processing file /Users/rtewelde/airflow_venv/lib/python3.11/site-packages/airflow/example_dags/example_branch_datetime_operator.py for tasks to queue
[2024-09-22T14:26:49.212+0100] {logging_mixin.py:190} INFO - [2024-09-22T14:26:49.212+0100] {dagbag.py:588} INFO - Filling up the DagBag from /Users/rtewelde/airflow_venv/lib/python3.11/site-packages/airflow/example_dags/example_branch_datetime_operator.py
[2024-09-22T14:26:49.225+0100] {processor.py:925} INFO - DAG(s) 'example_branch_datetime_operator', 'example_branch_datetime_operator_3', 'example_branch_datetime_operator_2' retrieved from /Users/rtewelde/airflow_venv/lib/python3.11/site-packages/airflow/example_dags/example_branch_datetime_operator.py
[2024-09-22T14:26:49.394+0100] {logging_mixin.py:190} INFO - [2024-09-22T14:26:49.393+0100] {dag.py:3239} INFO - Sync 3 DAGs
[2024-09-22T14:26:49.413+0100] {logging_mixin.py:190} INFO - [2024-09-22T14:26:49.413+0100] {dag.py:4180} INFO - Setting next_dagrun for example_branch_datetime_operator to 2024-09-21 00:00:00+00:00, run_after=2024-09-22 00:00:00+00:00
[2024-09-22T14:26:49.417+0100] {logging_mixin.py:190} INFO - [2024-09-22T14:26:49.417+0100] {dag.py:4180} INFO - Setting next_dagrun for example_branch_datetime_operator_2 to 2024-09-21 00:00:00+00:00, run_after=2024-09-22 00:00:00+00:00
[2024-09-22T14:26:49.419+0100] {logging_mixin.py:190} INFO - [2024-09-22T14:26:49.419+0100] {dag.py:4180} INFO - Setting next_dagrun for example_branch_datetime_operator_3 to 2024-09-21 00:00:00+00:00, run_after=2024-09-22 00:00:00+00:00
[2024-09-22T14:26:49.435+0100] {processor.py:208} INFO - Processing /Users/rtewelde/airflow_venv/lib/python3.11/site-packages/airflow/example_dags/example_branch_datetime_operator.py took 0.227 seconds
[2024-09-22T14:31:28.963+0100] {processor.py:186} INFO - Started process (PID=75768) to work on /Users/rtewelde/airflow_venv/lib/python3.11/site-packages/airflow/example_dags/example_branch_datetime_operator.py
[2024-09-22T14:31:28.963+0100] {processor.py:914} INFO - Processing file /Users/rtewelde/airflow_venv/lib/python3.11/site-packages/airflow/example_dags/example_branch_datetime_operator.py for tasks to queue
[2024-09-22T14:31:28.964+0100] {logging_mixin.py:190} INFO - [2024-09-22T14:31:28.964+0100] {dagbag.py:588} INFO - Filling up the DagBag from /Users/rtewelde/airflow_venv/lib/python3.11/site-packages/airflow/example_dags/example_branch_datetime_operator.py
[2024-09-22T14:31:28.976+0100] {processor.py:925} INFO - DAG(s) 'example_branch_datetime_operator_2', 'example_branch_datetime_operator', 'example_branch_datetime_operator_3' retrieved from /Users/rtewelde/airflow_venv/lib/python3.11/site-packages/airflow/example_dags/example_branch_datetime_operator.py
[2024-09-22T14:31:29.135+0100] {logging_mixin.py:190} INFO - [2024-09-22T14:31:29.134+0100] {dag.py:3239} INFO - Sync 3 DAGs
[2024-09-22T14:31:29.153+0100] {logging_mixin.py:190} INFO - [2024-09-22T14:31:29.152+0100] {dag.py:4180} INFO - Setting next_dagrun for example_branch_datetime_operator to 2024-09-21 00:00:00+00:00, run_after=2024-09-22 00:00:00+00:00
[2024-09-22T14:31:29.157+0100] {logging_mixin.py:190} INFO - [2024-09-22T14:31:29.156+0100] {dag.py:4180} INFO - Setting next_dagrun for example_branch_datetime_operator_2 to 2024-09-21 00:00:00+00:00, run_after=2024-09-22 00:00:00+00:00
[2024-09-22T14:31:29.159+0100] {logging_mixin.py:190} INFO - [2024-09-22T14:31:29.158+0100] {dag.py:4180} INFO - Setting next_dagrun for example_branch_datetime_operator_3 to 2024-09-21 00:00:00+00:00, run_after=2024-09-22 00:00:00+00:00
[2024-09-22T14:31:29.174+0100] {processor.py:208} INFO - Processing /Users/rtewelde/airflow_venv/lib/python3.11/site-packages/airflow/example_dags/example_branch_datetime_operator.py took 0.213 seconds
[2024-09-22T14:36:56.627+0100] {processor.py:186} INFO - Started process (PID=77318) to work on /Users/rtewelde/airflow_venv/lib/python3.11/site-packages/airflow/example_dags/example_branch_datetime_operator.py
[2024-09-22T14:36:56.629+0100] {processor.py:914} INFO - Processing file /Users/rtewelde/airflow_venv/lib/python3.11/site-packages/airflow/example_dags/example_branch_datetime_operator.py for tasks to queue
[2024-09-22T14:36:56.631+0100] {logging_mixin.py:190} INFO - [2024-09-22T14:36:56.630+0100] {dagbag.py:588} INFO - Filling up the DagBag from /Users/rtewelde/airflow_venv/lib/python3.11/site-packages/airflow/example_dags/example_branch_datetime_operator.py
[2024-09-22T14:36:56.644+0100] {processor.py:925} INFO - DAG(s) 'example_branch_datetime_operator', 'example_branch_datetime_operator_2', 'example_branch_datetime_operator_3' retrieved from /Users/rtewelde/airflow_venv/lib/python3.11/site-packages/airflow/example_dags/example_branch_datetime_operator.py
[2024-09-22T14:36:56.847+0100] {logging_mixin.py:190} INFO - [2024-09-22T14:36:56.846+0100] {dag.py:3239} INFO - Sync 3 DAGs
[2024-09-22T14:36:56.876+0100] {logging_mixin.py:190} INFO - [2024-09-22T14:36:56.876+0100] {dag.py:4180} INFO - Setting next_dagrun for example_branch_datetime_operator to 2024-09-21 00:00:00+00:00, run_after=2024-09-22 00:00:00+00:00
[2024-09-22T14:36:56.882+0100] {logging_mixin.py:190} INFO - [2024-09-22T14:36:56.881+0100] {dag.py:4180} INFO - Setting next_dagrun for example_branch_datetime_operator_2 to 2024-09-21 00:00:00+00:00, run_after=2024-09-22 00:00:00+00:00
[2024-09-22T14:36:56.885+0100] {logging_mixin.py:190} INFO - [2024-09-22T14:36:56.885+0100] {dag.py:4180} INFO - Setting next_dagrun for example_branch_datetime_operator_3 to 2024-09-21 00:00:00+00:00, run_after=2024-09-22 00:00:00+00:00
[2024-09-22T14:36:56.907+0100] {processor.py:208} INFO - Processing /Users/rtewelde/airflow_venv/lib/python3.11/site-packages/airflow/example_dags/example_branch_datetime_operator.py took 0.283 seconds
[2024-09-22T14:42:44.433+0100] {processor.py:186} INFO - Started process (PID=79267) to work on /Users/rtewelde/airflow_venv/lib/python3.11/site-packages/airflow/example_dags/example_branch_datetime_operator.py
[2024-09-22T14:42:44.435+0100] {processor.py:914} INFO - Processing file /Users/rtewelde/airflow_venv/lib/python3.11/site-packages/airflow/example_dags/example_branch_datetime_operator.py for tasks to queue
[2024-09-22T14:42:44.436+0100] {logging_mixin.py:190} INFO - [2024-09-22T14:42:44.436+0100] {dagbag.py:588} INFO - Filling up the DagBag from /Users/rtewelde/airflow_venv/lib/python3.11/site-packages/airflow/example_dags/example_branch_datetime_operator.py
[2024-09-22T14:42:44.459+0100] {processor.py:925} INFO - DAG(s) 'example_branch_datetime_operator_2', 'example_branch_datetime_operator_3', 'example_branch_datetime_operator' retrieved from /Users/rtewelde/airflow_venv/lib/python3.11/site-packages/airflow/example_dags/example_branch_datetime_operator.py
[2024-09-22T14:42:44.686+0100] {logging_mixin.py:190} INFO - [2024-09-22T14:42:44.686+0100] {dag.py:3239} INFO - Sync 3 DAGs
[2024-09-22T14:42:44.708+0100] {logging_mixin.py:190} INFO - [2024-09-22T14:42:44.708+0100] {dag.py:4180} INFO - Setting next_dagrun for example_branch_datetime_operator to 2024-09-21 00:00:00+00:00, run_after=2024-09-22 00:00:00+00:00
[2024-09-22T14:42:44.712+0100] {logging_mixin.py:190} INFO - [2024-09-22T14:42:44.712+0100] {dag.py:4180} INFO - Setting next_dagrun for example_branch_datetime_operator_2 to 2024-09-21 00:00:00+00:00, run_after=2024-09-22 00:00:00+00:00
[2024-09-22T14:42:44.715+0100] {logging_mixin.py:190} INFO - [2024-09-22T14:42:44.715+0100] {dag.py:4180} INFO - Setting next_dagrun for example_branch_datetime_operator_3 to 2024-09-21 00:00:00+00:00, run_after=2024-09-22 00:00:00+00:00
[2024-09-22T14:42:44.732+0100] {processor.py:208} INFO - Processing /Users/rtewelde/airflow_venv/lib/python3.11/site-packages/airflow/example_dags/example_branch_datetime_operator.py took 0.301 seconds
[2024-09-22T14:45:05.799+0100] {processor.py:186} INFO - Started process (PID=79952) to work on /Users/rtewelde/airflow_venv/lib/python3.11/site-packages/airflow/example_dags/example_branch_datetime_operator.py
[2024-09-22T14:45:05.800+0100] {processor.py:914} INFO - Processing file /Users/rtewelde/airflow_venv/lib/python3.11/site-packages/airflow/example_dags/example_branch_datetime_operator.py for tasks to queue
[2024-09-22T14:45:05.801+0100] {logging_mixin.py:190} INFO - [2024-09-22T14:45:05.801+0100] {dagbag.py:588} INFO - Filling up the DagBag from /Users/rtewelde/airflow_venv/lib/python3.11/site-packages/airflow/example_dags/example_branch_datetime_operator.py
[2024-09-22T14:45:05.814+0100] {processor.py:925} INFO - DAG(s) 'example_branch_datetime_operator', 'example_branch_datetime_operator_2', 'example_branch_datetime_operator_3' retrieved from /Users/rtewelde/airflow_venv/lib/python3.11/site-packages/airflow/example_dags/example_branch_datetime_operator.py
[2024-09-22T14:45:06.042+0100] {logging_mixin.py:190} INFO - [2024-09-22T14:45:06.042+0100] {dag.py:3239} INFO - Sync 3 DAGs
[2024-09-22T14:45:06.062+0100] {logging_mixin.py:190} INFO - [2024-09-22T14:45:06.061+0100] {dag.py:4180} INFO - Setting next_dagrun for example_branch_datetime_operator to 2024-09-21 00:00:00+00:00, run_after=2024-09-22 00:00:00+00:00
[2024-09-22T14:45:06.066+0100] {logging_mixin.py:190} INFO - [2024-09-22T14:45:06.066+0100] {dag.py:4180} INFO - Setting next_dagrun for example_branch_datetime_operator_2 to 2024-09-21 00:00:00+00:00, run_after=2024-09-22 00:00:00+00:00
[2024-09-22T14:45:06.069+0100] {logging_mixin.py:190} INFO - [2024-09-22T14:45:06.069+0100] {dag.py:4180} INFO - Setting next_dagrun for example_branch_datetime_operator_3 to 2024-09-21 00:00:00+00:00, run_after=2024-09-22 00:00:00+00:00
[2024-09-22T14:45:06.086+0100] {processor.py:208} INFO - Processing /Users/rtewelde/airflow_venv/lib/python3.11/site-packages/airflow/example_dags/example_branch_datetime_operator.py took 0.290 seconds
[2024-09-22T14:49:37.369+0100] {processor.py:186} INFO - Started process (PID=81309) to work on /Users/rtewelde/airflow_venv/lib/python3.11/site-packages/airflow/example_dags/example_branch_datetime_operator.py
[2024-09-22T14:49:37.375+0100] {processor.py:914} INFO - Processing file /Users/rtewelde/airflow_venv/lib/python3.11/site-packages/airflow/example_dags/example_branch_datetime_operator.py for tasks to queue
[2024-09-22T14:49:37.377+0100] {logging_mixin.py:190} INFO - [2024-09-22T14:49:37.377+0100] {dagbag.py:588} INFO - Filling up the DagBag from /Users/rtewelde/airflow_venv/lib/python3.11/site-packages/airflow/example_dags/example_branch_datetime_operator.py
[2024-09-22T14:49:37.394+0100] {processor.py:925} INFO - DAG(s) 'example_branch_datetime_operator', 'example_branch_datetime_operator_2', 'example_branch_datetime_operator_3' retrieved from /Users/rtewelde/airflow_venv/lib/python3.11/site-packages/airflow/example_dags/example_branch_datetime_operator.py
[2024-09-22T14:49:37.620+0100] {logging_mixin.py:190} INFO - [2024-09-22T14:49:37.619+0100] {dag.py:3239} INFO - Sync 3 DAGs
[2024-09-22T14:49:37.655+0100] {logging_mixin.py:190} INFO - [2024-09-22T14:49:37.655+0100] {dag.py:4180} INFO - Setting next_dagrun for example_branch_datetime_operator to 2024-09-21 00:00:00+00:00, run_after=2024-09-22 00:00:00+00:00
[2024-09-22T14:49:37.660+0100] {logging_mixin.py:190} INFO - [2024-09-22T14:49:37.660+0100] {dag.py:4180} INFO - Setting next_dagrun for example_branch_datetime_operator_2 to 2024-09-21 00:00:00+00:00, run_after=2024-09-22 00:00:00+00:00
[2024-09-22T14:49:37.663+0100] {logging_mixin.py:190} INFO - [2024-09-22T14:49:37.663+0100] {dag.py:4180} INFO - Setting next_dagrun for example_branch_datetime_operator_3 to 2024-09-21 00:00:00+00:00, run_after=2024-09-22 00:00:00+00:00
[2024-09-22T14:49:37.694+0100] {processor.py:208} INFO - Processing /Users/rtewelde/airflow_venv/lib/python3.11/site-packages/airflow/example_dags/example_branch_datetime_operator.py took 0.331 seconds
