[2024-09-22T14:21:11.826+0100] {processor.py:186} INFO - Started process (PID=72677) to work on /Users/rtewelde/airflow_venv/lib/python3.11/site-packages/airflow/example_dags/example_inlet_event_extra.py
[2024-09-22T14:21:11.827+0100] {processor.py:914} INFO - Processing file /Users/rtewelde/airflow_venv/lib/python3.11/site-packages/airflow/example_dags/example_inlet_event_extra.py for tasks to queue
[2024-09-22T14:21:11.828+0100] {logging_mixin.py:190} INFO - [2024-09-22T14:21:11.828+0100] {dagbag.py:588} INFO - Filling up the DagBag from /Users/rtewelde/airflow_venv/lib/python3.11/site-packages/airflow/example_dags/example_inlet_event_extra.py
[2024-09-22T14:21:11.901+0100] {processor.py:925} INFO - DAG(s) 'read_dataset_event_from_classic', 'read_dataset_event' retrieved from /Users/rtewelde/airflow_venv/lib/python3.11/site-packages/airflow/example_dags/example_inlet_event_extra.py
[2024-09-22T14:21:12.152+0100] {logging_mixin.py:190} INFO - [2024-09-22T14:21:12.152+0100] {dag.py:3239} INFO - Sync 2 DAGs
[2024-09-22T14:21:12.171+0100] {logging_mixin.py:190} INFO - [2024-09-22T14:21:12.171+0100] {dag.py:4180} INFO - Setting next_dagrun for read_dataset_event to 2024-09-21 00:00:00+00:00, run_after=2024-09-22 00:00:00+00:00
[2024-09-22T14:21:12.175+0100] {logging_mixin.py:190} INFO - [2024-09-22T14:21:12.175+0100] {dag.py:4180} INFO - Setting next_dagrun for read_dataset_event_from_classic to 2024-09-21 00:00:00+00:00, run_after=2024-09-22 00:00:00+00:00
[2024-09-22T14:21:12.192+0100] {processor.py:208} INFO - Processing /Users/rtewelde/airflow_venv/lib/python3.11/site-packages/airflow/example_dags/example_inlet_event_extra.py took 0.368 seconds
[2024-09-22T14:24:09.777+0100] {processor.py:186} INFO - Started process (PID=73618) to work on /Users/rtewelde/airflow_venv/lib/python3.11/site-packages/airflow/example_dags/example_inlet_event_extra.py
[2024-09-22T14:24:09.778+0100] {processor.py:914} INFO - Processing file /Users/rtewelde/airflow_venv/lib/python3.11/site-packages/airflow/example_dags/example_inlet_event_extra.py for tasks to queue
[2024-09-22T14:24:09.778+0100] {logging_mixin.py:190} INFO - [2024-09-22T14:24:09.778+0100] {dagbag.py:588} INFO - Filling up the DagBag from /Users/rtewelde/airflow_venv/lib/python3.11/site-packages/airflow/example_dags/example_inlet_event_extra.py
[2024-09-22T14:24:09.845+0100] {processor.py:925} INFO - DAG(s) 'read_dataset_event_from_classic', 'read_dataset_event' retrieved from /Users/rtewelde/airflow_venv/lib/python3.11/site-packages/airflow/example_dags/example_inlet_event_extra.py
[2024-09-22T14:24:10.012+0100] {logging_mixin.py:190} INFO - [2024-09-22T14:24:10.012+0100] {dag.py:3239} INFO - Sync 2 DAGs
[2024-09-22T14:24:10.031+0100] {logging_mixin.py:190} INFO - [2024-09-22T14:24:10.031+0100] {dag.py:4180} INFO - Setting next_dagrun for read_dataset_event to 2024-09-21 00:00:00+00:00, run_after=2024-09-22 00:00:00+00:00
[2024-09-22T14:24:10.035+0100] {logging_mixin.py:190} INFO - [2024-09-22T14:24:10.035+0100] {dag.py:4180} INFO - Setting next_dagrun for read_dataset_event_from_classic to 2024-09-21 00:00:00+00:00, run_after=2024-09-22 00:00:00+00:00
[2024-09-22T14:24:10.052+0100] {processor.py:208} INFO - Processing /Users/rtewelde/airflow_venv/lib/python3.11/site-packages/airflow/example_dags/example_inlet_event_extra.py took 0.278 seconds
[2024-09-22T14:28:54.103+0100] {processor.py:186} INFO - Started process (PID=75024) to work on /Users/rtewelde/airflow_venv/lib/python3.11/site-packages/airflow/example_dags/example_inlet_event_extra.py
[2024-09-22T14:28:54.104+0100] {processor.py:914} INFO - Processing file /Users/rtewelde/airflow_venv/lib/python3.11/site-packages/airflow/example_dags/example_inlet_event_extra.py for tasks to queue
[2024-09-22T14:28:54.105+0100] {logging_mixin.py:190} INFO - [2024-09-22T14:28:54.105+0100] {dagbag.py:588} INFO - Filling up the DagBag from /Users/rtewelde/airflow_venv/lib/python3.11/site-packages/airflow/example_dags/example_inlet_event_extra.py
[2024-09-22T14:28:54.173+0100] {processor.py:925} INFO - DAG(s) 'read_dataset_event_from_classic', 'read_dataset_event' retrieved from /Users/rtewelde/airflow_venv/lib/python3.11/site-packages/airflow/example_dags/example_inlet_event_extra.py
[2024-09-22T14:28:54.328+0100] {logging_mixin.py:190} INFO - [2024-09-22T14:28:54.328+0100] {dag.py:3239} INFO - Sync 2 DAGs
[2024-09-22T14:28:54.360+0100] {logging_mixin.py:190} INFO - [2024-09-22T14:28:54.360+0100] {dag.py:4180} INFO - Setting next_dagrun for read_dataset_event to 2024-09-21 00:00:00+00:00, run_after=2024-09-22 00:00:00+00:00
[2024-09-22T14:28:54.365+0100] {logging_mixin.py:190} INFO - [2024-09-22T14:28:54.364+0100] {dag.py:4180} INFO - Setting next_dagrun for read_dataset_event_from_classic to 2024-09-21 00:00:00+00:00, run_after=2024-09-22 00:00:00+00:00
[2024-09-22T14:28:54.378+0100] {processor.py:208} INFO - Processing /Users/rtewelde/airflow_venv/lib/python3.11/site-packages/airflow/example_dags/example_inlet_event_extra.py took 0.278 seconds
[2024-09-22T14:33:31.049+0100] {processor.py:186} INFO - Started process (PID=76343) to work on /Users/rtewelde/airflow_venv/lib/python3.11/site-packages/airflow/example_dags/example_inlet_event_extra.py
[2024-09-22T14:33:31.050+0100] {processor.py:914} INFO - Processing file /Users/rtewelde/airflow_venv/lib/python3.11/site-packages/airflow/example_dags/example_inlet_event_extra.py for tasks to queue
[2024-09-22T14:33:31.052+0100] {logging_mixin.py:190} INFO - [2024-09-22T14:33:31.051+0100] {dagbag.py:588} INFO - Filling up the DagBag from /Users/rtewelde/airflow_venv/lib/python3.11/site-packages/airflow/example_dags/example_inlet_event_extra.py
[2024-09-22T14:33:31.142+0100] {processor.py:925} INFO - DAG(s) 'read_dataset_event_from_classic', 'read_dataset_event' retrieved from /Users/rtewelde/airflow_venv/lib/python3.11/site-packages/airflow/example_dags/example_inlet_event_extra.py
[2024-09-22T14:33:31.407+0100] {logging_mixin.py:190} INFO - [2024-09-22T14:33:31.406+0100] {dag.py:3239} INFO - Sync 2 DAGs
[2024-09-22T14:33:31.470+0100] {logging_mixin.py:190} INFO - [2024-09-22T14:33:31.470+0100] {dag.py:4180} INFO - Setting next_dagrun for read_dataset_event to 2024-09-21 00:00:00+00:00, run_after=2024-09-22 00:00:00+00:00
[2024-09-22T14:33:31.479+0100] {logging_mixin.py:190} INFO - [2024-09-22T14:33:31.479+0100] {dag.py:4180} INFO - Setting next_dagrun for read_dataset_event_from_classic to 2024-09-21 00:00:00+00:00, run_after=2024-09-22 00:00:00+00:00
[2024-09-22T14:33:31.567+0100] {processor.py:208} INFO - Processing /Users/rtewelde/airflow_venv/lib/python3.11/site-packages/airflow/example_dags/example_inlet_event_extra.py took 0.520 seconds
[2024-09-22T14:36:29.989+0100] {processor.py:186} INFO - Started process (PID=77177) to work on /Users/rtewelde/airflow_venv/lib/python3.11/site-packages/airflow/example_dags/example_inlet_event_extra.py
[2024-09-22T14:36:29.990+0100] {processor.py:914} INFO - Processing file /Users/rtewelde/airflow_venv/lib/python3.11/site-packages/airflow/example_dags/example_inlet_event_extra.py for tasks to queue
[2024-09-22T14:36:29.991+0100] {logging_mixin.py:190} INFO - [2024-09-22T14:36:29.991+0100] {dagbag.py:588} INFO - Filling up the DagBag from /Users/rtewelde/airflow_venv/lib/python3.11/site-packages/airflow/example_dags/example_inlet_event_extra.py
[2024-09-22T14:36:30.083+0100] {processor.py:925} INFO - DAG(s) 'read_dataset_event', 'read_dataset_event_from_classic' retrieved from /Users/rtewelde/airflow_venv/lib/python3.11/site-packages/airflow/example_dags/example_inlet_event_extra.py
[2024-09-22T14:36:30.247+0100] {logging_mixin.py:190} INFO - [2024-09-22T14:36:30.247+0100] {dag.py:3239} INFO - Sync 2 DAGs
[2024-09-22T14:36:30.268+0100] {logging_mixin.py:190} INFO - [2024-09-22T14:36:30.268+0100] {dag.py:4180} INFO - Setting next_dagrun for read_dataset_event to 2024-09-21 00:00:00+00:00, run_after=2024-09-22 00:00:00+00:00
[2024-09-22T14:36:30.273+0100] {logging_mixin.py:190} INFO - [2024-09-22T14:36:30.273+0100] {dag.py:4180} INFO - Setting next_dagrun for read_dataset_event_from_classic to 2024-09-21 00:00:00+00:00, run_after=2024-09-22 00:00:00+00:00
[2024-09-22T14:36:30.290+0100] {processor.py:208} INFO - Processing /Users/rtewelde/airflow_venv/lib/python3.11/site-packages/airflow/example_dags/example_inlet_event_extra.py took 0.303 seconds
[2024-09-22T14:41:51.510+0100] {processor.py:186} INFO - Started process (PID=78988) to work on /Users/rtewelde/airflow_venv/lib/python3.11/site-packages/airflow/example_dags/example_inlet_event_extra.py
[2024-09-22T14:41:51.512+0100] {processor.py:914} INFO - Processing file /Users/rtewelde/airflow_venv/lib/python3.11/site-packages/airflow/example_dags/example_inlet_event_extra.py for tasks to queue
[2024-09-22T14:41:51.513+0100] {logging_mixin.py:190} INFO - [2024-09-22T14:41:51.513+0100] {dagbag.py:588} INFO - Filling up the DagBag from /Users/rtewelde/airflow_venv/lib/python3.11/site-packages/airflow/example_dags/example_inlet_event_extra.py
[2024-09-22T14:41:51.611+0100] {processor.py:925} INFO - DAG(s) 'read_dataset_event_from_classic', 'read_dataset_event' retrieved from /Users/rtewelde/airflow_venv/lib/python3.11/site-packages/airflow/example_dags/example_inlet_event_extra.py
[2024-09-22T14:41:51.771+0100] {logging_mixin.py:190} INFO - [2024-09-22T14:41:51.771+0100] {dag.py:3239} INFO - Sync 2 DAGs
[2024-09-22T14:41:51.793+0100] {logging_mixin.py:190} INFO - [2024-09-22T14:41:51.793+0100] {dag.py:4180} INFO - Setting next_dagrun for read_dataset_event to 2024-09-21 00:00:00+00:00, run_after=2024-09-22 00:00:00+00:00
[2024-09-22T14:41:51.798+0100] {logging_mixin.py:190} INFO - [2024-09-22T14:41:51.798+0100] {dag.py:4180} INFO - Setting next_dagrun for read_dataset_event_from_classic to 2024-09-21 00:00:00+00:00, run_after=2024-09-22 00:00:00+00:00
[2024-09-22T14:41:51.817+0100] {processor.py:208} INFO - Processing /Users/rtewelde/airflow_venv/lib/python3.11/site-packages/airflow/example_dags/example_inlet_event_extra.py took 0.309 seconds
[2024-09-22T14:44:17.487+0100] {processor.py:186} INFO - Started process (PID=79724) to work on /Users/rtewelde/airflow_venv/lib/python3.11/site-packages/airflow/example_dags/example_inlet_event_extra.py
[2024-09-22T14:44:17.489+0100] {processor.py:914} INFO - Processing file /Users/rtewelde/airflow_venv/lib/python3.11/site-packages/airflow/example_dags/example_inlet_event_extra.py for tasks to queue
[2024-09-22T14:44:17.490+0100] {logging_mixin.py:190} INFO - [2024-09-22T14:44:17.490+0100] {dagbag.py:588} INFO - Filling up the DagBag from /Users/rtewelde/airflow_venv/lib/python3.11/site-packages/airflow/example_dags/example_inlet_event_extra.py
[2024-09-22T14:44:17.566+0100] {processor.py:925} INFO - DAG(s) 'read_dataset_event', 'read_dataset_event_from_classic' retrieved from /Users/rtewelde/airflow_venv/lib/python3.11/site-packages/airflow/example_dags/example_inlet_event_extra.py
[2024-09-22T14:44:17.739+0100] {logging_mixin.py:190} INFO - [2024-09-22T14:44:17.739+0100] {dag.py:3239} INFO - Sync 2 DAGs
[2024-09-22T14:44:17.763+0100] {logging_mixin.py:190} INFO - [2024-09-22T14:44:17.763+0100] {dag.py:4180} INFO - Setting next_dagrun for read_dataset_event to 2024-09-21 00:00:00+00:00, run_after=2024-09-22 00:00:00+00:00
[2024-09-22T14:44:17.768+0100] {logging_mixin.py:190} INFO - [2024-09-22T14:44:17.768+0100] {dag.py:4180} INFO - Setting next_dagrun for read_dataset_event_from_classic to 2024-09-21 00:00:00+00:00, run_after=2024-09-22 00:00:00+00:00
[2024-09-22T14:44:17.786+0100] {processor.py:208} INFO - Processing /Users/rtewelde/airflow_venv/lib/python3.11/site-packages/airflow/example_dags/example_inlet_event_extra.py took 0.301 seconds
[2024-09-22T14:45:09.466+0100] {processor.py:186} INFO - Started process (PID=79975) to work on /Users/rtewelde/airflow_venv/lib/python3.11/site-packages/airflow/example_dags/example_inlet_event_extra.py
[2024-09-22T14:45:09.467+0100] {processor.py:914} INFO - Processing file /Users/rtewelde/airflow_venv/lib/python3.11/site-packages/airflow/example_dags/example_inlet_event_extra.py for tasks to queue
[2024-09-22T14:45:09.468+0100] {logging_mixin.py:190} INFO - [2024-09-22T14:45:09.468+0100] {dagbag.py:588} INFO - Filling up the DagBag from /Users/rtewelde/airflow_venv/lib/python3.11/site-packages/airflow/example_dags/example_inlet_event_extra.py
[2024-09-22T14:45:09.554+0100] {processor.py:925} INFO - DAG(s) 'read_dataset_event_from_classic', 'read_dataset_event' retrieved from /Users/rtewelde/airflow_venv/lib/python3.11/site-packages/airflow/example_dags/example_inlet_event_extra.py
[2024-09-22T14:45:09.743+0100] {logging_mixin.py:190} INFO - [2024-09-22T14:45:09.743+0100] {dag.py:3239} INFO - Sync 2 DAGs
[2024-09-22T14:45:09.764+0100] {logging_mixin.py:190} INFO - [2024-09-22T14:45:09.764+0100] {dag.py:4180} INFO - Setting next_dagrun for read_dataset_event to 2024-09-21 00:00:00+00:00, run_after=2024-09-22 00:00:00+00:00
[2024-09-22T14:45:09.769+0100] {logging_mixin.py:190} INFO - [2024-09-22T14:45:09.768+0100] {dag.py:4180} INFO - Setting next_dagrun for read_dataset_event_from_classic to 2024-09-21 00:00:00+00:00, run_after=2024-09-22 00:00:00+00:00
[2024-09-22T14:45:09.787+0100] {processor.py:208} INFO - Processing /Users/rtewelde/airflow_venv/lib/python3.11/site-packages/airflow/example_dags/example_inlet_event_extra.py took 0.325 seconds
[2024-09-22T14:48:27.806+0100] {processor.py:186} INFO - Started process (PID=80964) to work on /Users/rtewelde/airflow_venv/lib/python3.11/site-packages/airflow/example_dags/example_inlet_event_extra.py
[2024-09-22T14:48:27.807+0100] {processor.py:914} INFO - Processing file /Users/rtewelde/airflow_venv/lib/python3.11/site-packages/airflow/example_dags/example_inlet_event_extra.py for tasks to queue
[2024-09-22T14:48:27.808+0100] {logging_mixin.py:190} INFO - [2024-09-22T14:48:27.808+0100] {dagbag.py:588} INFO - Filling up the DagBag from /Users/rtewelde/airflow_venv/lib/python3.11/site-packages/airflow/example_dags/example_inlet_event_extra.py
[2024-09-22T14:48:27.913+0100] {processor.py:925} INFO - DAG(s) 'read_dataset_event_from_classic', 'read_dataset_event' retrieved from /Users/rtewelde/airflow_venv/lib/python3.11/site-packages/airflow/example_dags/example_inlet_event_extra.py
[2024-09-22T14:48:28.144+0100] {logging_mixin.py:190} INFO - [2024-09-22T14:48:28.144+0100] {dag.py:3239} INFO - Sync 2 DAGs
[2024-09-22T14:48:28.178+0100] {logging_mixin.py:190} INFO - [2024-09-22T14:48:28.178+0100] {dag.py:4180} INFO - Setting next_dagrun for read_dataset_event to 2024-09-21 00:00:00+00:00, run_after=2024-09-22 00:00:00+00:00
[2024-09-22T14:48:28.183+0100] {logging_mixin.py:190} INFO - [2024-09-22T14:48:28.183+0100] {dag.py:4180} INFO - Setting next_dagrun for read_dataset_event_from_classic to 2024-09-21 00:00:00+00:00, run_after=2024-09-22 00:00:00+00:00
[2024-09-22T14:48:28.203+0100] {processor.py:208} INFO - Processing /Users/rtewelde/airflow_venv/lib/python3.11/site-packages/airflow/example_dags/example_inlet_event_extra.py took 0.400 seconds
[2024-09-22T14:49:04.221+0100] {processor.py:186} INFO - Started process (PID=81151) to work on /Users/rtewelde/airflow_venv/lib/python3.11/site-packages/airflow/example_dags/example_inlet_event_extra.py
[2024-09-22T14:49:04.222+0100] {processor.py:914} INFO - Processing file /Users/rtewelde/airflow_venv/lib/python3.11/site-packages/airflow/example_dags/example_inlet_event_extra.py for tasks to queue
[2024-09-22T14:49:04.224+0100] {logging_mixin.py:190} INFO - [2024-09-22T14:49:04.223+0100] {dagbag.py:588} INFO - Filling up the DagBag from /Users/rtewelde/airflow_venv/lib/python3.11/site-packages/airflow/example_dags/example_inlet_event_extra.py
[2024-09-22T14:49:04.317+0100] {processor.py:925} INFO - DAG(s) 'read_dataset_event', 'read_dataset_event_from_classic' retrieved from /Users/rtewelde/airflow_venv/lib/python3.11/site-packages/airflow/example_dags/example_inlet_event_extra.py
[2024-09-22T14:49:04.516+0100] {logging_mixin.py:190} INFO - [2024-09-22T14:49:04.515+0100] {dag.py:3239} INFO - Sync 2 DAGs
[2024-09-22T14:49:04.537+0100] {logging_mixin.py:190} INFO - [2024-09-22T14:49:04.537+0100] {dag.py:4180} INFO - Setting next_dagrun for read_dataset_event to 2024-09-21 00:00:00+00:00, run_after=2024-09-22 00:00:00+00:00
[2024-09-22T14:49:04.542+0100] {logging_mixin.py:190} INFO - [2024-09-22T14:49:04.542+0100] {dag.py:4180} INFO - Setting next_dagrun for read_dataset_event_from_classic to 2024-09-21 00:00:00+00:00, run_after=2024-09-22 00:00:00+00:00
[2024-09-22T14:49:04.566+0100] {processor.py:208} INFO - Processing /Users/rtewelde/airflow_venv/lib/python3.11/site-packages/airflow/example_dags/example_inlet_event_extra.py took 0.348 seconds
