[2024-09-22T13:35:57.714+0100] {processor.py:157} INFO - Started process (PID=56376) to work on /Users/rtewelde/airflow_venv/lib/python3.11/site-packages/airflow/example_dags/example_latest_only_with_trigger.py
[2024-09-22T13:35:57.717+0100] {processor.py:829} INFO - Processing file /Users/rtewelde/airflow_venv/lib/python3.11/site-packages/airflow/example_dags/example_latest_only_with_trigger.py for tasks to queue
[2024-09-22T13:35:57.718+0100] {logging_mixin.py:151} INFO - [2024-09-22T13:35:57.717+0100] {dagbag.py:539} INFO - Filling up the DagBag from /Users/rtewelde/airflow_venv/lib/python3.11/site-packages/airflow/example_dags/example_latest_only_with_trigger.py
[2024-09-22T13:35:57.737+0100] {processor.py:839} INFO - DAG(s) dict_keys(['latest_only_with_trigger']) retrieved from /Users/rtewelde/airflow_venv/lib/python3.11/site-packages/airflow/example_dags/example_latest_only_with_trigger.py
[2024-09-22T13:35:57.917+0100] {logging_mixin.py:151} INFO - [2024-09-22T13:35:57.916+0100] {dag.py:2907} INFO - Sync 1 DAGs
[2024-09-22T13:35:57.933+0100] {logging_mixin.py:151} INFO - [2024-09-22T13:35:57.932+0100] {dag.py:3677} INFO - Setting next_dagrun for latest_only_with_trigger to 2024-09-22T08:35:57.932739+00:00, run_after=2024-09-22T12:35:57.932739+00:00
[2024-09-22T13:35:57.949+0100] {processor.py:179} INFO - Processing /Users/rtewelde/airflow_venv/lib/python3.11/site-packages/airflow/example_dags/example_latest_only_with_trigger.py took 0.236 seconds
[2024-09-22T13:37:40.372+0100] {processor.py:157} INFO - Started process (PID=56916) to work on /Users/rtewelde/airflow_venv/lib/python3.11/site-packages/airflow/example_dags/example_latest_only_with_trigger.py
[2024-09-22T13:37:40.376+0100] {processor.py:829} INFO - Processing file /Users/rtewelde/airflow_venv/lib/python3.11/site-packages/airflow/example_dags/example_latest_only_with_trigger.py for tasks to queue
[2024-09-22T13:37:40.377+0100] {logging_mixin.py:151} INFO - [2024-09-22T13:37:40.377+0100] {dagbag.py:539} INFO - Filling up the DagBag from /Users/rtewelde/airflow_venv/lib/python3.11/site-packages/airflow/example_dags/example_latest_only_with_trigger.py
[2024-09-22T13:37:40.396+0100] {processor.py:839} INFO - DAG(s) dict_keys(['latest_only_with_trigger']) retrieved from /Users/rtewelde/airflow_venv/lib/python3.11/site-packages/airflow/example_dags/example_latest_only_with_trigger.py
[2024-09-22T13:37:40.585+0100] {logging_mixin.py:151} INFO - [2024-09-22T13:37:40.585+0100] {dag.py:2907} INFO - Sync 1 DAGs
[2024-09-22T13:37:40.600+0100] {logging_mixin.py:151} INFO - [2024-09-22T13:37:40.600+0100] {dag.py:3677} INFO - Setting next_dagrun for latest_only_with_trigger to 2024-09-22T08:37:40.600175+00:00, run_after=2024-09-22T12:37:40.600175+00:00
[2024-09-22T13:37:40.616+0100] {processor.py:179} INFO - Processing /Users/rtewelde/airflow_venv/lib/python3.11/site-packages/airflow/example_dags/example_latest_only_with_trigger.py took 0.244 seconds
[2024-09-22T13:40:26.459+0100] {processor.py:157} INFO - Started process (PID=58170) to work on /Users/rtewelde/airflow_venv/lib/python3.11/site-packages/airflow/example_dags/example_latest_only_with_trigger.py
[2024-09-22T13:40:26.463+0100] {processor.py:829} INFO - Processing file /Users/rtewelde/airflow_venv/lib/python3.11/site-packages/airflow/example_dags/example_latest_only_with_trigger.py for tasks to queue
[2024-09-22T13:40:26.464+0100] {logging_mixin.py:151} INFO - [2024-09-22T13:40:26.464+0100] {dagbag.py:539} INFO - Filling up the DagBag from /Users/rtewelde/airflow_venv/lib/python3.11/site-packages/airflow/example_dags/example_latest_only_with_trigger.py
[2024-09-22T13:40:26.487+0100] {processor.py:839} INFO - DAG(s) dict_keys(['latest_only_with_trigger']) retrieved from /Users/rtewelde/airflow_venv/lib/python3.11/site-packages/airflow/example_dags/example_latest_only_with_trigger.py
[2024-09-22T13:40:26.704+0100] {logging_mixin.py:151} INFO - [2024-09-22T13:40:26.703+0100] {dag.py:2907} INFO - Sync 1 DAGs
[2024-09-22T13:40:26.727+0100] {logging_mixin.py:151} INFO - [2024-09-22T13:40:26.726+0100] {dag.py:3677} INFO - Setting next_dagrun for latest_only_with_trigger to 2024-09-22T08:40:26.726738+00:00, run_after=2024-09-22T12:40:26.726738+00:00
[2024-09-22T13:40:26.747+0100] {processor.py:179} INFO - Processing /Users/rtewelde/airflow_venv/lib/python3.11/site-packages/airflow/example_dags/example_latest_only_with_trigger.py took 0.288 seconds
[2024-09-22T14:21:02.809+0100] {processor.py:186} INFO - Started process (PID=72621) to work on /Users/rtewelde/airflow_venv/lib/python3.11/site-packages/airflow/example_dags/example_latest_only_with_trigger.py
[2024-09-22T14:21:02.810+0100] {processor.py:914} INFO - Processing file /Users/rtewelde/airflow_venv/lib/python3.11/site-packages/airflow/example_dags/example_latest_only_with_trigger.py for tasks to queue
[2024-09-22T14:21:02.812+0100] {logging_mixin.py:190} INFO - [2024-09-22T14:21:02.812+0100] {dagbag.py:588} INFO - Filling up the DagBag from /Users/rtewelde/airflow_venv/lib/python3.11/site-packages/airflow/example_dags/example_latest_only_with_trigger.py
[2024-09-22T14:21:02.820+0100] {processor.py:925} INFO - DAG(s) 'latest_only_with_trigger' retrieved from /Users/rtewelde/airflow_venv/lib/python3.11/site-packages/airflow/example_dags/example_latest_only_with_trigger.py
[2024-09-22T14:21:03.064+0100] {logging_mixin.py:190} INFO - [2024-09-22T14:21:03.064+0100] {dag.py:3239} INFO - Sync 1 DAGs
[2024-09-22T14:21:03.080+0100] {logging_mixin.py:190} INFO - [2024-09-22T14:21:03.080+0100] {dag.py:4180} INFO - Setting next_dagrun for latest_only_with_trigger to 2024-09-22 08:00:00+00:00, run_after=2024-09-22 12:00:00+00:00
[2024-09-22T14:21:03.096+0100] {processor.py:208} INFO - Processing /Users/rtewelde/airflow_venv/lib/python3.11/site-packages/airflow/example_dags/example_latest_only_with_trigger.py took 0.289 seconds
[2024-09-22T14:24:01.063+0100] {processor.py:186} INFO - Started process (PID=73576) to work on /Users/rtewelde/airflow_venv/lib/python3.11/site-packages/airflow/example_dags/example_latest_only_with_trigger.py
[2024-09-22T14:24:01.064+0100] {processor.py:914} INFO - Processing file /Users/rtewelde/airflow_venv/lib/python3.11/site-packages/airflow/example_dags/example_latest_only_with_trigger.py for tasks to queue
[2024-09-22T14:24:01.065+0100] {logging_mixin.py:190} INFO - [2024-09-22T14:24:01.065+0100] {dagbag.py:588} INFO - Filling up the DagBag from /Users/rtewelde/airflow_venv/lib/python3.11/site-packages/airflow/example_dags/example_latest_only_with_trigger.py
[2024-09-22T14:24:01.073+0100] {processor.py:925} INFO - DAG(s) 'latest_only_with_trigger' retrieved from /Users/rtewelde/airflow_venv/lib/python3.11/site-packages/airflow/example_dags/example_latest_only_with_trigger.py
[2024-09-22T14:24:01.262+0100] {logging_mixin.py:190} INFO - [2024-09-22T14:24:01.261+0100] {dag.py:3239} INFO - Sync 1 DAGs
[2024-09-22T14:24:01.280+0100] {logging_mixin.py:190} INFO - [2024-09-22T14:24:01.280+0100] {dag.py:4180} INFO - Setting next_dagrun for latest_only_with_trigger to 2024-09-22 08:00:00+00:00, run_after=2024-09-22 12:00:00+00:00
[2024-09-22T14:24:01.297+0100] {processor.py:208} INFO - Processing /Users/rtewelde/airflow_venv/lib/python3.11/site-packages/airflow/example_dags/example_latest_only_with_trigger.py took 0.237 seconds
[2024-09-22T14:26:26.720+0100] {processor.py:186} INFO - Started process (PID=74290) to work on /Users/rtewelde/airflow_venv/lib/python3.11/site-packages/airflow/example_dags/example_latest_only_with_trigger.py
[2024-09-22T14:26:26.721+0100] {processor.py:914} INFO - Processing file /Users/rtewelde/airflow_venv/lib/python3.11/site-packages/airflow/example_dags/example_latest_only_with_trigger.py for tasks to queue
[2024-09-22T14:26:26.722+0100] {logging_mixin.py:190} INFO - [2024-09-22T14:26:26.722+0100] {dagbag.py:588} INFO - Filling up the DagBag from /Users/rtewelde/airflow_venv/lib/python3.11/site-packages/airflow/example_dags/example_latest_only_with_trigger.py
[2024-09-22T14:26:26.729+0100] {processor.py:925} INFO - DAG(s) 'latest_only_with_trigger' retrieved from /Users/rtewelde/airflow_venv/lib/python3.11/site-packages/airflow/example_dags/example_latest_only_with_trigger.py
[2024-09-22T14:26:26.891+0100] {logging_mixin.py:190} INFO - [2024-09-22T14:26:26.890+0100] {dag.py:3239} INFO - Sync 1 DAGs
[2024-09-22T14:26:26.912+0100] {logging_mixin.py:190} INFO - [2024-09-22T14:26:26.911+0100] {dag.py:4180} INFO - Setting next_dagrun for latest_only_with_trigger to 2024-09-22 08:00:00+00:00, run_after=2024-09-22 12:00:00+00:00
[2024-09-22T14:26:26.928+0100] {processor.py:208} INFO - Processing /Users/rtewelde/airflow_venv/lib/python3.11/site-packages/airflow/example_dags/example_latest_only_with_trigger.py took 0.211 seconds
[2024-09-22T14:28:48.618+0100] {processor.py:186} INFO - Started process (PID=74993) to work on /Users/rtewelde/airflow_venv/lib/python3.11/site-packages/airflow/example_dags/example_latest_only_with_trigger.py
[2024-09-22T14:28:48.619+0100] {processor.py:914} INFO - Processing file /Users/rtewelde/airflow_venv/lib/python3.11/site-packages/airflow/example_dags/example_latest_only_with_trigger.py for tasks to queue
[2024-09-22T14:28:48.620+0100] {logging_mixin.py:190} INFO - [2024-09-22T14:28:48.620+0100] {dagbag.py:588} INFO - Filling up the DagBag from /Users/rtewelde/airflow_venv/lib/python3.11/site-packages/airflow/example_dags/example_latest_only_with_trigger.py
[2024-09-22T14:28:48.627+0100] {processor.py:925} INFO - DAG(s) 'latest_only_with_trigger' retrieved from /Users/rtewelde/airflow_venv/lib/python3.11/site-packages/airflow/example_dags/example_latest_only_with_trigger.py
[2024-09-22T14:28:48.789+0100] {logging_mixin.py:190} INFO - [2024-09-22T14:28:48.789+0100] {dag.py:3239} INFO - Sync 1 DAGs
[2024-09-22T14:28:48.806+0100] {logging_mixin.py:190} INFO - [2024-09-22T14:28:48.806+0100] {dag.py:4180} INFO - Setting next_dagrun for latest_only_with_trigger to 2024-09-22 08:00:00+00:00, run_after=2024-09-22 12:00:00+00:00
[2024-09-22T14:28:48.823+0100] {processor.py:208} INFO - Processing /Users/rtewelde/airflow_venv/lib/python3.11/site-packages/airflow/example_dags/example_latest_only_with_trigger.py took 0.207 seconds
[2024-09-22T14:31:06.159+0100] {processor.py:186} INFO - Started process (PID=75661) to work on /Users/rtewelde/airflow_venv/lib/python3.11/site-packages/airflow/example_dags/example_latest_only_with_trigger.py
[2024-09-22T14:31:06.160+0100] {processor.py:914} INFO - Processing file /Users/rtewelde/airflow_venv/lib/python3.11/site-packages/airflow/example_dags/example_latest_only_with_trigger.py for tasks to queue
[2024-09-22T14:31:06.161+0100] {logging_mixin.py:190} INFO - [2024-09-22T14:31:06.160+0100] {dagbag.py:588} INFO - Filling up the DagBag from /Users/rtewelde/airflow_venv/lib/python3.11/site-packages/airflow/example_dags/example_latest_only_with_trigger.py
[2024-09-22T14:31:06.168+0100] {processor.py:925} INFO - DAG(s) 'latest_only_with_trigger' retrieved from /Users/rtewelde/airflow_venv/lib/python3.11/site-packages/airflow/example_dags/example_latest_only_with_trigger.py
[2024-09-22T14:31:06.325+0100] {logging_mixin.py:190} INFO - [2024-09-22T14:31:06.325+0100] {dag.py:3239} INFO - Sync 1 DAGs
[2024-09-22T14:31:06.341+0100] {logging_mixin.py:190} INFO - [2024-09-22T14:31:06.341+0100] {dag.py:4180} INFO - Setting next_dagrun for latest_only_with_trigger to 2024-09-22 08:00:00+00:00, run_after=2024-09-22 12:00:00+00:00
[2024-09-22T14:31:06.357+0100] {processor.py:208} INFO - Processing /Users/rtewelde/airflow_venv/lib/python3.11/site-packages/airflow/example_dags/example_latest_only_with_trigger.py took 0.201 seconds
[2024-09-22T14:33:27.398+0100] {processor.py:186} INFO - Started process (PID=76318) to work on /Users/rtewelde/airflow_venv/lib/python3.11/site-packages/airflow/example_dags/example_latest_only_with_trigger.py
[2024-09-22T14:33:27.399+0100] {processor.py:914} INFO - Processing file /Users/rtewelde/airflow_venv/lib/python3.11/site-packages/airflow/example_dags/example_latest_only_with_trigger.py for tasks to queue
[2024-09-22T14:33:27.400+0100] {logging_mixin.py:190} INFO - [2024-09-22T14:33:27.400+0100] {dagbag.py:588} INFO - Filling up the DagBag from /Users/rtewelde/airflow_venv/lib/python3.11/site-packages/airflow/example_dags/example_latest_only_with_trigger.py
[2024-09-22T14:33:27.408+0100] {processor.py:925} INFO - DAG(s) 'latest_only_with_trigger' retrieved from /Users/rtewelde/airflow_venv/lib/python3.11/site-packages/airflow/example_dags/example_latest_only_with_trigger.py
[2024-09-22T14:33:27.586+0100] {logging_mixin.py:190} INFO - [2024-09-22T14:33:27.586+0100] {dag.py:3239} INFO - Sync 1 DAGs
[2024-09-22T14:33:27.603+0100] {logging_mixin.py:190} INFO - [2024-09-22T14:33:27.603+0100] {dag.py:4180} INFO - Setting next_dagrun for latest_only_with_trigger to 2024-09-22 08:00:00+00:00, run_after=2024-09-22 12:00:00+00:00
[2024-09-22T14:33:27.626+0100] {processor.py:208} INFO - Processing /Users/rtewelde/airflow_venv/lib/python3.11/site-packages/airflow/example_dags/example_latest_only_with_trigger.py took 0.230 seconds
[2024-09-22T14:36:20.121+0100] {processor.py:186} INFO - Started process (PID=77137) to work on /Users/rtewelde/airflow_venv/lib/python3.11/site-packages/airflow/example_dags/example_latest_only_with_trigger.py
[2024-09-22T14:36:20.123+0100] {processor.py:914} INFO - Processing file /Users/rtewelde/airflow_venv/lib/python3.11/site-packages/airflow/example_dags/example_latest_only_with_trigger.py for tasks to queue
[2024-09-22T14:36:20.124+0100] {logging_mixin.py:190} INFO - [2024-09-22T14:36:20.124+0100] {dagbag.py:588} INFO - Filling up the DagBag from /Users/rtewelde/airflow_venv/lib/python3.11/site-packages/airflow/example_dags/example_latest_only_with_trigger.py
[2024-09-22T14:36:20.134+0100] {processor.py:925} INFO - DAG(s) 'latest_only_with_trigger' retrieved from /Users/rtewelde/airflow_venv/lib/python3.11/site-packages/airflow/example_dags/example_latest_only_with_trigger.py
[2024-09-22T14:36:20.309+0100] {logging_mixin.py:190} INFO - [2024-09-22T14:36:20.309+0100] {dag.py:3239} INFO - Sync 1 DAGs
[2024-09-22T14:36:20.330+0100] {logging_mixin.py:190} INFO - [2024-09-22T14:36:20.330+0100] {dag.py:4180} INFO - Setting next_dagrun for latest_only_with_trigger to 2024-09-22 08:00:00+00:00, run_after=2024-09-22 12:00:00+00:00
[2024-09-22T14:36:20.348+0100] {processor.py:208} INFO - Processing /Users/rtewelde/airflow_venv/lib/python3.11/site-packages/airflow/example_dags/example_latest_only_with_trigger.py took 0.229 seconds
[2024-09-22T14:41:41.179+0100] {processor.py:186} INFO - Started process (PID=78941) to work on /Users/rtewelde/airflow_venv/lib/python3.11/site-packages/airflow/example_dags/example_latest_only_with_trigger.py
[2024-09-22T14:41:41.181+0100] {processor.py:914} INFO - Processing file /Users/rtewelde/airflow_venv/lib/python3.11/site-packages/airflow/example_dags/example_latest_only_with_trigger.py for tasks to queue
[2024-09-22T14:41:41.183+0100] {logging_mixin.py:190} INFO - [2024-09-22T14:41:41.182+0100] {dagbag.py:588} INFO - Filling up the DagBag from /Users/rtewelde/airflow_venv/lib/python3.11/site-packages/airflow/example_dags/example_latest_only_with_trigger.py
[2024-09-22T14:41:41.191+0100] {processor.py:925} INFO - DAG(s) 'latest_only_with_trigger' retrieved from /Users/rtewelde/airflow_venv/lib/python3.11/site-packages/airflow/example_dags/example_latest_only_with_trigger.py
[2024-09-22T14:41:41.372+0100] {logging_mixin.py:190} INFO - [2024-09-22T14:41:41.372+0100] {dag.py:3239} INFO - Sync 1 DAGs
[2024-09-22T14:41:41.393+0100] {logging_mixin.py:190} INFO - [2024-09-22T14:41:41.393+0100] {dag.py:4180} INFO - Setting next_dagrun for latest_only_with_trigger to 2024-09-22 08:00:00+00:00, run_after=2024-09-22 12:00:00+00:00
[2024-09-22T14:41:41.414+0100] {processor.py:208} INFO - Processing /Users/rtewelde/airflow_venv/lib/python3.11/site-packages/airflow/example_dags/example_latest_only_with_trigger.py took 0.238 seconds
[2024-09-22T14:44:08.471+0100] {processor.py:186} INFO - Started process (PID=79680) to work on /Users/rtewelde/airflow_venv/lib/python3.11/site-packages/airflow/example_dags/example_latest_only_with_trigger.py
[2024-09-22T14:44:08.472+0100] {processor.py:914} INFO - Processing file /Users/rtewelde/airflow_venv/lib/python3.11/site-packages/airflow/example_dags/example_latest_only_with_trigger.py for tasks to queue
[2024-09-22T14:44:08.473+0100] {logging_mixin.py:190} INFO - [2024-09-22T14:44:08.473+0100] {dagbag.py:588} INFO - Filling up the DagBag from /Users/rtewelde/airflow_venv/lib/python3.11/site-packages/airflow/example_dags/example_latest_only_with_trigger.py
[2024-09-22T14:44:08.480+0100] {processor.py:925} INFO - DAG(s) 'latest_only_with_trigger' retrieved from /Users/rtewelde/airflow_venv/lib/python3.11/site-packages/airflow/example_dags/example_latest_only_with_trigger.py
[2024-09-22T14:44:08.639+0100] {logging_mixin.py:190} INFO - [2024-09-22T14:44:08.639+0100] {dag.py:3239} INFO - Sync 1 DAGs
[2024-09-22T14:44:08.655+0100] {logging_mixin.py:190} INFO - [2024-09-22T14:44:08.654+0100] {dag.py:4180} INFO - Setting next_dagrun for latest_only_with_trigger to 2024-09-22 08:00:00+00:00, run_after=2024-09-22 12:00:00+00:00
[2024-09-22T14:44:08.674+0100] {processor.py:208} INFO - Processing /Users/rtewelde/airflow_venv/lib/python3.11/site-packages/airflow/example_dags/example_latest_only_with_trigger.py took 0.206 seconds
[2024-09-22T14:45:00.559+0100] {processor.py:186} INFO - Started process (PID=79931) to work on /Users/rtewelde/airflow_venv/lib/python3.11/site-packages/airflow/example_dags/example_latest_only_with_trigger.py
[2024-09-22T14:45:00.560+0100] {processor.py:914} INFO - Processing file /Users/rtewelde/airflow_venv/lib/python3.11/site-packages/airflow/example_dags/example_latest_only_with_trigger.py for tasks to queue
[2024-09-22T14:45:00.561+0100] {logging_mixin.py:190} INFO - [2024-09-22T14:45:00.561+0100] {dagbag.py:588} INFO - Filling up the DagBag from /Users/rtewelde/airflow_venv/lib/python3.11/site-packages/airflow/example_dags/example_latest_only_with_trigger.py
[2024-09-22T14:45:00.569+0100] {processor.py:925} INFO - DAG(s) 'latest_only_with_trigger' retrieved from /Users/rtewelde/airflow_venv/lib/python3.11/site-packages/airflow/example_dags/example_latest_only_with_trigger.py
[2024-09-22T14:45:00.748+0100] {logging_mixin.py:190} INFO - [2024-09-22T14:45:00.748+0100] {dag.py:3239} INFO - Sync 1 DAGs
[2024-09-22T14:45:00.771+0100] {logging_mixin.py:190} INFO - [2024-09-22T14:45:00.770+0100] {dag.py:4180} INFO - Setting next_dagrun for latest_only_with_trigger to 2024-09-22 08:00:00+00:00, run_after=2024-09-22 12:00:00+00:00
[2024-09-22T14:45:00.790+0100] {processor.py:208} INFO - Processing /Users/rtewelde/airflow_venv/lib/python3.11/site-packages/airflow/example_dags/example_latest_only_with_trigger.py took 0.233 seconds
[2024-09-22T14:48:14.776+0100] {processor.py:186} INFO - Started process (PID=80888) to work on /Users/rtewelde/airflow_venv/lib/python3.11/site-packages/airflow/example_dags/example_latest_only_with_trigger.py
[2024-09-22T14:48:14.777+0100] {processor.py:914} INFO - Processing file /Users/rtewelde/airflow_venv/lib/python3.11/site-packages/airflow/example_dags/example_latest_only_with_trigger.py for tasks to queue
[2024-09-22T14:48:14.779+0100] {logging_mixin.py:190} INFO - [2024-09-22T14:48:14.778+0100] {dagbag.py:588} INFO - Filling up the DagBag from /Users/rtewelde/airflow_venv/lib/python3.11/site-packages/airflow/example_dags/example_latest_only_with_trigger.py
[2024-09-22T14:48:14.799+0100] {processor.py:925} INFO - DAG(s) 'latest_only_with_trigger' retrieved from /Users/rtewelde/airflow_venv/lib/python3.11/site-packages/airflow/example_dags/example_latest_only_with_trigger.py
[2024-09-22T14:48:15.204+0100] {logging_mixin.py:190} INFO - [2024-09-22T14:48:15.204+0100] {dag.py:3239} INFO - Sync 1 DAGs
[2024-09-22T14:48:15.246+0100] {logging_mixin.py:190} INFO - [2024-09-22T14:48:15.246+0100] {dag.py:4180} INFO - Setting next_dagrun for latest_only_with_trigger to 2024-09-22 08:00:00+00:00, run_after=2024-09-22 12:00:00+00:00
[2024-09-22T14:48:15.294+0100] {processor.py:208} INFO - Processing /Users/rtewelde/airflow_venv/lib/python3.11/site-packages/airflow/example_dags/example_latest_only_with_trigger.py took 0.522 seconds
[2024-09-22T14:48:51.571+0100] {processor.py:186} INFO - Started process (PID=81069) to work on /Users/rtewelde/airflow_venv/lib/python3.11/site-packages/airflow/example_dags/example_latest_only_with_trigger.py
[2024-09-22T14:48:51.572+0100] {processor.py:914} INFO - Processing file /Users/rtewelde/airflow_venv/lib/python3.11/site-packages/airflow/example_dags/example_latest_only_with_trigger.py for tasks to queue
[2024-09-22T14:48:51.573+0100] {logging_mixin.py:190} INFO - [2024-09-22T14:48:51.573+0100] {dagbag.py:588} INFO - Filling up the DagBag from /Users/rtewelde/airflow_venv/lib/python3.11/site-packages/airflow/example_dags/example_latest_only_with_trigger.py
[2024-09-22T14:48:51.583+0100] {processor.py:925} INFO - DAG(s) 'latest_only_with_trigger' retrieved from /Users/rtewelde/airflow_venv/lib/python3.11/site-packages/airflow/example_dags/example_latest_only_with_trigger.py
[2024-09-22T14:48:51.842+0100] {logging_mixin.py:190} INFO - [2024-09-22T14:48:51.841+0100] {dag.py:3239} INFO - Sync 1 DAGs
[2024-09-22T14:48:51.880+0100] {logging_mixin.py:190} INFO - [2024-09-22T14:48:51.880+0100] {dag.py:4180} INFO - Setting next_dagrun for latest_only_with_trigger to 2024-09-22 08:00:00+00:00, run_after=2024-09-22 12:00:00+00:00
[2024-09-22T14:48:51.930+0100] {processor.py:208} INFO - Processing /Users/rtewelde/airflow_venv/lib/python3.11/site-packages/airflow/example_dags/example_latest_only_with_trigger.py took 0.367 seconds
