[2024-09-22T14:20:53.353+0100] {processor.py:186} INFO - Started process (PID=72480) to work on /Users/rtewelde/airflow_venv/lib/python3.11/site-packages/airflow/example_dags/example_outlet_event_extra.py
[2024-09-22T14:20:53.353+0100] {processor.py:914} INFO - Processing file /Users/rtewelde/airflow_venv/lib/python3.11/site-packages/airflow/example_dags/example_outlet_event_extra.py for tasks to queue
[2024-09-22T14:20:53.354+0100] {logging_mixin.py:190} INFO - [2024-09-22T14:20:53.354+0100] {dagbag.py:588} INFO - Filling up the DagBag from /Users/rtewelde/airflow_venv/lib/python3.11/site-packages/airflow/example_dags/example_outlet_event_extra.py
[2024-09-22T14:20:53.436+0100] {processor.py:925} INFO - DAG(s) 'dataset_with_extra_by_yield', 'dataset_with_extra_by_context', 'dataset_with_extra_from_classic_operator' retrieved from /Users/rtewelde/airflow_venv/lib/python3.11/site-packages/airflow/example_dags/example_outlet_event_extra.py
[2024-09-22T14:20:53.722+0100] {logging_mixin.py:190} INFO - [2024-09-22T14:20:53.722+0100] {dag.py:3239} INFO - Sync 3 DAGs
[2024-09-22T14:20:53.742+0100] {logging_mixin.py:190} INFO - [2024-09-22T14:20:53.742+0100] {dag.py:4180} INFO - Setting next_dagrun for dataset_with_extra_by_context to 2024-09-21 00:00:00+00:00, run_after=2024-09-22 00:00:00+00:00
[2024-09-22T14:20:53.746+0100] {logging_mixin.py:190} INFO - [2024-09-22T14:20:53.746+0100] {dag.py:4180} INFO - Setting next_dagrun for dataset_with_extra_by_yield to 2024-09-21 00:00:00+00:00, run_after=2024-09-22 00:00:00+00:00
[2024-09-22T14:20:53.749+0100] {logging_mixin.py:190} INFO - [2024-09-22T14:20:53.749+0100] {dag.py:4180} INFO - Setting next_dagrun for dataset_with_extra_from_classic_operator to 2024-09-21 00:00:00+00:00, run_after=2024-09-22 00:00:00+00:00
[2024-09-22T14:20:53.769+0100] {processor.py:208} INFO - Processing /Users/rtewelde/airflow_venv/lib/python3.11/site-packages/airflow/example_dags/example_outlet_event_extra.py took 0.419 seconds
[2024-09-22T14:23:52.125+0100] {processor.py:186} INFO - Started process (PID=73514) to work on /Users/rtewelde/airflow_venv/lib/python3.11/site-packages/airflow/example_dags/example_outlet_event_extra.py
[2024-09-22T14:23:52.126+0100] {processor.py:914} INFO - Processing file /Users/rtewelde/airflow_venv/lib/python3.11/site-packages/airflow/example_dags/example_outlet_event_extra.py for tasks to queue
[2024-09-22T14:23:52.127+0100] {logging_mixin.py:190} INFO - [2024-09-22T14:23:52.127+0100] {dagbag.py:588} INFO - Filling up the DagBag from /Users/rtewelde/airflow_venv/lib/python3.11/site-packages/airflow/example_dags/example_outlet_event_extra.py
[2024-09-22T14:23:52.203+0100] {processor.py:925} INFO - DAG(s) 'dataset_with_extra_by_context', 'dataset_with_extra_by_yield', 'dataset_with_extra_from_classic_operator' retrieved from /Users/rtewelde/airflow_venv/lib/python3.11/site-packages/airflow/example_dags/example_outlet_event_extra.py
[2024-09-22T14:23:52.483+0100] {logging_mixin.py:190} INFO - [2024-09-22T14:23:52.483+0100] {dag.py:3239} INFO - Sync 3 DAGs
[2024-09-22T14:23:52.519+0100] {logging_mixin.py:190} INFO - [2024-09-22T14:23:52.519+0100] {dag.py:4180} INFO - Setting next_dagrun for dataset_with_extra_by_context to 2024-09-21 00:00:00+00:00, run_after=2024-09-22 00:00:00+00:00
[2024-09-22T14:23:52.532+0100] {logging_mixin.py:190} INFO - [2024-09-22T14:23:52.531+0100] {dag.py:4180} INFO - Setting next_dagrun for dataset_with_extra_by_yield to 2024-09-21 00:00:00+00:00, run_after=2024-09-22 00:00:00+00:00
[2024-09-22T14:23:52.535+0100] {logging_mixin.py:190} INFO - [2024-09-22T14:23:52.535+0100] {dag.py:4180} INFO - Setting next_dagrun for dataset_with_extra_from_classic_operator to 2024-09-21 00:00:00+00:00, run_after=2024-09-22 00:00:00+00:00
[2024-09-22T14:23:52.566+0100] {processor.py:208} INFO - Processing /Users/rtewelde/airflow_venv/lib/python3.11/site-packages/airflow/example_dags/example_outlet_event_extra.py took 0.444 seconds
[2024-09-22T14:26:17.638+0100] {processor.py:186} INFO - Started process (PID=74244) to work on /Users/rtewelde/airflow_venv/lib/python3.11/site-packages/airflow/example_dags/example_outlet_event_extra.py
[2024-09-22T14:26:17.640+0100] {processor.py:914} INFO - Processing file /Users/rtewelde/airflow_venv/lib/python3.11/site-packages/airflow/example_dags/example_outlet_event_extra.py for tasks to queue
[2024-09-22T14:26:17.641+0100] {logging_mixin.py:190} INFO - [2024-09-22T14:26:17.641+0100] {dagbag.py:588} INFO - Filling up the DagBag from /Users/rtewelde/airflow_venv/lib/python3.11/site-packages/airflow/example_dags/example_outlet_event_extra.py
[2024-09-22T14:26:17.714+0100] {processor.py:925} INFO - DAG(s) 'dataset_with_extra_by_context', 'dataset_with_extra_by_yield', 'dataset_with_extra_from_classic_operator' retrieved from /Users/rtewelde/airflow_venv/lib/python3.11/site-packages/airflow/example_dags/example_outlet_event_extra.py
[2024-09-22T14:26:17.883+0100] {logging_mixin.py:190} INFO - [2024-09-22T14:26:17.883+0100] {dag.py:3239} INFO - Sync 3 DAGs
[2024-09-22T14:26:17.904+0100] {logging_mixin.py:190} INFO - [2024-09-22T14:26:17.903+0100] {dag.py:4180} INFO - Setting next_dagrun for dataset_with_extra_by_context to 2024-09-21 00:00:00+00:00, run_after=2024-09-22 00:00:00+00:00
[2024-09-22T14:26:17.911+0100] {logging_mixin.py:190} INFO - [2024-09-22T14:26:17.911+0100] {dag.py:4180} INFO - Setting next_dagrun for dataset_with_extra_by_yield to 2024-09-21 00:00:00+00:00, run_after=2024-09-22 00:00:00+00:00
[2024-09-22T14:26:17.913+0100] {logging_mixin.py:190} INFO - [2024-09-22T14:26:17.913+0100] {dag.py:4180} INFO - Setting next_dagrun for dataset_with_extra_from_classic_operator to 2024-09-21 00:00:00+00:00, run_after=2024-09-22 00:00:00+00:00
[2024-09-22T14:26:17.933+0100] {processor.py:208} INFO - Processing /Users/rtewelde/airflow_venv/lib/python3.11/site-packages/airflow/example_dags/example_outlet_event_extra.py took 0.298 seconds
[2024-09-22T14:28:38.974+0100] {processor.py:186} INFO - Started process (PID=74953) to work on /Users/rtewelde/airflow_venv/lib/python3.11/site-packages/airflow/example_dags/example_outlet_event_extra.py
[2024-09-22T14:28:38.975+0100] {processor.py:914} INFO - Processing file /Users/rtewelde/airflow_venv/lib/python3.11/site-packages/airflow/example_dags/example_outlet_event_extra.py for tasks to queue
[2024-09-22T14:28:38.976+0100] {logging_mixin.py:190} INFO - [2024-09-22T14:28:38.976+0100] {dagbag.py:588} INFO - Filling up the DagBag from /Users/rtewelde/airflow_venv/lib/python3.11/site-packages/airflow/example_dags/example_outlet_event_extra.py
[2024-09-22T14:28:39.050+0100] {processor.py:925} INFO - DAG(s) 'dataset_with_extra_by_yield', 'dataset_with_extra_by_context', 'dataset_with_extra_from_classic_operator' retrieved from /Users/rtewelde/airflow_venv/lib/python3.11/site-packages/airflow/example_dags/example_outlet_event_extra.py
[2024-09-22T14:28:39.220+0100] {logging_mixin.py:190} INFO - [2024-09-22T14:28:39.220+0100] {dag.py:3239} INFO - Sync 3 DAGs
[2024-09-22T14:28:39.240+0100] {logging_mixin.py:190} INFO - [2024-09-22T14:28:39.240+0100] {dag.py:4180} INFO - Setting next_dagrun for dataset_with_extra_by_context to 2024-09-21 00:00:00+00:00, run_after=2024-09-22 00:00:00+00:00
[2024-09-22T14:28:39.245+0100] {logging_mixin.py:190} INFO - [2024-09-22T14:28:39.245+0100] {dag.py:4180} INFO - Setting next_dagrun for dataset_with_extra_by_yield to 2024-09-21 00:00:00+00:00, run_after=2024-09-22 00:00:00+00:00
[2024-09-22T14:28:39.248+0100] {logging_mixin.py:190} INFO - [2024-09-22T14:28:39.247+0100] {dag.py:4180} INFO - Setting next_dagrun for dataset_with_extra_from_classic_operator to 2024-09-21 00:00:00+00:00, run_after=2024-09-22 00:00:00+00:00
[2024-09-22T14:28:39.267+0100] {processor.py:208} INFO - Processing /Users/rtewelde/airflow_venv/lib/python3.11/site-packages/airflow/example_dags/example_outlet_event_extra.py took 0.295 seconds
[2024-09-22T14:30:58.107+0100] {processor.py:186} INFO - Started process (PID=75617) to work on /Users/rtewelde/airflow_venv/lib/python3.11/site-packages/airflow/example_dags/example_outlet_event_extra.py
[2024-09-22T14:30:58.108+0100] {processor.py:914} INFO - Processing file /Users/rtewelde/airflow_venv/lib/python3.11/site-packages/airflow/example_dags/example_outlet_event_extra.py for tasks to queue
[2024-09-22T14:30:58.108+0100] {logging_mixin.py:190} INFO - [2024-09-22T14:30:58.108+0100] {dagbag.py:588} INFO - Filling up the DagBag from /Users/rtewelde/airflow_venv/lib/python3.11/site-packages/airflow/example_dags/example_outlet_event_extra.py
[2024-09-22T14:30:58.177+0100] {processor.py:925} INFO - DAG(s) 'dataset_with_extra_from_classic_operator', 'dataset_with_extra_by_yield', 'dataset_with_extra_by_context' retrieved from /Users/rtewelde/airflow_venv/lib/python3.11/site-packages/airflow/example_dags/example_outlet_event_extra.py
[2024-09-22T14:30:58.326+0100] {logging_mixin.py:190} INFO - [2024-09-22T14:30:58.326+0100] {dag.py:3239} INFO - Sync 3 DAGs
[2024-09-22T14:30:58.345+0100] {logging_mixin.py:190} INFO - [2024-09-22T14:30:58.345+0100] {dag.py:4180} INFO - Setting next_dagrun for dataset_with_extra_by_context to 2024-09-21 00:00:00+00:00, run_after=2024-09-22 00:00:00+00:00
[2024-09-22T14:30:58.349+0100] {logging_mixin.py:190} INFO - [2024-09-22T14:30:58.349+0100] {dag.py:4180} INFO - Setting next_dagrun for dataset_with_extra_by_yield to 2024-09-21 00:00:00+00:00, run_after=2024-09-22 00:00:00+00:00
[2024-09-22T14:30:58.351+0100] {logging_mixin.py:190} INFO - [2024-09-22T14:30:58.351+0100] {dag.py:4180} INFO - Setting next_dagrun for dataset_with_extra_from_classic_operator to 2024-09-21 00:00:00+00:00, run_after=2024-09-22 00:00:00+00:00
[2024-09-22T14:30:58.368+0100] {processor.py:208} INFO - Processing /Users/rtewelde/airflow_venv/lib/python3.11/site-packages/airflow/example_dags/example_outlet_event_extra.py took 0.263 seconds
[2024-09-22T14:33:17.079+0100] {processor.py:186} INFO - Started process (PID=76274) to work on /Users/rtewelde/airflow_venv/lib/python3.11/site-packages/airflow/example_dags/example_outlet_event_extra.py
[2024-09-22T14:33:17.080+0100] {processor.py:914} INFO - Processing file /Users/rtewelde/airflow_venv/lib/python3.11/site-packages/airflow/example_dags/example_outlet_event_extra.py for tasks to queue
[2024-09-22T14:33:17.082+0100] {logging_mixin.py:190} INFO - [2024-09-22T14:33:17.081+0100] {dagbag.py:588} INFO - Filling up the DagBag from /Users/rtewelde/airflow_venv/lib/python3.11/site-packages/airflow/example_dags/example_outlet_event_extra.py
[2024-09-22T14:33:17.174+0100] {processor.py:925} INFO - DAG(s) 'dataset_with_extra_by_context', 'dataset_with_extra_from_classic_operator', 'dataset_with_extra_by_yield' retrieved from /Users/rtewelde/airflow_venv/lib/python3.11/site-packages/airflow/example_dags/example_outlet_event_extra.py
[2024-09-22T14:33:17.434+0100] {logging_mixin.py:190} INFO - [2024-09-22T14:33:17.434+0100] {dag.py:3239} INFO - Sync 3 DAGs
[2024-09-22T14:33:17.457+0100] {logging_mixin.py:190} INFO - [2024-09-22T14:33:17.457+0100] {dag.py:4180} INFO - Setting next_dagrun for dataset_with_extra_by_context to 2024-09-21 00:00:00+00:00, run_after=2024-09-22 00:00:00+00:00
[2024-09-22T14:33:17.462+0100] {logging_mixin.py:190} INFO - [2024-09-22T14:33:17.461+0100] {dag.py:4180} INFO - Setting next_dagrun for dataset_with_extra_by_yield to 2024-09-21 00:00:00+00:00, run_after=2024-09-22 00:00:00+00:00
[2024-09-22T14:33:17.464+0100] {logging_mixin.py:190} INFO - [2024-09-22T14:33:17.464+0100] {dag.py:4180} INFO - Setting next_dagrun for dataset_with_extra_from_classic_operator to 2024-09-21 00:00:00+00:00, run_after=2024-09-22 00:00:00+00:00
[2024-09-22T14:33:17.490+0100] {processor.py:208} INFO - Processing /Users/rtewelde/airflow_venv/lib/python3.11/site-packages/airflow/example_dags/example_outlet_event_extra.py took 0.414 seconds
[2024-09-22T14:36:09.708+0100] {processor.py:186} INFO - Started process (PID=77087) to work on /Users/rtewelde/airflow_venv/lib/python3.11/site-packages/airflow/example_dags/example_outlet_event_extra.py
[2024-09-22T14:36:09.709+0100] {processor.py:914} INFO - Processing file /Users/rtewelde/airflow_venv/lib/python3.11/site-packages/airflow/example_dags/example_outlet_event_extra.py for tasks to queue
[2024-09-22T14:36:09.710+0100] {logging_mixin.py:190} INFO - [2024-09-22T14:36:09.710+0100] {dagbag.py:588} INFO - Filling up the DagBag from /Users/rtewelde/airflow_venv/lib/python3.11/site-packages/airflow/example_dags/example_outlet_event_extra.py
[2024-09-22T14:36:09.815+0100] {processor.py:925} INFO - DAG(s) 'dataset_with_extra_by_context', 'dataset_with_extra_from_classic_operator', 'dataset_with_extra_by_yield' retrieved from /Users/rtewelde/airflow_venv/lib/python3.11/site-packages/airflow/example_dags/example_outlet_event_extra.py
[2024-09-22T14:36:10.001+0100] {logging_mixin.py:190} INFO - [2024-09-22T14:36:10.001+0100] {dag.py:3239} INFO - Sync 3 DAGs
[2024-09-22T14:36:10.022+0100] {logging_mixin.py:190} INFO - [2024-09-22T14:36:10.022+0100] {dag.py:4180} INFO - Setting next_dagrun for dataset_with_extra_by_context to 2024-09-21 00:00:00+00:00, run_after=2024-09-22 00:00:00+00:00
[2024-09-22T14:36:10.027+0100] {logging_mixin.py:190} INFO - [2024-09-22T14:36:10.027+0100] {dag.py:4180} INFO - Setting next_dagrun for dataset_with_extra_by_yield to 2024-09-21 00:00:00+00:00, run_after=2024-09-22 00:00:00+00:00
[2024-09-22T14:36:10.029+0100] {logging_mixin.py:190} INFO - [2024-09-22T14:36:10.029+0100] {dag.py:4180} INFO - Setting next_dagrun for dataset_with_extra_from_classic_operator to 2024-09-21 00:00:00+00:00, run_after=2024-09-22 00:00:00+00:00
[2024-09-22T14:36:10.051+0100] {processor.py:208} INFO - Processing /Users/rtewelde/airflow_venv/lib/python3.11/site-packages/airflow/example_dags/example_outlet_event_extra.py took 0.347 seconds
[2024-09-22T14:41:32.121+0100] {processor.py:186} INFO - Started process (PID=78880) to work on /Users/rtewelde/airflow_venv/lib/python3.11/site-packages/airflow/example_dags/example_outlet_event_extra.py
[2024-09-22T14:41:32.122+0100] {processor.py:914} INFO - Processing file /Users/rtewelde/airflow_venv/lib/python3.11/site-packages/airflow/example_dags/example_outlet_event_extra.py for tasks to queue
[2024-09-22T14:41:32.123+0100] {logging_mixin.py:190} INFO - [2024-09-22T14:41:32.123+0100] {dagbag.py:588} INFO - Filling up the DagBag from /Users/rtewelde/airflow_venv/lib/python3.11/site-packages/airflow/example_dags/example_outlet_event_extra.py
[2024-09-22T14:41:32.226+0100] {processor.py:925} INFO - DAG(s) 'dataset_with_extra_by_context', 'dataset_with_extra_from_classic_operator', 'dataset_with_extra_by_yield' retrieved from /Users/rtewelde/airflow_venv/lib/python3.11/site-packages/airflow/example_dags/example_outlet_event_extra.py
[2024-09-22T14:41:32.393+0100] {logging_mixin.py:190} INFO - [2024-09-22T14:41:32.393+0100] {dag.py:3239} INFO - Sync 3 DAGs
[2024-09-22T14:41:32.415+0100] {logging_mixin.py:190} INFO - [2024-09-22T14:41:32.415+0100] {dag.py:4180} INFO - Setting next_dagrun for dataset_with_extra_by_context to 2024-09-21 00:00:00+00:00, run_after=2024-09-22 00:00:00+00:00
[2024-09-22T14:41:32.420+0100] {logging_mixin.py:190} INFO - [2024-09-22T14:41:32.420+0100] {dag.py:4180} INFO - Setting next_dagrun for dataset_with_extra_by_yield to 2024-09-21 00:00:00+00:00, run_after=2024-09-22 00:00:00+00:00
[2024-09-22T14:41:32.423+0100] {logging_mixin.py:190} INFO - [2024-09-22T14:41:32.422+0100] {dag.py:4180} INFO - Setting next_dagrun for dataset_with_extra_from_classic_operator to 2024-09-21 00:00:00+00:00, run_after=2024-09-22 00:00:00+00:00
[2024-09-22T14:41:32.445+0100] {processor.py:208} INFO - Processing /Users/rtewelde/airflow_venv/lib/python3.11/site-packages/airflow/example_dags/example_outlet_event_extra.py took 0.327 seconds
[2024-09-22T14:43:57.790+0100] {processor.py:186} INFO - Started process (PID=79625) to work on /Users/rtewelde/airflow_venv/lib/python3.11/site-packages/airflow/example_dags/example_outlet_event_extra.py
[2024-09-22T14:43:57.791+0100] {processor.py:914} INFO - Processing file /Users/rtewelde/airflow_venv/lib/python3.11/site-packages/airflow/example_dags/example_outlet_event_extra.py for tasks to queue
[2024-09-22T14:43:57.792+0100] {logging_mixin.py:190} INFO - [2024-09-22T14:43:57.792+0100] {dagbag.py:588} INFO - Filling up the DagBag from /Users/rtewelde/airflow_venv/lib/python3.11/site-packages/airflow/example_dags/example_outlet_event_extra.py
[2024-09-22T14:43:57.895+0100] {processor.py:925} INFO - DAG(s) 'dataset_with_extra_by_context', 'dataset_with_extra_by_yield', 'dataset_with_extra_from_classic_operator' retrieved from /Users/rtewelde/airflow_venv/lib/python3.11/site-packages/airflow/example_dags/example_outlet_event_extra.py
[2024-09-22T14:43:58.099+0100] {logging_mixin.py:190} INFO - [2024-09-22T14:43:58.099+0100] {dag.py:3239} INFO - Sync 3 DAGs
[2024-09-22T14:43:58.123+0100] {logging_mixin.py:190} INFO - [2024-09-22T14:43:58.123+0100] {dag.py:4180} INFO - Setting next_dagrun for dataset_with_extra_by_context to 2024-09-21 00:00:00+00:00, run_after=2024-09-22 00:00:00+00:00
[2024-09-22T14:43:58.128+0100] {logging_mixin.py:190} INFO - [2024-09-22T14:43:58.128+0100] {dag.py:4180} INFO - Setting next_dagrun for dataset_with_extra_by_yield to 2024-09-21 00:00:00+00:00, run_after=2024-09-22 00:00:00+00:00
[2024-09-22T14:43:58.131+0100] {logging_mixin.py:190} INFO - [2024-09-22T14:43:58.131+0100] {dag.py:4180} INFO - Setting next_dagrun for dataset_with_extra_from_classic_operator to 2024-09-21 00:00:00+00:00, run_after=2024-09-22 00:00:00+00:00
[2024-09-22T14:43:58.152+0100] {processor.py:208} INFO - Processing /Users/rtewelde/airflow_venv/lib/python3.11/site-packages/airflow/example_dags/example_outlet_event_extra.py took 0.366 seconds
[2024-09-22T14:44:50.813+0100] {processor.py:186} INFO - Started process (PID=79879) to work on /Users/rtewelde/airflow_venv/lib/python3.11/site-packages/airflow/example_dags/example_outlet_event_extra.py
[2024-09-22T14:44:50.813+0100] {processor.py:914} INFO - Processing file /Users/rtewelde/airflow_venv/lib/python3.11/site-packages/airflow/example_dags/example_outlet_event_extra.py for tasks to queue
[2024-09-22T14:44:50.815+0100] {logging_mixin.py:190} INFO - [2024-09-22T14:44:50.814+0100] {dagbag.py:588} INFO - Filling up the DagBag from /Users/rtewelde/airflow_venv/lib/python3.11/site-packages/airflow/example_dags/example_outlet_event_extra.py
[2024-09-22T14:44:50.904+0100] {processor.py:925} INFO - DAG(s) 'dataset_with_extra_by_context', 'dataset_with_extra_by_yield', 'dataset_with_extra_from_classic_operator' retrieved from /Users/rtewelde/airflow_venv/lib/python3.11/site-packages/airflow/example_dags/example_outlet_event_extra.py
[2024-09-22T14:44:51.072+0100] {logging_mixin.py:190} INFO - [2024-09-22T14:44:51.072+0100] {dag.py:3239} INFO - Sync 3 DAGs
[2024-09-22T14:44:51.091+0100] {logging_mixin.py:190} INFO - [2024-09-22T14:44:51.091+0100] {dag.py:4180} INFO - Setting next_dagrun for dataset_with_extra_by_context to 2024-09-21 00:00:00+00:00, run_after=2024-09-22 00:00:00+00:00
[2024-09-22T14:44:51.095+0100] {logging_mixin.py:190} INFO - [2024-09-22T14:44:51.095+0100] {dag.py:4180} INFO - Setting next_dagrun for dataset_with_extra_by_yield to 2024-09-21 00:00:00+00:00, run_after=2024-09-22 00:00:00+00:00
[2024-09-22T14:44:51.097+0100] {logging_mixin.py:190} INFO - [2024-09-22T14:44:51.097+0100] {dag.py:4180} INFO - Setting next_dagrun for dataset_with_extra_from_classic_operator to 2024-09-21 00:00:00+00:00, run_after=2024-09-22 00:00:00+00:00
[2024-09-22T14:44:51.120+0100] {processor.py:208} INFO - Processing /Users/rtewelde/airflow_venv/lib/python3.11/site-packages/airflow/example_dags/example_outlet_event_extra.py took 0.311 seconds
[2024-09-22T14:48:00.992+0100] {processor.py:186} INFO - Started process (PID=80819) to work on /Users/rtewelde/airflow_venv/lib/python3.11/site-packages/airflow/example_dags/example_outlet_event_extra.py
[2024-09-22T14:48:00.995+0100] {processor.py:914} INFO - Processing file /Users/rtewelde/airflow_venv/lib/python3.11/site-packages/airflow/example_dags/example_outlet_event_extra.py for tasks to queue
[2024-09-22T14:48:00.997+0100] {logging_mixin.py:190} INFO - [2024-09-22T14:48:00.997+0100] {dagbag.py:588} INFO - Filling up the DagBag from /Users/rtewelde/airflow_venv/lib/python3.11/site-packages/airflow/example_dags/example_outlet_event_extra.py
[2024-09-22T14:48:01.122+0100] {processor.py:925} INFO - DAG(s) 'dataset_with_extra_from_classic_operator', 'dataset_with_extra_by_yield', 'dataset_with_extra_by_context' retrieved from /Users/rtewelde/airflow_venv/lib/python3.11/site-packages/airflow/example_dags/example_outlet_event_extra.py
[2024-09-22T14:48:01.570+0100] {logging_mixin.py:190} INFO - [2024-09-22T14:48:01.570+0100] {dag.py:3239} INFO - Sync 3 DAGs
[2024-09-22T14:48:01.607+0100] {logging_mixin.py:190} INFO - [2024-09-22T14:48:01.606+0100] {dag.py:4180} INFO - Setting next_dagrun for dataset_with_extra_by_context to 2024-09-21 00:00:00+00:00, run_after=2024-09-22 00:00:00+00:00
[2024-09-22T14:48:01.614+0100] {logging_mixin.py:190} INFO - [2024-09-22T14:48:01.614+0100] {dag.py:4180} INFO - Setting next_dagrun for dataset_with_extra_by_yield to 2024-09-21 00:00:00+00:00, run_after=2024-09-22 00:00:00+00:00
[2024-09-22T14:48:01.619+0100] {logging_mixin.py:190} INFO - [2024-09-22T14:48:01.618+0100] {dag.py:4180} INFO - Setting next_dagrun for dataset_with_extra_from_classic_operator to 2024-09-21 00:00:00+00:00, run_after=2024-09-22 00:00:00+00:00
[2024-09-22T14:48:01.657+0100] {processor.py:208} INFO - Processing /Users/rtewelde/airflow_venv/lib/python3.11/site-packages/airflow/example_dags/example_outlet_event_extra.py took 0.669 seconds
[2024-09-22T14:48:34.627+0100] {processor.py:186} INFO - Started process (PID=80995) to work on /Users/rtewelde/airflow_venv/lib/python3.11/site-packages/airflow/example_dags/example_outlet_event_extra.py
[2024-09-22T14:48:34.628+0100] {processor.py:914} INFO - Processing file /Users/rtewelde/airflow_venv/lib/python3.11/site-packages/airflow/example_dags/example_outlet_event_extra.py for tasks to queue
[2024-09-22T14:48:34.630+0100] {logging_mixin.py:190} INFO - [2024-09-22T14:48:34.630+0100] {dagbag.py:588} INFO - Filling up the DagBag from /Users/rtewelde/airflow_venv/lib/python3.11/site-packages/airflow/example_dags/example_outlet_event_extra.py
[2024-09-22T14:48:34.760+0100] {processor.py:925} INFO - DAG(s) 'dataset_with_extra_from_classic_operator', 'dataset_with_extra_by_yield', 'dataset_with_extra_by_context' retrieved from /Users/rtewelde/airflow_venv/lib/python3.11/site-packages/airflow/example_dags/example_outlet_event_extra.py
[2024-09-22T14:48:35.057+0100] {logging_mixin.py:190} INFO - [2024-09-22T14:48:35.056+0100] {dag.py:3239} INFO - Sync 3 DAGs
[2024-09-22T14:48:35.090+0100] {logging_mixin.py:190} INFO - [2024-09-22T14:48:35.089+0100] {dag.py:4180} INFO - Setting next_dagrun for dataset_with_extra_by_context to 2024-09-21 00:00:00+00:00, run_after=2024-09-22 00:00:00+00:00
[2024-09-22T14:48:35.097+0100] {logging_mixin.py:190} INFO - [2024-09-22T14:48:35.097+0100] {dag.py:4180} INFO - Setting next_dagrun for dataset_with_extra_by_yield to 2024-09-21 00:00:00+00:00, run_after=2024-09-22 00:00:00+00:00
[2024-09-22T14:48:35.102+0100] {logging_mixin.py:190} INFO - [2024-09-22T14:48:35.101+0100] {dag.py:4180} INFO - Setting next_dagrun for dataset_with_extra_from_classic_operator to 2024-09-21 00:00:00+00:00, run_after=2024-09-22 00:00:00+00:00
[2024-09-22T14:48:35.130+0100] {processor.py:208} INFO - Processing /Users/rtewelde/airflow_venv/lib/python3.11/site-packages/airflow/example_dags/example_outlet_event_extra.py took 0.506 seconds
