[2024-09-22T13:36:04.134+0100] {processor.py:157} INFO - Started process (PID=56410) to work on /Users/rtewelde/airflow_venv/lib/python3.11/site-packages/airflow/example_dags/example_external_task_marker_dag.py
[2024-09-22T13:36:04.137+0100] {processor.py:829} INFO - Processing file /Users/rtewelde/airflow_venv/lib/python3.11/site-packages/airflow/example_dags/example_external_task_marker_dag.py for tasks to queue
[2024-09-22T13:36:04.137+0100] {logging_mixin.py:151} INFO - [2024-09-22T13:36:04.137+0100] {dagbag.py:539} INFO - Filling up the DagBag from /Users/rtewelde/airflow_venv/lib/python3.11/site-packages/airflow/example_dags/example_external_task_marker_dag.py
[2024-09-22T13:36:04.160+0100] {processor.py:839} INFO - DAG(s) dict_keys(['example_external_task_marker_parent', 'example_external_task_marker_child']) retrieved from /Users/rtewelde/airflow_venv/lib/python3.11/site-packages/airflow/example_dags/example_external_task_marker_dag.py
[2024-09-22T13:36:04.357+0100] {logging_mixin.py:151} INFO - [2024-09-22T13:36:04.357+0100] {dag.py:2907} INFO - Sync 2 DAGs
[2024-09-22T13:36:04.366+0100] {logging_mixin.py:151} INFO - [2024-09-22T13:36:04.366+0100] {dag.py:3677} INFO - Setting next_dagrun for example_external_task_marker_child to None, run_after=None
[2024-09-22T13:36:04.368+0100] {logging_mixin.py:151} INFO - [2024-09-22T13:36:04.368+0100] {dag.py:3677} INFO - Setting next_dagrun for example_external_task_marker_parent to None, run_after=None
[2024-09-22T13:36:04.385+0100] {processor.py:179} INFO - Processing /Users/rtewelde/airflow_venv/lib/python3.11/site-packages/airflow/example_dags/example_external_task_marker_dag.py took 0.252 seconds
[2024-09-22T13:38:30.365+0100] {processor.py:157} INFO - Started process (PID=57219) to work on /Users/rtewelde/airflow_venv/lib/python3.11/site-packages/airflow/example_dags/example_external_task_marker_dag.py
[2024-09-22T13:38:30.373+0100] {processor.py:829} INFO - Processing file /Users/rtewelde/airflow_venv/lib/python3.11/site-packages/airflow/example_dags/example_external_task_marker_dag.py for tasks to queue
[2024-09-22T13:38:30.375+0100] {logging_mixin.py:151} INFO - [2024-09-22T13:38:30.374+0100] {dagbag.py:539} INFO - Filling up the DagBag from /Users/rtewelde/airflow_venv/lib/python3.11/site-packages/airflow/example_dags/example_external_task_marker_dag.py
[2024-09-22T13:38:30.422+0100] {processor.py:839} INFO - DAG(s) dict_keys(['example_external_task_marker_child', 'example_external_task_marker_parent']) retrieved from /Users/rtewelde/airflow_venv/lib/python3.11/site-packages/airflow/example_dags/example_external_task_marker_dag.py
[2024-09-22T13:38:30.725+0100] {logging_mixin.py:151} INFO - [2024-09-22T13:38:30.725+0100] {dag.py:2907} INFO - Sync 2 DAGs
[2024-09-22T13:38:30.733+0100] {logging_mixin.py:151} INFO - [2024-09-22T13:38:30.733+0100] {dag.py:3677} INFO - Setting next_dagrun for example_external_task_marker_child to None, run_after=None
[2024-09-22T13:38:30.737+0100] {logging_mixin.py:151} INFO - [2024-09-22T13:38:30.737+0100] {dag.py:3677} INFO - Setting next_dagrun for example_external_task_marker_parent to None, run_after=None
[2024-09-22T13:38:30.752+0100] {processor.py:179} INFO - Processing /Users/rtewelde/airflow_venv/lib/python3.11/site-packages/airflow/example_dags/example_external_task_marker_dag.py took 0.388 seconds
[2024-09-22T13:40:34.013+0100] {processor.py:157} INFO - Started process (PID=58211) to work on /Users/rtewelde/airflow_venv/lib/python3.11/site-packages/airflow/example_dags/example_external_task_marker_dag.py
[2024-09-22T13:40:34.017+0100] {processor.py:829} INFO - Processing file /Users/rtewelde/airflow_venv/lib/python3.11/site-packages/airflow/example_dags/example_external_task_marker_dag.py for tasks to queue
[2024-09-22T13:40:34.017+0100] {logging_mixin.py:151} INFO - [2024-09-22T13:40:34.017+0100] {dagbag.py:539} INFO - Filling up the DagBag from /Users/rtewelde/airflow_venv/lib/python3.11/site-packages/airflow/example_dags/example_external_task_marker_dag.py
[2024-09-22T13:40:34.039+0100] {processor.py:839} INFO - DAG(s) dict_keys(['example_external_task_marker_child', 'example_external_task_marker_parent']) retrieved from /Users/rtewelde/airflow_venv/lib/python3.11/site-packages/airflow/example_dags/example_external_task_marker_dag.py
[2024-09-22T13:40:34.227+0100] {logging_mixin.py:151} INFO - [2024-09-22T13:40:34.227+0100] {dag.py:2907} INFO - Sync 2 DAGs
[2024-09-22T13:40:34.235+0100] {logging_mixin.py:151} INFO - [2024-09-22T13:40:34.234+0100] {dag.py:3677} INFO - Setting next_dagrun for example_external_task_marker_child to None, run_after=None
[2024-09-22T13:40:34.237+0100] {logging_mixin.py:151} INFO - [2024-09-22T13:40:34.237+0100] {dag.py:3677} INFO - Setting next_dagrun for example_external_task_marker_parent to None, run_after=None
[2024-09-22T13:40:34.256+0100] {processor.py:179} INFO - Processing /Users/rtewelde/airflow_venv/lib/python3.11/site-packages/airflow/example_dags/example_external_task_marker_dag.py took 0.244 seconds
[2024-09-22T14:21:14.384+0100] {processor.py:186} INFO - Started process (PID=72698) to work on /Users/rtewelde/airflow_venv/lib/python3.11/site-packages/airflow/example_dags/example_external_task_marker_dag.py
[2024-09-22T14:21:14.385+0100] {processor.py:914} INFO - Processing file /Users/rtewelde/airflow_venv/lib/python3.11/site-packages/airflow/example_dags/example_external_task_marker_dag.py for tasks to queue
[2024-09-22T14:21:14.386+0100] {logging_mixin.py:190} INFO - [2024-09-22T14:21:14.386+0100] {dagbag.py:588} INFO - Filling up the DagBag from /Users/rtewelde/airflow_venv/lib/python3.11/site-packages/airflow/example_dags/example_external_task_marker_dag.py
[2024-09-22T14:21:14.398+0100] {processor.py:925} INFO - DAG(s) 'example_external_task_marker_child', 'example_external_task_marker_parent' retrieved from /Users/rtewelde/airflow_venv/lib/python3.11/site-packages/airflow/example_dags/example_external_task_marker_dag.py
[2024-09-22T14:21:14.546+0100] {logging_mixin.py:190} INFO - [2024-09-22T14:21:14.545+0100] {workday.py:41} WARNING - Could not import pandas. Holidays will not be considered.
[2024-09-22T14:21:14.664+0100] {logging_mixin.py:190} INFO - [2024-09-22T14:21:14.663+0100] {dag.py:3239} INFO - Sync 2 DAGs
[2024-09-22T14:21:14.675+0100] {logging_mixin.py:190} INFO - [2024-09-22T14:21:14.674+0100] {dag.py:4180} INFO - Setting next_dagrun for example_external_task_marker_child to None, run_after=None
[2024-09-22T14:21:14.677+0100] {logging_mixin.py:190} INFO - [2024-09-22T14:21:14.677+0100] {dag.py:4180} INFO - Setting next_dagrun for example_external_task_marker_parent to None, run_after=None
[2024-09-22T14:21:14.695+0100] {processor.py:208} INFO - Processing /Users/rtewelde/airflow_venv/lib/python3.11/site-packages/airflow/example_dags/example_external_task_marker_dag.py took 0.313 seconds
[2024-09-22T14:24:13.056+0100] {processor.py:186} INFO - Started process (PID=73639) to work on /Users/rtewelde/airflow_venv/lib/python3.11/site-packages/airflow/example_dags/example_external_task_marker_dag.py
[2024-09-22T14:24:13.057+0100] {processor.py:914} INFO - Processing file /Users/rtewelde/airflow_venv/lib/python3.11/site-packages/airflow/example_dags/example_external_task_marker_dag.py for tasks to queue
[2024-09-22T14:24:13.058+0100] {logging_mixin.py:190} INFO - [2024-09-22T14:24:13.058+0100] {dagbag.py:588} INFO - Filling up the DagBag from /Users/rtewelde/airflow_venv/lib/python3.11/site-packages/airflow/example_dags/example_external_task_marker_dag.py
[2024-09-22T14:24:13.156+0100] {processor.py:925} INFO - DAG(s) 'example_external_task_marker_parent', 'example_external_task_marker_child' retrieved from /Users/rtewelde/airflow_venv/lib/python3.11/site-packages/airflow/example_dags/example_external_task_marker_dag.py
[2024-09-22T14:24:13.322+0100] {logging_mixin.py:190} INFO - [2024-09-22T14:24:13.322+0100] {workday.py:41} WARNING - Could not import pandas. Holidays will not be considered.
[2024-09-22T14:24:13.335+0100] {logging_mixin.py:190} INFO - [2024-09-22T14:24:13.335+0100] {dag.py:3239} INFO - Sync 2 DAGs
[2024-09-22T14:24:13.345+0100] {logging_mixin.py:190} INFO - [2024-09-22T14:24:13.345+0100] {dag.py:4180} INFO - Setting next_dagrun for example_external_task_marker_child to None, run_after=None
[2024-09-22T14:24:13.349+0100] {logging_mixin.py:190} INFO - [2024-09-22T14:24:13.349+0100] {dag.py:4180} INFO - Setting next_dagrun for example_external_task_marker_parent to None, run_after=None
[2024-09-22T14:24:13.367+0100] {processor.py:208} INFO - Processing /Users/rtewelde/airflow_venv/lib/python3.11/site-packages/airflow/example_dags/example_external_task_marker_dag.py took 0.314 seconds
[2024-09-22T14:28:57.307+0100] {processor.py:186} INFO - Started process (PID=75043) to work on /Users/rtewelde/airflow_venv/lib/python3.11/site-packages/airflow/example_dags/example_external_task_marker_dag.py
[2024-09-22T14:28:57.308+0100] {processor.py:914} INFO - Processing file /Users/rtewelde/airflow_venv/lib/python3.11/site-packages/airflow/example_dags/example_external_task_marker_dag.py for tasks to queue
[2024-09-22T14:28:57.309+0100] {logging_mixin.py:190} INFO - [2024-09-22T14:28:57.308+0100] {dagbag.py:588} INFO - Filling up the DagBag from /Users/rtewelde/airflow_venv/lib/python3.11/site-packages/airflow/example_dags/example_external_task_marker_dag.py
[2024-09-22T14:28:57.321+0100] {processor.py:925} INFO - DAG(s) 'example_external_task_marker_parent', 'example_external_task_marker_child' retrieved from /Users/rtewelde/airflow_venv/lib/python3.11/site-packages/airflow/example_dags/example_external_task_marker_dag.py
[2024-09-22T14:28:57.485+0100] {logging_mixin.py:190} INFO - [2024-09-22T14:28:57.484+0100] {workday.py:41} WARNING - Could not import pandas. Holidays will not be considered.
[2024-09-22T14:28:57.497+0100] {logging_mixin.py:190} INFO - [2024-09-22T14:28:57.496+0100] {dag.py:3239} INFO - Sync 2 DAGs
[2024-09-22T14:28:57.509+0100] {logging_mixin.py:190} INFO - [2024-09-22T14:28:57.509+0100] {dag.py:4180} INFO - Setting next_dagrun for example_external_task_marker_child to None, run_after=None
[2024-09-22T14:28:57.513+0100] {logging_mixin.py:190} INFO - [2024-09-22T14:28:57.512+0100] {dag.py:4180} INFO - Setting next_dagrun for example_external_task_marker_parent to None, run_after=None
[2024-09-22T14:28:57.549+0100] {processor.py:208} INFO - Processing /Users/rtewelde/airflow_venv/lib/python3.11/site-packages/airflow/example_dags/example_external_task_marker_dag.py took 0.245 seconds
[2024-09-22T14:33:35.569+0100] {processor.py:186} INFO - Started process (PID=76368) to work on /Users/rtewelde/airflow_venv/lib/python3.11/site-packages/airflow/example_dags/example_external_task_marker_dag.py
[2024-09-22T14:33:35.572+0100] {processor.py:914} INFO - Processing file /Users/rtewelde/airflow_venv/lib/python3.11/site-packages/airflow/example_dags/example_external_task_marker_dag.py for tasks to queue
[2024-09-22T14:33:35.573+0100] {logging_mixin.py:190} INFO - [2024-09-22T14:33:35.573+0100] {dagbag.py:588} INFO - Filling up the DagBag from /Users/rtewelde/airflow_venv/lib/python3.11/site-packages/airflow/example_dags/example_external_task_marker_dag.py
[2024-09-22T14:33:35.627+0100] {processor.py:925} INFO - DAG(s) 'example_external_task_marker_parent', 'example_external_task_marker_child' retrieved from /Users/rtewelde/airflow_venv/lib/python3.11/site-packages/airflow/example_dags/example_external_task_marker_dag.py
[2024-09-22T14:33:36.046+0100] {logging_mixin.py:190} INFO - [2024-09-22T14:33:36.046+0100] {workday.py:41} WARNING - Could not import pandas. Holidays will not be considered.
[2024-09-22T14:33:36.121+0100] {logging_mixin.py:190} INFO - [2024-09-22T14:33:36.112+0100] {dag.py:3239} INFO - Sync 2 DAGs
[2024-09-22T14:33:36.201+0100] {logging_mixin.py:190} INFO - [2024-09-22T14:33:36.200+0100] {dag.py:4180} INFO - Setting next_dagrun for example_external_task_marker_child to None, run_after=None
[2024-09-22T14:33:36.212+0100] {logging_mixin.py:190} INFO - [2024-09-22T14:33:36.212+0100] {dag.py:4180} INFO - Setting next_dagrun for example_external_task_marker_parent to None, run_after=None
[2024-09-22T14:33:36.251+0100] {processor.py:208} INFO - Processing /Users/rtewelde/airflow_venv/lib/python3.11/site-packages/airflow/example_dags/example_external_task_marker_dag.py took 0.685 seconds
[2024-09-22T14:36:32.394+0100] {processor.py:186} INFO - Started process (PID=77187) to work on /Users/rtewelde/airflow_venv/lib/python3.11/site-packages/airflow/example_dags/example_external_task_marker_dag.py
[2024-09-22T14:36:32.395+0100] {processor.py:914} INFO - Processing file /Users/rtewelde/airflow_venv/lib/python3.11/site-packages/airflow/example_dags/example_external_task_marker_dag.py for tasks to queue
[2024-09-22T14:36:32.396+0100] {logging_mixin.py:190} INFO - [2024-09-22T14:36:32.396+0100] {dagbag.py:588} INFO - Filling up the DagBag from /Users/rtewelde/airflow_venv/lib/python3.11/site-packages/airflow/example_dags/example_external_task_marker_dag.py
[2024-09-22T14:36:32.409+0100] {processor.py:925} INFO - DAG(s) 'example_external_task_marker_parent', 'example_external_task_marker_child' retrieved from /Users/rtewelde/airflow_venv/lib/python3.11/site-packages/airflow/example_dags/example_external_task_marker_dag.py
[2024-09-22T14:36:32.567+0100] {logging_mixin.py:190} INFO - [2024-09-22T14:36:32.566+0100] {workday.py:41} WARNING - Could not import pandas. Holidays will not be considered.
[2024-09-22T14:36:32.581+0100] {logging_mixin.py:190} INFO - [2024-09-22T14:36:32.580+0100] {dag.py:3239} INFO - Sync 2 DAGs
[2024-09-22T14:36:32.591+0100] {logging_mixin.py:190} INFO - [2024-09-22T14:36:32.590+0100] {dag.py:4180} INFO - Setting next_dagrun for example_external_task_marker_child to None, run_after=None
[2024-09-22T14:36:32.595+0100] {logging_mixin.py:190} INFO - [2024-09-22T14:36:32.594+0100] {dag.py:4180} INFO - Setting next_dagrun for example_external_task_marker_parent to None, run_after=None
[2024-09-22T14:36:32.611+0100] {processor.py:208} INFO - Processing /Users/rtewelde/airflow_venv/lib/python3.11/site-packages/airflow/example_dags/example_external_task_marker_dag.py took 0.219 seconds
[2024-09-22T14:41:55.028+0100] {processor.py:186} INFO - Started process (PID=79009) to work on /Users/rtewelde/airflow_venv/lib/python3.11/site-packages/airflow/example_dags/example_external_task_marker_dag.py
[2024-09-22T14:41:55.030+0100] {processor.py:914} INFO - Processing file /Users/rtewelde/airflow_venv/lib/python3.11/site-packages/airflow/example_dags/example_external_task_marker_dag.py for tasks to queue
[2024-09-22T14:41:55.031+0100] {logging_mixin.py:190} INFO - [2024-09-22T14:41:55.031+0100] {dagbag.py:588} INFO - Filling up the DagBag from /Users/rtewelde/airflow_venv/lib/python3.11/site-packages/airflow/example_dags/example_external_task_marker_dag.py
[2024-09-22T14:41:55.046+0100] {processor.py:925} INFO - DAG(s) 'example_external_task_marker_child', 'example_external_task_marker_parent' retrieved from /Users/rtewelde/airflow_venv/lib/python3.11/site-packages/airflow/example_dags/example_external_task_marker_dag.py
[2024-09-22T14:41:55.214+0100] {logging_mixin.py:190} INFO - [2024-09-22T14:41:55.213+0100] {workday.py:41} WARNING - Could not import pandas. Holidays will not be considered.
[2024-09-22T14:41:55.233+0100] {logging_mixin.py:190} INFO - [2024-09-22T14:41:55.233+0100] {dag.py:3239} INFO - Sync 2 DAGs
[2024-09-22T14:41:55.244+0100] {logging_mixin.py:190} INFO - [2024-09-22T14:41:55.244+0100] {dag.py:4180} INFO - Setting next_dagrun for example_external_task_marker_child to None, run_after=None
[2024-09-22T14:41:55.247+0100] {logging_mixin.py:190} INFO - [2024-09-22T14:41:55.247+0100] {dag.py:4180} INFO - Setting next_dagrun for example_external_task_marker_parent to None, run_after=None
[2024-09-22T14:41:55.263+0100] {processor.py:208} INFO - Processing /Users/rtewelde/airflow_venv/lib/python3.11/site-packages/airflow/example_dags/example_external_task_marker_dag.py took 0.238 seconds
[2024-09-22T14:44:20.770+0100] {processor.py:186} INFO - Started process (PID=79735) to work on /Users/rtewelde/airflow_venv/lib/python3.11/site-packages/airflow/example_dags/example_external_task_marker_dag.py
[2024-09-22T14:44:20.771+0100] {processor.py:914} INFO - Processing file /Users/rtewelde/airflow_venv/lib/python3.11/site-packages/airflow/example_dags/example_external_task_marker_dag.py for tasks to queue
[2024-09-22T14:44:20.771+0100] {logging_mixin.py:190} INFO - [2024-09-22T14:44:20.771+0100] {dagbag.py:588} INFO - Filling up the DagBag from /Users/rtewelde/airflow_venv/lib/python3.11/site-packages/airflow/example_dags/example_external_task_marker_dag.py
[2024-09-22T14:44:20.786+0100] {processor.py:925} INFO - DAG(s) 'example_external_task_marker_child', 'example_external_task_marker_parent' retrieved from /Users/rtewelde/airflow_venv/lib/python3.11/site-packages/airflow/example_dags/example_external_task_marker_dag.py
[2024-09-22T14:44:20.956+0100] {logging_mixin.py:190} INFO - [2024-09-22T14:44:20.955+0100] {workday.py:41} WARNING - Could not import pandas. Holidays will not be considered.
[2024-09-22T14:44:20.973+0100] {logging_mixin.py:190} INFO - [2024-09-22T14:44:20.972+0100] {dag.py:3239} INFO - Sync 2 DAGs
[2024-09-22T14:44:20.986+0100] {logging_mixin.py:190} INFO - [2024-09-22T14:44:20.986+0100] {dag.py:4180} INFO - Setting next_dagrun for example_external_task_marker_child to None, run_after=None
[2024-09-22T14:44:20.989+0100] {logging_mixin.py:190} INFO - [2024-09-22T14:44:20.989+0100] {dag.py:4180} INFO - Setting next_dagrun for example_external_task_marker_parent to None, run_after=None
[2024-09-22T14:44:21.005+0100] {processor.py:208} INFO - Processing /Users/rtewelde/airflow_venv/lib/python3.11/site-packages/airflow/example_dags/example_external_task_marker_dag.py took 0.237 seconds
[2024-09-22T14:45:12.934+0100] {processor.py:186} INFO - Started process (PID=79996) to work on /Users/rtewelde/airflow_venv/lib/python3.11/site-packages/airflow/example_dags/example_external_task_marker_dag.py
[2024-09-22T14:45:12.935+0100] {processor.py:914} INFO - Processing file /Users/rtewelde/airflow_venv/lib/python3.11/site-packages/airflow/example_dags/example_external_task_marker_dag.py for tasks to queue
[2024-09-22T14:45:12.936+0100] {logging_mixin.py:190} INFO - [2024-09-22T14:45:12.936+0100] {dagbag.py:588} INFO - Filling up the DagBag from /Users/rtewelde/airflow_venv/lib/python3.11/site-packages/airflow/example_dags/example_external_task_marker_dag.py
[2024-09-22T14:45:12.954+0100] {processor.py:925} INFO - DAG(s) 'example_external_task_marker_parent', 'example_external_task_marker_child' retrieved from /Users/rtewelde/airflow_venv/lib/python3.11/site-packages/airflow/example_dags/example_external_task_marker_dag.py
[2024-09-22T14:45:13.137+0100] {logging_mixin.py:190} INFO - [2024-09-22T14:45:13.137+0100] {workday.py:41} WARNING - Could not import pandas. Holidays will not be considered.
[2024-09-22T14:45:13.158+0100] {logging_mixin.py:190} INFO - [2024-09-22T14:45:13.157+0100] {dag.py:3239} INFO - Sync 2 DAGs
[2024-09-22T14:45:13.174+0100] {logging_mixin.py:190} INFO - [2024-09-22T14:45:13.174+0100] {dag.py:4180} INFO - Setting next_dagrun for example_external_task_marker_child to None, run_after=None
[2024-09-22T14:45:13.177+0100] {logging_mixin.py:190} INFO - [2024-09-22T14:45:13.177+0100] {dag.py:4180} INFO - Setting next_dagrun for example_external_task_marker_parent to None, run_after=None
[2024-09-22T14:45:13.194+0100] {processor.py:208} INFO - Processing /Users/rtewelde/airflow_venv/lib/python3.11/site-packages/airflow/example_dags/example_external_task_marker_dag.py took 0.263 seconds
[2024-09-22T14:48:32.206+0100] {processor.py:186} INFO - Started process (PID=80983) to work on /Users/rtewelde/airflow_venv/lib/python3.11/site-packages/airflow/example_dags/example_external_task_marker_dag.py
[2024-09-22T14:48:32.207+0100] {processor.py:914} INFO - Processing file /Users/rtewelde/airflow_venv/lib/python3.11/site-packages/airflow/example_dags/example_external_task_marker_dag.py for tasks to queue
[2024-09-22T14:48:32.209+0100] {logging_mixin.py:190} INFO - [2024-09-22T14:48:32.208+0100] {dagbag.py:588} INFO - Filling up the DagBag from /Users/rtewelde/airflow_venv/lib/python3.11/site-packages/airflow/example_dags/example_external_task_marker_dag.py
[2024-09-22T14:48:32.232+0100] {processor.py:925} INFO - DAG(s) 'example_external_task_marker_parent', 'example_external_task_marker_child' retrieved from /Users/rtewelde/airflow_venv/lib/python3.11/site-packages/airflow/example_dags/example_external_task_marker_dag.py
[2024-09-22T14:48:32.511+0100] {logging_mixin.py:190} INFO - [2024-09-22T14:48:32.510+0100] {workday.py:41} WARNING - Could not import pandas. Holidays will not be considered.
[2024-09-22T14:48:32.542+0100] {logging_mixin.py:190} INFO - [2024-09-22T14:48:32.541+0100] {dag.py:3239} INFO - Sync 2 DAGs
[2024-09-22T14:48:32.560+0100] {logging_mixin.py:190} INFO - [2024-09-22T14:48:32.560+0100] {dag.py:4180} INFO - Setting next_dagrun for example_external_task_marker_child to None, run_after=None
[2024-09-22T14:48:32.564+0100] {logging_mixin.py:190} INFO - [2024-09-22T14:48:32.563+0100] {dag.py:4180} INFO - Setting next_dagrun for example_external_task_marker_parent to None, run_after=None
[2024-09-22T14:48:32.584+0100] {processor.py:208} INFO - Processing /Users/rtewelde/airflow_venv/lib/python3.11/site-packages/airflow/example_dags/example_external_task_marker_dag.py took 0.383 seconds
[2024-09-22T14:49:08.559+0100] {processor.py:186} INFO - Started process (PID=81169) to work on /Users/rtewelde/airflow_venv/lib/python3.11/site-packages/airflow/example_dags/example_external_task_marker_dag.py
[2024-09-22T14:49:08.561+0100] {processor.py:914} INFO - Processing file /Users/rtewelde/airflow_venv/lib/python3.11/site-packages/airflow/example_dags/example_external_task_marker_dag.py for tasks to queue
[2024-09-22T14:49:08.562+0100] {logging_mixin.py:190} INFO - [2024-09-22T14:49:08.562+0100] {dagbag.py:588} INFO - Filling up the DagBag from /Users/rtewelde/airflow_venv/lib/python3.11/site-packages/airflow/example_dags/example_external_task_marker_dag.py
[2024-09-22T14:49:08.585+0100] {processor.py:925} INFO - DAG(s) 'example_external_task_marker_child', 'example_external_task_marker_parent' retrieved from /Users/rtewelde/airflow_venv/lib/python3.11/site-packages/airflow/example_dags/example_external_task_marker_dag.py
[2024-09-22T14:49:08.818+0100] {logging_mixin.py:190} INFO - [2024-09-22T14:49:08.818+0100] {workday.py:41} WARNING - Could not import pandas. Holidays will not be considered.
[2024-09-22T14:49:08.840+0100] {logging_mixin.py:190} INFO - [2024-09-22T14:49:08.839+0100] {dag.py:3239} INFO - Sync 2 DAGs
[2024-09-22T14:49:08.853+0100] {logging_mixin.py:190} INFO - [2024-09-22T14:49:08.852+0100] {dag.py:4180} INFO - Setting next_dagrun for example_external_task_marker_child to None, run_after=None
[2024-09-22T14:49:08.856+0100] {logging_mixin.py:190} INFO - [2024-09-22T14:49:08.856+0100] {dag.py:4180} INFO - Setting next_dagrun for example_external_task_marker_parent to None, run_after=None
[2024-09-22T14:49:08.879+0100] {processor.py:208} INFO - Processing /Users/rtewelde/airflow_venv/lib/python3.11/site-packages/airflow/example_dags/example_external_task_marker_dag.py took 0.322 seconds
