[2024-09-22T14:22:06.972+0100] {processor.py:186} INFO - Started process (PID=72947) to work on /Users/rtewelde/airflow_venv/lib/python3.11/site-packages/airflow/example_dags/example_bash_decorator.py
[2024-09-22T14:22:06.974+0100] {processor.py:914} INFO - Processing file /Users/rtewelde/airflow_venv/lib/python3.11/site-packages/airflow/example_dags/example_bash_decorator.py for tasks to queue
[2024-09-22T14:22:06.975+0100] {logging_mixin.py:190} INFO - [2024-09-22T14:22:06.975+0100] {dagbag.py:588} INFO - Filling up the DagBag from /Users/rtewelde/airflow_venv/lib/python3.11/site-packages/airflow/example_dags/example_bash_decorator.py
[2024-09-22T14:22:07.021+0100] {processor.py:925} INFO - DAG(s) 'example_bash_decorator' retrieved from /Users/rtewelde/airflow_venv/lib/python3.11/site-packages/airflow/example_dags/example_bash_decorator.py
[2024-09-22T14:22:07.287+0100] {logging_mixin.py:190} INFO - [2024-09-22T14:22:07.287+0100] {dag.py:3239} INFO - Sync 1 DAGs
[2024-09-22T14:22:07.300+0100] {logging_mixin.py:190} INFO - [2024-09-22T14:22:07.300+0100] {dag.py:4180} INFO - Setting next_dagrun for example_bash_decorator to None, run_after=None
[2024-09-22T14:22:07.324+0100] {processor.py:208} INFO - Processing /Users/rtewelde/airflow_venv/lib/python3.11/site-packages/airflow/example_dags/example_bash_decorator.py took 0.355 seconds
[2024-09-22T14:26:55.804+0100] {processor.py:186} INFO - Started process (PID=74422) to work on /Users/rtewelde/airflow_venv/lib/python3.11/site-packages/airflow/example_dags/example_bash_decorator.py
[2024-09-22T14:26:55.805+0100] {processor.py:914} INFO - Processing file /Users/rtewelde/airflow_venv/lib/python3.11/site-packages/airflow/example_dags/example_bash_decorator.py for tasks to queue
[2024-09-22T14:26:55.806+0100] {logging_mixin.py:190} INFO - [2024-09-22T14:26:55.806+0100] {dagbag.py:588} INFO - Filling up the DagBag from /Users/rtewelde/airflow_venv/lib/python3.11/site-packages/airflow/example_dags/example_bash_decorator.py
[2024-09-22T14:26:55.860+0100] {processor.py:925} INFO - DAG(s) 'example_bash_decorator' retrieved from /Users/rtewelde/airflow_venv/lib/python3.11/site-packages/airflow/example_dags/example_bash_decorator.py
[2024-09-22T14:26:56.235+0100] {logging_mixin.py:190} INFO - [2024-09-22T14:26:56.235+0100] {dag.py:3239} INFO - Sync 1 DAGs
[2024-09-22T14:26:56.248+0100] {logging_mixin.py:190} INFO - [2024-09-22T14:26:56.248+0100] {dag.py:4180} INFO - Setting next_dagrun for example_bash_decorator to None, run_after=None
[2024-09-22T14:26:56.269+0100] {processor.py:208} INFO - Processing /Users/rtewelde/airflow_venv/lib/python3.11/site-packages/airflow/example_dags/example_bash_decorator.py took 0.469 seconds
[2024-09-22T14:31:34.856+0100] {processor.py:186} INFO - Started process (PID=75797) to work on /Users/rtewelde/airflow_venv/lib/python3.11/site-packages/airflow/example_dags/example_bash_decorator.py
[2024-09-22T14:31:34.857+0100] {processor.py:914} INFO - Processing file /Users/rtewelde/airflow_venv/lib/python3.11/site-packages/airflow/example_dags/example_bash_decorator.py for tasks to queue
[2024-09-22T14:31:34.858+0100] {logging_mixin.py:190} INFO - [2024-09-22T14:31:34.858+0100] {dagbag.py:588} INFO - Filling up the DagBag from /Users/rtewelde/airflow_venv/lib/python3.11/site-packages/airflow/example_dags/example_bash_decorator.py
[2024-09-22T14:31:34.896+0100] {processor.py:925} INFO - DAG(s) 'example_bash_decorator' retrieved from /Users/rtewelde/airflow_venv/lib/python3.11/site-packages/airflow/example_dags/example_bash_decorator.py
[2024-09-22T14:31:35.132+0100] {logging_mixin.py:190} INFO - [2024-09-22T14:31:35.131+0100] {dag.py:3239} INFO - Sync 1 DAGs
[2024-09-22T14:31:35.141+0100] {logging_mixin.py:190} INFO - [2024-09-22T14:31:35.141+0100] {dag.py:4180} INFO - Setting next_dagrun for example_bash_decorator to None, run_after=None
[2024-09-22T14:31:35.160+0100] {processor.py:208} INFO - Processing /Users/rtewelde/airflow_venv/lib/python3.11/site-packages/airflow/example_dags/example_bash_decorator.py took 0.306 seconds
[2024-09-22T14:37:03.350+0100] {processor.py:186} INFO - Started process (PID=77348) to work on /Users/rtewelde/airflow_venv/lib/python3.11/site-packages/airflow/example_dags/example_bash_decorator.py
[2024-09-22T14:37:03.352+0100] {processor.py:914} INFO - Processing file /Users/rtewelde/airflow_venv/lib/python3.11/site-packages/airflow/example_dags/example_bash_decorator.py for tasks to queue
[2024-09-22T14:37:03.353+0100] {logging_mixin.py:190} INFO - [2024-09-22T14:37:03.353+0100] {dagbag.py:588} INFO - Filling up the DagBag from /Users/rtewelde/airflow_venv/lib/python3.11/site-packages/airflow/example_dags/example_bash_decorator.py
[2024-09-22T14:37:03.411+0100] {processor.py:925} INFO - DAG(s) 'example_bash_decorator' retrieved from /Users/rtewelde/airflow_venv/lib/python3.11/site-packages/airflow/example_dags/example_bash_decorator.py
[2024-09-22T14:37:03.712+0100] {logging_mixin.py:190} INFO - [2024-09-22T14:37:03.712+0100] {dag.py:3239} INFO - Sync 1 DAGs
[2024-09-22T14:37:03.723+0100] {logging_mixin.py:190} INFO - [2024-09-22T14:37:03.722+0100] {dag.py:4180} INFO - Setting next_dagrun for example_bash_decorator to None, run_after=None
[2024-09-22T14:37:03.746+0100] {processor.py:208} INFO - Processing /Users/rtewelde/airflow_venv/lib/python3.11/site-packages/airflow/example_dags/example_bash_decorator.py took 0.399 seconds
[2024-09-22T14:42:51.175+0100] {processor.py:186} INFO - Started process (PID=79299) to work on /Users/rtewelde/airflow_venv/lib/python3.11/site-packages/airflow/example_dags/example_bash_decorator.py
[2024-09-22T14:42:51.177+0100] {processor.py:914} INFO - Processing file /Users/rtewelde/airflow_venv/lib/python3.11/site-packages/airflow/example_dags/example_bash_decorator.py for tasks to queue
[2024-09-22T14:42:51.178+0100] {logging_mixin.py:190} INFO - [2024-09-22T14:42:51.178+0100] {dagbag.py:588} INFO - Filling up the DagBag from /Users/rtewelde/airflow_venv/lib/python3.11/site-packages/airflow/example_dags/example_bash_decorator.py
[2024-09-22T14:42:51.246+0100] {processor.py:925} INFO - DAG(s) 'example_bash_decorator' retrieved from /Users/rtewelde/airflow_venv/lib/python3.11/site-packages/airflow/example_dags/example_bash_decorator.py
[2024-09-22T14:42:51.662+0100] {logging_mixin.py:190} INFO - [2024-09-22T14:42:51.661+0100] {dag.py:3239} INFO - Sync 1 DAGs
[2024-09-22T14:42:51.675+0100] {logging_mixin.py:190} INFO - [2024-09-22T14:42:51.675+0100] {dag.py:4180} INFO - Setting next_dagrun for example_bash_decorator to None, run_after=None
[2024-09-22T14:42:51.702+0100] {processor.py:208} INFO - Processing /Users/rtewelde/airflow_venv/lib/python3.11/site-packages/airflow/example_dags/example_bash_decorator.py took 0.531 seconds
[2024-09-22T14:45:12.800+0100] {processor.py:186} INFO - Started process (PID=79995) to work on /Users/rtewelde/airflow_venv/lib/python3.11/site-packages/airflow/example_dags/example_bash_decorator.py
[2024-09-22T14:45:12.802+0100] {processor.py:914} INFO - Processing file /Users/rtewelde/airflow_venv/lib/python3.11/site-packages/airflow/example_dags/example_bash_decorator.py for tasks to queue
[2024-09-22T14:45:12.804+0100] {logging_mixin.py:190} INFO - [2024-09-22T14:45:12.803+0100] {dagbag.py:588} INFO - Filling up the DagBag from /Users/rtewelde/airflow_venv/lib/python3.11/site-packages/airflow/example_dags/example_bash_decorator.py
[2024-09-22T14:45:12.858+0100] {processor.py:925} INFO - DAG(s) 'example_bash_decorator' retrieved from /Users/rtewelde/airflow_venv/lib/python3.11/site-packages/airflow/example_dags/example_bash_decorator.py
[2024-09-22T14:45:13.172+0100] {logging_mixin.py:190} INFO - [2024-09-22T14:45:13.172+0100] {dag.py:3239} INFO - Sync 1 DAGs
[2024-09-22T14:45:13.183+0100] {logging_mixin.py:190} INFO - [2024-09-22T14:45:13.183+0100] {dag.py:4180} INFO - Setting next_dagrun for example_bash_decorator to None, run_after=None
[2024-09-22T14:45:13.205+0100] {processor.py:208} INFO - Processing /Users/rtewelde/airflow_venv/lib/python3.11/site-packages/airflow/example_dags/example_bash_decorator.py took 0.410 seconds
[2024-09-22T14:49:50.061+0100] {processor.py:186} INFO - Started process (PID=81362) to work on /Users/rtewelde/airflow_venv/lib/python3.11/site-packages/airflow/example_dags/example_bash_decorator.py
[2024-09-22T14:49:50.062+0100] {processor.py:914} INFO - Processing file /Users/rtewelde/airflow_venv/lib/python3.11/site-packages/airflow/example_dags/example_bash_decorator.py for tasks to queue
[2024-09-22T14:49:50.063+0100] {logging_mixin.py:190} INFO - [2024-09-22T14:49:50.063+0100] {dagbag.py:588} INFO - Filling up the DagBag from /Users/rtewelde/airflow_venv/lib/python3.11/site-packages/airflow/example_dags/example_bash_decorator.py
[2024-09-22T14:49:50.108+0100] {processor.py:925} INFO - DAG(s) 'example_bash_decorator' retrieved from /Users/rtewelde/airflow_venv/lib/python3.11/site-packages/airflow/example_dags/example_bash_decorator.py
[2024-09-22T14:49:50.440+0100] {logging_mixin.py:190} INFO - [2024-09-22T14:49:50.440+0100] {dag.py:3239} INFO - Sync 1 DAGs
[2024-09-22T14:49:50.451+0100] {logging_mixin.py:190} INFO - [2024-09-22T14:49:50.451+0100] {dag.py:4180} INFO - Setting next_dagrun for example_bash_decorator to None, run_after=None
[2024-09-22T14:49:50.471+0100] {processor.py:208} INFO - Processing /Users/rtewelde/airflow_venv/lib/python3.11/site-packages/airflow/example_dags/example_bash_decorator.py took 0.412 seconds
