[2024-09-22T14:21:29.656+0100] {processor.py:186} INFO - Started process (PID=72777) to work on /Users/rtewelde/airflow_venv/lib/python3.11/site-packages/airflow/example_dags/example_dataset_alias_with_no_taskflow.py
[2024-09-22T14:21:29.657+0100] {processor.py:914} INFO - Processing file /Users/rtewelde/airflow_venv/lib/python3.11/site-packages/airflow/example_dags/example_dataset_alias_with_no_taskflow.py for tasks to queue
[2024-09-22T14:21:29.658+0100] {logging_mixin.py:190} INFO - [2024-09-22T14:21:29.658+0100] {dagbag.py:588} INFO - Filling up the DagBag from /Users/rtewelde/airflow_venv/lib/python3.11/site-packages/airflow/example_dags/example_dataset_alias_with_no_taskflow.py
[2024-09-22T14:21:29.883+0100] {processor.py:925} INFO - DAG(s) 'dataset_alias_example_alias_consumer_with_no_taskflow', 'dataset_s3_bucket_consumer_with_no_taskflow', 'dataset_s3_bucket_producer_with_no_taskflow', 'dataset_alias_example_alias_producer_with_no_taskflow' retrieved from /Users/rtewelde/airflow_venv/lib/python3.11/site-packages/airflow/example_dags/example_dataset_alias_with_no_taskflow.py
[2024-09-22T14:21:30.023+0100] {logging_mixin.py:190} INFO - [2024-09-22T14:21:30.023+0100] {dag.py:3239} INFO - Sync 4 DAGs
[2024-09-22T14:21:30.041+0100] {logging_mixin.py:190} INFO - [2024-09-22T14:21:30.041+0100] {dag.py:4180} INFO - Setting next_dagrun for dataset_alias_example_alias_consumer_with_no_taskflow to None, run_after=None
[2024-09-22T14:21:30.043+0100] {logging_mixin.py:190} INFO - [2024-09-22T14:21:30.043+0100] {dag.py:4180} INFO - Setting next_dagrun for dataset_alias_example_alias_producer_with_no_taskflow to None, run_after=None
[2024-09-22T14:21:30.044+0100] {logging_mixin.py:190} INFO - [2024-09-22T14:21:30.043+0100] {dag.py:4180} INFO - Setting next_dagrun for dataset_s3_bucket_consumer_with_no_taskflow to None, run_after=None
[2024-09-22T14:21:30.044+0100] {logging_mixin.py:190} INFO - [2024-09-22T14:21:30.044+0100] {dag.py:4180} INFO - Setting next_dagrun for dataset_s3_bucket_producer_with_no_taskflow to None, run_after=None
[2024-09-22T14:21:30.064+0100] {processor.py:208} INFO - Processing /Users/rtewelde/airflow_venv/lib/python3.11/site-packages/airflow/example_dags/example_dataset_alias_with_no_taskflow.py took 0.411 seconds
[2024-09-22T14:24:27.454+0100] {processor.py:186} INFO - Started process (PID=73709) to work on /Users/rtewelde/airflow_venv/lib/python3.11/site-packages/airflow/example_dags/example_dataset_alias_with_no_taskflow.py
[2024-09-22T14:24:27.455+0100] {processor.py:914} INFO - Processing file /Users/rtewelde/airflow_venv/lib/python3.11/site-packages/airflow/example_dags/example_dataset_alias_with_no_taskflow.py for tasks to queue
[2024-09-22T14:24:27.456+0100] {logging_mixin.py:190} INFO - [2024-09-22T14:24:27.456+0100] {dagbag.py:588} INFO - Filling up the DagBag from /Users/rtewelde/airflow_venv/lib/python3.11/site-packages/airflow/example_dags/example_dataset_alias_with_no_taskflow.py
[2024-09-22T14:24:27.669+0100] {processor.py:925} INFO - DAG(s) 'dataset_alias_example_alias_producer_with_no_taskflow', 'dataset_alias_example_alias_consumer_with_no_taskflow', 'dataset_s3_bucket_consumer_with_no_taskflow', 'dataset_s3_bucket_producer_with_no_taskflow' retrieved from /Users/rtewelde/airflow_venv/lib/python3.11/site-packages/airflow/example_dags/example_dataset_alias_with_no_taskflow.py
[2024-09-22T14:24:27.696+0100] {logging_mixin.py:190} INFO - [2024-09-22T14:24:27.695+0100] {dag.py:3239} INFO - Sync 4 DAGs
[2024-09-22T14:24:27.717+0100] {logging_mixin.py:190} INFO - [2024-09-22T14:24:27.716+0100] {dag.py:4180} INFO - Setting next_dagrun for dataset_alias_example_alias_consumer_with_no_taskflow to None, run_after=None
[2024-09-22T14:24:27.719+0100] {logging_mixin.py:190} INFO - [2024-09-22T14:24:27.719+0100] {dag.py:4180} INFO - Setting next_dagrun for dataset_alias_example_alias_producer_with_no_taskflow to None, run_after=None
[2024-09-22T14:24:27.720+0100] {logging_mixin.py:190} INFO - [2024-09-22T14:24:27.720+0100] {dag.py:4180} INFO - Setting next_dagrun for dataset_s3_bucket_consumer_with_no_taskflow to None, run_after=None
[2024-09-22T14:24:27.721+0100] {logging_mixin.py:190} INFO - [2024-09-22T14:24:27.721+0100] {dag.py:4180} INFO - Setting next_dagrun for dataset_s3_bucket_producer_with_no_taskflow to None, run_after=None
[2024-09-22T14:24:27.743+0100] {processor.py:208} INFO - Processing /Users/rtewelde/airflow_venv/lib/python3.11/site-packages/airflow/example_dags/example_dataset_alias_with_no_taskflow.py took 0.291 seconds
[2024-09-22T14:29:12.923+0100] {processor.py:186} INFO - Started process (PID=75132) to work on /Users/rtewelde/airflow_venv/lib/python3.11/site-packages/airflow/example_dags/example_dataset_alias_with_no_taskflow.py
[2024-09-22T14:29:12.924+0100] {processor.py:914} INFO - Processing file /Users/rtewelde/airflow_venv/lib/python3.11/site-packages/airflow/example_dags/example_dataset_alias_with_no_taskflow.py for tasks to queue
[2024-09-22T14:29:12.925+0100] {logging_mixin.py:190} INFO - [2024-09-22T14:29:12.924+0100] {dagbag.py:588} INFO - Filling up the DagBag from /Users/rtewelde/airflow_venv/lib/python3.11/site-packages/airflow/example_dags/example_dataset_alias_with_no_taskflow.py
[2024-09-22T14:29:13.116+0100] {processor.py:925} INFO - DAG(s) 'dataset_s3_bucket_consumer_with_no_taskflow', 'dataset_s3_bucket_producer_with_no_taskflow', 'dataset_alias_example_alias_producer_with_no_taskflow', 'dataset_alias_example_alias_consumer_with_no_taskflow' retrieved from /Users/rtewelde/airflow_venv/lib/python3.11/site-packages/airflow/example_dags/example_dataset_alias_with_no_taskflow.py
[2024-09-22T14:29:13.138+0100] {logging_mixin.py:190} INFO - [2024-09-22T14:29:13.137+0100] {dag.py:3239} INFO - Sync 4 DAGs
[2024-09-22T14:29:13.155+0100] {logging_mixin.py:190} INFO - [2024-09-22T14:29:13.155+0100] {dag.py:4180} INFO - Setting next_dagrun for dataset_alias_example_alias_consumer_with_no_taskflow to None, run_after=None
[2024-09-22T14:29:13.158+0100] {logging_mixin.py:190} INFO - [2024-09-22T14:29:13.158+0100] {dag.py:4180} INFO - Setting next_dagrun for dataset_alias_example_alias_producer_with_no_taskflow to None, run_after=None
[2024-09-22T14:29:13.159+0100] {logging_mixin.py:190} INFO - [2024-09-22T14:29:13.159+0100] {dag.py:4180} INFO - Setting next_dagrun for dataset_s3_bucket_consumer_with_no_taskflow to None, run_after=None
[2024-09-22T14:29:13.160+0100] {logging_mixin.py:190} INFO - [2024-09-22T14:29:13.160+0100] {dag.py:4180} INFO - Setting next_dagrun for dataset_s3_bucket_producer_with_no_taskflow to None, run_after=None
[2024-09-22T14:29:13.178+0100] {processor.py:208} INFO - Processing /Users/rtewelde/airflow_venv/lib/python3.11/site-packages/airflow/example_dags/example_dataset_alias_with_no_taskflow.py took 0.257 seconds
[2024-09-22T14:34:01.015+0100] {processor.py:186} INFO - Started process (PID=76498) to work on /Users/rtewelde/airflow_venv/lib/python3.11/site-packages/airflow/example_dags/example_dataset_alias_with_no_taskflow.py
[2024-09-22T14:34:01.019+0100] {processor.py:914} INFO - Processing file /Users/rtewelde/airflow_venv/lib/python3.11/site-packages/airflow/example_dags/example_dataset_alias_with_no_taskflow.py for tasks to queue
[2024-09-22T14:34:01.020+0100] {logging_mixin.py:190} INFO - [2024-09-22T14:34:01.020+0100] {dagbag.py:588} INFO - Filling up the DagBag from /Users/rtewelde/airflow_venv/lib/python3.11/site-packages/airflow/example_dags/example_dataset_alias_with_no_taskflow.py
[2024-09-22T14:34:01.274+0100] {processor.py:925} INFO - DAG(s) 'dataset_alias_example_alias_producer_with_no_taskflow', 'dataset_s3_bucket_producer_with_no_taskflow', 'dataset_alias_example_alias_consumer_with_no_taskflow', 'dataset_s3_bucket_consumer_with_no_taskflow' retrieved from /Users/rtewelde/airflow_venv/lib/python3.11/site-packages/airflow/example_dags/example_dataset_alias_with_no_taskflow.py
[2024-09-22T14:34:01.298+0100] {logging_mixin.py:190} INFO - [2024-09-22T14:34:01.298+0100] {dag.py:3239} INFO - Sync 4 DAGs
[2024-09-22T14:34:01.319+0100] {logging_mixin.py:190} INFO - [2024-09-22T14:34:01.318+0100] {dag.py:4180} INFO - Setting next_dagrun for dataset_alias_example_alias_consumer_with_no_taskflow to None, run_after=None
[2024-09-22T14:34:01.321+0100] {logging_mixin.py:190} INFO - [2024-09-22T14:34:01.321+0100] {dag.py:4180} INFO - Setting next_dagrun for dataset_alias_example_alias_producer_with_no_taskflow to None, run_after=None
[2024-09-22T14:34:01.322+0100] {logging_mixin.py:190} INFO - [2024-09-22T14:34:01.322+0100] {dag.py:4180} INFO - Setting next_dagrun for dataset_s3_bucket_consumer_with_no_taskflow to None, run_after=None
[2024-09-22T14:34:01.323+0100] {logging_mixin.py:190} INFO - [2024-09-22T14:34:01.323+0100] {dag.py:4180} INFO - Setting next_dagrun for dataset_s3_bucket_producer_with_no_taskflow to None, run_after=None
[2024-09-22T14:34:01.343+0100] {processor.py:208} INFO - Processing /Users/rtewelde/airflow_venv/lib/python3.11/site-packages/airflow/example_dags/example_dataset_alias_with_no_taskflow.py took 0.331 seconds
[2024-09-22T14:42:14.458+0100] {processor.py:186} INFO - Started process (PID=79120) to work on /Users/rtewelde/airflow_venv/lib/python3.11/site-packages/airflow/example_dags/example_dataset_alias_with_no_taskflow.py
[2024-09-22T14:42:14.460+0100] {processor.py:914} INFO - Processing file /Users/rtewelde/airflow_venv/lib/python3.11/site-packages/airflow/example_dags/example_dataset_alias_with_no_taskflow.py for tasks to queue
[2024-09-22T14:42:14.461+0100] {logging_mixin.py:190} INFO - [2024-09-22T14:42:14.460+0100] {dagbag.py:588} INFO - Filling up the DagBag from /Users/rtewelde/airflow_venv/lib/python3.11/site-packages/airflow/example_dags/example_dataset_alias_with_no_taskflow.py
[2024-09-22T14:42:14.746+0100] {processor.py:925} INFO - DAG(s) 'dataset_alias_example_alias_producer_with_no_taskflow', 'dataset_alias_example_alias_consumer_with_no_taskflow', 'dataset_s3_bucket_producer_with_no_taskflow', 'dataset_s3_bucket_consumer_with_no_taskflow' retrieved from /Users/rtewelde/airflow_venv/lib/python3.11/site-packages/airflow/example_dags/example_dataset_alias_with_no_taskflow.py
[2024-09-22T14:42:14.780+0100] {logging_mixin.py:190} INFO - [2024-09-22T14:42:14.778+0100] {dag.py:3239} INFO - Sync 4 DAGs
[2024-09-22T14:42:14.811+0100] {logging_mixin.py:190} INFO - [2024-09-22T14:42:14.810+0100] {dag.py:4180} INFO - Setting next_dagrun for dataset_alias_example_alias_consumer_with_no_taskflow to None, run_after=None
[2024-09-22T14:42:14.816+0100] {logging_mixin.py:190} INFO - [2024-09-22T14:42:14.815+0100] {dag.py:4180} INFO - Setting next_dagrun for dataset_alias_example_alias_producer_with_no_taskflow to None, run_after=None
[2024-09-22T14:42:14.816+0100] {logging_mixin.py:190} INFO - [2024-09-22T14:42:14.816+0100] {dag.py:4180} INFO - Setting next_dagrun for dataset_s3_bucket_consumer_with_no_taskflow to None, run_after=None
[2024-09-22T14:42:14.818+0100] {logging_mixin.py:190} INFO - [2024-09-22T14:42:14.818+0100] {dag.py:4180} INFO - Setting next_dagrun for dataset_s3_bucket_producer_with_no_taskflow to None, run_after=None
[2024-09-22T14:42:14.847+0100] {processor.py:208} INFO - Processing /Users/rtewelde/airflow_venv/lib/python3.11/site-packages/airflow/example_dags/example_dataset_alias_with_no_taskflow.py took 0.392 seconds
[2024-09-22T14:44:36.234+0100] {processor.py:186} INFO - Started process (PID=79816) to work on /Users/rtewelde/airflow_venv/lib/python3.11/site-packages/airflow/example_dags/example_dataset_alias_with_no_taskflow.py
[2024-09-22T14:44:36.235+0100] {processor.py:914} INFO - Processing file /Users/rtewelde/airflow_venv/lib/python3.11/site-packages/airflow/example_dags/example_dataset_alias_with_no_taskflow.py for tasks to queue
[2024-09-22T14:44:36.236+0100] {logging_mixin.py:190} INFO - [2024-09-22T14:44:36.235+0100] {dagbag.py:588} INFO - Filling up the DagBag from /Users/rtewelde/airflow_venv/lib/python3.11/site-packages/airflow/example_dags/example_dataset_alias_with_no_taskflow.py
[2024-09-22T14:44:36.452+0100] {processor.py:925} INFO - DAG(s) 'dataset_s3_bucket_consumer_with_no_taskflow', 'dataset_alias_example_alias_consumer_with_no_taskflow', 'dataset_s3_bucket_producer_with_no_taskflow', 'dataset_alias_example_alias_producer_with_no_taskflow' retrieved from /Users/rtewelde/airflow_venv/lib/python3.11/site-packages/airflow/example_dags/example_dataset_alias_with_no_taskflow.py
[2024-09-22T14:44:36.475+0100] {logging_mixin.py:190} INFO - [2024-09-22T14:44:36.475+0100] {dag.py:3239} INFO - Sync 4 DAGs
[2024-09-22T14:44:36.495+0100] {logging_mixin.py:190} INFO - [2024-09-22T14:44:36.495+0100] {dag.py:4180} INFO - Setting next_dagrun for dataset_alias_example_alias_consumer_with_no_taskflow to None, run_after=None
[2024-09-22T14:44:36.499+0100] {logging_mixin.py:190} INFO - [2024-09-22T14:44:36.499+0100] {dag.py:4180} INFO - Setting next_dagrun for dataset_alias_example_alias_producer_with_no_taskflow to None, run_after=None
[2024-09-22T14:44:36.501+0100] {logging_mixin.py:190} INFO - [2024-09-22T14:44:36.501+0100] {dag.py:4180} INFO - Setting next_dagrun for dataset_s3_bucket_consumer_with_no_taskflow to None, run_after=None
[2024-09-22T14:44:36.503+0100] {logging_mixin.py:190} INFO - [2024-09-22T14:44:36.502+0100] {dag.py:4180} INFO - Setting next_dagrun for dataset_s3_bucket_producer_with_no_taskflow to None, run_after=None
[2024-09-22T14:44:36.529+0100] {processor.py:208} INFO - Processing /Users/rtewelde/airflow_venv/lib/python3.11/site-packages/airflow/example_dags/example_dataset_alias_with_no_taskflow.py took 0.298 seconds
[2024-09-22T14:45:30.827+0100] {processor.py:186} INFO - Started process (PID=80077) to work on /Users/rtewelde/airflow_venv/lib/python3.11/site-packages/airflow/example_dags/example_dataset_alias_with_no_taskflow.py
[2024-09-22T14:45:30.828+0100] {processor.py:914} INFO - Processing file /Users/rtewelde/airflow_venv/lib/python3.11/site-packages/airflow/example_dags/example_dataset_alias_with_no_taskflow.py for tasks to queue
[2024-09-22T14:45:30.829+0100] {logging_mixin.py:190} INFO - [2024-09-22T14:45:30.829+0100] {dagbag.py:588} INFO - Filling up the DagBag from /Users/rtewelde/airflow_venv/lib/python3.11/site-packages/airflow/example_dags/example_dataset_alias_with_no_taskflow.py
[2024-09-22T14:45:31.094+0100] {processor.py:925} INFO - DAG(s) 'dataset_s3_bucket_consumer_with_no_taskflow', 'dataset_alias_example_alias_consumer_with_no_taskflow', 'dataset_s3_bucket_producer_with_no_taskflow', 'dataset_alias_example_alias_producer_with_no_taskflow' retrieved from /Users/rtewelde/airflow_venv/lib/python3.11/site-packages/airflow/example_dags/example_dataset_alias_with_no_taskflow.py
[2024-09-22T14:45:31.132+0100] {logging_mixin.py:190} INFO - [2024-09-22T14:45:31.131+0100] {dag.py:3239} INFO - Sync 4 DAGs
[2024-09-22T14:45:31.152+0100] {logging_mixin.py:190} INFO - [2024-09-22T14:45:31.152+0100] {dag.py:4180} INFO - Setting next_dagrun for dataset_alias_example_alias_consumer_with_no_taskflow to None, run_after=None
[2024-09-22T14:45:31.154+0100] {logging_mixin.py:190} INFO - [2024-09-22T14:45:31.154+0100] {dag.py:4180} INFO - Setting next_dagrun for dataset_alias_example_alias_producer_with_no_taskflow to None, run_after=None
[2024-09-22T14:45:31.157+0100] {logging_mixin.py:190} INFO - [2024-09-22T14:45:31.156+0100] {dag.py:4180} INFO - Setting next_dagrun for dataset_s3_bucket_consumer_with_no_taskflow to None, run_after=None
[2024-09-22T14:45:31.158+0100] {logging_mixin.py:190} INFO - [2024-09-22T14:45:31.158+0100] {dag.py:4180} INFO - Setting next_dagrun for dataset_s3_bucket_producer_with_no_taskflow to None, run_after=None
[2024-09-22T14:45:31.187+0100] {processor.py:208} INFO - Processing /Users/rtewelde/airflow_venv/lib/python3.11/site-packages/airflow/example_dags/example_dataset_alias_with_no_taskflow.py took 0.363 seconds
[2024-09-22T14:48:59.177+0100] {processor.py:186} INFO - Started process (PID=81118) to work on /Users/rtewelde/airflow_venv/lib/python3.11/site-packages/airflow/example_dags/example_dataset_alias_with_no_taskflow.py
[2024-09-22T14:48:59.179+0100] {processor.py:914} INFO - Processing file /Users/rtewelde/airflow_venv/lib/python3.11/site-packages/airflow/example_dags/example_dataset_alias_with_no_taskflow.py for tasks to queue
[2024-09-22T14:48:59.181+0100] {logging_mixin.py:190} INFO - [2024-09-22T14:48:59.181+0100] {dagbag.py:588} INFO - Filling up the DagBag from /Users/rtewelde/airflow_venv/lib/python3.11/site-packages/airflow/example_dags/example_dataset_alias_with_no_taskflow.py
[2024-09-22T14:48:59.452+0100] {processor.py:925} INFO - DAG(s) 'dataset_alias_example_alias_consumer_with_no_taskflow', 'dataset_s3_bucket_producer_with_no_taskflow', 'dataset_alias_example_alias_producer_with_no_taskflow', 'dataset_s3_bucket_consumer_with_no_taskflow' retrieved from /Users/rtewelde/airflow_venv/lib/python3.11/site-packages/airflow/example_dags/example_dataset_alias_with_no_taskflow.py
[2024-09-22T14:48:59.478+0100] {logging_mixin.py:190} INFO - [2024-09-22T14:48:59.477+0100] {dag.py:3239} INFO - Sync 4 DAGs
[2024-09-22T14:48:59.505+0100] {logging_mixin.py:190} INFO - [2024-09-22T14:48:59.505+0100] {dag.py:4180} INFO - Setting next_dagrun for dataset_alias_example_alias_consumer_with_no_taskflow to None, run_after=None
[2024-09-22T14:48:59.508+0100] {logging_mixin.py:190} INFO - [2024-09-22T14:48:59.508+0100] {dag.py:4180} INFO - Setting next_dagrun for dataset_alias_example_alias_producer_with_no_taskflow to None, run_after=None
[2024-09-22T14:48:59.509+0100] {logging_mixin.py:190} INFO - [2024-09-22T14:48:59.509+0100] {dag.py:4180} INFO - Setting next_dagrun for dataset_s3_bucket_consumer_with_no_taskflow to None, run_after=None
[2024-09-22T14:48:59.510+0100] {logging_mixin.py:190} INFO - [2024-09-22T14:48:59.510+0100] {dag.py:4180} INFO - Setting next_dagrun for dataset_s3_bucket_producer_with_no_taskflow to None, run_after=None
[2024-09-22T14:48:59.541+0100] {processor.py:208} INFO - Processing /Users/rtewelde/airflow_venv/lib/python3.11/site-packages/airflow/example_dags/example_dataset_alias_with_no_taskflow.py took 0.370 seconds
