[2024-09-22T13:35:16.555+0100] {processor.py:157} INFO - Started process (PID=56072) to work on /Users/rtewelde/airflow_venv/lib/python3.11/site-packages/airflow/example_dags/example_trigger_controller_dag.py
[2024-09-22T13:35:16.559+0100] {processor.py:829} INFO - Processing file /Users/rtewelde/airflow_venv/lib/python3.11/site-packages/airflow/example_dags/example_trigger_controller_dag.py for tasks to queue
[2024-09-22T13:35:16.559+0100] {logging_mixin.py:151} INFO - [2024-09-22T13:35:16.559+0100] {dagbag.py:539} INFO - Filling up the DagBag from /Users/rtewelde/airflow_venv/lib/python3.11/site-packages/airflow/example_dags/example_trigger_controller_dag.py
[2024-09-22T13:35:16.584+0100] {processor.py:839} INFO - DAG(s) dict_keys(['example_trigger_controller_dag']) retrieved from /Users/rtewelde/airflow_venv/lib/python3.11/site-packages/airflow/example_dags/example_trigger_controller_dag.py
[2024-09-22T13:35:16.806+0100] {logging_mixin.py:151} INFO - [2024-09-22T13:35:16.806+0100] {dag.py:2907} INFO - Sync 1 DAGs
[2024-09-22T13:35:16.822+0100] {logging_mixin.py:151} INFO - [2024-09-22T13:35:16.822+0100] {dag.py:3677} INFO - Setting next_dagrun for example_trigger_controller_dag to 2021-01-01T00:00:00+00:00, run_after=2021-01-01T00:00:00+00:00
[2024-09-22T13:35:16.840+0100] {processor.py:179} INFO - Processing /Users/rtewelde/airflow_venv/lib/python3.11/site-packages/airflow/example_dags/example_trigger_controller_dag.py took 0.285 seconds
[2024-09-22T13:36:58.946+0100] {processor.py:157} INFO - Started process (PID=56715) to work on /Users/rtewelde/airflow_venv/lib/python3.11/site-packages/airflow/example_dags/example_trigger_controller_dag.py
[2024-09-22T13:36:58.950+0100] {processor.py:829} INFO - Processing file /Users/rtewelde/airflow_venv/lib/python3.11/site-packages/airflow/example_dags/example_trigger_controller_dag.py for tasks to queue
[2024-09-22T13:36:58.951+0100] {logging_mixin.py:151} INFO - [2024-09-22T13:36:58.951+0100] {dagbag.py:539} INFO - Filling up the DagBag from /Users/rtewelde/airflow_venv/lib/python3.11/site-packages/airflow/example_dags/example_trigger_controller_dag.py
[2024-09-22T13:36:58.971+0100] {processor.py:839} INFO - DAG(s) dict_keys(['example_trigger_controller_dag']) retrieved from /Users/rtewelde/airflow_venv/lib/python3.11/site-packages/airflow/example_dags/example_trigger_controller_dag.py
[2024-09-22T13:36:59.149+0100] {logging_mixin.py:151} INFO - [2024-09-22T13:36:59.149+0100] {dag.py:2907} INFO - Sync 1 DAGs
[2024-09-22T13:36:59.164+0100] {logging_mixin.py:151} INFO - [2024-09-22T13:36:59.164+0100] {dag.py:3677} INFO - Setting next_dagrun for example_trigger_controller_dag to 2021-01-01T00:00:00+00:00, run_after=2021-01-01T00:00:00+00:00
[2024-09-22T13:36:59.180+0100] {processor.py:179} INFO - Processing /Users/rtewelde/airflow_venv/lib/python3.11/site-packages/airflow/example_dags/example_trigger_controller_dag.py took 0.235 seconds
[2024-09-22T13:38:11.353+0100] {processor.py:157} INFO - Started process (PID=57122) to work on /Users/rtewelde/airflow_venv/lib/python3.11/site-packages/airflow/example_dags/example_trigger_controller_dag.py
[2024-09-22T13:38:11.358+0100] {processor.py:829} INFO - Processing file /Users/rtewelde/airflow_venv/lib/python3.11/site-packages/airflow/example_dags/example_trigger_controller_dag.py for tasks to queue
[2024-09-22T13:38:11.359+0100] {logging_mixin.py:151} INFO - [2024-09-22T13:38:11.358+0100] {dagbag.py:539} INFO - Filling up the DagBag from /Users/rtewelde/airflow_venv/lib/python3.11/site-packages/airflow/example_dags/example_trigger_controller_dag.py
[2024-09-22T13:38:11.391+0100] {processor.py:839} INFO - DAG(s) dict_keys(['example_trigger_controller_dag']) retrieved from /Users/rtewelde/airflow_venv/lib/python3.11/site-packages/airflow/example_dags/example_trigger_controller_dag.py
[2024-09-22T13:38:11.740+0100] {logging_mixin.py:151} INFO - [2024-09-22T13:38:11.739+0100] {dag.py:2907} INFO - Sync 1 DAGs
[2024-09-22T13:38:11.762+0100] {logging_mixin.py:151} INFO - [2024-09-22T13:38:11.761+0100] {dag.py:3677} INFO - Setting next_dagrun for example_trigger_controller_dag to 2021-01-01T00:00:00+00:00, run_after=2021-01-01T00:00:00+00:00
[2024-09-22T13:38:11.784+0100] {processor.py:179} INFO - Processing /Users/rtewelde/airflow_venv/lib/python3.11/site-packages/airflow/example_dags/example_trigger_controller_dag.py took 0.433 seconds
[2024-09-22T13:39:35.660+0100] {processor.py:157} INFO - Started process (PID=57889) to work on /Users/rtewelde/airflow_venv/lib/python3.11/site-packages/airflow/example_dags/example_trigger_controller_dag.py
[2024-09-22T13:39:35.664+0100] {processor.py:829} INFO - Processing file /Users/rtewelde/airflow_venv/lib/python3.11/site-packages/airflow/example_dags/example_trigger_controller_dag.py for tasks to queue
[2024-09-22T13:39:35.665+0100] {logging_mixin.py:151} INFO - [2024-09-22T13:39:35.665+0100] {dagbag.py:539} INFO - Filling up the DagBag from /Users/rtewelde/airflow_venv/lib/python3.11/site-packages/airflow/example_dags/example_trigger_controller_dag.py
[2024-09-22T13:39:35.684+0100] {processor.py:839} INFO - DAG(s) dict_keys(['example_trigger_controller_dag']) retrieved from /Users/rtewelde/airflow_venv/lib/python3.11/site-packages/airflow/example_dags/example_trigger_controller_dag.py
[2024-09-22T13:39:35.892+0100] {logging_mixin.py:151} INFO - [2024-09-22T13:39:35.891+0100] {dag.py:2907} INFO - Sync 1 DAGs
[2024-09-22T13:39:35.918+0100] {logging_mixin.py:151} INFO - [2024-09-22T13:39:35.917+0100] {dag.py:3677} INFO - Setting next_dagrun for example_trigger_controller_dag to 2021-01-01T00:00:00+00:00, run_after=2021-01-01T00:00:00+00:00
[2024-09-22T13:39:35.937+0100] {processor.py:179} INFO - Processing /Users/rtewelde/airflow_venv/lib/python3.11/site-packages/airflow/example_dags/example_trigger_controller_dag.py took 0.278 seconds
[2024-09-22T13:41:08.142+0100] {processor.py:157} INFO - Started process (PID=58380) to work on /Users/rtewelde/airflow_venv/lib/python3.11/site-packages/airflow/example_dags/example_trigger_controller_dag.py
[2024-09-22T13:41:08.146+0100] {processor.py:829} INFO - Processing file /Users/rtewelde/airflow_venv/lib/python3.11/site-packages/airflow/example_dags/example_trigger_controller_dag.py for tasks to queue
[2024-09-22T13:41:08.147+0100] {logging_mixin.py:151} INFO - [2024-09-22T13:41:08.147+0100] {dagbag.py:539} INFO - Filling up the DagBag from /Users/rtewelde/airflow_venv/lib/python3.11/site-packages/airflow/example_dags/example_trigger_controller_dag.py
[2024-09-22T13:41:08.167+0100] {processor.py:839} INFO - DAG(s) dict_keys(['example_trigger_controller_dag']) retrieved from /Users/rtewelde/airflow_venv/lib/python3.11/site-packages/airflow/example_dags/example_trigger_controller_dag.py
[2024-09-22T13:41:08.372+0100] {logging_mixin.py:151} INFO - [2024-09-22T13:41:08.372+0100] {dag.py:2907} INFO - Sync 1 DAGs
[2024-09-22T13:41:08.390+0100] {logging_mixin.py:151} INFO - [2024-09-22T13:41:08.389+0100] {dag.py:3677} INFO - Setting next_dagrun for example_trigger_controller_dag to 2021-01-01T00:00:00+00:00, run_after=2021-01-01T00:00:00+00:00
[2024-09-22T13:41:08.408+0100] {processor.py:179} INFO - Processing /Users/rtewelde/airflow_venv/lib/python3.11/site-packages/airflow/example_dags/example_trigger_controller_dag.py took 0.267 seconds
[2024-09-22T13:42:24.388+0100] {processor.py:157} INFO - Started process (PID=58888) to work on /Users/rtewelde/airflow_venv/lib/python3.11/site-packages/airflow/example_dags/example_trigger_controller_dag.py
[2024-09-22T13:42:24.392+0100] {processor.py:829} INFO - Processing file /Users/rtewelde/airflow_venv/lib/python3.11/site-packages/airflow/example_dags/example_trigger_controller_dag.py for tasks to queue
[2024-09-22T13:42:24.392+0100] {logging_mixin.py:151} INFO - [2024-09-22T13:42:24.392+0100] {dagbag.py:539} INFO - Filling up the DagBag from /Users/rtewelde/airflow_venv/lib/python3.11/site-packages/airflow/example_dags/example_trigger_controller_dag.py
[2024-09-22T13:42:24.413+0100] {processor.py:839} INFO - DAG(s) dict_keys(['example_trigger_controller_dag']) retrieved from /Users/rtewelde/airflow_venv/lib/python3.11/site-packages/airflow/example_dags/example_trigger_controller_dag.py
[2024-09-22T13:42:24.615+0100] {logging_mixin.py:151} INFO - [2024-09-22T13:42:24.615+0100] {dag.py:2907} INFO - Sync 1 DAGs
[2024-09-22T13:42:24.631+0100] {logging_mixin.py:151} INFO - [2024-09-22T13:42:24.630+0100] {dag.py:3677} INFO - Setting next_dagrun for example_trigger_controller_dag to 2021-01-01T00:00:00+00:00, run_after=2021-01-01T00:00:00+00:00
[2024-09-22T13:42:24.649+0100] {processor.py:179} INFO - Processing /Users/rtewelde/airflow_venv/lib/python3.11/site-packages/airflow/example_dags/example_trigger_controller_dag.py took 0.262 seconds
[2024-09-22T13:56:33.748+0100] {processor.py:161} INFO - Started process (PID=64556) to work on /Users/rtewelde/airflow_venv/lib/python3.11/site-packages/airflow/example_dags/example_trigger_controller_dag.py
[2024-09-22T13:56:33.750+0100] {processor.py:830} INFO - Processing file /Users/rtewelde/airflow_venv/lib/python3.11/site-packages/airflow/example_dags/example_trigger_controller_dag.py for tasks to queue
[2024-09-22T13:56:33.751+0100] {logging_mixin.py:188} INFO - [2024-09-22T13:56:33.750+0100] {dagbag.py:540} INFO - Filling up the DagBag from /Users/rtewelde/airflow_venv/lib/python3.11/site-packages/airflow/example_dags/example_trigger_controller_dag.py
[2024-09-22T13:56:33.762+0100] {processor.py:840} INFO - DAG(s) 'example_trigger_controller_dag' retrieved from /Users/rtewelde/airflow_venv/lib/python3.11/site-packages/airflow/example_dags/example_trigger_controller_dag.py
[2024-09-22T13:56:33.955+0100] {logging_mixin.py:188} INFO - [2024-09-22T13:56:33.955+0100] {dag.py:3047} INFO - Sync 1 DAGs
[2024-09-22T13:56:34.299+0100] {logging_mixin.py:188} INFO - [2024-09-22T13:56:34.299+0100] {dag.py:3047} INFO - Sync 1 DAGs
[2024-09-22T13:56:35.070+0100] {logging_mixin.py:188} INFO - [2024-09-22T13:56:35.069+0100] {dag.py:3047} INFO - Sync 1 DAGs
[2024-09-22T13:56:35.075+0100] {processor.py:186} ERROR - Got an exception! Propagating...
Traceback (most recent call last):
  File "/Users/rtewelde/airflow_venv/lib/python3.11/site-packages/sqlalchemy/engine/base.py", line 1910, in _execute_context
    self.dialect.do_execute(
  File "/Users/rtewelde/airflow_venv/lib/python3.11/site-packages/sqlalchemy/engine/default.py", line 736, in do_execute
    cursor.execute(statement, parameters)
sqlite3.OperationalError: no such column: dag_run.clear_number

The above exception was the direct cause of the following exception:

Traceback (most recent call last):
  File "/Users/rtewelde/airflow_venv/lib/python3.11/site-packages/airflow/dag_processing/processor.py", line 182, in _run_file_processor
    _handle_dag_file_processing()
  File "/Users/rtewelde/airflow_venv/lib/python3.11/site-packages/airflow/dag_processing/processor.py", line 163, in _handle_dag_file_processing
    result: tuple[int, int] = dag_file_processor.process_file(
                              ^^^^^^^^^^^^^^^^^^^^^^^^^^^^^^^^
  File "/Users/rtewelde/airflow_venv/lib/python3.11/site-packages/airflow/utils/session.py", line 79, in wrapper
    return func(*args, session=session, **kwargs)
           ^^^^^^^^^^^^^^^^^^^^^^^^^^^^^^^^^^^^^^
  File "/Users/rtewelde/airflow_venv/lib/python3.11/site-packages/airflow/dag_processing/processor.py", line 859, in process_file
    serialize_errors = DagFileProcessor.save_dag_to_db(
                       ^^^^^^^^^^^^^^^^^^^^^^^^^^^^^^^^
  File "/Users/rtewelde/airflow_venv/lib/python3.11/site-packages/airflow/api_internal/internal_api_call.py", line 114, in wrapper
    return func(*args, **kwargs)
           ^^^^^^^^^^^^^^^^^^^^^
  File "/Users/rtewelde/airflow_venv/lib/python3.11/site-packages/airflow/utils/session.py", line 79, in wrapper
    return func(*args, session=session, **kwargs)
           ^^^^^^^^^^^^^^^^^^^^^^^^^^^^^^^^^^^^^^
  File "/Users/rtewelde/airflow_venv/lib/python3.11/site-packages/airflow/dag_processing/processor.py", line 895, in save_dag_to_db
    import_errors = DagBag._sync_to_db(dags=dags, processor_subdir=dag_directory, session=session)
                    ^^^^^^^^^^^^^^^^^^^^^^^^^^^^^^^^^^^^^^^^^^^^^^^^^^^^^^^^^^^^^^^^^^^^^^^^^^^^^^
  File "/Users/rtewelde/airflow_venv/lib/python3.11/site-packages/airflow/utils/session.py", line 76, in wrapper
    return func(*args, **kwargs)
           ^^^^^^^^^^^^^^^^^^^^^
  File "/Users/rtewelde/airflow_venv/lib/python3.11/site-packages/airflow/models/dagbag.py", line 659, in _sync_to_db
    for attempt in run_with_db_retries(logger=log):
  File "/Users/rtewelde/airflow_venv/lib/python3.11/site-packages/tenacity/__init__.py", line 443, in __iter__
    do = self.iter(retry_state=retry_state)
         ^^^^^^^^^^^^^^^^^^^^^^^^^^^^^^^^^^
  File "/Users/rtewelde/airflow_venv/lib/python3.11/site-packages/tenacity/__init__.py", line 376, in iter
    result = action(retry_state)
             ^^^^^^^^^^^^^^^^^^^
  File "/Users/rtewelde/airflow_venv/lib/python3.11/site-packages/tenacity/__init__.py", line 418, in exc_check
    raise retry_exc.reraise()
          ^^^^^^^^^^^^^^^^^^^
  File "/Users/rtewelde/airflow_venv/lib/python3.11/site-packages/tenacity/__init__.py", line 185, in reraise
    raise self.last_attempt.result()
          ^^^^^^^^^^^^^^^^^^^^^^^^^^
  File "/Library/Frameworks/Python.framework/Versions/3.11/lib/python3.11/concurrent/futures/_base.py", line 449, in result
    return self.__get_result()
           ^^^^^^^^^^^^^^^^^^^
  File "/Library/Frameworks/Python.framework/Versions/3.11/lib/python3.11/concurrent/futures/_base.py", line 401, in __get_result
    raise self._exception
  File "/Users/rtewelde/airflow_venv/lib/python3.11/site-packages/airflow/models/dagbag.py", line 675, in _sync_to_db
    DAG.bulk_write_to_db(dags.values(), processor_subdir=processor_subdir, session=session)
  File "/Users/rtewelde/airflow_venv/lib/python3.11/site-packages/airflow/utils/session.py", line 76, in wrapper
    return func(*args, **kwargs)
           ^^^^^^^^^^^^^^^^^^^^^
  File "/Users/rtewelde/airflow_venv/lib/python3.11/site-packages/airflow/models/dag.py", line 3087, in bulk_write_to_db
    last_automated_runs = session.scalars(
                          ^^^^^^^^^^^^^^^^
  File "/Users/rtewelde/airflow_venv/lib/python3.11/site-packages/sqlalchemy/orm/session.py", line 1778, in scalars
    return self.execute(
           ^^^^^^^^^^^^^
  File "/Users/rtewelde/airflow_venv/lib/python3.11/site-packages/sqlalchemy/orm/session.py", line 1717, in execute
    result = conn._execute_20(statement, params or {}, execution_options)
             ^^^^^^^^^^^^^^^^^^^^^^^^^^^^^^^^^^^^^^^^^^^^^^^^^^^^^^^^^^^^
  File "/Users/rtewelde/airflow_venv/lib/python3.11/site-packages/sqlalchemy/engine/base.py", line 1710, in _execute_20
    return meth(self, args_10style, kwargs_10style, execution_options)
           ^^^^^^^^^^^^^^^^^^^^^^^^^^^^^^^^^^^^^^^^^^^^^^^^^^^^^^^^^^^
  File "/Users/rtewelde/airflow_venv/lib/python3.11/site-packages/sqlalchemy/sql/elements.py", line 334, in _execute_on_connection
    return connection._execute_clauseelement(
           ^^^^^^^^^^^^^^^^^^^^^^^^^^^^^^^^^^
  File "/Users/rtewelde/airflow_venv/lib/python3.11/site-packages/sqlalchemy/engine/base.py", line 1577, in _execute_clauseelement
    ret = self._execute_context(
          ^^^^^^^^^^^^^^^^^^^^^^
  File "/Users/rtewelde/airflow_venv/lib/python3.11/site-packages/sqlalchemy/engine/base.py", line 1953, in _execute_context
    self._handle_dbapi_exception(
  File "/Users/rtewelde/airflow_venv/lib/python3.11/site-packages/sqlalchemy/engine/base.py", line 2134, in _handle_dbapi_exception
    util.raise_(
  File "/Users/rtewelde/airflow_venv/lib/python3.11/site-packages/sqlalchemy/util/compat.py", line 211, in raise_
    raise exception
  File "/Users/rtewelde/airflow_venv/lib/python3.11/site-packages/sqlalchemy/engine/base.py", line 1910, in _execute_context
    self.dialect.do_execute(
  File "/Users/rtewelde/airflow_venv/lib/python3.11/site-packages/sqlalchemy/engine/default.py", line 736, in do_execute
    cursor.execute(statement, parameters)
sqlalchemy.exc.OperationalError: (sqlite3.OperationalError) no such column: dag_run.clear_number
[SQL: SELECT dag_run.state, dag_run.id, dag_run.dag_id, dag_run.queued_at, dag_run.execution_date, dag_run.start_date, dag_run.end_date, dag_run.run_id, dag_run.creating_job_id, dag_run.external_trigger, dag_run.run_type, dag_run.conf, dag_run.data_interval_start, dag_run.data_interval_end, dag_run.last_scheduling_decision, dag_run.dag_hash, dag_run.log_template_id, dag_run.updated_at, dag_run.clear_number 
FROM dag_run, (SELECT dag_run.dag_id AS dag_id, max(dag_run.execution_date) AS max_execution_date 
FROM dag_run 
WHERE dag_run.dag_id IN (?) AND (dag_run.run_type = ? OR dag_run.run_type = ?) GROUP BY dag_run.dag_id) AS anon_1 
WHERE dag_run.dag_id = anon_1.dag_id AND dag_run.execution_date = anon_1.max_execution_date]
[parameters: ('example_trigger_controller_dag', <DagRunType.BACKFILL_JOB: 'backfill'>, <DagRunType.SCHEDULED: 'scheduled'>)]
(Background on this error at: https://sqlalche.me/e/14/e3q8)
[2024-09-22T14:19:58.618+0100] {processor.py:186} INFO - Started process (PID=72224) to work on /Users/rtewelde/airflow_venv/lib/python3.11/site-packages/airflow/example_dags/example_trigger_controller_dag.py
[2024-09-22T14:19:58.619+0100] {processor.py:914} INFO - Processing file /Users/rtewelde/airflow_venv/lib/python3.11/site-packages/airflow/example_dags/example_trigger_controller_dag.py for tasks to queue
[2024-09-22T14:19:58.620+0100] {logging_mixin.py:190} INFO - [2024-09-22T14:19:58.620+0100] {dagbag.py:588} INFO - Filling up the DagBag from /Users/rtewelde/airflow_venv/lib/python3.11/site-packages/airflow/example_dags/example_trigger_controller_dag.py
[2024-09-22T14:19:58.630+0100] {processor.py:925} INFO - DAG(s) 'example_trigger_controller_dag' retrieved from /Users/rtewelde/airflow_venv/lib/python3.11/site-packages/airflow/example_dags/example_trigger_controller_dag.py
[2024-09-22T14:19:58.882+0100] {logging_mixin.py:190} INFO - [2024-09-22T14:19:58.881+0100] {dag.py:3239} INFO - Sync 1 DAGs
[2024-09-22T14:19:58.898+0100] {logging_mixin.py:190} INFO - [2024-09-22T14:19:58.897+0100] {dag.py:4180} INFO - Setting next_dagrun for example_trigger_controller_dag to 2021-01-01 00:00:00+00:00, run_after=2021-01-01 00:00:00+00:00
[2024-09-22T14:19:58.916+0100] {processor.py:208} INFO - Processing /Users/rtewelde/airflow_venv/lib/python3.11/site-packages/airflow/example_dags/example_trigger_controller_dag.py took 0.300 seconds
[2024-09-22T14:22:57.882+0100] {processor.py:186} INFO - Started process (PID=73246) to work on /Users/rtewelde/airflow_venv/lib/python3.11/site-packages/airflow/example_dags/example_trigger_controller_dag.py
[2024-09-22T14:22:57.883+0100] {processor.py:914} INFO - Processing file /Users/rtewelde/airflow_venv/lib/python3.11/site-packages/airflow/example_dags/example_trigger_controller_dag.py for tasks to queue
[2024-09-22T14:22:57.884+0100] {logging_mixin.py:190} INFO - [2024-09-22T14:22:57.884+0100] {dagbag.py:588} INFO - Filling up the DagBag from /Users/rtewelde/airflow_venv/lib/python3.11/site-packages/airflow/example_dags/example_trigger_controller_dag.py
[2024-09-22T14:22:57.894+0100] {processor.py:925} INFO - DAG(s) 'example_trigger_controller_dag' retrieved from /Users/rtewelde/airflow_venv/lib/python3.11/site-packages/airflow/example_dags/example_trigger_controller_dag.py
[2024-09-22T14:22:58.135+0100] {logging_mixin.py:190} INFO - [2024-09-22T14:22:58.135+0100] {dag.py:3239} INFO - Sync 1 DAGs
[2024-09-22T14:22:58.153+0100] {logging_mixin.py:190} INFO - [2024-09-22T14:22:58.153+0100] {dag.py:4180} INFO - Setting next_dagrun for example_trigger_controller_dag to 2021-01-01 00:00:00+00:00, run_after=2021-01-01 00:00:00+00:00
[2024-09-22T14:22:58.170+0100] {processor.py:208} INFO - Processing /Users/rtewelde/airflow_venv/lib/python3.11/site-packages/airflow/example_dags/example_trigger_controller_dag.py took 0.291 seconds
[2024-09-22T14:25:23.766+0100] {processor.py:186} INFO - Started process (PID=73967) to work on /Users/rtewelde/airflow_venv/lib/python3.11/site-packages/airflow/example_dags/example_trigger_controller_dag.py
[2024-09-22T14:25:23.767+0100] {processor.py:914} INFO - Processing file /Users/rtewelde/airflow_venv/lib/python3.11/site-packages/airflow/example_dags/example_trigger_controller_dag.py for tasks to queue
[2024-09-22T14:25:23.768+0100] {logging_mixin.py:190} INFO - [2024-09-22T14:25:23.768+0100] {dagbag.py:588} INFO - Filling up the DagBag from /Users/rtewelde/airflow_venv/lib/python3.11/site-packages/airflow/example_dags/example_trigger_controller_dag.py
[2024-09-22T14:25:23.828+0100] {processor.py:925} INFO - DAG(s) 'example_trigger_controller_dag' retrieved from /Users/rtewelde/airflow_venv/lib/python3.11/site-packages/airflow/example_dags/example_trigger_controller_dag.py
[2024-09-22T14:25:24.009+0100] {logging_mixin.py:190} INFO - [2024-09-22T14:25:24.009+0100] {dag.py:3239} INFO - Sync 1 DAGs
[2024-09-22T14:25:24.025+0100] {logging_mixin.py:190} INFO - [2024-09-22T14:25:24.025+0100] {dag.py:4180} INFO - Setting next_dagrun for example_trigger_controller_dag to 2021-01-01 00:00:00+00:00, run_after=2021-01-01 00:00:00+00:00
[2024-09-22T14:25:24.041+0100] {processor.py:208} INFO - Processing /Users/rtewelde/airflow_venv/lib/python3.11/site-packages/airflow/example_dags/example_trigger_controller_dag.py took 0.278 seconds
[2024-09-22T14:27:46.253+0100] {processor.py:186} INFO - Started process (PID=74681) to work on /Users/rtewelde/airflow_venv/lib/python3.11/site-packages/airflow/example_dags/example_trigger_controller_dag.py
[2024-09-22T14:27:46.254+0100] {processor.py:914} INFO - Processing file /Users/rtewelde/airflow_venv/lib/python3.11/site-packages/airflow/example_dags/example_trigger_controller_dag.py for tasks to queue
[2024-09-22T14:27:46.255+0100] {logging_mixin.py:190} INFO - [2024-09-22T14:27:46.255+0100] {dagbag.py:588} INFO - Filling up the DagBag from /Users/rtewelde/airflow_venv/lib/python3.11/site-packages/airflow/example_dags/example_trigger_controller_dag.py
[2024-09-22T14:27:46.265+0100] {processor.py:925} INFO - DAG(s) 'example_trigger_controller_dag' retrieved from /Users/rtewelde/airflow_venv/lib/python3.11/site-packages/airflow/example_dags/example_trigger_controller_dag.py
[2024-09-22T14:27:46.415+0100] {logging_mixin.py:190} INFO - [2024-09-22T14:27:46.415+0100] {dag.py:3239} INFO - Sync 1 DAGs
[2024-09-22T14:27:46.430+0100] {logging_mixin.py:190} INFO - [2024-09-22T14:27:46.430+0100] {dag.py:4180} INFO - Setting next_dagrun for example_trigger_controller_dag to 2021-01-01 00:00:00+00:00, run_after=2021-01-01 00:00:00+00:00
[2024-09-22T14:27:46.449+0100] {processor.py:208} INFO - Processing /Users/rtewelde/airflow_venv/lib/python3.11/site-packages/airflow/example_dags/example_trigger_controller_dag.py took 0.198 seconds
[2024-09-22T14:30:05.225+0100] {processor.py:186} INFO - Started process (PID=75379) to work on /Users/rtewelde/airflow_venv/lib/python3.11/site-packages/airflow/example_dags/example_trigger_controller_dag.py
[2024-09-22T14:30:05.226+0100] {processor.py:914} INFO - Processing file /Users/rtewelde/airflow_venv/lib/python3.11/site-packages/airflow/example_dags/example_trigger_controller_dag.py for tasks to queue
[2024-09-22T14:30:05.227+0100] {logging_mixin.py:190} INFO - [2024-09-22T14:30:05.227+0100] {dagbag.py:588} INFO - Filling up the DagBag from /Users/rtewelde/airflow_venv/lib/python3.11/site-packages/airflow/example_dags/example_trigger_controller_dag.py
[2024-09-22T14:30:05.237+0100] {processor.py:925} INFO - DAG(s) 'example_trigger_controller_dag' retrieved from /Users/rtewelde/airflow_venv/lib/python3.11/site-packages/airflow/example_dags/example_trigger_controller_dag.py
[2024-09-22T14:30:05.385+0100] {logging_mixin.py:190} INFO - [2024-09-22T14:30:05.385+0100] {dag.py:3239} INFO - Sync 1 DAGs
[2024-09-22T14:30:05.402+0100] {logging_mixin.py:190} INFO - [2024-09-22T14:30:05.402+0100] {dag.py:4180} INFO - Setting next_dagrun for example_trigger_controller_dag to 2021-01-01 00:00:00+00:00, run_after=2021-01-01 00:00:00+00:00
[2024-09-22T14:30:05.419+0100] {processor.py:208} INFO - Processing /Users/rtewelde/airflow_venv/lib/python3.11/site-packages/airflow/example_dags/example_trigger_controller_dag.py took 0.197 seconds
[2024-09-22T14:32:22.956+0100] {processor.py:186} INFO - Started process (PID=76014) to work on /Users/rtewelde/airflow_venv/lib/python3.11/site-packages/airflow/example_dags/example_trigger_controller_dag.py
[2024-09-22T14:32:22.957+0100] {processor.py:914} INFO - Processing file /Users/rtewelde/airflow_venv/lib/python3.11/site-packages/airflow/example_dags/example_trigger_controller_dag.py for tasks to queue
[2024-09-22T14:32:22.958+0100] {logging_mixin.py:190} INFO - [2024-09-22T14:32:22.958+0100] {dagbag.py:588} INFO - Filling up the DagBag from /Users/rtewelde/airflow_venv/lib/python3.11/site-packages/airflow/example_dags/example_trigger_controller_dag.py
[2024-09-22T14:32:22.968+0100] {processor.py:925} INFO - DAG(s) 'example_trigger_controller_dag' retrieved from /Users/rtewelde/airflow_venv/lib/python3.11/site-packages/airflow/example_dags/example_trigger_controller_dag.py
[2024-09-22T14:32:23.127+0100] {logging_mixin.py:190} INFO - [2024-09-22T14:32:23.126+0100] {dag.py:3239} INFO - Sync 1 DAGs
[2024-09-22T14:32:23.145+0100] {logging_mixin.py:190} INFO - [2024-09-22T14:32:23.145+0100] {dag.py:4180} INFO - Setting next_dagrun for example_trigger_controller_dag to 2021-01-01 00:00:00+00:00, run_after=2021-01-01 00:00:00+00:00
[2024-09-22T14:32:23.160+0100] {processor.py:208} INFO - Processing /Users/rtewelde/airflow_venv/lib/python3.11/site-packages/airflow/example_dags/example_trigger_controller_dag.py took 0.206 seconds
[2024-09-22T14:35:03.582+0100] {processor.py:186} INFO - Started process (PID=76781) to work on /Users/rtewelde/airflow_venv/lib/python3.11/site-packages/airflow/example_dags/example_trigger_controller_dag.py
[2024-09-22T14:35:03.584+0100] {processor.py:914} INFO - Processing file /Users/rtewelde/airflow_venv/lib/python3.11/site-packages/airflow/example_dags/example_trigger_controller_dag.py for tasks to queue
[2024-09-22T14:35:03.584+0100] {logging_mixin.py:190} INFO - [2024-09-22T14:35:03.584+0100] {dagbag.py:588} INFO - Filling up the DagBag from /Users/rtewelde/airflow_venv/lib/python3.11/site-packages/airflow/example_dags/example_trigger_controller_dag.py
[2024-09-22T14:35:03.595+0100] {processor.py:925} INFO - DAG(s) 'example_trigger_controller_dag' retrieved from /Users/rtewelde/airflow_venv/lib/python3.11/site-packages/airflow/example_dags/example_trigger_controller_dag.py
[2024-09-22T14:35:03.760+0100] {logging_mixin.py:190} INFO - [2024-09-22T14:35:03.760+0100] {dag.py:3239} INFO - Sync 1 DAGs
[2024-09-22T14:35:03.778+0100] {logging_mixin.py:190} INFO - [2024-09-22T14:35:03.777+0100] {dag.py:4180} INFO - Setting next_dagrun for example_trigger_controller_dag to 2021-01-01 00:00:00+00:00, run_after=2021-01-01 00:00:00+00:00
[2024-09-22T14:35:03.796+0100] {processor.py:208} INFO - Processing /Users/rtewelde/airflow_venv/lib/python3.11/site-packages/airflow/example_dags/example_trigger_controller_dag.py took 0.217 seconds
[2024-09-22T14:37:57.812+0100] {processor.py:186} INFO - Started process (PID=77598) to work on /Users/rtewelde/airflow_venv/lib/python3.11/site-packages/airflow/example_dags/example_trigger_controller_dag.py
[2024-09-22T14:37:57.813+0100] {processor.py:914} INFO - Processing file /Users/rtewelde/airflow_venv/lib/python3.11/site-packages/airflow/example_dags/example_trigger_controller_dag.py for tasks to queue
[2024-09-22T14:37:57.814+0100] {logging_mixin.py:190} INFO - [2024-09-22T14:37:57.814+0100] {dagbag.py:588} INFO - Filling up the DagBag from /Users/rtewelde/airflow_venv/lib/python3.11/site-packages/airflow/example_dags/example_trigger_controller_dag.py
[2024-09-22T14:37:57.827+0100] {processor.py:925} INFO - DAG(s) 'example_trigger_controller_dag' retrieved from /Users/rtewelde/airflow_venv/lib/python3.11/site-packages/airflow/example_dags/example_trigger_controller_dag.py
[2024-09-22T14:37:58.030+0100] {logging_mixin.py:190} INFO - [2024-09-22T14:37:58.030+0100] {dag.py:3239} INFO - Sync 1 DAGs
[2024-09-22T14:37:58.052+0100] {logging_mixin.py:190} INFO - [2024-09-22T14:37:58.051+0100] {dag.py:4180} INFO - Setting next_dagrun for example_trigger_controller_dag to 2021-01-01 00:00:00+00:00, run_after=2021-01-01 00:00:00+00:00
[2024-09-22T14:37:58.074+0100] {processor.py:208} INFO - Processing /Users/rtewelde/airflow_venv/lib/python3.11/site-packages/airflow/example_dags/example_trigger_controller_dag.py took 0.265 seconds
[2024-09-22T14:40:34.664+0100] {processor.py:186} INFO - Started process (PID=78561) to work on /Users/rtewelde/airflow_venv/lib/python3.11/site-packages/airflow/example_dags/example_trigger_controller_dag.py
[2024-09-22T14:40:34.667+0100] {processor.py:914} INFO - Processing file /Users/rtewelde/airflow_venv/lib/python3.11/site-packages/airflow/example_dags/example_trigger_controller_dag.py for tasks to queue
[2024-09-22T14:40:34.668+0100] {logging_mixin.py:190} INFO - [2024-09-22T14:40:34.668+0100] {dagbag.py:588} INFO - Filling up the DagBag from /Users/rtewelde/airflow_venv/lib/python3.11/site-packages/airflow/example_dags/example_trigger_controller_dag.py
[2024-09-22T14:40:34.691+0100] {processor.py:925} INFO - DAG(s) 'example_trigger_controller_dag' retrieved from /Users/rtewelde/airflow_venv/lib/python3.11/site-packages/airflow/example_dags/example_trigger_controller_dag.py
[2024-09-22T14:40:34.891+0100] {logging_mixin.py:190} INFO - [2024-09-22T14:40:34.891+0100] {dag.py:3239} INFO - Sync 1 DAGs
[2024-09-22T14:40:34.914+0100] {logging_mixin.py:190} INFO - [2024-09-22T14:40:34.914+0100] {dag.py:4180} INFO - Setting next_dagrun for example_trigger_controller_dag to 2021-01-01 00:00:00+00:00, run_after=2021-01-01 00:00:00+00:00
[2024-09-22T14:40:34.937+0100] {processor.py:208} INFO - Processing /Users/rtewelde/airflow_venv/lib/python3.11/site-packages/airflow/example_dags/example_trigger_controller_dag.py took 0.277 seconds
[2024-09-22T14:42:50.647+0100] {processor.py:186} INFO - Started process (PID=79298) to work on /Users/rtewelde/airflow_venv/lib/python3.11/site-packages/airflow/example_dags/example_trigger_controller_dag.py
[2024-09-22T14:42:50.651+0100] {processor.py:914} INFO - Processing file /Users/rtewelde/airflow_venv/lib/python3.11/site-packages/airflow/example_dags/example_trigger_controller_dag.py for tasks to queue
[2024-09-22T14:42:50.652+0100] {logging_mixin.py:190} INFO - [2024-09-22T14:42:50.652+0100] {dagbag.py:588} INFO - Filling up the DagBag from /Users/rtewelde/airflow_venv/lib/python3.11/site-packages/airflow/example_dags/example_trigger_controller_dag.py
[2024-09-22T14:42:50.666+0100] {processor.py:925} INFO - DAG(s) 'example_trigger_controller_dag' retrieved from /Users/rtewelde/airflow_venv/lib/python3.11/site-packages/airflow/example_dags/example_trigger_controller_dag.py
[2024-09-22T14:42:50.831+0100] {logging_mixin.py:190} INFO - [2024-09-22T14:42:50.830+0100] {dag.py:3239} INFO - Sync 1 DAGs
[2024-09-22T14:42:50.848+0100] {logging_mixin.py:190} INFO - [2024-09-22T14:42:50.848+0100] {dag.py:4180} INFO - Setting next_dagrun for example_trigger_controller_dag to 2021-01-01 00:00:00+00:00, run_after=2021-01-01 00:00:00+00:00
[2024-09-22T14:42:50.868+0100] {processor.py:208} INFO - Processing /Users/rtewelde/airflow_venv/lib/python3.11/site-packages/airflow/example_dags/example_trigger_controller_dag.py took 0.223 seconds
[2024-09-22T14:43:54.600+0100] {processor.py:186} INFO - Started process (PID=79606) to work on /Users/rtewelde/airflow_venv/lib/python3.11/site-packages/airflow/example_dags/example_trigger_controller_dag.py
[2024-09-22T14:43:54.601+0100] {processor.py:914} INFO - Processing file /Users/rtewelde/airflow_venv/lib/python3.11/site-packages/airflow/example_dags/example_trigger_controller_dag.py for tasks to queue
[2024-09-22T14:43:54.603+0100] {logging_mixin.py:190} INFO - [2024-09-22T14:43:54.603+0100] {dagbag.py:588} INFO - Filling up the DagBag from /Users/rtewelde/airflow_venv/lib/python3.11/site-packages/airflow/example_dags/example_trigger_controller_dag.py
[2024-09-22T14:43:54.624+0100] {processor.py:925} INFO - DAG(s) 'example_trigger_controller_dag' retrieved from /Users/rtewelde/airflow_venv/lib/python3.11/site-packages/airflow/example_dags/example_trigger_controller_dag.py
[2024-09-22T14:43:54.828+0100] {logging_mixin.py:190} INFO - [2024-09-22T14:43:54.828+0100] {dag.py:3239} INFO - Sync 1 DAGs
[2024-09-22T14:43:54.844+0100] {logging_mixin.py:190} INFO - [2024-09-22T14:43:54.844+0100] {dag.py:4180} INFO - Setting next_dagrun for example_trigger_controller_dag to 2021-01-01 00:00:00+00:00, run_after=2021-01-01 00:00:00+00:00
[2024-09-22T14:43:54.862+0100] {processor.py:208} INFO - Processing /Users/rtewelde/airflow_venv/lib/python3.11/site-packages/airflow/example_dags/example_trigger_controller_dag.py took 0.264 seconds
[2024-09-22T14:46:21.909+0100] {processor.py:186} INFO - Started process (PID=80328) to work on /Users/rtewelde/airflow_venv/lib/python3.11/site-packages/airflow/example_dags/example_trigger_controller_dag.py
[2024-09-22T14:46:21.911+0100] {processor.py:914} INFO - Processing file /Users/rtewelde/airflow_venv/lib/python3.11/site-packages/airflow/example_dags/example_trigger_controller_dag.py for tasks to queue
[2024-09-22T14:46:21.915+0100] {logging_mixin.py:190} INFO - [2024-09-22T14:46:21.915+0100] {dagbag.py:588} INFO - Filling up the DagBag from /Users/rtewelde/airflow_venv/lib/python3.11/site-packages/airflow/example_dags/example_trigger_controller_dag.py
[2024-09-22T14:46:21.944+0100] {processor.py:925} INFO - DAG(s) 'example_trigger_controller_dag' retrieved from /Users/rtewelde/airflow_venv/lib/python3.11/site-packages/airflow/example_dags/example_trigger_controller_dag.py
[2024-09-22T14:46:22.326+0100] {logging_mixin.py:190} INFO - [2024-09-22T14:46:22.325+0100] {dag.py:3239} INFO - Sync 1 DAGs
[2024-09-22T14:46:22.424+0100] {logging_mixin.py:190} INFO - [2024-09-22T14:46:22.424+0100] {dag.py:4180} INFO - Setting next_dagrun for example_trigger_controller_dag to 2021-01-01 00:00:00+00:00, run_after=2021-01-01 00:00:00+00:00
[2024-09-22T14:46:22.470+0100] {processor.py:208} INFO - Processing /Users/rtewelde/airflow_venv/lib/python3.11/site-packages/airflow/example_dags/example_trigger_controller_dag.py took 0.569 seconds
[2024-09-22T14:47:07.313+0100] {processor.py:186} INFO - Started process (PID=80551) to work on /Users/rtewelde/airflow_venv/lib/python3.11/site-packages/airflow/example_dags/example_trigger_controller_dag.py
[2024-09-22T14:47:07.315+0100] {processor.py:914} INFO - Processing file /Users/rtewelde/airflow_venv/lib/python3.11/site-packages/airflow/example_dags/example_trigger_controller_dag.py for tasks to queue
[2024-09-22T14:47:07.319+0100] {logging_mixin.py:190} INFO - [2024-09-22T14:47:07.318+0100] {dagbag.py:588} INFO - Filling up the DagBag from /Users/rtewelde/airflow_venv/lib/python3.11/site-packages/airflow/example_dags/example_trigger_controller_dag.py
[2024-09-22T14:47:07.346+0100] {processor.py:925} INFO - DAG(s) 'example_trigger_controller_dag' retrieved from /Users/rtewelde/airflow_venv/lib/python3.11/site-packages/airflow/example_dags/example_trigger_controller_dag.py
[2024-09-22T14:47:07.668+0100] {logging_mixin.py:190} INFO - [2024-09-22T14:47:07.668+0100] {dag.py:3239} INFO - Sync 1 DAGs
[2024-09-22T14:47:07.697+0100] {logging_mixin.py:190} INFO - [2024-09-22T14:47:07.696+0100] {dag.py:4180} INFO - Setting next_dagrun for example_trigger_controller_dag to 2021-01-01 00:00:00+00:00, run_after=2021-01-01 00:00:00+00:00
[2024-09-22T14:47:07.728+0100] {processor.py:208} INFO - Processing /Users/rtewelde/airflow_venv/lib/python3.11/site-packages/airflow/example_dags/example_trigger_controller_dag.py took 0.420 seconds
[2024-09-22T14:50:15.564+0100] {processor.py:186} INFO - Started process (PID=81503) to work on /Users/rtewelde/airflow_venv/lib/python3.11/site-packages/airflow/example_dags/example_trigger_controller_dag.py
[2024-09-22T14:50:15.566+0100] {processor.py:914} INFO - Processing file /Users/rtewelde/airflow_venv/lib/python3.11/site-packages/airflow/example_dags/example_trigger_controller_dag.py for tasks to queue
[2024-09-22T14:50:15.569+0100] {logging_mixin.py:190} INFO - [2024-09-22T14:50:15.568+0100] {dagbag.py:588} INFO - Filling up the DagBag from /Users/rtewelde/airflow_venv/lib/python3.11/site-packages/airflow/example_dags/example_trigger_controller_dag.py
[2024-09-22T14:50:15.588+0100] {processor.py:925} INFO - DAG(s) 'example_trigger_controller_dag' retrieved from /Users/rtewelde/airflow_venv/lib/python3.11/site-packages/airflow/example_dags/example_trigger_controller_dag.py
[2024-09-22T14:50:15.875+0100] {logging_mixin.py:190} INFO - [2024-09-22T14:50:15.875+0100] {dag.py:3239} INFO - Sync 1 DAGs
[2024-09-22T14:50:15.901+0100] {logging_mixin.py:190} INFO - [2024-09-22T14:50:15.900+0100] {dag.py:4180} INFO - Setting next_dagrun for example_trigger_controller_dag to 2021-01-01 00:00:00+00:00, run_after=2021-01-01 00:00:00+00:00
[2024-09-22T14:50:15.924+0100] {processor.py:208} INFO - Processing /Users/rtewelde/airflow_venv/lib/python3.11/site-packages/airflow/example_dags/example_trigger_controller_dag.py took 0.365 seconds
