[2024-09-22T13:36:01.792+0100] {processor.py:157} INFO - Started process (PID=56400) to work on /Users/rtewelde/airflow_venv/lib/python3.11/site-packages/airflow/example_dags/example_kubernetes_executor.py
[2024-09-22T13:36:01.795+0100] {processor.py:829} INFO - Processing file /Users/rtewelde/airflow_venv/lib/python3.11/site-packages/airflow/example_dags/example_kubernetes_executor.py for tasks to queue
[2024-09-22T13:36:01.796+0100] {logging_mixin.py:151} INFO - [2024-09-22T13:36:01.796+0100] {dagbag.py:539} INFO - Filling up the DagBag from /Users/rtewelde/airflow_venv/lib/python3.11/site-packages/airflow/example_dags/example_kubernetes_executor.py
[2024-09-22T13:36:01.874+0100] {logging_mixin.py:151} INFO - [2024-09-22T13:36:01.873+0100] {example_kubernetes_executor.py:38} WARNING - The example_kubernetes_executor example DAG requires the kubernetes provider. Please install it with: pip install apache-airflow[cncf.kubernetes]
[2024-09-22T13:36:01.874+0100] {processor.py:841} WARNING - No viable dags retrieved from /Users/rtewelde/airflow_venv/lib/python3.11/site-packages/airflow/example_dags/example_kubernetes_executor.py
[2024-09-22T13:36:02.037+0100] {processor.py:179} INFO - Processing /Users/rtewelde/airflow_venv/lib/python3.11/site-packages/airflow/example_dags/example_kubernetes_executor.py took 0.246 seconds
[2024-09-22T13:38:28.337+0100] {processor.py:157} INFO - Started process (PID=57207) to work on /Users/rtewelde/airflow_venv/lib/python3.11/site-packages/airflow/example_dags/example_kubernetes_executor.py
[2024-09-22T13:38:28.341+0100] {processor.py:829} INFO - Processing file /Users/rtewelde/airflow_venv/lib/python3.11/site-packages/airflow/example_dags/example_kubernetes_executor.py for tasks to queue
[2024-09-22T13:38:28.342+0100] {logging_mixin.py:151} INFO - [2024-09-22T13:38:28.342+0100] {dagbag.py:539} INFO - Filling up the DagBag from /Users/rtewelde/airflow_venv/lib/python3.11/site-packages/airflow/example_dags/example_kubernetes_executor.py
[2024-09-22T13:38:28.425+0100] {logging_mixin.py:151} INFO - [2024-09-22T13:38:28.425+0100] {example_kubernetes_executor.py:38} WARNING - The example_kubernetes_executor example DAG requires the kubernetes provider. Please install it with: pip install apache-airflow[cncf.kubernetes]
[2024-09-22T13:38:28.426+0100] {processor.py:841} WARNING - No viable dags retrieved from /Users/rtewelde/airflow_venv/lib/python3.11/site-packages/airflow/example_dags/example_kubernetes_executor.py
[2024-09-22T13:38:28.534+0100] {processor.py:179} INFO - Processing /Users/rtewelde/airflow_venv/lib/python3.11/site-packages/airflow/example_dags/example_kubernetes_executor.py took 0.198 seconds
[2024-09-22T13:40:31.414+0100] {processor.py:157} INFO - Started process (PID=58190) to work on /Users/rtewelde/airflow_venv/lib/python3.11/site-packages/airflow/example_dags/example_kubernetes_executor.py
[2024-09-22T13:40:31.419+0100] {processor.py:829} INFO - Processing file /Users/rtewelde/airflow_venv/lib/python3.11/site-packages/airflow/example_dags/example_kubernetes_executor.py for tasks to queue
[2024-09-22T13:40:31.419+0100] {logging_mixin.py:151} INFO - [2024-09-22T13:40:31.419+0100] {dagbag.py:539} INFO - Filling up the DagBag from /Users/rtewelde/airflow_venv/lib/python3.11/site-packages/airflow/example_dags/example_kubernetes_executor.py
[2024-09-22T13:40:31.511+0100] {logging_mixin.py:151} INFO - [2024-09-22T13:40:31.511+0100] {example_kubernetes_executor.py:38} WARNING - The example_kubernetes_executor example DAG requires the kubernetes provider. Please install it with: pip install apache-airflow[cncf.kubernetes]
[2024-09-22T13:40:31.511+0100] {processor.py:841} WARNING - No viable dags retrieved from /Users/rtewelde/airflow_venv/lib/python3.11/site-packages/airflow/example_dags/example_kubernetes_executor.py
[2024-09-22T13:40:31.625+0100] {processor.py:179} INFO - Processing /Users/rtewelde/airflow_venv/lib/python3.11/site-packages/airflow/example_dags/example_kubernetes_executor.py took 0.211 seconds
[2024-09-22T14:21:09.206+0100] {processor.py:186} INFO - Started process (PID=72665) to work on /Users/rtewelde/airflow_venv/lib/python3.11/site-packages/airflow/example_dags/example_kubernetes_executor.py
[2024-09-22T14:21:09.208+0100] {processor.py:914} INFO - Processing file /Users/rtewelde/airflow_venv/lib/python3.11/site-packages/airflow/example_dags/example_kubernetes_executor.py for tasks to queue
[2024-09-22T14:21:09.209+0100] {logging_mixin.py:190} INFO - [2024-09-22T14:21:09.209+0100] {dagbag.py:588} INFO - Filling up the DagBag from /Users/rtewelde/airflow_venv/lib/python3.11/site-packages/airflow/example_dags/example_kubernetes_executor.py
[2024-09-22T14:21:09.238+0100] {logging_mixin.py:190} INFO - [2024-09-22T14:21:09.238+0100] {example_kubernetes_executor.py:39} WARNING - The example_kubernetes_executor example DAG requires the kubernetes provider. Please install it with: pip install apache-airflow[cncf.kubernetes]
[2024-09-22T14:21:09.238+0100] {processor.py:927} WARNING - No viable dags retrieved from /Users/rtewelde/airflow_venv/lib/python3.11/site-packages/airflow/example_dags/example_kubernetes_executor.py
[2024-09-22T14:21:09.393+0100] {processor.py:208} INFO - Processing /Users/rtewelde/airflow_venv/lib/python3.11/site-packages/airflow/example_dags/example_kubernetes_executor.py took 0.190 seconds
[2024-09-22T14:24:06.708+0100] {processor.py:186} INFO - Started process (PID=73609) to work on /Users/rtewelde/airflow_venv/lib/python3.11/site-packages/airflow/example_dags/example_kubernetes_executor.py
[2024-09-22T14:24:06.709+0100] {processor.py:914} INFO - Processing file /Users/rtewelde/airflow_venv/lib/python3.11/site-packages/airflow/example_dags/example_kubernetes_executor.py for tasks to queue
[2024-09-22T14:24:06.710+0100] {logging_mixin.py:190} INFO - [2024-09-22T14:24:06.710+0100] {dagbag.py:588} INFO - Filling up the DagBag from /Users/rtewelde/airflow_venv/lib/python3.11/site-packages/airflow/example_dags/example_kubernetes_executor.py
[2024-09-22T14:24:06.741+0100] {logging_mixin.py:190} INFO - [2024-09-22T14:24:06.740+0100] {example_kubernetes_executor.py:39} WARNING - The example_kubernetes_executor example DAG requires the kubernetes provider. Please install it with: pip install apache-airflow[cncf.kubernetes]
[2024-09-22T14:24:06.741+0100] {processor.py:927} WARNING - No viable dags retrieved from /Users/rtewelde/airflow_venv/lib/python3.11/site-packages/airflow/example_dags/example_kubernetes_executor.py
[2024-09-22T14:24:06.884+0100] {processor.py:208} INFO - Processing /Users/rtewelde/airflow_venv/lib/python3.11/site-packages/airflow/example_dags/example_kubernetes_executor.py took 0.179 seconds
[2024-09-22T14:26:32.136+0100] {processor.py:186} INFO - Started process (PID=74309) to work on /Users/rtewelde/airflow_venv/lib/python3.11/site-packages/airflow/example_dags/example_kubernetes_executor.py
[2024-09-22T14:26:32.137+0100] {processor.py:914} INFO - Processing file /Users/rtewelde/airflow_venv/lib/python3.11/site-packages/airflow/example_dags/example_kubernetes_executor.py for tasks to queue
[2024-09-22T14:26:32.138+0100] {logging_mixin.py:190} INFO - [2024-09-22T14:26:32.138+0100] {dagbag.py:588} INFO - Filling up the DagBag from /Users/rtewelde/airflow_venv/lib/python3.11/site-packages/airflow/example_dags/example_kubernetes_executor.py
[2024-09-22T14:26:32.169+0100] {logging_mixin.py:190} INFO - [2024-09-22T14:26:32.169+0100] {example_kubernetes_executor.py:39} WARNING - The example_kubernetes_executor example DAG requires the kubernetes provider. Please install it with: pip install apache-airflow[cncf.kubernetes]
[2024-09-22T14:26:32.169+0100] {processor.py:927} WARNING - No viable dags retrieved from /Users/rtewelde/airflow_venv/lib/python3.11/site-packages/airflow/example_dags/example_kubernetes_executor.py
[2024-09-22T14:26:32.325+0100] {processor.py:208} INFO - Processing /Users/rtewelde/airflow_venv/lib/python3.11/site-packages/airflow/example_dags/example_kubernetes_executor.py took 0.191 seconds
[2024-09-22T14:31:12.078+0100] {processor.py:186} INFO - Started process (PID=75689) to work on /Users/rtewelde/airflow_venv/lib/python3.11/site-packages/airflow/example_dags/example_kubernetes_executor.py
[2024-09-22T14:31:12.079+0100] {processor.py:914} INFO - Processing file /Users/rtewelde/airflow_venv/lib/python3.11/site-packages/airflow/example_dags/example_kubernetes_executor.py for tasks to queue
[2024-09-22T14:31:12.080+0100] {logging_mixin.py:190} INFO - [2024-09-22T14:31:12.079+0100] {dagbag.py:588} INFO - Filling up the DagBag from /Users/rtewelde/airflow_venv/lib/python3.11/site-packages/airflow/example_dags/example_kubernetes_executor.py
[2024-09-22T14:31:12.108+0100] {logging_mixin.py:190} INFO - [2024-09-22T14:31:12.108+0100] {example_kubernetes_executor.py:39} WARNING - The example_kubernetes_executor example DAG requires the kubernetes provider. Please install it with: pip install apache-airflow[cncf.kubernetes]
[2024-09-22T14:31:12.108+0100] {processor.py:927} WARNING - No viable dags retrieved from /Users/rtewelde/airflow_venv/lib/python3.11/site-packages/airflow/example_dags/example_kubernetes_executor.py
[2024-09-22T14:31:12.245+0100] {processor.py:208} INFO - Processing /Users/rtewelde/airflow_venv/lib/python3.11/site-packages/airflow/example_dags/example_kubernetes_executor.py took 0.170 seconds
[2024-09-22T14:36:26.730+0100] {processor.py:186} INFO - Started process (PID=77168) to work on /Users/rtewelde/airflow_venv/lib/python3.11/site-packages/airflow/example_dags/example_kubernetes_executor.py
[2024-09-22T14:36:26.732+0100] {processor.py:914} INFO - Processing file /Users/rtewelde/airflow_venv/lib/python3.11/site-packages/airflow/example_dags/example_kubernetes_executor.py for tasks to queue
[2024-09-22T14:36:26.733+0100] {logging_mixin.py:190} INFO - [2024-09-22T14:36:26.733+0100] {dagbag.py:588} INFO - Filling up the DagBag from /Users/rtewelde/airflow_venv/lib/python3.11/site-packages/airflow/example_dags/example_kubernetes_executor.py
[2024-09-22T14:36:26.781+0100] {logging_mixin.py:190} INFO - [2024-09-22T14:36:26.780+0100] {example_kubernetes_executor.py:39} WARNING - The example_kubernetes_executor example DAG requires the kubernetes provider. Please install it with: pip install apache-airflow[cncf.kubernetes]
[2024-09-22T14:36:26.781+0100] {processor.py:927} WARNING - No viable dags retrieved from /Users/rtewelde/airflow_venv/lib/python3.11/site-packages/airflow/example_dags/example_kubernetes_executor.py
[2024-09-22T14:36:26.943+0100] {processor.py:208} INFO - Processing /Users/rtewelde/airflow_venv/lib/python3.11/site-packages/airflow/example_dags/example_kubernetes_executor.py took 0.216 seconds
[2024-09-22T14:41:48.237+0100] {processor.py:186} INFO - Started process (PID=78979) to work on /Users/rtewelde/airflow_venv/lib/python3.11/site-packages/airflow/example_dags/example_kubernetes_executor.py
[2024-09-22T14:41:48.238+0100] {processor.py:914} INFO - Processing file /Users/rtewelde/airflow_venv/lib/python3.11/site-packages/airflow/example_dags/example_kubernetes_executor.py for tasks to queue
[2024-09-22T14:41:48.239+0100] {logging_mixin.py:190} INFO - [2024-09-22T14:41:48.239+0100] {dagbag.py:588} INFO - Filling up the DagBag from /Users/rtewelde/airflow_venv/lib/python3.11/site-packages/airflow/example_dags/example_kubernetes_executor.py
[2024-09-22T14:41:48.275+0100] {logging_mixin.py:190} INFO - [2024-09-22T14:41:48.275+0100] {example_kubernetes_executor.py:39} WARNING - The example_kubernetes_executor example DAG requires the kubernetes provider. Please install it with: pip install apache-airflow[cncf.kubernetes]
[2024-09-22T14:41:48.275+0100] {processor.py:927} WARNING - No viable dags retrieved from /Users/rtewelde/airflow_venv/lib/python3.11/site-packages/airflow/example_dags/example_kubernetes_executor.py
[2024-09-22T14:41:48.427+0100] {processor.py:208} INFO - Processing /Users/rtewelde/airflow_venv/lib/python3.11/site-packages/airflow/example_dags/example_kubernetes_executor.py took 0.192 seconds
[2024-09-22T14:44:14.101+0100] {processor.py:186} INFO - Started process (PID=79703) to work on /Users/rtewelde/airflow_venv/lib/python3.11/site-packages/airflow/example_dags/example_kubernetes_executor.py
[2024-09-22T14:44:14.102+0100] {processor.py:914} INFO - Processing file /Users/rtewelde/airflow_venv/lib/python3.11/site-packages/airflow/example_dags/example_kubernetes_executor.py for tasks to queue
[2024-09-22T14:44:14.104+0100] {logging_mixin.py:190} INFO - [2024-09-22T14:44:14.104+0100] {dagbag.py:588} INFO - Filling up the DagBag from /Users/rtewelde/airflow_venv/lib/python3.11/site-packages/airflow/example_dags/example_kubernetes_executor.py
[2024-09-22T14:44:14.149+0100] {logging_mixin.py:190} INFO - [2024-09-22T14:44:14.149+0100] {example_kubernetes_executor.py:39} WARNING - The example_kubernetes_executor example DAG requires the kubernetes provider. Please install it with: pip install apache-airflow[cncf.kubernetes]
[2024-09-22T14:44:14.149+0100] {processor.py:927} WARNING - No viable dags retrieved from /Users/rtewelde/airflow_venv/lib/python3.11/site-packages/airflow/example_dags/example_kubernetes_executor.py
[2024-09-22T14:44:14.351+0100] {processor.py:208} INFO - Processing /Users/rtewelde/airflow_venv/lib/python3.11/site-packages/airflow/example_dags/example_kubernetes_executor.py took 0.253 seconds
[2024-09-22T14:45:05.944+0100] {processor.py:186} INFO - Started process (PID=79953) to work on /Users/rtewelde/airflow_venv/lib/python3.11/site-packages/airflow/example_dags/example_kubernetes_executor.py
[2024-09-22T14:45:05.945+0100] {processor.py:914} INFO - Processing file /Users/rtewelde/airflow_venv/lib/python3.11/site-packages/airflow/example_dags/example_kubernetes_executor.py for tasks to queue
[2024-09-22T14:45:05.946+0100] {logging_mixin.py:190} INFO - [2024-09-22T14:45:05.946+0100] {dagbag.py:588} INFO - Filling up the DagBag from /Users/rtewelde/airflow_venv/lib/python3.11/site-packages/airflow/example_dags/example_kubernetes_executor.py
[2024-09-22T14:45:05.980+0100] {logging_mixin.py:190} INFO - [2024-09-22T14:45:05.980+0100] {example_kubernetes_executor.py:39} WARNING - The example_kubernetes_executor example DAG requires the kubernetes provider. Please install it with: pip install apache-airflow[cncf.kubernetes]
[2024-09-22T14:45:05.980+0100] {processor.py:927} WARNING - No viable dags retrieved from /Users/rtewelde/airflow_venv/lib/python3.11/site-packages/airflow/example_dags/example_kubernetes_executor.py
[2024-09-22T14:45:06.150+0100] {processor.py:208} INFO - Processing /Users/rtewelde/airflow_venv/lib/python3.11/site-packages/airflow/example_dags/example_kubernetes_executor.py took 0.210 seconds
[2024-09-22T14:48:23.686+0100] {processor.py:186} INFO - Started process (PID=80944) to work on /Users/rtewelde/airflow_venv/lib/python3.11/site-packages/airflow/example_dags/example_kubernetes_executor.py
[2024-09-22T14:48:23.687+0100] {processor.py:914} INFO - Processing file /Users/rtewelde/airflow_venv/lib/python3.11/site-packages/airflow/example_dags/example_kubernetes_executor.py for tasks to queue
[2024-09-22T14:48:23.689+0100] {logging_mixin.py:190} INFO - [2024-09-22T14:48:23.688+0100] {dagbag.py:588} INFO - Filling up the DagBag from /Users/rtewelde/airflow_venv/lib/python3.11/site-packages/airflow/example_dags/example_kubernetes_executor.py
[2024-09-22T14:48:23.739+0100] {logging_mixin.py:190} INFO - [2024-09-22T14:48:23.739+0100] {example_kubernetes_executor.py:39} WARNING - The example_kubernetes_executor example DAG requires the kubernetes provider. Please install it with: pip install apache-airflow[cncf.kubernetes]
[2024-09-22T14:48:23.740+0100] {processor.py:927} WARNING - No viable dags retrieved from /Users/rtewelde/airflow_venv/lib/python3.11/site-packages/airflow/example_dags/example_kubernetes_executor.py
[2024-09-22T14:48:24.008+0100] {processor.py:208} INFO - Processing /Users/rtewelde/airflow_venv/lib/python3.11/site-packages/airflow/example_dags/example_kubernetes_executor.py took 0.327 seconds
[2024-09-22T14:49:00.323+0100] {processor.py:186} INFO - Started process (PID=81128) to work on /Users/rtewelde/airflow_venv/lib/python3.11/site-packages/airflow/example_dags/example_kubernetes_executor.py
[2024-09-22T14:49:00.324+0100] {processor.py:914} INFO - Processing file /Users/rtewelde/airflow_venv/lib/python3.11/site-packages/airflow/example_dags/example_kubernetes_executor.py for tasks to queue
[2024-09-22T14:49:00.326+0100] {logging_mixin.py:190} INFO - [2024-09-22T14:49:00.326+0100] {dagbag.py:588} INFO - Filling up the DagBag from /Users/rtewelde/airflow_venv/lib/python3.11/site-packages/airflow/example_dags/example_kubernetes_executor.py
[2024-09-22T14:49:00.374+0100] {logging_mixin.py:190} INFO - [2024-09-22T14:49:00.374+0100] {example_kubernetes_executor.py:39} WARNING - The example_kubernetes_executor example DAG requires the kubernetes provider. Please install it with: pip install apache-airflow[cncf.kubernetes]
[2024-09-22T14:49:00.374+0100] {processor.py:927} WARNING - No viable dags retrieved from /Users/rtewelde/airflow_venv/lib/python3.11/site-packages/airflow/example_dags/example_kubernetes_executor.py
[2024-09-22T14:49:00.566+0100] {processor.py:208} INFO - Processing /Users/rtewelde/airflow_venv/lib/python3.11/site-packages/airflow/example_dags/example_kubernetes_executor.py took 0.245 seconds
