[2024-09-22T13:35:48.398+0100] {processor.py:157} INFO - Started process (PID=56323) to work on /Users/rtewelde/airflow_venv/lib/python3.11/site-packages/airflow/example_dags/example_params_ui_tutorial.py
[2024-09-22T13:35:48.402+0100] {processor.py:829} INFO - Processing file /Users/rtewelde/airflow_venv/lib/python3.11/site-packages/airflow/example_dags/example_params_ui_tutorial.py for tasks to queue
[2024-09-22T13:35:48.402+0100] {logging_mixin.py:151} INFO - [2024-09-22T13:35:48.402+0100] {dagbag.py:539} INFO - Filling up the DagBag from /Users/rtewelde/airflow_venv/lib/python3.11/site-packages/airflow/example_dags/example_params_ui_tutorial.py
[2024-09-22T13:35:48.535+0100] {processor.py:839} INFO - DAG(s) dict_keys(['example_params_ui_tutorial']) retrieved from /Users/rtewelde/airflow_venv/lib/python3.11/site-packages/airflow/example_dags/example_params_ui_tutorial.py
[2024-09-22T13:35:49.318+0100] {logging_mixin.py:151} INFO - [2024-09-22T13:35:49.318+0100] {dag.py:2907} INFO - Sync 1 DAGs
[2024-09-22T13:35:49.326+0100] {logging_mixin.py:151} INFO - [2024-09-22T13:35:49.326+0100] {dag.py:3677} INFO - Setting next_dagrun for example_params_ui_tutorial to None, run_after=None
[2024-09-22T13:35:49.345+0100] {processor.py:179} INFO - Processing /Users/rtewelde/airflow_venv/lib/python3.11/site-packages/airflow/example_dags/example_params_ui_tutorial.py took 0.948 seconds
[2024-09-22T13:37:31.263+0100] {processor.py:157} INFO - Started process (PID=56862) to work on /Users/rtewelde/airflow_venv/lib/python3.11/site-packages/airflow/example_dags/example_params_ui_tutorial.py
[2024-09-22T13:37:31.267+0100] {processor.py:829} INFO - Processing file /Users/rtewelde/airflow_venv/lib/python3.11/site-packages/airflow/example_dags/example_params_ui_tutorial.py for tasks to queue
[2024-09-22T13:37:31.267+0100] {logging_mixin.py:151} INFO - [2024-09-22T13:37:31.267+0100] {dagbag.py:539} INFO - Filling up the DagBag from /Users/rtewelde/airflow_venv/lib/python3.11/site-packages/airflow/example_dags/example_params_ui_tutorial.py
[2024-09-22T13:37:31.423+0100] {processor.py:839} INFO - DAG(s) dict_keys(['example_params_ui_tutorial']) retrieved from /Users/rtewelde/airflow_venv/lib/python3.11/site-packages/airflow/example_dags/example_params_ui_tutorial.py
[2024-09-22T13:37:31.599+0100] {logging_mixin.py:151} INFO - [2024-09-22T13:37:31.598+0100] {dag.py:2907} INFO - Sync 1 DAGs
[2024-09-22T13:37:31.609+0100] {logging_mixin.py:151} INFO - [2024-09-22T13:37:31.609+0100] {dag.py:3677} INFO - Setting next_dagrun for example_params_ui_tutorial to None, run_after=None
[2024-09-22T13:37:31.631+0100] {processor.py:179} INFO - Processing /Users/rtewelde/airflow_venv/lib/python3.11/site-packages/airflow/example_dags/example_params_ui_tutorial.py took 0.370 seconds
[2024-09-22T13:40:17.533+0100] {processor.py:157} INFO - Started process (PID=58125) to work on /Users/rtewelde/airflow_venv/lib/python3.11/site-packages/airflow/example_dags/example_params_ui_tutorial.py
[2024-09-22T13:40:17.537+0100] {processor.py:829} INFO - Processing file /Users/rtewelde/airflow_venv/lib/python3.11/site-packages/airflow/example_dags/example_params_ui_tutorial.py for tasks to queue
[2024-09-22T13:40:17.537+0100] {logging_mixin.py:151} INFO - [2024-09-22T13:40:17.537+0100] {dagbag.py:539} INFO - Filling up the DagBag from /Users/rtewelde/airflow_venv/lib/python3.11/site-packages/airflow/example_dags/example_params_ui_tutorial.py
[2024-09-22T13:40:17.678+0100] {processor.py:839} INFO - DAG(s) dict_keys(['example_params_ui_tutorial']) retrieved from /Users/rtewelde/airflow_venv/lib/python3.11/site-packages/airflow/example_dags/example_params_ui_tutorial.py
[2024-09-22T13:40:17.831+0100] {logging_mixin.py:151} INFO - [2024-09-22T13:40:17.831+0100] {dag.py:2907} INFO - Sync 1 DAGs
[2024-09-22T13:40:17.840+0100] {logging_mixin.py:151} INFO - [2024-09-22T13:40:17.840+0100] {dag.py:3677} INFO - Setting next_dagrun for example_params_ui_tutorial to None, run_after=None
[2024-09-22T13:40:17.861+0100] {processor.py:179} INFO - Processing /Users/rtewelde/airflow_venv/lib/python3.11/site-packages/airflow/example_dags/example_params_ui_tutorial.py took 0.329 seconds
[2024-09-22T13:43:00.958+0100] {processor.py:186} INFO - Started process (PID=59191) to work on /Users/rtewelde/airflow_venv/lib/python3.11/site-packages/airflow/example_dags/example_params_ui_tutorial.py
[2024-09-22T13:43:00.962+0100] {processor.py:914} INFO - Processing file /Users/rtewelde/airflow_venv/lib/python3.11/site-packages/airflow/example_dags/example_params_ui_tutorial.py for tasks to queue
[2024-09-22T13:43:00.963+0100] {logging_mixin.py:190} INFO - [2024-09-22T13:43:00.963+0100] {dagbag.py:588} INFO - Filling up the DagBag from /Users/rtewelde/airflow_venv/lib/python3.11/site-packages/airflow/example_dags/example_params_ui_tutorial.py
[2024-09-22T13:43:00.997+0100] {processor.py:925} INFO - DAG(s) 'example_params_ui_tutorial' retrieved from /Users/rtewelde/airflow_venv/lib/python3.11/site-packages/airflow/example_dags/example_params_ui_tutorial.py
[2024-09-22T13:43:01.212+0100] {logging_mixin.py:190} INFO - [2024-09-22T13:43:01.211+0100] {override.py:1900} INFO - Created Permission View: menu access on DAG Run:example_params_ui_tutorial
[2024-09-22T13:43:01.226+0100] {logging_mixin.py:190} INFO - [2024-09-22T13:43:01.226+0100] {override.py:1900} INFO - Created Permission View: can create on DAG Run:example_params_ui_tutorial
[2024-09-22T13:43:01.234+0100] {logging_mixin.py:190} INFO - [2024-09-22T13:43:01.233+0100] {override.py:1900} INFO - Created Permission View: can read on DAG Run:example_params_ui_tutorial
[2024-09-22T13:43:01.241+0100] {logging_mixin.py:190} INFO - [2024-09-22T13:43:01.241+0100] {override.py:1900} INFO - Created Permission View: can delete on DAG Run:example_params_ui_tutorial
[2024-09-22T13:43:01.242+0100] {logging_mixin.py:190} INFO - [2024-09-22T13:43:01.241+0100] {dag.py:3239} INFO - Sync 1 DAGs
[2024-09-22T13:43:01.746+0100] {logging_mixin.py:190} INFO - [2024-09-22T13:43:01.745+0100] {dag.py:3239} INFO - Sync 1 DAGs
[2024-09-22T13:43:02.260+0100] {logging_mixin.py:190} INFO - [2024-09-22T13:43:02.260+0100] {dag.py:3239} INFO - Sync 1 DAGs
[2024-09-22T13:43:02.262+0100] {processor.py:211} ERROR - Got an exception! Propagating...
Traceback (most recent call last):
  File "/Users/rtewelde/airflow_venv/lib/python3.11/site-packages/sqlalchemy/engine/base.py", line 1910, in _execute_context
    self.dialect.do_execute(
  File "/Users/rtewelde/airflow_venv/lib/python3.11/site-packages/sqlalchemy/engine/default.py", line 736, in do_execute
    cursor.execute(statement, parameters)
sqlite3.OperationalError: no such table: dag_schedule_dataset_alias_reference

The above exception was the direct cause of the following exception:

Traceback (most recent call last):
  File "/Users/rtewelde/airflow_venv/lib/python3.11/site-packages/airflow/dag_processing/processor.py", line 207, in _run_file_processor
    _handle_dag_file_processing()
  File "/Users/rtewelde/airflow_venv/lib/python3.11/site-packages/airflow/dag_processing/processor.py", line 188, in _handle_dag_file_processing
    result: tuple[int, int, int] = dag_file_processor.process_file(
                                   ^^^^^^^^^^^^^^^^^^^^^^^^^^^^^^^^
  File "/Users/rtewelde/airflow_venv/lib/python3.11/site-packages/airflow/utils/session.py", line 97, in wrapper
    return func(*args, session=session, **kwargs)
           ^^^^^^^^^^^^^^^^^^^^^^^^^^^^^^^^^^^^^^
  File "/Users/rtewelde/airflow_venv/lib/python3.11/site-packages/airflow/dag_processing/processor.py", line 942, in process_file
    serialize_errors = DagFileProcessor.save_dag_to_db(
                       ^^^^^^^^^^^^^^^^^^^^^^^^^^^^^^^^
  File "/Users/rtewelde/airflow_venv/lib/python3.11/site-packages/airflow/api_internal/internal_api_call.py", line 139, in wrapper
    return func(*args, **kwargs)
           ^^^^^^^^^^^^^^^^^^^^^
  File "/Users/rtewelde/airflow_venv/lib/python3.11/site-packages/airflow/utils/session.py", line 97, in wrapper
    return func(*args, session=session, **kwargs)
           ^^^^^^^^^^^^^^^^^^^^^^^^^^^^^^^^^^^^^^
  File "/Users/rtewelde/airflow_venv/lib/python3.11/site-packages/airflow/dag_processing/processor.py", line 982, in save_dag_to_db
    import_errors = DagBag._sync_to_db(dags=dags, processor_subdir=dag_directory, session=session)
                    ^^^^^^^^^^^^^^^^^^^^^^^^^^^^^^^^^^^^^^^^^^^^^^^^^^^^^^^^^^^^^^^^^^^^^^^^^^^^^^
  File "/Users/rtewelde/airflow_venv/lib/python3.11/site-packages/airflow/utils/session.py", line 94, in wrapper
    return func(*args, **kwargs)
           ^^^^^^^^^^^^^^^^^^^^^
  File "/Users/rtewelde/airflow_venv/lib/python3.11/site-packages/airflow/models/dagbag.py", line 708, in _sync_to_db
    for attempt in run_with_db_retries(logger=log):
  File "/Users/rtewelde/airflow_venv/lib/python3.11/site-packages/tenacity/__init__.py", line 347, in __iter__
    do = self.iter(retry_state=retry_state)
         ^^^^^^^^^^^^^^^^^^^^^^^^^^^^^^^^^^
  File "/Users/rtewelde/airflow_venv/lib/python3.11/site-packages/tenacity/__init__.py", line 325, in iter
    raise retry_exc.reraise()
          ^^^^^^^^^^^^^^^^^^^
  File "/Users/rtewelde/airflow_venv/lib/python3.11/site-packages/tenacity/__init__.py", line 158, in reraise
    raise self.last_attempt.result()
          ^^^^^^^^^^^^^^^^^^^^^^^^^^
  File "/Library/Frameworks/Python.framework/Versions/3.11/lib/python3.11/concurrent/futures/_base.py", line 449, in result
    return self.__get_result()
           ^^^^^^^^^^^^^^^^^^^
  File "/Library/Frameworks/Python.framework/Versions/3.11/lib/python3.11/concurrent/futures/_base.py", line 401, in __get_result
    raise self._exception
  File "/Users/rtewelde/airflow_venv/lib/python3.11/site-packages/airflow/models/dagbag.py", line 724, in _sync_to_db
    DAG.bulk_write_to_db(dags.values(), processor_subdir=processor_subdir, session=session)
  File "/Users/rtewelde/airflow_venv/lib/python3.11/site-packages/airflow/utils/session.py", line 94, in wrapper
    return func(*args, **kwargs)
           ^^^^^^^^^^^^^^^^^^^^^
  File "/Users/rtewelde/airflow_venv/lib/python3.11/site-packages/airflow/models/dag.py", line 3252, in bulk_write_to_db
    orm_dags: list[DagModel] = session.scalars(query).unique().all()
                               ^^^^^^^^^^^^^^^^^^^^^^
  File "/Users/rtewelde/airflow_venv/lib/python3.11/site-packages/sqlalchemy/orm/session.py", line 1778, in scalars
    return self.execute(
           ^^^^^^^^^^^^^
  File "/Users/rtewelde/airflow_venv/lib/python3.11/site-packages/sqlalchemy/orm/session.py", line 1717, in execute
    result = conn._execute_20(statement, params or {}, execution_options)
             ^^^^^^^^^^^^^^^^^^^^^^^^^^^^^^^^^^^^^^^^^^^^^^^^^^^^^^^^^^^^
  File "/Users/rtewelde/airflow_venv/lib/python3.11/site-packages/sqlalchemy/engine/base.py", line 1710, in _execute_20
    return meth(self, args_10style, kwargs_10style, execution_options)
           ^^^^^^^^^^^^^^^^^^^^^^^^^^^^^^^^^^^^^^^^^^^^^^^^^^^^^^^^^^^
  File "/Users/rtewelde/airflow_venv/lib/python3.11/site-packages/sqlalchemy/sql/elements.py", line 334, in _execute_on_connection
    return connection._execute_clauseelement(
           ^^^^^^^^^^^^^^^^^^^^^^^^^^^^^^^^^^
  File "/Users/rtewelde/airflow_venv/lib/python3.11/site-packages/sqlalchemy/engine/base.py", line 1577, in _execute_clauseelement
    ret = self._execute_context(
          ^^^^^^^^^^^^^^^^^^^^^^
  File "/Users/rtewelde/airflow_venv/lib/python3.11/site-packages/sqlalchemy/engine/base.py", line 1953, in _execute_context
    self._handle_dbapi_exception(
  File "/Users/rtewelde/airflow_venv/lib/python3.11/site-packages/sqlalchemy/engine/base.py", line 2134, in _handle_dbapi_exception
    util.raise_(
  File "/Users/rtewelde/airflow_venv/lib/python3.11/site-packages/sqlalchemy/util/compat.py", line 211, in raise_
    raise exception
  File "/Users/rtewelde/airflow_venv/lib/python3.11/site-packages/sqlalchemy/engine/base.py", line 1910, in _execute_context
    self.dialect.do_execute(
  File "/Users/rtewelde/airflow_venv/lib/python3.11/site-packages/sqlalchemy/engine/default.py", line 736, in do_execute
    cursor.execute(statement, parameters)
sqlalchemy.exc.OperationalError: (sqlite3.OperationalError) no such table: dag_schedule_dataset_alias_reference
[SQL: SELECT dag.dag_display_name, dag.dag_id, dag.root_dag_id, dag.is_paused, dag.is_subdag, dag.is_active, dag.last_parsed_time, dag.last_pickled, dag.last_expired, dag.scheduler_lock, dag.pickle_id, dag.fileloc, dag.processor_subdir, dag.owners, dag.description, dag.default_view, dag.schedule_interval, dag.timetable_description, dag.dataset_expression, dag.max_active_tasks, dag.max_active_runs, dag.max_consecutive_failed_dag_runs, dag.has_task_concurrency_limits, dag.has_import_errors, dag.next_dagrun, dag.next_dagrun_data_interval_start, dag.next_dagrun_data_interval_end, dag.next_dagrun_create_after, dag_tag_1.name, dag_tag_1.dag_id AS dag_id_1, dag_schedule_dataset_reference_1.dataset_id, dag_schedule_dataset_reference_1.dag_id AS dag_id_2, dag_schedule_dataset_reference_1.created_at, dag_schedule_dataset_reference_1.updated_at, dag_schedule_dataset_alias_reference_1.alias_id, dag_schedule_dataset_alias_reference_1.dag_id AS dag_id_3, dag_schedule_dataset_alias_reference_1.created_at AS created_at_1, dag_schedule_dataset_alias_reference_1.updated_at AS updated_at_1, task_outlet_dataset_reference_1.dataset_id AS dataset_id_1, task_outlet_dataset_reference_1.dag_id AS dag_id_4, task_outlet_dataset_reference_1.task_id, task_outlet_dataset_reference_1.created_at AS created_at_2, task_outlet_dataset_reference_1.updated_at AS updated_at_2 
FROM dag LEFT OUTER JOIN dag_tag AS dag_tag_1 ON dag.dag_id = dag_tag_1.dag_id LEFT OUTER JOIN dag_schedule_dataset_reference AS dag_schedule_dataset_reference_1 ON dag.dag_id = dag_schedule_dataset_reference_1.dag_id LEFT OUTER JOIN dag_schedule_dataset_alias_reference AS dag_schedule_dataset_alias_reference_1 ON dag.dag_id = dag_schedule_dataset_alias_reference_1.dag_id LEFT OUTER JOIN task_outlet_dataset_reference AS task_outlet_dataset_reference_1 ON dag.dag_id = task_outlet_dataset_reference_1.dag_id 
WHERE dag.dag_id IN (?)]
[parameters: ('example_params_ui_tutorial',)]
(Background on this error at: https://sqlalche.me/e/14/e3q8)
[2024-09-22T14:20:47.530+0100] {processor.py:186} INFO - Started process (PID=72451) to work on /Users/rtewelde/airflow_venv/lib/python3.11/site-packages/airflow/example_dags/example_params_ui_tutorial.py
[2024-09-22T14:20:47.531+0100] {processor.py:914} INFO - Processing file /Users/rtewelde/airflow_venv/lib/python3.11/site-packages/airflow/example_dags/example_params_ui_tutorial.py for tasks to queue
[2024-09-22T14:20:47.532+0100] {logging_mixin.py:190} INFO - [2024-09-22T14:20:47.531+0100] {dagbag.py:588} INFO - Filling up the DagBag from /Users/rtewelde/airflow_venv/lib/python3.11/site-packages/airflow/example_dags/example_params_ui_tutorial.py
[2024-09-22T14:20:47.570+0100] {processor.py:925} INFO - DAG(s) 'example_params_ui_tutorial' retrieved from /Users/rtewelde/airflow_venv/lib/python3.11/site-packages/airflow/example_dags/example_params_ui_tutorial.py
[2024-09-22T14:20:47.896+0100] {logging_mixin.py:190} INFO - [2024-09-22T14:20:47.896+0100] {dag.py:3239} INFO - Sync 1 DAGs
[2024-09-22T14:20:47.906+0100] {logging_mixin.py:190} INFO - [2024-09-22T14:20:47.906+0100] {dag.py:4180} INFO - Setting next_dagrun for example_params_ui_tutorial to None, run_after=None
[2024-09-22T14:20:47.928+0100] {processor.py:208} INFO - Processing /Users/rtewelde/airflow_venv/lib/python3.11/site-packages/airflow/example_dags/example_params_ui_tutorial.py took 0.401 seconds
[2024-09-22T14:23:45.570+0100] {processor.py:186} INFO - Started process (PID=73476) to work on /Users/rtewelde/airflow_venv/lib/python3.11/site-packages/airflow/example_dags/example_params_ui_tutorial.py
[2024-09-22T14:23:45.571+0100] {processor.py:914} INFO - Processing file /Users/rtewelde/airflow_venv/lib/python3.11/site-packages/airflow/example_dags/example_params_ui_tutorial.py for tasks to queue
[2024-09-22T14:23:45.572+0100] {logging_mixin.py:190} INFO - [2024-09-22T14:23:45.571+0100] {dagbag.py:588} INFO - Filling up the DagBag from /Users/rtewelde/airflow_venv/lib/python3.11/site-packages/airflow/example_dags/example_params_ui_tutorial.py
[2024-09-22T14:23:45.609+0100] {processor.py:925} INFO - DAG(s) 'example_params_ui_tutorial' retrieved from /Users/rtewelde/airflow_venv/lib/python3.11/site-packages/airflow/example_dags/example_params_ui_tutorial.py
[2024-09-22T14:23:45.810+0100] {logging_mixin.py:190} INFO - [2024-09-22T14:23:45.809+0100] {dag.py:3239} INFO - Sync 1 DAGs
[2024-09-22T14:23:45.823+0100] {logging_mixin.py:190} INFO - [2024-09-22T14:23:45.822+0100] {dag.py:4180} INFO - Setting next_dagrun for example_params_ui_tutorial to None, run_after=None
[2024-09-22T14:23:45.848+0100] {processor.py:208} INFO - Processing /Users/rtewelde/airflow_venv/lib/python3.11/site-packages/airflow/example_dags/example_params_ui_tutorial.py took 0.281 seconds
[2024-09-22T14:26:11.853+0100] {processor.py:186} INFO - Started process (PID=74222) to work on /Users/rtewelde/airflow_venv/lib/python3.11/site-packages/airflow/example_dags/example_params_ui_tutorial.py
[2024-09-22T14:26:11.854+0100] {processor.py:914} INFO - Processing file /Users/rtewelde/airflow_venv/lib/python3.11/site-packages/airflow/example_dags/example_params_ui_tutorial.py for tasks to queue
[2024-09-22T14:26:11.855+0100] {logging_mixin.py:190} INFO - [2024-09-22T14:26:11.855+0100] {dagbag.py:588} INFO - Filling up the DagBag from /Users/rtewelde/airflow_venv/lib/python3.11/site-packages/airflow/example_dags/example_params_ui_tutorial.py
[2024-09-22T14:26:11.893+0100] {processor.py:925} INFO - DAG(s) 'example_params_ui_tutorial' retrieved from /Users/rtewelde/airflow_venv/lib/python3.11/site-packages/airflow/example_dags/example_params_ui_tutorial.py
[2024-09-22T14:26:12.078+0100] {logging_mixin.py:190} INFO - [2024-09-22T14:26:12.078+0100] {dag.py:3239} INFO - Sync 1 DAGs
[2024-09-22T14:26:12.090+0100] {logging_mixin.py:190} INFO - [2024-09-22T14:26:12.090+0100] {dag.py:4180} INFO - Setting next_dagrun for example_params_ui_tutorial to None, run_after=None
[2024-09-22T14:26:12.108+0100] {processor.py:208} INFO - Processing /Users/rtewelde/airflow_venv/lib/python3.11/site-packages/airflow/example_dags/example_params_ui_tutorial.py took 0.258 seconds
[2024-09-22T14:28:33.636+0100] {processor.py:186} INFO - Started process (PID=74925) to work on /Users/rtewelde/airflow_venv/lib/python3.11/site-packages/airflow/example_dags/example_params_ui_tutorial.py
[2024-09-22T14:28:33.637+0100] {processor.py:914} INFO - Processing file /Users/rtewelde/airflow_venv/lib/python3.11/site-packages/airflow/example_dags/example_params_ui_tutorial.py for tasks to queue
[2024-09-22T14:28:33.637+0100] {logging_mixin.py:190} INFO - [2024-09-22T14:28:33.637+0100] {dagbag.py:588} INFO - Filling up the DagBag from /Users/rtewelde/airflow_venv/lib/python3.11/site-packages/airflow/example_dags/example_params_ui_tutorial.py
[2024-09-22T14:28:33.674+0100] {processor.py:925} INFO - DAG(s) 'example_params_ui_tutorial' retrieved from /Users/rtewelde/airflow_venv/lib/python3.11/site-packages/airflow/example_dags/example_params_ui_tutorial.py
[2024-09-22T14:28:33.843+0100] {logging_mixin.py:190} INFO - [2024-09-22T14:28:33.842+0100] {dag.py:3239} INFO - Sync 1 DAGs
[2024-09-22T14:28:33.855+0100] {logging_mixin.py:190} INFO - [2024-09-22T14:28:33.854+0100] {dag.py:4180} INFO - Setting next_dagrun for example_params_ui_tutorial to None, run_after=None
[2024-09-22T14:28:33.870+0100] {processor.py:208} INFO - Processing /Users/rtewelde/airflow_venv/lib/python3.11/site-packages/airflow/example_dags/example_params_ui_tutorial.py took 0.237 seconds
[2024-09-22T14:30:52.169+0100] {processor.py:186} INFO - Started process (PID=75592) to work on /Users/rtewelde/airflow_venv/lib/python3.11/site-packages/airflow/example_dags/example_params_ui_tutorial.py
[2024-09-22T14:30:52.169+0100] {processor.py:914} INFO - Processing file /Users/rtewelde/airflow_venv/lib/python3.11/site-packages/airflow/example_dags/example_params_ui_tutorial.py for tasks to queue
[2024-09-22T14:30:52.170+0100] {logging_mixin.py:190} INFO - [2024-09-22T14:30:52.170+0100] {dagbag.py:588} INFO - Filling up the DagBag from /Users/rtewelde/airflow_venv/lib/python3.11/site-packages/airflow/example_dags/example_params_ui_tutorial.py
[2024-09-22T14:30:52.203+0100] {processor.py:925} INFO - DAG(s) 'example_params_ui_tutorial' retrieved from /Users/rtewelde/airflow_venv/lib/python3.11/site-packages/airflow/example_dags/example_params_ui_tutorial.py
[2024-09-22T14:30:52.379+0100] {logging_mixin.py:190} INFO - [2024-09-22T14:30:52.378+0100] {dag.py:3239} INFO - Sync 1 DAGs
[2024-09-22T14:30:52.390+0100] {logging_mixin.py:190} INFO - [2024-09-22T14:30:52.390+0100] {dag.py:4180} INFO - Setting next_dagrun for example_params_ui_tutorial to None, run_after=None
[2024-09-22T14:30:52.407+0100] {processor.py:208} INFO - Processing /Users/rtewelde/airflow_venv/lib/python3.11/site-packages/airflow/example_dags/example_params_ui_tutorial.py took 0.241 seconds
[2024-09-22T14:33:10.186+0100] {processor.py:186} INFO - Started process (PID=76235) to work on /Users/rtewelde/airflow_venv/lib/python3.11/site-packages/airflow/example_dags/example_params_ui_tutorial.py
[2024-09-22T14:33:10.187+0100] {processor.py:914} INFO - Processing file /Users/rtewelde/airflow_venv/lib/python3.11/site-packages/airflow/example_dags/example_params_ui_tutorial.py for tasks to queue
[2024-09-22T14:33:10.188+0100] {logging_mixin.py:190} INFO - [2024-09-22T14:33:10.188+0100] {dagbag.py:588} INFO - Filling up the DagBag from /Users/rtewelde/airflow_venv/lib/python3.11/site-packages/airflow/example_dags/example_params_ui_tutorial.py
[2024-09-22T14:33:10.224+0100] {processor.py:925} INFO - DAG(s) 'example_params_ui_tutorial' retrieved from /Users/rtewelde/airflow_venv/lib/python3.11/site-packages/airflow/example_dags/example_params_ui_tutorial.py
[2024-09-22T14:33:10.412+0100] {logging_mixin.py:190} INFO - [2024-09-22T14:33:10.412+0100] {dag.py:3239} INFO - Sync 1 DAGs
[2024-09-22T14:33:10.424+0100] {logging_mixin.py:190} INFO - [2024-09-22T14:33:10.424+0100] {dag.py:4180} INFO - Setting next_dagrun for example_params_ui_tutorial to None, run_after=None
[2024-09-22T14:33:10.442+0100] {processor.py:208} INFO - Processing /Users/rtewelde/airflow_venv/lib/python3.11/site-packages/airflow/example_dags/example_params_ui_tutorial.py took 0.259 seconds
[2024-09-22T14:36:02.994+0100] {processor.py:186} INFO - Started process (PID=77059) to work on /Users/rtewelde/airflow_venv/lib/python3.11/site-packages/airflow/example_dags/example_params_ui_tutorial.py
[2024-09-22T14:36:02.995+0100] {processor.py:914} INFO - Processing file /Users/rtewelde/airflow_venv/lib/python3.11/site-packages/airflow/example_dags/example_params_ui_tutorial.py for tasks to queue
[2024-09-22T14:36:02.996+0100] {logging_mixin.py:190} INFO - [2024-09-22T14:36:02.996+0100] {dagbag.py:588} INFO - Filling up the DagBag from /Users/rtewelde/airflow_venv/lib/python3.11/site-packages/airflow/example_dags/example_params_ui_tutorial.py
[2024-09-22T14:36:03.042+0100] {processor.py:925} INFO - DAG(s) 'example_params_ui_tutorial' retrieved from /Users/rtewelde/airflow_venv/lib/python3.11/site-packages/airflow/example_dags/example_params_ui_tutorial.py
[2024-09-22T14:36:03.239+0100] {logging_mixin.py:190} INFO - [2024-09-22T14:36:03.239+0100] {dag.py:3239} INFO - Sync 1 DAGs
[2024-09-22T14:36:03.252+0100] {logging_mixin.py:190} INFO - [2024-09-22T14:36:03.251+0100] {dag.py:4180} INFO - Setting next_dagrun for example_params_ui_tutorial to None, run_after=None
[2024-09-22T14:36:03.273+0100] {processor.py:208} INFO - Processing /Users/rtewelde/airflow_venv/lib/python3.11/site-packages/airflow/example_dags/example_params_ui_tutorial.py took 0.282 seconds
[2024-09-22T14:41:25.415+0100] {processor.py:186} INFO - Started process (PID=78840) to work on /Users/rtewelde/airflow_venv/lib/python3.11/site-packages/airflow/example_dags/example_params_ui_tutorial.py
[2024-09-22T14:41:25.417+0100] {processor.py:914} INFO - Processing file /Users/rtewelde/airflow_venv/lib/python3.11/site-packages/airflow/example_dags/example_params_ui_tutorial.py for tasks to queue
[2024-09-22T14:41:25.418+0100] {logging_mixin.py:190} INFO - [2024-09-22T14:41:25.417+0100] {dagbag.py:588} INFO - Filling up the DagBag from /Users/rtewelde/airflow_venv/lib/python3.11/site-packages/airflow/example_dags/example_params_ui_tutorial.py
[2024-09-22T14:41:25.460+0100] {processor.py:925} INFO - DAG(s) 'example_params_ui_tutorial' retrieved from /Users/rtewelde/airflow_venv/lib/python3.11/site-packages/airflow/example_dags/example_params_ui_tutorial.py
[2024-09-22T14:41:25.655+0100] {logging_mixin.py:190} INFO - [2024-09-22T14:41:25.655+0100] {dag.py:3239} INFO - Sync 1 DAGs
[2024-09-22T14:41:25.669+0100] {logging_mixin.py:190} INFO - [2024-09-22T14:41:25.669+0100] {dag.py:4180} INFO - Setting next_dagrun for example_params_ui_tutorial to None, run_after=None
[2024-09-22T14:41:25.688+0100] {processor.py:208} INFO - Processing /Users/rtewelde/airflow_venv/lib/python3.11/site-packages/airflow/example_dags/example_params_ui_tutorial.py took 0.275 seconds
[2024-09-22T14:43:51.005+0100] {processor.py:186} INFO - Started process (PID=79585) to work on /Users/rtewelde/airflow_venv/lib/python3.11/site-packages/airflow/example_dags/example_params_ui_tutorial.py
[2024-09-22T14:43:51.006+0100] {processor.py:914} INFO - Processing file /Users/rtewelde/airflow_venv/lib/python3.11/site-packages/airflow/example_dags/example_params_ui_tutorial.py for tasks to queue
[2024-09-22T14:43:51.008+0100] {logging_mixin.py:190} INFO - [2024-09-22T14:43:51.007+0100] {dagbag.py:588} INFO - Filling up the DagBag from /Users/rtewelde/airflow_venv/lib/python3.11/site-packages/airflow/example_dags/example_params_ui_tutorial.py
[2024-09-22T14:43:51.050+0100] {processor.py:925} INFO - DAG(s) 'example_params_ui_tutorial' retrieved from /Users/rtewelde/airflow_venv/lib/python3.11/site-packages/airflow/example_dags/example_params_ui_tutorial.py
[2024-09-22T14:43:51.266+0100] {logging_mixin.py:190} INFO - [2024-09-22T14:43:51.266+0100] {dag.py:3239} INFO - Sync 1 DAGs
[2024-09-22T14:43:51.284+0100] {logging_mixin.py:190} INFO - [2024-09-22T14:43:51.283+0100] {dag.py:4180} INFO - Setting next_dagrun for example_params_ui_tutorial to None, run_after=None
[2024-09-22T14:43:51.306+0100] {processor.py:208} INFO - Processing /Users/rtewelde/airflow_venv/lib/python3.11/site-packages/airflow/example_dags/example_params_ui_tutorial.py took 0.304 seconds
[2024-09-22T14:44:45.050+0100] {processor.py:186} INFO - Started process (PID=79857) to work on /Users/rtewelde/airflow_venv/lib/python3.11/site-packages/airflow/example_dags/example_params_ui_tutorial.py
[2024-09-22T14:44:45.051+0100] {processor.py:914} INFO - Processing file /Users/rtewelde/airflow_venv/lib/python3.11/site-packages/airflow/example_dags/example_params_ui_tutorial.py for tasks to queue
[2024-09-22T14:44:45.052+0100] {logging_mixin.py:190} INFO - [2024-09-22T14:44:45.051+0100] {dagbag.py:588} INFO - Filling up the DagBag from /Users/rtewelde/airflow_venv/lib/python3.11/site-packages/airflow/example_dags/example_params_ui_tutorial.py
[2024-09-22T14:44:45.088+0100] {processor.py:925} INFO - DAG(s) 'example_params_ui_tutorial' retrieved from /Users/rtewelde/airflow_venv/lib/python3.11/site-packages/airflow/example_dags/example_params_ui_tutorial.py
[2024-09-22T14:44:45.272+0100] {logging_mixin.py:190} INFO - [2024-09-22T14:44:45.272+0100] {dag.py:3239} INFO - Sync 1 DAGs
[2024-09-22T14:44:45.284+0100] {logging_mixin.py:190} INFO - [2024-09-22T14:44:45.284+0100] {dag.py:4180} INFO - Setting next_dagrun for example_params_ui_tutorial to None, run_after=None
[2024-09-22T14:44:45.302+0100] {processor.py:208} INFO - Processing /Users/rtewelde/airflow_venv/lib/python3.11/site-packages/airflow/example_dags/example_params_ui_tutorial.py took 0.255 seconds
[2024-09-22T14:47:52.219+0100] {processor.py:186} INFO - Started process (PID=80778) to work on /Users/rtewelde/airflow_venv/lib/python3.11/site-packages/airflow/example_dags/example_params_ui_tutorial.py
[2024-09-22T14:47:52.220+0100] {processor.py:914} INFO - Processing file /Users/rtewelde/airflow_venv/lib/python3.11/site-packages/airflow/example_dags/example_params_ui_tutorial.py for tasks to queue
[2024-09-22T14:47:52.222+0100] {logging_mixin.py:190} INFO - [2024-09-22T14:47:52.221+0100] {dagbag.py:588} INFO - Filling up the DagBag from /Users/rtewelde/airflow_venv/lib/python3.11/site-packages/airflow/example_dags/example_params_ui_tutorial.py
[2024-09-22T14:47:52.296+0100] {processor.py:925} INFO - DAG(s) 'example_params_ui_tutorial' retrieved from /Users/rtewelde/airflow_venv/lib/python3.11/site-packages/airflow/example_dags/example_params_ui_tutorial.py
[2024-09-22T14:47:52.603+0100] {logging_mixin.py:190} INFO - [2024-09-22T14:47:52.603+0100] {dag.py:3239} INFO - Sync 1 DAGs
[2024-09-22T14:47:52.623+0100] {logging_mixin.py:190} INFO - [2024-09-22T14:47:52.623+0100] {dag.py:4180} INFO - Setting next_dagrun for example_params_ui_tutorial to None, run_after=None
[2024-09-22T14:47:52.650+0100] {processor.py:208} INFO - Processing /Users/rtewelde/airflow_venv/lib/python3.11/site-packages/airflow/example_dags/example_params_ui_tutorial.py took 0.434 seconds
[2024-09-22T14:48:25.758+0100] {processor.py:186} INFO - Started process (PID=80955) to work on /Users/rtewelde/airflow_venv/lib/python3.11/site-packages/airflow/example_dags/example_params_ui_tutorial.py
[2024-09-22T14:48:25.760+0100] {processor.py:914} INFO - Processing file /Users/rtewelde/airflow_venv/lib/python3.11/site-packages/airflow/example_dags/example_params_ui_tutorial.py for tasks to queue
[2024-09-22T14:48:25.762+0100] {logging_mixin.py:190} INFO - [2024-09-22T14:48:25.762+0100] {dagbag.py:588} INFO - Filling up the DagBag from /Users/rtewelde/airflow_venv/lib/python3.11/site-packages/airflow/example_dags/example_params_ui_tutorial.py
[2024-09-22T14:48:25.813+0100] {processor.py:925} INFO - DAG(s) 'example_params_ui_tutorial' retrieved from /Users/rtewelde/airflow_venv/lib/python3.11/site-packages/airflow/example_dags/example_params_ui_tutorial.py
[2024-09-22T14:48:26.088+0100] {logging_mixin.py:190} INFO - [2024-09-22T14:48:26.087+0100] {dag.py:3239} INFO - Sync 1 DAGs
[2024-09-22T14:48:26.105+0100] {logging_mixin.py:190} INFO - [2024-09-22T14:48:26.105+0100] {dag.py:4180} INFO - Setting next_dagrun for example_params_ui_tutorial to None, run_after=None
[2024-09-22T14:48:26.125+0100] {processor.py:208} INFO - Processing /Users/rtewelde/airflow_venv/lib/python3.11/site-packages/airflow/example_dags/example_params_ui_tutorial.py took 0.372 seconds
