[2024-09-22T14:19:52.704+0100] {processor.py:186} INFO - Started process (PID=72199) to work on /Users/rtewelde/airflow_venv/lib/python3.11/site-packages/airflow/example_dags/example_workday_timetable.py
[2024-09-22T14:19:52.705+0100] {processor.py:914} INFO - Processing file /Users/rtewelde/airflow_venv/lib/python3.11/site-packages/airflow/example_dags/example_workday_timetable.py for tasks to queue
[2024-09-22T14:19:52.706+0100] {logging_mixin.py:190} INFO - [2024-09-22T14:19:52.706+0100] {dagbag.py:588} INFO - Filling up the DagBag from /Users/rtewelde/airflow_venv/lib/python3.11/site-packages/airflow/example_dags/example_workday_timetable.py
[2024-09-22T14:19:52.708+0100] {logging_mixin.py:190} INFO - [2024-09-22T14:19:52.708+0100] {workday.py:41} WARNING - Could not import pandas. Holidays will not be considered.
[2024-09-22T14:19:52.714+0100] {processor.py:925} INFO - DAG(s) 'example_workday_timetable' retrieved from /Users/rtewelde/airflow_venv/lib/python3.11/site-packages/airflow/example_dags/example_workday_timetable.py
[2024-09-22T14:19:52.866+0100] {logging_mixin.py:190} INFO - [2024-09-22T14:19:52.866+0100] {workday.py:41} WARNING - Could not import pandas. Holidays will not be considered.
[2024-09-22T14:19:52.970+0100] {logging_mixin.py:190} INFO - [2024-09-22T14:19:52.970+0100] {dag.py:3239} INFO - Sync 1 DAGs
[2024-09-22T14:19:52.989+0100] {logging_mixin.py:190} INFO - [2024-09-22T14:19:52.989+0100] {dag.py:4180} INFO - Setting next_dagrun for example_workday_timetable to 2021-01-01 00:00:00+00:00, run_after=2021-01-02 00:00:00+00:00
[2024-09-22T14:19:53.008+0100] {processor.py:208} INFO - Processing /Users/rtewelde/airflow_venv/lib/python3.11/site-packages/airflow/example_dags/example_workday_timetable.py took 0.306 seconds
[2024-09-22T14:22:51.938+0100] {processor.py:186} INFO - Started process (PID=73218) to work on /Users/rtewelde/airflow_venv/lib/python3.11/site-packages/airflow/example_dags/example_workday_timetable.py
[2024-09-22T14:22:51.939+0100] {processor.py:914} INFO - Processing file /Users/rtewelde/airflow_venv/lib/python3.11/site-packages/airflow/example_dags/example_workday_timetable.py for tasks to queue
[2024-09-22T14:22:51.940+0100] {logging_mixin.py:190} INFO - [2024-09-22T14:22:51.940+0100] {dagbag.py:588} INFO - Filling up the DagBag from /Users/rtewelde/airflow_venv/lib/python3.11/site-packages/airflow/example_dags/example_workday_timetable.py
[2024-09-22T14:22:51.944+0100] {logging_mixin.py:190} INFO - [2024-09-22T14:22:51.944+0100] {workday.py:41} WARNING - Could not import pandas. Holidays will not be considered.
[2024-09-22T14:22:51.950+0100] {processor.py:925} INFO - DAG(s) 'example_workday_timetable' retrieved from /Users/rtewelde/airflow_venv/lib/python3.11/site-packages/airflow/example_dags/example_workday_timetable.py
[2024-09-22T14:22:52.043+0100] {logging_mixin.py:190} INFO - [2024-09-22T14:22:52.043+0100] {workday.py:41} WARNING - Could not import pandas. Holidays will not be considered.
[2024-09-22T14:22:52.127+0100] {logging_mixin.py:190} INFO - [2024-09-22T14:22:52.126+0100] {dag.py:3239} INFO - Sync 1 DAGs
[2024-09-22T14:22:52.145+0100] {logging_mixin.py:190} INFO - [2024-09-22T14:22:52.144+0100] {dag.py:4180} INFO - Setting next_dagrun for example_workday_timetable to 2021-01-01 00:00:00+00:00, run_after=2021-01-02 00:00:00+00:00
[2024-09-22T14:22:52.163+0100] {processor.py:208} INFO - Processing /Users/rtewelde/airflow_venv/lib/python3.11/site-packages/airflow/example_dags/example_workday_timetable.py took 0.227 seconds
[2024-09-22T14:25:17.820+0100] {processor.py:186} INFO - Started process (PID=73938) to work on /Users/rtewelde/airflow_venv/lib/python3.11/site-packages/airflow/example_dags/example_workday_timetable.py
[2024-09-22T14:25:17.821+0100] {processor.py:914} INFO - Processing file /Users/rtewelde/airflow_venv/lib/python3.11/site-packages/airflow/example_dags/example_workday_timetable.py for tasks to queue
[2024-09-22T14:25:17.822+0100] {logging_mixin.py:190} INFO - [2024-09-22T14:25:17.822+0100] {dagbag.py:588} INFO - Filling up the DagBag from /Users/rtewelde/airflow_venv/lib/python3.11/site-packages/airflow/example_dags/example_workday_timetable.py
[2024-09-22T14:25:17.824+0100] {logging_mixin.py:190} INFO - [2024-09-22T14:25:17.824+0100] {workday.py:41} WARNING - Could not import pandas. Holidays will not be considered.
[2024-09-22T14:25:17.830+0100] {processor.py:925} INFO - DAG(s) 'example_workday_timetable' retrieved from /Users/rtewelde/airflow_venv/lib/python3.11/site-packages/airflow/example_dags/example_workday_timetable.py
[2024-09-22T14:25:17.971+0100] {logging_mixin.py:190} INFO - [2024-09-22T14:25:17.971+0100] {workday.py:41} WARNING - Could not import pandas. Holidays will not be considered.
[2024-09-22T14:25:17.988+0100] {logging_mixin.py:190} INFO - [2024-09-22T14:25:17.988+0100] {dag.py:3239} INFO - Sync 1 DAGs
[2024-09-22T14:25:18.003+0100] {logging_mixin.py:190} INFO - [2024-09-22T14:25:18.003+0100] {dag.py:4180} INFO - Setting next_dagrun for example_workday_timetable to 2021-01-01 00:00:00+00:00, run_after=2021-01-02 00:00:00+00:00
[2024-09-22T14:25:18.021+0100] {processor.py:208} INFO - Processing /Users/rtewelde/airflow_venv/lib/python3.11/site-packages/airflow/example_dags/example_workday_timetable.py took 0.203 seconds
[2024-09-22T14:27:40.205+0100] {processor.py:186} INFO - Started process (PID=74649) to work on /Users/rtewelde/airflow_venv/lib/python3.11/site-packages/airflow/example_dags/example_workday_timetable.py
[2024-09-22T14:27:40.206+0100] {processor.py:914} INFO - Processing file /Users/rtewelde/airflow_venv/lib/python3.11/site-packages/airflow/example_dags/example_workday_timetable.py for tasks to queue
[2024-09-22T14:27:40.207+0100] {logging_mixin.py:190} INFO - [2024-09-22T14:27:40.207+0100] {dagbag.py:588} INFO - Filling up the DagBag from /Users/rtewelde/airflow_venv/lib/python3.11/site-packages/airflow/example_dags/example_workday_timetable.py
[2024-09-22T14:27:40.209+0100] {logging_mixin.py:190} INFO - [2024-09-22T14:27:40.209+0100] {workday.py:41} WARNING - Could not import pandas. Holidays will not be considered.
[2024-09-22T14:27:40.214+0100] {processor.py:925} INFO - DAG(s) 'example_workday_timetable' retrieved from /Users/rtewelde/airflow_venv/lib/python3.11/site-packages/airflow/example_dags/example_workday_timetable.py
[2024-09-22T14:27:40.369+0100] {logging_mixin.py:190} INFO - [2024-09-22T14:27:40.369+0100] {workday.py:41} WARNING - Could not import pandas. Holidays will not be considered.
[2024-09-22T14:27:40.387+0100] {logging_mixin.py:190} INFO - [2024-09-22T14:27:40.386+0100] {dag.py:3239} INFO - Sync 1 DAGs
[2024-09-22T14:27:40.403+0100] {logging_mixin.py:190} INFO - [2024-09-22T14:27:40.403+0100] {dag.py:4180} INFO - Setting next_dagrun for example_workday_timetable to 2021-01-01 00:00:00+00:00, run_after=2021-01-02 00:00:00+00:00
[2024-09-22T14:27:40.422+0100] {processor.py:208} INFO - Processing /Users/rtewelde/airflow_venv/lib/python3.11/site-packages/airflow/example_dags/example_workday_timetable.py took 0.219 seconds
[2024-09-22T14:30:00.186+0100] {processor.py:186} INFO - Started process (PID=75349) to work on /Users/rtewelde/airflow_venv/lib/python3.11/site-packages/airflow/example_dags/example_workday_timetable.py
[2024-09-22T14:30:00.187+0100] {processor.py:914} INFO - Processing file /Users/rtewelde/airflow_venv/lib/python3.11/site-packages/airflow/example_dags/example_workday_timetable.py for tasks to queue
[2024-09-22T14:30:00.188+0100] {logging_mixin.py:190} INFO - [2024-09-22T14:30:00.188+0100] {dagbag.py:588} INFO - Filling up the DagBag from /Users/rtewelde/airflow_venv/lib/python3.11/site-packages/airflow/example_dags/example_workday_timetable.py
[2024-09-22T14:30:00.190+0100] {logging_mixin.py:190} INFO - [2024-09-22T14:30:00.190+0100] {workday.py:41} WARNING - Could not import pandas. Holidays will not be considered.
[2024-09-22T14:30:00.195+0100] {processor.py:925} INFO - DAG(s) 'example_workday_timetable' retrieved from /Users/rtewelde/airflow_venv/lib/python3.11/site-packages/airflow/example_dags/example_workday_timetable.py
[2024-09-22T14:30:00.284+0100] {logging_mixin.py:190} INFO - [2024-09-22T14:30:00.284+0100] {workday.py:41} WARNING - Could not import pandas. Holidays will not be considered.
[2024-09-22T14:30:00.366+0100] {logging_mixin.py:190} INFO - [2024-09-22T14:30:00.366+0100] {dag.py:3239} INFO - Sync 1 DAGs
[2024-09-22T14:30:00.382+0100] {logging_mixin.py:190} INFO - [2024-09-22T14:30:00.381+0100] {dag.py:4180} INFO - Setting next_dagrun for example_workday_timetable to 2021-01-01 00:00:00+00:00, run_after=2021-01-02 00:00:00+00:00
[2024-09-22T14:30:00.399+0100] {processor.py:208} INFO - Processing /Users/rtewelde/airflow_venv/lib/python3.11/site-packages/airflow/example_dags/example_workday_timetable.py took 0.215 seconds
[2024-09-22T14:32:16.937+0100] {processor.py:186} INFO - Started process (PID=75989) to work on /Users/rtewelde/airflow_venv/lib/python3.11/site-packages/airflow/example_dags/example_workday_timetable.py
[2024-09-22T14:32:16.938+0100] {processor.py:914} INFO - Processing file /Users/rtewelde/airflow_venv/lib/python3.11/site-packages/airflow/example_dags/example_workday_timetable.py for tasks to queue
[2024-09-22T14:32:16.938+0100] {logging_mixin.py:190} INFO - [2024-09-22T14:32:16.938+0100] {dagbag.py:588} INFO - Filling up the DagBag from /Users/rtewelde/airflow_venv/lib/python3.11/site-packages/airflow/example_dags/example_workday_timetable.py
[2024-09-22T14:32:16.940+0100] {logging_mixin.py:190} INFO - [2024-09-22T14:32:16.940+0100] {workday.py:41} WARNING - Could not import pandas. Holidays will not be considered.
[2024-09-22T14:32:16.946+0100] {processor.py:925} INFO - DAG(s) 'example_workday_timetable' retrieved from /Users/rtewelde/airflow_venv/lib/python3.11/site-packages/airflow/example_dags/example_workday_timetable.py
[2024-09-22T14:32:17.090+0100] {logging_mixin.py:190} INFO - [2024-09-22T14:32:17.090+0100] {workday.py:41} WARNING - Could not import pandas. Holidays will not be considered.
[2024-09-22T14:32:17.108+0100] {logging_mixin.py:190} INFO - [2024-09-22T14:32:17.108+0100] {dag.py:3239} INFO - Sync 1 DAGs
[2024-09-22T14:32:17.123+0100] {logging_mixin.py:190} INFO - [2024-09-22T14:32:17.123+0100] {dag.py:4180} INFO - Setting next_dagrun for example_workday_timetable to 2021-01-01 00:00:00+00:00, run_after=2021-01-02 00:00:00+00:00
[2024-09-22T14:32:17.141+0100] {processor.py:208} INFO - Processing /Users/rtewelde/airflow_venv/lib/python3.11/site-packages/airflow/example_dags/example_workday_timetable.py took 0.206 seconds
[2024-09-22T14:34:57.063+0100] {processor.py:186} INFO - Started process (PID=76752) to work on /Users/rtewelde/airflow_venv/lib/python3.11/site-packages/airflow/example_dags/example_workday_timetable.py
[2024-09-22T14:34:57.065+0100] {processor.py:914} INFO - Processing file /Users/rtewelde/airflow_venv/lib/python3.11/site-packages/airflow/example_dags/example_workday_timetable.py for tasks to queue
[2024-09-22T14:34:57.066+0100] {logging_mixin.py:190} INFO - [2024-09-22T14:34:57.066+0100] {dagbag.py:588} INFO - Filling up the DagBag from /Users/rtewelde/airflow_venv/lib/python3.11/site-packages/airflow/example_dags/example_workday_timetable.py
[2024-09-22T14:34:57.070+0100] {logging_mixin.py:190} INFO - [2024-09-22T14:34:57.069+0100] {workday.py:41} WARNING - Could not import pandas. Holidays will not be considered.
[2024-09-22T14:34:57.076+0100] {processor.py:925} INFO - DAG(s) 'example_workday_timetable' retrieved from /Users/rtewelde/airflow_venv/lib/python3.11/site-packages/airflow/example_dags/example_workday_timetable.py
[2024-09-22T14:34:57.180+0100] {logging_mixin.py:190} INFO - [2024-09-22T14:34:57.179+0100] {workday.py:41} WARNING - Could not import pandas. Holidays will not be considered.
[2024-09-22T14:34:57.255+0100] {logging_mixin.py:190} INFO - [2024-09-22T14:34:57.255+0100] {dag.py:3239} INFO - Sync 1 DAGs
[2024-09-22T14:34:57.274+0100] {logging_mixin.py:190} INFO - [2024-09-22T14:34:57.273+0100] {dag.py:4180} INFO - Setting next_dagrun for example_workday_timetable to 2021-01-01 00:00:00+00:00, run_after=2021-01-02 00:00:00+00:00
[2024-09-22T14:34:57.290+0100] {processor.py:208} INFO - Processing /Users/rtewelde/airflow_venv/lib/python3.11/site-packages/airflow/example_dags/example_workday_timetable.py took 0.229 seconds
[2024-09-22T14:37:50.189+0100] {processor.py:186} INFO - Started process (PID=77567) to work on /Users/rtewelde/airflow_venv/lib/python3.11/site-packages/airflow/example_dags/example_workday_timetable.py
[2024-09-22T14:37:50.191+0100] {processor.py:914} INFO - Processing file /Users/rtewelde/airflow_venv/lib/python3.11/site-packages/airflow/example_dags/example_workday_timetable.py for tasks to queue
[2024-09-22T14:37:50.193+0100] {logging_mixin.py:190} INFO - [2024-09-22T14:37:50.192+0100] {dagbag.py:588} INFO - Filling up the DagBag from /Users/rtewelde/airflow_venv/lib/python3.11/site-packages/airflow/example_dags/example_workday_timetable.py
[2024-09-22T14:37:50.198+0100] {logging_mixin.py:190} INFO - [2024-09-22T14:37:50.198+0100] {workday.py:41} WARNING - Could not import pandas. Holidays will not be considered.
[2024-09-22T14:37:50.204+0100] {processor.py:925} INFO - DAG(s) 'example_workday_timetable' retrieved from /Users/rtewelde/airflow_venv/lib/python3.11/site-packages/airflow/example_dags/example_workday_timetable.py
[2024-09-22T14:37:50.397+0100] {logging_mixin.py:190} INFO - [2024-09-22T14:37:50.396+0100] {workday.py:41} WARNING - Could not import pandas. Holidays will not be considered.
[2024-09-22T14:37:50.422+0100] {logging_mixin.py:190} INFO - [2024-09-22T14:37:50.422+0100] {dag.py:3239} INFO - Sync 1 DAGs
[2024-09-22T14:37:50.445+0100] {logging_mixin.py:190} INFO - [2024-09-22T14:37:50.444+0100] {dag.py:4180} INFO - Setting next_dagrun for example_workday_timetable to 2021-01-01 00:00:00+00:00, run_after=2021-01-02 00:00:00+00:00
[2024-09-22T14:37:50.467+0100] {processor.py:208} INFO - Processing /Users/rtewelde/airflow_venv/lib/python3.11/site-packages/airflow/example_dags/example_workday_timetable.py took 0.281 seconds
[2024-09-22T14:40:25.415+0100] {processor.py:186} INFO - Started process (PID=78508) to work on /Users/rtewelde/airflow_venv/lib/python3.11/site-packages/airflow/example_dags/example_workday_timetable.py
[2024-09-22T14:40:25.416+0100] {processor.py:914} INFO - Processing file /Users/rtewelde/airflow_venv/lib/python3.11/site-packages/airflow/example_dags/example_workday_timetable.py for tasks to queue
[2024-09-22T14:40:25.417+0100] {logging_mixin.py:190} INFO - [2024-09-22T14:40:25.417+0100] {dagbag.py:588} INFO - Filling up the DagBag from /Users/rtewelde/airflow_venv/lib/python3.11/site-packages/airflow/example_dags/example_workday_timetable.py
[2024-09-22T14:40:25.420+0100] {logging_mixin.py:190} INFO - [2024-09-22T14:40:25.420+0100] {workday.py:41} WARNING - Could not import pandas. Holidays will not be considered.
[2024-09-22T14:40:25.428+0100] {processor.py:925} INFO - DAG(s) 'example_workday_timetable' retrieved from /Users/rtewelde/airflow_venv/lib/python3.11/site-packages/airflow/example_dags/example_workday_timetable.py
[2024-09-22T14:40:26.058+0100] {logging_mixin.py:190} INFO - [2024-09-22T14:40:26.057+0100] {workday.py:41} WARNING - Could not import pandas. Holidays will not be considered.
[2024-09-22T14:40:26.251+0100] {logging_mixin.py:190} INFO - [2024-09-22T14:40:26.250+0100] {dag.py:3239} INFO - Sync 1 DAGs
[2024-09-22T14:40:26.300+0100] {logging_mixin.py:190} INFO - [2024-09-22T14:40:26.299+0100] {dag.py:4180} INFO - Setting next_dagrun for example_workday_timetable to 2021-01-01 00:00:00+00:00, run_after=2021-01-02 00:00:00+00:00
[2024-09-22T14:40:26.440+0100] {processor.py:208} INFO - Processing /Users/rtewelde/airflow_venv/lib/python3.11/site-packages/airflow/example_dags/example_workday_timetable.py took 1.029 seconds
[2024-09-22T14:42:43.901+0100] {processor.py:186} INFO - Started process (PID=79266) to work on /Users/rtewelde/airflow_venv/lib/python3.11/site-packages/airflow/example_dags/example_workday_timetable.py
[2024-09-22T14:42:43.903+0100] {processor.py:914} INFO - Processing file /Users/rtewelde/airflow_venv/lib/python3.11/site-packages/airflow/example_dags/example_workday_timetable.py for tasks to queue
[2024-09-22T14:42:43.906+0100] {logging_mixin.py:190} INFO - [2024-09-22T14:42:43.906+0100] {dagbag.py:588} INFO - Filling up the DagBag from /Users/rtewelde/airflow_venv/lib/python3.11/site-packages/airflow/example_dags/example_workday_timetable.py
[2024-09-22T14:42:43.912+0100] {logging_mixin.py:190} INFO - [2024-09-22T14:42:43.912+0100] {workday.py:41} WARNING - Could not import pandas. Holidays will not be considered.
[2024-09-22T14:42:43.921+0100] {processor.py:925} INFO - DAG(s) 'example_workday_timetable' retrieved from /Users/rtewelde/airflow_venv/lib/python3.11/site-packages/airflow/example_dags/example_workday_timetable.py
[2024-09-22T14:42:44.102+0100] {logging_mixin.py:190} INFO - [2024-09-22T14:42:44.102+0100] {workday.py:41} WARNING - Could not import pandas. Holidays will not be considered.
[2024-09-22T14:42:44.123+0100] {logging_mixin.py:190} INFO - [2024-09-22T14:42:44.122+0100] {dag.py:3239} INFO - Sync 1 DAGs
[2024-09-22T14:42:44.139+0100] {logging_mixin.py:190} INFO - [2024-09-22T14:42:44.139+0100] {dag.py:4180} INFO - Setting next_dagrun for example_workday_timetable to 2021-01-01 00:00:00+00:00, run_after=2021-01-02 00:00:00+00:00
[2024-09-22T14:42:44.159+0100] {processor.py:208} INFO - Processing /Users/rtewelde/airflow_venv/lib/python3.11/site-packages/airflow/example_dags/example_workday_timetable.py took 0.264 seconds
[2024-09-22T14:43:47.849+0100] {processor.py:186} INFO - Started process (PID=79576) to work on /Users/rtewelde/airflow_venv/lib/python3.11/site-packages/airflow/example_dags/example_workday_timetable.py
[2024-09-22T14:43:47.849+0100] {processor.py:914} INFO - Processing file /Users/rtewelde/airflow_venv/lib/python3.11/site-packages/airflow/example_dags/example_workday_timetable.py for tasks to queue
[2024-09-22T14:43:47.850+0100] {logging_mixin.py:190} INFO - [2024-09-22T14:43:47.850+0100] {dagbag.py:588} INFO - Filling up the DagBag from /Users/rtewelde/airflow_venv/lib/python3.11/site-packages/airflow/example_dags/example_workday_timetable.py
[2024-09-22T14:43:47.853+0100] {logging_mixin.py:190} INFO - [2024-09-22T14:43:47.853+0100] {workday.py:41} WARNING - Could not import pandas. Holidays will not be considered.
[2024-09-22T14:43:47.859+0100] {processor.py:925} INFO - DAG(s) 'example_workday_timetable' retrieved from /Users/rtewelde/airflow_venv/lib/python3.11/site-packages/airflow/example_dags/example_workday_timetable.py
[2024-09-22T14:43:48.066+0100] {logging_mixin.py:190} INFO - [2024-09-22T14:43:48.066+0100] {workday.py:41} WARNING - Could not import pandas. Holidays will not be considered.
[2024-09-22T14:43:48.091+0100] {logging_mixin.py:190} INFO - [2024-09-22T14:43:48.090+0100] {dag.py:3239} INFO - Sync 1 DAGs
[2024-09-22T14:43:48.110+0100] {logging_mixin.py:190} INFO - [2024-09-22T14:43:48.110+0100] {dag.py:4180} INFO - Setting next_dagrun for example_workday_timetable to 2021-01-01 00:00:00+00:00, run_after=2021-01-02 00:00:00+00:00
[2024-09-22T14:43:48.138+0100] {processor.py:208} INFO - Processing /Users/rtewelde/airflow_venv/lib/python3.11/site-packages/airflow/example_dags/example_workday_timetable.py took 0.292 seconds
[2024-09-22T14:46:13.188+0100] {processor.py:186} INFO - Started process (PID=80284) to work on /Users/rtewelde/airflow_venv/lib/python3.11/site-packages/airflow/example_dags/example_workday_timetable.py
[2024-09-22T14:46:13.188+0100] {processor.py:914} INFO - Processing file /Users/rtewelde/airflow_venv/lib/python3.11/site-packages/airflow/example_dags/example_workday_timetable.py for tasks to queue
[2024-09-22T14:46:13.189+0100] {logging_mixin.py:190} INFO - [2024-09-22T14:46:13.189+0100] {dagbag.py:588} INFO - Filling up the DagBag from /Users/rtewelde/airflow_venv/lib/python3.11/site-packages/airflow/example_dags/example_workday_timetable.py
[2024-09-22T14:46:13.192+0100] {logging_mixin.py:190} INFO - [2024-09-22T14:46:13.192+0100] {workday.py:41} WARNING - Could not import pandas. Holidays will not be considered.
[2024-09-22T14:46:13.201+0100] {processor.py:925} INFO - DAG(s) 'example_workday_timetable' retrieved from /Users/rtewelde/airflow_venv/lib/python3.11/site-packages/airflow/example_dags/example_workday_timetable.py
[2024-09-22T14:46:13.375+0100] {logging_mixin.py:190} INFO - [2024-09-22T14:46:13.375+0100] {workday.py:41} WARNING - Could not import pandas. Holidays will not be considered.
[2024-09-22T14:46:13.398+0100] {logging_mixin.py:190} INFO - [2024-09-22T14:46:13.397+0100] {dag.py:3239} INFO - Sync 1 DAGs
[2024-09-22T14:46:13.417+0100] {logging_mixin.py:190} INFO - [2024-09-22T14:46:13.417+0100] {dag.py:4180} INFO - Setting next_dagrun for example_workday_timetable to 2021-01-01 00:00:00+00:00, run_after=2021-01-02 00:00:00+00:00
[2024-09-22T14:46:13.445+0100] {processor.py:208} INFO - Processing /Users/rtewelde/airflow_venv/lib/python3.11/site-packages/airflow/example_dags/example_workday_timetable.py took 0.260 seconds
[2024-09-22T14:46:52.846+0100] {processor.py:186} INFO - Started process (PID=80458) to work on /Users/rtewelde/airflow_venv/lib/python3.11/site-packages/airflow/example_dags/example_workday_timetable.py
[2024-09-22T14:46:52.848+0100] {processor.py:914} INFO - Processing file /Users/rtewelde/airflow_venv/lib/python3.11/site-packages/airflow/example_dags/example_workday_timetable.py for tasks to queue
[2024-09-22T14:46:52.849+0100] {logging_mixin.py:190} INFO - [2024-09-22T14:46:52.849+0100] {dagbag.py:588} INFO - Filling up the DagBag from /Users/rtewelde/airflow_venv/lib/python3.11/site-packages/airflow/example_dags/example_workday_timetable.py
[2024-09-22T14:46:52.854+0100] {logging_mixin.py:190} INFO - [2024-09-22T14:46:52.854+0100] {workday.py:41} WARNING - Could not import pandas. Holidays will not be considered.
[2024-09-22T14:46:52.868+0100] {processor.py:925} INFO - DAG(s) 'example_workday_timetable' retrieved from /Users/rtewelde/airflow_venv/lib/python3.11/site-packages/airflow/example_dags/example_workday_timetable.py
[2024-09-22T14:46:53.201+0100] {logging_mixin.py:190} INFO - [2024-09-22T14:46:53.201+0100] {workday.py:41} WARNING - Could not import pandas. Holidays will not be considered.
[2024-09-22T14:46:53.243+0100] {logging_mixin.py:190} INFO - [2024-09-22T14:46:53.242+0100] {dag.py:3239} INFO - Sync 1 DAGs
[2024-09-22T14:46:53.284+0100] {logging_mixin.py:190} INFO - [2024-09-22T14:46:53.284+0100] {dag.py:4180} INFO - Setting next_dagrun for example_workday_timetable to 2021-01-01 00:00:00+00:00, run_after=2021-01-02 00:00:00+00:00
[2024-09-22T14:46:53.318+0100] {processor.py:208} INFO - Processing /Users/rtewelde/airflow_venv/lib/python3.11/site-packages/airflow/example_dags/example_workday_timetable.py took 0.476 seconds
[2024-09-22T14:50:08.100+0100] {processor.py:186} INFO - Started process (PID=81464) to work on /Users/rtewelde/airflow_venv/lib/python3.11/site-packages/airflow/example_dags/example_workday_timetable.py
[2024-09-22T14:50:08.101+0100] {processor.py:914} INFO - Processing file /Users/rtewelde/airflow_venv/lib/python3.11/site-packages/airflow/example_dags/example_workday_timetable.py for tasks to queue
[2024-09-22T14:50:08.102+0100] {logging_mixin.py:190} INFO - [2024-09-22T14:50:08.102+0100] {dagbag.py:588} INFO - Filling up the DagBag from /Users/rtewelde/airflow_venv/lib/python3.11/site-packages/airflow/example_dags/example_workday_timetable.py
[2024-09-22T14:50:08.107+0100] {logging_mixin.py:190} INFO - [2024-09-22T14:50:08.106+0100] {workday.py:41} WARNING - Could not import pandas. Holidays will not be considered.
[2024-09-22T14:50:08.113+0100] {processor.py:925} INFO - DAG(s) 'example_workday_timetable' retrieved from /Users/rtewelde/airflow_venv/lib/python3.11/site-packages/airflow/example_dags/example_workday_timetable.py
[2024-09-22T14:50:08.316+0100] {logging_mixin.py:190} INFO - [2024-09-22T14:50:08.315+0100] {workday.py:41} WARNING - Could not import pandas. Holidays will not be considered.
[2024-09-22T14:50:08.345+0100] {logging_mixin.py:190} INFO - [2024-09-22T14:50:08.344+0100] {dag.py:3239} INFO - Sync 1 DAGs
[2024-09-22T14:50:08.371+0100] {logging_mixin.py:190} INFO - [2024-09-22T14:50:08.370+0100] {dag.py:4180} INFO - Setting next_dagrun for example_workday_timetable to 2021-01-01 00:00:00+00:00, run_after=2021-01-02 00:00:00+00:00
[2024-09-22T14:50:08.401+0100] {processor.py:208} INFO - Processing /Users/rtewelde/airflow_venv/lib/python3.11/site-packages/airflow/example_dags/example_workday_timetable.py took 0.304 seconds
[2024-09-22T14:50:53.906+0100] {processor.py:186} INFO - Started process (PID=81685) to work on /Users/rtewelde/airflow_venv/lib/python3.11/site-packages/airflow/example_dags/example_workday_timetable.py
[2024-09-22T14:50:53.908+0100] {processor.py:914} INFO - Processing file /Users/rtewelde/airflow_venv/lib/python3.11/site-packages/airflow/example_dags/example_workday_timetable.py for tasks to queue
[2024-09-22T14:50:53.909+0100] {logging_mixin.py:190} INFO - [2024-09-22T14:50:53.909+0100] {dagbag.py:588} INFO - Filling up the DagBag from /Users/rtewelde/airflow_venv/lib/python3.11/site-packages/airflow/example_dags/example_workday_timetable.py
[2024-09-22T14:50:53.912+0100] {logging_mixin.py:190} INFO - [2024-09-22T14:50:53.912+0100] {workday.py:41} WARNING - Could not import pandas. Holidays will not be considered.
[2024-09-22T14:50:53.919+0100] {processor.py:925} INFO - DAG(s) 'example_workday_timetable' retrieved from /Users/rtewelde/airflow_venv/lib/python3.11/site-packages/airflow/example_dags/example_workday_timetable.py
[2024-09-22T14:50:54.135+0100] {logging_mixin.py:190} INFO - [2024-09-22T14:50:54.135+0100] {workday.py:41} WARNING - Could not import pandas. Holidays will not be considered.
[2024-09-22T14:50:54.160+0100] {logging_mixin.py:190} INFO - [2024-09-22T14:50:54.159+0100] {dag.py:3239} INFO - Sync 1 DAGs
[2024-09-22T14:50:54.186+0100] {logging_mixin.py:190} INFO - [2024-09-22T14:50:54.186+0100] {dag.py:4180} INFO - Setting next_dagrun for example_workday_timetable to 2021-01-01 00:00:00+00:00, run_after=2021-01-02 00:00:00+00:00
[2024-09-22T14:50:54.210+0100] {processor.py:208} INFO - Processing /Users/rtewelde/airflow_venv/lib/python3.11/site-packages/airflow/example_dags/example_workday_timetable.py took 0.307 seconds
