[2024-09-22T13:35:06.346+0100] {processor.py:157} INFO - Started process (PID=56021) to work on /Users/rtewelde/airflow_venv/lib/python3.11/site-packages/airflow/example_dags/tutorial_dag.py
[2024-09-22T13:35:06.350+0100] {processor.py:829} INFO - Processing file /Users/rtewelde/airflow_venv/lib/python3.11/site-packages/airflow/example_dags/tutorial_dag.py for tasks to queue
[2024-09-22T13:35:06.351+0100] {logging_mixin.py:151} INFO - [2024-09-22T13:35:06.351+0100] {dagbag.py:539} INFO - Filling up the DagBag from /Users/rtewelde/airflow_venv/lib/python3.11/site-packages/airflow/example_dags/tutorial_dag.py
[2024-09-22T13:35:06.412+0100] {processor.py:839} INFO - DAG(s) dict_keys(['tutorial_dag']) retrieved from /Users/rtewelde/airflow_venv/lib/python3.11/site-packages/airflow/example_dags/tutorial_dag.py
[2024-09-22T13:35:06.571+0100] {logging_mixin.py:151} INFO - [2024-09-22T13:35:06.571+0100] {dag.py:2907} INFO - Sync 1 DAGs
[2024-09-22T13:35:06.579+0100] {logging_mixin.py:151} INFO - [2024-09-22T13:35:06.579+0100] {dag.py:3677} INFO - Setting next_dagrun for tutorial_dag to None, run_after=None
[2024-09-22T13:35:06.598+0100] {processor.py:179} INFO - Processing /Users/rtewelde/airflow_venv/lib/python3.11/site-packages/airflow/example_dags/tutorial_dag.py took 0.253 seconds
[2024-09-22T13:36:48.800+0100] {processor.py:157} INFO - Started process (PID=56666) to work on /Users/rtewelde/airflow_venv/lib/python3.11/site-packages/airflow/example_dags/tutorial_dag.py
[2024-09-22T13:36:48.805+0100] {processor.py:829} INFO - Processing file /Users/rtewelde/airflow_venv/lib/python3.11/site-packages/airflow/example_dags/tutorial_dag.py for tasks to queue
[2024-09-22T13:36:48.805+0100] {logging_mixin.py:151} INFO - [2024-09-22T13:36:48.805+0100] {dagbag.py:539} INFO - Filling up the DagBag from /Users/rtewelde/airflow_venv/lib/python3.11/site-packages/airflow/example_dags/tutorial_dag.py
[2024-09-22T13:36:48.870+0100] {processor.py:839} INFO - DAG(s) dict_keys(['tutorial_dag']) retrieved from /Users/rtewelde/airflow_venv/lib/python3.11/site-packages/airflow/example_dags/tutorial_dag.py
[2024-09-22T13:36:49.024+0100] {logging_mixin.py:151} INFO - [2024-09-22T13:36:49.024+0100] {dag.py:2907} INFO - Sync 1 DAGs
[2024-09-22T13:36:49.033+0100] {logging_mixin.py:151} INFO - [2024-09-22T13:36:49.033+0100] {dag.py:3677} INFO - Setting next_dagrun for tutorial_dag to None, run_after=None
[2024-09-22T13:36:49.050+0100] {processor.py:179} INFO - Processing /Users/rtewelde/airflow_venv/lib/python3.11/site-packages/airflow/example_dags/tutorial_dag.py took 0.251 seconds
[2024-09-22T13:37:59.002+0100] {processor.py:157} INFO - Started process (PID=57035) to work on /Users/rtewelde/airflow_venv/lib/python3.11/site-packages/airflow/example_dags/tutorial_dag.py
[2024-09-22T13:37:59.005+0100] {processor.py:829} INFO - Processing file /Users/rtewelde/airflow_venv/lib/python3.11/site-packages/airflow/example_dags/tutorial_dag.py for tasks to queue
[2024-09-22T13:37:59.006+0100] {logging_mixin.py:151} INFO - [2024-09-22T13:37:59.006+0100] {dagbag.py:539} INFO - Filling up the DagBag from /Users/rtewelde/airflow_venv/lib/python3.11/site-packages/airflow/example_dags/tutorial_dag.py
[2024-09-22T13:37:59.075+0100] {processor.py:839} INFO - DAG(s) dict_keys(['tutorial_dag']) retrieved from /Users/rtewelde/airflow_venv/lib/python3.11/site-packages/airflow/example_dags/tutorial_dag.py
[2024-09-22T13:37:59.275+0100] {logging_mixin.py:151} INFO - [2024-09-22T13:37:59.275+0100] {dag.py:2907} INFO - Sync 1 DAGs
[2024-09-22T13:37:59.285+0100] {logging_mixin.py:151} INFO - [2024-09-22T13:37:59.285+0100] {dag.py:3677} INFO - Setting next_dagrun for tutorial_dag to None, run_after=None
[2024-09-22T13:37:59.302+0100] {processor.py:179} INFO - Processing /Users/rtewelde/airflow_venv/lib/python3.11/site-packages/airflow/example_dags/tutorial_dag.py took 0.301 seconds
[2024-09-22T13:39:23.343+0100] {processor.py:157} INFO - Started process (PID=57835) to work on /Users/rtewelde/airflow_venv/lib/python3.11/site-packages/airflow/example_dags/tutorial_dag.py
[2024-09-22T13:39:23.347+0100] {processor.py:829} INFO - Processing file /Users/rtewelde/airflow_venv/lib/python3.11/site-packages/airflow/example_dags/tutorial_dag.py for tasks to queue
[2024-09-22T13:39:23.347+0100] {logging_mixin.py:151} INFO - [2024-09-22T13:39:23.347+0100] {dagbag.py:539} INFO - Filling up the DagBag from /Users/rtewelde/airflow_venv/lib/python3.11/site-packages/airflow/example_dags/tutorial_dag.py
[2024-09-22T13:39:23.410+0100] {processor.py:839} INFO - DAG(s) dict_keys(['tutorial_dag']) retrieved from /Users/rtewelde/airflow_venv/lib/python3.11/site-packages/airflow/example_dags/tutorial_dag.py
[2024-09-22T13:39:23.585+0100] {logging_mixin.py:151} INFO - [2024-09-22T13:39:23.585+0100] {dag.py:2907} INFO - Sync 1 DAGs
[2024-09-22T13:39:23.593+0100] {logging_mixin.py:151} INFO - [2024-09-22T13:39:23.593+0100] {dag.py:3677} INFO - Setting next_dagrun for tutorial_dag to None, run_after=None
[2024-09-22T13:39:23.613+0100] {processor.py:179} INFO - Processing /Users/rtewelde/airflow_venv/lib/python3.11/site-packages/airflow/example_dags/tutorial_dag.py took 0.271 seconds
[2024-09-22T13:40:57.732+0100] {processor.py:157} INFO - Started process (PID=58330) to work on /Users/rtewelde/airflow_venv/lib/python3.11/site-packages/airflow/example_dags/tutorial_dag.py
[2024-09-22T13:40:57.736+0100] {processor.py:829} INFO - Processing file /Users/rtewelde/airflow_venv/lib/python3.11/site-packages/airflow/example_dags/tutorial_dag.py for tasks to queue
[2024-09-22T13:40:57.737+0100] {logging_mixin.py:151} INFO - [2024-09-22T13:40:57.736+0100] {dagbag.py:539} INFO - Filling up the DagBag from /Users/rtewelde/airflow_venv/lib/python3.11/site-packages/airflow/example_dags/tutorial_dag.py
[2024-09-22T13:40:57.798+0100] {processor.py:839} INFO - DAG(s) dict_keys(['tutorial_dag']) retrieved from /Users/rtewelde/airflow_venv/lib/python3.11/site-packages/airflow/example_dags/tutorial_dag.py
[2024-09-22T13:40:57.951+0100] {logging_mixin.py:151} INFO - [2024-09-22T13:40:57.951+0100] {dag.py:2907} INFO - Sync 1 DAGs
[2024-09-22T13:40:57.959+0100] {logging_mixin.py:151} INFO - [2024-09-22T13:40:57.959+0100] {dag.py:3677} INFO - Setting next_dagrun for tutorial_dag to None, run_after=None
[2024-09-22T13:40:57.976+0100] {processor.py:179} INFO - Processing /Users/rtewelde/airflow_venv/lib/python3.11/site-packages/airflow/example_dags/tutorial_dag.py took 0.245 seconds
[2024-09-22T13:42:14.176+0100] {processor.py:157} INFO - Started process (PID=58834) to work on /Users/rtewelde/airflow_venv/lib/python3.11/site-packages/airflow/example_dags/tutorial_dag.py
[2024-09-22T13:42:14.179+0100] {processor.py:829} INFO - Processing file /Users/rtewelde/airflow_venv/lib/python3.11/site-packages/airflow/example_dags/tutorial_dag.py for tasks to queue
[2024-09-22T13:42:14.180+0100] {logging_mixin.py:151} INFO - [2024-09-22T13:42:14.180+0100] {dagbag.py:539} INFO - Filling up the DagBag from /Users/rtewelde/airflow_venv/lib/python3.11/site-packages/airflow/example_dags/tutorial_dag.py
[2024-09-22T13:42:14.242+0100] {processor.py:839} INFO - DAG(s) dict_keys(['tutorial_dag']) retrieved from /Users/rtewelde/airflow_venv/lib/python3.11/site-packages/airflow/example_dags/tutorial_dag.py
[2024-09-22T13:42:14.396+0100] {logging_mixin.py:151} INFO - [2024-09-22T13:42:14.395+0100] {dag.py:2907} INFO - Sync 1 DAGs
[2024-09-22T13:42:14.404+0100] {logging_mixin.py:151} INFO - [2024-09-22T13:42:14.404+0100] {dag.py:3677} INFO - Setting next_dagrun for tutorial_dag to None, run_after=None
[2024-09-22T13:42:14.420+0100] {processor.py:179} INFO - Processing /Users/rtewelde/airflow_venv/lib/python3.11/site-packages/airflow/example_dags/tutorial_dag.py took 0.245 seconds
[2024-09-22T13:56:17.792+0100] {processor.py:161} INFO - Started process (PID=64476) to work on /Users/rtewelde/airflow_venv/lib/python3.11/site-packages/airflow/example_dags/tutorial_dag.py
[2024-09-22T13:56:17.794+0100] {processor.py:830} INFO - Processing file /Users/rtewelde/airflow_venv/lib/python3.11/site-packages/airflow/example_dags/tutorial_dag.py for tasks to queue
[2024-09-22T13:56:17.795+0100] {logging_mixin.py:188} INFO - [2024-09-22T13:56:17.795+0100] {dagbag.py:540} INFO - Filling up the DagBag from /Users/rtewelde/airflow_venv/lib/python3.11/site-packages/airflow/example_dags/tutorial_dag.py
[2024-09-22T13:56:17.823+0100] {processor.py:840} INFO - DAG(s) 'tutorial_dag' retrieved from /Users/rtewelde/airflow_venv/lib/python3.11/site-packages/airflow/example_dags/tutorial_dag.py
[2024-09-22T13:56:18.152+0100] {logging_mixin.py:188} INFO - [2024-09-22T13:56:18.151+0100] {dag.py:3047} INFO - Sync 1 DAGs
[2024-09-22T13:56:18.161+0100] {logging_mixin.py:188} INFO - [2024-09-22T13:56:18.161+0100] {dag.py:3834} INFO - Setting next_dagrun for tutorial_dag to None, run_after=None
[2024-09-22T13:56:18.180+0100] {processor.py:183} INFO - Processing /Users/rtewelde/airflow_venv/lib/python3.11/site-packages/airflow/example_dags/tutorial_dag.py took 0.388 seconds
[2024-09-22T14:19:40.975+0100] {processor.py:186} INFO - Started process (PID=72034) to work on /Users/rtewelde/airflow_venv/lib/python3.11/site-packages/airflow/example_dags/tutorial_dag.py
[2024-09-22T14:19:40.976+0100] {processor.py:914} INFO - Processing file /Users/rtewelde/airflow_venv/lib/python3.11/site-packages/airflow/example_dags/tutorial_dag.py for tasks to queue
[2024-09-22T14:19:40.977+0100] {logging_mixin.py:190} INFO - [2024-09-22T14:19:40.976+0100] {dagbag.py:588} INFO - Filling up the DagBag from /Users/rtewelde/airflow_venv/lib/python3.11/site-packages/airflow/example_dags/tutorial_dag.py
[2024-09-22T14:19:41.002+0100] {processor.py:925} INFO - DAG(s) 'tutorial_dag' retrieved from /Users/rtewelde/airflow_venv/lib/python3.11/site-packages/airflow/example_dags/tutorial_dag.py
[2024-09-22T14:19:41.249+0100] {logging_mixin.py:190} INFO - [2024-09-22T14:19:41.249+0100] {dag.py:3239} INFO - Sync 1 DAGs
[2024-09-22T14:19:41.259+0100] {logging_mixin.py:190} INFO - [2024-09-22T14:19:41.259+0100] {dag.py:4180} INFO - Setting next_dagrun for tutorial_dag to None, run_after=None
[2024-09-22T14:19:41.278+0100] {processor.py:208} INFO - Processing /Users/rtewelde/airflow_venv/lib/python3.11/site-packages/airflow/example_dags/tutorial_dag.py took 0.306 seconds
[2024-09-22T14:22:40.164+0100] {processor.py:186} INFO - Started process (PID=73161) to work on /Users/rtewelde/airflow_venv/lib/python3.11/site-packages/airflow/example_dags/tutorial_dag.py
[2024-09-22T14:22:40.165+0100] {processor.py:914} INFO - Processing file /Users/rtewelde/airflow_venv/lib/python3.11/site-packages/airflow/example_dags/tutorial_dag.py for tasks to queue
[2024-09-22T14:22:40.166+0100] {logging_mixin.py:190} INFO - [2024-09-22T14:22:40.166+0100] {dagbag.py:588} INFO - Filling up the DagBag from /Users/rtewelde/airflow_venv/lib/python3.11/site-packages/airflow/example_dags/tutorial_dag.py
[2024-09-22T14:22:40.191+0100] {processor.py:925} INFO - DAG(s) 'tutorial_dag' retrieved from /Users/rtewelde/airflow_venv/lib/python3.11/site-packages/airflow/example_dags/tutorial_dag.py
[2024-09-22T14:22:40.361+0100] {logging_mixin.py:190} INFO - [2024-09-22T14:22:40.361+0100] {dag.py:3239} INFO - Sync 1 DAGs
[2024-09-22T14:22:40.372+0100] {logging_mixin.py:190} INFO - [2024-09-22T14:22:40.372+0100] {dag.py:4180} INFO - Setting next_dagrun for tutorial_dag to None, run_after=None
[2024-09-22T14:22:40.392+0100] {processor.py:208} INFO - Processing /Users/rtewelde/airflow_venv/lib/python3.11/site-packages/airflow/example_dags/tutorial_dag.py took 0.230 seconds
[2024-09-22T14:25:05.746+0100] {processor.py:186} INFO - Started process (PID=73886) to work on /Users/rtewelde/airflow_venv/lib/python3.11/site-packages/airflow/example_dags/tutorial_dag.py
[2024-09-22T14:25:05.747+0100] {processor.py:914} INFO - Processing file /Users/rtewelde/airflow_venv/lib/python3.11/site-packages/airflow/example_dags/tutorial_dag.py for tasks to queue
[2024-09-22T14:25:05.748+0100] {logging_mixin.py:190} INFO - [2024-09-22T14:25:05.748+0100] {dagbag.py:588} INFO - Filling up the DagBag from /Users/rtewelde/airflow_venv/lib/python3.11/site-packages/airflow/example_dags/tutorial_dag.py
[2024-09-22T14:25:05.770+0100] {processor.py:925} INFO - DAG(s) 'tutorial_dag' retrieved from /Users/rtewelde/airflow_venv/lib/python3.11/site-packages/airflow/example_dags/tutorial_dag.py
[2024-09-22T14:25:05.937+0100] {logging_mixin.py:190} INFO - [2024-09-22T14:25:05.936+0100] {dag.py:3239} INFO - Sync 1 DAGs
[2024-09-22T14:25:05.947+0100] {logging_mixin.py:190} INFO - [2024-09-22T14:25:05.947+0100] {dag.py:4180} INFO - Setting next_dagrun for tutorial_dag to None, run_after=None
[2024-09-22T14:25:05.967+0100] {processor.py:208} INFO - Processing /Users/rtewelde/airflow_venv/lib/python3.11/site-packages/airflow/example_dags/tutorial_dag.py took 0.224 seconds
[2024-09-22T14:27:28.274+0100] {processor.py:186} INFO - Started process (PID=74586) to work on /Users/rtewelde/airflow_venv/lib/python3.11/site-packages/airflow/example_dags/tutorial_dag.py
[2024-09-22T14:27:28.275+0100] {processor.py:914} INFO - Processing file /Users/rtewelde/airflow_venv/lib/python3.11/site-packages/airflow/example_dags/tutorial_dag.py for tasks to queue
[2024-09-22T14:27:28.275+0100] {logging_mixin.py:190} INFO - [2024-09-22T14:27:28.275+0100] {dagbag.py:588} INFO - Filling up the DagBag from /Users/rtewelde/airflow_venv/lib/python3.11/site-packages/airflow/example_dags/tutorial_dag.py
[2024-09-22T14:27:28.300+0100] {processor.py:925} INFO - DAG(s) 'tutorial_dag' retrieved from /Users/rtewelde/airflow_venv/lib/python3.11/site-packages/airflow/example_dags/tutorial_dag.py
[2024-09-22T14:27:28.455+0100] {logging_mixin.py:190} INFO - [2024-09-22T14:27:28.455+0100] {dag.py:3239} INFO - Sync 1 DAGs
[2024-09-22T14:27:28.465+0100] {logging_mixin.py:190} INFO - [2024-09-22T14:27:28.464+0100] {dag.py:4180} INFO - Setting next_dagrun for tutorial_dag to None, run_after=None
[2024-09-22T14:27:28.483+0100] {processor.py:208} INFO - Processing /Users/rtewelde/airflow_venv/lib/python3.11/site-packages/airflow/example_dags/tutorial_dag.py took 0.211 seconds
[2024-09-22T14:29:49.110+0100] {processor.py:186} INFO - Started process (PID=75301) to work on /Users/rtewelde/airflow_venv/lib/python3.11/site-packages/airflow/example_dags/tutorial_dag.py
[2024-09-22T14:29:49.111+0100] {processor.py:914} INFO - Processing file /Users/rtewelde/airflow_venv/lib/python3.11/site-packages/airflow/example_dags/tutorial_dag.py for tasks to queue
[2024-09-22T14:29:49.112+0100] {logging_mixin.py:190} INFO - [2024-09-22T14:29:49.112+0100] {dagbag.py:588} INFO - Filling up the DagBag from /Users/rtewelde/airflow_venv/lib/python3.11/site-packages/airflow/example_dags/tutorial_dag.py
[2024-09-22T14:29:49.132+0100] {processor.py:925} INFO - DAG(s) 'tutorial_dag' retrieved from /Users/rtewelde/airflow_venv/lib/python3.11/site-packages/airflow/example_dags/tutorial_dag.py
[2024-09-22T14:29:49.288+0100] {logging_mixin.py:190} INFO - [2024-09-22T14:29:49.287+0100] {dag.py:3239} INFO - Sync 1 DAGs
[2024-09-22T14:29:49.297+0100] {logging_mixin.py:190} INFO - [2024-09-22T14:29:49.297+0100] {dag.py:4180} INFO - Setting next_dagrun for tutorial_dag to None, run_after=None
[2024-09-22T14:29:49.315+0100] {processor.py:208} INFO - Processing /Users/rtewelde/airflow_venv/lib/python3.11/site-packages/airflow/example_dags/tutorial_dag.py took 0.208 seconds
[2024-09-22T14:32:05.802+0100] {processor.py:186} INFO - Started process (PID=75933) to work on /Users/rtewelde/airflow_venv/lib/python3.11/site-packages/airflow/example_dags/tutorial_dag.py
[2024-09-22T14:32:05.803+0100] {processor.py:914} INFO - Processing file /Users/rtewelde/airflow_venv/lib/python3.11/site-packages/airflow/example_dags/tutorial_dag.py for tasks to queue
[2024-09-22T14:32:05.803+0100] {logging_mixin.py:190} INFO - [2024-09-22T14:32:05.803+0100] {dagbag.py:588} INFO - Filling up the DagBag from /Users/rtewelde/airflow_venv/lib/python3.11/site-packages/airflow/example_dags/tutorial_dag.py
[2024-09-22T14:32:05.824+0100] {processor.py:925} INFO - DAG(s) 'tutorial_dag' retrieved from /Users/rtewelde/airflow_venv/lib/python3.11/site-packages/airflow/example_dags/tutorial_dag.py
[2024-09-22T14:32:05.974+0100] {logging_mixin.py:190} INFO - [2024-09-22T14:32:05.974+0100] {dag.py:3239} INFO - Sync 1 DAGs
[2024-09-22T14:32:05.984+0100] {logging_mixin.py:190} INFO - [2024-09-22T14:32:05.984+0100] {dag.py:4180} INFO - Setting next_dagrun for tutorial_dag to None, run_after=None
[2024-09-22T14:32:06.004+0100] {processor.py:208} INFO - Processing /Users/rtewelde/airflow_venv/lib/python3.11/site-packages/airflow/example_dags/tutorial_dag.py took 0.204 seconds
[2024-09-22T14:34:44.510+0100] {processor.py:186} INFO - Started process (PID=76695) to work on /Users/rtewelde/airflow_venv/lib/python3.11/site-packages/airflow/example_dags/tutorial_dag.py
[2024-09-22T14:34:44.512+0100] {processor.py:914} INFO - Processing file /Users/rtewelde/airflow_venv/lib/python3.11/site-packages/airflow/example_dags/tutorial_dag.py for tasks to queue
[2024-09-22T14:34:44.513+0100] {logging_mixin.py:190} INFO - [2024-09-22T14:34:44.513+0100] {dagbag.py:588} INFO - Filling up the DagBag from /Users/rtewelde/airflow_venv/lib/python3.11/site-packages/airflow/example_dags/tutorial_dag.py
[2024-09-22T14:34:44.537+0100] {processor.py:925} INFO - DAG(s) 'tutorial_dag' retrieved from /Users/rtewelde/airflow_venv/lib/python3.11/site-packages/airflow/example_dags/tutorial_dag.py
[2024-09-22T14:34:44.698+0100] {logging_mixin.py:190} INFO - [2024-09-22T14:34:44.697+0100] {dag.py:3239} INFO - Sync 1 DAGs
[2024-09-22T14:34:44.708+0100] {logging_mixin.py:190} INFO - [2024-09-22T14:34:44.708+0100] {dag.py:4180} INFO - Setting next_dagrun for tutorial_dag to None, run_after=None
[2024-09-22T14:34:44.728+0100] {processor.py:208} INFO - Processing /Users/rtewelde/airflow_venv/lib/python3.11/site-packages/airflow/example_dags/tutorial_dag.py took 0.221 seconds
[2024-09-22T14:37:37.899+0100] {processor.py:186} INFO - Started process (PID=77500) to work on /Users/rtewelde/airflow_venv/lib/python3.11/site-packages/airflow/example_dags/tutorial_dag.py
[2024-09-22T14:37:37.901+0100] {processor.py:914} INFO - Processing file /Users/rtewelde/airflow_venv/lib/python3.11/site-packages/airflow/example_dags/tutorial_dag.py for tasks to queue
[2024-09-22T14:37:37.902+0100] {logging_mixin.py:190} INFO - [2024-09-22T14:37:37.901+0100] {dagbag.py:588} INFO - Filling up the DagBag from /Users/rtewelde/airflow_venv/lib/python3.11/site-packages/airflow/example_dags/tutorial_dag.py
[2024-09-22T14:37:37.925+0100] {processor.py:925} INFO - DAG(s) 'tutorial_dag' retrieved from /Users/rtewelde/airflow_venv/lib/python3.11/site-packages/airflow/example_dags/tutorial_dag.py
[2024-09-22T14:37:38.086+0100] {logging_mixin.py:190} INFO - [2024-09-22T14:37:38.085+0100] {dag.py:3239} INFO - Sync 1 DAGs
[2024-09-22T14:37:38.097+0100] {logging_mixin.py:190} INFO - [2024-09-22T14:37:38.097+0100] {dag.py:4180} INFO - Setting next_dagrun for tutorial_dag to None, run_after=None
[2024-09-22T14:37:38.117+0100] {processor.py:208} INFO - Processing /Users/rtewelde/airflow_venv/lib/python3.11/site-packages/airflow/example_dags/tutorial_dag.py took 0.221 seconds
[2024-09-22T14:39:58.627+0100] {processor.py:186} INFO - Started process (PID=78381) to work on /Users/rtewelde/airflow_venv/lib/python3.11/site-packages/airflow/example_dags/tutorial_dag.py
[2024-09-22T14:39:58.629+0100] {processor.py:914} INFO - Processing file /Users/rtewelde/airflow_venv/lib/python3.11/site-packages/airflow/example_dags/tutorial_dag.py for tasks to queue
[2024-09-22T14:39:58.631+0100] {logging_mixin.py:190} INFO - [2024-09-22T14:39:58.630+0100] {dagbag.py:588} INFO - Filling up the DagBag from /Users/rtewelde/airflow_venv/lib/python3.11/site-packages/airflow/example_dags/tutorial_dag.py
[2024-09-22T14:39:58.674+0100] {processor.py:925} INFO - DAG(s) 'tutorial_dag' retrieved from /Users/rtewelde/airflow_venv/lib/python3.11/site-packages/airflow/example_dags/tutorial_dag.py
[2024-09-22T14:39:58.971+0100] {logging_mixin.py:190} INFO - [2024-09-22T14:39:58.971+0100] {dag.py:3239} INFO - Sync 1 DAGs
[2024-09-22T14:39:58.995+0100] {logging_mixin.py:190} INFO - [2024-09-22T14:39:58.994+0100] {dag.py:4180} INFO - Setting next_dagrun for tutorial_dag to None, run_after=None
[2024-09-22T14:39:59.018+0100] {processor.py:208} INFO - Processing /Users/rtewelde/airflow_venv/lib/python3.11/site-packages/airflow/example_dags/tutorial_dag.py took 0.394 seconds
[2024-09-22T14:42:31.375+0100] {processor.py:186} INFO - Started process (PID=79204) to work on /Users/rtewelde/airflow_venv/lib/python3.11/site-packages/airflow/example_dags/tutorial_dag.py
[2024-09-22T14:42:31.377+0100] {processor.py:914} INFO - Processing file /Users/rtewelde/airflow_venv/lib/python3.11/site-packages/airflow/example_dags/tutorial_dag.py for tasks to queue
[2024-09-22T14:42:31.378+0100] {logging_mixin.py:190} INFO - [2024-09-22T14:42:31.378+0100] {dagbag.py:588} INFO - Filling up the DagBag from /Users/rtewelde/airflow_venv/lib/python3.11/site-packages/airflow/example_dags/tutorial_dag.py
[2024-09-22T14:42:31.408+0100] {processor.py:925} INFO - DAG(s) 'tutorial_dag' retrieved from /Users/rtewelde/airflow_venv/lib/python3.11/site-packages/airflow/example_dags/tutorial_dag.py
[2024-09-22T14:42:31.596+0100] {logging_mixin.py:190} INFO - [2024-09-22T14:42:31.596+0100] {dag.py:3239} INFO - Sync 1 DAGs
[2024-09-22T14:42:31.609+0100] {logging_mixin.py:190} INFO - [2024-09-22T14:42:31.609+0100] {dag.py:4180} INFO - Setting next_dagrun for tutorial_dag to None, run_after=None
[2024-09-22T14:42:31.635+0100] {processor.py:208} INFO - Processing /Users/rtewelde/airflow_venv/lib/python3.11/site-packages/airflow/example_dags/tutorial_dag.py took 0.264 seconds
[2024-09-22T14:43:33.448+0100] {processor.py:186} INFO - Started process (PID=79505) to work on /Users/rtewelde/airflow_venv/lib/python3.11/site-packages/airflow/example_dags/tutorial_dag.py
[2024-09-22T14:43:33.449+0100] {processor.py:914} INFO - Processing file /Users/rtewelde/airflow_venv/lib/python3.11/site-packages/airflow/example_dags/tutorial_dag.py for tasks to queue
[2024-09-22T14:43:33.450+0100] {logging_mixin.py:190} INFO - [2024-09-22T14:43:33.450+0100] {dagbag.py:588} INFO - Filling up the DagBag from /Users/rtewelde/airflow_venv/lib/python3.11/site-packages/airflow/example_dags/tutorial_dag.py
[2024-09-22T14:43:33.485+0100] {processor.py:925} INFO - DAG(s) 'tutorial_dag' retrieved from /Users/rtewelde/airflow_venv/lib/python3.11/site-packages/airflow/example_dags/tutorial_dag.py
[2024-09-22T14:43:33.657+0100] {logging_mixin.py:190} INFO - [2024-09-22T14:43:33.657+0100] {dag.py:3239} INFO - Sync 1 DAGs
[2024-09-22T14:43:33.670+0100] {logging_mixin.py:190} INFO - [2024-09-22T14:43:33.669+0100] {dag.py:4180} INFO - Setting next_dagrun for tutorial_dag to None, run_after=None
[2024-09-22T14:43:33.693+0100] {processor.py:208} INFO - Processing /Users/rtewelde/airflow_venv/lib/python3.11/site-packages/airflow/example_dags/tutorial_dag.py took 0.247 seconds
[2024-09-22T14:45:58.510+0100] {processor.py:186} INFO - Started process (PID=80209) to work on /Users/rtewelde/airflow_venv/lib/python3.11/site-packages/airflow/example_dags/tutorial_dag.py
[2024-09-22T14:45:58.511+0100] {processor.py:914} INFO - Processing file /Users/rtewelde/airflow_venv/lib/python3.11/site-packages/airflow/example_dags/tutorial_dag.py for tasks to queue
[2024-09-22T14:45:58.512+0100] {logging_mixin.py:190} INFO - [2024-09-22T14:45:58.512+0100] {dagbag.py:588} INFO - Filling up the DagBag from /Users/rtewelde/airflow_venv/lib/python3.11/site-packages/airflow/example_dags/tutorial_dag.py
[2024-09-22T14:45:58.540+0100] {processor.py:925} INFO - DAG(s) 'tutorial_dag' retrieved from /Users/rtewelde/airflow_venv/lib/python3.11/site-packages/airflow/example_dags/tutorial_dag.py
[2024-09-22T14:45:58.738+0100] {logging_mixin.py:190} INFO - [2024-09-22T14:45:58.737+0100] {dag.py:3239} INFO - Sync 1 DAGs
[2024-09-22T14:45:58.751+0100] {logging_mixin.py:190} INFO - [2024-09-22T14:45:58.751+0100] {dag.py:4180} INFO - Setting next_dagrun for tutorial_dag to None, run_after=None
[2024-09-22T14:45:58.771+0100] {processor.py:208} INFO - Processing /Users/rtewelde/airflow_venv/lib/python3.11/site-packages/airflow/example_dags/tutorial_dag.py took 0.264 seconds
[2024-09-22T14:46:28.538+0100] {processor.py:186} INFO - Started process (PID=80360) to work on /Users/rtewelde/airflow_venv/lib/python3.11/site-packages/airflow/example_dags/tutorial_dag.py
[2024-09-22T14:46:28.541+0100] {processor.py:914} INFO - Processing file /Users/rtewelde/airflow_venv/lib/python3.11/site-packages/airflow/example_dags/tutorial_dag.py for tasks to queue
[2024-09-22T14:46:28.543+0100] {logging_mixin.py:190} INFO - [2024-09-22T14:46:28.543+0100] {dagbag.py:588} INFO - Filling up the DagBag from /Users/rtewelde/airflow_venv/lib/python3.11/site-packages/airflow/example_dags/tutorial_dag.py
[2024-09-22T14:46:28.593+0100] {processor.py:925} INFO - DAG(s) 'tutorial_dag' retrieved from /Users/rtewelde/airflow_venv/lib/python3.11/site-packages/airflow/example_dags/tutorial_dag.py
[2024-09-22T14:46:28.864+0100] {logging_mixin.py:190} INFO - [2024-09-22T14:46:28.864+0100] {dag.py:3239} INFO - Sync 1 DAGs
[2024-09-22T14:46:28.918+0100] {logging_mixin.py:190} INFO - [2024-09-22T14:46:28.916+0100] {dag.py:4180} INFO - Setting next_dagrun for tutorial_dag to None, run_after=None
[2024-09-22T14:46:28.985+0100] {processor.py:208} INFO - Processing /Users/rtewelde/airflow_venv/lib/python3.11/site-packages/airflow/example_dags/tutorial_dag.py took 0.453 seconds
[2024-09-22T14:49:54.100+0100] {processor.py:186} INFO - Started process (PID=81392) to work on /Users/rtewelde/airflow_venv/lib/python3.11/site-packages/airflow/example_dags/tutorial_dag.py
[2024-09-22T14:49:54.101+0100] {processor.py:914} INFO - Processing file /Users/rtewelde/airflow_venv/lib/python3.11/site-packages/airflow/example_dags/tutorial_dag.py for tasks to queue
[2024-09-22T14:49:54.102+0100] {logging_mixin.py:190} INFO - [2024-09-22T14:49:54.102+0100] {dagbag.py:588} INFO - Filling up the DagBag from /Users/rtewelde/airflow_venv/lib/python3.11/site-packages/airflow/example_dags/tutorial_dag.py
[2024-09-22T14:49:54.128+0100] {processor.py:925} INFO - DAG(s) 'tutorial_dag' retrieved from /Users/rtewelde/airflow_venv/lib/python3.11/site-packages/airflow/example_dags/tutorial_dag.py
[2024-09-22T14:49:54.324+0100] {logging_mixin.py:190} INFO - [2024-09-22T14:49:54.323+0100] {dag.py:3239} INFO - Sync 1 DAGs
[2024-09-22T14:49:54.335+0100] {logging_mixin.py:190} INFO - [2024-09-22T14:49:54.335+0100] {dag.py:4180} INFO - Setting next_dagrun for tutorial_dag to None, run_after=None
[2024-09-22T14:49:54.357+0100] {processor.py:208} INFO - Processing /Users/rtewelde/airflow_venv/lib/python3.11/site-packages/airflow/example_dags/tutorial_dag.py took 0.261 seconds
[2024-09-22T14:50:36.722+0100] {processor.py:186} INFO - Started process (PID=81610) to work on /Users/rtewelde/airflow_venv/lib/python3.11/site-packages/airflow/example_dags/tutorial_dag.py
[2024-09-22T14:50:36.724+0100] {processor.py:914} INFO - Processing file /Users/rtewelde/airflow_venv/lib/python3.11/site-packages/airflow/example_dags/tutorial_dag.py for tasks to queue
[2024-09-22T14:50:36.726+0100] {logging_mixin.py:190} INFO - [2024-09-22T14:50:36.726+0100] {dagbag.py:588} INFO - Filling up the DagBag from /Users/rtewelde/airflow_venv/lib/python3.11/site-packages/airflow/example_dags/tutorial_dag.py
[2024-09-22T14:50:36.767+0100] {processor.py:925} INFO - DAG(s) 'tutorial_dag' retrieved from /Users/rtewelde/airflow_venv/lib/python3.11/site-packages/airflow/example_dags/tutorial_dag.py
[2024-09-22T14:50:37.049+0100] {logging_mixin.py:190} INFO - [2024-09-22T14:50:37.048+0100] {dag.py:3239} INFO - Sync 1 DAGs
[2024-09-22T14:50:37.061+0100] {logging_mixin.py:190} INFO - [2024-09-22T14:50:37.061+0100] {dag.py:4180} INFO - Setting next_dagrun for tutorial_dag to None, run_after=None
[2024-09-22T14:50:37.087+0100] {processor.py:208} INFO - Processing /Users/rtewelde/airflow_venv/lib/python3.11/site-packages/airflow/example_dags/tutorial_dag.py took 0.368 seconds
