[2024-09-26T01:07:00.161+0100] {processor.py:186} INFO - Started process (PID=29534) to work on /Users/rtewelde/airflow_venv/lib/python3.11/site-packages/airflow/example_dags/example_complex.py
[2024-09-26T01:07:00.164+0100] {processor.py:914} INFO - Processing file /Users/rtewelde/airflow_venv/lib/python3.11/site-packages/airflow/example_dags/example_complex.py for tasks to queue
[2024-09-26T01:07:00.167+0100] {logging_mixin.py:190} INFO - [2024-09-26T01:07:00.166+0100] {dagbag.py:588} INFO - Filling up the DagBag from /Users/rtewelde/airflow_venv/lib/python3.11/site-packages/airflow/example_dags/example_complex.py
[2024-09-26T01:07:00.237+0100] {processor.py:925} INFO - DAG(s) 'example_complex' retrieved from /Users/rtewelde/airflow_venv/lib/python3.11/site-packages/airflow/example_dags/example_complex.py
[2024-09-26T01:07:00.967+0100] {logging_mixin.py:190} INFO - [2024-09-26T01:07:00.966+0100] {dag.py:3239} INFO - Sync 1 DAGs
[2024-09-26T01:07:01.008+0100] {logging_mixin.py:190} INFO - [2024-09-26T01:07:01.007+0100] {dag.py:4180} INFO - Setting next_dagrun for example_complex to None, run_after=None
[2024-09-26T01:07:01.099+0100] {processor.py:208} INFO - Processing /Users/rtewelde/airflow_venv/lib/python3.11/site-packages/airflow/example_dags/example_complex.py took 0.948 seconds
[2024-09-26T01:46:02.174+0100] {processor.py:186} INFO - Started process (PID=31866) to work on /Users/rtewelde/airflow_venv/lib/python3.11/site-packages/airflow/example_dags/example_complex.py
[2024-09-26T01:46:02.177+0100] {processor.py:914} INFO - Processing file /Users/rtewelde/airflow_venv/lib/python3.11/site-packages/airflow/example_dags/example_complex.py for tasks to queue
[2024-09-26T01:46:02.178+0100] {logging_mixin.py:190} INFO - [2024-09-26T01:46:02.178+0100] {dagbag.py:588} INFO - Filling up the DagBag from /Users/rtewelde/airflow_venv/lib/python3.11/site-packages/airflow/example_dags/example_complex.py
[2024-09-26T01:46:02.198+0100] {processor.py:925} INFO - DAG(s) 'example_complex' retrieved from /Users/rtewelde/airflow_venv/lib/python3.11/site-packages/airflow/example_dags/example_complex.py
[2024-09-26T01:46:02.411+0100] {logging_mixin.py:190} INFO - [2024-09-26T01:46:02.411+0100] {dag.py:3239} INFO - Sync 1 DAGs
[2024-09-26T01:46:02.424+0100] {logging_mixin.py:190} INFO - [2024-09-26T01:46:02.424+0100] {dag.py:4180} INFO - Setting next_dagrun for example_complex to None, run_after=None
[2024-09-26T01:46:02.445+0100] {processor.py:208} INFO - Processing /Users/rtewelde/airflow_venv/lib/python3.11/site-packages/airflow/example_dags/example_complex.py took 0.275 seconds
[2024-09-26T02:09:36.195+0100] {processor.py:186} INFO - Started process (PID=34071) to work on /Users/rtewelde/airflow_venv/lib/python3.11/site-packages/airflow/example_dags/example_complex.py
[2024-09-26T02:09:36.200+0100] {processor.py:914} INFO - Processing file /Users/rtewelde/airflow_venv/lib/python3.11/site-packages/airflow/example_dags/example_complex.py for tasks to queue
[2024-09-26T02:09:36.204+0100] {logging_mixin.py:190} INFO - [2024-09-26T02:09:36.203+0100] {dagbag.py:588} INFO - Filling up the DagBag from /Users/rtewelde/airflow_venv/lib/python3.11/site-packages/airflow/example_dags/example_complex.py
[2024-09-26T02:09:36.291+0100] {processor.py:925} INFO - DAG(s) 'example_complex' retrieved from /Users/rtewelde/airflow_venv/lib/python3.11/site-packages/airflow/example_dags/example_complex.py
[2024-09-26T02:09:37.103+0100] {logging_mixin.py:190} INFO - [2024-09-26T02:09:37.102+0100] {dag.py:3239} INFO - Sync 1 DAGs
[2024-09-26T02:09:37.174+0100] {logging_mixin.py:190} INFO - [2024-09-26T02:09:37.168+0100] {dag.py:4180} INFO - Setting next_dagrun for example_complex to None, run_after=None
[2024-09-26T02:09:37.271+0100] {processor.py:208} INFO - Processing /Users/rtewelde/airflow_venv/lib/python3.11/site-packages/airflow/example_dags/example_complex.py took 1.085 seconds
[2024-09-26T02:18:21.648+0100] {processor.py:186} INFO - Started process (PID=36357) to work on /Users/rtewelde/airflow_venv/lib/python3.11/site-packages/airflow/example_dags/example_complex.py
[2024-09-26T02:18:21.654+0100] {processor.py:914} INFO - Processing file /Users/rtewelde/airflow_venv/lib/python3.11/site-packages/airflow/example_dags/example_complex.py for tasks to queue
[2024-09-26T02:18:21.658+0100] {logging_mixin.py:190} INFO - [2024-09-26T02:18:21.657+0100] {dagbag.py:588} INFO - Filling up the DagBag from /Users/rtewelde/airflow_venv/lib/python3.11/site-packages/airflow/example_dags/example_complex.py
[2024-09-26T02:18:21.743+0100] {processor.py:925} INFO - DAG(s) 'example_complex' retrieved from /Users/rtewelde/airflow_venv/lib/python3.11/site-packages/airflow/example_dags/example_complex.py
[2024-09-26T02:18:22.412+0100] {logging_mixin.py:190} INFO - [2024-09-26T02:18:22.411+0100] {dag.py:3239} INFO - Sync 1 DAGs
[2024-09-26T02:18:22.450+0100] {logging_mixin.py:190} INFO - [2024-09-26T02:18:22.449+0100] {dag.py:4180} INFO - Setting next_dagrun for example_complex to None, run_after=None
[2024-09-26T02:18:22.525+0100] {processor.py:208} INFO - Processing /Users/rtewelde/airflow_venv/lib/python3.11/site-packages/airflow/example_dags/example_complex.py took 0.888 seconds
[2024-09-26T02:58:18.205+0100] {processor.py:186} INFO - Started process (PID=38356) to work on /Users/rtewelde/airflow_venv/lib/python3.11/site-packages/airflow/example_dags/example_complex.py
[2024-09-26T02:58:18.209+0100] {processor.py:914} INFO - Processing file /Users/rtewelde/airflow_venv/lib/python3.11/site-packages/airflow/example_dags/example_complex.py for tasks to queue
[2024-09-26T02:58:18.214+0100] {logging_mixin.py:190} INFO - [2024-09-26T02:58:18.213+0100] {dagbag.py:588} INFO - Filling up the DagBag from /Users/rtewelde/airflow_venv/lib/python3.11/site-packages/airflow/example_dags/example_complex.py
[2024-09-26T02:58:18.267+0100] {processor.py:925} INFO - DAG(s) 'example_complex' retrieved from /Users/rtewelde/airflow_venv/lib/python3.11/site-packages/airflow/example_dags/example_complex.py
[2024-09-26T02:58:18.895+0100] {logging_mixin.py:190} INFO - [2024-09-26T02:58:18.894+0100] {dag.py:3239} INFO - Sync 1 DAGs
[2024-09-26T02:58:18.932+0100] {logging_mixin.py:190} INFO - [2024-09-26T02:58:18.931+0100] {dag.py:4180} INFO - Setting next_dagrun for example_complex to None, run_after=None
[2024-09-26T02:58:19.000+0100] {processor.py:208} INFO - Processing /Users/rtewelde/airflow_venv/lib/python3.11/site-packages/airflow/example_dags/example_complex.py took 0.804 seconds
[2024-09-26T03:38:50.245+0100] {processor.py:186} INFO - Started process (PID=40400) to work on /Users/rtewelde/airflow_venv/lib/python3.11/site-packages/airflow/example_dags/example_complex.py
[2024-09-26T03:38:50.248+0100] {processor.py:914} INFO - Processing file /Users/rtewelde/airflow_venv/lib/python3.11/site-packages/airflow/example_dags/example_complex.py for tasks to queue
[2024-09-26T03:38:50.252+0100] {logging_mixin.py:190} INFO - [2024-09-26T03:38:50.251+0100] {dagbag.py:588} INFO - Filling up the DagBag from /Users/rtewelde/airflow_venv/lib/python3.11/site-packages/airflow/example_dags/example_complex.py
[2024-09-26T03:38:50.305+0100] {processor.py:925} INFO - DAG(s) 'example_complex' retrieved from /Users/rtewelde/airflow_venv/lib/python3.11/site-packages/airflow/example_dags/example_complex.py
[2024-09-26T03:38:50.977+0100] {logging_mixin.py:190} INFO - [2024-09-26T03:38:50.976+0100] {dag.py:3239} INFO - Sync 1 DAGs
[2024-09-26T03:38:51.023+0100] {logging_mixin.py:190} INFO - [2024-09-26T03:38:51.022+0100] {dag.py:4180} INFO - Setting next_dagrun for example_complex to None, run_after=None
[2024-09-26T03:38:51.116+0100] {processor.py:208} INFO - Processing /Users/rtewelde/airflow_venv/lib/python3.11/site-packages/airflow/example_dags/example_complex.py took 0.879 seconds
[2024-09-26T03:47:01.350+0100] {processor.py:186} INFO - Started process (PID=42484) to work on /Users/rtewelde/airflow_venv/lib/python3.11/site-packages/airflow/example_dags/example_complex.py
[2024-09-26T03:47:01.352+0100] {processor.py:914} INFO - Processing file /Users/rtewelde/airflow_venv/lib/python3.11/site-packages/airflow/example_dags/example_complex.py for tasks to queue
[2024-09-26T03:47:01.356+0100] {logging_mixin.py:190} INFO - [2024-09-26T03:47:01.355+0100] {dagbag.py:588} INFO - Filling up the DagBag from /Users/rtewelde/airflow_venv/lib/python3.11/site-packages/airflow/example_dags/example_complex.py
[2024-09-26T03:47:01.412+0100] {processor.py:925} INFO - DAG(s) 'example_complex' retrieved from /Users/rtewelde/airflow_venv/lib/python3.11/site-packages/airflow/example_dags/example_complex.py
[2024-09-26T03:47:02.089+0100] {logging_mixin.py:190} INFO - [2024-09-26T03:47:02.088+0100] {dag.py:3239} INFO - Sync 1 DAGs
[2024-09-26T03:47:02.141+0100] {logging_mixin.py:190} INFO - [2024-09-26T03:47:02.140+0100] {dag.py:4180} INFO - Setting next_dagrun for example_complex to None, run_after=None
[2024-09-26T03:47:02.222+0100] {processor.py:208} INFO - Processing /Users/rtewelde/airflow_venv/lib/python3.11/site-packages/airflow/example_dags/example_complex.py took 0.881 seconds
[2024-09-26T04:44:43.282+0100] {processor.py:186} INFO - Started process (PID=44411) to work on /Users/rtewelde/airflow_venv/lib/python3.11/site-packages/airflow/example_dags/example_complex.py
[2024-09-26T04:44:43.285+0100] {processor.py:914} INFO - Processing file /Users/rtewelde/airflow_venv/lib/python3.11/site-packages/airflow/example_dags/example_complex.py for tasks to queue
[2024-09-26T04:44:43.288+0100] {logging_mixin.py:190} INFO - [2024-09-26T04:44:43.287+0100] {dagbag.py:588} INFO - Filling up the DagBag from /Users/rtewelde/airflow_venv/lib/python3.11/site-packages/airflow/example_dags/example_complex.py
[2024-09-26T04:44:43.338+0100] {processor.py:925} INFO - DAG(s) 'example_complex' retrieved from /Users/rtewelde/airflow_venv/lib/python3.11/site-packages/airflow/example_dags/example_complex.py
[2024-09-26T04:44:43.968+0100] {logging_mixin.py:190} INFO - [2024-09-26T04:44:43.967+0100] {dag.py:3239} INFO - Sync 1 DAGs
[2024-09-26T04:44:44.010+0100] {logging_mixin.py:190} INFO - [2024-09-26T04:44:44.010+0100] {dag.py:4180} INFO - Setting next_dagrun for example_complex to None, run_after=None
[2024-09-26T04:44:44.072+0100] {processor.py:208} INFO - Processing /Users/rtewelde/airflow_venv/lib/python3.11/site-packages/airflow/example_dags/example_complex.py took 0.800 seconds
[2024-09-26T04:54:01.670+0100] {processor.py:186} INFO - Started process (PID=46767) to work on /Users/rtewelde/airflow_venv/lib/python3.11/site-packages/airflow/example_dags/example_complex.py
[2024-09-26T04:54:01.675+0100] {processor.py:914} INFO - Processing file /Users/rtewelde/airflow_venv/lib/python3.11/site-packages/airflow/example_dags/example_complex.py for tasks to queue
[2024-09-26T04:54:01.679+0100] {logging_mixin.py:190} INFO - [2024-09-26T04:54:01.678+0100] {dagbag.py:588} INFO - Filling up the DagBag from /Users/rtewelde/airflow_venv/lib/python3.11/site-packages/airflow/example_dags/example_complex.py
[2024-09-26T04:54:01.741+0100] {processor.py:925} INFO - DAG(s) 'example_complex' retrieved from /Users/rtewelde/airflow_venv/lib/python3.11/site-packages/airflow/example_dags/example_complex.py
[2024-09-26T04:54:02.381+0100] {logging_mixin.py:190} INFO - [2024-09-26T04:54:02.380+0100] {dag.py:3239} INFO - Sync 1 DAGs
[2024-09-26T04:54:02.422+0100] {logging_mixin.py:190} INFO - [2024-09-26T04:54:02.421+0100] {dag.py:4180} INFO - Setting next_dagrun for example_complex to None, run_after=None
[2024-09-26T04:54:02.492+0100] {processor.py:208} INFO - Processing /Users/rtewelde/airflow_venv/lib/python3.11/site-packages/airflow/example_dags/example_complex.py took 0.831 seconds
[2024-09-26T05:02:53.936+0100] {processor.py:186} INFO - Started process (PID=49072) to work on /Users/rtewelde/airflow_venv/lib/python3.11/site-packages/airflow/example_dags/example_complex.py
[2024-09-26T05:02:53.940+0100] {processor.py:914} INFO - Processing file /Users/rtewelde/airflow_venv/lib/python3.11/site-packages/airflow/example_dags/example_complex.py for tasks to queue
[2024-09-26T05:02:53.946+0100] {logging_mixin.py:190} INFO - [2024-09-26T05:02:53.945+0100] {dagbag.py:588} INFO - Filling up the DagBag from /Users/rtewelde/airflow_venv/lib/python3.11/site-packages/airflow/example_dags/example_complex.py
[2024-09-26T05:02:54.027+0100] {processor.py:925} INFO - DAG(s) 'example_complex' retrieved from /Users/rtewelde/airflow_venv/lib/python3.11/site-packages/airflow/example_dags/example_complex.py
[2024-09-26T05:02:54.745+0100] {logging_mixin.py:190} INFO - [2024-09-26T05:02:54.743+0100] {dag.py:3239} INFO - Sync 1 DAGs
[2024-09-26T05:02:54.791+0100] {logging_mixin.py:190} INFO - [2024-09-26T05:02:54.790+0100] {dag.py:4180} INFO - Setting next_dagrun for example_complex to None, run_after=None
[2024-09-26T05:02:54.859+0100] {processor.py:208} INFO - Processing /Users/rtewelde/airflow_venv/lib/python3.11/site-packages/airflow/example_dags/example_complex.py took 0.934 seconds
[2024-09-26T05:11:59.599+0100] {processor.py:186} INFO - Started process (PID=51385) to work on /Users/rtewelde/airflow_venv/lib/python3.11/site-packages/airflow/example_dags/example_complex.py
[2024-09-26T05:11:59.602+0100] {processor.py:914} INFO - Processing file /Users/rtewelde/airflow_venv/lib/python3.11/site-packages/airflow/example_dags/example_complex.py for tasks to queue
[2024-09-26T05:11:59.606+0100] {logging_mixin.py:190} INFO - [2024-09-26T05:11:59.605+0100] {dagbag.py:588} INFO - Filling up the DagBag from /Users/rtewelde/airflow_venv/lib/python3.11/site-packages/airflow/example_dags/example_complex.py
[2024-09-26T05:11:59.666+0100] {processor.py:925} INFO - DAG(s) 'example_complex' retrieved from /Users/rtewelde/airflow_venv/lib/python3.11/site-packages/airflow/example_dags/example_complex.py
[2024-09-26T05:12:00.324+0100] {logging_mixin.py:190} INFO - [2024-09-26T05:12:00.323+0100] {dag.py:3239} INFO - Sync 1 DAGs
[2024-09-26T05:12:00.369+0100] {logging_mixin.py:190} INFO - [2024-09-26T05:12:00.368+0100] {dag.py:4180} INFO - Setting next_dagrun for example_complex to None, run_after=None
[2024-09-26T05:12:00.433+0100] {processor.py:208} INFO - Processing /Users/rtewelde/airflow_venv/lib/python3.11/site-packages/airflow/example_dags/example_complex.py took 0.844 seconds
[2024-09-26T07:20:21.486+0100] {processor.py:186} INFO - Started process (PID=53589) to work on /Users/rtewelde/airflow_venv/lib/python3.11/site-packages/airflow/example_dags/example_complex.py
[2024-09-26T07:20:21.490+0100] {processor.py:914} INFO - Processing file /Users/rtewelde/airflow_venv/lib/python3.11/site-packages/airflow/example_dags/example_complex.py for tasks to queue
[2024-09-26T07:20:21.494+0100] {logging_mixin.py:190} INFO - [2024-09-26T07:20:21.493+0100] {dagbag.py:588} INFO - Filling up the DagBag from /Users/rtewelde/airflow_venv/lib/python3.11/site-packages/airflow/example_dags/example_complex.py
[2024-09-26T07:20:21.550+0100] {processor.py:925} INFO - DAG(s) 'example_complex' retrieved from /Users/rtewelde/airflow_venv/lib/python3.11/site-packages/airflow/example_dags/example_complex.py
[2024-09-26T07:20:22.172+0100] {logging_mixin.py:190} INFO - [2024-09-26T07:20:22.171+0100] {dag.py:3239} INFO - Sync 1 DAGs
[2024-09-26T07:20:22.216+0100] {logging_mixin.py:190} INFO - [2024-09-26T07:20:22.215+0100] {dag.py:4180} INFO - Setting next_dagrun for example_complex to None, run_after=None
[2024-09-26T07:20:22.282+0100] {processor.py:208} INFO - Processing /Users/rtewelde/airflow_venv/lib/python3.11/site-packages/airflow/example_dags/example_complex.py took 0.806 seconds
[2024-09-26T07:28:37.645+0100] {processor.py:186} INFO - Started process (PID=55721) to work on /Users/rtewelde/airflow_venv/lib/python3.11/site-packages/airflow/example_dags/example_complex.py
[2024-09-26T07:28:37.648+0100] {processor.py:914} INFO - Processing file /Users/rtewelde/airflow_venv/lib/python3.11/site-packages/airflow/example_dags/example_complex.py for tasks to queue
[2024-09-26T07:28:37.651+0100] {logging_mixin.py:190} INFO - [2024-09-26T07:28:37.651+0100] {dagbag.py:588} INFO - Filling up the DagBag from /Users/rtewelde/airflow_venv/lib/python3.11/site-packages/airflow/example_dags/example_complex.py
[2024-09-26T07:28:37.706+0100] {processor.py:925} INFO - DAG(s) 'example_complex' retrieved from /Users/rtewelde/airflow_venv/lib/python3.11/site-packages/airflow/example_dags/example_complex.py
[2024-09-26T07:28:38.318+0100] {logging_mixin.py:190} INFO - [2024-09-26T07:28:38.317+0100] {dag.py:3239} INFO - Sync 1 DAGs
[2024-09-26T07:28:38.356+0100] {logging_mixin.py:190} INFO - [2024-09-26T07:28:38.355+0100] {dag.py:4180} INFO - Setting next_dagrun for example_complex to None, run_after=None
[2024-09-26T07:28:38.425+0100] {processor.py:208} INFO - Processing /Users/rtewelde/airflow_venv/lib/python3.11/site-packages/airflow/example_dags/example_complex.py took 0.790 seconds
[2024-09-26T18:58:54.642+0100] {processor.py:186} INFO - Started process (PID=57175) to work on /Users/rtewelde/airflow_venv/lib/python3.11/site-packages/airflow/example_dags/example_complex.py
[2024-09-26T18:58:54.644+0100] {processor.py:914} INFO - Processing file /Users/rtewelde/airflow_venv/lib/python3.11/site-packages/airflow/example_dags/example_complex.py for tasks to queue
[2024-09-26T18:58:54.646+0100] {logging_mixin.py:190} INFO - [2024-09-26T18:58:54.646+0100] {dagbag.py:588} INFO - Filling up the DagBag from /Users/rtewelde/airflow_venv/lib/python3.11/site-packages/airflow/example_dags/example_complex.py
[2024-09-26T18:58:54.676+0100] {processor.py:925} INFO - DAG(s) 'example_complex' retrieved from /Users/rtewelde/airflow_venv/lib/python3.11/site-packages/airflow/example_dags/example_complex.py
[2024-09-26T18:58:55.008+0100] {logging_mixin.py:190} INFO - [2024-09-26T18:58:55.008+0100] {dag.py:3239} INFO - Sync 1 DAGs
[2024-09-26T18:58:55.036+0100] {logging_mixin.py:190} INFO - [2024-09-26T18:58:55.035+0100] {dag.py:4180} INFO - Setting next_dagrun for example_complex to None, run_after=None
[2024-09-26T18:58:55.073+0100] {processor.py:208} INFO - Processing /Users/rtewelde/airflow_venv/lib/python3.11/site-packages/airflow/example_dags/example_complex.py took 0.434 seconds
