[2024-09-26T01:05:03.592+0100] {processor.py:186} INFO - Started process (PID=29038) to work on /Users/rtewelde/airflow_venv/lib/python3.11/site-packages/airflow/example_dags/example_latest_only_with_trigger.py
[2024-09-26T01:05:03.595+0100] {processor.py:914} INFO - Processing file /Users/rtewelde/airflow_venv/lib/python3.11/site-packages/airflow/example_dags/example_latest_only_with_trigger.py for tasks to queue
[2024-09-26T01:05:03.600+0100] {logging_mixin.py:190} INFO - [2024-09-26T01:05:03.599+0100] {dagbag.py:588} INFO - Filling up the DagBag from /Users/rtewelde/airflow_venv/lib/python3.11/site-packages/airflow/example_dags/example_latest_only_with_trigger.py
[2024-09-26T01:05:03.641+0100] {processor.py:925} INFO - DAG(s) 'latest_only_with_trigger' retrieved from /Users/rtewelde/airflow_venv/lib/python3.11/site-packages/airflow/example_dags/example_latest_only_with_trigger.py
[2024-09-26T01:05:04.283+0100] {logging_mixin.py:190} INFO - [2024-09-26T01:05:04.282+0100] {dag.py:3239} INFO - Sync 1 DAGs
[2024-09-26T01:05:04.365+0100] {logging_mixin.py:190} INFO - [2024-09-26T01:05:04.364+0100] {dag.py:4180} INFO - Setting next_dagrun for latest_only_with_trigger to 2024-09-25 20:00:00+00:00, run_after=2024-09-26 00:00:00+00:00
[2024-09-26T01:05:04.431+0100] {processor.py:208} INFO - Processing /Users/rtewelde/airflow_venv/lib/python3.11/site-packages/airflow/example_dags/example_latest_only_with_trigger.py took 0.851 seconds
[2024-09-26T01:14:00.920+0100] {processor.py:186} INFO - Started process (PID=31334) to work on /Users/rtewelde/airflow_venv/lib/python3.11/site-packages/airflow/example_dags/example_latest_only_with_trigger.py
[2024-09-26T01:14:00.924+0100] {processor.py:914} INFO - Processing file /Users/rtewelde/airflow_venv/lib/python3.11/site-packages/airflow/example_dags/example_latest_only_with_trigger.py for tasks to queue
[2024-09-26T01:14:00.927+0100] {logging_mixin.py:190} INFO - [2024-09-26T01:14:00.927+0100] {dagbag.py:588} INFO - Filling up the DagBag from /Users/rtewelde/airflow_venv/lib/python3.11/site-packages/airflow/example_dags/example_latest_only_with_trigger.py
[2024-09-26T01:14:00.966+0100] {processor.py:925} INFO - DAG(s) 'latest_only_with_trigger' retrieved from /Users/rtewelde/airflow_venv/lib/python3.11/site-packages/airflow/example_dags/example_latest_only_with_trigger.py
[2024-09-26T01:14:01.668+0100] {logging_mixin.py:190} INFO - [2024-09-26T01:14:01.667+0100] {dag.py:3239} INFO - Sync 1 DAGs
[2024-09-26T01:14:01.751+0100] {logging_mixin.py:190} INFO - [2024-09-26T01:14:01.750+0100] {dag.py:4180} INFO - Setting next_dagrun for latest_only_with_trigger to 2024-09-25 20:00:00+00:00, run_after=2024-09-26 00:00:00+00:00
[2024-09-26T01:14:01.824+0100] {processor.py:208} INFO - Processing /Users/rtewelde/airflow_venv/lib/python3.11/site-packages/airflow/example_dags/example_latest_only_with_trigger.py took 0.913 seconds
[2024-09-26T02:07:34.273+0100] {processor.py:186} INFO - Started process (PID=33565) to work on /Users/rtewelde/airflow_venv/lib/python3.11/site-packages/airflow/example_dags/example_latest_only_with_trigger.py
[2024-09-26T02:07:34.278+0100] {processor.py:914} INFO - Processing file /Users/rtewelde/airflow_venv/lib/python3.11/site-packages/airflow/example_dags/example_latest_only_with_trigger.py for tasks to queue
[2024-09-26T02:07:34.281+0100] {logging_mixin.py:190} INFO - [2024-09-26T02:07:34.280+0100] {dagbag.py:588} INFO - Filling up the DagBag from /Users/rtewelde/airflow_venv/lib/python3.11/site-packages/airflow/example_dags/example_latest_only_with_trigger.py
[2024-09-26T02:07:34.320+0100] {processor.py:925} INFO - DAG(s) 'latest_only_with_trigger' retrieved from /Users/rtewelde/airflow_venv/lib/python3.11/site-packages/airflow/example_dags/example_latest_only_with_trigger.py
[2024-09-26T02:07:34.939+0100] {logging_mixin.py:190} INFO - [2024-09-26T02:07:34.938+0100] {dag.py:3239} INFO - Sync 1 DAGs
[2024-09-26T02:07:35.005+0100] {logging_mixin.py:190} INFO - [2024-09-26T02:07:35.004+0100] {dag.py:4180} INFO - Setting next_dagrun for latest_only_with_trigger to 2024-09-25 20:00:00+00:00, run_after=2024-09-26 00:00:00+00:00
[2024-09-26T02:07:35.073+0100] {processor.py:208} INFO - Processing /Users/rtewelde/airflow_venv/lib/python3.11/site-packages/airflow/example_dags/example_latest_only_with_trigger.py took 0.810 seconds
[2024-09-26T02:16:30.047+0100] {processor.py:186} INFO - Started process (PID=35845) to work on /Users/rtewelde/airflow_venv/lib/python3.11/site-packages/airflow/example_dags/example_latest_only_with_trigger.py
[2024-09-26T02:16:30.051+0100] {processor.py:914} INFO - Processing file /Users/rtewelde/airflow_venv/lib/python3.11/site-packages/airflow/example_dags/example_latest_only_with_trigger.py for tasks to queue
[2024-09-26T02:16:30.055+0100] {logging_mixin.py:190} INFO - [2024-09-26T02:16:30.054+0100] {dagbag.py:588} INFO - Filling up the DagBag from /Users/rtewelde/airflow_venv/lib/python3.11/site-packages/airflow/example_dags/example_latest_only_with_trigger.py
[2024-09-26T02:16:30.091+0100] {processor.py:925} INFO - DAG(s) 'latest_only_with_trigger' retrieved from /Users/rtewelde/airflow_venv/lib/python3.11/site-packages/airflow/example_dags/example_latest_only_with_trigger.py
[2024-09-26T02:16:30.695+0100] {logging_mixin.py:190} INFO - [2024-09-26T02:16:30.694+0100] {dag.py:3239} INFO - Sync 1 DAGs
[2024-09-26T02:16:30.756+0100] {logging_mixin.py:190} INFO - [2024-09-26T02:16:30.755+0100] {dag.py:4180} INFO - Setting next_dagrun for latest_only_with_trigger to 2024-09-25 20:00:00+00:00, run_after=2024-09-26 00:00:00+00:00
[2024-09-26T02:16:30.826+0100] {processor.py:208} INFO - Processing /Users/rtewelde/airflow_venv/lib/python3.11/site-packages/airflow/example_dags/example_latest_only_with_trigger.py took 0.790 seconds
[2024-09-26T02:39:38.538+0100] {processor.py:186} INFO - Started process (PID=37964) to work on /Users/rtewelde/airflow_venv/lib/python3.11/site-packages/airflow/example_dags/example_latest_only_with_trigger.py
[2024-09-26T02:39:38.539+0100] {processor.py:914} INFO - Processing file /Users/rtewelde/airflow_venv/lib/python3.11/site-packages/airflow/example_dags/example_latest_only_with_trigger.py for tasks to queue
[2024-09-26T02:39:38.540+0100] {logging_mixin.py:190} INFO - [2024-09-26T02:39:38.540+0100] {dagbag.py:588} INFO - Filling up the DagBag from /Users/rtewelde/airflow_venv/lib/python3.11/site-packages/airflow/example_dags/example_latest_only_with_trigger.py
[2024-09-26T02:39:38.547+0100] {processor.py:925} INFO - DAG(s) 'latest_only_with_trigger' retrieved from /Users/rtewelde/airflow_venv/lib/python3.11/site-packages/airflow/example_dags/example_latest_only_with_trigger.py
[2024-09-26T02:39:38.692+0100] {logging_mixin.py:190} INFO - [2024-09-26T02:39:38.692+0100] {dag.py:3239} INFO - Sync 1 DAGs
[2024-09-26T02:39:38.707+0100] {logging_mixin.py:190} INFO - [2024-09-26T02:39:38.707+0100] {dag.py:4180} INFO - Setting next_dagrun for latest_only_with_trigger to 2024-09-25 20:00:00+00:00, run_after=2024-09-26 00:00:00+00:00
[2024-09-26T02:39:38.724+0100] {processor.py:208} INFO - Processing /Users/rtewelde/airflow_venv/lib/python3.11/site-packages/airflow/example_dags/example_latest_only_with_trigger.py took 0.189 seconds
[2024-09-26T03:37:01.453+0100] {processor.py:186} INFO - Started process (PID=39937) to work on /Users/rtewelde/airflow_venv/lib/python3.11/site-packages/airflow/example_dags/example_latest_only_with_trigger.py
[2024-09-26T03:37:01.456+0100] {processor.py:914} INFO - Processing file /Users/rtewelde/airflow_venv/lib/python3.11/site-packages/airflow/example_dags/example_latest_only_with_trigger.py for tasks to queue
[2024-09-26T03:37:01.459+0100] {logging_mixin.py:190} INFO - [2024-09-26T03:37:01.458+0100] {dagbag.py:588} INFO - Filling up the DagBag from /Users/rtewelde/airflow_venv/lib/python3.11/site-packages/airflow/example_dags/example_latest_only_with_trigger.py
[2024-09-26T03:37:01.487+0100] {processor.py:925} INFO - DAG(s) 'latest_only_with_trigger' retrieved from /Users/rtewelde/airflow_venv/lib/python3.11/site-packages/airflow/example_dags/example_latest_only_with_trigger.py
[2024-09-26T03:37:02.104+0100] {logging_mixin.py:190} INFO - [2024-09-26T03:37:02.103+0100] {dag.py:3239} INFO - Sync 1 DAGs
[2024-09-26T03:37:02.165+0100] {logging_mixin.py:190} INFO - [2024-09-26T03:37:02.164+0100] {dag.py:4180} INFO - Setting next_dagrun for latest_only_with_trigger to 2024-09-25 20:00:00+00:00, run_after=2024-09-26 00:00:00+00:00
[2024-09-26T03:37:02.233+0100] {processor.py:208} INFO - Processing /Users/rtewelde/airflow_venv/lib/python3.11/site-packages/airflow/example_dags/example_latest_only_with_trigger.py took 0.789 seconds
[2024-09-26T03:45:12.017+0100] {processor.py:186} INFO - Started process (PID=42021) to work on /Users/rtewelde/airflow_venv/lib/python3.11/site-packages/airflow/example_dags/example_latest_only_with_trigger.py
[2024-09-26T03:45:12.022+0100] {processor.py:914} INFO - Processing file /Users/rtewelde/airflow_venv/lib/python3.11/site-packages/airflow/example_dags/example_latest_only_with_trigger.py for tasks to queue
[2024-09-26T03:45:12.026+0100] {logging_mixin.py:190} INFO - [2024-09-26T03:45:12.026+0100] {dagbag.py:588} INFO - Filling up the DagBag from /Users/rtewelde/airflow_venv/lib/python3.11/site-packages/airflow/example_dags/example_latest_only_with_trigger.py
[2024-09-26T03:45:12.055+0100] {processor.py:925} INFO - DAG(s) 'latest_only_with_trigger' retrieved from /Users/rtewelde/airflow_venv/lib/python3.11/site-packages/airflow/example_dags/example_latest_only_with_trigger.py
[2024-09-26T03:45:12.617+0100] {logging_mixin.py:190} INFO - [2024-09-26T03:45:12.616+0100] {dag.py:3239} INFO - Sync 1 DAGs
[2024-09-26T03:45:12.685+0100] {logging_mixin.py:190} INFO - [2024-09-26T03:45:12.684+0100] {dag.py:4180} INFO - Setting next_dagrun for latest_only_with_trigger to 2024-09-25 20:00:00+00:00, run_after=2024-09-26 00:00:00+00:00
[2024-09-26T03:45:12.752+0100] {processor.py:208} INFO - Processing /Users/rtewelde/airflow_venv/lib/python3.11/site-packages/airflow/example_dags/example_latest_only_with_trigger.py took 0.746 seconds
[2024-09-26T04:42:54.873+0100] {processor.py:186} INFO - Started process (PID=43952) to work on /Users/rtewelde/airflow_venv/lib/python3.11/site-packages/airflow/example_dags/example_latest_only_with_trigger.py
[2024-09-26T04:42:54.876+0100] {processor.py:914} INFO - Processing file /Users/rtewelde/airflow_venv/lib/python3.11/site-packages/airflow/example_dags/example_latest_only_with_trigger.py for tasks to queue
[2024-09-26T04:42:54.880+0100] {logging_mixin.py:190} INFO - [2024-09-26T04:42:54.879+0100] {dagbag.py:588} INFO - Filling up the DagBag from /Users/rtewelde/airflow_venv/lib/python3.11/site-packages/airflow/example_dags/example_latest_only_with_trigger.py
[2024-09-26T04:42:54.907+0100] {processor.py:925} INFO - DAG(s) 'latest_only_with_trigger' retrieved from /Users/rtewelde/airflow_venv/lib/python3.11/site-packages/airflow/example_dags/example_latest_only_with_trigger.py
[2024-09-26T04:42:55.488+0100] {logging_mixin.py:190} INFO - [2024-09-26T04:42:55.487+0100] {dag.py:3239} INFO - Sync 1 DAGs
[2024-09-26T04:42:55.555+0100] {logging_mixin.py:190} INFO - [2024-09-26T04:42:55.554+0100] {dag.py:4180} INFO - Setting next_dagrun for latest_only_with_trigger to 2024-09-25 20:00:00+00:00, run_after=2024-09-26 00:00:00+00:00
[2024-09-26T04:42:55.646+0100] {processor.py:208} INFO - Processing /Users/rtewelde/airflow_venv/lib/python3.11/site-packages/airflow/example_dags/example_latest_only_with_trigger.py took 0.782 seconds
[2024-09-26T04:51:58.720+0100] {processor.py:186} INFO - Started process (PID=46251) to work on /Users/rtewelde/airflow_venv/lib/python3.11/site-packages/airflow/example_dags/example_latest_only_with_trigger.py
[2024-09-26T04:51:58.726+0100] {processor.py:914} INFO - Processing file /Users/rtewelde/airflow_venv/lib/python3.11/site-packages/airflow/example_dags/example_latest_only_with_trigger.py for tasks to queue
[2024-09-26T04:51:58.729+0100] {logging_mixin.py:190} INFO - [2024-09-26T04:51:58.728+0100] {dagbag.py:588} INFO - Filling up the DagBag from /Users/rtewelde/airflow_venv/lib/python3.11/site-packages/airflow/example_dags/example_latest_only_with_trigger.py
[2024-09-26T04:51:58.766+0100] {processor.py:925} INFO - DAG(s) 'latest_only_with_trigger' retrieved from /Users/rtewelde/airflow_venv/lib/python3.11/site-packages/airflow/example_dags/example_latest_only_with_trigger.py
[2024-09-26T04:51:59.400+0100] {logging_mixin.py:190} INFO - [2024-09-26T04:51:59.399+0100] {dag.py:3239} INFO - Sync 1 DAGs
[2024-09-26T04:51:59.479+0100] {logging_mixin.py:190} INFO - [2024-09-26T04:51:59.478+0100] {dag.py:4180} INFO - Setting next_dagrun for latest_only_with_trigger to 2024-09-25 20:00:00+00:00, run_after=2024-09-26 00:00:00+00:00
[2024-09-26T04:51:59.553+0100] {processor.py:208} INFO - Processing /Users/rtewelde/airflow_venv/lib/python3.11/site-packages/airflow/example_dags/example_latest_only_with_trigger.py took 0.842 seconds
[2024-09-26T05:00:49.213+0100] {processor.py:186} INFO - Started process (PID=48550) to work on /Users/rtewelde/airflow_venv/lib/python3.11/site-packages/airflow/example_dags/example_latest_only_with_trigger.py
[2024-09-26T05:00:49.219+0100] {processor.py:914} INFO - Processing file /Users/rtewelde/airflow_venv/lib/python3.11/site-packages/airflow/example_dags/example_latest_only_with_trigger.py for tasks to queue
[2024-09-26T05:00:49.225+0100] {logging_mixin.py:190} INFO - [2024-09-26T05:00:49.225+0100] {dagbag.py:588} INFO - Filling up the DagBag from /Users/rtewelde/airflow_venv/lib/python3.11/site-packages/airflow/example_dags/example_latest_only_with_trigger.py
[2024-09-26T05:00:49.264+0100] {processor.py:925} INFO - DAG(s) 'latest_only_with_trigger' retrieved from /Users/rtewelde/airflow_venv/lib/python3.11/site-packages/airflow/example_dags/example_latest_only_with_trigger.py
[2024-09-26T05:00:49.947+0100] {logging_mixin.py:190} INFO - [2024-09-26T05:00:49.945+0100] {dag.py:3239} INFO - Sync 1 DAGs
[2024-09-26T05:00:50.013+0100] {logging_mixin.py:190} INFO - [2024-09-26T05:00:50.012+0100] {dag.py:4180} INFO - Setting next_dagrun for latest_only_with_trigger to 2024-09-26 00:00:00+00:00, run_after=2024-09-26 04:00:00+00:00
[2024-09-26T05:00:50.080+0100] {processor.py:208} INFO - Processing /Users/rtewelde/airflow_venv/lib/python3.11/site-packages/airflow/example_dags/example_latest_only_with_trigger.py took 0.887 seconds
[2024-09-26T05:10:02.157+0100] {processor.py:186} INFO - Started process (PID=50884) to work on /Users/rtewelde/airflow_venv/lib/python3.11/site-packages/airflow/example_dags/example_latest_only_with_trigger.py
[2024-09-26T05:10:02.171+0100] {processor.py:914} INFO - Processing file /Users/rtewelde/airflow_venv/lib/python3.11/site-packages/airflow/example_dags/example_latest_only_with_trigger.py for tasks to queue
[2024-09-26T05:10:02.182+0100] {logging_mixin.py:190} INFO - [2024-09-26T05:10:02.178+0100] {dagbag.py:588} INFO - Filling up the DagBag from /Users/rtewelde/airflow_venv/lib/python3.11/site-packages/airflow/example_dags/example_latest_only_with_trigger.py
[2024-09-26T05:10:02.244+0100] {processor.py:925} INFO - DAG(s) 'latest_only_with_trigger' retrieved from /Users/rtewelde/airflow_venv/lib/python3.11/site-packages/airflow/example_dags/example_latest_only_with_trigger.py
[2024-09-26T05:10:02.924+0100] {logging_mixin.py:190} INFO - [2024-09-26T05:10:02.923+0100] {dag.py:3239} INFO - Sync 1 DAGs
[2024-09-26T05:10:03.004+0100] {logging_mixin.py:190} INFO - [2024-09-26T05:10:03.002+0100] {dag.py:4180} INFO - Setting next_dagrun for latest_only_with_trigger to 2024-09-26 00:00:00+00:00, run_after=2024-09-26 04:00:00+00:00
[2024-09-26T05:10:03.081+0100] {processor.py:208} INFO - Processing /Users/rtewelde/airflow_venv/lib/python3.11/site-packages/airflow/example_dags/example_latest_only_with_trigger.py took 0.937 seconds
[2024-09-26T07:18:34.357+0100] {processor.py:186} INFO - Started process (PID=53138) to work on /Users/rtewelde/airflow_venv/lib/python3.11/site-packages/airflow/example_dags/example_latest_only_with_trigger.py
[2024-09-26T07:18:34.361+0100] {processor.py:914} INFO - Processing file /Users/rtewelde/airflow_venv/lib/python3.11/site-packages/airflow/example_dags/example_latest_only_with_trigger.py for tasks to queue
[2024-09-26T07:18:34.365+0100] {logging_mixin.py:190} INFO - [2024-09-26T07:18:34.364+0100] {dagbag.py:588} INFO - Filling up the DagBag from /Users/rtewelde/airflow_venv/lib/python3.11/site-packages/airflow/example_dags/example_latest_only_with_trigger.py
[2024-09-26T07:18:34.399+0100] {processor.py:925} INFO - DAG(s) 'latest_only_with_trigger' retrieved from /Users/rtewelde/airflow_venv/lib/python3.11/site-packages/airflow/example_dags/example_latest_only_with_trigger.py
[2024-09-26T07:18:34.962+0100] {logging_mixin.py:190} INFO - [2024-09-26T07:18:34.961+0100] {dag.py:3239} INFO - Sync 1 DAGs
[2024-09-26T07:18:35.028+0100] {logging_mixin.py:190} INFO - [2024-09-26T07:18:35.027+0100] {dag.py:4180} INFO - Setting next_dagrun for latest_only_with_trigger to 2024-09-26 00:00:00+00:00, run_after=2024-09-26 04:00:00+00:00
[2024-09-26T07:18:35.091+0100] {processor.py:208} INFO - Processing /Users/rtewelde/airflow_venv/lib/python3.11/site-packages/airflow/example_dags/example_latest_only_with_trigger.py took 0.742 seconds
[2024-09-26T07:26:47.627+0100] {processor.py:186} INFO - Started process (PID=55257) to work on /Users/rtewelde/airflow_venv/lib/python3.11/site-packages/airflow/example_dags/example_latest_only_with_trigger.py
[2024-09-26T07:26:47.631+0100] {processor.py:914} INFO - Processing file /Users/rtewelde/airflow_venv/lib/python3.11/site-packages/airflow/example_dags/example_latest_only_with_trigger.py for tasks to queue
[2024-09-26T07:26:47.635+0100] {logging_mixin.py:190} INFO - [2024-09-26T07:26:47.634+0100] {dagbag.py:588} INFO - Filling up the DagBag from /Users/rtewelde/airflow_venv/lib/python3.11/site-packages/airflow/example_dags/example_latest_only_with_trigger.py
[2024-09-26T07:26:47.668+0100] {processor.py:925} INFO - DAG(s) 'latest_only_with_trigger' retrieved from /Users/rtewelde/airflow_venv/lib/python3.11/site-packages/airflow/example_dags/example_latest_only_with_trigger.py
[2024-09-26T07:26:48.230+0100] {logging_mixin.py:190} INFO - [2024-09-26T07:26:48.229+0100] {dag.py:3239} INFO - Sync 1 DAGs
[2024-09-26T07:26:48.298+0100] {logging_mixin.py:190} INFO - [2024-09-26T07:26:48.297+0100] {dag.py:4180} INFO - Setting next_dagrun for latest_only_with_trigger to 2024-09-26 00:00:00+00:00, run_after=2024-09-26 04:00:00+00:00
[2024-09-26T07:26:48.362+0100] {processor.py:208} INFO - Processing /Users/rtewelde/airflow_venv/lib/python3.11/site-packages/airflow/example_dags/example_latest_only_with_trigger.py took 0.744 seconds
[2024-09-26T18:57:46.318+0100] {processor.py:186} INFO - Started process (PID=56851) to work on /Users/rtewelde/airflow_venv/lib/python3.11/site-packages/airflow/example_dags/example_latest_only_with_trigger.py
[2024-09-26T18:57:46.319+0100] {processor.py:914} INFO - Processing file /Users/rtewelde/airflow_venv/lib/python3.11/site-packages/airflow/example_dags/example_latest_only_with_trigger.py for tasks to queue
[2024-09-26T18:57:46.321+0100] {logging_mixin.py:190} INFO - [2024-09-26T18:57:46.321+0100] {dagbag.py:588} INFO - Filling up the DagBag from /Users/rtewelde/airflow_venv/lib/python3.11/site-packages/airflow/example_dags/example_latest_only_with_trigger.py
[2024-09-26T18:57:46.334+0100] {processor.py:925} INFO - DAG(s) 'latest_only_with_trigger' retrieved from /Users/rtewelde/airflow_venv/lib/python3.11/site-packages/airflow/example_dags/example_latest_only_with_trigger.py
[2024-09-26T18:57:46.602+0100] {logging_mixin.py:190} INFO - [2024-09-26T18:57:46.602+0100] {dag.py:3239} INFO - Sync 1 DAGs
[2024-09-26T18:57:46.630+0100] {logging_mixin.py:190} INFO - [2024-09-26T18:57:46.630+0100] {dag.py:4180} INFO - Setting next_dagrun for latest_only_with_trigger to 2024-09-26 12:00:00+00:00, run_after=2024-09-26 16:00:00+00:00
[2024-09-26T18:57:46.666+0100] {processor.py:208} INFO - Processing /Users/rtewelde/airflow_venv/lib/python3.11/site-packages/airflow/example_dags/example_latest_only_with_trigger.py took 0.352 seconds
[2024-09-26T19:02:58.642+0100] {processor.py:186} INFO - Started process (PID=58275) to work on /Users/rtewelde/airflow_venv/lib/python3.11/site-packages/airflow/example_dags/example_latest_only_with_trigger.py
[2024-09-26T19:02:58.646+0100] {processor.py:914} INFO - Processing file /Users/rtewelde/airflow_venv/lib/python3.11/site-packages/airflow/example_dags/example_latest_only_with_trigger.py for tasks to queue
[2024-09-26T19:02:58.652+0100] {logging_mixin.py:190} INFO - [2024-09-26T19:02:58.650+0100] {dagbag.py:588} INFO - Filling up the DagBag from /Users/rtewelde/airflow_venv/lib/python3.11/site-packages/airflow/example_dags/example_latest_only_with_trigger.py
[2024-09-26T19:02:58.676+0100] {processor.py:925} INFO - DAG(s) 'latest_only_with_trigger' retrieved from /Users/rtewelde/airflow_venv/lib/python3.11/site-packages/airflow/example_dags/example_latest_only_with_trigger.py
[2024-09-26T19:02:59.119+0100] {logging_mixin.py:190} INFO - [2024-09-26T19:02:59.117+0100] {dag.py:3239} INFO - Sync 1 DAGs
[2024-09-26T19:02:59.226+0100] {logging_mixin.py:190} INFO - [2024-09-26T19:02:59.225+0100] {dag.py:4180} INFO - Setting next_dagrun for latest_only_with_trigger to 2024-09-26 12:00:00+00:00, run_after=2024-09-26 16:00:00+00:00
[2024-09-26T19:02:59.283+0100] {processor.py:208} INFO - Processing /Users/rtewelde/airflow_venv/lib/python3.11/site-packages/airflow/example_dags/example_latest_only_with_trigger.py took 0.646 seconds
