[2024-09-26T01:02:05.346+0100] {processor.py:186} INFO - Started process (PID=28268) to work on /Users/rtewelde/airflow_venv/lib/python3.11/site-packages/airflow/example_dags/example_task_group.py
[2024-09-26T01:02:05.349+0100] {processor.py:914} INFO - Processing file /Users/rtewelde/airflow_venv/lib/python3.11/site-packages/airflow/example_dags/example_task_group.py for tasks to queue
[2024-09-26T01:02:05.353+0100] {logging_mixin.py:190} INFO - [2024-09-26T01:02:05.352+0100] {dagbag.py:588} INFO - Filling up the DagBag from /Users/rtewelde/airflow_venv/lib/python3.11/site-packages/airflow/example_dags/example_task_group.py
[2024-09-26T01:02:05.386+0100] {processor.py:925} INFO - DAG(s) 'example_task_group' retrieved from /Users/rtewelde/airflow_venv/lib/python3.11/site-packages/airflow/example_dags/example_task_group.py
[2024-09-26T01:02:06.018+0100] {logging_mixin.py:190} INFO - [2024-09-26T01:02:06.017+0100] {dag.py:3239} INFO - Sync 1 DAGs
[2024-09-26T01:02:06.070+0100] {logging_mixin.py:190} INFO - [2024-09-26T01:02:06.069+0100] {dag.py:4180} INFO - Setting next_dagrun for example_task_group to None, run_after=None
[2024-09-26T01:02:06.141+0100] {processor.py:208} INFO - Processing /Users/rtewelde/airflow_venv/lib/python3.11/site-packages/airflow/example_dags/example_task_group.py took 0.806 seconds
[2024-09-26T01:10:57.771+0100] {processor.py:186} INFO - Started process (PID=30553) to work on /Users/rtewelde/airflow_venv/lib/python3.11/site-packages/airflow/example_dags/example_task_group.py
[2024-09-26T01:10:57.778+0100] {processor.py:914} INFO - Processing file /Users/rtewelde/airflow_venv/lib/python3.11/site-packages/airflow/example_dags/example_task_group.py for tasks to queue
[2024-09-26T01:10:57.784+0100] {logging_mixin.py:190} INFO - [2024-09-26T01:10:57.782+0100] {dagbag.py:588} INFO - Filling up the DagBag from /Users/rtewelde/airflow_venv/lib/python3.11/site-packages/airflow/example_dags/example_task_group.py
[2024-09-26T01:10:57.856+0100] {processor.py:925} INFO - DAG(s) 'example_task_group' retrieved from /Users/rtewelde/airflow_venv/lib/python3.11/site-packages/airflow/example_dags/example_task_group.py
[2024-09-26T01:10:58.658+0100] {logging_mixin.py:190} INFO - [2024-09-26T01:10:58.657+0100] {dag.py:3239} INFO - Sync 1 DAGs
[2024-09-26T01:10:58.698+0100] {logging_mixin.py:190} INFO - [2024-09-26T01:10:58.696+0100] {dag.py:4180} INFO - Setting next_dagrun for example_task_group to None, run_after=None
[2024-09-26T01:10:58.832+0100] {processor.py:208} INFO - Processing /Users/rtewelde/airflow_venv/lib/python3.11/site-packages/airflow/example_dags/example_task_group.py took 1.074 seconds
[2024-09-26T01:49:50.081+0100] {processor.py:186} INFO - Started process (PID=32869) to work on /Users/rtewelde/airflow_venv/lib/python3.11/site-packages/airflow/example_dags/example_task_group.py
[2024-09-26T01:49:50.086+0100] {processor.py:914} INFO - Processing file /Users/rtewelde/airflow_venv/lib/python3.11/site-packages/airflow/example_dags/example_task_group.py for tasks to queue
[2024-09-26T01:49:50.089+0100] {logging_mixin.py:190} INFO - [2024-09-26T01:49:50.088+0100] {dagbag.py:588} INFO - Filling up the DagBag from /Users/rtewelde/airflow_venv/lib/python3.11/site-packages/airflow/example_dags/example_task_group.py
[2024-09-26T01:49:50.133+0100] {processor.py:925} INFO - DAG(s) 'example_task_group' retrieved from /Users/rtewelde/airflow_venv/lib/python3.11/site-packages/airflow/example_dags/example_task_group.py
[2024-09-26T01:49:50.743+0100] {logging_mixin.py:190} INFO - [2024-09-26T01:49:50.742+0100] {dag.py:3239} INFO - Sync 1 DAGs
[2024-09-26T01:49:50.786+0100] {logging_mixin.py:190} INFO - [2024-09-26T01:49:50.785+0100] {dag.py:4180} INFO - Setting next_dagrun for example_task_group to None, run_after=None
[2024-09-26T01:49:50.855+0100] {processor.py:208} INFO - Processing /Users/rtewelde/airflow_venv/lib/python3.11/site-packages/airflow/example_dags/example_task_group.py took 0.784 seconds
[2024-09-26T02:13:28.877+0100] {processor.py:186} INFO - Started process (PID=35059) to work on /Users/rtewelde/airflow_venv/lib/python3.11/site-packages/airflow/example_dags/example_task_group.py
[2024-09-26T02:13:28.881+0100] {processor.py:914} INFO - Processing file /Users/rtewelde/airflow_venv/lib/python3.11/site-packages/airflow/example_dags/example_task_group.py for tasks to queue
[2024-09-26T02:13:28.884+0100] {logging_mixin.py:190} INFO - [2024-09-26T02:13:28.884+0100] {dagbag.py:588} INFO - Filling up the DagBag from /Users/rtewelde/airflow_venv/lib/python3.11/site-packages/airflow/example_dags/example_task_group.py
[2024-09-26T02:13:28.928+0100] {processor.py:925} INFO - DAG(s) 'example_task_group' retrieved from /Users/rtewelde/airflow_venv/lib/python3.11/site-packages/airflow/example_dags/example_task_group.py
[2024-09-26T02:13:29.543+0100] {logging_mixin.py:190} INFO - [2024-09-26T02:13:29.542+0100] {dag.py:3239} INFO - Sync 1 DAGs
[2024-09-26T02:13:29.582+0100] {logging_mixin.py:190} INFO - [2024-09-26T02:13:29.581+0100] {dag.py:4180} INFO - Setting next_dagrun for example_task_group to None, run_after=None
[2024-09-26T02:13:29.649+0100] {processor.py:208} INFO - Processing /Users/rtewelde/airflow_venv/lib/python3.11/site-packages/airflow/example_dags/example_task_group.py took 0.782 seconds
[2024-09-26T02:22:04.081+0100] {processor.py:186} INFO - Started process (PID=37313) to work on /Users/rtewelde/airflow_venv/lib/python3.11/site-packages/airflow/example_dags/example_task_group.py
[2024-09-26T02:22:04.085+0100] {processor.py:914} INFO - Processing file /Users/rtewelde/airflow_venv/lib/python3.11/site-packages/airflow/example_dags/example_task_group.py for tasks to queue
[2024-09-26T02:22:04.088+0100] {logging_mixin.py:190} INFO - [2024-09-26T02:22:04.087+0100] {dagbag.py:588} INFO - Filling up the DagBag from /Users/rtewelde/airflow_venv/lib/python3.11/site-packages/airflow/example_dags/example_task_group.py
[2024-09-26T02:22:04.126+0100] {processor.py:925} INFO - DAG(s) 'example_task_group' retrieved from /Users/rtewelde/airflow_venv/lib/python3.11/site-packages/airflow/example_dags/example_task_group.py
[2024-09-26T02:22:04.695+0100] {logging_mixin.py:190} INFO - [2024-09-26T02:22:04.694+0100] {dag.py:3239} INFO - Sync 1 DAGs
[2024-09-26T02:22:04.741+0100] {logging_mixin.py:190} INFO - [2024-09-26T02:22:04.740+0100] {dag.py:4180} INFO - Setting next_dagrun for example_task_group to None, run_after=None
[2024-09-26T02:22:04.804+0100] {processor.py:208} INFO - Processing /Users/rtewelde/airflow_venv/lib/python3.11/site-packages/airflow/example_dags/example_task_group.py took 0.732 seconds
[2024-09-26T03:34:18.857+0100] {processor.py:186} INFO - Started process (PID=39182) to work on /Users/rtewelde/airflow_venv/lib/python3.11/site-packages/airflow/example_dags/example_task_group.py
[2024-09-26T03:34:18.861+0100] {processor.py:914} INFO - Processing file /Users/rtewelde/airflow_venv/lib/python3.11/site-packages/airflow/example_dags/example_task_group.py for tasks to queue
[2024-09-26T03:34:18.864+0100] {logging_mixin.py:190} INFO - [2024-09-26T03:34:18.863+0100] {dagbag.py:588} INFO - Filling up the DagBag from /Users/rtewelde/airflow_venv/lib/python3.11/site-packages/airflow/example_dags/example_task_group.py
[2024-09-26T03:34:18.898+0100] {processor.py:925} INFO - DAG(s) 'example_task_group' retrieved from /Users/rtewelde/airflow_venv/lib/python3.11/site-packages/airflow/example_dags/example_task_group.py
[2024-09-26T03:34:19.456+0100] {logging_mixin.py:190} INFO - [2024-09-26T03:34:19.455+0100] {dag.py:3239} INFO - Sync 1 DAGs
[2024-09-26T03:34:19.494+0100] {logging_mixin.py:190} INFO - [2024-09-26T03:34:19.493+0100] {dag.py:4180} INFO - Setting next_dagrun for example_task_group to None, run_after=None
[2024-09-26T03:34:19.559+0100] {processor.py:208} INFO - Processing /Users/rtewelde/airflow_venv/lib/python3.11/site-packages/airflow/example_dags/example_task_group.py took 0.716 seconds
[2024-09-26T03:42:31.300+0100] {processor.py:186} INFO - Started process (PID=41340) to work on /Users/rtewelde/airflow_venv/lib/python3.11/site-packages/airflow/example_dags/example_task_group.py
[2024-09-26T03:42:31.303+0100] {processor.py:914} INFO - Processing file /Users/rtewelde/airflow_venv/lib/python3.11/site-packages/airflow/example_dags/example_task_group.py for tasks to queue
[2024-09-26T03:42:31.309+0100] {logging_mixin.py:190} INFO - [2024-09-26T03:42:31.308+0100] {dagbag.py:588} INFO - Filling up the DagBag from /Users/rtewelde/airflow_venv/lib/python3.11/site-packages/airflow/example_dags/example_task_group.py
[2024-09-26T03:42:31.358+0100] {processor.py:925} INFO - DAG(s) 'example_task_group' retrieved from /Users/rtewelde/airflow_venv/lib/python3.11/site-packages/airflow/example_dags/example_task_group.py
[2024-09-26T03:42:32.068+0100] {logging_mixin.py:190} INFO - [2024-09-26T03:42:32.067+0100] {dag.py:3239} INFO - Sync 1 DAGs
[2024-09-26T03:42:32.114+0100] {logging_mixin.py:190} INFO - [2024-09-26T03:42:32.113+0100] {dag.py:4180} INFO - Setting next_dagrun for example_task_group to None, run_after=None
[2024-09-26T03:42:32.176+0100] {processor.py:208} INFO - Processing /Users/rtewelde/airflow_venv/lib/python3.11/site-packages/airflow/example_dags/example_task_group.py took 0.893 seconds
[2024-09-26T04:40:13.871+0100] {processor.py:186} INFO - Started process (PID=43262) to work on /Users/rtewelde/airflow_venv/lib/python3.11/site-packages/airflow/example_dags/example_task_group.py
[2024-09-26T04:40:13.875+0100] {processor.py:914} INFO - Processing file /Users/rtewelde/airflow_venv/lib/python3.11/site-packages/airflow/example_dags/example_task_group.py for tasks to queue
[2024-09-26T04:40:13.881+0100] {logging_mixin.py:190} INFO - [2024-09-26T04:40:13.879+0100] {dagbag.py:588} INFO - Filling up the DagBag from /Users/rtewelde/airflow_venv/lib/python3.11/site-packages/airflow/example_dags/example_task_group.py
[2024-09-26T04:40:13.916+0100] {processor.py:925} INFO - DAG(s) 'example_task_group' retrieved from /Users/rtewelde/airflow_venv/lib/python3.11/site-packages/airflow/example_dags/example_task_group.py
[2024-09-26T04:40:14.558+0100] {logging_mixin.py:190} INFO - [2024-09-26T04:40:14.557+0100] {dag.py:3239} INFO - Sync 1 DAGs
[2024-09-26T04:40:14.595+0100] {logging_mixin.py:190} INFO - [2024-09-26T04:40:14.595+0100] {dag.py:4180} INFO - Setting next_dagrun for example_task_group to None, run_after=None
[2024-09-26T04:40:14.664+0100] {processor.py:208} INFO - Processing /Users/rtewelde/airflow_venv/lib/python3.11/site-packages/airflow/example_dags/example_task_group.py took 0.801 seconds
[2024-09-26T04:48:56.040+0100] {processor.py:186} INFO - Started process (PID=45482) to work on /Users/rtewelde/airflow_venv/lib/python3.11/site-packages/airflow/example_dags/example_task_group.py
[2024-09-26T04:48:56.045+0100] {processor.py:914} INFO - Processing file /Users/rtewelde/airflow_venv/lib/python3.11/site-packages/airflow/example_dags/example_task_group.py for tasks to queue
[2024-09-26T04:48:56.048+0100] {logging_mixin.py:190} INFO - [2024-09-26T04:48:56.047+0100] {dagbag.py:588} INFO - Filling up the DagBag from /Users/rtewelde/airflow_venv/lib/python3.11/site-packages/airflow/example_dags/example_task_group.py
[2024-09-26T04:48:56.089+0100] {processor.py:925} INFO - DAG(s) 'example_task_group' retrieved from /Users/rtewelde/airflow_venv/lib/python3.11/site-packages/airflow/example_dags/example_task_group.py
[2024-09-26T04:48:56.690+0100] {logging_mixin.py:190} INFO - [2024-09-26T04:48:56.689+0100] {dag.py:3239} INFO - Sync 1 DAGs
[2024-09-26T04:48:56.757+0100] {logging_mixin.py:190} INFO - [2024-09-26T04:48:56.756+0100] {dag.py:4180} INFO - Setting next_dagrun for example_task_group to None, run_after=None
[2024-09-26T04:48:56.820+0100] {processor.py:208} INFO - Processing /Users/rtewelde/airflow_venv/lib/python3.11/site-packages/airflow/example_dags/example_task_group.py took 0.788 seconds
[2024-09-26T04:57:56.940+0100] {processor.py:186} INFO - Started process (PID=47818) to work on /Users/rtewelde/airflow_venv/lib/python3.11/site-packages/airflow/example_dags/example_task_group.py
[2024-09-26T04:57:56.943+0100] {processor.py:914} INFO - Processing file /Users/rtewelde/airflow_venv/lib/python3.11/site-packages/airflow/example_dags/example_task_group.py for tasks to queue
[2024-09-26T04:57:56.947+0100] {logging_mixin.py:190} INFO - [2024-09-26T04:57:56.946+0100] {dagbag.py:588} INFO - Filling up the DagBag from /Users/rtewelde/airflow_venv/lib/python3.11/site-packages/airflow/example_dags/example_task_group.py
[2024-09-26T04:57:56.980+0100] {processor.py:925} INFO - DAG(s) 'example_task_group' retrieved from /Users/rtewelde/airflow_venv/lib/python3.11/site-packages/airflow/example_dags/example_task_group.py
[2024-09-26T04:57:57.538+0100] {logging_mixin.py:190} INFO - [2024-09-26T04:57:57.537+0100] {dag.py:3239} INFO - Sync 1 DAGs
[2024-09-26T04:57:57.581+0100] {logging_mixin.py:190} INFO - [2024-09-26T04:57:57.580+0100] {dag.py:4180} INFO - Setting next_dagrun for example_task_group to None, run_after=None
[2024-09-26T04:57:57.646+0100] {processor.py:208} INFO - Processing /Users/rtewelde/airflow_venv/lib/python3.11/site-packages/airflow/example_dags/example_task_group.py took 0.715 seconds
[2024-09-26T05:07:01.428+0100] {processor.py:186} INFO - Started process (PID=50122) to work on /Users/rtewelde/airflow_venv/lib/python3.11/site-packages/airflow/example_dags/example_task_group.py
[2024-09-26T05:07:01.432+0100] {processor.py:914} INFO - Processing file /Users/rtewelde/airflow_venv/lib/python3.11/site-packages/airflow/example_dags/example_task_group.py for tasks to queue
[2024-09-26T05:07:01.435+0100] {logging_mixin.py:190} INFO - [2024-09-26T05:07:01.435+0100] {dagbag.py:588} INFO - Filling up the DagBag from /Users/rtewelde/airflow_venv/lib/python3.11/site-packages/airflow/example_dags/example_task_group.py
[2024-09-26T05:07:01.483+0100] {processor.py:925} INFO - DAG(s) 'example_task_group' retrieved from /Users/rtewelde/airflow_venv/lib/python3.11/site-packages/airflow/example_dags/example_task_group.py
[2024-09-26T05:07:02.097+0100] {logging_mixin.py:190} INFO - [2024-09-26T05:07:02.096+0100] {dag.py:3239} INFO - Sync 1 DAGs
[2024-09-26T05:07:02.135+0100] {logging_mixin.py:190} INFO - [2024-09-26T05:07:02.135+0100] {dag.py:4180} INFO - Setting next_dagrun for example_task_group to None, run_after=None
[2024-09-26T05:07:02.213+0100] {processor.py:208} INFO - Processing /Users/rtewelde/airflow_venv/lib/python3.11/site-packages/airflow/example_dags/example_task_group.py took 0.794 seconds
[2024-09-26T05:16:00.313+0100] {processor.py:186} INFO - Started process (PID=52457) to work on /Users/rtewelde/airflow_venv/lib/python3.11/site-packages/airflow/example_dags/example_task_group.py
[2024-09-26T05:16:00.317+0100] {processor.py:914} INFO - Processing file /Users/rtewelde/airflow_venv/lib/python3.11/site-packages/airflow/example_dags/example_task_group.py for tasks to queue
[2024-09-26T05:16:00.321+0100] {logging_mixin.py:190} INFO - [2024-09-26T05:16:00.320+0100] {dagbag.py:588} INFO - Filling up the DagBag from /Users/rtewelde/airflow_venv/lib/python3.11/site-packages/airflow/example_dags/example_task_group.py
[2024-09-26T05:16:00.360+0100] {processor.py:925} INFO - DAG(s) 'example_task_group' retrieved from /Users/rtewelde/airflow_venv/lib/python3.11/site-packages/airflow/example_dags/example_task_group.py
[2024-09-26T05:16:01.001+0100] {logging_mixin.py:190} INFO - [2024-09-26T05:16:01.000+0100] {dag.py:3239} INFO - Sync 1 DAGs
[2024-09-26T05:16:01.039+0100] {logging_mixin.py:190} INFO - [2024-09-26T05:16:01.038+0100] {dag.py:4180} INFO - Setting next_dagrun for example_task_group to None, run_after=None
[2024-09-26T05:16:01.107+0100] {processor.py:208} INFO - Processing /Users/rtewelde/airflow_venv/lib/python3.11/site-packages/airflow/example_dags/example_task_group.py took 0.803 seconds
[2024-09-26T07:24:04.700+0100] {processor.py:186} INFO - Started process (PID=54540) to work on /Users/rtewelde/airflow_venv/lib/python3.11/site-packages/airflow/example_dags/example_task_group.py
[2024-09-26T07:24:04.703+0100] {processor.py:914} INFO - Processing file /Users/rtewelde/airflow_venv/lib/python3.11/site-packages/airflow/example_dags/example_task_group.py for tasks to queue
[2024-09-26T07:24:04.707+0100] {logging_mixin.py:190} INFO - [2024-09-26T07:24:04.706+0100] {dagbag.py:588} INFO - Filling up the DagBag from /Users/rtewelde/airflow_venv/lib/python3.11/site-packages/airflow/example_dags/example_task_group.py
[2024-09-26T07:24:04.746+0100] {processor.py:925} INFO - DAG(s) 'example_task_group' retrieved from /Users/rtewelde/airflow_venv/lib/python3.11/site-packages/airflow/example_dags/example_task_group.py
[2024-09-26T07:24:05.346+0100] {logging_mixin.py:190} INFO - [2024-09-26T07:24:05.345+0100] {dag.py:3239} INFO - Sync 1 DAGs
[2024-09-26T07:24:05.392+0100] {logging_mixin.py:190} INFO - [2024-09-26T07:24:05.391+0100] {dag.py:4180} INFO - Setting next_dagrun for example_task_group to None, run_after=None
[2024-09-26T07:24:05.455+0100] {processor.py:208} INFO - Processing /Users/rtewelde/airflow_venv/lib/python3.11/site-packages/airflow/example_dags/example_task_group.py took 0.766 seconds
[2024-09-26T08:32:01.339+0100] {processor.py:186} INFO - Started process (PID=56350) to work on /Users/rtewelde/airflow_venv/lib/python3.11/site-packages/airflow/example_dags/example_task_group.py
[2024-09-26T08:32:01.340+0100] {processor.py:914} INFO - Processing file /Users/rtewelde/airflow_venv/lib/python3.11/site-packages/airflow/example_dags/example_task_group.py for tasks to queue
[2024-09-26T08:32:01.341+0100] {logging_mixin.py:190} INFO - [2024-09-26T08:32:01.341+0100] {dagbag.py:588} INFO - Filling up the DagBag from /Users/rtewelde/airflow_venv/lib/python3.11/site-packages/airflow/example_dags/example_task_group.py
[2024-09-26T08:32:01.352+0100] {processor.py:925} INFO - DAG(s) 'example_task_group' retrieved from /Users/rtewelde/airflow_venv/lib/python3.11/site-packages/airflow/example_dags/example_task_group.py
[2024-09-26T08:32:01.508+0100] {logging_mixin.py:190} INFO - [2024-09-26T08:32:01.508+0100] {dag.py:3239} INFO - Sync 1 DAGs
[2024-09-26T08:32:01.518+0100] {logging_mixin.py:190} INFO - [2024-09-26T08:32:01.518+0100] {dag.py:4180} INFO - Setting next_dagrun for example_task_group to None, run_after=None
[2024-09-26T08:32:01.537+0100] {processor.py:208} INFO - Processing /Users/rtewelde/airflow_venv/lib/python3.11/site-packages/airflow/example_dags/example_task_group.py took 0.201 seconds
[2024-09-26T19:01:16.350+0100] {processor.py:186} INFO - Started process (PID=57825) to work on /Users/rtewelde/airflow_venv/lib/python3.11/site-packages/airflow/example_dags/example_task_group.py
[2024-09-26T19:01:16.353+0100] {processor.py:914} INFO - Processing file /Users/rtewelde/airflow_venv/lib/python3.11/site-packages/airflow/example_dags/example_task_group.py for tasks to queue
[2024-09-26T19:01:16.356+0100] {logging_mixin.py:190} INFO - [2024-09-26T19:01:16.356+0100] {dagbag.py:588} INFO - Filling up the DagBag from /Users/rtewelde/airflow_venv/lib/python3.11/site-packages/airflow/example_dags/example_task_group.py
[2024-09-26T19:01:16.387+0100] {processor.py:925} INFO - DAG(s) 'example_task_group' retrieved from /Users/rtewelde/airflow_venv/lib/python3.11/site-packages/airflow/example_dags/example_task_group.py
[2024-09-26T19:01:16.810+0100] {logging_mixin.py:190} INFO - [2024-09-26T19:01:16.810+0100] {dag.py:3239} INFO - Sync 1 DAGs
[2024-09-26T19:01:16.836+0100] {logging_mixin.py:190} INFO - [2024-09-26T19:01:16.835+0100] {dag.py:4180} INFO - Setting next_dagrun for example_task_group to None, run_after=None
[2024-09-26T19:01:16.876+0100] {processor.py:208} INFO - Processing /Users/rtewelde/airflow_venv/lib/python3.11/site-packages/airflow/example_dags/example_task_group.py took 0.534 seconds
