[2024-09-26T01:06:30.035+0100] {processor.py:186} INFO - Started process (PID=29403) to work on /Users/rtewelde/airflow_venv/lib/python3.11/site-packages/airflow/example_dags/example_dataset_alias_with_no_taskflow.py
[2024-09-26T01:06:30.039+0100] {processor.py:914} INFO - Processing file /Users/rtewelde/airflow_venv/lib/python3.11/site-packages/airflow/example_dags/example_dataset_alias_with_no_taskflow.py for tasks to queue
[2024-09-26T01:06:30.046+0100] {logging_mixin.py:190} INFO - [2024-09-26T01:06:30.045+0100] {dagbag.py:588} INFO - Filling up the DagBag from /Users/rtewelde/airflow_venv/lib/python3.11/site-packages/airflow/example_dags/example_dataset_alias_with_no_taskflow.py
[2024-09-26T01:06:30.832+0100] {processor.py:925} INFO - DAG(s) 'dataset_alias_example_alias_producer_with_no_taskflow', 'dataset_s3_bucket_consumer_with_no_taskflow', 'dataset_s3_bucket_producer_with_no_taskflow', 'dataset_alias_example_alias_consumer_with_no_taskflow' retrieved from /Users/rtewelde/airflow_venv/lib/python3.11/site-packages/airflow/example_dags/example_dataset_alias_with_no_taskflow.py
[2024-09-26T01:06:30.933+0100] {logging_mixin.py:190} INFO - [2024-09-26T01:06:30.931+0100] {dag.py:3239} INFO - Sync 4 DAGs
[2024-09-26T01:06:31.011+0100] {logging_mixin.py:190} INFO - [2024-09-26T01:06:31.010+0100] {dag.py:4180} INFO - Setting next_dagrun for dataset_alias_example_alias_consumer_with_no_taskflow to None, run_after=None
[2024-09-26T01:06:31.018+0100] {logging_mixin.py:190} INFO - [2024-09-26T01:06:31.017+0100] {dag.py:4180} INFO - Setting next_dagrun for dataset_alias_example_alias_producer_with_no_taskflow to None, run_after=None
[2024-09-26T01:06:31.021+0100] {logging_mixin.py:190} INFO - [2024-09-26T01:06:31.021+0100] {dag.py:4180} INFO - Setting next_dagrun for dataset_s3_bucket_consumer_with_no_taskflow to None, run_after=None
[2024-09-26T01:06:31.027+0100] {logging_mixin.py:190} INFO - [2024-09-26T01:06:31.026+0100] {dag.py:4180} INFO - Setting next_dagrun for dataset_s3_bucket_producer_with_no_taskflow to None, run_after=None
[2024-09-26T01:06:31.104+0100] {processor.py:208} INFO - Processing /Users/rtewelde/airflow_venv/lib/python3.11/site-packages/airflow/example_dags/example_dataset_alias_with_no_taskflow.py took 1.079 seconds
[2024-09-26T01:15:34.457+0100] {processor.py:186} INFO - Started process (PID=31725) to work on /Users/rtewelde/airflow_venv/lib/python3.11/site-packages/airflow/example_dags/example_dataset_alias_with_no_taskflow.py
[2024-09-26T01:15:34.464+0100] {processor.py:914} INFO - Processing file /Users/rtewelde/airflow_venv/lib/python3.11/site-packages/airflow/example_dags/example_dataset_alias_with_no_taskflow.py for tasks to queue
[2024-09-26T01:15:34.468+0100] {logging_mixin.py:190} INFO - [2024-09-26T01:15:34.467+0100] {dagbag.py:588} INFO - Filling up the DagBag from /Users/rtewelde/airflow_venv/lib/python3.11/site-packages/airflow/example_dags/example_dataset_alias_with_no_taskflow.py
[2024-09-26T01:15:35.302+0100] {processor.py:925} INFO - DAG(s) 'dataset_s3_bucket_consumer_with_no_taskflow', 'dataset_s3_bucket_producer_with_no_taskflow', 'dataset_alias_example_alias_consumer_with_no_taskflow', 'dataset_alias_example_alias_producer_with_no_taskflow' retrieved from /Users/rtewelde/airflow_venv/lib/python3.11/site-packages/airflow/example_dags/example_dataset_alias_with_no_taskflow.py
[2024-09-26T01:15:35.419+0100] {logging_mixin.py:190} INFO - [2024-09-26T01:15:35.418+0100] {dag.py:3239} INFO - Sync 4 DAGs
[2024-09-26T01:15:35.514+0100] {logging_mixin.py:190} INFO - [2024-09-26T01:15:35.513+0100] {dag.py:4180} INFO - Setting next_dagrun for dataset_alias_example_alias_consumer_with_no_taskflow to None, run_after=None
[2024-09-26T01:15:35.525+0100] {logging_mixin.py:190} INFO - [2024-09-26T01:15:35.525+0100] {dag.py:4180} INFO - Setting next_dagrun for dataset_alias_example_alias_producer_with_no_taskflow to None, run_after=None
[2024-09-26T01:15:35.530+0100] {logging_mixin.py:190} INFO - [2024-09-26T01:15:35.529+0100] {dag.py:4180} INFO - Setting next_dagrun for dataset_s3_bucket_consumer_with_no_taskflow to None, run_after=None
[2024-09-26T01:15:35.534+0100] {logging_mixin.py:190} INFO - [2024-09-26T01:15:35.533+0100] {dag.py:4180} INFO - Setting next_dagrun for dataset_s3_bucket_producer_with_no_taskflow to None, run_after=None
[2024-09-26T01:15:35.634+0100] {processor.py:208} INFO - Processing /Users/rtewelde/airflow_venv/lib/python3.11/site-packages/airflow/example_dags/example_dataset_alias_with_no_taskflow.py took 1.194 seconds
[2024-09-26T02:09:04.327+0100] {processor.py:186} INFO - Started process (PID=33942) to work on /Users/rtewelde/airflow_venv/lib/python3.11/site-packages/airflow/example_dags/example_dataset_alias_with_no_taskflow.py
[2024-09-26T02:09:04.333+0100] {processor.py:914} INFO - Processing file /Users/rtewelde/airflow_venv/lib/python3.11/site-packages/airflow/example_dags/example_dataset_alias_with_no_taskflow.py for tasks to queue
[2024-09-26T02:09:04.337+0100] {logging_mixin.py:190} INFO - [2024-09-26T02:09:04.336+0100] {dagbag.py:588} INFO - Filling up the DagBag from /Users/rtewelde/airflow_venv/lib/python3.11/site-packages/airflow/example_dags/example_dataset_alias_with_no_taskflow.py
[2024-09-26T02:09:05.319+0100] {processor.py:925} INFO - DAG(s) 'dataset_alias_example_alias_producer_with_no_taskflow', 'dataset_s3_bucket_consumer_with_no_taskflow', 'dataset_alias_example_alias_consumer_with_no_taskflow', 'dataset_s3_bucket_producer_with_no_taskflow' retrieved from /Users/rtewelde/airflow_venv/lib/python3.11/site-packages/airflow/example_dags/example_dataset_alias_with_no_taskflow.py
[2024-09-26T02:09:05.436+0100] {logging_mixin.py:190} INFO - [2024-09-26T02:09:05.431+0100] {dag.py:3239} INFO - Sync 4 DAGs
[2024-09-26T02:09:05.511+0100] {logging_mixin.py:190} INFO - [2024-09-26T02:09:05.510+0100] {dag.py:4180} INFO - Setting next_dagrun for dataset_alias_example_alias_consumer_with_no_taskflow to None, run_after=None
[2024-09-26T02:09:05.519+0100] {logging_mixin.py:190} INFO - [2024-09-26T02:09:05.518+0100] {dag.py:4180} INFO - Setting next_dagrun for dataset_alias_example_alias_producer_with_no_taskflow to None, run_after=None
[2024-09-26T02:09:05.523+0100] {logging_mixin.py:190} INFO - [2024-09-26T02:09:05.522+0100] {dag.py:4180} INFO - Setting next_dagrun for dataset_s3_bucket_consumer_with_no_taskflow to None, run_after=None
[2024-09-26T02:09:05.529+0100] {logging_mixin.py:190} INFO - [2024-09-26T02:09:05.528+0100] {dag.py:4180} INFO - Setting next_dagrun for dataset_s3_bucket_producer_with_no_taskflow to None, run_after=None
[2024-09-26T02:09:05.610+0100] {processor.py:208} INFO - Processing /Users/rtewelde/airflow_venv/lib/python3.11/site-packages/airflow/example_dags/example_dataset_alias_with_no_taskflow.py took 1.293 seconds
[2024-09-26T02:17:52.376+0100] {processor.py:186} INFO - Started process (PID=36214) to work on /Users/rtewelde/airflow_venv/lib/python3.11/site-packages/airflow/example_dags/example_dataset_alias_with_no_taskflow.py
[2024-09-26T02:17:52.380+0100] {processor.py:914} INFO - Processing file /Users/rtewelde/airflow_venv/lib/python3.11/site-packages/airflow/example_dags/example_dataset_alias_with_no_taskflow.py for tasks to queue
[2024-09-26T02:17:52.384+0100] {logging_mixin.py:190} INFO - [2024-09-26T02:17:52.383+0100] {dagbag.py:588} INFO - Filling up the DagBag from /Users/rtewelde/airflow_venv/lib/python3.11/site-packages/airflow/example_dags/example_dataset_alias_with_no_taskflow.py
[2024-09-26T02:17:53.157+0100] {processor.py:925} INFO - DAG(s) 'dataset_alias_example_alias_consumer_with_no_taskflow', 'dataset_s3_bucket_producer_with_no_taskflow', 'dataset_s3_bucket_consumer_with_no_taskflow', 'dataset_alias_example_alias_producer_with_no_taskflow' retrieved from /Users/rtewelde/airflow_venv/lib/python3.11/site-packages/airflow/example_dags/example_dataset_alias_with_no_taskflow.py
[2024-09-26T02:17:53.244+0100] {logging_mixin.py:190} INFO - [2024-09-26T02:17:53.242+0100] {dag.py:3239} INFO - Sync 4 DAGs
[2024-09-26T02:17:53.320+0100] {logging_mixin.py:190} INFO - [2024-09-26T02:17:53.319+0100] {dag.py:4180} INFO - Setting next_dagrun for dataset_alias_example_alias_consumer_with_no_taskflow to None, run_after=None
[2024-09-26T02:17:53.328+0100] {logging_mixin.py:190} INFO - [2024-09-26T02:17:53.327+0100] {dag.py:4180} INFO - Setting next_dagrun for dataset_alias_example_alias_producer_with_no_taskflow to None, run_after=None
[2024-09-26T02:17:53.331+0100] {logging_mixin.py:190} INFO - [2024-09-26T02:17:53.331+0100] {dag.py:4180} INFO - Setting next_dagrun for dataset_s3_bucket_consumer_with_no_taskflow to None, run_after=None
[2024-09-26T02:17:53.335+0100] {logging_mixin.py:190} INFO - [2024-09-26T02:17:53.334+0100] {dag.py:4180} INFO - Setting next_dagrun for dataset_s3_bucket_producer_with_no_taskflow to None, run_after=None
[2024-09-26T02:17:53.413+0100] {processor.py:208} INFO - Processing /Users/rtewelde/airflow_venv/lib/python3.11/site-packages/airflow/example_dags/example_dataset_alias_with_no_taskflow.py took 1.046 seconds
[2024-09-26T02:57:49.677+0100] {processor.py:186} INFO - Started process (PID=38231) to work on /Users/rtewelde/airflow_venv/lib/python3.11/site-packages/airflow/example_dags/example_dataset_alias_with_no_taskflow.py
[2024-09-26T02:57:49.680+0100] {processor.py:914} INFO - Processing file /Users/rtewelde/airflow_venv/lib/python3.11/site-packages/airflow/example_dags/example_dataset_alias_with_no_taskflow.py for tasks to queue
[2024-09-26T02:57:49.684+0100] {logging_mixin.py:190} INFO - [2024-09-26T02:57:49.683+0100] {dagbag.py:588} INFO - Filling up the DagBag from /Users/rtewelde/airflow_venv/lib/python3.11/site-packages/airflow/example_dags/example_dataset_alias_with_no_taskflow.py
[2024-09-26T02:57:50.506+0100] {processor.py:925} INFO - DAG(s) 'dataset_alias_example_alias_producer_with_no_taskflow', 'dataset_s3_bucket_producer_with_no_taskflow', 'dataset_s3_bucket_consumer_with_no_taskflow', 'dataset_alias_example_alias_consumer_with_no_taskflow' retrieved from /Users/rtewelde/airflow_venv/lib/python3.11/site-packages/airflow/example_dags/example_dataset_alias_with_no_taskflow.py
[2024-09-26T02:57:50.608+0100] {logging_mixin.py:190} INFO - [2024-09-26T02:57:50.606+0100] {dag.py:3239} INFO - Sync 4 DAGs
[2024-09-26T02:57:50.684+0100] {logging_mixin.py:190} INFO - [2024-09-26T02:57:50.683+0100] {dag.py:4180} INFO - Setting next_dagrun for dataset_alias_example_alias_consumer_with_no_taskflow to None, run_after=None
[2024-09-26T02:57:50.691+0100] {logging_mixin.py:190} INFO - [2024-09-26T02:57:50.690+0100] {dag.py:4180} INFO - Setting next_dagrun for dataset_alias_example_alias_producer_with_no_taskflow to None, run_after=None
[2024-09-26T02:57:50.694+0100] {logging_mixin.py:190} INFO - [2024-09-26T02:57:50.694+0100] {dag.py:4180} INFO - Setting next_dagrun for dataset_s3_bucket_consumer_with_no_taskflow to None, run_after=None
[2024-09-26T02:57:50.697+0100] {logging_mixin.py:190} INFO - [2024-09-26T02:57:50.697+0100] {dag.py:4180} INFO - Setting next_dagrun for dataset_s3_bucket_producer_with_no_taskflow to None, run_after=None
[2024-09-26T02:57:50.774+0100] {processor.py:208} INFO - Processing /Users/rtewelde/airflow_venv/lib/python3.11/site-packages/airflow/example_dags/example_dataset_alias_with_no_taskflow.py took 1.107 seconds
[2024-09-26T03:38:22.051+0100] {processor.py:186} INFO - Started process (PID=40279) to work on /Users/rtewelde/airflow_venv/lib/python3.11/site-packages/airflow/example_dags/example_dataset_alias_with_no_taskflow.py
[2024-09-26T03:38:22.054+0100] {processor.py:914} INFO - Processing file /Users/rtewelde/airflow_venv/lib/python3.11/site-packages/airflow/example_dags/example_dataset_alias_with_no_taskflow.py for tasks to queue
[2024-09-26T03:38:22.057+0100] {logging_mixin.py:190} INFO - [2024-09-26T03:38:22.056+0100] {dagbag.py:588} INFO - Filling up the DagBag from /Users/rtewelde/airflow_venv/lib/python3.11/site-packages/airflow/example_dags/example_dataset_alias_with_no_taskflow.py
[2024-09-26T03:38:22.792+0100] {processor.py:925} INFO - DAG(s) 'dataset_s3_bucket_producer_with_no_taskflow', 'dataset_alias_example_alias_producer_with_no_taskflow', 'dataset_alias_example_alias_consumer_with_no_taskflow', 'dataset_s3_bucket_consumer_with_no_taskflow' retrieved from /Users/rtewelde/airflow_venv/lib/python3.11/site-packages/airflow/example_dags/example_dataset_alias_with_no_taskflow.py
[2024-09-26T03:38:22.892+0100] {logging_mixin.py:190} INFO - [2024-09-26T03:38:22.891+0100] {dag.py:3239} INFO - Sync 4 DAGs
[2024-09-26T03:38:22.968+0100] {logging_mixin.py:190} INFO - [2024-09-26T03:38:22.968+0100] {dag.py:4180} INFO - Setting next_dagrun for dataset_alias_example_alias_consumer_with_no_taskflow to None, run_after=None
[2024-09-26T03:38:22.975+0100] {logging_mixin.py:190} INFO - [2024-09-26T03:38:22.974+0100] {dag.py:4180} INFO - Setting next_dagrun for dataset_alias_example_alias_producer_with_no_taskflow to None, run_after=None
[2024-09-26T03:38:22.978+0100] {logging_mixin.py:190} INFO - [2024-09-26T03:38:22.978+0100] {dag.py:4180} INFO - Setting next_dagrun for dataset_s3_bucket_consumer_with_no_taskflow to None, run_after=None
[2024-09-26T03:38:22.981+0100] {logging_mixin.py:190} INFO - [2024-09-26T03:38:22.981+0100] {dag.py:4180} INFO - Setting next_dagrun for dataset_s3_bucket_producer_with_no_taskflow to None, run_after=None
[2024-09-26T03:38:23.056+0100] {processor.py:208} INFO - Processing /Users/rtewelde/airflow_venv/lib/python3.11/site-packages/airflow/example_dags/example_dataset_alias_with_no_taskflow.py took 1.014 seconds
[2024-09-26T03:46:31.905+0100] {processor.py:186} INFO - Started process (PID=42363) to work on /Users/rtewelde/airflow_venv/lib/python3.11/site-packages/airflow/example_dags/example_dataset_alias_with_no_taskflow.py
[2024-09-26T03:46:31.908+0100] {processor.py:914} INFO - Processing file /Users/rtewelde/airflow_venv/lib/python3.11/site-packages/airflow/example_dags/example_dataset_alias_with_no_taskflow.py for tasks to queue
[2024-09-26T03:46:31.911+0100] {logging_mixin.py:190} INFO - [2024-09-26T03:46:31.911+0100] {dagbag.py:588} INFO - Filling up the DagBag from /Users/rtewelde/airflow_venv/lib/python3.11/site-packages/airflow/example_dags/example_dataset_alias_with_no_taskflow.py
[2024-09-26T03:46:32.668+0100] {processor.py:925} INFO - DAG(s) 'dataset_s3_bucket_consumer_with_no_taskflow', 'dataset_alias_example_alias_consumer_with_no_taskflow', 'dataset_alias_example_alias_producer_with_no_taskflow', 'dataset_s3_bucket_producer_with_no_taskflow' retrieved from /Users/rtewelde/airflow_venv/lib/python3.11/site-packages/airflow/example_dags/example_dataset_alias_with_no_taskflow.py
[2024-09-26T03:46:32.753+0100] {logging_mixin.py:190} INFO - [2024-09-26T03:46:32.752+0100] {dag.py:3239} INFO - Sync 4 DAGs
[2024-09-26T03:46:32.826+0100] {logging_mixin.py:190} INFO - [2024-09-26T03:46:32.825+0100] {dag.py:4180} INFO - Setting next_dagrun for dataset_alias_example_alias_consumer_with_no_taskflow to None, run_after=None
[2024-09-26T03:46:32.833+0100] {logging_mixin.py:190} INFO - [2024-09-26T03:46:32.832+0100] {dag.py:4180} INFO - Setting next_dagrun for dataset_alias_example_alias_producer_with_no_taskflow to None, run_after=None
[2024-09-26T03:46:32.836+0100] {logging_mixin.py:190} INFO - [2024-09-26T03:46:32.835+0100] {dag.py:4180} INFO - Setting next_dagrun for dataset_s3_bucket_consumer_with_no_taskflow to None, run_after=None
[2024-09-26T03:46:32.839+0100] {logging_mixin.py:190} INFO - [2024-09-26T03:46:32.838+0100] {dag.py:4180} INFO - Setting next_dagrun for dataset_s3_bucket_producer_with_no_taskflow to None, run_after=None
[2024-09-26T03:46:32.919+0100] {processor.py:208} INFO - Processing /Users/rtewelde/airflow_venv/lib/python3.11/site-packages/airflow/example_dags/example_dataset_alias_with_no_taskflow.py took 1.025 seconds
[2024-09-26T04:44:14.573+0100] {processor.py:186} INFO - Started process (PID=44287) to work on /Users/rtewelde/airflow_venv/lib/python3.11/site-packages/airflow/example_dags/example_dataset_alias_with_no_taskflow.py
[2024-09-26T04:44:14.576+0100] {processor.py:914} INFO - Processing file /Users/rtewelde/airflow_venv/lib/python3.11/site-packages/airflow/example_dags/example_dataset_alias_with_no_taskflow.py for tasks to queue
[2024-09-26T04:44:14.580+0100] {logging_mixin.py:190} INFO - [2024-09-26T04:44:14.579+0100] {dagbag.py:588} INFO - Filling up the DagBag from /Users/rtewelde/airflow_venv/lib/python3.11/site-packages/airflow/example_dags/example_dataset_alias_with_no_taskflow.py
[2024-09-26T04:44:15.327+0100] {processor.py:925} INFO - DAG(s) 'dataset_s3_bucket_consumer_with_no_taskflow', 'dataset_alias_example_alias_producer_with_no_taskflow', 'dataset_s3_bucket_producer_with_no_taskflow', 'dataset_alias_example_alias_consumer_with_no_taskflow' retrieved from /Users/rtewelde/airflow_venv/lib/python3.11/site-packages/airflow/example_dags/example_dataset_alias_with_no_taskflow.py
[2024-09-26T04:44:15.413+0100] {logging_mixin.py:190} INFO - [2024-09-26T04:44:15.412+0100] {dag.py:3239} INFO - Sync 4 DAGs
[2024-09-26T04:44:15.492+0100] {logging_mixin.py:190} INFO - [2024-09-26T04:44:15.491+0100] {dag.py:4180} INFO - Setting next_dagrun for dataset_alias_example_alias_consumer_with_no_taskflow to None, run_after=None
[2024-09-26T04:44:15.499+0100] {logging_mixin.py:190} INFO - [2024-09-26T04:44:15.499+0100] {dag.py:4180} INFO - Setting next_dagrun for dataset_alias_example_alias_producer_with_no_taskflow to None, run_after=None
[2024-09-26T04:44:15.503+0100] {logging_mixin.py:190} INFO - [2024-09-26T04:44:15.502+0100] {dag.py:4180} INFO - Setting next_dagrun for dataset_s3_bucket_consumer_with_no_taskflow to None, run_after=None
[2024-09-26T04:44:15.506+0100] {logging_mixin.py:190} INFO - [2024-09-26T04:44:15.506+0100] {dag.py:4180} INFO - Setting next_dagrun for dataset_s3_bucket_producer_with_no_taskflow to None, run_after=None
[2024-09-26T04:44:15.582+0100] {processor.py:208} INFO - Processing /Users/rtewelde/airflow_venv/lib/python3.11/site-packages/airflow/example_dags/example_dataset_alias_with_no_taskflow.py took 1.017 seconds
[2024-09-26T04:53:28.416+0100] {processor.py:186} INFO - Started process (PID=46630) to work on /Users/rtewelde/airflow_venv/lib/python3.11/site-packages/airflow/example_dags/example_dataset_alias_with_no_taskflow.py
[2024-09-26T04:53:28.421+0100] {processor.py:914} INFO - Processing file /Users/rtewelde/airflow_venv/lib/python3.11/site-packages/airflow/example_dags/example_dataset_alias_with_no_taskflow.py for tasks to queue
[2024-09-26T04:53:28.425+0100] {logging_mixin.py:190} INFO - [2024-09-26T04:53:28.424+0100] {dagbag.py:588} INFO - Filling up the DagBag from /Users/rtewelde/airflow_venv/lib/python3.11/site-packages/airflow/example_dags/example_dataset_alias_with_no_taskflow.py
[2024-09-26T04:53:29.257+0100] {processor.py:925} INFO - DAG(s) 'dataset_alias_example_alias_producer_with_no_taskflow', 'dataset_alias_example_alias_consumer_with_no_taskflow', 'dataset_s3_bucket_consumer_with_no_taskflow', 'dataset_s3_bucket_producer_with_no_taskflow' retrieved from /Users/rtewelde/airflow_venv/lib/python3.11/site-packages/airflow/example_dags/example_dataset_alias_with_no_taskflow.py
[2024-09-26T04:53:29.388+0100] {logging_mixin.py:190} INFO - [2024-09-26T04:53:29.385+0100] {dag.py:3239} INFO - Sync 4 DAGs
[2024-09-26T04:53:29.468+0100] {logging_mixin.py:190} INFO - [2024-09-26T04:53:29.468+0100] {dag.py:4180} INFO - Setting next_dagrun for dataset_alias_example_alias_consumer_with_no_taskflow to None, run_after=None
[2024-09-26T04:53:29.477+0100] {logging_mixin.py:190} INFO - [2024-09-26T04:53:29.476+0100] {dag.py:4180} INFO - Setting next_dagrun for dataset_alias_example_alias_producer_with_no_taskflow to None, run_after=None
[2024-09-26T04:53:29.482+0100] {logging_mixin.py:190} INFO - [2024-09-26T04:53:29.481+0100] {dag.py:4180} INFO - Setting next_dagrun for dataset_s3_bucket_consumer_with_no_taskflow to None, run_after=None
[2024-09-26T04:53:29.485+0100] {logging_mixin.py:190} INFO - [2024-09-26T04:53:29.485+0100] {dag.py:4180} INFO - Setting next_dagrun for dataset_s3_bucket_producer_with_no_taskflow to None, run_after=None
[2024-09-26T04:53:29.558+0100] {processor.py:208} INFO - Processing /Users/rtewelde/airflow_venv/lib/python3.11/site-packages/airflow/example_dags/example_dataset_alias_with_no_taskflow.py took 1.152 seconds
[2024-09-26T05:02:21.793+0100] {processor.py:186} INFO - Started process (PID=48929) to work on /Users/rtewelde/airflow_venv/lib/python3.11/site-packages/airflow/example_dags/example_dataset_alias_with_no_taskflow.py
[2024-09-26T05:02:21.796+0100] {processor.py:914} INFO - Processing file /Users/rtewelde/airflow_venv/lib/python3.11/site-packages/airflow/example_dags/example_dataset_alias_with_no_taskflow.py for tasks to queue
[2024-09-26T05:02:21.800+0100] {logging_mixin.py:190} INFO - [2024-09-26T05:02:21.799+0100] {dagbag.py:588} INFO - Filling up the DagBag from /Users/rtewelde/airflow_venv/lib/python3.11/site-packages/airflow/example_dags/example_dataset_alias_with_no_taskflow.py
[2024-09-26T05:02:22.623+0100] {processor.py:925} INFO - DAG(s) 'dataset_alias_example_alias_consumer_with_no_taskflow', 'dataset_s3_bucket_producer_with_no_taskflow', 'dataset_alias_example_alias_producer_with_no_taskflow', 'dataset_s3_bucket_consumer_with_no_taskflow' retrieved from /Users/rtewelde/airflow_venv/lib/python3.11/site-packages/airflow/example_dags/example_dataset_alias_with_no_taskflow.py
[2024-09-26T05:02:22.716+0100] {logging_mixin.py:190} INFO - [2024-09-26T05:02:22.715+0100] {dag.py:3239} INFO - Sync 4 DAGs
[2024-09-26T05:02:22.803+0100] {logging_mixin.py:190} INFO - [2024-09-26T05:02:22.802+0100] {dag.py:4180} INFO - Setting next_dagrun for dataset_alias_example_alias_consumer_with_no_taskflow to None, run_after=None
[2024-09-26T05:02:22.810+0100] {logging_mixin.py:190} INFO - [2024-09-26T05:02:22.809+0100] {dag.py:4180} INFO - Setting next_dagrun for dataset_alias_example_alias_producer_with_no_taskflow to None, run_after=None
[2024-09-26T05:02:22.814+0100] {logging_mixin.py:190} INFO - [2024-09-26T05:02:22.813+0100] {dag.py:4180} INFO - Setting next_dagrun for dataset_s3_bucket_consumer_with_no_taskflow to None, run_after=None
[2024-09-26T05:02:22.817+0100] {logging_mixin.py:190} INFO - [2024-09-26T05:02:22.817+0100] {dag.py:4180} INFO - Setting next_dagrun for dataset_s3_bucket_producer_with_no_taskflow to None, run_after=None
[2024-09-26T05:02:22.898+0100] {processor.py:208} INFO - Processing /Users/rtewelde/airflow_venv/lib/python3.11/site-packages/airflow/example_dags/example_dataset_alias_with_no_taskflow.py took 1.114 seconds
[2024-09-26T05:11:29.470+0100] {processor.py:186} INFO - Started process (PID=51255) to work on /Users/rtewelde/airflow_venv/lib/python3.11/site-packages/airflow/example_dags/example_dataset_alias_with_no_taskflow.py
[2024-09-26T05:11:29.473+0100] {processor.py:914} INFO - Processing file /Users/rtewelde/airflow_venv/lib/python3.11/site-packages/airflow/example_dags/example_dataset_alias_with_no_taskflow.py for tasks to queue
[2024-09-26T05:11:29.476+0100] {logging_mixin.py:190} INFO - [2024-09-26T05:11:29.475+0100] {dagbag.py:588} INFO - Filling up the DagBag from /Users/rtewelde/airflow_venv/lib/python3.11/site-packages/airflow/example_dags/example_dataset_alias_with_no_taskflow.py
[2024-09-26T05:11:30.299+0100] {processor.py:925} INFO - DAG(s) 'dataset_s3_bucket_producer_with_no_taskflow', 'dataset_alias_example_alias_producer_with_no_taskflow', 'dataset_s3_bucket_consumer_with_no_taskflow', 'dataset_alias_example_alias_consumer_with_no_taskflow' retrieved from /Users/rtewelde/airflow_venv/lib/python3.11/site-packages/airflow/example_dags/example_dataset_alias_with_no_taskflow.py
[2024-09-26T05:11:30.402+0100] {logging_mixin.py:190} INFO - [2024-09-26T05:11:30.401+0100] {dag.py:3239} INFO - Sync 4 DAGs
[2024-09-26T05:11:30.475+0100] {logging_mixin.py:190} INFO - [2024-09-26T05:11:30.474+0100] {dag.py:4180} INFO - Setting next_dagrun for dataset_alias_example_alias_consumer_with_no_taskflow to None, run_after=None
[2024-09-26T05:11:30.485+0100] {logging_mixin.py:190} INFO - [2024-09-26T05:11:30.484+0100] {dag.py:4180} INFO - Setting next_dagrun for dataset_alias_example_alias_producer_with_no_taskflow to None, run_after=None
[2024-09-26T05:11:30.493+0100] {logging_mixin.py:190} INFO - [2024-09-26T05:11:30.492+0100] {dag.py:4180} INFO - Setting next_dagrun for dataset_s3_bucket_consumer_with_no_taskflow to None, run_after=None
[2024-09-26T05:11:30.497+0100] {logging_mixin.py:190} INFO - [2024-09-26T05:11:30.496+0100] {dag.py:4180} INFO - Setting next_dagrun for dataset_s3_bucket_producer_with_no_taskflow to None, run_after=None
[2024-09-26T05:11:30.589+0100] {processor.py:208} INFO - Processing /Users/rtewelde/airflow_venv/lib/python3.11/site-packages/airflow/example_dags/example_dataset_alias_with_no_taskflow.py took 1.129 seconds
[2024-09-26T07:19:54.164+0100] {processor.py:186} INFO - Started process (PID=53470) to work on /Users/rtewelde/airflow_venv/lib/python3.11/site-packages/airflow/example_dags/example_dataset_alias_with_no_taskflow.py
[2024-09-26T07:19:54.167+0100] {processor.py:914} INFO - Processing file /Users/rtewelde/airflow_venv/lib/python3.11/site-packages/airflow/example_dags/example_dataset_alias_with_no_taskflow.py for tasks to queue
[2024-09-26T07:19:54.172+0100] {logging_mixin.py:190} INFO - [2024-09-26T07:19:54.171+0100] {dagbag.py:588} INFO - Filling up the DagBag from /Users/rtewelde/airflow_venv/lib/python3.11/site-packages/airflow/example_dags/example_dataset_alias_with_no_taskflow.py
[2024-09-26T07:19:54.917+0100] {processor.py:925} INFO - DAG(s) 'dataset_alias_example_alias_producer_with_no_taskflow', 'dataset_alias_example_alias_consumer_with_no_taskflow', 'dataset_s3_bucket_consumer_with_no_taskflow', 'dataset_s3_bucket_producer_with_no_taskflow' retrieved from /Users/rtewelde/airflow_venv/lib/python3.11/site-packages/airflow/example_dags/example_dataset_alias_with_no_taskflow.py
[2024-09-26T07:19:55.003+0100] {logging_mixin.py:190} INFO - [2024-09-26T07:19:55.001+0100] {dag.py:3239} INFO - Sync 4 DAGs
[2024-09-26T07:19:55.076+0100] {logging_mixin.py:190} INFO - [2024-09-26T07:19:55.075+0100] {dag.py:4180} INFO - Setting next_dagrun for dataset_alias_example_alias_consumer_with_no_taskflow to None, run_after=None
[2024-09-26T07:19:55.084+0100] {logging_mixin.py:190} INFO - [2024-09-26T07:19:55.083+0100] {dag.py:4180} INFO - Setting next_dagrun for dataset_alias_example_alias_producer_with_no_taskflow to None, run_after=None
[2024-09-26T07:19:55.087+0100] {logging_mixin.py:190} INFO - [2024-09-26T07:19:55.086+0100] {dag.py:4180} INFO - Setting next_dagrun for dataset_s3_bucket_consumer_with_no_taskflow to None, run_after=None
[2024-09-26T07:19:55.090+0100] {logging_mixin.py:190} INFO - [2024-09-26T07:19:55.090+0100] {dag.py:4180} INFO - Setting next_dagrun for dataset_s3_bucket_producer_with_no_taskflow to None, run_after=None
[2024-09-26T07:19:55.167+0100] {processor.py:208} INFO - Processing /Users/rtewelde/airflow_venv/lib/python3.11/site-packages/airflow/example_dags/example_dataset_alias_with_no_taskflow.py took 1.011 seconds
[2024-09-26T07:28:10.144+0100] {processor.py:186} INFO - Started process (PID=55610) to work on /Users/rtewelde/airflow_venv/lib/python3.11/site-packages/airflow/example_dags/example_dataset_alias_with_no_taskflow.py
[2024-09-26T07:28:10.148+0100] {processor.py:914} INFO - Processing file /Users/rtewelde/airflow_venv/lib/python3.11/site-packages/airflow/example_dags/example_dataset_alias_with_no_taskflow.py for tasks to queue
[2024-09-26T07:28:10.152+0100] {logging_mixin.py:190} INFO - [2024-09-26T07:28:10.151+0100] {dagbag.py:588} INFO - Filling up the DagBag from /Users/rtewelde/airflow_venv/lib/python3.11/site-packages/airflow/example_dags/example_dataset_alias_with_no_taskflow.py
[2024-09-26T07:28:10.948+0100] {processor.py:925} INFO - DAG(s) 'dataset_s3_bucket_producer_with_no_taskflow', 'dataset_alias_example_alias_consumer_with_no_taskflow', 'dataset_alias_example_alias_producer_with_no_taskflow', 'dataset_s3_bucket_consumer_with_no_taskflow' retrieved from /Users/rtewelde/airflow_venv/lib/python3.11/site-packages/airflow/example_dags/example_dataset_alias_with_no_taskflow.py
[2024-09-26T07:28:11.053+0100] {logging_mixin.py:190} INFO - [2024-09-26T07:28:11.051+0100] {dag.py:3239} INFO - Sync 4 DAGs
[2024-09-26T07:28:11.154+0100] {logging_mixin.py:190} INFO - [2024-09-26T07:28:11.153+0100] {dag.py:4180} INFO - Setting next_dagrun for dataset_alias_example_alias_consumer_with_no_taskflow to None, run_after=None
[2024-09-26T07:28:11.163+0100] {logging_mixin.py:190} INFO - [2024-09-26T07:28:11.162+0100] {dag.py:4180} INFO - Setting next_dagrun for dataset_alias_example_alias_producer_with_no_taskflow to None, run_after=None
[2024-09-26T07:28:11.166+0100] {logging_mixin.py:190} INFO - [2024-09-26T07:28:11.166+0100] {dag.py:4180} INFO - Setting next_dagrun for dataset_s3_bucket_consumer_with_no_taskflow to None, run_after=None
[2024-09-26T07:28:11.170+0100] {logging_mixin.py:190} INFO - [2024-09-26T07:28:11.169+0100] {dag.py:4180} INFO - Setting next_dagrun for dataset_s3_bucket_producer_with_no_taskflow to None, run_after=None
[2024-09-26T07:28:11.254+0100] {processor.py:208} INFO - Processing /Users/rtewelde/airflow_venv/lib/python3.11/site-packages/airflow/example_dags/example_dataset_alias_with_no_taskflow.py took 1.121 seconds
[2024-09-26T18:58:35.555+0100] {processor.py:186} INFO - Started process (PID=57085) to work on /Users/rtewelde/airflow_venv/lib/python3.11/site-packages/airflow/example_dags/example_dataset_alias_with_no_taskflow.py
[2024-09-26T18:58:35.556+0100] {processor.py:914} INFO - Processing file /Users/rtewelde/airflow_venv/lib/python3.11/site-packages/airflow/example_dags/example_dataset_alias_with_no_taskflow.py for tasks to queue
[2024-09-26T18:58:35.558+0100] {logging_mixin.py:190} INFO - [2024-09-26T18:58:35.558+0100] {dagbag.py:588} INFO - Filling up the DagBag from /Users/rtewelde/airflow_venv/lib/python3.11/site-packages/airflow/example_dags/example_dataset_alias_with_no_taskflow.py
[2024-09-26T18:58:36.106+0100] {processor.py:925} INFO - DAG(s) 'dataset_s3_bucket_consumer_with_no_taskflow', 'dataset_s3_bucket_producer_with_no_taskflow', 'dataset_alias_example_alias_consumer_with_no_taskflow', 'dataset_alias_example_alias_producer_with_no_taskflow' retrieved from /Users/rtewelde/airflow_venv/lib/python3.11/site-packages/airflow/example_dags/example_dataset_alias_with_no_taskflow.py
[2024-09-26T18:58:36.163+0100] {logging_mixin.py:190} INFO - [2024-09-26T18:58:36.162+0100] {dag.py:3239} INFO - Sync 4 DAGs
[2024-09-26T18:58:36.214+0100] {logging_mixin.py:190} INFO - [2024-09-26T18:58:36.213+0100] {dag.py:4180} INFO - Setting next_dagrun for dataset_alias_example_alias_consumer_with_no_taskflow to None, run_after=None
[2024-09-26T18:58:36.220+0100] {logging_mixin.py:190} INFO - [2024-09-26T18:58:36.220+0100] {dag.py:4180} INFO - Setting next_dagrun for dataset_alias_example_alias_producer_with_no_taskflow to None, run_after=None
[2024-09-26T18:58:36.224+0100] {logging_mixin.py:190} INFO - [2024-09-26T18:58:36.223+0100] {dag.py:4180} INFO - Setting next_dagrun for dataset_s3_bucket_consumer_with_no_taskflow to None, run_after=None
[2024-09-26T18:58:36.227+0100] {logging_mixin.py:190} INFO - [2024-09-26T18:58:36.227+0100] {dag.py:4180} INFO - Setting next_dagrun for dataset_s3_bucket_producer_with_no_taskflow to None, run_after=None
[2024-09-26T18:58:36.279+0100] {processor.py:208} INFO - Processing /Users/rtewelde/airflow_venv/lib/python3.11/site-packages/airflow/example_dags/example_dataset_alias_with_no_taskflow.py took 0.730 seconds
[2024-09-26T19:03:50.102+0100] {processor.py:186} INFO - Started process (PID=58525) to work on /Users/rtewelde/airflow_venv/lib/python3.11/site-packages/airflow/example_dags/example_dataset_alias_with_no_taskflow.py
[2024-09-26T19:03:50.104+0100] {processor.py:914} INFO - Processing file /Users/rtewelde/airflow_venv/lib/python3.11/site-packages/airflow/example_dags/example_dataset_alias_with_no_taskflow.py for tasks to queue
[2024-09-26T19:03:50.105+0100] {logging_mixin.py:190} INFO - [2024-09-26T19:03:50.105+0100] {dagbag.py:588} INFO - Filling up the DagBag from /Users/rtewelde/airflow_venv/lib/python3.11/site-packages/airflow/example_dags/example_dataset_alias_with_no_taskflow.py
[2024-09-26T19:03:50.428+0100] {processor.py:925} INFO - DAG(s) 'dataset_s3_bucket_producer_with_no_taskflow', 'dataset_alias_example_alias_consumer_with_no_taskflow', 'dataset_s3_bucket_consumer_with_no_taskflow', 'dataset_alias_example_alias_producer_with_no_taskflow' retrieved from /Users/rtewelde/airflow_venv/lib/python3.11/site-packages/airflow/example_dags/example_dataset_alias_with_no_taskflow.py
[2024-09-26T19:03:50.466+0100] {logging_mixin.py:190} INFO - [2024-09-26T19:03:50.465+0100] {dag.py:3239} INFO - Sync 4 DAGs
[2024-09-26T19:03:50.496+0100] {logging_mixin.py:190} INFO - [2024-09-26T19:03:50.496+0100] {dag.py:4180} INFO - Setting next_dagrun for dataset_alias_example_alias_consumer_with_no_taskflow to None, run_after=None
[2024-09-26T19:03:50.499+0100] {logging_mixin.py:190} INFO - [2024-09-26T19:03:50.499+0100] {dag.py:4180} INFO - Setting next_dagrun for dataset_alias_example_alias_producer_with_no_taskflow to None, run_after=None
[2024-09-26T19:03:50.501+0100] {logging_mixin.py:190} INFO - [2024-09-26T19:03:50.500+0100] {dag.py:4180} INFO - Setting next_dagrun for dataset_s3_bucket_consumer_with_no_taskflow to None, run_after=None
[2024-09-26T19:03:50.502+0100] {logging_mixin.py:190} INFO - [2024-09-26T19:03:50.502+0100] {dag.py:4180} INFO - Setting next_dagrun for dataset_s3_bucket_producer_with_no_taskflow to None, run_after=None
[2024-09-26T19:03:50.533+0100] {processor.py:208} INFO - Processing /Users/rtewelde/airflow_venv/lib/python3.11/site-packages/airflow/example_dags/example_dataset_alias_with_no_taskflow.py took 0.434 seconds
