[2024-09-26T01:05:32.251+0100] {processor.py:186} INFO - Started process (PID=29161) to work on /Users/rtewelde/airflow_venv/lib/python3.11/site-packages/airflow/example_dags/example_inlet_event_extra.py
[2024-09-26T01:05:32.255+0100] {processor.py:914} INFO - Processing file /Users/rtewelde/airflow_venv/lib/python3.11/site-packages/airflow/example_dags/example_inlet_event_extra.py for tasks to queue
[2024-09-26T01:05:32.259+0100] {logging_mixin.py:190} INFO - [2024-09-26T01:05:32.258+0100] {dagbag.py:588} INFO - Filling up the DagBag from /Users/rtewelde/airflow_venv/lib/python3.11/site-packages/airflow/example_dags/example_inlet_event_extra.py
[2024-09-26T01:05:32.716+0100] {processor.py:925} INFO - DAG(s) 'read_dataset_event', 'read_dataset_event_from_classic' retrieved from /Users/rtewelde/airflow_venv/lib/python3.11/site-packages/airflow/example_dags/example_inlet_event_extra.py
[2024-09-26T01:05:33.319+0100] {logging_mixin.py:190} INFO - [2024-09-26T01:05:33.319+0100] {dag.py:3239} INFO - Sync 2 DAGs
[2024-09-26T01:05:33.397+0100] {logging_mixin.py:190} INFO - [2024-09-26T01:05:33.396+0100] {dag.py:4180} INFO - Setting next_dagrun for read_dataset_event to 2024-09-25 00:00:00+00:00, run_after=2024-09-26 00:00:00+00:00
[2024-09-26T01:05:33.418+0100] {logging_mixin.py:190} INFO - [2024-09-26T01:05:33.417+0100] {dag.py:4180} INFO - Setting next_dagrun for read_dataset_event_from_classic to 2024-09-25 00:00:00+00:00, run_after=2024-09-26 00:00:00+00:00
[2024-09-26T01:05:33.488+0100] {processor.py:208} INFO - Processing /Users/rtewelde/airflow_venv/lib/python3.11/site-packages/airflow/example_dags/example_inlet_event_extra.py took 1.253 seconds
[2024-09-26T01:14:31.968+0100] {processor.py:186} INFO - Started process (PID=31464) to work on /Users/rtewelde/airflow_venv/lib/python3.11/site-packages/airflow/example_dags/example_inlet_event_extra.py
[2024-09-26T01:14:31.974+0100] {processor.py:914} INFO - Processing file /Users/rtewelde/airflow_venv/lib/python3.11/site-packages/airflow/example_dags/example_inlet_event_extra.py for tasks to queue
[2024-09-26T01:14:31.978+0100] {logging_mixin.py:190} INFO - [2024-09-26T01:14:31.977+0100] {dagbag.py:588} INFO - Filling up the DagBag from /Users/rtewelde/airflow_venv/lib/python3.11/site-packages/airflow/example_dags/example_inlet_event_extra.py
[2024-09-26T01:14:32.322+0100] {processor.py:925} INFO - DAG(s) 'read_dataset_event_from_classic', 'read_dataset_event' retrieved from /Users/rtewelde/airflow_venv/lib/python3.11/site-packages/airflow/example_dags/example_inlet_event_extra.py
[2024-09-26T01:14:33.044+0100] {logging_mixin.py:190} INFO - [2024-09-26T01:14:33.043+0100] {dag.py:3239} INFO - Sync 2 DAGs
[2024-09-26T01:14:33.126+0100] {logging_mixin.py:190} INFO - [2024-09-26T01:14:33.125+0100] {dag.py:4180} INFO - Setting next_dagrun for read_dataset_event to 2024-09-25 00:00:00+00:00, run_after=2024-09-26 00:00:00+00:00
[2024-09-26T01:14:33.142+0100] {logging_mixin.py:190} INFO - [2024-09-26T01:14:33.142+0100] {dag.py:4180} INFO - Setting next_dagrun for read_dataset_event_from_classic to 2024-09-25 00:00:00+00:00, run_after=2024-09-26 00:00:00+00:00
[2024-09-26T01:14:33.219+0100] {processor.py:208} INFO - Processing /Users/rtewelde/airflow_venv/lib/python3.11/site-packages/airflow/example_dags/example_inlet_event_extra.py took 1.264 seconds
[2024-09-26T02:08:03.592+0100] {processor.py:186} INFO - Started process (PID=33683) to work on /Users/rtewelde/airflow_venv/lib/python3.11/site-packages/airflow/example_dags/example_inlet_event_extra.py
[2024-09-26T02:08:03.598+0100] {processor.py:914} INFO - Processing file /Users/rtewelde/airflow_venv/lib/python3.11/site-packages/airflow/example_dags/example_inlet_event_extra.py for tasks to queue
[2024-09-26T02:08:03.604+0100] {logging_mixin.py:190} INFO - [2024-09-26T02:08:03.603+0100] {dagbag.py:588} INFO - Filling up the DagBag from /Users/rtewelde/airflow_venv/lib/python3.11/site-packages/airflow/example_dags/example_inlet_event_extra.py
[2024-09-26T02:08:03.949+0100] {processor.py:925} INFO - DAG(s) 'read_dataset_event', 'read_dataset_event_from_classic' retrieved from /Users/rtewelde/airflow_venv/lib/python3.11/site-packages/airflow/example_dags/example_inlet_event_extra.py
[2024-09-26T02:08:04.623+0100] {logging_mixin.py:190} INFO - [2024-09-26T02:08:04.622+0100] {dag.py:3239} INFO - Sync 2 DAGs
[2024-09-26T02:08:04.693+0100] {logging_mixin.py:190} INFO - [2024-09-26T02:08:04.692+0100] {dag.py:4180} INFO - Setting next_dagrun for read_dataset_event to 2024-09-25 00:00:00+00:00, run_after=2024-09-26 00:00:00+00:00
[2024-09-26T02:08:04.712+0100] {logging_mixin.py:190} INFO - [2024-09-26T02:08:04.710+0100] {dag.py:4180} INFO - Setting next_dagrun for read_dataset_event_from_classic to 2024-09-25 00:00:00+00:00, run_after=2024-09-26 00:00:00+00:00
[2024-09-26T02:08:04.772+0100] {processor.py:208} INFO - Processing /Users/rtewelde/airflow_venv/lib/python3.11/site-packages/airflow/example_dags/example_inlet_event_extra.py took 1.189 seconds
[2024-09-26T02:16:57.338+0100] {processor.py:186} INFO - Started process (PID=35966) to work on /Users/rtewelde/airflow_venv/lib/python3.11/site-packages/airflow/example_dags/example_inlet_event_extra.py
[2024-09-26T02:16:57.342+0100] {processor.py:914} INFO - Processing file /Users/rtewelde/airflow_venv/lib/python3.11/site-packages/airflow/example_dags/example_inlet_event_extra.py for tasks to queue
[2024-09-26T02:16:57.346+0100] {logging_mixin.py:190} INFO - [2024-09-26T02:16:57.345+0100] {dagbag.py:588} INFO - Filling up the DagBag from /Users/rtewelde/airflow_venv/lib/python3.11/site-packages/airflow/example_dags/example_inlet_event_extra.py
[2024-09-26T02:16:57.654+0100] {processor.py:925} INFO - DAG(s) 'read_dataset_event_from_classic', 'read_dataset_event' retrieved from /Users/rtewelde/airflow_venv/lib/python3.11/site-packages/airflow/example_dags/example_inlet_event_extra.py
[2024-09-26T02:16:58.269+0100] {logging_mixin.py:190} INFO - [2024-09-26T02:16:58.268+0100] {dag.py:3239} INFO - Sync 2 DAGs
[2024-09-26T02:16:58.348+0100] {logging_mixin.py:190} INFO - [2024-09-26T02:16:58.348+0100] {dag.py:4180} INFO - Setting next_dagrun for read_dataset_event to 2024-09-25 00:00:00+00:00, run_after=2024-09-26 00:00:00+00:00
[2024-09-26T02:16:58.365+0100] {logging_mixin.py:190} INFO - [2024-09-26T02:16:58.364+0100] {dag.py:4180} INFO - Setting next_dagrun for read_dataset_event_from_classic to 2024-09-25 00:00:00+00:00, run_after=2024-09-26 00:00:00+00:00
[2024-09-26T02:16:58.427+0100] {processor.py:208} INFO - Processing /Users/rtewelde/airflow_venv/lib/python3.11/site-packages/airflow/example_dags/example_inlet_event_extra.py took 1.097 seconds
[2024-09-26T02:40:03.089+0100] {processor.py:186} INFO - Started process (PID=38058) to work on /Users/rtewelde/airflow_venv/lib/python3.11/site-packages/airflow/example_dags/example_inlet_event_extra.py
[2024-09-26T02:40:03.092+0100] {processor.py:914} INFO - Processing file /Users/rtewelde/airflow_venv/lib/python3.11/site-packages/airflow/example_dags/example_inlet_event_extra.py for tasks to queue
[2024-09-26T02:40:03.097+0100] {logging_mixin.py:190} INFO - [2024-09-26T02:40:03.096+0100] {dagbag.py:588} INFO - Filling up the DagBag from /Users/rtewelde/airflow_venv/lib/python3.11/site-packages/airflow/example_dags/example_inlet_event_extra.py
[2024-09-26T02:40:03.415+0100] {processor.py:925} INFO - DAG(s) 'read_dataset_event', 'read_dataset_event_from_classic' retrieved from /Users/rtewelde/airflow_venv/lib/python3.11/site-packages/airflow/example_dags/example_inlet_event_extra.py
[2024-09-26T02:40:03.970+0100] {logging_mixin.py:190} INFO - [2024-09-26T02:40:03.969+0100] {dag.py:3239} INFO - Sync 2 DAGs
[2024-09-26T02:40:04.046+0100] {logging_mixin.py:190} INFO - [2024-09-26T02:40:04.045+0100] {dag.py:4180} INFO - Setting next_dagrun for read_dataset_event to 2024-09-25 00:00:00+00:00, run_after=2024-09-26 00:00:00+00:00
[2024-09-26T02:40:04.062+0100] {logging_mixin.py:190} INFO - [2024-09-26T02:40:04.061+0100] {dag.py:4180} INFO - Setting next_dagrun for read_dataset_event_from_classic to 2024-09-25 00:00:00+00:00, run_after=2024-09-26 00:00:00+00:00
[2024-09-26T02:40:04.120+0100] {processor.py:208} INFO - Processing /Users/rtewelde/airflow_venv/lib/python3.11/site-packages/airflow/example_dags/example_inlet_event_extra.py took 1.040 seconds
[2024-09-26T03:37:27.881+0100] {processor.py:186} INFO - Started process (PID=40049) to work on /Users/rtewelde/airflow_venv/lib/python3.11/site-packages/airflow/example_dags/example_inlet_event_extra.py
[2024-09-26T03:37:27.883+0100] {processor.py:914} INFO - Processing file /Users/rtewelde/airflow_venv/lib/python3.11/site-packages/airflow/example_dags/example_inlet_event_extra.py for tasks to queue
[2024-09-26T03:37:27.887+0100] {logging_mixin.py:190} INFO - [2024-09-26T03:37:27.886+0100] {dagbag.py:588} INFO - Filling up the DagBag from /Users/rtewelde/airflow_venv/lib/python3.11/site-packages/airflow/example_dags/example_inlet_event_extra.py
[2024-09-26T03:37:28.157+0100] {processor.py:925} INFO - DAG(s) 'read_dataset_event_from_classic', 'read_dataset_event' retrieved from /Users/rtewelde/airflow_venv/lib/python3.11/site-packages/airflow/example_dags/example_inlet_event_extra.py
[2024-09-26T03:37:28.714+0100] {logging_mixin.py:190} INFO - [2024-09-26T03:37:28.713+0100] {dag.py:3239} INFO - Sync 2 DAGs
[2024-09-26T03:37:28.793+0100] {logging_mixin.py:190} INFO - [2024-09-26T03:37:28.792+0100] {dag.py:4180} INFO - Setting next_dagrun for read_dataset_event to 2024-09-25 00:00:00+00:00, run_after=2024-09-26 00:00:00+00:00
[2024-09-26T03:37:28.809+0100] {logging_mixin.py:190} INFO - [2024-09-26T03:37:28.808+0100] {dag.py:4180} INFO - Setting next_dagrun for read_dataset_event_from_classic to 2024-09-25 00:00:00+00:00, run_after=2024-09-26 00:00:00+00:00
[2024-09-26T03:37:28.871+0100] {processor.py:208} INFO - Processing /Users/rtewelde/airflow_venv/lib/python3.11/site-packages/airflow/example_dags/example_inlet_event_extra.py took 0.999 seconds
[2024-09-26T03:45:38.980+0100] {processor.py:186} INFO - Started process (PID=42132) to work on /Users/rtewelde/airflow_venv/lib/python3.11/site-packages/airflow/example_dags/example_inlet_event_extra.py
[2024-09-26T03:45:38.983+0100] {processor.py:914} INFO - Processing file /Users/rtewelde/airflow_venv/lib/python3.11/site-packages/airflow/example_dags/example_inlet_event_extra.py for tasks to queue
[2024-09-26T03:45:38.986+0100] {logging_mixin.py:190} INFO - [2024-09-26T03:45:38.986+0100] {dagbag.py:588} INFO - Filling up the DagBag from /Users/rtewelde/airflow_venv/lib/python3.11/site-packages/airflow/example_dags/example_inlet_event_extra.py
[2024-09-26T03:45:39.256+0100] {processor.py:925} INFO - DAG(s) 'read_dataset_event_from_classic', 'read_dataset_event' retrieved from /Users/rtewelde/airflow_venv/lib/python3.11/site-packages/airflow/example_dags/example_inlet_event_extra.py
[2024-09-26T03:45:39.827+0100] {logging_mixin.py:190} INFO - [2024-09-26T03:45:39.826+0100] {dag.py:3239} INFO - Sync 2 DAGs
[2024-09-26T03:45:39.907+0100] {logging_mixin.py:190} INFO - [2024-09-26T03:45:39.906+0100] {dag.py:4180} INFO - Setting next_dagrun for read_dataset_event to 2024-09-25 00:00:00+00:00, run_after=2024-09-26 00:00:00+00:00
[2024-09-26T03:45:39.926+0100] {logging_mixin.py:190} INFO - [2024-09-26T03:45:39.925+0100] {dag.py:4180} INFO - Setting next_dagrun for read_dataset_event_from_classic to 2024-09-25 00:00:00+00:00, run_after=2024-09-26 00:00:00+00:00
[2024-09-26T03:45:40.005+0100] {processor.py:208} INFO - Processing /Users/rtewelde/airflow_venv/lib/python3.11/site-packages/airflow/example_dags/example_inlet_event_extra.py took 1.036 seconds
[2024-09-26T04:43:21.954+0100] {processor.py:186} INFO - Started process (PID=44063) to work on /Users/rtewelde/airflow_venv/lib/python3.11/site-packages/airflow/example_dags/example_inlet_event_extra.py
[2024-09-26T04:43:21.957+0100] {processor.py:914} INFO - Processing file /Users/rtewelde/airflow_venv/lib/python3.11/site-packages/airflow/example_dags/example_inlet_event_extra.py for tasks to queue
[2024-09-26T04:43:21.961+0100] {logging_mixin.py:190} INFO - [2024-09-26T04:43:21.960+0100] {dagbag.py:588} INFO - Filling up the DagBag from /Users/rtewelde/airflow_venv/lib/python3.11/site-packages/airflow/example_dags/example_inlet_event_extra.py
[2024-09-26T04:43:22.247+0100] {processor.py:925} INFO - DAG(s) 'read_dataset_event', 'read_dataset_event_from_classic' retrieved from /Users/rtewelde/airflow_venv/lib/python3.11/site-packages/airflow/example_dags/example_inlet_event_extra.py
[2024-09-26T04:43:22.801+0100] {logging_mixin.py:190} INFO - [2024-09-26T04:43:22.801+0100] {dag.py:3239} INFO - Sync 2 DAGs
[2024-09-26T04:43:22.885+0100] {logging_mixin.py:190} INFO - [2024-09-26T04:43:22.884+0100] {dag.py:4180} INFO - Setting next_dagrun for read_dataset_event to 2024-09-25 00:00:00+00:00, run_after=2024-09-26 00:00:00+00:00
[2024-09-26T04:43:22.901+0100] {logging_mixin.py:190} INFO - [2024-09-26T04:43:22.900+0100] {dag.py:4180} INFO - Setting next_dagrun for read_dataset_event_from_classic to 2024-09-25 00:00:00+00:00, run_after=2024-09-26 00:00:00+00:00
[2024-09-26T04:43:22.960+0100] {processor.py:208} INFO - Processing /Users/rtewelde/airflow_venv/lib/python3.11/site-packages/airflow/example_dags/example_inlet_event_extra.py took 1.015 seconds
[2024-09-26T04:52:30.034+0100] {processor.py:186} INFO - Started process (PID=46381) to work on /Users/rtewelde/airflow_venv/lib/python3.11/site-packages/airflow/example_dags/example_inlet_event_extra.py
[2024-09-26T04:52:30.040+0100] {processor.py:914} INFO - Processing file /Users/rtewelde/airflow_venv/lib/python3.11/site-packages/airflow/example_dags/example_inlet_event_extra.py for tasks to queue
[2024-09-26T04:52:30.044+0100] {logging_mixin.py:190} INFO - [2024-09-26T04:52:30.043+0100] {dagbag.py:588} INFO - Filling up the DagBag from /Users/rtewelde/airflow_venv/lib/python3.11/site-packages/airflow/example_dags/example_inlet_event_extra.py
[2024-09-26T04:52:30.368+0100] {processor.py:925} INFO - DAG(s) 'read_dataset_event', 'read_dataset_event_from_classic' retrieved from /Users/rtewelde/airflow_venv/lib/python3.11/site-packages/airflow/example_dags/example_inlet_event_extra.py
[2024-09-26T04:52:30.973+0100] {logging_mixin.py:190} INFO - [2024-09-26T04:52:30.972+0100] {dag.py:3239} INFO - Sync 2 DAGs
[2024-09-26T04:52:31.054+0100] {logging_mixin.py:190} INFO - [2024-09-26T04:52:31.053+0100] {dag.py:4180} INFO - Setting next_dagrun for read_dataset_event to 2024-09-25 00:00:00+00:00, run_after=2024-09-26 00:00:00+00:00
[2024-09-26T04:52:31.072+0100] {logging_mixin.py:190} INFO - [2024-09-26T04:52:31.071+0100] {dag.py:4180} INFO - Setting next_dagrun for read_dataset_event_from_classic to 2024-09-25 00:00:00+00:00, run_after=2024-09-26 00:00:00+00:00
[2024-09-26T04:52:31.133+0100] {processor.py:208} INFO - Processing /Users/rtewelde/airflow_venv/lib/python3.11/site-packages/airflow/example_dags/example_inlet_event_extra.py took 1.109 seconds
[2024-09-26T05:01:18.310+0100] {processor.py:186} INFO - Started process (PID=48671) to work on /Users/rtewelde/airflow_venv/lib/python3.11/site-packages/airflow/example_dags/example_inlet_event_extra.py
[2024-09-26T05:01:18.314+0100] {processor.py:914} INFO - Processing file /Users/rtewelde/airflow_venv/lib/python3.11/site-packages/airflow/example_dags/example_inlet_event_extra.py for tasks to queue
[2024-09-26T05:01:18.317+0100] {logging_mixin.py:190} INFO - [2024-09-26T05:01:18.316+0100] {dagbag.py:588} INFO - Filling up the DagBag from /Users/rtewelde/airflow_venv/lib/python3.11/site-packages/airflow/example_dags/example_inlet_event_extra.py
[2024-09-26T05:01:18.691+0100] {processor.py:925} INFO - DAG(s) 'read_dataset_event_from_classic', 'read_dataset_event' retrieved from /Users/rtewelde/airflow_venv/lib/python3.11/site-packages/airflow/example_dags/example_inlet_event_extra.py
[2024-09-26T05:01:19.318+0100] {logging_mixin.py:190} INFO - [2024-09-26T05:01:19.317+0100] {dag.py:3239} INFO - Sync 2 DAGs
[2024-09-26T05:01:19.399+0100] {logging_mixin.py:190} INFO - [2024-09-26T05:01:19.395+0100] {dag.py:4180} INFO - Setting next_dagrun for read_dataset_event to 2024-09-25 00:00:00+00:00, run_after=2024-09-26 00:00:00+00:00
[2024-09-26T05:01:19.430+0100] {logging_mixin.py:190} INFO - [2024-09-26T05:01:19.429+0100] {dag.py:4180} INFO - Setting next_dagrun for read_dataset_event_from_classic to 2024-09-25 00:00:00+00:00, run_after=2024-09-26 00:00:00+00:00
[2024-09-26T05:01:19.490+0100] {processor.py:208} INFO - Processing /Users/rtewelde/airflow_venv/lib/python3.11/site-packages/airflow/example_dags/example_inlet_event_extra.py took 1.196 seconds
[2024-09-26T05:10:31.023+0100] {processor.py:186} INFO - Started process (PID=51004) to work on /Users/rtewelde/airflow_venv/lib/python3.11/site-packages/airflow/example_dags/example_inlet_event_extra.py
[2024-09-26T05:10:31.029+0100] {processor.py:914} INFO - Processing file /Users/rtewelde/airflow_venv/lib/python3.11/site-packages/airflow/example_dags/example_inlet_event_extra.py for tasks to queue
[2024-09-26T05:10:31.033+0100] {logging_mixin.py:190} INFO - [2024-09-26T05:10:31.032+0100] {dagbag.py:588} INFO - Filling up the DagBag from /Users/rtewelde/airflow_venv/lib/python3.11/site-packages/airflow/example_dags/example_inlet_event_extra.py
[2024-09-26T05:10:31.374+0100] {processor.py:925} INFO - DAG(s) 'read_dataset_event_from_classic', 'read_dataset_event' retrieved from /Users/rtewelde/airflow_venv/lib/python3.11/site-packages/airflow/example_dags/example_inlet_event_extra.py
[2024-09-26T05:10:31.962+0100] {logging_mixin.py:190} INFO - [2024-09-26T05:10:31.961+0100] {dag.py:3239} INFO - Sync 2 DAGs
[2024-09-26T05:10:32.042+0100] {logging_mixin.py:190} INFO - [2024-09-26T05:10:32.041+0100] {dag.py:4180} INFO - Setting next_dagrun for read_dataset_event to 2024-09-25 00:00:00+00:00, run_after=2024-09-26 00:00:00+00:00
[2024-09-26T05:10:32.060+0100] {logging_mixin.py:190} INFO - [2024-09-26T05:10:32.059+0100] {dag.py:4180} INFO - Setting next_dagrun for read_dataset_event_from_classic to 2024-09-25 00:00:00+00:00, run_after=2024-09-26 00:00:00+00:00
[2024-09-26T05:10:32.115+0100] {processor.py:208} INFO - Processing /Users/rtewelde/airflow_venv/lib/python3.11/site-packages/airflow/example_dags/example_inlet_event_extra.py took 1.100 seconds
[2024-09-26T07:19:00.721+0100] {processor.py:186} INFO - Started process (PID=53248) to work on /Users/rtewelde/airflow_venv/lib/python3.11/site-packages/airflow/example_dags/example_inlet_event_extra.py
[2024-09-26T07:19:00.725+0100] {processor.py:914} INFO - Processing file /Users/rtewelde/airflow_venv/lib/python3.11/site-packages/airflow/example_dags/example_inlet_event_extra.py for tasks to queue
[2024-09-26T07:19:00.729+0100] {logging_mixin.py:190} INFO - [2024-09-26T07:19:00.728+0100] {dagbag.py:588} INFO - Filling up the DagBag from /Users/rtewelde/airflow_venv/lib/python3.11/site-packages/airflow/example_dags/example_inlet_event_extra.py
[2024-09-26T07:19:00.998+0100] {processor.py:925} INFO - DAG(s) 'read_dataset_event_from_classic', 'read_dataset_event' retrieved from /Users/rtewelde/airflow_venv/lib/python3.11/site-packages/airflow/example_dags/example_inlet_event_extra.py
[2024-09-26T07:19:01.564+0100] {logging_mixin.py:190} INFO - [2024-09-26T07:19:01.563+0100] {dag.py:3239} INFO - Sync 2 DAGs
[2024-09-26T07:19:01.637+0100] {logging_mixin.py:190} INFO - [2024-09-26T07:19:01.636+0100] {dag.py:4180} INFO - Setting next_dagrun for read_dataset_event to 2024-09-25 00:00:00+00:00, run_after=2024-09-26 00:00:00+00:00
[2024-09-26T07:19:01.660+0100] {logging_mixin.py:190} INFO - [2024-09-26T07:19:01.659+0100] {dag.py:4180} INFO - Setting next_dagrun for read_dataset_event_from_classic to 2024-09-25 00:00:00+00:00, run_after=2024-09-26 00:00:00+00:00
[2024-09-26T07:19:01.722+0100] {processor.py:208} INFO - Processing /Users/rtewelde/airflow_venv/lib/python3.11/site-packages/airflow/example_dags/example_inlet_event_extra.py took 1.010 seconds
[2024-09-26T07:27:14.432+0100] {processor.py:186} INFO - Started process (PID=55366) to work on /Users/rtewelde/airflow_venv/lib/python3.11/site-packages/airflow/example_dags/example_inlet_event_extra.py
[2024-09-26T07:27:14.435+0100] {processor.py:914} INFO - Processing file /Users/rtewelde/airflow_venv/lib/python3.11/site-packages/airflow/example_dags/example_inlet_event_extra.py for tasks to queue
[2024-09-26T07:27:14.440+0100] {logging_mixin.py:190} INFO - [2024-09-26T07:27:14.439+0100] {dagbag.py:588} INFO - Filling up the DagBag from /Users/rtewelde/airflow_venv/lib/python3.11/site-packages/airflow/example_dags/example_inlet_event_extra.py
[2024-09-26T07:27:14.714+0100] {processor.py:925} INFO - DAG(s) 'read_dataset_event_from_classic', 'read_dataset_event' retrieved from /Users/rtewelde/airflow_venv/lib/python3.11/site-packages/airflow/example_dags/example_inlet_event_extra.py
[2024-09-26T07:27:15.284+0100] {logging_mixin.py:190} INFO - [2024-09-26T07:27:15.283+0100] {dag.py:3239} INFO - Sync 2 DAGs
[2024-09-26T07:27:15.376+0100] {logging_mixin.py:190} INFO - [2024-09-26T07:27:15.375+0100] {dag.py:4180} INFO - Setting next_dagrun for read_dataset_event to 2024-09-25 00:00:00+00:00, run_after=2024-09-26 00:00:00+00:00
[2024-09-26T07:27:15.394+0100] {logging_mixin.py:190} INFO - [2024-09-26T07:27:15.393+0100] {dag.py:4180} INFO - Setting next_dagrun for read_dataset_event_from_classic to 2024-09-25 00:00:00+00:00, run_after=2024-09-26 00:00:00+00:00
[2024-09-26T07:27:15.472+0100] {processor.py:208} INFO - Processing /Users/rtewelde/airflow_venv/lib/python3.11/site-packages/airflow/example_dags/example_inlet_event_extra.py took 1.048 seconds
[2024-09-26T18:58:00.415+0100] {processor.py:186} INFO - Started process (PID=56931) to work on /Users/rtewelde/airflow_venv/lib/python3.11/site-packages/airflow/example_dags/example_inlet_event_extra.py
[2024-09-26T18:58:00.417+0100] {processor.py:914} INFO - Processing file /Users/rtewelde/airflow_venv/lib/python3.11/site-packages/airflow/example_dags/example_inlet_event_extra.py for tasks to queue
[2024-09-26T18:58:00.419+0100] {logging_mixin.py:190} INFO - [2024-09-26T18:58:00.419+0100] {dagbag.py:588} INFO - Filling up the DagBag from /Users/rtewelde/airflow_venv/lib/python3.11/site-packages/airflow/example_dags/example_inlet_event_extra.py
[2024-09-26T18:58:00.589+0100] {processor.py:925} INFO - DAG(s) 'read_dataset_event_from_classic', 'read_dataset_event' retrieved from /Users/rtewelde/airflow_venv/lib/python3.11/site-packages/airflow/example_dags/example_inlet_event_extra.py
[2024-09-26T18:58:00.970+0100] {logging_mixin.py:190} INFO - [2024-09-26T18:58:00.970+0100] {dag.py:3239} INFO - Sync 2 DAGs
[2024-09-26T18:58:01.031+0100] {logging_mixin.py:190} INFO - [2024-09-26T18:58:01.031+0100] {dag.py:4180} INFO - Setting next_dagrun for read_dataset_event to 2024-09-25 00:00:00+00:00, run_after=2024-09-26 00:00:00+00:00
[2024-09-26T18:58:01.049+0100] {logging_mixin.py:190} INFO - [2024-09-26T18:58:01.048+0100] {dag.py:4180} INFO - Setting next_dagrun for read_dataset_event_from_classic to 2024-09-25 00:00:00+00:00, run_after=2024-09-26 00:00:00+00:00
[2024-09-26T18:58:01.118+0100] {processor.py:208} INFO - Processing /Users/rtewelde/airflow_venv/lib/python3.11/site-packages/airflow/example_dags/example_inlet_event_extra.py took 0.710 seconds
[2024-09-26T19:03:16.351+0100] {processor.py:186} INFO - Started process (PID=58369) to work on /Users/rtewelde/airflow_venv/lib/python3.11/site-packages/airflow/example_dags/example_inlet_event_extra.py
[2024-09-26T19:03:16.353+0100] {processor.py:914} INFO - Processing file /Users/rtewelde/airflow_venv/lib/python3.11/site-packages/airflow/example_dags/example_inlet_event_extra.py for tasks to queue
[2024-09-26T19:03:16.355+0100] {logging_mixin.py:190} INFO - [2024-09-26T19:03:16.355+0100] {dagbag.py:588} INFO - Filling up the DagBag from /Users/rtewelde/airflow_venv/lib/python3.11/site-packages/airflow/example_dags/example_inlet_event_extra.py
[2024-09-26T19:03:16.573+0100] {processor.py:925} INFO - DAG(s) 'read_dataset_event_from_classic', 'read_dataset_event' retrieved from /Users/rtewelde/airflow_venv/lib/python3.11/site-packages/airflow/example_dags/example_inlet_event_extra.py
[2024-09-26T19:03:16.896+0100] {logging_mixin.py:190} INFO - [2024-09-26T19:03:16.895+0100] {dag.py:3239} INFO - Sync 2 DAGs
[2024-09-26T19:03:16.937+0100] {logging_mixin.py:190} INFO - [2024-09-26T19:03:16.937+0100] {dag.py:4180} INFO - Setting next_dagrun for read_dataset_event to 2024-09-25 00:00:00+00:00, run_after=2024-09-26 00:00:00+00:00
[2024-09-26T19:03:16.946+0100] {logging_mixin.py:190} INFO - [2024-09-26T19:03:16.945+0100] {dag.py:4180} INFO - Setting next_dagrun for read_dataset_event_from_classic to 2024-09-25 00:00:00+00:00, run_after=2024-09-26 00:00:00+00:00
[2024-09-26T19:03:16.978+0100] {processor.py:208} INFO - Processing /Users/rtewelde/airflow_venv/lib/python3.11/site-packages/airflow/example_dags/example_inlet_event_extra.py took 0.631 seconds
