[2024-09-26T01:05:51.361+0100] {processor.py:186} INFO - Started process (PID=29244) to work on /Users/rtewelde/airflow_venv/lib/python3.11/site-packages/airflow/example_dags/example_dynamic_task_mapping_with_no_taskflow_operators.py
[2024-09-26T01:05:51.364+0100] {processor.py:914} INFO - Processing file /Users/rtewelde/airflow_venv/lib/python3.11/site-packages/airflow/example_dags/example_dynamic_task_mapping_with_no_taskflow_operators.py for tasks to queue
[2024-09-26T01:05:51.367+0100] {logging_mixin.py:190} INFO - [2024-09-26T01:05:51.367+0100] {dagbag.py:588} INFO - Filling up the DagBag from /Users/rtewelde/airflow_venv/lib/python3.11/site-packages/airflow/example_dags/example_dynamic_task_mapping_with_no_taskflow_operators.py
[2024-09-26T01:05:51.400+0100] {processor.py:925} INFO - DAG(s) 'example_dynamic_task_mapping_with_no_taskflow_operators' retrieved from /Users/rtewelde/airflow_venv/lib/python3.11/site-packages/airflow/example_dags/example_dynamic_task_mapping_with_no_taskflow_operators.py
[2024-09-26T01:05:52.031+0100] {logging_mixin.py:190} INFO - [2024-09-26T01:05:52.030+0100] {dag.py:3239} INFO - Sync 1 DAGs
[2024-09-26T01:05:52.076+0100] {logging_mixin.py:190} INFO - [2024-09-26T01:05:52.075+0100] {dag.py:4180} INFO - Setting next_dagrun for example_dynamic_task_mapping_with_no_taskflow_operators to None, run_after=None
[2024-09-26T01:05:52.154+0100] {processor.py:208} INFO - Processing /Users/rtewelde/airflow_venv/lib/python3.11/site-packages/airflow/example_dags/example_dynamic_task_mapping_with_no_taskflow_operators.py took 0.802 seconds
[2024-09-26T01:14:52.710+0100] {processor.py:186} INFO - Started process (PID=31548) to work on /Users/rtewelde/airflow_venv/lib/python3.11/site-packages/airflow/example_dags/example_dynamic_task_mapping_with_no_taskflow_operators.py
[2024-09-26T01:14:52.715+0100] {processor.py:914} INFO - Processing file /Users/rtewelde/airflow_venv/lib/python3.11/site-packages/airflow/example_dags/example_dynamic_task_mapping_with_no_taskflow_operators.py for tasks to queue
[2024-09-26T01:14:52.720+0100] {logging_mixin.py:190} INFO - [2024-09-26T01:14:52.719+0100] {dagbag.py:588} INFO - Filling up the DagBag from /Users/rtewelde/airflow_venv/lib/python3.11/site-packages/airflow/example_dags/example_dynamic_task_mapping_with_no_taskflow_operators.py
[2024-09-26T01:14:52.755+0100] {processor.py:925} INFO - DAG(s) 'example_dynamic_task_mapping_with_no_taskflow_operators' retrieved from /Users/rtewelde/airflow_venv/lib/python3.11/site-packages/airflow/example_dags/example_dynamic_task_mapping_with_no_taskflow_operators.py
[2024-09-26T01:14:53.358+0100] {logging_mixin.py:190} INFO - [2024-09-26T01:14:53.356+0100] {dag.py:3239} INFO - Sync 1 DAGs
[2024-09-26T01:14:53.400+0100] {logging_mixin.py:190} INFO - [2024-09-26T01:14:53.399+0100] {dag.py:4180} INFO - Setting next_dagrun for example_dynamic_task_mapping_with_no_taskflow_operators to None, run_after=None
[2024-09-26T01:14:53.479+0100] {processor.py:208} INFO - Processing /Users/rtewelde/airflow_venv/lib/python3.11/site-packages/airflow/example_dags/example_dynamic_task_mapping_with_no_taskflow_operators.py took 0.778 seconds
[2024-09-26T02:08:22.779+0100] {processor.py:186} INFO - Started process (PID=33766) to work on /Users/rtewelde/airflow_venv/lib/python3.11/site-packages/airflow/example_dags/example_dynamic_task_mapping_with_no_taskflow_operators.py
[2024-09-26T02:08:22.784+0100] {processor.py:914} INFO - Processing file /Users/rtewelde/airflow_venv/lib/python3.11/site-packages/airflow/example_dags/example_dynamic_task_mapping_with_no_taskflow_operators.py for tasks to queue
[2024-09-26T02:08:22.787+0100] {logging_mixin.py:190} INFO - [2024-09-26T02:08:22.787+0100] {dagbag.py:588} INFO - Filling up the DagBag from /Users/rtewelde/airflow_venv/lib/python3.11/site-packages/airflow/example_dags/example_dynamic_task_mapping_with_no_taskflow_operators.py
[2024-09-26T02:08:22.824+0100] {processor.py:925} INFO - DAG(s) 'example_dynamic_task_mapping_with_no_taskflow_operators' retrieved from /Users/rtewelde/airflow_venv/lib/python3.11/site-packages/airflow/example_dags/example_dynamic_task_mapping_with_no_taskflow_operators.py
[2024-09-26T02:08:23.450+0100] {logging_mixin.py:190} INFO - [2024-09-26T02:08:23.449+0100] {dag.py:3239} INFO - Sync 1 DAGs
[2024-09-26T02:08:23.488+0100] {logging_mixin.py:190} INFO - [2024-09-26T02:08:23.488+0100] {dag.py:4180} INFO - Setting next_dagrun for example_dynamic_task_mapping_with_no_taskflow_operators to None, run_after=None
[2024-09-26T02:08:23.554+0100] {processor.py:208} INFO - Processing /Users/rtewelde/airflow_venv/lib/python3.11/site-packages/airflow/example_dags/example_dynamic_task_mapping_with_no_taskflow_operators.py took 0.790 seconds
[2024-09-26T02:17:15.902+0100] {processor.py:186} INFO - Started process (PID=36051) to work on /Users/rtewelde/airflow_venv/lib/python3.11/site-packages/airflow/example_dags/example_dynamic_task_mapping_with_no_taskflow_operators.py
[2024-09-26T02:17:15.906+0100] {processor.py:914} INFO - Processing file /Users/rtewelde/airflow_venv/lib/python3.11/site-packages/airflow/example_dags/example_dynamic_task_mapping_with_no_taskflow_operators.py for tasks to queue
[2024-09-26T02:17:15.911+0100] {logging_mixin.py:190} INFO - [2024-09-26T02:17:15.909+0100] {dagbag.py:588} INFO - Filling up the DagBag from /Users/rtewelde/airflow_venv/lib/python3.11/site-packages/airflow/example_dags/example_dynamic_task_mapping_with_no_taskflow_operators.py
[2024-09-26T02:17:15.941+0100] {processor.py:925} INFO - DAG(s) 'example_dynamic_task_mapping_with_no_taskflow_operators' retrieved from /Users/rtewelde/airflow_venv/lib/python3.11/site-packages/airflow/example_dags/example_dynamic_task_mapping_with_no_taskflow_operators.py
[2024-09-26T02:17:16.567+0100] {logging_mixin.py:190} INFO - [2024-09-26T02:17:16.566+0100] {dag.py:3239} INFO - Sync 1 DAGs
[2024-09-26T02:17:16.616+0100] {logging_mixin.py:190} INFO - [2024-09-26T02:17:16.614+0100] {dag.py:4180} INFO - Setting next_dagrun for example_dynamic_task_mapping_with_no_taskflow_operators to None, run_after=None
[2024-09-26T02:17:16.685+0100] {processor.py:208} INFO - Processing /Users/rtewelde/airflow_venv/lib/python3.11/site-packages/airflow/example_dags/example_dynamic_task_mapping_with_no_taskflow_operators.py took 0.799 seconds
[2024-09-26T02:40:21.139+0100] {processor.py:186} INFO - Started process (PID=38131) to work on /Users/rtewelde/airflow_venv/lib/python3.11/site-packages/airflow/example_dags/example_dynamic_task_mapping_with_no_taskflow_operators.py
[2024-09-26T02:40:21.142+0100] {processor.py:914} INFO - Processing file /Users/rtewelde/airflow_venv/lib/python3.11/site-packages/airflow/example_dags/example_dynamic_task_mapping_with_no_taskflow_operators.py for tasks to queue
[2024-09-26T02:40:21.145+0100] {logging_mixin.py:190} INFO - [2024-09-26T02:40:21.144+0100] {dagbag.py:588} INFO - Filling up the DagBag from /Users/rtewelde/airflow_venv/lib/python3.11/site-packages/airflow/example_dags/example_dynamic_task_mapping_with_no_taskflow_operators.py
[2024-09-26T02:40:21.172+0100] {processor.py:925} INFO - DAG(s) 'example_dynamic_task_mapping_with_no_taskflow_operators' retrieved from /Users/rtewelde/airflow_venv/lib/python3.11/site-packages/airflow/example_dags/example_dynamic_task_mapping_with_no_taskflow_operators.py
[2024-09-26T02:40:21.735+0100] {logging_mixin.py:190} INFO - [2024-09-26T02:40:21.733+0100] {dag.py:3239} INFO - Sync 1 DAGs
[2024-09-26T02:40:21.774+0100] {logging_mixin.py:190} INFO - [2024-09-26T02:40:21.773+0100] {dag.py:4180} INFO - Setting next_dagrun for example_dynamic_task_mapping_with_no_taskflow_operators to None, run_after=None
[2024-09-26T02:40:21.843+0100] {processor.py:208} INFO - Processing /Users/rtewelde/airflow_venv/lib/python3.11/site-packages/airflow/example_dags/example_dynamic_task_mapping_with_no_taskflow_operators.py took 0.715 seconds
[2024-09-26T03:37:46.259+0100] {processor.py:186} INFO - Started process (PID=40125) to work on /Users/rtewelde/airflow_venv/lib/python3.11/site-packages/airflow/example_dags/example_dynamic_task_mapping_with_no_taskflow_operators.py
[2024-09-26T03:37:46.264+0100] {processor.py:914} INFO - Processing file /Users/rtewelde/airflow_venv/lib/python3.11/site-packages/airflow/example_dags/example_dynamic_task_mapping_with_no_taskflow_operators.py for tasks to queue
[2024-09-26T03:37:46.268+0100] {logging_mixin.py:190} INFO - [2024-09-26T03:37:46.267+0100] {dagbag.py:588} INFO - Filling up the DagBag from /Users/rtewelde/airflow_venv/lib/python3.11/site-packages/airflow/example_dags/example_dynamic_task_mapping_with_no_taskflow_operators.py
[2024-09-26T03:37:46.300+0100] {processor.py:925} INFO - DAG(s) 'example_dynamic_task_mapping_with_no_taskflow_operators' retrieved from /Users/rtewelde/airflow_venv/lib/python3.11/site-packages/airflow/example_dags/example_dynamic_task_mapping_with_no_taskflow_operators.py
[2024-09-26T03:37:46.872+0100] {logging_mixin.py:190} INFO - [2024-09-26T03:37:46.871+0100] {dag.py:3239} INFO - Sync 1 DAGs
[2024-09-26T03:37:46.913+0100] {logging_mixin.py:190} INFO - [2024-09-26T03:37:46.912+0100] {dag.py:4180} INFO - Setting next_dagrun for example_dynamic_task_mapping_with_no_taskflow_operators to None, run_after=None
[2024-09-26T03:37:46.980+0100] {processor.py:208} INFO - Processing /Users/rtewelde/airflow_venv/lib/python3.11/site-packages/airflow/example_dags/example_dynamic_task_mapping_with_no_taskflow_operators.py took 0.733 seconds
[2024-09-26T03:45:56.319+0100] {processor.py:186} INFO - Started process (PID=42207) to work on /Users/rtewelde/airflow_venv/lib/python3.11/site-packages/airflow/example_dags/example_dynamic_task_mapping_with_no_taskflow_operators.py
[2024-09-26T03:45:56.322+0100] {processor.py:914} INFO - Processing file /Users/rtewelde/airflow_venv/lib/python3.11/site-packages/airflow/example_dags/example_dynamic_task_mapping_with_no_taskflow_operators.py for tasks to queue
[2024-09-26T03:45:56.326+0100] {logging_mixin.py:190} INFO - [2024-09-26T03:45:56.325+0100] {dagbag.py:588} INFO - Filling up the DagBag from /Users/rtewelde/airflow_venv/lib/python3.11/site-packages/airflow/example_dags/example_dynamic_task_mapping_with_no_taskflow_operators.py
[2024-09-26T03:45:56.352+0100] {processor.py:925} INFO - DAG(s) 'example_dynamic_task_mapping_with_no_taskflow_operators' retrieved from /Users/rtewelde/airflow_venv/lib/python3.11/site-packages/airflow/example_dags/example_dynamic_task_mapping_with_no_taskflow_operators.py
[2024-09-26T03:45:56.939+0100] {logging_mixin.py:190} INFO - [2024-09-26T03:45:56.938+0100] {dag.py:3239} INFO - Sync 1 DAGs
[2024-09-26T03:45:56.979+0100] {logging_mixin.py:190} INFO - [2024-09-26T03:45:56.978+0100] {dag.py:4180} INFO - Setting next_dagrun for example_dynamic_task_mapping_with_no_taskflow_operators to None, run_after=None
[2024-09-26T03:45:57.048+0100] {processor.py:208} INFO - Processing /Users/rtewelde/airflow_venv/lib/python3.11/site-packages/airflow/example_dags/example_dynamic_task_mapping_with_no_taskflow_operators.py took 0.738 seconds
[2024-09-26T04:43:38.971+0100] {processor.py:186} INFO - Started process (PID=44139) to work on /Users/rtewelde/airflow_venv/lib/python3.11/site-packages/airflow/example_dags/example_dynamic_task_mapping_with_no_taskflow_operators.py
[2024-09-26T04:43:38.974+0100] {processor.py:914} INFO - Processing file /Users/rtewelde/airflow_venv/lib/python3.11/site-packages/airflow/example_dags/example_dynamic_task_mapping_with_no_taskflow_operators.py for tasks to queue
[2024-09-26T04:43:38.978+0100] {logging_mixin.py:190} INFO - [2024-09-26T04:43:38.977+0100] {dagbag.py:588} INFO - Filling up the DagBag from /Users/rtewelde/airflow_venv/lib/python3.11/site-packages/airflow/example_dags/example_dynamic_task_mapping_with_no_taskflow_operators.py
[2024-09-26T04:43:39.003+0100] {processor.py:925} INFO - DAG(s) 'example_dynamic_task_mapping_with_no_taskflow_operators' retrieved from /Users/rtewelde/airflow_venv/lib/python3.11/site-packages/airflow/example_dags/example_dynamic_task_mapping_with_no_taskflow_operators.py
[2024-09-26T04:43:39.560+0100] {logging_mixin.py:190} INFO - [2024-09-26T04:43:39.558+0100] {dag.py:3239} INFO - Sync 1 DAGs
[2024-09-26T04:43:39.603+0100] {logging_mixin.py:190} INFO - [2024-09-26T04:43:39.603+0100] {dag.py:4180} INFO - Setting next_dagrun for example_dynamic_task_mapping_with_no_taskflow_operators to None, run_after=None
[2024-09-26T04:43:39.664+0100] {processor.py:208} INFO - Processing /Users/rtewelde/airflow_venv/lib/python3.11/site-packages/airflow/example_dags/example_dynamic_task_mapping_with_no_taskflow_operators.py took 0.707 seconds
[2024-09-26T04:52:50.636+0100] {processor.py:186} INFO - Started process (PID=46473) to work on /Users/rtewelde/airflow_venv/lib/python3.11/site-packages/airflow/example_dags/example_dynamic_task_mapping_with_no_taskflow_operators.py
[2024-09-26T04:52:50.639+0100] {processor.py:914} INFO - Processing file /Users/rtewelde/airflow_venv/lib/python3.11/site-packages/airflow/example_dags/example_dynamic_task_mapping_with_no_taskflow_operators.py for tasks to queue
[2024-09-26T04:52:50.643+0100] {logging_mixin.py:190} INFO - [2024-09-26T04:52:50.642+0100] {dagbag.py:588} INFO - Filling up the DagBag from /Users/rtewelde/airflow_venv/lib/python3.11/site-packages/airflow/example_dags/example_dynamic_task_mapping_with_no_taskflow_operators.py
[2024-09-26T04:52:50.670+0100] {processor.py:925} INFO - DAG(s) 'example_dynamic_task_mapping_with_no_taskflow_operators' retrieved from /Users/rtewelde/airflow_venv/lib/python3.11/site-packages/airflow/example_dags/example_dynamic_task_mapping_with_no_taskflow_operators.py
[2024-09-26T04:52:51.245+0100] {logging_mixin.py:190} INFO - [2024-09-26T04:52:51.243+0100] {dag.py:3239} INFO - Sync 1 DAGs
[2024-09-26T04:52:51.288+0100] {logging_mixin.py:190} INFO - [2024-09-26T04:52:51.287+0100] {dag.py:4180} INFO - Setting next_dagrun for example_dynamic_task_mapping_with_no_taskflow_operators to None, run_after=None
[2024-09-26T04:52:51.355+0100] {processor.py:208} INFO - Processing /Users/rtewelde/airflow_venv/lib/python3.11/site-packages/airflow/example_dags/example_dynamic_task_mapping_with_no_taskflow_operators.py took 0.728 seconds
[2024-09-26T05:01:38.823+0100] {processor.py:186} INFO - Started process (PID=48755) to work on /Users/rtewelde/airflow_venv/lib/python3.11/site-packages/airflow/example_dags/example_dynamic_task_mapping_with_no_taskflow_operators.py
[2024-09-26T05:01:38.827+0100] {processor.py:914} INFO - Processing file /Users/rtewelde/airflow_venv/lib/python3.11/site-packages/airflow/example_dags/example_dynamic_task_mapping_with_no_taskflow_operators.py for tasks to queue
[2024-09-26T05:01:38.831+0100] {logging_mixin.py:190} INFO - [2024-09-26T05:01:38.830+0100] {dagbag.py:588} INFO - Filling up the DagBag from /Users/rtewelde/airflow_venv/lib/python3.11/site-packages/airflow/example_dags/example_dynamic_task_mapping_with_no_taskflow_operators.py
[2024-09-26T05:01:38.864+0100] {processor.py:925} INFO - DAG(s) 'example_dynamic_task_mapping_with_no_taskflow_operators' retrieved from /Users/rtewelde/airflow_venv/lib/python3.11/site-packages/airflow/example_dags/example_dynamic_task_mapping_with_no_taskflow_operators.py
[2024-09-26T05:01:39.582+0100] {logging_mixin.py:190} INFO - [2024-09-26T05:01:39.581+0100] {dag.py:3239} INFO - Sync 1 DAGs
[2024-09-26T05:01:39.623+0100] {logging_mixin.py:190} INFO - [2024-09-26T05:01:39.622+0100] {dag.py:4180} INFO - Setting next_dagrun for example_dynamic_task_mapping_with_no_taskflow_operators to None, run_after=None
[2024-09-26T05:01:39.697+0100] {processor.py:208} INFO - Processing /Users/rtewelde/airflow_venv/lib/python3.11/site-packages/airflow/example_dags/example_dynamic_task_mapping_with_no_taskflow_operators.py took 0.883 seconds
[2024-09-26T05:10:50.657+0100] {processor.py:186} INFO - Started process (PID=51087) to work on /Users/rtewelde/airflow_venv/lib/python3.11/site-packages/airflow/example_dags/example_dynamic_task_mapping_with_no_taskflow_operators.py
[2024-09-26T05:10:50.663+0100] {processor.py:914} INFO - Processing file /Users/rtewelde/airflow_venv/lib/python3.11/site-packages/airflow/example_dags/example_dynamic_task_mapping_with_no_taskflow_operators.py for tasks to queue
[2024-09-26T05:10:50.667+0100] {logging_mixin.py:190} INFO - [2024-09-26T05:10:50.666+0100] {dagbag.py:588} INFO - Filling up the DagBag from /Users/rtewelde/airflow_venv/lib/python3.11/site-packages/airflow/example_dags/example_dynamic_task_mapping_with_no_taskflow_operators.py
[2024-09-26T05:10:50.701+0100] {processor.py:925} INFO - DAG(s) 'example_dynamic_task_mapping_with_no_taskflow_operators' retrieved from /Users/rtewelde/airflow_venv/lib/python3.11/site-packages/airflow/example_dags/example_dynamic_task_mapping_with_no_taskflow_operators.py
[2024-09-26T05:10:51.435+0100] {logging_mixin.py:190} INFO - [2024-09-26T05:10:51.434+0100] {dag.py:3239} INFO - Sync 1 DAGs
[2024-09-26T05:10:51.480+0100] {logging_mixin.py:190} INFO - [2024-09-26T05:10:51.479+0100] {dag.py:4180} INFO - Setting next_dagrun for example_dynamic_task_mapping_with_no_taskflow_operators to None, run_after=None
[2024-09-26T05:10:51.565+0100] {processor.py:208} INFO - Processing /Users/rtewelde/airflow_venv/lib/python3.11/site-packages/airflow/example_dags/example_dynamic_task_mapping_with_no_taskflow_operators.py took 0.918 seconds
[2024-09-26T07:19:18.280+0100] {processor.py:186} INFO - Started process (PID=53322) to work on /Users/rtewelde/airflow_venv/lib/python3.11/site-packages/airflow/example_dags/example_dynamic_task_mapping_with_no_taskflow_operators.py
[2024-09-26T07:19:18.284+0100] {processor.py:914} INFO - Processing file /Users/rtewelde/airflow_venv/lib/python3.11/site-packages/airflow/example_dags/example_dynamic_task_mapping_with_no_taskflow_operators.py for tasks to queue
[2024-09-26T07:19:18.287+0100] {logging_mixin.py:190} INFO - [2024-09-26T07:19:18.287+0100] {dagbag.py:588} INFO - Filling up the DagBag from /Users/rtewelde/airflow_venv/lib/python3.11/site-packages/airflow/example_dags/example_dynamic_task_mapping_with_no_taskflow_operators.py
[2024-09-26T07:19:18.315+0100] {processor.py:925} INFO - DAG(s) 'example_dynamic_task_mapping_with_no_taskflow_operators' retrieved from /Users/rtewelde/airflow_venv/lib/python3.11/site-packages/airflow/example_dags/example_dynamic_task_mapping_with_no_taskflow_operators.py
[2024-09-26T07:19:18.878+0100] {logging_mixin.py:190} INFO - [2024-09-26T07:19:18.876+0100] {dag.py:3239} INFO - Sync 1 DAGs
[2024-09-26T07:19:18.920+0100] {logging_mixin.py:190} INFO - [2024-09-26T07:19:18.919+0100] {dag.py:4180} INFO - Setting next_dagrun for example_dynamic_task_mapping_with_no_taskflow_operators to None, run_after=None
[2024-09-26T07:19:18.986+0100] {processor.py:208} INFO - Processing /Users/rtewelde/airflow_venv/lib/python3.11/site-packages/airflow/example_dags/example_dynamic_task_mapping_with_no_taskflow_operators.py took 0.718 seconds
[2024-09-26T07:27:32.898+0100] {processor.py:186} INFO - Started process (PID=55448) to work on /Users/rtewelde/airflow_venv/lib/python3.11/site-packages/airflow/example_dags/example_dynamic_task_mapping_with_no_taskflow_operators.py
[2024-09-26T07:27:32.901+0100] {processor.py:914} INFO - Processing file /Users/rtewelde/airflow_venv/lib/python3.11/site-packages/airflow/example_dags/example_dynamic_task_mapping_with_no_taskflow_operators.py for tasks to queue
[2024-09-26T07:27:32.905+0100] {logging_mixin.py:190} INFO - [2024-09-26T07:27:32.904+0100] {dagbag.py:588} INFO - Filling up the DagBag from /Users/rtewelde/airflow_venv/lib/python3.11/site-packages/airflow/example_dags/example_dynamic_task_mapping_with_no_taskflow_operators.py
[2024-09-26T07:27:32.937+0100] {processor.py:925} INFO - DAG(s) 'example_dynamic_task_mapping_with_no_taskflow_operators' retrieved from /Users/rtewelde/airflow_venv/lib/python3.11/site-packages/airflow/example_dags/example_dynamic_task_mapping_with_no_taskflow_operators.py
[2024-09-26T07:27:33.507+0100] {logging_mixin.py:190} INFO - [2024-09-26T07:27:33.506+0100] {dag.py:3239} INFO - Sync 1 DAGs
[2024-09-26T07:27:33.544+0100] {logging_mixin.py:190} INFO - [2024-09-26T07:27:33.543+0100] {dag.py:4180} INFO - Setting next_dagrun for example_dynamic_task_mapping_with_no_taskflow_operators to None, run_after=None
[2024-09-26T07:27:33.614+0100] {processor.py:208} INFO - Processing /Users/rtewelde/airflow_venv/lib/python3.11/site-packages/airflow/example_dags/example_dynamic_task_mapping_with_no_taskflow_operators.py took 0.725 seconds
[2024-09-26T18:58:11.766+0100] {processor.py:186} INFO - Started process (PID=56978) to work on /Users/rtewelde/airflow_venv/lib/python3.11/site-packages/airflow/example_dags/example_dynamic_task_mapping_with_no_taskflow_operators.py
[2024-09-26T18:58:11.770+0100] {processor.py:914} INFO - Processing file /Users/rtewelde/airflow_venv/lib/python3.11/site-packages/airflow/example_dags/example_dynamic_task_mapping_with_no_taskflow_operators.py for tasks to queue
[2024-09-26T18:58:11.773+0100] {logging_mixin.py:190} INFO - [2024-09-26T18:58:11.773+0100] {dagbag.py:588} INFO - Filling up the DagBag from /Users/rtewelde/airflow_venv/lib/python3.11/site-packages/airflow/example_dags/example_dynamic_task_mapping_with_no_taskflow_operators.py
[2024-09-26T18:58:11.790+0100] {processor.py:925} INFO - DAG(s) 'example_dynamic_task_mapping_with_no_taskflow_operators' retrieved from /Users/rtewelde/airflow_venv/lib/python3.11/site-packages/airflow/example_dags/example_dynamic_task_mapping_with_no_taskflow_operators.py
[2024-09-26T18:58:12.475+0100] {logging_mixin.py:190} INFO - [2024-09-26T18:58:12.473+0100] {dag.py:3239} INFO - Sync 1 DAGs
[2024-09-26T18:58:12.534+0100] {logging_mixin.py:190} INFO - [2024-09-26T18:58:12.533+0100] {dag.py:4180} INFO - Setting next_dagrun for example_dynamic_task_mapping_with_no_taskflow_operators to None, run_after=None
[2024-09-26T18:58:12.602+0100] {processor.py:208} INFO - Processing /Users/rtewelde/airflow_venv/lib/python3.11/site-packages/airflow/example_dags/example_dynamic_task_mapping_with_no_taskflow_operators.py took 0.844 seconds
[2024-09-26T19:03:27.297+0100] {processor.py:186} INFO - Started process (PID=58413) to work on /Users/rtewelde/airflow_venv/lib/python3.11/site-packages/airflow/example_dags/example_dynamic_task_mapping_with_no_taskflow_operators.py
[2024-09-26T19:03:27.299+0100] {processor.py:914} INFO - Processing file /Users/rtewelde/airflow_venv/lib/python3.11/site-packages/airflow/example_dags/example_dynamic_task_mapping_with_no_taskflow_operators.py for tasks to queue
[2024-09-26T19:03:27.301+0100] {logging_mixin.py:190} INFO - [2024-09-26T19:03:27.300+0100] {dagbag.py:588} INFO - Filling up the DagBag from /Users/rtewelde/airflow_venv/lib/python3.11/site-packages/airflow/example_dags/example_dynamic_task_mapping_with_no_taskflow_operators.py
[2024-09-26T19:03:27.312+0100] {processor.py:925} INFO - DAG(s) 'example_dynamic_task_mapping_with_no_taskflow_operators' retrieved from /Users/rtewelde/airflow_venv/lib/python3.11/site-packages/airflow/example_dags/example_dynamic_task_mapping_with_no_taskflow_operators.py
[2024-09-26T19:03:27.593+0100] {logging_mixin.py:190} INFO - [2024-09-26T19:03:27.592+0100] {dag.py:3239} INFO - Sync 1 DAGs
[2024-09-26T19:03:27.604+0100] {logging_mixin.py:190} INFO - [2024-09-26T19:03:27.604+0100] {dag.py:4180} INFO - Setting next_dagrun for example_dynamic_task_mapping_with_no_taskflow_operators to None, run_after=None
[2024-09-26T19:03:27.647+0100] {processor.py:208} INFO - Processing /Users/rtewelde/airflow_venv/lib/python3.11/site-packages/airflow/example_dags/example_dynamic_task_mapping_with_no_taskflow_operators.py took 0.354 seconds
