[2024-09-26T01:46:37.308+0100] {processor.py:186} INFO - Started process (PID=32039) to work on /Users/rtewelde/airflow_venv/lib/python3.11/site-packages/airflow/example_dags/example_bash_operator.py
[2024-09-26T01:46:37.313+0100] {processor.py:914} INFO - Processing file /Users/rtewelde/airflow_venv/lib/python3.11/site-packages/airflow/example_dags/example_bash_operator.py for tasks to queue
[2024-09-26T01:46:37.317+0100] {logging_mixin.py:190} INFO - [2024-09-26T01:46:37.317+0100] {dagbag.py:588} INFO - Filling up the DagBag from /Users/rtewelde/airflow_venv/lib/python3.11/site-packages/airflow/example_dags/example_bash_operator.py
[2024-09-26T01:46:37.385+0100] {processor.py:925} INFO - DAG(s) 'example_bash_operator' retrieved from /Users/rtewelde/airflow_venv/lib/python3.11/site-packages/airflow/example_dags/example_bash_operator.py
[2024-09-26T01:46:38.269+0100] {logging_mixin.py:190} INFO - [2024-09-26T01:46:38.267+0100] {dag.py:3239} INFO - Sync 1 DAGs
[2024-09-26T01:46:38.395+0100] {logging_mixin.py:190} INFO - [2024-09-26T01:46:38.393+0100] {dag.py:4180} INFO - Setting next_dagrun for example_bash_operator to 2024-09-25 00:00:00+00:00, run_after=2024-09-26 00:00:00+00:00
[2024-09-26T01:46:38.527+0100] {processor.py:208} INFO - Processing /Users/rtewelde/airflow_venv/lib/python3.11/site-packages/airflow/example_dags/example_bash_operator.py took 1.229 seconds
[2024-09-26T02:19:06.117+0100] {processor.py:186} INFO - Started process (PID=36554) to work on /Users/rtewelde/airflow_venv/lib/python3.11/site-packages/airflow/example_dags/example_bash_operator.py
[2024-09-26T02:19:06.120+0100] {processor.py:914} INFO - Processing file /Users/rtewelde/airflow_venv/lib/python3.11/site-packages/airflow/example_dags/example_bash_operator.py for tasks to queue
[2024-09-26T02:19:06.127+0100] {logging_mixin.py:190} INFO - [2024-09-26T02:19:06.126+0100] {dagbag.py:588} INFO - Filling up the DagBag from /Users/rtewelde/airflow_venv/lib/python3.11/site-packages/airflow/example_dags/example_bash_operator.py
[2024-09-26T02:19:06.178+0100] {processor.py:925} INFO - DAG(s) 'example_bash_operator' retrieved from /Users/rtewelde/airflow_venv/lib/python3.11/site-packages/airflow/example_dags/example_bash_operator.py
[2024-09-26T02:19:06.818+0100] {logging_mixin.py:190} INFO - [2024-09-26T02:19:06.817+0100] {dag.py:3239} INFO - Sync 1 DAGs
[2024-09-26T02:19:06.889+0100] {logging_mixin.py:190} INFO - [2024-09-26T02:19:06.888+0100] {dag.py:4180} INFO - Setting next_dagrun for example_bash_operator to 2024-09-25 00:00:00+00:00, run_after=2024-09-26 00:00:00+00:00
[2024-09-26T02:19:06.952+0100] {processor.py:208} INFO - Processing /Users/rtewelde/airflow_venv/lib/python3.11/site-packages/airflow/example_dags/example_bash_operator.py took 0.844 seconds
[2024-09-26T03:39:34.696+0100] {processor.py:186} INFO - Started process (PID=40587) to work on /Users/rtewelde/airflow_venv/lib/python3.11/site-packages/airflow/example_dags/example_bash_operator.py
[2024-09-26T03:39:34.699+0100] {processor.py:914} INFO - Processing file /Users/rtewelde/airflow_venv/lib/python3.11/site-packages/airflow/example_dags/example_bash_operator.py for tasks to queue
[2024-09-26T03:39:34.702+0100] {logging_mixin.py:190} INFO - [2024-09-26T03:39:34.702+0100] {dagbag.py:588} INFO - Filling up the DagBag from /Users/rtewelde/airflow_venv/lib/python3.11/site-packages/airflow/example_dags/example_bash_operator.py
[2024-09-26T03:39:34.748+0100] {processor.py:925} INFO - DAG(s) 'example_bash_operator' retrieved from /Users/rtewelde/airflow_venv/lib/python3.11/site-packages/airflow/example_dags/example_bash_operator.py
[2024-09-26T03:39:35.332+0100] {logging_mixin.py:190} INFO - [2024-09-26T03:39:35.331+0100] {dag.py:3239} INFO - Sync 1 DAGs
[2024-09-26T03:39:35.397+0100] {logging_mixin.py:190} INFO - [2024-09-26T03:39:35.397+0100] {dag.py:4180} INFO - Setting next_dagrun for example_bash_operator to 2024-09-25 00:00:00+00:00, run_after=2024-09-26 00:00:00+00:00
[2024-09-26T03:39:35.463+0100] {processor.py:208} INFO - Processing /Users/rtewelde/airflow_venv/lib/python3.11/site-packages/airflow/example_dags/example_bash_operator.py took 0.776 seconds
[2024-09-26T04:45:45.858+0100] {processor.py:186} INFO - Started process (PID=44677) to work on /Users/rtewelde/airflow_venv/lib/python3.11/site-packages/airflow/example_dags/example_bash_operator.py
[2024-09-26T04:45:45.862+0100] {processor.py:914} INFO - Processing file /Users/rtewelde/airflow_venv/lib/python3.11/site-packages/airflow/example_dags/example_bash_operator.py for tasks to queue
[2024-09-26T04:45:45.865+0100] {logging_mixin.py:190} INFO - [2024-09-26T04:45:45.864+0100] {dagbag.py:588} INFO - Filling up the DagBag from /Users/rtewelde/airflow_venv/lib/python3.11/site-packages/airflow/example_dags/example_bash_operator.py
[2024-09-26T04:45:45.909+0100] {processor.py:925} INFO - DAG(s) 'example_bash_operator' retrieved from /Users/rtewelde/airflow_venv/lib/python3.11/site-packages/airflow/example_dags/example_bash_operator.py
[2024-09-26T04:45:46.515+0100] {logging_mixin.py:190} INFO - [2024-09-26T04:45:46.514+0100] {dag.py:3239} INFO - Sync 1 DAGs
[2024-09-26T04:45:46.586+0100] {logging_mixin.py:190} INFO - [2024-09-26T04:45:46.585+0100] {dag.py:4180} INFO - Setting next_dagrun for example_bash_operator to 2024-09-25 00:00:00+00:00, run_after=2024-09-26 00:00:00+00:00
[2024-09-26T04:45:46.647+0100] {processor.py:208} INFO - Processing /Users/rtewelde/airflow_venv/lib/python3.11/site-packages/airflow/example_dags/example_bash_operator.py took 0.798 seconds
[2024-09-26T05:03:43.894+0100] {processor.py:186} INFO - Started process (PID=49284) to work on /Users/rtewelde/airflow_venv/lib/python3.11/site-packages/airflow/example_dags/example_bash_operator.py
[2024-09-26T05:03:43.901+0100] {processor.py:914} INFO - Processing file /Users/rtewelde/airflow_venv/lib/python3.11/site-packages/airflow/example_dags/example_bash_operator.py for tasks to queue
[2024-09-26T05:03:43.909+0100] {logging_mixin.py:190} INFO - [2024-09-26T05:03:43.907+0100] {dagbag.py:588} INFO - Filling up the DagBag from /Users/rtewelde/airflow_venv/lib/python3.11/site-packages/airflow/example_dags/example_bash_operator.py
[2024-09-26T05:03:43.970+0100] {processor.py:925} INFO - DAG(s) 'example_bash_operator' retrieved from /Users/rtewelde/airflow_venv/lib/python3.11/site-packages/airflow/example_dags/example_bash_operator.py
[2024-09-26T05:03:44.743+0100] {logging_mixin.py:190} INFO - [2024-09-26T05:03:44.742+0100] {dag.py:3239} INFO - Sync 1 DAGs
[2024-09-26T05:03:44.824+0100] {logging_mixin.py:190} INFO - [2024-09-26T05:03:44.823+0100] {dag.py:4180} INFO - Setting next_dagrun for example_bash_operator to 2024-09-25 00:00:00+00:00, run_after=2024-09-26 00:00:00+00:00
[2024-09-26T05:03:44.910+0100] {processor.py:208} INFO - Processing /Users/rtewelde/airflow_venv/lib/python3.11/site-packages/airflow/example_dags/example_bash_operator.py took 1.025 seconds
[2024-09-26T07:21:05.857+0100] {processor.py:186} INFO - Started process (PID=53773) to work on /Users/rtewelde/airflow_venv/lib/python3.11/site-packages/airflow/example_dags/example_bash_operator.py
[2024-09-26T07:21:05.861+0100] {processor.py:914} INFO - Processing file /Users/rtewelde/airflow_venv/lib/python3.11/site-packages/airflow/example_dags/example_bash_operator.py for tasks to queue
[2024-09-26T07:21:05.865+0100] {logging_mixin.py:190} INFO - [2024-09-26T07:21:05.864+0100] {dagbag.py:588} INFO - Filling up the DagBag from /Users/rtewelde/airflow_venv/lib/python3.11/site-packages/airflow/example_dags/example_bash_operator.py
[2024-09-26T07:21:05.917+0100] {processor.py:925} INFO - DAG(s) 'example_bash_operator' retrieved from /Users/rtewelde/airflow_venv/lib/python3.11/site-packages/airflow/example_dags/example_bash_operator.py
[2024-09-26T07:21:06.617+0100] {logging_mixin.py:190} INFO - [2024-09-26T07:21:06.616+0100] {dag.py:3239} INFO - Sync 1 DAGs
[2024-09-26T07:21:06.696+0100] {logging_mixin.py:190} INFO - [2024-09-26T07:21:06.695+0100] {dag.py:4180} INFO - Setting next_dagrun for example_bash_operator to 2024-09-25 00:00:00+00:00, run_after=2024-09-26 00:00:00+00:00
[2024-09-26T07:21:06.763+0100] {processor.py:208} INFO - Processing /Users/rtewelde/airflow_venv/lib/python3.11/site-packages/airflow/example_dags/example_bash_operator.py took 0.915 seconds
[2024-09-26T18:59:22.385+0100] {processor.py:186} INFO - Started process (PID=57305) to work on /Users/rtewelde/airflow_venv/lib/python3.11/site-packages/airflow/example_dags/example_bash_operator.py
[2024-09-26T18:59:22.387+0100] {processor.py:914} INFO - Processing file /Users/rtewelde/airflow_venv/lib/python3.11/site-packages/airflow/example_dags/example_bash_operator.py for tasks to queue
[2024-09-26T18:59:22.389+0100] {logging_mixin.py:190} INFO - [2024-09-26T18:59:22.389+0100] {dagbag.py:588} INFO - Filling up the DagBag from /Users/rtewelde/airflow_venv/lib/python3.11/site-packages/airflow/example_dags/example_bash_operator.py
[2024-09-26T18:59:22.426+0100] {processor.py:925} INFO - DAG(s) 'example_bash_operator' retrieved from /Users/rtewelde/airflow_venv/lib/python3.11/site-packages/airflow/example_dags/example_bash_operator.py
[2024-09-26T18:59:22.831+0100] {logging_mixin.py:190} INFO - [2024-09-26T18:59:22.830+0100] {dag.py:3239} INFO - Sync 1 DAGs
[2024-09-26T18:59:22.866+0100] {logging_mixin.py:190} INFO - [2024-09-26T18:59:22.866+0100] {dag.py:4180} INFO - Setting next_dagrun for example_bash_operator to 2024-09-25 00:00:00+00:00, run_after=2024-09-26 00:00:00+00:00
[2024-09-26T18:59:22.897+0100] {processor.py:208} INFO - Processing /Users/rtewelde/airflow_venv/lib/python3.11/site-packages/airflow/example_dags/example_bash_operator.py took 0.517 seconds
