[2024-09-26T01:06:39.503+0100] {processor.py:186} INFO - Started process (PID=29449) to work on /Users/rtewelde/airflow_venv/lib/python3.11/site-packages/airflow/example_dags/example_dataset_alias.py
[2024-09-26T01:06:39.511+0100] {processor.py:914} INFO - Processing file /Users/rtewelde/airflow_venv/lib/python3.11/site-packages/airflow/example_dags/example_dataset_alias.py for tasks to queue
[2024-09-26T01:06:39.518+0100] {logging_mixin.py:190} INFO - [2024-09-26T01:06:39.517+0100] {dagbag.py:588} INFO - Filling up the DagBag from /Users/rtewelde/airflow_venv/lib/python3.11/site-packages/airflow/example_dags/example_dataset_alias.py
[2024-09-26T01:06:40.356+0100] {processor.py:925} INFO - DAG(s) 'dataset_s3_bucket_consumer', 'dataset_s3_bucket_producer', 'dataset_alias_example_alias_producer', 'dataset_alias_example_alias_consumer' retrieved from /Users/rtewelde/airflow_venv/lib/python3.11/site-packages/airflow/example_dags/example_dataset_alias.py
[2024-09-26T01:06:40.446+0100] {logging_mixin.py:190} INFO - [2024-09-26T01:06:40.445+0100] {dag.py:3239} INFO - Sync 4 DAGs
[2024-09-26T01:06:40.514+0100] {logging_mixin.py:190} INFO - [2024-09-26T01:06:40.513+0100] {dag.py:4180} INFO - Setting next_dagrun for dataset_alias_example_alias_consumer to None, run_after=None
[2024-09-26T01:06:40.521+0100] {logging_mixin.py:190} INFO - [2024-09-26T01:06:40.521+0100] {dag.py:4180} INFO - Setting next_dagrun for dataset_alias_example_alias_producer to None, run_after=None
[2024-09-26T01:06:40.525+0100] {logging_mixin.py:190} INFO - [2024-09-26T01:06:40.524+0100] {dag.py:4180} INFO - Setting next_dagrun for dataset_s3_bucket_consumer to None, run_after=None
[2024-09-26T01:06:40.528+0100] {logging_mixin.py:190} INFO - [2024-09-26T01:06:40.527+0100] {dag.py:4180} INFO - Setting next_dagrun for dataset_s3_bucket_producer to None, run_after=None
[2024-09-26T01:06:40.605+0100] {processor.py:208} INFO - Processing /Users/rtewelde/airflow_venv/lib/python3.11/site-packages/airflow/example_dags/example_dataset_alias.py took 1.118 seconds
[2024-09-26T01:15:45.063+0100] {processor.py:186} INFO - Started process (PID=31773) to work on /Users/rtewelde/airflow_venv/lib/python3.11/site-packages/airflow/example_dags/example_dataset_alias.py
[2024-09-26T01:15:45.068+0100] {processor.py:914} INFO - Processing file /Users/rtewelde/airflow_venv/lib/python3.11/site-packages/airflow/example_dags/example_dataset_alias.py for tasks to queue
[2024-09-26T01:15:45.072+0100] {logging_mixin.py:190} INFO - [2024-09-26T01:15:45.071+0100] {dagbag.py:588} INFO - Filling up the DagBag from /Users/rtewelde/airflow_venv/lib/python3.11/site-packages/airflow/example_dags/example_dataset_alias.py
[2024-09-26T01:15:45.969+0100] {processor.py:925} INFO - DAG(s) 'dataset_alias_example_alias_producer', 'dataset_s3_bucket_producer', 'dataset_s3_bucket_consumer', 'dataset_alias_example_alias_consumer' retrieved from /Users/rtewelde/airflow_venv/lib/python3.11/site-packages/airflow/example_dags/example_dataset_alias.py
[2024-09-26T01:15:46.091+0100] {logging_mixin.py:190} INFO - [2024-09-26T01:15:46.089+0100] {dag.py:3239} INFO - Sync 4 DAGs
[2024-09-26T01:15:46.159+0100] {logging_mixin.py:190} INFO - [2024-09-26T01:15:46.158+0100] {dag.py:4180} INFO - Setting next_dagrun for dataset_alias_example_alias_consumer to None, run_after=None
[2024-09-26T01:15:46.167+0100] {logging_mixin.py:190} INFO - [2024-09-26T01:15:46.166+0100] {dag.py:4180} INFO - Setting next_dagrun for dataset_alias_example_alias_producer to None, run_after=None
[2024-09-26T01:15:46.173+0100] {logging_mixin.py:190} INFO - [2024-09-26T01:15:46.172+0100] {dag.py:4180} INFO - Setting next_dagrun for dataset_s3_bucket_consumer to None, run_after=None
[2024-09-26T01:15:46.181+0100] {logging_mixin.py:190} INFO - [2024-09-26T01:15:46.180+0100] {dag.py:4180} INFO - Setting next_dagrun for dataset_s3_bucket_producer to None, run_after=None
[2024-09-26T01:15:46.254+0100] {processor.py:208} INFO - Processing /Users/rtewelde/airflow_venv/lib/python3.11/site-packages/airflow/example_dags/example_dataset_alias.py took 1.200 seconds
[2024-09-26T02:09:14.772+0100] {processor.py:186} INFO - Started process (PID=33989) to work on /Users/rtewelde/airflow_venv/lib/python3.11/site-packages/airflow/example_dags/example_dataset_alias.py
[2024-09-26T02:09:14.777+0100] {processor.py:914} INFO - Processing file /Users/rtewelde/airflow_venv/lib/python3.11/site-packages/airflow/example_dags/example_dataset_alias.py for tasks to queue
[2024-09-26T02:09:14.781+0100] {logging_mixin.py:190} INFO - [2024-09-26T02:09:14.780+0100] {dagbag.py:588} INFO - Filling up the DagBag from /Users/rtewelde/airflow_venv/lib/python3.11/site-packages/airflow/example_dags/example_dataset_alias.py
[2024-09-26T02:09:15.661+0100] {processor.py:925} INFO - DAG(s) 'dataset_alias_example_alias_producer', 'dataset_s3_bucket_producer', 'dataset_s3_bucket_consumer', 'dataset_alias_example_alias_consumer' retrieved from /Users/rtewelde/airflow_venv/lib/python3.11/site-packages/airflow/example_dags/example_dataset_alias.py
[2024-09-26T02:09:15.760+0100] {logging_mixin.py:190} INFO - [2024-09-26T02:09:15.759+0100] {dag.py:3239} INFO - Sync 4 DAGs
[2024-09-26T02:09:15.830+0100] {logging_mixin.py:190} INFO - [2024-09-26T02:09:15.829+0100] {dag.py:4180} INFO - Setting next_dagrun for dataset_alias_example_alias_consumer to None, run_after=None
[2024-09-26T02:09:15.842+0100] {logging_mixin.py:190} INFO - [2024-09-26T02:09:15.841+0100] {dag.py:4180} INFO - Setting next_dagrun for dataset_alias_example_alias_producer to None, run_after=None
[2024-09-26T02:09:15.846+0100] {logging_mixin.py:190} INFO - [2024-09-26T02:09:15.845+0100] {dag.py:4180} INFO - Setting next_dagrun for dataset_s3_bucket_consumer to None, run_after=None
[2024-09-26T02:09:15.849+0100] {logging_mixin.py:190} INFO - [2024-09-26T02:09:15.848+0100] {dag.py:4180} INFO - Setting next_dagrun for dataset_s3_bucket_producer to None, run_after=None
[2024-09-26T02:09:15.926+0100] {processor.py:208} INFO - Processing /Users/rtewelde/airflow_venv/lib/python3.11/site-packages/airflow/example_dags/example_dataset_alias.py took 1.169 seconds
[2024-09-26T02:18:01.373+0100] {processor.py:186} INFO - Started process (PID=36255) to work on /Users/rtewelde/airflow_venv/lib/python3.11/site-packages/airflow/example_dags/example_dataset_alias.py
[2024-09-26T02:18:01.377+0100] {processor.py:914} INFO - Processing file /Users/rtewelde/airflow_venv/lib/python3.11/site-packages/airflow/example_dags/example_dataset_alias.py for tasks to queue
[2024-09-26T02:18:01.381+0100] {logging_mixin.py:190} INFO - [2024-09-26T02:18:01.380+0100] {dagbag.py:588} INFO - Filling up the DagBag from /Users/rtewelde/airflow_venv/lib/python3.11/site-packages/airflow/example_dags/example_dataset_alias.py
[2024-09-26T02:18:02.310+0100] {processor.py:925} INFO - DAG(s) 'dataset_alias_example_alias_consumer', 'dataset_s3_bucket_producer', 'dataset_s3_bucket_consumer', 'dataset_alias_example_alias_producer' retrieved from /Users/rtewelde/airflow_venv/lib/python3.11/site-packages/airflow/example_dags/example_dataset_alias.py
[2024-09-26T02:18:02.425+0100] {logging_mixin.py:190} INFO - [2024-09-26T02:18:02.424+0100] {dag.py:3239} INFO - Sync 4 DAGs
[2024-09-26T02:18:02.503+0100] {logging_mixin.py:190} INFO - [2024-09-26T02:18:02.501+0100] {dag.py:4180} INFO - Setting next_dagrun for dataset_alias_example_alias_consumer to None, run_after=None
[2024-09-26T02:18:02.512+0100] {logging_mixin.py:190} INFO - [2024-09-26T02:18:02.511+0100] {dag.py:4180} INFO - Setting next_dagrun for dataset_alias_example_alias_producer to None, run_after=None
[2024-09-26T02:18:02.516+0100] {logging_mixin.py:190} INFO - [2024-09-26T02:18:02.515+0100] {dag.py:4180} INFO - Setting next_dagrun for dataset_s3_bucket_consumer to None, run_after=None
[2024-09-26T02:18:02.519+0100] {logging_mixin.py:190} INFO - [2024-09-26T02:18:02.518+0100] {dag.py:4180} INFO - Setting next_dagrun for dataset_s3_bucket_producer to None, run_after=None
[2024-09-26T02:18:02.599+0100] {processor.py:208} INFO - Processing /Users/rtewelde/airflow_venv/lib/python3.11/site-packages/airflow/example_dags/example_dataset_alias.py took 1.235 seconds
[2024-09-26T02:57:59.443+0100] {processor.py:186} INFO - Started process (PID=38270) to work on /Users/rtewelde/airflow_venv/lib/python3.11/site-packages/airflow/example_dags/example_dataset_alias.py
[2024-09-26T02:57:59.447+0100] {processor.py:914} INFO - Processing file /Users/rtewelde/airflow_venv/lib/python3.11/site-packages/airflow/example_dags/example_dataset_alias.py for tasks to queue
[2024-09-26T02:57:59.451+0100] {logging_mixin.py:190} INFO - [2024-09-26T02:57:59.451+0100] {dagbag.py:588} INFO - Filling up the DagBag from /Users/rtewelde/airflow_venv/lib/python3.11/site-packages/airflow/example_dags/example_dataset_alias.py
[2024-09-26T02:58:00.300+0100] {processor.py:925} INFO - DAG(s) 'dataset_alias_example_alias_producer', 'dataset_s3_bucket_producer', 'dataset_alias_example_alias_consumer', 'dataset_s3_bucket_consumer' retrieved from /Users/rtewelde/airflow_venv/lib/python3.11/site-packages/airflow/example_dags/example_dataset_alias.py
[2024-09-26T02:58:00.393+0100] {logging_mixin.py:190} INFO - [2024-09-26T02:58:00.391+0100] {dag.py:3239} INFO - Sync 4 DAGs
[2024-09-26T02:58:00.460+0100] {logging_mixin.py:190} INFO - [2024-09-26T02:58:00.459+0100] {dag.py:4180} INFO - Setting next_dagrun for dataset_alias_example_alias_consumer to None, run_after=None
[2024-09-26T02:58:00.467+0100] {logging_mixin.py:190} INFO - [2024-09-26T02:58:00.466+0100] {dag.py:4180} INFO - Setting next_dagrun for dataset_alias_example_alias_producer to None, run_after=None
[2024-09-26T02:58:00.470+0100] {logging_mixin.py:190} INFO - [2024-09-26T02:58:00.470+0100] {dag.py:4180} INFO - Setting next_dagrun for dataset_s3_bucket_consumer to None, run_after=None
[2024-09-26T02:58:00.473+0100] {logging_mixin.py:190} INFO - [2024-09-26T02:58:00.473+0100] {dag.py:4180} INFO - Setting next_dagrun for dataset_s3_bucket_producer to None, run_after=None
[2024-09-26T02:58:00.549+0100] {processor.py:208} INFO - Processing /Users/rtewelde/airflow_venv/lib/python3.11/site-packages/airflow/example_dags/example_dataset_alias.py took 1.115 seconds
[2024-09-26T03:38:31.214+0100] {processor.py:186} INFO - Started process (PID=40318) to work on /Users/rtewelde/airflow_venv/lib/python3.11/site-packages/airflow/example_dags/example_dataset_alias.py
[2024-09-26T03:38:31.217+0100] {processor.py:914} INFO - Processing file /Users/rtewelde/airflow_venv/lib/python3.11/site-packages/airflow/example_dags/example_dataset_alias.py for tasks to queue
[2024-09-26T03:38:31.221+0100] {logging_mixin.py:190} INFO - [2024-09-26T03:38:31.220+0100] {dagbag.py:588} INFO - Filling up the DagBag from /Users/rtewelde/airflow_venv/lib/python3.11/site-packages/airflow/example_dags/example_dataset_alias.py
[2024-09-26T03:38:32.113+0100] {processor.py:925} INFO - DAG(s) 'dataset_s3_bucket_producer', 'dataset_alias_example_alias_consumer', 'dataset_s3_bucket_consumer', 'dataset_alias_example_alias_producer' retrieved from /Users/rtewelde/airflow_venv/lib/python3.11/site-packages/airflow/example_dags/example_dataset_alias.py
[2024-09-26T03:38:32.203+0100] {logging_mixin.py:190} INFO - [2024-09-26T03:38:32.201+0100] {dag.py:3239} INFO - Sync 4 DAGs
[2024-09-26T03:38:32.274+0100] {logging_mixin.py:190} INFO - [2024-09-26T03:38:32.273+0100] {dag.py:4180} INFO - Setting next_dagrun for dataset_alias_example_alias_consumer to None, run_after=None
[2024-09-26T03:38:32.281+0100] {logging_mixin.py:190} INFO - [2024-09-26T03:38:32.280+0100] {dag.py:4180} INFO - Setting next_dagrun for dataset_alias_example_alias_producer to None, run_after=None
[2024-09-26T03:38:32.284+0100] {logging_mixin.py:190} INFO - [2024-09-26T03:38:32.283+0100] {dag.py:4180} INFO - Setting next_dagrun for dataset_s3_bucket_consumer to None, run_after=None
[2024-09-26T03:38:32.287+0100] {logging_mixin.py:190} INFO - [2024-09-26T03:38:32.286+0100] {dag.py:4180} INFO - Setting next_dagrun for dataset_s3_bucket_producer to None, run_after=None
[2024-09-26T03:38:32.363+0100] {processor.py:208} INFO - Processing /Users/rtewelde/airflow_venv/lib/python3.11/site-packages/airflow/example_dags/example_dataset_alias.py took 1.160 seconds
[2024-09-26T03:46:41.763+0100] {processor.py:186} INFO - Started process (PID=42398) to work on /Users/rtewelde/airflow_venv/lib/python3.11/site-packages/airflow/example_dags/example_dataset_alias.py
[2024-09-26T03:46:41.766+0100] {processor.py:914} INFO - Processing file /Users/rtewelde/airflow_venv/lib/python3.11/site-packages/airflow/example_dags/example_dataset_alias.py for tasks to queue
[2024-09-26T03:46:41.770+0100] {logging_mixin.py:190} INFO - [2024-09-26T03:46:41.769+0100] {dagbag.py:588} INFO - Filling up the DagBag from /Users/rtewelde/airflow_venv/lib/python3.11/site-packages/airflow/example_dags/example_dataset_alias.py
[2024-09-26T03:46:42.573+0100] {processor.py:925} INFO - DAG(s) 'dataset_s3_bucket_producer', 'dataset_alias_example_alias_consumer', 'dataset_s3_bucket_consumer', 'dataset_alias_example_alias_producer' retrieved from /Users/rtewelde/airflow_venv/lib/python3.11/site-packages/airflow/example_dags/example_dataset_alias.py
[2024-09-26T03:46:42.676+0100] {logging_mixin.py:190} INFO - [2024-09-26T03:46:42.675+0100] {dag.py:3239} INFO - Sync 4 DAGs
[2024-09-26T03:46:42.751+0100] {logging_mixin.py:190} INFO - [2024-09-26T03:46:42.750+0100] {dag.py:4180} INFO - Setting next_dagrun for dataset_alias_example_alias_consumer to None, run_after=None
[2024-09-26T03:46:42.760+0100] {logging_mixin.py:190} INFO - [2024-09-26T03:46:42.759+0100] {dag.py:4180} INFO - Setting next_dagrun for dataset_alias_example_alias_producer to None, run_after=None
[2024-09-26T03:46:42.767+0100] {logging_mixin.py:190} INFO - [2024-09-26T03:46:42.765+0100] {dag.py:4180} INFO - Setting next_dagrun for dataset_s3_bucket_consumer to None, run_after=None
[2024-09-26T03:46:42.774+0100] {logging_mixin.py:190} INFO - [2024-09-26T03:46:42.773+0100] {dag.py:4180} INFO - Setting next_dagrun for dataset_s3_bucket_producer to None, run_after=None
[2024-09-26T03:46:42.870+0100] {processor.py:208} INFO - Processing /Users/rtewelde/airflow_venv/lib/python3.11/site-packages/airflow/example_dags/example_dataset_alias.py took 1.121 seconds
[2024-09-26T04:44:24.035+0100] {processor.py:186} INFO - Started process (PID=44324) to work on /Users/rtewelde/airflow_venv/lib/python3.11/site-packages/airflow/example_dags/example_dataset_alias.py
[2024-09-26T04:44:24.040+0100] {processor.py:914} INFO - Processing file /Users/rtewelde/airflow_venv/lib/python3.11/site-packages/airflow/example_dags/example_dataset_alias.py for tasks to queue
[2024-09-26T04:44:24.046+0100] {logging_mixin.py:190} INFO - [2024-09-26T04:44:24.045+0100] {dagbag.py:588} INFO - Filling up the DagBag from /Users/rtewelde/airflow_venv/lib/python3.11/site-packages/airflow/example_dags/example_dataset_alias.py
[2024-09-26T04:44:24.989+0100] {processor.py:925} INFO - DAG(s) 'dataset_alias_example_alias_producer', 'dataset_alias_example_alias_consumer', 'dataset_s3_bucket_consumer', 'dataset_s3_bucket_producer' retrieved from /Users/rtewelde/airflow_venv/lib/python3.11/site-packages/airflow/example_dags/example_dataset_alias.py
[2024-09-26T04:44:25.082+0100] {logging_mixin.py:190} INFO - [2024-09-26T04:44:25.081+0100] {dag.py:3239} INFO - Sync 4 DAGs
[2024-09-26T04:44:25.150+0100] {logging_mixin.py:190} INFO - [2024-09-26T04:44:25.149+0100] {dag.py:4180} INFO - Setting next_dagrun for dataset_alias_example_alias_consumer to None, run_after=None
[2024-09-26T04:44:25.157+0100] {logging_mixin.py:190} INFO - [2024-09-26T04:44:25.156+0100] {dag.py:4180} INFO - Setting next_dagrun for dataset_alias_example_alias_producer to None, run_after=None
[2024-09-26T04:44:25.160+0100] {logging_mixin.py:190} INFO - [2024-09-26T04:44:25.160+0100] {dag.py:4180} INFO - Setting next_dagrun for dataset_s3_bucket_consumer to None, run_after=None
[2024-09-26T04:44:25.164+0100] {logging_mixin.py:190} INFO - [2024-09-26T04:44:25.163+0100] {dag.py:4180} INFO - Setting next_dagrun for dataset_s3_bucket_producer to None, run_after=None
[2024-09-26T04:44:25.236+0100] {processor.py:208} INFO - Processing /Users/rtewelde/airflow_venv/lib/python3.11/site-packages/airflow/example_dags/example_dataset_alias.py took 1.215 seconds
[2024-09-26T04:53:38.818+0100] {processor.py:186} INFO - Started process (PID=46675) to work on /Users/rtewelde/airflow_venv/lib/python3.11/site-packages/airflow/example_dags/example_dataset_alias.py
[2024-09-26T04:53:38.824+0100] {processor.py:914} INFO - Processing file /Users/rtewelde/airflow_venv/lib/python3.11/site-packages/airflow/example_dags/example_dataset_alias.py for tasks to queue
[2024-09-26T04:53:38.828+0100] {logging_mixin.py:190} INFO - [2024-09-26T04:53:38.827+0100] {dagbag.py:588} INFO - Filling up the DagBag from /Users/rtewelde/airflow_venv/lib/python3.11/site-packages/airflow/example_dags/example_dataset_alias.py
[2024-09-26T04:53:39.761+0100] {processor.py:925} INFO - DAG(s) 'dataset_alias_example_alias_producer', 'dataset_alias_example_alias_consumer', 'dataset_s3_bucket_consumer', 'dataset_s3_bucket_producer' retrieved from /Users/rtewelde/airflow_venv/lib/python3.11/site-packages/airflow/example_dags/example_dataset_alias.py
[2024-09-26T04:53:39.864+0100] {logging_mixin.py:190} INFO - [2024-09-26T04:53:39.862+0100] {dag.py:3239} INFO - Sync 4 DAGs
[2024-09-26T04:53:39.933+0100] {logging_mixin.py:190} INFO - [2024-09-26T04:53:39.932+0100] {dag.py:4180} INFO - Setting next_dagrun for dataset_alias_example_alias_consumer to None, run_after=None
[2024-09-26T04:53:39.941+0100] {logging_mixin.py:190} INFO - [2024-09-26T04:53:39.940+0100] {dag.py:4180} INFO - Setting next_dagrun for dataset_alias_example_alias_producer to None, run_after=None
[2024-09-26T04:53:39.947+0100] {logging_mixin.py:190} INFO - [2024-09-26T04:53:39.945+0100] {dag.py:4180} INFO - Setting next_dagrun for dataset_s3_bucket_consumer to None, run_after=None
[2024-09-26T04:53:39.953+0100] {logging_mixin.py:190} INFO - [2024-09-26T04:53:39.952+0100] {dag.py:4180} INFO - Setting next_dagrun for dataset_s3_bucket_producer to None, run_after=None
[2024-09-26T04:53:40.041+0100] {processor.py:208} INFO - Processing /Users/rtewelde/airflow_venv/lib/python3.11/site-packages/airflow/example_dags/example_dataset_alias.py took 1.234 seconds
[2024-09-26T05:02:32.139+0100] {processor.py:186} INFO - Started process (PID=48982) to work on /Users/rtewelde/airflow_venv/lib/python3.11/site-packages/airflow/example_dags/example_dataset_alias.py
[2024-09-26T05:02:32.143+0100] {processor.py:914} INFO - Processing file /Users/rtewelde/airflow_venv/lib/python3.11/site-packages/airflow/example_dags/example_dataset_alias.py for tasks to queue
[2024-09-26T05:02:32.147+0100] {logging_mixin.py:190} INFO - [2024-09-26T05:02:32.146+0100] {dagbag.py:588} INFO - Filling up the DagBag from /Users/rtewelde/airflow_venv/lib/python3.11/site-packages/airflow/example_dags/example_dataset_alias.py
[2024-09-26T05:02:33.049+0100] {processor.py:925} INFO - DAG(s) 'dataset_s3_bucket_producer', 'dataset_alias_example_alias_producer', 'dataset_alias_example_alias_consumer', 'dataset_s3_bucket_consumer' retrieved from /Users/rtewelde/airflow_venv/lib/python3.11/site-packages/airflow/example_dags/example_dataset_alias.py
[2024-09-26T05:02:33.151+0100] {logging_mixin.py:190} INFO - [2024-09-26T05:02:33.150+0100] {dag.py:3239} INFO - Sync 4 DAGs
[2024-09-26T05:02:33.225+0100] {logging_mixin.py:190} INFO - [2024-09-26T05:02:33.224+0100] {dag.py:4180} INFO - Setting next_dagrun for dataset_alias_example_alias_consumer to None, run_after=None
[2024-09-26T05:02:33.232+0100] {logging_mixin.py:190} INFO - [2024-09-26T05:02:33.232+0100] {dag.py:4180} INFO - Setting next_dagrun for dataset_alias_example_alias_producer to None, run_after=None
[2024-09-26T05:02:33.236+0100] {logging_mixin.py:190} INFO - [2024-09-26T05:02:33.235+0100] {dag.py:4180} INFO - Setting next_dagrun for dataset_s3_bucket_consumer to None, run_after=None
[2024-09-26T05:02:33.239+0100] {logging_mixin.py:190} INFO - [2024-09-26T05:02:33.238+0100] {dag.py:4180} INFO - Setting next_dagrun for dataset_s3_bucket_producer to None, run_after=None
[2024-09-26T05:02:33.329+0100] {processor.py:208} INFO - Processing /Users/rtewelde/airflow_venv/lib/python3.11/site-packages/airflow/example_dags/example_dataset_alias.py took 1.199 seconds
[2024-09-26T05:11:38.368+0100] {processor.py:186} INFO - Started process (PID=51291) to work on /Users/rtewelde/airflow_venv/lib/python3.11/site-packages/airflow/example_dags/example_dataset_alias.py
[2024-09-26T05:11:38.371+0100] {processor.py:914} INFO - Processing file /Users/rtewelde/airflow_venv/lib/python3.11/site-packages/airflow/example_dags/example_dataset_alias.py for tasks to queue
[2024-09-26T05:11:38.375+0100] {logging_mixin.py:190} INFO - [2024-09-26T05:11:38.374+0100] {dagbag.py:588} INFO - Filling up the DagBag from /Users/rtewelde/airflow_venv/lib/python3.11/site-packages/airflow/example_dags/example_dataset_alias.py
[2024-09-26T05:11:39.224+0100] {processor.py:925} INFO - DAG(s) 'dataset_s3_bucket_consumer', 'dataset_alias_example_alias_producer', 'dataset_s3_bucket_producer', 'dataset_alias_example_alias_consumer' retrieved from /Users/rtewelde/airflow_venv/lib/python3.11/site-packages/airflow/example_dags/example_dataset_alias.py
[2024-09-26T05:11:39.323+0100] {logging_mixin.py:190} INFO - [2024-09-26T05:11:39.322+0100] {dag.py:3239} INFO - Sync 4 DAGs
[2024-09-26T05:11:39.394+0100] {logging_mixin.py:190} INFO - [2024-09-26T05:11:39.393+0100] {dag.py:4180} INFO - Setting next_dagrun for dataset_alias_example_alias_consumer to None, run_after=None
[2024-09-26T05:11:39.402+0100] {logging_mixin.py:190} INFO - [2024-09-26T05:11:39.401+0100] {dag.py:4180} INFO - Setting next_dagrun for dataset_alias_example_alias_producer to None, run_after=None
[2024-09-26T05:11:39.406+0100] {logging_mixin.py:190} INFO - [2024-09-26T05:11:39.405+0100] {dag.py:4180} INFO - Setting next_dagrun for dataset_s3_bucket_consumer to None, run_after=None
[2024-09-26T05:11:39.410+0100] {logging_mixin.py:190} INFO - [2024-09-26T05:11:39.409+0100] {dag.py:4180} INFO - Setting next_dagrun for dataset_s3_bucket_producer to None, run_after=None
[2024-09-26T05:11:39.489+0100] {processor.py:208} INFO - Processing /Users/rtewelde/airflow_venv/lib/python3.11/site-packages/airflow/example_dags/example_dataset_alias.py took 1.130 seconds
[2024-09-26T07:20:03.438+0100] {processor.py:186} INFO - Started process (PID=53508) to work on /Users/rtewelde/airflow_venv/lib/python3.11/site-packages/airflow/example_dags/example_dataset_alias.py
[2024-09-26T07:20:03.442+0100] {processor.py:914} INFO - Processing file /Users/rtewelde/airflow_venv/lib/python3.11/site-packages/airflow/example_dags/example_dataset_alias.py for tasks to queue
[2024-09-26T07:20:03.445+0100] {logging_mixin.py:190} INFO - [2024-09-26T07:20:03.444+0100] {dagbag.py:588} INFO - Filling up the DagBag from /Users/rtewelde/airflow_venv/lib/python3.11/site-packages/airflow/example_dags/example_dataset_alias.py
[2024-09-26T07:20:04.241+0100] {processor.py:925} INFO - DAG(s) 'dataset_alias_example_alias_consumer', 'dataset_s3_bucket_consumer', 'dataset_alias_example_alias_producer', 'dataset_s3_bucket_producer' retrieved from /Users/rtewelde/airflow_venv/lib/python3.11/site-packages/airflow/example_dags/example_dataset_alias.py
[2024-09-26T07:20:04.336+0100] {logging_mixin.py:190} INFO - [2024-09-26T07:20:04.335+0100] {dag.py:3239} INFO - Sync 4 DAGs
[2024-09-26T07:20:04.403+0100] {logging_mixin.py:190} INFO - [2024-09-26T07:20:04.402+0100] {dag.py:4180} INFO - Setting next_dagrun for dataset_alias_example_alias_consumer to None, run_after=None
[2024-09-26T07:20:04.410+0100] {logging_mixin.py:190} INFO - [2024-09-26T07:20:04.410+0100] {dag.py:4180} INFO - Setting next_dagrun for dataset_alias_example_alias_producer to None, run_after=None
[2024-09-26T07:20:04.414+0100] {logging_mixin.py:190} INFO - [2024-09-26T07:20:04.414+0100] {dag.py:4180} INFO - Setting next_dagrun for dataset_s3_bucket_consumer to None, run_after=None
[2024-09-26T07:20:04.419+0100] {logging_mixin.py:190} INFO - [2024-09-26T07:20:04.418+0100] {dag.py:4180} INFO - Setting next_dagrun for dataset_s3_bucket_producer to None, run_after=None
[2024-09-26T07:20:04.493+0100] {processor.py:208} INFO - Processing /Users/rtewelde/airflow_venv/lib/python3.11/site-packages/airflow/example_dags/example_dataset_alias.py took 1.063 seconds
[2024-09-26T07:28:19.421+0100] {processor.py:186} INFO - Started process (PID=55648) to work on /Users/rtewelde/airflow_venv/lib/python3.11/site-packages/airflow/example_dags/example_dataset_alias.py
[2024-09-26T07:28:19.425+0100] {processor.py:914} INFO - Processing file /Users/rtewelde/airflow_venv/lib/python3.11/site-packages/airflow/example_dags/example_dataset_alias.py for tasks to queue
[2024-09-26T07:28:19.428+0100] {logging_mixin.py:190} INFO - [2024-09-26T07:28:19.427+0100] {dagbag.py:588} INFO - Filling up the DagBag from /Users/rtewelde/airflow_venv/lib/python3.11/site-packages/airflow/example_dags/example_dataset_alias.py
[2024-09-26T07:28:20.218+0100] {processor.py:925} INFO - DAG(s) 'dataset_s3_bucket_consumer', 'dataset_alias_example_alias_consumer', 'dataset_s3_bucket_producer', 'dataset_alias_example_alias_producer' retrieved from /Users/rtewelde/airflow_venv/lib/python3.11/site-packages/airflow/example_dags/example_dataset_alias.py
[2024-09-26T07:28:20.315+0100] {logging_mixin.py:190} INFO - [2024-09-26T07:28:20.314+0100] {dag.py:3239} INFO - Sync 4 DAGs
[2024-09-26T07:28:20.384+0100] {logging_mixin.py:190} INFO - [2024-09-26T07:28:20.383+0100] {dag.py:4180} INFO - Setting next_dagrun for dataset_alias_example_alias_consumer to None, run_after=None
[2024-09-26T07:28:20.391+0100] {logging_mixin.py:190} INFO - [2024-09-26T07:28:20.391+0100] {dag.py:4180} INFO - Setting next_dagrun for dataset_alias_example_alias_producer to None, run_after=None
[2024-09-26T07:28:20.395+0100] {logging_mixin.py:190} INFO - [2024-09-26T07:28:20.394+0100] {dag.py:4180} INFO - Setting next_dagrun for dataset_s3_bucket_consumer to None, run_after=None
[2024-09-26T07:28:20.399+0100] {logging_mixin.py:190} INFO - [2024-09-26T07:28:20.398+0100] {dag.py:4180} INFO - Setting next_dagrun for dataset_s3_bucket_producer to None, run_after=None
[2024-09-26T07:28:20.476+0100] {processor.py:208} INFO - Processing /Users/rtewelde/airflow_venv/lib/python3.11/site-packages/airflow/example_dags/example_dataset_alias.py took 1.064 seconds
[2024-09-26T18:58:42.096+0100] {processor.py:186} INFO - Started process (PID=57115) to work on /Users/rtewelde/airflow_venv/lib/python3.11/site-packages/airflow/example_dags/example_dataset_alias.py
[2024-09-26T18:58:42.098+0100] {processor.py:914} INFO - Processing file /Users/rtewelde/airflow_venv/lib/python3.11/site-packages/airflow/example_dags/example_dataset_alias.py for tasks to queue
[2024-09-26T18:58:42.101+0100] {logging_mixin.py:190} INFO - [2024-09-26T18:58:42.100+0100] {dagbag.py:588} INFO - Filling up the DagBag from /Users/rtewelde/airflow_venv/lib/python3.11/site-packages/airflow/example_dags/example_dataset_alias.py
[2024-09-26T18:58:42.650+0100] {processor.py:925} INFO - DAG(s) 'dataset_s3_bucket_consumer', 'dataset_s3_bucket_producer', 'dataset_alias_example_alias_producer', 'dataset_alias_example_alias_consumer' retrieved from /Users/rtewelde/airflow_venv/lib/python3.11/site-packages/airflow/example_dags/example_dataset_alias.py
[2024-09-26T18:58:42.706+0100] {logging_mixin.py:190} INFO - [2024-09-26T18:58:42.705+0100] {dag.py:3239} INFO - Sync 4 DAGs
[2024-09-26T18:58:42.758+0100] {logging_mixin.py:190} INFO - [2024-09-26T18:58:42.758+0100] {dag.py:4180} INFO - Setting next_dagrun for dataset_alias_example_alias_consumer to None, run_after=None
[2024-09-26T18:58:42.762+0100] {logging_mixin.py:190} INFO - [2024-09-26T18:58:42.762+0100] {dag.py:4180} INFO - Setting next_dagrun for dataset_alias_example_alias_producer to None, run_after=None
[2024-09-26T18:58:42.765+0100] {logging_mixin.py:190} INFO - [2024-09-26T18:58:42.764+0100] {dag.py:4180} INFO - Setting next_dagrun for dataset_s3_bucket_consumer to None, run_after=None
[2024-09-26T18:58:42.767+0100] {logging_mixin.py:190} INFO - [2024-09-26T18:58:42.766+0100] {dag.py:4180} INFO - Setting next_dagrun for dataset_s3_bucket_producer to None, run_after=None
[2024-09-26T18:58:42.807+0100] {processor.py:208} INFO - Processing /Users/rtewelde/airflow_venv/lib/python3.11/site-packages/airflow/example_dags/example_dataset_alias.py took 0.715 seconds
[2024-09-26T19:03:54.472+0100] {processor.py:186} INFO - Started process (PID=58546) to work on /Users/rtewelde/airflow_venv/lib/python3.11/site-packages/airflow/example_dags/example_dataset_alias.py
[2024-09-26T19:03:54.474+0100] {processor.py:914} INFO - Processing file /Users/rtewelde/airflow_venv/lib/python3.11/site-packages/airflow/example_dags/example_dataset_alias.py for tasks to queue
[2024-09-26T19:03:54.476+0100] {logging_mixin.py:190} INFO - [2024-09-26T19:03:54.475+0100] {dagbag.py:588} INFO - Filling up the DagBag from /Users/rtewelde/airflow_venv/lib/python3.11/site-packages/airflow/example_dags/example_dataset_alias.py
[2024-09-26T19:03:54.824+0100] {processor.py:925} INFO - DAG(s) 'dataset_s3_bucket_consumer', 'dataset_alias_example_alias_producer', 'dataset_alias_example_alias_consumer', 'dataset_s3_bucket_producer' retrieved from /Users/rtewelde/airflow_venv/lib/python3.11/site-packages/airflow/example_dags/example_dataset_alias.py
[2024-09-26T19:03:54.860+0100] {logging_mixin.py:190} INFO - [2024-09-26T19:03:54.860+0100] {dag.py:3239} INFO - Sync 4 DAGs
[2024-09-26T19:03:54.885+0100] {logging_mixin.py:190} INFO - [2024-09-26T19:03:54.884+0100] {dag.py:4180} INFO - Setting next_dagrun for dataset_alias_example_alias_consumer to None, run_after=None
[2024-09-26T19:03:54.887+0100] {logging_mixin.py:190} INFO - [2024-09-26T19:03:54.887+0100] {dag.py:4180} INFO - Setting next_dagrun for dataset_alias_example_alias_producer to None, run_after=None
[2024-09-26T19:03:54.889+0100] {logging_mixin.py:190} INFO - [2024-09-26T19:03:54.889+0100] {dag.py:4180} INFO - Setting next_dagrun for dataset_s3_bucket_consumer to None, run_after=None
[2024-09-26T19:03:54.890+0100] {logging_mixin.py:190} INFO - [2024-09-26T19:03:54.890+0100] {dag.py:4180} INFO - Setting next_dagrun for dataset_s3_bucket_producer to None, run_after=None
[2024-09-26T19:03:54.918+0100] {processor.py:208} INFO - Processing /Users/rtewelde/airflow_venv/lib/python3.11/site-packages/airflow/example_dags/example_dataset_alias.py took 0.451 seconds
