[2024-09-26T01:04:13.726+0100] {processor.py:186} INFO - Started process (PID=28819) to work on /Users/rtewelde/airflow_venv/lib/python3.11/site-packages/airflow/example_dags/example_params_ui_tutorial.py
[2024-09-26T01:04:13.729+0100] {processor.py:914} INFO - Processing file /Users/rtewelde/airflow_venv/lib/python3.11/site-packages/airflow/example_dags/example_params_ui_tutorial.py for tasks to queue
[2024-09-26T01:04:13.733+0100] {logging_mixin.py:190} INFO - [2024-09-26T01:04:13.732+0100] {dagbag.py:588} INFO - Filling up the DagBag from /Users/rtewelde/airflow_venv/lib/python3.11/site-packages/airflow/example_dags/example_params_ui_tutorial.py
[2024-09-26T01:04:13.900+0100] {processor.py:925} INFO - DAG(s) 'example_params_ui_tutorial' retrieved from /Users/rtewelde/airflow_venv/lib/python3.11/site-packages/airflow/example_dags/example_params_ui_tutorial.py
[2024-09-26T01:04:14.643+0100] {logging_mixin.py:190} INFO - [2024-09-26T01:04:14.642+0100] {dag.py:3239} INFO - Sync 1 DAGs
[2024-09-26T01:04:14.687+0100] {logging_mixin.py:190} INFO - [2024-09-26T01:04:14.686+0100] {dag.py:4180} INFO - Setting next_dagrun for example_params_ui_tutorial to None, run_after=None
[2024-09-26T01:04:14.766+0100] {processor.py:208} INFO - Processing /Users/rtewelde/airflow_venv/lib/python3.11/site-packages/airflow/example_dags/example_params_ui_tutorial.py took 1.051 seconds
[2024-09-26T01:13:08.506+0100] {processor.py:186} INFO - Started process (PID=31113) to work on /Users/rtewelde/airflow_venv/lib/python3.11/site-packages/airflow/example_dags/example_params_ui_tutorial.py
[2024-09-26T01:13:08.511+0100] {processor.py:914} INFO - Processing file /Users/rtewelde/airflow_venv/lib/python3.11/site-packages/airflow/example_dags/example_params_ui_tutorial.py for tasks to queue
[2024-09-26T01:13:08.515+0100] {logging_mixin.py:190} INFO - [2024-09-26T01:13:08.514+0100] {dagbag.py:588} INFO - Filling up the DagBag from /Users/rtewelde/airflow_venv/lib/python3.11/site-packages/airflow/example_dags/example_params_ui_tutorial.py
[2024-09-26T01:13:08.684+0100] {processor.py:925} INFO - DAG(s) 'example_params_ui_tutorial' retrieved from /Users/rtewelde/airflow_venv/lib/python3.11/site-packages/airflow/example_dags/example_params_ui_tutorial.py
[2024-09-26T01:13:09.601+0100] {logging_mixin.py:190} INFO - [2024-09-26T01:13:09.600+0100] {dag.py:3239} INFO - Sync 1 DAGs
[2024-09-26T01:13:09.706+0100] {logging_mixin.py:190} INFO - [2024-09-26T01:13:09.705+0100] {dag.py:4180} INFO - Setting next_dagrun for example_params_ui_tutorial to None, run_after=None
[2024-09-26T01:13:09.780+0100] {processor.py:208} INFO - Processing /Users/rtewelde/airflow_venv/lib/python3.11/site-packages/airflow/example_dags/example_params_ui_tutorial.py took 1.284 seconds
[2024-09-26T02:06:43.177+0100] {processor.py:186} INFO - Started process (PID=33349) to work on /Users/rtewelde/airflow_venv/lib/python3.11/site-packages/airflow/example_dags/example_params_ui_tutorial.py
[2024-09-26T02:06:43.181+0100] {processor.py:914} INFO - Processing file /Users/rtewelde/airflow_venv/lib/python3.11/site-packages/airflow/example_dags/example_params_ui_tutorial.py for tasks to queue
[2024-09-26T02:06:43.185+0100] {logging_mixin.py:190} INFO - [2024-09-26T02:06:43.184+0100] {dagbag.py:588} INFO - Filling up the DagBag from /Users/rtewelde/airflow_venv/lib/python3.11/site-packages/airflow/example_dags/example_params_ui_tutorial.py
[2024-09-26T02:06:43.361+0100] {processor.py:925} INFO - DAG(s) 'example_params_ui_tutorial' retrieved from /Users/rtewelde/airflow_venv/lib/python3.11/site-packages/airflow/example_dags/example_params_ui_tutorial.py
[2024-09-26T02:06:44.039+0100] {logging_mixin.py:190} INFO - [2024-09-26T02:06:44.038+0100] {dag.py:3239} INFO - Sync 1 DAGs
[2024-09-26T02:06:44.089+0100] {logging_mixin.py:190} INFO - [2024-09-26T02:06:44.087+0100] {dag.py:4180} INFO - Setting next_dagrun for example_params_ui_tutorial to None, run_after=None
[2024-09-26T02:06:44.156+0100] {processor.py:208} INFO - Processing /Users/rtewelde/airflow_venv/lib/python3.11/site-packages/airflow/example_dags/example_params_ui_tutorial.py took 0.988 seconds
[2024-09-26T02:15:38.380+0100] {processor.py:186} INFO - Started process (PID=35612) to work on /Users/rtewelde/airflow_venv/lib/python3.11/site-packages/airflow/example_dags/example_params_ui_tutorial.py
[2024-09-26T02:15:38.384+0100] {processor.py:914} INFO - Processing file /Users/rtewelde/airflow_venv/lib/python3.11/site-packages/airflow/example_dags/example_params_ui_tutorial.py for tasks to queue
[2024-09-26T02:15:38.388+0100] {logging_mixin.py:190} INFO - [2024-09-26T02:15:38.387+0100] {dagbag.py:588} INFO - Filling up the DagBag from /Users/rtewelde/airflow_venv/lib/python3.11/site-packages/airflow/example_dags/example_params_ui_tutorial.py
[2024-09-26T02:15:38.555+0100] {processor.py:925} INFO - DAG(s) 'example_params_ui_tutorial' retrieved from /Users/rtewelde/airflow_venv/lib/python3.11/site-packages/airflow/example_dags/example_params_ui_tutorial.py
[2024-09-26T02:15:39.494+0100] {logging_mixin.py:190} INFO - [2024-09-26T02:15:39.493+0100] {dag.py:3239} INFO - Sync 1 DAGs
[2024-09-26T02:15:39.554+0100] {logging_mixin.py:190} INFO - [2024-09-26T02:15:39.553+0100] {dag.py:4180} INFO - Setting next_dagrun for example_params_ui_tutorial to None, run_after=None
[2024-09-26T02:15:39.620+0100] {processor.py:208} INFO - Processing /Users/rtewelde/airflow_venv/lib/python3.11/site-packages/airflow/example_dags/example_params_ui_tutorial.py took 1.250 seconds
[2024-09-26T02:24:00.403+0100] {processor.py:186} INFO - Started process (PID=37805) to work on /Users/rtewelde/airflow_venv/lib/python3.11/site-packages/airflow/example_dags/example_params_ui_tutorial.py
[2024-09-26T02:24:00.406+0100] {processor.py:914} INFO - Processing file /Users/rtewelde/airflow_venv/lib/python3.11/site-packages/airflow/example_dags/example_params_ui_tutorial.py for tasks to queue
[2024-09-26T02:24:00.409+0100] {logging_mixin.py:190} INFO - [2024-09-26T02:24:00.409+0100] {dagbag.py:588} INFO - Filling up the DagBag from /Users/rtewelde/airflow_venv/lib/python3.11/site-packages/airflow/example_dags/example_params_ui_tutorial.py
[2024-09-26T02:24:00.552+0100] {processor.py:925} INFO - DAG(s) 'example_params_ui_tutorial' retrieved from /Users/rtewelde/airflow_venv/lib/python3.11/site-packages/airflow/example_dags/example_params_ui_tutorial.py
[2024-09-26T02:24:01.209+0100] {logging_mixin.py:190} INFO - [2024-09-26T02:24:01.207+0100] {dag.py:3239} INFO - Sync 1 DAGs
[2024-09-26T02:24:01.252+0100] {logging_mixin.py:190} INFO - [2024-09-26T02:24:01.251+0100] {dag.py:4180} INFO - Setting next_dagrun for example_params_ui_tutorial to None, run_after=None
[2024-09-26T02:24:01.327+0100] {processor.py:208} INFO - Processing /Users/rtewelde/airflow_venv/lib/python3.11/site-packages/airflow/example_dags/example_params_ui_tutorial.py took 0.933 seconds
[2024-09-26T03:36:16.527+0100] {processor.py:186} INFO - Started process (PID=39743) to work on /Users/rtewelde/airflow_venv/lib/python3.11/site-packages/airflow/example_dags/example_params_ui_tutorial.py
[2024-09-26T03:36:16.530+0100] {processor.py:914} INFO - Processing file /Users/rtewelde/airflow_venv/lib/python3.11/site-packages/airflow/example_dags/example_params_ui_tutorial.py for tasks to queue
[2024-09-26T03:36:16.534+0100] {logging_mixin.py:190} INFO - [2024-09-26T03:36:16.533+0100] {dagbag.py:588} INFO - Filling up the DagBag from /Users/rtewelde/airflow_venv/lib/python3.11/site-packages/airflow/example_dags/example_params_ui_tutorial.py
[2024-09-26T03:36:16.677+0100] {processor.py:925} INFO - DAG(s) 'example_params_ui_tutorial' retrieved from /Users/rtewelde/airflow_venv/lib/python3.11/site-packages/airflow/example_dags/example_params_ui_tutorial.py
[2024-09-26T03:36:17.331+0100] {logging_mixin.py:190} INFO - [2024-09-26T03:36:17.330+0100] {dag.py:3239} INFO - Sync 1 DAGs
[2024-09-26T03:36:17.380+0100] {logging_mixin.py:190} INFO - [2024-09-26T03:36:17.379+0100] {dag.py:4180} INFO - Setting next_dagrun for example_params_ui_tutorial to None, run_after=None
[2024-09-26T03:36:17.445+0100] {processor.py:208} INFO - Processing /Users/rtewelde/airflow_venv/lib/python3.11/site-packages/airflow/example_dags/example_params_ui_tutorial.py took 0.926 seconds
[2024-09-26T03:44:27.082+0100] {processor.py:186} INFO - Started process (PID=41835) to work on /Users/rtewelde/airflow_venv/lib/python3.11/site-packages/airflow/example_dags/example_params_ui_tutorial.py
[2024-09-26T03:44:27.085+0100] {processor.py:914} INFO - Processing file /Users/rtewelde/airflow_venv/lib/python3.11/site-packages/airflow/example_dags/example_params_ui_tutorial.py for tasks to queue
[2024-09-26T03:44:27.088+0100] {logging_mixin.py:190} INFO - [2024-09-26T03:44:27.087+0100] {dagbag.py:588} INFO - Filling up the DagBag from /Users/rtewelde/airflow_venv/lib/python3.11/site-packages/airflow/example_dags/example_params_ui_tutorial.py
[2024-09-26T03:44:27.225+0100] {processor.py:925} INFO - DAG(s) 'example_params_ui_tutorial' retrieved from /Users/rtewelde/airflow_venv/lib/python3.11/site-packages/airflow/example_dags/example_params_ui_tutorial.py
[2024-09-26T03:44:27.906+0100] {logging_mixin.py:190} INFO - [2024-09-26T03:44:27.905+0100] {dag.py:3239} INFO - Sync 1 DAGs
[2024-09-26T03:44:27.951+0100] {logging_mixin.py:190} INFO - [2024-09-26T03:44:27.950+0100] {dag.py:4180} INFO - Setting next_dagrun for example_params_ui_tutorial to None, run_after=None
[2024-09-26T03:44:28.016+0100] {processor.py:208} INFO - Processing /Users/rtewelde/airflow_venv/lib/python3.11/site-packages/airflow/example_dags/example_params_ui_tutorial.py took 0.943 seconds
[2024-09-26T04:42:09.948+0100] {processor.py:186} INFO - Started process (PID=43757) to work on /Users/rtewelde/airflow_venv/lib/python3.11/site-packages/airflow/example_dags/example_params_ui_tutorial.py
[2024-09-26T04:42:09.951+0100] {processor.py:914} INFO - Processing file /Users/rtewelde/airflow_venv/lib/python3.11/site-packages/airflow/example_dags/example_params_ui_tutorial.py for tasks to queue
[2024-09-26T04:42:09.954+0100] {logging_mixin.py:190} INFO - [2024-09-26T04:42:09.954+0100] {dagbag.py:588} INFO - Filling up the DagBag from /Users/rtewelde/airflow_venv/lib/python3.11/site-packages/airflow/example_dags/example_params_ui_tutorial.py
[2024-09-26T04:42:10.091+0100] {processor.py:925} INFO - DAG(s) 'example_params_ui_tutorial' retrieved from /Users/rtewelde/airflow_venv/lib/python3.11/site-packages/airflow/example_dags/example_params_ui_tutorial.py
[2024-09-26T04:42:10.784+0100] {logging_mixin.py:190} INFO - [2024-09-26T04:42:10.782+0100] {dag.py:3239} INFO - Sync 1 DAGs
[2024-09-26T04:42:10.835+0100] {logging_mixin.py:190} INFO - [2024-09-26T04:42:10.834+0100] {dag.py:4180} INFO - Setting next_dagrun for example_params_ui_tutorial to None, run_after=None
[2024-09-26T04:42:10.903+0100] {processor.py:208} INFO - Processing /Users/rtewelde/airflow_venv/lib/python3.11/site-packages/airflow/example_dags/example_params_ui_tutorial.py took 0.963 seconds
[2024-09-26T04:51:05.041+0100] {processor.py:186} INFO - Started process (PID=46027) to work on /Users/rtewelde/airflow_venv/lib/python3.11/site-packages/airflow/example_dags/example_params_ui_tutorial.py
[2024-09-26T04:51:05.047+0100] {processor.py:914} INFO - Processing file /Users/rtewelde/airflow_venv/lib/python3.11/site-packages/airflow/example_dags/example_params_ui_tutorial.py for tasks to queue
[2024-09-26T04:51:05.053+0100] {logging_mixin.py:190} INFO - [2024-09-26T04:51:05.052+0100] {dagbag.py:588} INFO - Filling up the DagBag from /Users/rtewelde/airflow_venv/lib/python3.11/site-packages/airflow/example_dags/example_params_ui_tutorial.py
[2024-09-26T04:51:05.217+0100] {processor.py:925} INFO - DAG(s) 'example_params_ui_tutorial' retrieved from /Users/rtewelde/airflow_venv/lib/python3.11/site-packages/airflow/example_dags/example_params_ui_tutorial.py
[2024-09-26T04:51:05.963+0100] {logging_mixin.py:190} INFO - [2024-09-26T04:51:05.962+0100] {dag.py:3239} INFO - Sync 1 DAGs
[2024-09-26T04:51:06.038+0100] {logging_mixin.py:190} INFO - [2024-09-26T04:51:06.037+0100] {dag.py:4180} INFO - Setting next_dagrun for example_params_ui_tutorial to None, run_after=None
[2024-09-26T04:51:06.182+0100] {processor.py:208} INFO - Processing /Users/rtewelde/airflow_venv/lib/python3.11/site-packages/airflow/example_dags/example_params_ui_tutorial.py took 1.150 seconds
[2024-09-26T05:00:00.655+0100] {processor.py:186} INFO - Started process (PID=48339) to work on /Users/rtewelde/airflow_venv/lib/python3.11/site-packages/airflow/example_dags/example_params_ui_tutorial.py
[2024-09-26T05:00:00.659+0100] {processor.py:914} INFO - Processing file /Users/rtewelde/airflow_venv/lib/python3.11/site-packages/airflow/example_dags/example_params_ui_tutorial.py for tasks to queue
[2024-09-26T05:00:00.663+0100] {logging_mixin.py:190} INFO - [2024-09-26T05:00:00.662+0100] {dagbag.py:588} INFO - Filling up the DagBag from /Users/rtewelde/airflow_venv/lib/python3.11/site-packages/airflow/example_dags/example_params_ui_tutorial.py
[2024-09-26T05:00:00.819+0100] {processor.py:925} INFO - DAG(s) 'example_params_ui_tutorial' retrieved from /Users/rtewelde/airflow_venv/lib/python3.11/site-packages/airflow/example_dags/example_params_ui_tutorial.py
[2024-09-26T05:00:01.537+0100] {logging_mixin.py:190} INFO - [2024-09-26T05:00:01.536+0100] {dag.py:3239} INFO - Sync 1 DAGs
[2024-09-26T05:00:01.581+0100] {logging_mixin.py:190} INFO - [2024-09-26T05:00:01.580+0100] {dag.py:4180} INFO - Setting next_dagrun for example_params_ui_tutorial to None, run_after=None
[2024-09-26T05:00:01.651+0100] {processor.py:208} INFO - Processing /Users/rtewelde/airflow_venv/lib/python3.11/site-packages/airflow/example_dags/example_params_ui_tutorial.py took 1.005 seconds
[2024-09-26T05:09:12.368+0100] {processor.py:186} INFO - Started process (PID=50671) to work on /Users/rtewelde/airflow_venv/lib/python3.11/site-packages/airflow/example_dags/example_params_ui_tutorial.py
[2024-09-26T05:09:12.373+0100] {processor.py:914} INFO - Processing file /Users/rtewelde/airflow_venv/lib/python3.11/site-packages/airflow/example_dags/example_params_ui_tutorial.py for tasks to queue
[2024-09-26T05:09:12.377+0100] {logging_mixin.py:190} INFO - [2024-09-26T05:09:12.376+0100] {dagbag.py:588} INFO - Filling up the DagBag from /Users/rtewelde/airflow_venv/lib/python3.11/site-packages/airflow/example_dags/example_params_ui_tutorial.py
[2024-09-26T05:09:12.558+0100] {processor.py:925} INFO - DAG(s) 'example_params_ui_tutorial' retrieved from /Users/rtewelde/airflow_venv/lib/python3.11/site-packages/airflow/example_dags/example_params_ui_tutorial.py
[2024-09-26T05:09:13.276+0100] {logging_mixin.py:190} INFO - [2024-09-26T05:09:13.275+0100] {dag.py:3239} INFO - Sync 1 DAGs
[2024-09-26T05:09:13.320+0100] {logging_mixin.py:190} INFO - [2024-09-26T05:09:13.319+0100] {dag.py:4180} INFO - Setting next_dagrun for example_params_ui_tutorial to None, run_after=None
[2024-09-26T05:09:13.389+0100] {processor.py:208} INFO - Processing /Users/rtewelde/airflow_venv/lib/python3.11/site-packages/airflow/example_dags/example_params_ui_tutorial.py took 1.030 seconds
[2024-09-26T07:17:47.466+0100] {processor.py:186} INFO - Started process (PID=52930) to work on /Users/rtewelde/airflow_venv/lib/python3.11/site-packages/airflow/example_dags/example_params_ui_tutorial.py
[2024-09-26T07:17:47.470+0100] {processor.py:914} INFO - Processing file /Users/rtewelde/airflow_venv/lib/python3.11/site-packages/airflow/example_dags/example_params_ui_tutorial.py for tasks to queue
[2024-09-26T07:17:47.473+0100] {logging_mixin.py:190} INFO - [2024-09-26T07:17:47.472+0100] {dagbag.py:588} INFO - Filling up the DagBag from /Users/rtewelde/airflow_venv/lib/python3.11/site-packages/airflow/example_dags/example_params_ui_tutorial.py
[2024-09-26T07:17:47.634+0100] {processor.py:925} INFO - DAG(s) 'example_params_ui_tutorial' retrieved from /Users/rtewelde/airflow_venv/lib/python3.11/site-packages/airflow/example_dags/example_params_ui_tutorial.py
[2024-09-26T07:17:48.693+0100] {logging_mixin.py:190} INFO - [2024-09-26T07:17:48.692+0100] {dag.py:3239} INFO - Sync 1 DAGs
[2024-09-26T07:17:48.742+0100] {logging_mixin.py:190} INFO - [2024-09-26T07:17:48.741+0100] {dag.py:4180} INFO - Setting next_dagrun for example_params_ui_tutorial to None, run_after=None
[2024-09-26T07:17:48.820+0100] {processor.py:208} INFO - Processing /Users/rtewelde/airflow_venv/lib/python3.11/site-packages/airflow/example_dags/example_params_ui_tutorial.py took 1.367 seconds
[2024-09-26T07:26:02.213+0100] {processor.py:186} INFO - Started process (PID=55050) to work on /Users/rtewelde/airflow_venv/lib/python3.11/site-packages/airflow/example_dags/example_params_ui_tutorial.py
[2024-09-26T07:26:02.216+0100] {processor.py:914} INFO - Processing file /Users/rtewelde/airflow_venv/lib/python3.11/site-packages/airflow/example_dags/example_params_ui_tutorial.py for tasks to queue
[2024-09-26T07:26:02.219+0100] {logging_mixin.py:190} INFO - [2024-09-26T07:26:02.218+0100] {dagbag.py:588} INFO - Filling up the DagBag from /Users/rtewelde/airflow_venv/lib/python3.11/site-packages/airflow/example_dags/example_params_ui_tutorial.py
[2024-09-26T07:26:02.365+0100] {processor.py:925} INFO - DAG(s) 'example_params_ui_tutorial' retrieved from /Users/rtewelde/airflow_venv/lib/python3.11/site-packages/airflow/example_dags/example_params_ui_tutorial.py
[2024-09-26T07:26:03.043+0100] {logging_mixin.py:190} INFO - [2024-09-26T07:26:03.042+0100] {dag.py:3239} INFO - Sync 1 DAGs
[2024-09-26T07:26:03.087+0100] {logging_mixin.py:190} INFO - [2024-09-26T07:26:03.085+0100] {dag.py:4180} INFO - Setting next_dagrun for example_params_ui_tutorial to None, run_after=None
[2024-09-26T07:26:03.162+0100] {processor.py:208} INFO - Processing /Users/rtewelde/airflow_venv/lib/python3.11/site-packages/airflow/example_dags/example_params_ui_tutorial.py took 0.957 seconds
[2024-09-26T18:33:01.589+0100] {processor.py:186} INFO - Started process (PID=56714) to work on /Users/rtewelde/airflow_venv/lib/python3.11/site-packages/airflow/example_dags/example_params_ui_tutorial.py
[2024-09-26T18:33:01.590+0100] {processor.py:914} INFO - Processing file /Users/rtewelde/airflow_venv/lib/python3.11/site-packages/airflow/example_dags/example_params_ui_tutorial.py for tasks to queue
[2024-09-26T18:33:01.591+0100] {logging_mixin.py:190} INFO - [2024-09-26T18:33:01.591+0100] {dagbag.py:588} INFO - Filling up the DagBag from /Users/rtewelde/airflow_venv/lib/python3.11/site-packages/airflow/example_dags/example_params_ui_tutorial.py
[2024-09-26T18:33:01.633+0100] {processor.py:925} INFO - DAG(s) 'example_params_ui_tutorial' retrieved from /Users/rtewelde/airflow_venv/lib/python3.11/site-packages/airflow/example_dags/example_params_ui_tutorial.py
[2024-09-26T18:33:01.856+0100] {logging_mixin.py:190} INFO - [2024-09-26T18:33:01.856+0100] {dag.py:3239} INFO - Sync 1 DAGs
[2024-09-26T18:33:01.873+0100] {logging_mixin.py:190} INFO - [2024-09-26T18:33:01.872+0100] {dag.py:4180} INFO - Setting next_dagrun for example_params_ui_tutorial to None, run_after=None
[2024-09-26T18:33:01.894+0100] {processor.py:208} INFO - Processing /Users/rtewelde/airflow_venv/lib/python3.11/site-packages/airflow/example_dags/example_params_ui_tutorial.py took 0.307 seconds
[2024-09-26T19:02:25.329+0100] {processor.py:186} INFO - Started process (PID=58126) to work on /Users/rtewelde/airflow_venv/lib/python3.11/site-packages/airflow/example_dags/example_params_ui_tutorial.py
[2024-09-26T19:02:25.333+0100] {processor.py:914} INFO - Processing file /Users/rtewelde/airflow_venv/lib/python3.11/site-packages/airflow/example_dags/example_params_ui_tutorial.py for tasks to queue
[2024-09-26T19:02:25.337+0100] {logging_mixin.py:190} INFO - [2024-09-26T19:02:25.336+0100] {dagbag.py:588} INFO - Filling up the DagBag from /Users/rtewelde/airflow_venv/lib/python3.11/site-packages/airflow/example_dags/example_params_ui_tutorial.py
[2024-09-26T19:02:25.424+0100] {processor.py:925} INFO - DAG(s) 'example_params_ui_tutorial' retrieved from /Users/rtewelde/airflow_venv/lib/python3.11/site-packages/airflow/example_dags/example_params_ui_tutorial.py
[2024-09-26T19:02:25.877+0100] {logging_mixin.py:190} INFO - [2024-09-26T19:02:25.876+0100] {dag.py:3239} INFO - Sync 1 DAGs
[2024-09-26T19:02:25.913+0100] {logging_mixin.py:190} INFO - [2024-09-26T19:02:25.912+0100] {dag.py:4180} INFO - Setting next_dagrun for example_params_ui_tutorial to None, run_after=None
[2024-09-26T19:02:25.954+0100] {processor.py:208} INFO - Processing /Users/rtewelde/airflow_venv/lib/python3.11/site-packages/airflow/example_dags/example_params_ui_tutorial.py took 0.634 seconds
