[2024-09-26T01:02:44.369+0100] {processor.py:186} INFO - Started process (PID=28431) to work on /Users/rtewelde/airflow_venv/lib/python3.11/site-packages/airflow/example_dags/example_short_circuit_operator.py
[2024-09-26T01:02:44.372+0100] {processor.py:914} INFO - Processing file /Users/rtewelde/airflow_venv/lib/python3.11/site-packages/airflow/example_dags/example_short_circuit_operator.py for tasks to queue
[2024-09-26T01:02:44.376+0100] {logging_mixin.py:190} INFO - [2024-09-26T01:02:44.375+0100] {dagbag.py:588} INFO - Filling up the DagBag from /Users/rtewelde/airflow_venv/lib/python3.11/site-packages/airflow/example_dags/example_short_circuit_operator.py
[2024-09-26T01:02:44.508+0100] {processor.py:925} INFO - DAG(s) 'example_short_circuit_operator' retrieved from /Users/rtewelde/airflow_venv/lib/python3.11/site-packages/airflow/example_dags/example_short_circuit_operator.py
[2024-09-26T01:02:45.247+0100] {logging_mixin.py:190} INFO - [2024-09-26T01:02:45.245+0100] {dag.py:3239} INFO - Sync 1 DAGs
[2024-09-26T01:02:45.317+0100] {logging_mixin.py:190} INFO - [2024-09-26T01:02:45.314+0100] {dag.py:4180} INFO - Setting next_dagrun for example_short_circuit_operator to None, run_after=None
[2024-09-26T01:02:45.437+0100] {processor.py:208} INFO - Processing /Users/rtewelde/airflow_venv/lib/python3.11/site-packages/airflow/example_dags/example_short_circuit_operator.py took 1.078 seconds
[2024-09-26T01:11:40.186+0100] {processor.py:186} INFO - Started process (PID=30728) to work on /Users/rtewelde/airflow_venv/lib/python3.11/site-packages/airflow/example_dags/example_short_circuit_operator.py
[2024-09-26T01:11:40.191+0100] {processor.py:914} INFO - Processing file /Users/rtewelde/airflow_venv/lib/python3.11/site-packages/airflow/example_dags/example_short_circuit_operator.py for tasks to queue
[2024-09-26T01:11:40.195+0100] {logging_mixin.py:190} INFO - [2024-09-26T01:11:40.194+0100] {dagbag.py:588} INFO - Filling up the DagBag from /Users/rtewelde/airflow_venv/lib/python3.11/site-packages/airflow/example_dags/example_short_circuit_operator.py
[2024-09-26T01:11:40.329+0100] {processor.py:925} INFO - DAG(s) 'example_short_circuit_operator' retrieved from /Users/rtewelde/airflow_venv/lib/python3.11/site-packages/airflow/example_dags/example_short_circuit_operator.py
[2024-09-26T01:11:40.981+0100] {logging_mixin.py:190} INFO - [2024-09-26T01:11:40.979+0100] {dag.py:3239} INFO - Sync 1 DAGs
[2024-09-26T01:11:41.035+0100] {logging_mixin.py:190} INFO - [2024-09-26T01:11:41.034+0100] {dag.py:4180} INFO - Setting next_dagrun for example_short_circuit_operator to None, run_after=None
[2024-09-26T01:11:41.121+0100] {processor.py:208} INFO - Processing /Users/rtewelde/airflow_venv/lib/python3.11/site-packages/airflow/example_dags/example_short_circuit_operator.py took 0.945 seconds
[2024-09-26T02:05:24.754+0100] {processor.py:186} INFO - Started process (PID=33025) to work on /Users/rtewelde/airflow_venv/lib/python3.11/site-packages/airflow/example_dags/example_short_circuit_operator.py
[2024-09-26T02:05:24.755+0100] {processor.py:914} INFO - Processing file /Users/rtewelde/airflow_venv/lib/python3.11/site-packages/airflow/example_dags/example_short_circuit_operator.py for tasks to queue
[2024-09-26T02:05:24.756+0100] {logging_mixin.py:190} INFO - [2024-09-26T02:05:24.756+0100] {dagbag.py:588} INFO - Filling up the DagBag from /Users/rtewelde/airflow_venv/lib/python3.11/site-packages/airflow/example_dags/example_short_circuit_operator.py
[2024-09-26T02:05:24.790+0100] {processor.py:925} INFO - DAG(s) 'example_short_circuit_operator' retrieved from /Users/rtewelde/airflow_venv/lib/python3.11/site-packages/airflow/example_dags/example_short_circuit_operator.py
[2024-09-26T02:05:24.943+0100] {logging_mixin.py:190} INFO - [2024-09-26T02:05:24.942+0100] {dag.py:3239} INFO - Sync 1 DAGs
[2024-09-26T02:05:24.955+0100] {logging_mixin.py:190} INFO - [2024-09-26T02:05:24.955+0100] {dag.py:4180} INFO - Setting next_dagrun for example_short_circuit_operator to None, run_after=None
[2024-09-26T02:05:24.973+0100] {processor.py:208} INFO - Processing /Users/rtewelde/airflow_venv/lib/python3.11/site-packages/airflow/example_dags/example_short_circuit_operator.py took 0.222 seconds
[2024-09-26T02:14:06.034+0100] {processor.py:186} INFO - Started process (PID=35221) to work on /Users/rtewelde/airflow_venv/lib/python3.11/site-packages/airflow/example_dags/example_short_circuit_operator.py
[2024-09-26T02:14:06.038+0100] {processor.py:914} INFO - Processing file /Users/rtewelde/airflow_venv/lib/python3.11/site-packages/airflow/example_dags/example_short_circuit_operator.py for tasks to queue
[2024-09-26T02:14:06.042+0100] {logging_mixin.py:190} INFO - [2024-09-26T02:14:06.041+0100] {dagbag.py:588} INFO - Filling up the DagBag from /Users/rtewelde/airflow_venv/lib/python3.11/site-packages/airflow/example_dags/example_short_circuit_operator.py
[2024-09-26T02:14:06.157+0100] {processor.py:925} INFO - DAG(s) 'example_short_circuit_operator' retrieved from /Users/rtewelde/airflow_venv/lib/python3.11/site-packages/airflow/example_dags/example_short_circuit_operator.py
[2024-09-26T02:14:06.732+0100] {logging_mixin.py:190} INFO - [2024-09-26T02:14:06.731+0100] {dag.py:3239} INFO - Sync 1 DAGs
[2024-09-26T02:14:06.774+0100] {logging_mixin.py:190} INFO - [2024-09-26T02:14:06.773+0100] {dag.py:4180} INFO - Setting next_dagrun for example_short_circuit_operator to None, run_after=None
[2024-09-26T02:14:06.839+0100] {processor.py:208} INFO - Processing /Users/rtewelde/airflow_venv/lib/python3.11/site-packages/airflow/example_dags/example_short_circuit_operator.py took 0.817 seconds
[2024-09-26T02:22:39.792+0100] {processor.py:186} INFO - Started process (PID=37462) to work on /Users/rtewelde/airflow_venv/lib/python3.11/site-packages/airflow/example_dags/example_short_circuit_operator.py
[2024-09-26T02:22:39.797+0100] {processor.py:914} INFO - Processing file /Users/rtewelde/airflow_venv/lib/python3.11/site-packages/airflow/example_dags/example_short_circuit_operator.py for tasks to queue
[2024-09-26T02:22:39.801+0100] {logging_mixin.py:190} INFO - [2024-09-26T02:22:39.800+0100] {dagbag.py:588} INFO - Filling up the DagBag from /Users/rtewelde/airflow_venv/lib/python3.11/site-packages/airflow/example_dags/example_short_circuit_operator.py
[2024-09-26T02:22:39.894+0100] {processor.py:925} INFO - DAG(s) 'example_short_circuit_operator' retrieved from /Users/rtewelde/airflow_venv/lib/python3.11/site-packages/airflow/example_dags/example_short_circuit_operator.py
[2024-09-26T02:22:40.458+0100] {logging_mixin.py:190} INFO - [2024-09-26T02:22:40.456+0100] {dag.py:3239} INFO - Sync 1 DAGs
[2024-09-26T02:22:40.504+0100] {logging_mixin.py:190} INFO - [2024-09-26T02:22:40.503+0100] {dag.py:4180} INFO - Setting next_dagrun for example_short_circuit_operator to None, run_after=None
[2024-09-26T02:22:40.571+0100] {processor.py:208} INFO - Processing /Users/rtewelde/airflow_venv/lib/python3.11/site-packages/airflow/example_dags/example_short_circuit_operator.py took 0.788 seconds
[2024-09-26T03:34:55.226+0100] {processor.py:186} INFO - Started process (PID=39349) to work on /Users/rtewelde/airflow_venv/lib/python3.11/site-packages/airflow/example_dags/example_short_circuit_operator.py
[2024-09-26T03:34:55.230+0100] {processor.py:914} INFO - Processing file /Users/rtewelde/airflow_venv/lib/python3.11/site-packages/airflow/example_dags/example_short_circuit_operator.py for tasks to queue
[2024-09-26T03:34:55.233+0100] {logging_mixin.py:190} INFO - [2024-09-26T03:34:55.232+0100] {dagbag.py:588} INFO - Filling up the DagBag from /Users/rtewelde/airflow_venv/lib/python3.11/site-packages/airflow/example_dags/example_short_circuit_operator.py
[2024-09-26T03:34:55.326+0100] {processor.py:925} INFO - DAG(s) 'example_short_circuit_operator' retrieved from /Users/rtewelde/airflow_venv/lib/python3.11/site-packages/airflow/example_dags/example_short_circuit_operator.py
[2024-09-26T03:34:55.893+0100] {logging_mixin.py:190} INFO - [2024-09-26T03:34:55.891+0100] {dag.py:3239} INFO - Sync 1 DAGs
[2024-09-26T03:34:55.931+0100] {logging_mixin.py:190} INFO - [2024-09-26T03:34:55.930+0100] {dag.py:4180} INFO - Setting next_dagrun for example_short_circuit_operator to None, run_after=None
[2024-09-26T03:34:56.007+0100] {processor.py:208} INFO - Processing /Users/rtewelde/airflow_venv/lib/python3.11/site-packages/airflow/example_dags/example_short_circuit_operator.py took 0.790 seconds
[2024-09-26T03:43:07.384+0100] {processor.py:186} INFO - Started process (PID=41493) to work on /Users/rtewelde/airflow_venv/lib/python3.11/site-packages/airflow/example_dags/example_short_circuit_operator.py
[2024-09-26T03:43:07.387+0100] {processor.py:914} INFO - Processing file /Users/rtewelde/airflow_venv/lib/python3.11/site-packages/airflow/example_dags/example_short_circuit_operator.py for tasks to queue
[2024-09-26T03:43:07.391+0100] {logging_mixin.py:190} INFO - [2024-09-26T03:43:07.390+0100] {dagbag.py:588} INFO - Filling up the DagBag from /Users/rtewelde/airflow_venv/lib/python3.11/site-packages/airflow/example_dags/example_short_circuit_operator.py
[2024-09-26T03:43:07.483+0100] {processor.py:925} INFO - DAG(s) 'example_short_circuit_operator' retrieved from /Users/rtewelde/airflow_venv/lib/python3.11/site-packages/airflow/example_dags/example_short_circuit_operator.py
[2024-09-26T03:43:08.064+0100] {logging_mixin.py:190} INFO - [2024-09-26T03:43:08.062+0100] {dag.py:3239} INFO - Sync 1 DAGs
[2024-09-26T03:43:08.102+0100] {logging_mixin.py:190} INFO - [2024-09-26T03:43:08.100+0100] {dag.py:4180} INFO - Setting next_dagrun for example_short_circuit_operator to None, run_after=None
[2024-09-26T03:43:08.174+0100] {processor.py:208} INFO - Processing /Users/rtewelde/airflow_venv/lib/python3.11/site-packages/airflow/example_dags/example_short_circuit_operator.py took 0.799 seconds
[2024-09-26T04:40:49.348+0100] {processor.py:186} INFO - Started process (PID=43411) to work on /Users/rtewelde/airflow_venv/lib/python3.11/site-packages/airflow/example_dags/example_short_circuit_operator.py
[2024-09-26T04:40:49.351+0100] {processor.py:914} INFO - Processing file /Users/rtewelde/airflow_venv/lib/python3.11/site-packages/airflow/example_dags/example_short_circuit_operator.py for tasks to queue
[2024-09-26T04:40:49.356+0100] {logging_mixin.py:190} INFO - [2024-09-26T04:40:49.355+0100] {dagbag.py:588} INFO - Filling up the DagBag from /Users/rtewelde/airflow_venv/lib/python3.11/site-packages/airflow/example_dags/example_short_circuit_operator.py
[2024-09-26T04:40:49.444+0100] {processor.py:925} INFO - DAG(s) 'example_short_circuit_operator' retrieved from /Users/rtewelde/airflow_venv/lib/python3.11/site-packages/airflow/example_dags/example_short_circuit_operator.py
[2024-09-26T04:40:50.016+0100] {logging_mixin.py:190} INFO - [2024-09-26T04:40:50.015+0100] {dag.py:3239} INFO - Sync 1 DAGs
[2024-09-26T04:40:50.059+0100] {logging_mixin.py:190} INFO - [2024-09-26T04:40:50.059+0100] {dag.py:4180} INFO - Setting next_dagrun for example_short_circuit_operator to None, run_after=None
[2024-09-26T04:40:50.131+0100] {processor.py:208} INFO - Processing /Users/rtewelde/airflow_venv/lib/python3.11/site-packages/airflow/example_dags/example_short_circuit_operator.py took 0.796 seconds
[2024-09-26T04:49:34.029+0100] {processor.py:186} INFO - Started process (PID=45640) to work on /Users/rtewelde/airflow_venv/lib/python3.11/site-packages/airflow/example_dags/example_short_circuit_operator.py
[2024-09-26T04:49:34.034+0100] {processor.py:914} INFO - Processing file /Users/rtewelde/airflow_venv/lib/python3.11/site-packages/airflow/example_dags/example_short_circuit_operator.py for tasks to queue
[2024-09-26T04:49:34.038+0100] {logging_mixin.py:190} INFO - [2024-09-26T04:49:34.037+0100] {dagbag.py:588} INFO - Filling up the DagBag from /Users/rtewelde/airflow_venv/lib/python3.11/site-packages/airflow/example_dags/example_short_circuit_operator.py
[2024-09-26T04:49:34.152+0100] {processor.py:925} INFO - DAG(s) 'example_short_circuit_operator' retrieved from /Users/rtewelde/airflow_venv/lib/python3.11/site-packages/airflow/example_dags/example_short_circuit_operator.py
[2024-09-26T04:49:34.872+0100] {logging_mixin.py:190} INFO - [2024-09-26T04:49:34.871+0100] {dag.py:3239} INFO - Sync 1 DAGs
[2024-09-26T04:49:34.936+0100] {logging_mixin.py:190} INFO - [2024-09-26T04:49:34.935+0100] {dag.py:4180} INFO - Setting next_dagrun for example_short_circuit_operator to None, run_after=None
[2024-09-26T04:49:35.011+0100] {processor.py:208} INFO - Processing /Users/rtewelde/airflow_venv/lib/python3.11/site-packages/airflow/example_dags/example_short_circuit_operator.py took 0.992 seconds
[2024-09-26T04:58:36.269+0100] {processor.py:186} INFO - Started process (PID=47984) to work on /Users/rtewelde/airflow_venv/lib/python3.11/site-packages/airflow/example_dags/example_short_circuit_operator.py
[2024-09-26T04:58:36.275+0100] {processor.py:914} INFO - Processing file /Users/rtewelde/airflow_venv/lib/python3.11/site-packages/airflow/example_dags/example_short_circuit_operator.py for tasks to queue
[2024-09-26T04:58:36.279+0100] {logging_mixin.py:190} INFO - [2024-09-26T04:58:36.279+0100] {dagbag.py:588} INFO - Filling up the DagBag from /Users/rtewelde/airflow_venv/lib/python3.11/site-packages/airflow/example_dags/example_short_circuit_operator.py
[2024-09-26T04:58:36.389+0100] {processor.py:925} INFO - DAG(s) 'example_short_circuit_operator' retrieved from /Users/rtewelde/airflow_venv/lib/python3.11/site-packages/airflow/example_dags/example_short_circuit_operator.py
[2024-09-26T04:58:36.971+0100] {logging_mixin.py:190} INFO - [2024-09-26T04:58:36.969+0100] {dag.py:3239} INFO - Sync 1 DAGs
[2024-09-26T04:58:37.015+0100] {logging_mixin.py:190} INFO - [2024-09-26T04:58:37.014+0100] {dag.py:4180} INFO - Setting next_dagrun for example_short_circuit_operator to None, run_after=None
[2024-09-26T04:58:37.088+0100] {processor.py:208} INFO - Processing /Users/rtewelde/airflow_venv/lib/python3.11/site-packages/airflow/example_dags/example_short_circuit_operator.py took 0.831 seconds
[2024-09-26T05:07:40.812+0100] {processor.py:186} INFO - Started process (PID=50291) to work on /Users/rtewelde/airflow_venv/lib/python3.11/site-packages/airflow/example_dags/example_short_circuit_operator.py
[2024-09-26T05:07:40.817+0100] {processor.py:914} INFO - Processing file /Users/rtewelde/airflow_venv/lib/python3.11/site-packages/airflow/example_dags/example_short_circuit_operator.py for tasks to queue
[2024-09-26T05:07:40.821+0100] {logging_mixin.py:190} INFO - [2024-09-26T05:07:40.820+0100] {dagbag.py:588} INFO - Filling up the DagBag from /Users/rtewelde/airflow_venv/lib/python3.11/site-packages/airflow/example_dags/example_short_circuit_operator.py
[2024-09-26T05:07:40.936+0100] {processor.py:925} INFO - DAG(s) 'example_short_circuit_operator' retrieved from /Users/rtewelde/airflow_venv/lib/python3.11/site-packages/airflow/example_dags/example_short_circuit_operator.py
[2024-09-26T05:07:41.550+0100] {logging_mixin.py:190} INFO - [2024-09-26T05:07:41.549+0100] {dag.py:3239} INFO - Sync 1 DAGs
[2024-09-26T05:07:41.610+0100] {logging_mixin.py:190} INFO - [2024-09-26T05:07:41.608+0100] {dag.py:4180} INFO - Setting next_dagrun for example_short_circuit_operator to None, run_after=None
[2024-09-26T05:07:41.682+0100] {processor.py:208} INFO - Processing /Users/rtewelde/airflow_venv/lib/python3.11/site-packages/airflow/example_dags/example_short_circuit_operator.py took 0.881 seconds
[2024-09-26T07:16:33.334+0100] {processor.py:186} INFO - Started process (PID=52607) to work on /Users/rtewelde/airflow_venv/lib/python3.11/site-packages/airflow/example_dags/example_short_circuit_operator.py
[2024-09-26T07:16:33.335+0100] {processor.py:914} INFO - Processing file /Users/rtewelde/airflow_venv/lib/python3.11/site-packages/airflow/example_dags/example_short_circuit_operator.py for tasks to queue
[2024-09-26T07:16:33.336+0100] {logging_mixin.py:190} INFO - [2024-09-26T07:16:33.336+0100] {dagbag.py:588} INFO - Filling up the DagBag from /Users/rtewelde/airflow_venv/lib/python3.11/site-packages/airflow/example_dags/example_short_circuit_operator.py
[2024-09-26T07:16:33.359+0100] {processor.py:925} INFO - DAG(s) 'example_short_circuit_operator' retrieved from /Users/rtewelde/airflow_venv/lib/python3.11/site-packages/airflow/example_dags/example_short_circuit_operator.py
[2024-09-26T07:16:33.520+0100] {logging_mixin.py:190} INFO - [2024-09-26T07:16:33.519+0100] {dag.py:3239} INFO - Sync 1 DAGs
[2024-09-26T07:16:33.531+0100] {logging_mixin.py:190} INFO - [2024-09-26T07:16:33.531+0100] {dag.py:4180} INFO - Setting next_dagrun for example_short_circuit_operator to None, run_after=None
[2024-09-26T07:16:33.547+0100] {processor.py:208} INFO - Processing /Users/rtewelde/airflow_venv/lib/python3.11/site-packages/airflow/example_dags/example_short_circuit_operator.py took 0.215 seconds
[2024-09-26T07:24:40.204+0100] {processor.py:186} INFO - Started process (PID=54691) to work on /Users/rtewelde/airflow_venv/lib/python3.11/site-packages/airflow/example_dags/example_short_circuit_operator.py
[2024-09-26T07:24:40.207+0100] {processor.py:914} INFO - Processing file /Users/rtewelde/airflow_venv/lib/python3.11/site-packages/airflow/example_dags/example_short_circuit_operator.py for tasks to queue
[2024-09-26T07:24:40.211+0100] {logging_mixin.py:190} INFO - [2024-09-26T07:24:40.210+0100] {dagbag.py:588} INFO - Filling up the DagBag from /Users/rtewelde/airflow_venv/lib/python3.11/site-packages/airflow/example_dags/example_short_circuit_operator.py
[2024-09-26T07:24:40.306+0100] {processor.py:925} INFO - DAG(s) 'example_short_circuit_operator' retrieved from /Users/rtewelde/airflow_venv/lib/python3.11/site-packages/airflow/example_dags/example_short_circuit_operator.py
[2024-09-26T07:24:40.873+0100] {logging_mixin.py:190} INFO - [2024-09-26T07:24:40.872+0100] {dag.py:3239} INFO - Sync 1 DAGs
[2024-09-26T07:24:40.914+0100] {logging_mixin.py:190} INFO - [2024-09-26T07:24:40.913+0100] {dag.py:4180} INFO - Setting next_dagrun for example_short_circuit_operator to None, run_after=None
[2024-09-26T07:24:40.985+0100] {processor.py:208} INFO - Processing /Users/rtewelde/airflow_venv/lib/python3.11/site-packages/airflow/example_dags/example_short_circuit_operator.py took 0.792 seconds
[2024-09-26T08:32:25.315+0100] {processor.py:186} INFO - Started process (PID=56453) to work on /Users/rtewelde/airflow_venv/lib/python3.11/site-packages/airflow/example_dags/example_short_circuit_operator.py
[2024-09-26T08:32:25.320+0100] {processor.py:914} INFO - Processing file /Users/rtewelde/airflow_venv/lib/python3.11/site-packages/airflow/example_dags/example_short_circuit_operator.py for tasks to queue
[2024-09-26T08:32:25.324+0100] {logging_mixin.py:190} INFO - [2024-09-26T08:32:25.323+0100] {dagbag.py:588} INFO - Filling up the DagBag from /Users/rtewelde/airflow_venv/lib/python3.11/site-packages/airflow/example_dags/example_short_circuit_operator.py
[2024-09-26T08:32:25.411+0100] {processor.py:925} INFO - DAG(s) 'example_short_circuit_operator' retrieved from /Users/rtewelde/airflow_venv/lib/python3.11/site-packages/airflow/example_dags/example_short_circuit_operator.py
[2024-09-26T08:32:26.012+0100] {logging_mixin.py:190} INFO - [2024-09-26T08:32:26.011+0100] {dag.py:3239} INFO - Sync 1 DAGs
[2024-09-26T08:32:26.058+0100] {logging_mixin.py:190} INFO - [2024-09-26T08:32:26.057+0100] {dag.py:4180} INFO - Setting next_dagrun for example_short_circuit_operator to None, run_after=None
[2024-09-26T08:32:26.129+0100] {processor.py:208} INFO - Processing /Users/rtewelde/airflow_venv/lib/python3.11/site-packages/airflow/example_dags/example_short_circuit_operator.py took 0.827 seconds
[2024-09-26T19:01:40.504+0100] {processor.py:186} INFO - Started process (PID=57937) to work on /Users/rtewelde/airflow_venv/lib/python3.11/site-packages/airflow/example_dags/example_short_circuit_operator.py
[2024-09-26T19:01:40.506+0100] {processor.py:914} INFO - Processing file /Users/rtewelde/airflow_venv/lib/python3.11/site-packages/airflow/example_dags/example_short_circuit_operator.py for tasks to queue
[2024-09-26T19:01:40.507+0100] {logging_mixin.py:190} INFO - [2024-09-26T19:01:40.507+0100] {dagbag.py:588} INFO - Filling up the DagBag from /Users/rtewelde/airflow_venv/lib/python3.11/site-packages/airflow/example_dags/example_short_circuit_operator.py
[2024-09-26T19:01:40.551+0100] {processor.py:925} INFO - DAG(s) 'example_short_circuit_operator' retrieved from /Users/rtewelde/airflow_venv/lib/python3.11/site-packages/airflow/example_dags/example_short_circuit_operator.py
[2024-09-26T19:01:40.902+0100] {logging_mixin.py:190} INFO - [2024-09-26T19:01:40.901+0100] {dag.py:3239} INFO - Sync 1 DAGs
[2024-09-26T19:01:40.925+0100] {logging_mixin.py:190} INFO - [2024-09-26T19:01:40.924+0100] {dag.py:4180} INFO - Setting next_dagrun for example_short_circuit_operator to None, run_after=None
[2024-09-26T19:01:40.963+0100] {processor.py:208} INFO - Processing /Users/rtewelde/airflow_venv/lib/python3.11/site-packages/airflow/example_dags/example_short_circuit_operator.py took 0.464 seconds
