[2024-09-26T01:06:49.413+0100] {processor.py:186} INFO - Started process (PID=29486) to work on /Users/rtewelde/airflow_venv/lib/python3.11/site-packages/airflow/example_dags/example_dag_decorator.py
[2024-09-26T01:06:49.417+0100] {processor.py:914} INFO - Processing file /Users/rtewelde/airflow_venv/lib/python3.11/site-packages/airflow/example_dags/example_dag_decorator.py for tasks to queue
[2024-09-26T01:06:49.420+0100] {logging_mixin.py:190} INFO - [2024-09-26T01:06:49.419+0100] {dagbag.py:588} INFO - Filling up the DagBag from /Users/rtewelde/airflow_venv/lib/python3.11/site-packages/airflow/example_dags/example_dag_decorator.py
[2024-09-26T01:06:50.345+0100] {processor.py:925} INFO - DAG(s) 'example_dag_decorator' retrieved from /Users/rtewelde/airflow_venv/lib/python3.11/site-packages/airflow/example_dags/example_dag_decorator.py
[2024-09-26T01:06:51.186+0100] {logging_mixin.py:190} INFO - [2024-09-26T01:06:51.185+0100] {dag.py:3239} INFO - Sync 1 DAGs
[2024-09-26T01:06:51.227+0100] {logging_mixin.py:190} INFO - [2024-09-26T01:06:51.226+0100] {dag.py:4180} INFO - Setting next_dagrun for example_dag_decorator to None, run_after=None
[2024-09-26T01:06:51.296+0100] {processor.py:208} INFO - Processing /Users/rtewelde/airflow_venv/lib/python3.11/site-packages/airflow/example_dags/example_dag_decorator.py took 1.896 seconds
[2024-09-26T01:15:55.319+0100] {processor.py:186} INFO - Started process (PID=31820) to work on /Users/rtewelde/airflow_venv/lib/python3.11/site-packages/airflow/example_dags/example_dag_decorator.py
[2024-09-26T01:15:55.324+0100] {processor.py:914} INFO - Processing file /Users/rtewelde/airflow_venv/lib/python3.11/site-packages/airflow/example_dags/example_dag_decorator.py for tasks to queue
[2024-09-26T01:15:55.328+0100] {logging_mixin.py:190} INFO - [2024-09-26T01:15:55.327+0100] {dagbag.py:588} INFO - Filling up the DagBag from /Users/rtewelde/airflow_venv/lib/python3.11/site-packages/airflow/example_dags/example_dag_decorator.py
[2024-09-26T01:15:56.489+0100] {processor.py:925} INFO - DAG(s) 'example_dag_decorator' retrieved from /Users/rtewelde/airflow_venv/lib/python3.11/site-packages/airflow/example_dags/example_dag_decorator.py
[2024-09-26T01:15:57.386+0100] {logging_mixin.py:190} INFO - [2024-09-26T01:15:57.385+0100] {dag.py:3239} INFO - Sync 1 DAGs
[2024-09-26T01:15:57.444+0100] {logging_mixin.py:190} INFO - [2024-09-26T01:15:57.443+0100] {dag.py:4180} INFO - Setting next_dagrun for example_dag_decorator to None, run_after=None
[2024-09-26T01:15:57.522+0100] {processor.py:208} INFO - Processing /Users/rtewelde/airflow_venv/lib/python3.11/site-packages/airflow/example_dags/example_dag_decorator.py took 2.212 seconds
[2024-09-26T02:09:25.024+0100] {processor.py:186} INFO - Started process (PID=34025) to work on /Users/rtewelde/airflow_venv/lib/python3.11/site-packages/airflow/example_dags/example_dag_decorator.py
[2024-09-26T02:09:25.029+0100] {processor.py:914} INFO - Processing file /Users/rtewelde/airflow_venv/lib/python3.11/site-packages/airflow/example_dags/example_dag_decorator.py for tasks to queue
[2024-09-26T02:09:25.033+0100] {logging_mixin.py:190} INFO - [2024-09-26T02:09:25.032+0100] {dagbag.py:588} INFO - Filling up the DagBag from /Users/rtewelde/airflow_venv/lib/python3.11/site-packages/airflow/example_dags/example_dag_decorator.py
[2024-09-26T02:09:25.973+0100] {processor.py:925} INFO - DAG(s) 'example_dag_decorator' retrieved from /Users/rtewelde/airflow_venv/lib/python3.11/site-packages/airflow/example_dags/example_dag_decorator.py
[2024-09-26T02:09:26.809+0100] {logging_mixin.py:190} INFO - [2024-09-26T02:09:26.808+0100] {dag.py:3239} INFO - Sync 1 DAGs
[2024-09-26T02:09:26.853+0100] {logging_mixin.py:190} INFO - [2024-09-26T02:09:26.852+0100] {dag.py:4180} INFO - Setting next_dagrun for example_dag_decorator to None, run_after=None
[2024-09-26T02:09:26.928+0100] {processor.py:208} INFO - Processing /Users/rtewelde/airflow_venv/lib/python3.11/site-packages/airflow/example_dags/example_dag_decorator.py took 1.913 seconds
[2024-09-26T02:18:10.911+0100] {processor.py:186} INFO - Started process (PID=36304) to work on /Users/rtewelde/airflow_venv/lib/python3.11/site-packages/airflow/example_dags/example_dag_decorator.py
[2024-09-26T02:18:10.915+0100] {processor.py:914} INFO - Processing file /Users/rtewelde/airflow_venv/lib/python3.11/site-packages/airflow/example_dags/example_dag_decorator.py for tasks to queue
[2024-09-26T02:18:10.918+0100] {logging_mixin.py:190} INFO - [2024-09-26T02:18:10.918+0100] {dagbag.py:588} INFO - Filling up the DagBag from /Users/rtewelde/airflow_venv/lib/python3.11/site-packages/airflow/example_dags/example_dag_decorator.py
[2024-09-26T02:18:11.815+0100] {processor.py:925} INFO - DAG(s) 'example_dag_decorator' retrieved from /Users/rtewelde/airflow_venv/lib/python3.11/site-packages/airflow/example_dags/example_dag_decorator.py
[2024-09-26T02:18:12.730+0100] {logging_mixin.py:190} INFO - [2024-09-26T02:18:12.729+0100] {dag.py:3239} INFO - Sync 1 DAGs
[2024-09-26T02:18:12.775+0100] {logging_mixin.py:190} INFO - [2024-09-26T02:18:12.774+0100] {dag.py:4180} INFO - Setting next_dagrun for example_dag_decorator to None, run_after=None
[2024-09-26T02:18:12.848+0100] {processor.py:208} INFO - Processing /Users/rtewelde/airflow_venv/lib/python3.11/site-packages/airflow/example_dags/example_dag_decorator.py took 1.951 seconds
[2024-09-26T02:58:08.236+0100] {processor.py:186} INFO - Started process (PID=38311) to work on /Users/rtewelde/airflow_venv/lib/python3.11/site-packages/airflow/example_dags/example_dag_decorator.py
[2024-09-26T02:58:08.239+0100] {processor.py:914} INFO - Processing file /Users/rtewelde/airflow_venv/lib/python3.11/site-packages/airflow/example_dags/example_dag_decorator.py for tasks to queue
[2024-09-26T02:58:08.242+0100] {logging_mixin.py:190} INFO - [2024-09-26T02:58:08.242+0100] {dagbag.py:588} INFO - Filling up the DagBag from /Users/rtewelde/airflow_venv/lib/python3.11/site-packages/airflow/example_dags/example_dag_decorator.py
[2024-09-26T02:58:09.167+0100] {processor.py:925} INFO - DAG(s) 'example_dag_decorator' retrieved from /Users/rtewelde/airflow_venv/lib/python3.11/site-packages/airflow/example_dags/example_dag_decorator.py
[2024-09-26T02:58:09.994+0100] {logging_mixin.py:190} INFO - [2024-09-26T02:58:09.993+0100] {dag.py:3239} INFO - Sync 1 DAGs
[2024-09-26T02:58:10.035+0100] {logging_mixin.py:190} INFO - [2024-09-26T02:58:10.034+0100] {dag.py:4180} INFO - Setting next_dagrun for example_dag_decorator to None, run_after=None
[2024-09-26T02:58:10.102+0100] {processor.py:208} INFO - Processing /Users/rtewelde/airflow_venv/lib/python3.11/site-packages/airflow/example_dags/example_dag_decorator.py took 1.876 seconds
[2024-09-26T03:38:40.221+0100] {processor.py:186} INFO - Started process (PID=40355) to work on /Users/rtewelde/airflow_venv/lib/python3.11/site-packages/airflow/example_dags/example_dag_decorator.py
[2024-09-26T03:38:40.224+0100] {processor.py:914} INFO - Processing file /Users/rtewelde/airflow_venv/lib/python3.11/site-packages/airflow/example_dags/example_dag_decorator.py for tasks to queue
[2024-09-26T03:38:40.227+0100] {logging_mixin.py:190} INFO - [2024-09-26T03:38:40.226+0100] {dagbag.py:588} INFO - Filling up the DagBag from /Users/rtewelde/airflow_venv/lib/python3.11/site-packages/airflow/example_dags/example_dag_decorator.py
[2024-09-26T03:38:41.130+0100] {processor.py:925} INFO - DAG(s) 'example_dag_decorator' retrieved from /Users/rtewelde/airflow_venv/lib/python3.11/site-packages/airflow/example_dags/example_dag_decorator.py
[2024-09-26T03:38:41.938+0100] {logging_mixin.py:190} INFO - [2024-09-26T03:38:41.936+0100] {dag.py:3239} INFO - Sync 1 DAGs
[2024-09-26T03:38:41.980+0100] {logging_mixin.py:190} INFO - [2024-09-26T03:38:41.979+0100] {dag.py:4180} INFO - Setting next_dagrun for example_dag_decorator to None, run_after=None
[2024-09-26T03:38:42.048+0100] {processor.py:208} INFO - Processing /Users/rtewelde/airflow_venv/lib/python3.11/site-packages/airflow/example_dags/example_dag_decorator.py took 1.839 seconds
[2024-09-26T03:46:51.009+0100] {processor.py:186} INFO - Started process (PID=42439) to work on /Users/rtewelde/airflow_venv/lib/python3.11/site-packages/airflow/example_dags/example_dag_decorator.py
[2024-09-26T03:46:51.012+0100] {processor.py:914} INFO - Processing file /Users/rtewelde/airflow_venv/lib/python3.11/site-packages/airflow/example_dags/example_dag_decorator.py for tasks to queue
[2024-09-26T03:46:51.016+0100] {logging_mixin.py:190} INFO - [2024-09-26T03:46:51.015+0100] {dagbag.py:588} INFO - Filling up the DagBag from /Users/rtewelde/airflow_venv/lib/python3.11/site-packages/airflow/example_dags/example_dag_decorator.py
[2024-09-26T03:46:51.883+0100] {processor.py:925} INFO - DAG(s) 'example_dag_decorator' retrieved from /Users/rtewelde/airflow_venv/lib/python3.11/site-packages/airflow/example_dags/example_dag_decorator.py
[2024-09-26T03:46:52.677+0100] {logging_mixin.py:190} INFO - [2024-09-26T03:46:52.675+0100] {dag.py:3239} INFO - Sync 1 DAGs
[2024-09-26T03:46:52.719+0100] {logging_mixin.py:190} INFO - [2024-09-26T03:46:52.719+0100] {dag.py:4180} INFO - Setting next_dagrun for example_dag_decorator to None, run_after=None
[2024-09-26T03:46:52.784+0100] {processor.py:208} INFO - Processing /Users/rtewelde/airflow_venv/lib/python3.11/site-packages/airflow/example_dags/example_dag_decorator.py took 1.784 seconds
[2024-09-26T04:44:33.423+0100] {processor.py:186} INFO - Started process (PID=44373) to work on /Users/rtewelde/airflow_venv/lib/python3.11/site-packages/airflow/example_dags/example_dag_decorator.py
[2024-09-26T04:44:33.426+0100] {processor.py:914} INFO - Processing file /Users/rtewelde/airflow_venv/lib/python3.11/site-packages/airflow/example_dags/example_dag_decorator.py for tasks to queue
[2024-09-26T04:44:33.431+0100] {logging_mixin.py:190} INFO - [2024-09-26T04:44:33.430+0100] {dagbag.py:588} INFO - Filling up the DagBag from /Users/rtewelde/airflow_venv/lib/python3.11/site-packages/airflow/example_dags/example_dag_decorator.py
[2024-09-26T04:44:34.305+0100] {processor.py:925} INFO - DAG(s) 'example_dag_decorator' retrieved from /Users/rtewelde/airflow_venv/lib/python3.11/site-packages/airflow/example_dags/example_dag_decorator.py
[2024-09-26T04:44:35.095+0100] {logging_mixin.py:190} INFO - [2024-09-26T04:44:35.094+0100] {dag.py:3239} INFO - Sync 1 DAGs
[2024-09-26T04:44:35.140+0100] {logging_mixin.py:190} INFO - [2024-09-26T04:44:35.139+0100] {dag.py:4180} INFO - Setting next_dagrun for example_dag_decorator to None, run_after=None
[2024-09-26T04:44:35.204+0100] {processor.py:208} INFO - Processing /Users/rtewelde/airflow_venv/lib/python3.11/site-packages/airflow/example_dags/example_dag_decorator.py took 1.791 seconds
[2024-09-26T04:53:49.578+0100] {processor.py:186} INFO - Started process (PID=46713) to work on /Users/rtewelde/airflow_venv/lib/python3.11/site-packages/airflow/example_dags/example_dag_decorator.py
[2024-09-26T04:53:49.582+0100] {processor.py:914} INFO - Processing file /Users/rtewelde/airflow_venv/lib/python3.11/site-packages/airflow/example_dags/example_dag_decorator.py for tasks to queue
[2024-09-26T04:53:49.586+0100] {logging_mixin.py:190} INFO - [2024-09-26T04:53:49.585+0100] {dagbag.py:588} INFO - Filling up the DagBag from /Users/rtewelde/airflow_venv/lib/python3.11/site-packages/airflow/example_dags/example_dag_decorator.py
[2024-09-26T04:53:50.847+0100] {processor.py:925} INFO - DAG(s) 'example_dag_decorator' retrieved from /Users/rtewelde/airflow_venv/lib/python3.11/site-packages/airflow/example_dags/example_dag_decorator.py
[2024-09-26T04:53:51.714+0100] {logging_mixin.py:190} INFO - [2024-09-26T04:53:51.713+0100] {dag.py:3239} INFO - Sync 1 DAGs
[2024-09-26T04:53:51.763+0100] {logging_mixin.py:190} INFO - [2024-09-26T04:53:51.762+0100] {dag.py:4180} INFO - Setting next_dagrun for example_dag_decorator to None, run_after=None
[2024-09-26T04:53:51.831+0100] {processor.py:208} INFO - Processing /Users/rtewelde/airflow_venv/lib/python3.11/site-packages/airflow/example_dags/example_dag_decorator.py took 2.262 seconds
[2024-09-26T05:02:42.491+0100] {processor.py:186} INFO - Started process (PID=49026) to work on /Users/rtewelde/airflow_venv/lib/python3.11/site-packages/airflow/example_dags/example_dag_decorator.py
[2024-09-26T05:02:42.495+0100] {processor.py:914} INFO - Processing file /Users/rtewelde/airflow_venv/lib/python3.11/site-packages/airflow/example_dags/example_dag_decorator.py for tasks to queue
[2024-09-26T05:02:42.498+0100] {logging_mixin.py:190} INFO - [2024-09-26T05:02:42.498+0100] {dagbag.py:588} INFO - Filling up the DagBag from /Users/rtewelde/airflow_venv/lib/python3.11/site-packages/airflow/example_dags/example_dag_decorator.py
[2024-09-26T05:02:43.430+0100] {processor.py:925} INFO - DAG(s) 'example_dag_decorator' retrieved from /Users/rtewelde/airflow_venv/lib/python3.11/site-packages/airflow/example_dags/example_dag_decorator.py
[2024-09-26T05:02:44.305+0100] {logging_mixin.py:190} INFO - [2024-09-26T05:02:44.304+0100] {dag.py:3239} INFO - Sync 1 DAGs
[2024-09-26T05:02:44.351+0100] {logging_mixin.py:190} INFO - [2024-09-26T05:02:44.349+0100] {dag.py:4180} INFO - Setting next_dagrun for example_dag_decorator to None, run_after=None
[2024-09-26T05:02:44.437+0100] {processor.py:208} INFO - Processing /Users/rtewelde/airflow_venv/lib/python3.11/site-packages/airflow/example_dags/example_dag_decorator.py took 1.955 seconds
[2024-09-26T05:11:49.051+0100] {processor.py:186} INFO - Started process (PID=51328) to work on /Users/rtewelde/airflow_venv/lib/python3.11/site-packages/airflow/example_dags/example_dag_decorator.py
[2024-09-26T05:11:49.056+0100] {processor.py:914} INFO - Processing file /Users/rtewelde/airflow_venv/lib/python3.11/site-packages/airflow/example_dags/example_dag_decorator.py for tasks to queue
[2024-09-26T05:11:49.061+0100] {logging_mixin.py:190} INFO - [2024-09-26T05:11:49.060+0100] {dagbag.py:588} INFO - Filling up the DagBag from /Users/rtewelde/airflow_venv/lib/python3.11/site-packages/airflow/example_dags/example_dag_decorator.py
[2024-09-26T05:11:49.999+0100] {processor.py:925} INFO - DAG(s) 'example_dag_decorator' retrieved from /Users/rtewelde/airflow_venv/lib/python3.11/site-packages/airflow/example_dags/example_dag_decorator.py
[2024-09-26T05:11:50.866+0100] {logging_mixin.py:190} INFO - [2024-09-26T05:11:50.864+0100] {dag.py:3239} INFO - Sync 1 DAGs
[2024-09-26T05:11:50.912+0100] {logging_mixin.py:190} INFO - [2024-09-26T05:11:50.912+0100] {dag.py:4180} INFO - Setting next_dagrun for example_dag_decorator to None, run_after=None
[2024-09-26T05:11:50.980+0100] {processor.py:208} INFO - Processing /Users/rtewelde/airflow_venv/lib/python3.11/site-packages/airflow/example_dags/example_dag_decorator.py took 1.940 seconds
[2024-09-26T07:20:12.485+0100] {processor.py:186} INFO - Started process (PID=53553) to work on /Users/rtewelde/airflow_venv/lib/python3.11/site-packages/airflow/example_dags/example_dag_decorator.py
[2024-09-26T07:20:12.488+0100] {processor.py:914} INFO - Processing file /Users/rtewelde/airflow_venv/lib/python3.11/site-packages/airflow/example_dags/example_dag_decorator.py for tasks to queue
[2024-09-26T07:20:12.492+0100] {logging_mixin.py:190} INFO - [2024-09-26T07:20:12.491+0100] {dagbag.py:588} INFO - Filling up the DagBag from /Users/rtewelde/airflow_venv/lib/python3.11/site-packages/airflow/example_dags/example_dag_decorator.py
[2024-09-26T07:20:13.419+0100] {processor.py:925} INFO - DAG(s) 'example_dag_decorator' retrieved from /Users/rtewelde/airflow_venv/lib/python3.11/site-packages/airflow/example_dags/example_dag_decorator.py
[2024-09-26T07:20:14.228+0100] {logging_mixin.py:190} INFO - [2024-09-26T07:20:14.227+0100] {dag.py:3239} INFO - Sync 1 DAGs
[2024-09-26T07:20:14.275+0100] {logging_mixin.py:190} INFO - [2024-09-26T07:20:14.274+0100] {dag.py:4180} INFO - Setting next_dagrun for example_dag_decorator to None, run_after=None
[2024-09-26T07:20:14.338+0100] {processor.py:208} INFO - Processing /Users/rtewelde/airflow_venv/lib/python3.11/site-packages/airflow/example_dags/example_dag_decorator.py took 1.862 seconds
[2024-09-26T07:28:28.470+0100] {processor.py:186} INFO - Started process (PID=55685) to work on /Users/rtewelde/airflow_venv/lib/python3.11/site-packages/airflow/example_dags/example_dag_decorator.py
[2024-09-26T07:28:28.473+0100] {processor.py:914} INFO - Processing file /Users/rtewelde/airflow_venv/lib/python3.11/site-packages/airflow/example_dags/example_dag_decorator.py for tasks to queue
[2024-09-26T07:28:28.477+0100] {logging_mixin.py:190} INFO - [2024-09-26T07:28:28.476+0100] {dagbag.py:588} INFO - Filling up the DagBag from /Users/rtewelde/airflow_venv/lib/python3.11/site-packages/airflow/example_dags/example_dag_decorator.py
[2024-09-26T07:28:29.250+0100] {processor.py:925} INFO - DAG(s) 'example_dag_decorator' retrieved from /Users/rtewelde/airflow_venv/lib/python3.11/site-packages/airflow/example_dags/example_dag_decorator.py
[2024-09-26T07:28:29.982+0100] {logging_mixin.py:190} INFO - [2024-09-26T07:28:29.980+0100] {dag.py:3239} INFO - Sync 1 DAGs
[2024-09-26T07:28:30.023+0100] {logging_mixin.py:190} INFO - [2024-09-26T07:28:30.022+0100] {dag.py:4180} INFO - Setting next_dagrun for example_dag_decorator to None, run_after=None
[2024-09-26T07:28:30.091+0100] {processor.py:208} INFO - Processing /Users/rtewelde/airflow_venv/lib/python3.11/site-packages/airflow/example_dags/example_dag_decorator.py took 1.630 seconds
[2024-09-26T18:58:48.406+0100] {processor.py:186} INFO - Started process (PID=57148) to work on /Users/rtewelde/airflow_venv/lib/python3.11/site-packages/airflow/example_dags/example_dag_decorator.py
[2024-09-26T18:58:48.408+0100] {processor.py:914} INFO - Processing file /Users/rtewelde/airflow_venv/lib/python3.11/site-packages/airflow/example_dags/example_dag_decorator.py for tasks to queue
[2024-09-26T18:58:48.409+0100] {logging_mixin.py:190} INFO - [2024-09-26T18:58:48.409+0100] {dagbag.py:588} INFO - Filling up the DagBag from /Users/rtewelde/airflow_venv/lib/python3.11/site-packages/airflow/example_dags/example_dag_decorator.py
[2024-09-26T18:58:48.850+0100] {processor.py:925} INFO - DAG(s) 'example_dag_decorator' retrieved from /Users/rtewelde/airflow_venv/lib/python3.11/site-packages/airflow/example_dags/example_dag_decorator.py
[2024-09-26T18:58:49.293+0100] {logging_mixin.py:190} INFO - [2024-09-26T18:58:49.292+0100] {dag.py:3239} INFO - Sync 1 DAGs
[2024-09-26T18:58:49.319+0100] {logging_mixin.py:190} INFO - [2024-09-26T18:58:49.318+0100] {dag.py:4180} INFO - Setting next_dagrun for example_dag_decorator to None, run_after=None
[2024-09-26T18:58:49.353+0100] {processor.py:208} INFO - Processing /Users/rtewelde/airflow_venv/lib/python3.11/site-packages/airflow/example_dags/example_dag_decorator.py took 0.951 seconds
[2024-09-26T19:03:59.466+0100] {processor.py:186} INFO - Started process (PID=58572) to work on /Users/rtewelde/airflow_venv/lib/python3.11/site-packages/airflow/example_dags/example_dag_decorator.py
[2024-09-26T19:03:59.468+0100] {processor.py:914} INFO - Processing file /Users/rtewelde/airflow_venv/lib/python3.11/site-packages/airflow/example_dags/example_dag_decorator.py for tasks to queue
[2024-09-26T19:03:59.469+0100] {logging_mixin.py:190} INFO - [2024-09-26T19:03:59.469+0100] {dagbag.py:588} INFO - Filling up the DagBag from /Users/rtewelde/airflow_venv/lib/python3.11/site-packages/airflow/example_dags/example_dag_decorator.py
[2024-09-26T19:03:59.893+0100] {processor.py:925} INFO - DAG(s) 'example_dag_decorator' retrieved from /Users/rtewelde/airflow_venv/lib/python3.11/site-packages/airflow/example_dags/example_dag_decorator.py
[2024-09-26T19:04:00.298+0100] {logging_mixin.py:190} INFO - [2024-09-26T19:04:00.298+0100] {dag.py:3239} INFO - Sync 1 DAGs
[2024-09-26T19:04:00.321+0100] {logging_mixin.py:190} INFO - [2024-09-26T19:04:00.321+0100] {dag.py:4180} INFO - Setting next_dagrun for example_dag_decorator to None, run_after=None
[2024-09-26T19:04:00.349+0100] {processor.py:208} INFO - Processing /Users/rtewelde/airflow_venv/lib/python3.11/site-packages/airflow/example_dags/example_dag_decorator.py took 0.886 seconds
