[2024-09-26T01:03:22.863+0100] {processor.py:186} INFO - Started process (PID=28601) to work on /Users/rtewelde/airflow_venv/lib/python3.11/site-packages/airflow/example_dags/example_sensors.py
[2024-09-26T01:03:22.869+0100] {processor.py:914} INFO - Processing file /Users/rtewelde/airflow_venv/lib/python3.11/site-packages/airflow/example_dags/example_sensors.py for tasks to queue
[2024-09-26T01:03:22.875+0100] {logging_mixin.py:190} INFO - [2024-09-26T01:03:22.874+0100] {dagbag.py:588} INFO - Filling up the DagBag from /Users/rtewelde/airflow_venv/lib/python3.11/site-packages/airflow/example_dags/example_sensors.py
[2024-09-26T01:03:22.939+0100] {processor.py:925} INFO - DAG(s) 'example_sensors' retrieved from /Users/rtewelde/airflow_venv/lib/python3.11/site-packages/airflow/example_dags/example_sensors.py
[2024-09-26T01:03:23.552+0100] {logging_mixin.py:190} INFO - [2024-09-26T01:03:23.552+0100] {workday.py:41} WARNING - Could not import pandas. Holidays will not be considered.
[2024-09-26T01:03:23.670+0100] {logging_mixin.py:190} INFO - [2024-09-26T01:03:23.669+0100] {dag.py:3239} INFO - Sync 1 DAGs
[2024-09-26T01:03:23.729+0100] {logging_mixin.py:190} INFO - [2024-09-26T01:03:23.728+0100] {dag.py:4180} INFO - Setting next_dagrun for example_sensors to None, run_after=None
[2024-09-26T01:03:23.812+0100] {processor.py:208} INFO - Processing /Users/rtewelde/airflow_venv/lib/python3.11/site-packages/airflow/example_dags/example_sensors.py took 0.959 seconds
[2024-09-26T01:12:18.253+0100] {processor.py:186} INFO - Started process (PID=30898) to work on /Users/rtewelde/airflow_venv/lib/python3.11/site-packages/airflow/example_dags/example_sensors.py
[2024-09-26T01:12:18.257+0100] {processor.py:914} INFO - Processing file /Users/rtewelde/airflow_venv/lib/python3.11/site-packages/airflow/example_dags/example_sensors.py for tasks to queue
[2024-09-26T01:12:18.261+0100] {logging_mixin.py:190} INFO - [2024-09-26T01:12:18.260+0100] {dagbag.py:588} INFO - Filling up the DagBag from /Users/rtewelde/airflow_venv/lib/python3.11/site-packages/airflow/example_dags/example_sensors.py
[2024-09-26T01:12:18.335+0100] {processor.py:925} INFO - DAG(s) 'example_sensors' retrieved from /Users/rtewelde/airflow_venv/lib/python3.11/site-packages/airflow/example_dags/example_sensors.py
[2024-09-26T01:12:19.026+0100] {logging_mixin.py:190} INFO - [2024-09-26T01:12:19.025+0100] {workday.py:41} WARNING - Could not import pandas. Holidays will not be considered.
[2024-09-26T01:12:19.137+0100] {logging_mixin.py:190} INFO - [2024-09-26T01:12:19.136+0100] {dag.py:3239} INFO - Sync 1 DAGs
[2024-09-26T01:12:19.192+0100] {logging_mixin.py:190} INFO - [2024-09-26T01:12:19.190+0100] {dag.py:4180} INFO - Setting next_dagrun for example_sensors to None, run_after=None
[2024-09-26T01:12:19.260+0100] {processor.py:208} INFO - Processing /Users/rtewelde/airflow_venv/lib/python3.11/site-packages/airflow/example_dags/example_sensors.py took 1.015 seconds
[2024-09-26T02:05:55.837+0100] {processor.py:186} INFO - Started process (PID=33143) to work on /Users/rtewelde/airflow_venv/lib/python3.11/site-packages/airflow/example_dags/example_sensors.py
[2024-09-26T02:05:55.841+0100] {processor.py:914} INFO - Processing file /Users/rtewelde/airflow_venv/lib/python3.11/site-packages/airflow/example_dags/example_sensors.py for tasks to queue
[2024-09-26T02:05:55.845+0100] {logging_mixin.py:190} INFO - [2024-09-26T02:05:55.844+0100] {dagbag.py:588} INFO - Filling up the DagBag from /Users/rtewelde/airflow_venv/lib/python3.11/site-packages/airflow/example_dags/example_sensors.py
[2024-09-26T02:05:55.934+0100] {processor.py:925} INFO - DAG(s) 'example_sensors' retrieved from /Users/rtewelde/airflow_venv/lib/python3.11/site-packages/airflow/example_dags/example_sensors.py
[2024-09-26T02:05:56.515+0100] {logging_mixin.py:190} INFO - [2024-09-26T02:05:56.514+0100] {workday.py:41} WARNING - Could not import pandas. Holidays will not be considered.
[2024-09-26T02:05:56.624+0100] {logging_mixin.py:190} INFO - [2024-09-26T02:05:56.622+0100] {dag.py:3239} INFO - Sync 1 DAGs
[2024-09-26T02:05:56.670+0100] {logging_mixin.py:190} INFO - [2024-09-26T02:05:56.669+0100] {dag.py:4180} INFO - Setting next_dagrun for example_sensors to None, run_after=None
[2024-09-26T02:05:56.732+0100] {processor.py:208} INFO - Processing /Users/rtewelde/airflow_venv/lib/python3.11/site-packages/airflow/example_dags/example_sensors.py took 0.918 seconds
[2024-09-26T02:14:43.965+0100] {processor.py:186} INFO - Started process (PID=35386) to work on /Users/rtewelde/airflow_venv/lib/python3.11/site-packages/airflow/example_dags/example_sensors.py
[2024-09-26T02:14:43.970+0100] {processor.py:914} INFO - Processing file /Users/rtewelde/airflow_venv/lib/python3.11/site-packages/airflow/example_dags/example_sensors.py for tasks to queue
[2024-09-26T02:14:43.975+0100] {logging_mixin.py:190} INFO - [2024-09-26T02:14:43.974+0100] {dagbag.py:588} INFO - Filling up the DagBag from /Users/rtewelde/airflow_venv/lib/python3.11/site-packages/airflow/example_dags/example_sensors.py
[2024-09-26T02:14:44.038+0100] {processor.py:925} INFO - DAG(s) 'example_sensors' retrieved from /Users/rtewelde/airflow_venv/lib/python3.11/site-packages/airflow/example_dags/example_sensors.py
[2024-09-26T02:14:44.699+0100] {logging_mixin.py:190} INFO - [2024-09-26T02:14:44.698+0100] {workday.py:41} WARNING - Could not import pandas. Holidays will not be considered.
[2024-09-26T02:14:44.844+0100] {logging_mixin.py:190} INFO - [2024-09-26T02:14:44.842+0100] {dag.py:3239} INFO - Sync 1 DAGs
[2024-09-26T02:14:44.915+0100] {logging_mixin.py:190} INFO - [2024-09-26T02:14:44.914+0100] {dag.py:4180} INFO - Setting next_dagrun for example_sensors to None, run_after=None
[2024-09-26T02:14:44.987+0100] {processor.py:208} INFO - Processing /Users/rtewelde/airflow_venv/lib/python3.11/site-packages/airflow/example_dags/example_sensors.py took 1.033 seconds
[2024-09-26T02:23:15.368+0100] {processor.py:186} INFO - Started process (PID=37610) to work on /Users/rtewelde/airflow_venv/lib/python3.11/site-packages/airflow/example_dags/example_sensors.py
[2024-09-26T02:23:15.372+0100] {processor.py:914} INFO - Processing file /Users/rtewelde/airflow_venv/lib/python3.11/site-packages/airflow/example_dags/example_sensors.py for tasks to queue
[2024-09-26T02:23:15.376+0100] {logging_mixin.py:190} INFO - [2024-09-26T02:23:15.375+0100] {dagbag.py:588} INFO - Filling up the DagBag from /Users/rtewelde/airflow_venv/lib/python3.11/site-packages/airflow/example_dags/example_sensors.py
[2024-09-26T02:23:15.435+0100] {processor.py:925} INFO - DAG(s) 'example_sensors' retrieved from /Users/rtewelde/airflow_venv/lib/python3.11/site-packages/airflow/example_dags/example_sensors.py
[2024-09-26T02:23:15.970+0100] {logging_mixin.py:190} INFO - [2024-09-26T02:23:15.969+0100] {workday.py:41} WARNING - Could not import pandas. Holidays will not be considered.
[2024-09-26T02:23:16.068+0100] {logging_mixin.py:190} INFO - [2024-09-26T02:23:16.067+0100] {dag.py:3239} INFO - Sync 1 DAGs
[2024-09-26T02:23:16.114+0100] {logging_mixin.py:190} INFO - [2024-09-26T02:23:16.113+0100] {dag.py:4180} INFO - Setting next_dagrun for example_sensors to None, run_after=None
[2024-09-26T02:23:16.176+0100] {processor.py:208} INFO - Processing /Users/rtewelde/airflow_venv/lib/python3.11/site-packages/airflow/example_dags/example_sensors.py took 0.823 seconds
[2024-09-26T03:35:31.008+0100] {processor.py:186} INFO - Started process (PID=39546) to work on /Users/rtewelde/airflow_venv/lib/python3.11/site-packages/airflow/example_dags/example_sensors.py
[2024-09-26T03:35:31.012+0100] {processor.py:914} INFO - Processing file /Users/rtewelde/airflow_venv/lib/python3.11/site-packages/airflow/example_dags/example_sensors.py for tasks to queue
[2024-09-26T03:35:31.016+0100] {logging_mixin.py:190} INFO - [2024-09-26T03:35:31.015+0100] {dagbag.py:588} INFO - Filling up the DagBag from /Users/rtewelde/airflow_venv/lib/python3.11/site-packages/airflow/example_dags/example_sensors.py
[2024-09-26T03:35:31.093+0100] {processor.py:925} INFO - DAG(s) 'example_sensors' retrieved from /Users/rtewelde/airflow_venv/lib/python3.11/site-packages/airflow/example_dags/example_sensors.py
[2024-09-26T03:35:31.656+0100] {logging_mixin.py:190} INFO - [2024-09-26T03:35:31.655+0100] {workday.py:41} WARNING - Could not import pandas. Holidays will not be considered.
[2024-09-26T03:35:31.789+0100] {logging_mixin.py:190} INFO - [2024-09-26T03:35:31.788+0100] {dag.py:3239} INFO - Sync 1 DAGs
[2024-09-26T03:35:31.851+0100] {logging_mixin.py:190} INFO - [2024-09-26T03:35:31.850+0100] {dag.py:4180} INFO - Setting next_dagrun for example_sensors to None, run_after=None
[2024-09-26T03:35:31.948+0100] {processor.py:208} INFO - Processing /Users/rtewelde/airflow_venv/lib/python3.11/site-packages/airflow/example_dags/example_sensors.py took 0.953 seconds
[2024-09-26T03:43:42.712+0100] {processor.py:186} INFO - Started process (PID=41640) to work on /Users/rtewelde/airflow_venv/lib/python3.11/site-packages/airflow/example_dags/example_sensors.py
[2024-09-26T03:43:42.716+0100] {processor.py:914} INFO - Processing file /Users/rtewelde/airflow_venv/lib/python3.11/site-packages/airflow/example_dags/example_sensors.py for tasks to queue
[2024-09-26T03:43:42.720+0100] {logging_mixin.py:190} INFO - [2024-09-26T03:43:42.719+0100] {dagbag.py:588} INFO - Filling up the DagBag from /Users/rtewelde/airflow_venv/lib/python3.11/site-packages/airflow/example_dags/example_sensors.py
[2024-09-26T03:43:42.785+0100] {processor.py:925} INFO - DAG(s) 'example_sensors' retrieved from /Users/rtewelde/airflow_venv/lib/python3.11/site-packages/airflow/example_dags/example_sensors.py
[2024-09-26T03:43:43.424+0100] {logging_mixin.py:190} INFO - [2024-09-26T03:43:43.423+0100] {workday.py:41} WARNING - Could not import pandas. Holidays will not be considered.
[2024-09-26T03:43:43.549+0100] {logging_mixin.py:190} INFO - [2024-09-26T03:43:43.548+0100] {dag.py:3239} INFO - Sync 1 DAGs
[2024-09-26T03:43:43.612+0100] {logging_mixin.py:190} INFO - [2024-09-26T03:43:43.611+0100] {dag.py:4180} INFO - Setting next_dagrun for example_sensors to None, run_after=None
[2024-09-26T03:43:43.694+0100] {processor.py:208} INFO - Processing /Users/rtewelde/airflow_venv/lib/python3.11/site-packages/airflow/example_dags/example_sensors.py took 0.995 seconds
[2024-09-26T04:41:24.691+0100] {processor.py:186} INFO - Started process (PID=43569) to work on /Users/rtewelde/airflow_venv/lib/python3.11/site-packages/airflow/example_dags/example_sensors.py
[2024-09-26T04:41:24.694+0100] {processor.py:914} INFO - Processing file /Users/rtewelde/airflow_venv/lib/python3.11/site-packages/airflow/example_dags/example_sensors.py for tasks to queue
[2024-09-26T04:41:24.697+0100] {logging_mixin.py:190} INFO - [2024-09-26T04:41:24.697+0100] {dagbag.py:588} INFO - Filling up the DagBag from /Users/rtewelde/airflow_venv/lib/python3.11/site-packages/airflow/example_dags/example_sensors.py
[2024-09-26T04:41:24.754+0100] {processor.py:925} INFO - DAG(s) 'example_sensors' retrieved from /Users/rtewelde/airflow_venv/lib/python3.11/site-packages/airflow/example_dags/example_sensors.py
[2024-09-26T04:41:25.307+0100] {logging_mixin.py:190} INFO - [2024-09-26T04:41:25.305+0100] {workday.py:41} WARNING - Could not import pandas. Holidays will not be considered.
[2024-09-26T04:41:25.403+0100] {logging_mixin.py:190} INFO - [2024-09-26T04:41:25.403+0100] {dag.py:3239} INFO - Sync 1 DAGs
[2024-09-26T04:41:25.447+0100] {logging_mixin.py:190} INFO - [2024-09-26T04:41:25.446+0100] {dag.py:4180} INFO - Setting next_dagrun for example_sensors to None, run_after=None
[2024-09-26T04:41:25.507+0100] {processor.py:208} INFO - Processing /Users/rtewelde/airflow_venv/lib/python3.11/site-packages/airflow/example_dags/example_sensors.py took 0.825 seconds
[2024-09-26T04:50:14.966+0100] {processor.py:186} INFO - Started process (PID=45817) to work on /Users/rtewelde/airflow_venv/lib/python3.11/site-packages/airflow/example_dags/example_sensors.py
[2024-09-26T04:50:14.972+0100] {processor.py:914} INFO - Processing file /Users/rtewelde/airflow_venv/lib/python3.11/site-packages/airflow/example_dags/example_sensors.py for tasks to queue
[2024-09-26T04:50:14.975+0100] {logging_mixin.py:190} INFO - [2024-09-26T04:50:14.974+0100] {dagbag.py:588} INFO - Filling up the DagBag from /Users/rtewelde/airflow_venv/lib/python3.11/site-packages/airflow/example_dags/example_sensors.py
[2024-09-26T04:50:15.043+0100] {processor.py:925} INFO - DAG(s) 'example_sensors' retrieved from /Users/rtewelde/airflow_venv/lib/python3.11/site-packages/airflow/example_dags/example_sensors.py
[2024-09-26T04:50:15.608+0100] {logging_mixin.py:190} INFO - [2024-09-26T04:50:15.607+0100] {workday.py:41} WARNING - Could not import pandas. Holidays will not be considered.
[2024-09-26T04:50:15.720+0100] {logging_mixin.py:190} INFO - [2024-09-26T04:50:15.719+0100] {dag.py:3239} INFO - Sync 1 DAGs
[2024-09-26T04:50:15.757+0100] {logging_mixin.py:190} INFO - [2024-09-26T04:50:15.756+0100] {dag.py:4180} INFO - Setting next_dagrun for example_sensors to None, run_after=None
[2024-09-26T04:50:15.866+0100] {processor.py:208} INFO - Processing /Users/rtewelde/airflow_venv/lib/python3.11/site-packages/airflow/example_dags/example_sensors.py took 0.911 seconds
[2024-09-26T04:59:11.925+0100] {processor.py:186} INFO - Started process (PID=48143) to work on /Users/rtewelde/airflow_venv/lib/python3.11/site-packages/airflow/example_dags/example_sensors.py
[2024-09-26T04:59:11.929+0100] {processor.py:914} INFO - Processing file /Users/rtewelde/airflow_venv/lib/python3.11/site-packages/airflow/example_dags/example_sensors.py for tasks to queue
[2024-09-26T04:59:11.933+0100] {logging_mixin.py:190} INFO - [2024-09-26T04:59:11.932+0100] {dagbag.py:588} INFO - Filling up the DagBag from /Users/rtewelde/airflow_venv/lib/python3.11/site-packages/airflow/example_dags/example_sensors.py
[2024-09-26T04:59:11.996+0100] {processor.py:925} INFO - DAG(s) 'example_sensors' retrieved from /Users/rtewelde/airflow_venv/lib/python3.11/site-packages/airflow/example_dags/example_sensors.py
[2024-09-26T04:59:12.637+0100] {logging_mixin.py:190} INFO - [2024-09-26T04:59:12.636+0100] {workday.py:41} WARNING - Could not import pandas. Holidays will not be considered.
[2024-09-26T04:59:12.743+0100] {logging_mixin.py:190} INFO - [2024-09-26T04:59:12.742+0100] {dag.py:3239} INFO - Sync 1 DAGs
[2024-09-26T04:59:12.788+0100] {logging_mixin.py:190} INFO - [2024-09-26T04:59:12.787+0100] {dag.py:4180} INFO - Setting next_dagrun for example_sensors to None, run_after=None
[2024-09-26T04:59:12.878+0100] {processor.py:208} INFO - Processing /Users/rtewelde/airflow_venv/lib/python3.11/site-packages/airflow/example_dags/example_sensors.py took 0.961 seconds
[2024-09-26T05:08:22.243+0100] {processor.py:186} INFO - Started process (PID=50465) to work on /Users/rtewelde/airflow_venv/lib/python3.11/site-packages/airflow/example_dags/example_sensors.py
[2024-09-26T05:08:22.248+0100] {processor.py:914} INFO - Processing file /Users/rtewelde/airflow_venv/lib/python3.11/site-packages/airflow/example_dags/example_sensors.py for tasks to queue
[2024-09-26T05:08:22.251+0100] {logging_mixin.py:190} INFO - [2024-09-26T05:08:22.251+0100] {dagbag.py:588} INFO - Filling up the DagBag from /Users/rtewelde/airflow_venv/lib/python3.11/site-packages/airflow/example_dags/example_sensors.py
[2024-09-26T05:08:22.317+0100] {processor.py:925} INFO - DAG(s) 'example_sensors' retrieved from /Users/rtewelde/airflow_venv/lib/python3.11/site-packages/airflow/example_dags/example_sensors.py
[2024-09-26T05:08:22.936+0100] {logging_mixin.py:190} INFO - [2024-09-26T05:08:22.935+0100] {workday.py:41} WARNING - Could not import pandas. Holidays will not be considered.
[2024-09-26T05:08:23.058+0100] {logging_mixin.py:190} INFO - [2024-09-26T05:08:23.057+0100] {dag.py:3239} INFO - Sync 1 DAGs
[2024-09-26T05:08:23.133+0100] {logging_mixin.py:190} INFO - [2024-09-26T05:08:23.131+0100] {dag.py:4180} INFO - Setting next_dagrun for example_sensors to None, run_after=None
[2024-09-26T05:08:23.234+0100] {processor.py:208} INFO - Processing /Users/rtewelde/airflow_venv/lib/python3.11/site-packages/airflow/example_dags/example_sensors.py took 1.002 seconds
[2024-09-26T07:16:56.752+0100] {processor.py:186} INFO - Started process (PID=52716) to work on /Users/rtewelde/airflow_venv/lib/python3.11/site-packages/airflow/example_dags/example_sensors.py
[2024-09-26T07:16:56.757+0100] {processor.py:914} INFO - Processing file /Users/rtewelde/airflow_venv/lib/python3.11/site-packages/airflow/example_dags/example_sensors.py for tasks to queue
[2024-09-26T07:16:56.763+0100] {logging_mixin.py:190} INFO - [2024-09-26T07:16:56.762+0100] {dagbag.py:588} INFO - Filling up the DagBag from /Users/rtewelde/airflow_venv/lib/python3.11/site-packages/airflow/example_dags/example_sensors.py
[2024-09-26T07:16:56.881+0100] {processor.py:925} INFO - DAG(s) 'example_sensors' retrieved from /Users/rtewelde/airflow_venv/lib/python3.11/site-packages/airflow/example_dags/example_sensors.py
[2024-09-26T07:16:57.475+0100] {logging_mixin.py:190} INFO - [2024-09-26T07:16:57.474+0100] {workday.py:41} WARNING - Could not import pandas. Holidays will not be considered.
[2024-09-26T07:16:57.588+0100] {logging_mixin.py:190} INFO - [2024-09-26T07:16:57.587+0100] {dag.py:3239} INFO - Sync 1 DAGs
[2024-09-26T07:16:57.633+0100] {logging_mixin.py:190} INFO - [2024-09-26T07:16:57.632+0100] {dag.py:4180} INFO - Setting next_dagrun for example_sensors to None, run_after=None
[2024-09-26T07:16:57.694+0100] {processor.py:208} INFO - Processing /Users/rtewelde/airflow_venv/lib/python3.11/site-packages/airflow/example_dags/example_sensors.py took 0.959 seconds
[2024-09-26T07:25:16.839+0100] {processor.py:186} INFO - Started process (PID=54864) to work on /Users/rtewelde/airflow_venv/lib/python3.11/site-packages/airflow/example_dags/example_sensors.py
[2024-09-26T07:25:16.843+0100] {processor.py:914} INFO - Processing file /Users/rtewelde/airflow_venv/lib/python3.11/site-packages/airflow/example_dags/example_sensors.py for tasks to queue
[2024-09-26T07:25:16.846+0100] {logging_mixin.py:190} INFO - [2024-09-26T07:25:16.846+0100] {dagbag.py:588} INFO - Filling up the DagBag from /Users/rtewelde/airflow_venv/lib/python3.11/site-packages/airflow/example_dags/example_sensors.py
[2024-09-26T07:25:16.916+0100] {processor.py:925} INFO - DAG(s) 'example_sensors' retrieved from /Users/rtewelde/airflow_venv/lib/python3.11/site-packages/airflow/example_dags/example_sensors.py
[2024-09-26T07:25:17.520+0100] {logging_mixin.py:190} INFO - [2024-09-26T07:25:17.519+0100] {workday.py:41} WARNING - Could not import pandas. Holidays will not be considered.
[2024-09-26T07:25:17.627+0100] {logging_mixin.py:190} INFO - [2024-09-26T07:25:17.626+0100] {dag.py:3239} INFO - Sync 1 DAGs
[2024-09-26T07:25:17.670+0100] {logging_mixin.py:190} INFO - [2024-09-26T07:25:17.669+0100] {dag.py:4180} INFO - Setting next_dagrun for example_sensors to None, run_after=None
[2024-09-26T07:25:17.731+0100] {processor.py:208} INFO - Processing /Users/rtewelde/airflow_venv/lib/python3.11/site-packages/airflow/example_dags/example_sensors.py took 0.901 seconds
[2024-09-26T12:32:43.474+0100] {processor.py:186} INFO - Started process (PID=56589) to work on /Users/rtewelde/airflow_venv/lib/python3.11/site-packages/airflow/example_dags/example_sensors.py
[2024-09-26T12:32:43.475+0100] {processor.py:914} INFO - Processing file /Users/rtewelde/airflow_venv/lib/python3.11/site-packages/airflow/example_dags/example_sensors.py for tasks to queue
[2024-09-26T12:32:43.477+0100] {logging_mixin.py:190} INFO - [2024-09-26T12:32:43.477+0100] {dagbag.py:588} INFO - Filling up the DagBag from /Users/rtewelde/airflow_venv/lib/python3.11/site-packages/airflow/example_dags/example_sensors.py
[2024-09-26T12:32:43.494+0100] {processor.py:925} INFO - DAG(s) 'example_sensors' retrieved from /Users/rtewelde/airflow_venv/lib/python3.11/site-packages/airflow/example_dags/example_sensors.py
[2024-09-26T12:32:43.639+0100] {logging_mixin.py:190} INFO - [2024-09-26T12:32:43.638+0100] {workday.py:41} WARNING - Could not import pandas. Holidays will not be considered.
[2024-09-26T12:32:43.665+0100] {logging_mixin.py:190} INFO - [2024-09-26T12:32:43.664+0100] {dag.py:3239} INFO - Sync 1 DAGs
[2024-09-26T12:32:43.675+0100] {logging_mixin.py:190} INFO - [2024-09-26T12:32:43.675+0100] {dag.py:4180} INFO - Setting next_dagrun for example_sensors to None, run_after=None
[2024-09-26T12:32:43.690+0100] {processor.py:208} INFO - Processing /Users/rtewelde/airflow_venv/lib/python3.11/site-packages/airflow/example_dags/example_sensors.py took 0.219 seconds
[2024-09-26T19:02:00.991+0100] {processor.py:186} INFO - Started process (PID=58024) to work on /Users/rtewelde/airflow_venv/lib/python3.11/site-packages/airflow/example_dags/example_sensors.py
[2024-09-26T19:02:00.992+0100] {processor.py:914} INFO - Processing file /Users/rtewelde/airflow_venv/lib/python3.11/site-packages/airflow/example_dags/example_sensors.py for tasks to queue
[2024-09-26T19:02:00.994+0100] {logging_mixin.py:190} INFO - [2024-09-26T19:02:00.993+0100] {dagbag.py:588} INFO - Filling up the DagBag from /Users/rtewelde/airflow_venv/lib/python3.11/site-packages/airflow/example_dags/example_sensors.py
[2024-09-26T19:02:01.023+0100] {processor.py:925} INFO - DAG(s) 'example_sensors' retrieved from /Users/rtewelde/airflow_venv/lib/python3.11/site-packages/airflow/example_dags/example_sensors.py
[2024-09-26T19:02:01.320+0100] {logging_mixin.py:190} INFO - [2024-09-26T19:02:01.319+0100] {workday.py:41} WARNING - Could not import pandas. Holidays will not be considered.
[2024-09-26T19:02:01.369+0100] {logging_mixin.py:190} INFO - [2024-09-26T19:02:01.368+0100] {dag.py:3239} INFO - Sync 1 DAGs
[2024-09-26T19:02:01.388+0100] {logging_mixin.py:190} INFO - [2024-09-26T19:02:01.388+0100] {dag.py:4180} INFO - Setting next_dagrun for example_sensors to None, run_after=None
[2024-09-26T19:02:01.419+0100] {processor.py:208} INFO - Processing /Users/rtewelde/airflow_venv/lib/python3.11/site-packages/airflow/example_dags/example_sensors.py took 0.432 seconds
