[2024-09-26T01:05:42.114+0100] {processor.py:186} INFO - Started process (PID=29207) to work on /Users/rtewelde/airflow_venv/lib/python3.11/site-packages/airflow/example_dags/example_external_task_marker_dag.py
[2024-09-26T01:05:42.117+0100] {processor.py:914} INFO - Processing file /Users/rtewelde/airflow_venv/lib/python3.11/site-packages/airflow/example_dags/example_external_task_marker_dag.py for tasks to queue
[2024-09-26T01:05:42.121+0100] {logging_mixin.py:190} INFO - [2024-09-26T01:05:42.120+0100] {dagbag.py:588} INFO - Filling up the DagBag from /Users/rtewelde/airflow_venv/lib/python3.11/site-packages/airflow/example_dags/example_external_task_marker_dag.py
[2024-09-26T01:05:42.174+0100] {processor.py:925} INFO - DAG(s) 'example_external_task_marker_child', 'example_external_task_marker_parent' retrieved from /Users/rtewelde/airflow_venv/lib/python3.11/site-packages/airflow/example_dags/example_external_task_marker_dag.py
[2024-09-26T01:05:42.752+0100] {logging_mixin.py:190} INFO - [2024-09-26T01:05:42.751+0100] {workday.py:41} WARNING - Could not import pandas. Holidays will not be considered.
[2024-09-26T01:05:42.853+0100] {logging_mixin.py:190} INFO - [2024-09-26T01:05:42.851+0100] {dag.py:3239} INFO - Sync 2 DAGs
[2024-09-26T01:05:42.909+0100] {logging_mixin.py:190} INFO - [2024-09-26T01:05:42.909+0100] {dag.py:4180} INFO - Setting next_dagrun for example_external_task_marker_child to None, run_after=None
[2024-09-26T01:05:42.923+0100] {logging_mixin.py:190} INFO - [2024-09-26T01:05:42.923+0100] {dag.py:4180} INFO - Setting next_dagrun for example_external_task_marker_parent to None, run_after=None
[2024-09-26T01:05:43.018+0100] {processor.py:208} INFO - Processing /Users/rtewelde/airflow_venv/lib/python3.11/site-packages/airflow/example_dags/example_external_task_marker_dag.py took 0.913 seconds
[2024-09-26T01:14:42.523+0100] {processor.py:186} INFO - Started process (PID=31510) to work on /Users/rtewelde/airflow_venv/lib/python3.11/site-packages/airflow/example_dags/example_external_task_marker_dag.py
[2024-09-26T01:14:42.528+0100] {processor.py:914} INFO - Processing file /Users/rtewelde/airflow_venv/lib/python3.11/site-packages/airflow/example_dags/example_external_task_marker_dag.py for tasks to queue
[2024-09-26T01:14:42.532+0100] {logging_mixin.py:190} INFO - [2024-09-26T01:14:42.531+0100] {dagbag.py:588} INFO - Filling up the DagBag from /Users/rtewelde/airflow_venv/lib/python3.11/site-packages/airflow/example_dags/example_external_task_marker_dag.py
[2024-09-26T01:14:42.595+0100] {processor.py:925} INFO - DAG(s) 'example_external_task_marker_child', 'example_external_task_marker_parent' retrieved from /Users/rtewelde/airflow_venv/lib/python3.11/site-packages/airflow/example_dags/example_external_task_marker_dag.py
[2024-09-26T01:14:43.367+0100] {logging_mixin.py:190} INFO - [2024-09-26T01:14:43.366+0100] {workday.py:41} WARNING - Could not import pandas. Holidays will not be considered.
[2024-09-26T01:14:43.471+0100] {logging_mixin.py:190} INFO - [2024-09-26T01:14:43.469+0100] {dag.py:3239} INFO - Sync 2 DAGs
[2024-09-26T01:14:43.534+0100] {logging_mixin.py:190} INFO - [2024-09-26T01:14:43.533+0100] {dag.py:4180} INFO - Setting next_dagrun for example_external_task_marker_child to None, run_after=None
[2024-09-26T01:14:43.545+0100] {logging_mixin.py:190} INFO - [2024-09-26T01:14:43.544+0100] {dag.py:4180} INFO - Setting next_dagrun for example_external_task_marker_parent to None, run_after=None
[2024-09-26T01:14:43.648+0100] {processor.py:208} INFO - Processing /Users/rtewelde/airflow_venv/lib/python3.11/site-packages/airflow/example_dags/example_external_task_marker_dag.py took 1.134 seconds
[2024-09-26T02:08:13.637+0100] {processor.py:186} INFO - Started process (PID=33730) to work on /Users/rtewelde/airflow_venv/lib/python3.11/site-packages/airflow/example_dags/example_external_task_marker_dag.py
[2024-09-26T02:08:13.641+0100] {processor.py:914} INFO - Processing file /Users/rtewelde/airflow_venv/lib/python3.11/site-packages/airflow/example_dags/example_external_task_marker_dag.py for tasks to queue
[2024-09-26T02:08:13.645+0100] {logging_mixin.py:190} INFO - [2024-09-26T02:08:13.644+0100] {dagbag.py:588} INFO - Filling up the DagBag from /Users/rtewelde/airflow_venv/lib/python3.11/site-packages/airflow/example_dags/example_external_task_marker_dag.py
[2024-09-26T02:08:13.708+0100] {processor.py:925} INFO - DAG(s) 'example_external_task_marker_parent', 'example_external_task_marker_child' retrieved from /Users/rtewelde/airflow_venv/lib/python3.11/site-packages/airflow/example_dags/example_external_task_marker_dag.py
[2024-09-26T02:08:14.306+0100] {logging_mixin.py:190} INFO - [2024-09-26T02:08:14.305+0100] {workday.py:41} WARNING - Could not import pandas. Holidays will not be considered.
[2024-09-26T02:08:14.354+0100] {logging_mixin.py:190} INFO - [2024-09-26T02:08:14.352+0100] {dag.py:3239} INFO - Sync 2 DAGs
[2024-09-26T02:08:14.397+0100] {logging_mixin.py:190} INFO - [2024-09-26T02:08:14.396+0100] {dag.py:4180} INFO - Setting next_dagrun for example_external_task_marker_child to None, run_after=None
[2024-09-26T02:08:14.408+0100] {logging_mixin.py:190} INFO - [2024-09-26T02:08:14.407+0100] {dag.py:4180} INFO - Setting next_dagrun for example_external_task_marker_parent to None, run_after=None
[2024-09-26T02:08:14.467+0100] {processor.py:208} INFO - Processing /Users/rtewelde/airflow_venv/lib/python3.11/site-packages/airflow/example_dags/example_external_task_marker_dag.py took 0.839 seconds
[2024-09-26T02:17:06.345+0100] {processor.py:186} INFO - Started process (PID=36013) to work on /Users/rtewelde/airflow_venv/lib/python3.11/site-packages/airflow/example_dags/example_external_task_marker_dag.py
[2024-09-26T02:17:06.349+0100] {processor.py:914} INFO - Processing file /Users/rtewelde/airflow_venv/lib/python3.11/site-packages/airflow/example_dags/example_external_task_marker_dag.py for tasks to queue
[2024-09-26T02:17:06.352+0100] {logging_mixin.py:190} INFO - [2024-09-26T02:17:06.352+0100] {dagbag.py:588} INFO - Filling up the DagBag from /Users/rtewelde/airflow_venv/lib/python3.11/site-packages/airflow/example_dags/example_external_task_marker_dag.py
[2024-09-26T02:17:06.403+0100] {processor.py:925} INFO - DAG(s) 'example_external_task_marker_child', 'example_external_task_marker_parent' retrieved from /Users/rtewelde/airflow_venv/lib/python3.11/site-packages/airflow/example_dags/example_external_task_marker_dag.py
[2024-09-26T02:17:06.977+0100] {logging_mixin.py:190} INFO - [2024-09-26T02:17:06.976+0100] {workday.py:41} WARNING - Could not import pandas. Holidays will not be considered.
[2024-09-26T02:17:07.054+0100] {logging_mixin.py:190} INFO - [2024-09-26T02:17:07.053+0100] {dag.py:3239} INFO - Sync 2 DAGs
[2024-09-26T02:17:07.094+0100] {logging_mixin.py:190} INFO - [2024-09-26T02:17:07.093+0100] {dag.py:4180} INFO - Setting next_dagrun for example_external_task_marker_child to None, run_after=None
[2024-09-26T02:17:07.109+0100] {logging_mixin.py:190} INFO - [2024-09-26T02:17:07.108+0100] {dag.py:4180} INFO - Setting next_dagrun for example_external_task_marker_parent to None, run_after=None
[2024-09-26T02:17:07.167+0100] {processor.py:208} INFO - Processing /Users/rtewelde/airflow_venv/lib/python3.11/site-packages/airflow/example_dags/example_external_task_marker_dag.py took 0.832 seconds
[2024-09-26T02:40:11.917+0100] {processor.py:186} INFO - Started process (PID=38094) to work on /Users/rtewelde/airflow_venv/lib/python3.11/site-packages/airflow/example_dags/example_external_task_marker_dag.py
[2024-09-26T02:40:11.920+0100] {processor.py:914} INFO - Processing file /Users/rtewelde/airflow_venv/lib/python3.11/site-packages/airflow/example_dags/example_external_task_marker_dag.py for tasks to queue
[2024-09-26T02:40:11.924+0100] {logging_mixin.py:190} INFO - [2024-09-26T02:40:11.923+0100] {dagbag.py:588} INFO - Filling up the DagBag from /Users/rtewelde/airflow_venv/lib/python3.11/site-packages/airflow/example_dags/example_external_task_marker_dag.py
[2024-09-26T02:40:11.973+0100] {processor.py:925} INFO - DAG(s) 'example_external_task_marker_child', 'example_external_task_marker_parent' retrieved from /Users/rtewelde/airflow_venv/lib/python3.11/site-packages/airflow/example_dags/example_external_task_marker_dag.py
[2024-09-26T02:40:12.556+0100] {logging_mixin.py:190} INFO - [2024-09-26T02:40:12.555+0100] {workday.py:41} WARNING - Could not import pandas. Holidays will not be considered.
[2024-09-26T02:40:12.633+0100] {logging_mixin.py:190} INFO - [2024-09-26T02:40:12.632+0100] {dag.py:3239} INFO - Sync 2 DAGs
[2024-09-26T02:40:12.681+0100] {logging_mixin.py:190} INFO - [2024-09-26T02:40:12.680+0100] {dag.py:4180} INFO - Setting next_dagrun for example_external_task_marker_child to None, run_after=None
[2024-09-26T02:40:12.694+0100] {logging_mixin.py:190} INFO - [2024-09-26T02:40:12.693+0100] {dag.py:4180} INFO - Setting next_dagrun for example_external_task_marker_parent to None, run_after=None
[2024-09-26T02:40:12.754+0100] {processor.py:208} INFO - Processing /Users/rtewelde/airflow_venv/lib/python3.11/site-packages/airflow/example_dags/example_external_task_marker_dag.py took 0.845 seconds
[2024-09-26T03:37:37.106+0100] {processor.py:186} INFO - Started process (PID=40088) to work on /Users/rtewelde/airflow_venv/lib/python3.11/site-packages/airflow/example_dags/example_external_task_marker_dag.py
[2024-09-26T03:37:37.109+0100] {processor.py:914} INFO - Processing file /Users/rtewelde/airflow_venv/lib/python3.11/site-packages/airflow/example_dags/example_external_task_marker_dag.py for tasks to queue
[2024-09-26T03:37:37.114+0100] {logging_mixin.py:190} INFO - [2024-09-26T03:37:37.113+0100] {dagbag.py:588} INFO - Filling up the DagBag from /Users/rtewelde/airflow_venv/lib/python3.11/site-packages/airflow/example_dags/example_external_task_marker_dag.py
[2024-09-26T03:37:37.161+0100] {processor.py:925} INFO - DAG(s) 'example_external_task_marker_child', 'example_external_task_marker_parent' retrieved from /Users/rtewelde/airflow_venv/lib/python3.11/site-packages/airflow/example_dags/example_external_task_marker_dag.py
[2024-09-26T03:37:37.754+0100] {logging_mixin.py:190} INFO - [2024-09-26T03:37:37.754+0100] {workday.py:41} WARNING - Could not import pandas. Holidays will not be considered.
[2024-09-26T03:37:37.821+0100] {logging_mixin.py:190} INFO - [2024-09-26T03:37:37.819+0100] {dag.py:3239} INFO - Sync 2 DAGs
[2024-09-26T03:37:37.865+0100] {logging_mixin.py:190} INFO - [2024-09-26T03:37:37.864+0100] {dag.py:4180} INFO - Setting next_dagrun for example_external_task_marker_child to None, run_after=None
[2024-09-26T03:37:37.876+0100] {logging_mixin.py:190} INFO - [2024-09-26T03:37:37.875+0100] {dag.py:4180} INFO - Setting next_dagrun for example_external_task_marker_parent to None, run_after=None
[2024-09-26T03:37:37.938+0100] {processor.py:208} INFO - Processing /Users/rtewelde/airflow_venv/lib/python3.11/site-packages/airflow/example_dags/example_external_task_marker_dag.py took 0.841 seconds
[2024-09-26T03:45:47.470+0100] {processor.py:186} INFO - Started process (PID=42170) to work on /Users/rtewelde/airflow_venv/lib/python3.11/site-packages/airflow/example_dags/example_external_task_marker_dag.py
[2024-09-26T03:45:47.474+0100] {processor.py:914} INFO - Processing file /Users/rtewelde/airflow_venv/lib/python3.11/site-packages/airflow/example_dags/example_external_task_marker_dag.py for tasks to queue
[2024-09-26T03:45:47.478+0100] {logging_mixin.py:190} INFO - [2024-09-26T03:45:47.477+0100] {dagbag.py:588} INFO - Filling up the DagBag from /Users/rtewelde/airflow_venv/lib/python3.11/site-packages/airflow/example_dags/example_external_task_marker_dag.py
[2024-09-26T03:45:47.526+0100] {processor.py:925} INFO - DAG(s) 'example_external_task_marker_child', 'example_external_task_marker_parent' retrieved from /Users/rtewelde/airflow_venv/lib/python3.11/site-packages/airflow/example_dags/example_external_task_marker_dag.py
[2024-09-26T03:45:48.072+0100] {logging_mixin.py:190} INFO - [2024-09-26T03:45:48.071+0100] {workday.py:41} WARNING - Could not import pandas. Holidays will not be considered.
[2024-09-26T03:45:48.139+0100] {logging_mixin.py:190} INFO - [2024-09-26T03:45:48.137+0100] {dag.py:3239} INFO - Sync 2 DAGs
[2024-09-26T03:45:48.185+0100] {logging_mixin.py:190} INFO - [2024-09-26T03:45:48.184+0100] {dag.py:4180} INFO - Setting next_dagrun for example_external_task_marker_child to None, run_after=None
[2024-09-26T03:45:48.196+0100] {logging_mixin.py:190} INFO - [2024-09-26T03:45:48.196+0100] {dag.py:4180} INFO - Setting next_dagrun for example_external_task_marker_parent to None, run_after=None
[2024-09-26T03:45:48.251+0100] {processor.py:208} INFO - Processing /Users/rtewelde/airflow_venv/lib/python3.11/site-packages/airflow/example_dags/example_external_task_marker_dag.py took 0.790 seconds
[2024-09-26T04:43:30.102+0100] {processor.py:186} INFO - Started process (PID=44101) to work on /Users/rtewelde/airflow_venv/lib/python3.11/site-packages/airflow/example_dags/example_external_task_marker_dag.py
[2024-09-26T04:43:30.105+0100] {processor.py:914} INFO - Processing file /Users/rtewelde/airflow_venv/lib/python3.11/site-packages/airflow/example_dags/example_external_task_marker_dag.py for tasks to queue
[2024-09-26T04:43:30.109+0100] {logging_mixin.py:190} INFO - [2024-09-26T04:43:30.108+0100] {dagbag.py:588} INFO - Filling up the DagBag from /Users/rtewelde/airflow_venv/lib/python3.11/site-packages/airflow/example_dags/example_external_task_marker_dag.py
[2024-09-26T04:43:30.186+0100] {processor.py:925} INFO - DAG(s) 'example_external_task_marker_child', 'example_external_task_marker_parent' retrieved from /Users/rtewelde/airflow_venv/lib/python3.11/site-packages/airflow/example_dags/example_external_task_marker_dag.py
[2024-09-26T04:43:30.807+0100] {logging_mixin.py:190} INFO - [2024-09-26T04:43:30.806+0100] {workday.py:41} WARNING - Could not import pandas. Holidays will not be considered.
[2024-09-26T04:43:30.875+0100] {logging_mixin.py:190} INFO - [2024-09-26T04:43:30.874+0100] {dag.py:3239} INFO - Sync 2 DAGs
[2024-09-26T04:43:30.913+0100] {logging_mixin.py:190} INFO - [2024-09-26T04:43:30.913+0100] {dag.py:4180} INFO - Setting next_dagrun for example_external_task_marker_child to None, run_after=None
[2024-09-26T04:43:30.925+0100] {logging_mixin.py:190} INFO - [2024-09-26T04:43:30.924+0100] {dag.py:4180} INFO - Setting next_dagrun for example_external_task_marker_parent to None, run_after=None
[2024-09-26T04:43:30.983+0100] {processor.py:208} INFO - Processing /Users/rtewelde/airflow_venv/lib/python3.11/site-packages/airflow/example_dags/example_external_task_marker_dag.py took 0.896 seconds
[2024-09-26T04:52:40.658+0100] {processor.py:186} INFO - Started process (PID=46426) to work on /Users/rtewelde/airflow_venv/lib/python3.11/site-packages/airflow/example_dags/example_external_task_marker_dag.py
[2024-09-26T04:52:40.662+0100] {processor.py:914} INFO - Processing file /Users/rtewelde/airflow_venv/lib/python3.11/site-packages/airflow/example_dags/example_external_task_marker_dag.py for tasks to queue
[2024-09-26T04:52:40.666+0100] {logging_mixin.py:190} INFO - [2024-09-26T04:52:40.665+0100] {dagbag.py:588} INFO - Filling up the DagBag from /Users/rtewelde/airflow_venv/lib/python3.11/site-packages/airflow/example_dags/example_external_task_marker_dag.py
[2024-09-26T04:52:40.731+0100] {processor.py:925} INFO - DAG(s) 'example_external_task_marker_child', 'example_external_task_marker_parent' retrieved from /Users/rtewelde/airflow_venv/lib/python3.11/site-packages/airflow/example_dags/example_external_task_marker_dag.py
[2024-09-26T04:52:41.319+0100] {logging_mixin.py:190} INFO - [2024-09-26T04:52:41.318+0100] {workday.py:41} WARNING - Could not import pandas. Holidays will not be considered.
[2024-09-26T04:52:41.392+0100] {logging_mixin.py:190} INFO - [2024-09-26T04:52:41.391+0100] {dag.py:3239} INFO - Sync 2 DAGs
[2024-09-26T04:52:41.432+0100] {logging_mixin.py:190} INFO - [2024-09-26T04:52:41.431+0100] {dag.py:4180} INFO - Setting next_dagrun for example_external_task_marker_child to None, run_after=None
[2024-09-26T04:52:41.445+0100] {logging_mixin.py:190} INFO - [2024-09-26T04:52:41.444+0100] {dag.py:4180} INFO - Setting next_dagrun for example_external_task_marker_parent to None, run_after=None
[2024-09-26T04:52:41.502+0100] {processor.py:208} INFO - Processing /Users/rtewelde/airflow_venv/lib/python3.11/site-packages/airflow/example_dags/example_external_task_marker_dag.py took 0.853 seconds
[2024-09-26T05:01:28.758+0100] {processor.py:186} INFO - Started process (PID=48710) to work on /Users/rtewelde/airflow_venv/lib/python3.11/site-packages/airflow/example_dags/example_external_task_marker_dag.py
[2024-09-26T05:01:28.764+0100] {processor.py:914} INFO - Processing file /Users/rtewelde/airflow_venv/lib/python3.11/site-packages/airflow/example_dags/example_external_task_marker_dag.py for tasks to queue
[2024-09-26T05:01:28.768+0100] {logging_mixin.py:190} INFO - [2024-09-26T05:01:28.767+0100] {dagbag.py:588} INFO - Filling up the DagBag from /Users/rtewelde/airflow_venv/lib/python3.11/site-packages/airflow/example_dags/example_external_task_marker_dag.py
[2024-09-26T05:01:28.830+0100] {processor.py:925} INFO - DAG(s) 'example_external_task_marker_parent', 'example_external_task_marker_child' retrieved from /Users/rtewelde/airflow_venv/lib/python3.11/site-packages/airflow/example_dags/example_external_task_marker_dag.py
[2024-09-26T05:01:29.438+0100] {logging_mixin.py:190} INFO - [2024-09-26T05:01:29.437+0100] {workday.py:41} WARNING - Could not import pandas. Holidays will not be considered.
[2024-09-26T05:01:29.491+0100] {logging_mixin.py:190} INFO - [2024-09-26T05:01:29.489+0100] {dag.py:3239} INFO - Sync 2 DAGs
[2024-09-26T05:01:29.531+0100] {logging_mixin.py:190} INFO - [2024-09-26T05:01:29.530+0100] {dag.py:4180} INFO - Setting next_dagrun for example_external_task_marker_child to None, run_after=None
[2024-09-26T05:01:29.541+0100] {logging_mixin.py:190} INFO - [2024-09-26T05:01:29.540+0100] {dag.py:4180} INFO - Setting next_dagrun for example_external_task_marker_parent to None, run_after=None
[2024-09-26T05:01:29.611+0100] {processor.py:208} INFO - Processing /Users/rtewelde/airflow_venv/lib/python3.11/site-packages/airflow/example_dags/example_external_task_marker_dag.py took 0.868 seconds
[2024-09-26T05:10:40.679+0100] {processor.py:186} INFO - Started process (PID=51040) to work on /Users/rtewelde/airflow_venv/lib/python3.11/site-packages/airflow/example_dags/example_external_task_marker_dag.py
[2024-09-26T05:10:40.683+0100] {processor.py:914} INFO - Processing file /Users/rtewelde/airflow_venv/lib/python3.11/site-packages/airflow/example_dags/example_external_task_marker_dag.py for tasks to queue
[2024-09-26T05:10:40.687+0100] {logging_mixin.py:190} INFO - [2024-09-26T05:10:40.686+0100] {dagbag.py:588} INFO - Filling up the DagBag from /Users/rtewelde/airflow_venv/lib/python3.11/site-packages/airflow/example_dags/example_external_task_marker_dag.py
[2024-09-26T05:10:40.752+0100] {processor.py:925} INFO - DAG(s) 'example_external_task_marker_parent', 'example_external_task_marker_child' retrieved from /Users/rtewelde/airflow_venv/lib/python3.11/site-packages/airflow/example_dags/example_external_task_marker_dag.py
[2024-09-26T05:10:41.323+0100] {logging_mixin.py:190} INFO - [2024-09-26T05:10:41.322+0100] {workday.py:41} WARNING - Could not import pandas. Holidays will not be considered.
[2024-09-26T05:10:41.378+0100] {logging_mixin.py:190} INFO - [2024-09-26T05:10:41.376+0100] {dag.py:3239} INFO - Sync 2 DAGs
[2024-09-26T05:10:41.418+0100] {logging_mixin.py:190} INFO - [2024-09-26T05:10:41.417+0100] {dag.py:4180} INFO - Setting next_dagrun for example_external_task_marker_child to None, run_after=None
[2024-09-26T05:10:41.430+0100] {logging_mixin.py:190} INFO - [2024-09-26T05:10:41.429+0100] {dag.py:4180} INFO - Setting next_dagrun for example_external_task_marker_parent to None, run_after=None
[2024-09-26T05:10:41.491+0100] {processor.py:208} INFO - Processing /Users/rtewelde/airflow_venv/lib/python3.11/site-packages/airflow/example_dags/example_external_task_marker_dag.py took 0.821 seconds
[2024-09-26T07:19:09.460+0100] {processor.py:186} INFO - Started process (PID=53285) to work on /Users/rtewelde/airflow_venv/lib/python3.11/site-packages/airflow/example_dags/example_external_task_marker_dag.py
[2024-09-26T07:19:09.463+0100] {processor.py:914} INFO - Processing file /Users/rtewelde/airflow_venv/lib/python3.11/site-packages/airflow/example_dags/example_external_task_marker_dag.py for tasks to queue
[2024-09-26T07:19:09.467+0100] {logging_mixin.py:190} INFO - [2024-09-26T07:19:09.466+0100] {dagbag.py:588} INFO - Filling up the DagBag from /Users/rtewelde/airflow_venv/lib/python3.11/site-packages/airflow/example_dags/example_external_task_marker_dag.py
[2024-09-26T07:19:09.513+0100] {processor.py:925} INFO - DAG(s) 'example_external_task_marker_child', 'example_external_task_marker_parent' retrieved from /Users/rtewelde/airflow_venv/lib/python3.11/site-packages/airflow/example_dags/example_external_task_marker_dag.py
[2024-09-26T07:19:10.042+0100] {logging_mixin.py:190} INFO - [2024-09-26T07:19:10.041+0100] {workday.py:41} WARNING - Could not import pandas. Holidays will not be considered.
[2024-09-26T07:19:10.122+0100] {logging_mixin.py:190} INFO - [2024-09-26T07:19:10.120+0100] {dag.py:3239} INFO - Sync 2 DAGs
[2024-09-26T07:19:10.171+0100] {logging_mixin.py:190} INFO - [2024-09-26T07:19:10.171+0100] {dag.py:4180} INFO - Setting next_dagrun for example_external_task_marker_child to None, run_after=None
[2024-09-26T07:19:10.182+0100] {logging_mixin.py:190} INFO - [2024-09-26T07:19:10.181+0100] {dag.py:4180} INFO - Setting next_dagrun for example_external_task_marker_parent to None, run_after=None
[2024-09-26T07:19:10.246+0100] {processor.py:208} INFO - Processing /Users/rtewelde/airflow_venv/lib/python3.11/site-packages/airflow/example_dags/example_external_task_marker_dag.py took 0.796 seconds
[2024-09-26T07:27:23.563+0100] {processor.py:186} INFO - Started process (PID=55412) to work on /Users/rtewelde/airflow_venv/lib/python3.11/site-packages/airflow/example_dags/example_external_task_marker_dag.py
[2024-09-26T07:27:23.566+0100] {processor.py:914} INFO - Processing file /Users/rtewelde/airflow_venv/lib/python3.11/site-packages/airflow/example_dags/example_external_task_marker_dag.py for tasks to queue
[2024-09-26T07:27:23.569+0100] {logging_mixin.py:190} INFO - [2024-09-26T07:27:23.569+0100] {dagbag.py:588} INFO - Filling up the DagBag from /Users/rtewelde/airflow_venv/lib/python3.11/site-packages/airflow/example_dags/example_external_task_marker_dag.py
[2024-09-26T07:27:23.620+0100] {processor.py:925} INFO - DAG(s) 'example_external_task_marker_child', 'example_external_task_marker_parent' retrieved from /Users/rtewelde/airflow_venv/lib/python3.11/site-packages/airflow/example_dags/example_external_task_marker_dag.py
[2024-09-26T07:27:24.166+0100] {logging_mixin.py:190} INFO - [2024-09-26T07:27:24.165+0100] {workday.py:41} WARNING - Could not import pandas. Holidays will not be considered.
[2024-09-26T07:27:24.240+0100] {logging_mixin.py:190} INFO - [2024-09-26T07:27:24.239+0100] {dag.py:3239} INFO - Sync 2 DAGs
[2024-09-26T07:27:24.279+0100] {logging_mixin.py:190} INFO - [2024-09-26T07:27:24.279+0100] {dag.py:4180} INFO - Setting next_dagrun for example_external_task_marker_child to None, run_after=None
[2024-09-26T07:27:24.291+0100] {logging_mixin.py:190} INFO - [2024-09-26T07:27:24.290+0100] {dag.py:4180} INFO - Setting next_dagrun for example_external_task_marker_parent to None, run_after=None
[2024-09-26T07:27:24.352+0100] {processor.py:208} INFO - Processing /Users/rtewelde/airflow_venv/lib/python3.11/site-packages/airflow/example_dags/example_external_task_marker_dag.py took 0.797 seconds
[2024-09-26T18:58:06.059+0100] {processor.py:186} INFO - Started process (PID=56960) to work on /Users/rtewelde/airflow_venv/lib/python3.11/site-packages/airflow/example_dags/example_external_task_marker_dag.py
[2024-09-26T18:58:06.062+0100] {processor.py:914} INFO - Processing file /Users/rtewelde/airflow_venv/lib/python3.11/site-packages/airflow/example_dags/example_external_task_marker_dag.py for tasks to queue
[2024-09-26T18:58:06.065+0100] {logging_mixin.py:190} INFO - [2024-09-26T18:58:06.064+0100] {dagbag.py:588} INFO - Filling up the DagBag from /Users/rtewelde/airflow_venv/lib/python3.11/site-packages/airflow/example_dags/example_external_task_marker_dag.py
[2024-09-26T18:58:06.085+0100] {processor.py:925} INFO - DAG(s) 'example_external_task_marker_child', 'example_external_task_marker_parent' retrieved from /Users/rtewelde/airflow_venv/lib/python3.11/site-packages/airflow/example_dags/example_external_task_marker_dag.py
[2024-09-26T18:58:06.360+0100] {logging_mixin.py:190} INFO - [2024-09-26T18:58:06.359+0100] {workday.py:41} WARNING - Could not import pandas. Holidays will not be considered.
[2024-09-26T18:58:06.400+0100] {logging_mixin.py:190} INFO - [2024-09-26T18:58:06.399+0100] {dag.py:3239} INFO - Sync 2 DAGs
[2024-09-26T18:58:06.417+0100] {logging_mixin.py:190} INFO - [2024-09-26T18:58:06.417+0100] {dag.py:4180} INFO - Setting next_dagrun for example_external_task_marker_child to None, run_after=None
[2024-09-26T18:58:06.421+0100] {logging_mixin.py:190} INFO - [2024-09-26T18:58:06.421+0100] {dag.py:4180} INFO - Setting next_dagrun for example_external_task_marker_parent to None, run_after=None
[2024-09-26T18:58:06.449+0100] {processor.py:208} INFO - Processing /Users/rtewelde/airflow_venv/lib/python3.11/site-packages/airflow/example_dags/example_external_task_marker_dag.py took 0.395 seconds
[2024-09-26T19:03:21.764+0100] {processor.py:186} INFO - Started process (PID=58389) to work on /Users/rtewelde/airflow_venv/lib/python3.11/site-packages/airflow/example_dags/example_external_task_marker_dag.py
[2024-09-26T19:03:21.766+0100] {processor.py:914} INFO - Processing file /Users/rtewelde/airflow_venv/lib/python3.11/site-packages/airflow/example_dags/example_external_task_marker_dag.py for tasks to queue
[2024-09-26T19:03:21.769+0100] {logging_mixin.py:190} INFO - [2024-09-26T19:03:21.768+0100] {dagbag.py:588} INFO - Filling up the DagBag from /Users/rtewelde/airflow_venv/lib/python3.11/site-packages/airflow/example_dags/example_external_task_marker_dag.py
[2024-09-26T19:03:21.795+0100] {processor.py:925} INFO - DAG(s) 'example_external_task_marker_parent', 'example_external_task_marker_child' retrieved from /Users/rtewelde/airflow_venv/lib/python3.11/site-packages/airflow/example_dags/example_external_task_marker_dag.py
[2024-09-26T19:03:22.097+0100] {logging_mixin.py:190} INFO - [2024-09-26T19:03:22.096+0100] {workday.py:41} WARNING - Could not import pandas. Holidays will not be considered.
[2024-09-26T19:03:22.121+0100] {logging_mixin.py:190} INFO - [2024-09-26T19:03:22.119+0100] {dag.py:3239} INFO - Sync 2 DAGs
[2024-09-26T19:03:22.148+0100] {logging_mixin.py:190} INFO - [2024-09-26T19:03:22.148+0100] {dag.py:4180} INFO - Setting next_dagrun for example_external_task_marker_child to None, run_after=None
[2024-09-26T19:03:22.154+0100] {logging_mixin.py:190} INFO - [2024-09-26T19:03:22.153+0100] {dag.py:4180} INFO - Setting next_dagrun for example_external_task_marker_parent to None, run_after=None
[2024-09-26T19:03:22.182+0100] {processor.py:208} INFO - Processing /Users/rtewelde/airflow_venv/lib/python3.11/site-packages/airflow/example_dags/example_external_task_marker_dag.py took 0.421 seconds
