[2024-09-26T01:01:46.971+0100] {processor.py:186} INFO - Started process (PID=28184) to work on /Users/rtewelde/airflow_venv/lib/python3.11/site-packages/airflow/example_dags/example_time_delta_sensor_async.py
[2024-09-26T01:01:46.975+0100] {processor.py:914} INFO - Processing file /Users/rtewelde/airflow_venv/lib/python3.11/site-packages/airflow/example_dags/example_time_delta_sensor_async.py for tasks to queue
[2024-09-26T01:01:46.979+0100] {logging_mixin.py:190} INFO - [2024-09-26T01:01:46.978+0100] {dagbag.py:588} INFO - Filling up the DagBag from /Users/rtewelde/airflow_venv/lib/python3.11/site-packages/airflow/example_dags/example_time_delta_sensor_async.py
[2024-09-26T01:01:47.012+0100] {processor.py:925} INFO - DAG(s) 'example_time_delta_sensor_async' retrieved from /Users/rtewelde/airflow_venv/lib/python3.11/site-packages/airflow/example_dags/example_time_delta_sensor_async.py
[2024-09-26T01:01:47.634+0100] {logging_mixin.py:190} INFO - [2024-09-26T01:01:47.633+0100] {workday.py:41} WARNING - Could not import pandas. Holidays will not be considered.
[2024-09-26T01:01:47.716+0100] {logging_mixin.py:190} INFO - [2024-09-26T01:01:47.714+0100] {dag.py:3239} INFO - Sync 1 DAGs
[2024-09-26T01:01:47.760+0100] {logging_mixin.py:190} INFO - [2024-09-26T01:01:47.759+0100] {dag.py:4180} INFO - Setting next_dagrun for example_time_delta_sensor_async to None, run_after=None
[2024-09-26T01:01:47.837+0100] {processor.py:208} INFO - Processing /Users/rtewelde/airflow_venv/lib/python3.11/site-packages/airflow/example_dags/example_time_delta_sensor_async.py took 0.884 seconds
[2024-09-26T01:10:38.303+0100] {processor.py:186} INFO - Started process (PID=30470) to work on /Users/rtewelde/airflow_venv/lib/python3.11/site-packages/airflow/example_dags/example_time_delta_sensor_async.py
[2024-09-26T01:10:38.307+0100] {processor.py:914} INFO - Processing file /Users/rtewelde/airflow_venv/lib/python3.11/site-packages/airflow/example_dags/example_time_delta_sensor_async.py for tasks to queue
[2024-09-26T01:10:38.311+0100] {logging_mixin.py:190} INFO - [2024-09-26T01:10:38.310+0100] {dagbag.py:588} INFO - Filling up the DagBag from /Users/rtewelde/airflow_venv/lib/python3.11/site-packages/airflow/example_dags/example_time_delta_sensor_async.py
[2024-09-26T01:10:38.345+0100] {processor.py:925} INFO - DAG(s) 'example_time_delta_sensor_async' retrieved from /Users/rtewelde/airflow_venv/lib/python3.11/site-packages/airflow/example_dags/example_time_delta_sensor_async.py
[2024-09-26T01:10:38.882+0100] {logging_mixin.py:190} INFO - [2024-09-26T01:10:38.881+0100] {workday.py:41} WARNING - Could not import pandas. Holidays will not be considered.
[2024-09-26T01:10:38.951+0100] {logging_mixin.py:190} INFO - [2024-09-26T01:10:38.950+0100] {dag.py:3239} INFO - Sync 1 DAGs
[2024-09-26T01:10:38.995+0100] {logging_mixin.py:190} INFO - [2024-09-26T01:10:38.994+0100] {dag.py:4180} INFO - Setting next_dagrun for example_time_delta_sensor_async to None, run_after=None
[2024-09-26T01:10:39.058+0100] {processor.py:208} INFO - Processing /Users/rtewelde/airflow_venv/lib/python3.11/site-packages/airflow/example_dags/example_time_delta_sensor_async.py took 0.766 seconds
[2024-09-26T01:49:29.901+0100] {processor.py:186} INFO - Started process (PID=32777) to work on /Users/rtewelde/airflow_venv/lib/python3.11/site-packages/airflow/example_dags/example_time_delta_sensor_async.py
[2024-09-26T01:49:29.906+0100] {processor.py:914} INFO - Processing file /Users/rtewelde/airflow_venv/lib/python3.11/site-packages/airflow/example_dags/example_time_delta_sensor_async.py for tasks to queue
[2024-09-26T01:49:29.909+0100] {logging_mixin.py:190} INFO - [2024-09-26T01:49:29.909+0100] {dagbag.py:588} INFO - Filling up the DagBag from /Users/rtewelde/airflow_venv/lib/python3.11/site-packages/airflow/example_dags/example_time_delta_sensor_async.py
[2024-09-26T01:49:29.946+0100] {processor.py:925} INFO - DAG(s) 'example_time_delta_sensor_async' retrieved from /Users/rtewelde/airflow_venv/lib/python3.11/site-packages/airflow/example_dags/example_time_delta_sensor_async.py
[2024-09-26T01:49:30.532+0100] {logging_mixin.py:190} INFO - [2024-09-26T01:49:30.531+0100] {workday.py:41} WARNING - Could not import pandas. Holidays will not be considered.
[2024-09-26T01:49:30.600+0100] {logging_mixin.py:190} INFO - [2024-09-26T01:49:30.599+0100] {dag.py:3239} INFO - Sync 1 DAGs
[2024-09-26T01:49:30.656+0100] {logging_mixin.py:190} INFO - [2024-09-26T01:49:30.656+0100] {dag.py:4180} INFO - Setting next_dagrun for example_time_delta_sensor_async to None, run_after=None
[2024-09-26T01:49:30.721+0100] {processor.py:208} INFO - Processing /Users/rtewelde/airflow_venv/lib/python3.11/site-packages/airflow/example_dags/example_time_delta_sensor_async.py took 0.829 seconds
[2024-09-26T02:13:09.893+0100] {processor.py:186} INFO - Started process (PID=34976) to work on /Users/rtewelde/airflow_venv/lib/python3.11/site-packages/airflow/example_dags/example_time_delta_sensor_async.py
[2024-09-26T02:13:09.896+0100] {processor.py:914} INFO - Processing file /Users/rtewelde/airflow_venv/lib/python3.11/site-packages/airflow/example_dags/example_time_delta_sensor_async.py for tasks to queue
[2024-09-26T02:13:09.900+0100] {logging_mixin.py:190} INFO - [2024-09-26T02:13:09.899+0100] {dagbag.py:588} INFO - Filling up the DagBag from /Users/rtewelde/airflow_venv/lib/python3.11/site-packages/airflow/example_dags/example_time_delta_sensor_async.py
[2024-09-26T02:13:09.936+0100] {processor.py:925} INFO - DAG(s) 'example_time_delta_sensor_async' retrieved from /Users/rtewelde/airflow_venv/lib/python3.11/site-packages/airflow/example_dags/example_time_delta_sensor_async.py
[2024-09-26T02:13:10.565+0100] {logging_mixin.py:190} INFO - [2024-09-26T02:13:10.564+0100] {workday.py:41} WARNING - Could not import pandas. Holidays will not be considered.
[2024-09-26T02:13:10.685+0100] {logging_mixin.py:190} INFO - [2024-09-26T02:13:10.683+0100] {dag.py:3239} INFO - Sync 1 DAGs
[2024-09-26T02:13:10.752+0100] {logging_mixin.py:190} INFO - [2024-09-26T02:13:10.751+0100] {dag.py:4180} INFO - Setting next_dagrun for example_time_delta_sensor_async to None, run_after=None
[2024-09-26T02:13:10.867+0100] {processor.py:208} INFO - Processing /Users/rtewelde/airflow_venv/lib/python3.11/site-packages/airflow/example_dags/example_time_delta_sensor_async.py took 0.984 seconds
[2024-09-26T02:21:46.267+0100] {processor.py:186} INFO - Started process (PID=37230) to work on /Users/rtewelde/airflow_venv/lib/python3.11/site-packages/airflow/example_dags/example_time_delta_sensor_async.py
[2024-09-26T02:21:46.271+0100] {processor.py:914} INFO - Processing file /Users/rtewelde/airflow_venv/lib/python3.11/site-packages/airflow/example_dags/example_time_delta_sensor_async.py for tasks to queue
[2024-09-26T02:21:46.275+0100] {logging_mixin.py:190} INFO - [2024-09-26T02:21:46.274+0100] {dagbag.py:588} INFO - Filling up the DagBag from /Users/rtewelde/airflow_venv/lib/python3.11/site-packages/airflow/example_dags/example_time_delta_sensor_async.py
[2024-09-26T02:21:46.304+0100] {processor.py:925} INFO - DAG(s) 'example_time_delta_sensor_async' retrieved from /Users/rtewelde/airflow_venv/lib/python3.11/site-packages/airflow/example_dags/example_time_delta_sensor_async.py
[2024-09-26T02:21:46.840+0100] {logging_mixin.py:190} INFO - [2024-09-26T02:21:46.839+0100] {workday.py:41} WARNING - Could not import pandas. Holidays will not be considered.
[2024-09-26T02:21:46.912+0100] {logging_mixin.py:190} INFO - [2024-09-26T02:21:46.911+0100] {dag.py:3239} INFO - Sync 1 DAGs
[2024-09-26T02:21:46.951+0100] {logging_mixin.py:190} INFO - [2024-09-26T02:21:46.950+0100] {dag.py:4180} INFO - Setting next_dagrun for example_time_delta_sensor_async to None, run_after=None
[2024-09-26T02:21:47.023+0100] {processor.py:208} INFO - Processing /Users/rtewelde/airflow_venv/lib/python3.11/site-packages/airflow/example_dags/example_time_delta_sensor_async.py took 0.765 seconds
[2024-09-26T03:34:01.380+0100] {processor.py:186} INFO - Started process (PID=39108) to work on /Users/rtewelde/airflow_venv/lib/python3.11/site-packages/airflow/example_dags/example_time_delta_sensor_async.py
[2024-09-26T03:34:01.384+0100] {processor.py:914} INFO - Processing file /Users/rtewelde/airflow_venv/lib/python3.11/site-packages/airflow/example_dags/example_time_delta_sensor_async.py for tasks to queue
[2024-09-26T03:34:01.387+0100] {logging_mixin.py:190} INFO - [2024-09-26T03:34:01.387+0100] {dagbag.py:588} INFO - Filling up the DagBag from /Users/rtewelde/airflow_venv/lib/python3.11/site-packages/airflow/example_dags/example_time_delta_sensor_async.py
[2024-09-26T03:34:01.417+0100] {processor.py:925} INFO - DAG(s) 'example_time_delta_sensor_async' retrieved from /Users/rtewelde/airflow_venv/lib/python3.11/site-packages/airflow/example_dags/example_time_delta_sensor_async.py
[2024-09-26T03:34:02.015+0100] {logging_mixin.py:190} INFO - [2024-09-26T03:34:02.014+0100] {workday.py:41} WARNING - Could not import pandas. Holidays will not be considered.
[2024-09-26T03:34:02.091+0100] {logging_mixin.py:190} INFO - [2024-09-26T03:34:02.090+0100] {dag.py:3239} INFO - Sync 1 DAGs
[2024-09-26T03:34:02.129+0100] {logging_mixin.py:190} INFO - [2024-09-26T03:34:02.129+0100] {dag.py:4180} INFO - Setting next_dagrun for example_time_delta_sensor_async to None, run_after=None
[2024-09-26T03:34:02.197+0100] {processor.py:208} INFO - Processing /Users/rtewelde/airflow_venv/lib/python3.11/site-packages/airflow/example_dags/example_time_delta_sensor_async.py took 0.826 seconds
[2024-09-26T03:42:13.364+0100] {processor.py:186} INFO - Started process (PID=41262) to work on /Users/rtewelde/airflow_venv/lib/python3.11/site-packages/airflow/example_dags/example_time_delta_sensor_async.py
[2024-09-26T03:42:13.367+0100] {processor.py:914} INFO - Processing file /Users/rtewelde/airflow_venv/lib/python3.11/site-packages/airflow/example_dags/example_time_delta_sensor_async.py for tasks to queue
[2024-09-26T03:42:13.371+0100] {logging_mixin.py:190} INFO - [2024-09-26T03:42:13.370+0100] {dagbag.py:588} INFO - Filling up the DagBag from /Users/rtewelde/airflow_venv/lib/python3.11/site-packages/airflow/example_dags/example_time_delta_sensor_async.py
[2024-09-26T03:42:13.401+0100] {processor.py:925} INFO - DAG(s) 'example_time_delta_sensor_async' retrieved from /Users/rtewelde/airflow_venv/lib/python3.11/site-packages/airflow/example_dags/example_time_delta_sensor_async.py
[2024-09-26T03:42:13.932+0100] {logging_mixin.py:190} INFO - [2024-09-26T03:42:13.931+0100] {workday.py:41} WARNING - Could not import pandas. Holidays will not be considered.
[2024-09-26T03:42:14.009+0100] {logging_mixin.py:190} INFO - [2024-09-26T03:42:14.008+0100] {dag.py:3239} INFO - Sync 1 DAGs
[2024-09-26T03:42:14.047+0100] {logging_mixin.py:190} INFO - [2024-09-26T03:42:14.046+0100] {dag.py:4180} INFO - Setting next_dagrun for example_time_delta_sensor_async to None, run_after=None
[2024-09-26T03:42:14.116+0100] {processor.py:208} INFO - Processing /Users/rtewelde/airflow_venv/lib/python3.11/site-packages/airflow/example_dags/example_time_delta_sensor_async.py took 0.760 seconds
[2024-09-26T04:39:55.942+0100] {processor.py:186} INFO - Started process (PID=43196) to work on /Users/rtewelde/airflow_venv/lib/python3.11/site-packages/airflow/example_dags/example_time_delta_sensor_async.py
[2024-09-26T04:39:55.946+0100] {processor.py:914} INFO - Processing file /Users/rtewelde/airflow_venv/lib/python3.11/site-packages/airflow/example_dags/example_time_delta_sensor_async.py for tasks to queue
[2024-09-26T04:39:55.950+0100] {logging_mixin.py:190} INFO - [2024-09-26T04:39:55.949+0100] {dagbag.py:588} INFO - Filling up the DagBag from /Users/rtewelde/airflow_venv/lib/python3.11/site-packages/airflow/example_dags/example_time_delta_sensor_async.py
[2024-09-26T04:39:55.977+0100] {processor.py:925} INFO - DAG(s) 'example_time_delta_sensor_async' retrieved from /Users/rtewelde/airflow_venv/lib/python3.11/site-packages/airflow/example_dags/example_time_delta_sensor_async.py
[2024-09-26T04:39:56.515+0100] {logging_mixin.py:190} INFO - [2024-09-26T04:39:56.515+0100] {workday.py:41} WARNING - Could not import pandas. Holidays will not be considered.
[2024-09-26T04:39:56.590+0100] {logging_mixin.py:190} INFO - [2024-09-26T04:39:56.589+0100] {dag.py:3239} INFO - Sync 1 DAGs
[2024-09-26T04:39:56.629+0100] {logging_mixin.py:190} INFO - [2024-09-26T04:39:56.629+0100] {dag.py:4180} INFO - Setting next_dagrun for example_time_delta_sensor_async to None, run_after=None
[2024-09-26T04:39:56.695+0100] {processor.py:208} INFO - Processing /Users/rtewelde/airflow_venv/lib/python3.11/site-packages/airflow/example_dags/example_time_delta_sensor_async.py took 0.766 seconds
[2024-09-26T04:48:36.920+0100] {processor.py:186} INFO - Started process (PID=45399) to work on /Users/rtewelde/airflow_venv/lib/python3.11/site-packages/airflow/example_dags/example_time_delta_sensor_async.py
[2024-09-26T04:48:36.925+0100] {processor.py:914} INFO - Processing file /Users/rtewelde/airflow_venv/lib/python3.11/site-packages/airflow/example_dags/example_time_delta_sensor_async.py for tasks to queue
[2024-09-26T04:48:36.929+0100] {logging_mixin.py:190} INFO - [2024-09-26T04:48:36.928+0100] {dagbag.py:588} INFO - Filling up the DagBag from /Users/rtewelde/airflow_venv/lib/python3.11/site-packages/airflow/example_dags/example_time_delta_sensor_async.py
[2024-09-26T04:48:36.965+0100] {processor.py:925} INFO - DAG(s) 'example_time_delta_sensor_async' retrieved from /Users/rtewelde/airflow_venv/lib/python3.11/site-packages/airflow/example_dags/example_time_delta_sensor_async.py
[2024-09-26T04:48:37.548+0100] {logging_mixin.py:190} INFO - [2024-09-26T04:48:37.547+0100] {workday.py:41} WARNING - Could not import pandas. Holidays will not be considered.
[2024-09-26T04:48:37.630+0100] {logging_mixin.py:190} INFO - [2024-09-26T04:48:37.628+0100] {dag.py:3239} INFO - Sync 1 DAGs
[2024-09-26T04:48:37.671+0100] {logging_mixin.py:190} INFO - [2024-09-26T04:48:37.671+0100] {dag.py:4180} INFO - Setting next_dagrun for example_time_delta_sensor_async to None, run_after=None
[2024-09-26T04:48:37.739+0100] {processor.py:208} INFO - Processing /Users/rtewelde/airflow_venv/lib/python3.11/site-packages/airflow/example_dags/example_time_delta_sensor_async.py took 0.828 seconds
[2024-09-26T04:57:39.060+0100] {processor.py:186} INFO - Started process (PID=47742) to work on /Users/rtewelde/airflow_venv/lib/python3.11/site-packages/airflow/example_dags/example_time_delta_sensor_async.py
[2024-09-26T04:57:39.064+0100] {processor.py:914} INFO - Processing file /Users/rtewelde/airflow_venv/lib/python3.11/site-packages/airflow/example_dags/example_time_delta_sensor_async.py for tasks to queue
[2024-09-26T04:57:39.067+0100] {logging_mixin.py:190} INFO - [2024-09-26T04:57:39.066+0100] {dagbag.py:588} INFO - Filling up the DagBag from /Users/rtewelde/airflow_venv/lib/python3.11/site-packages/airflow/example_dags/example_time_delta_sensor_async.py
[2024-09-26T04:57:39.102+0100] {processor.py:925} INFO - DAG(s) 'example_time_delta_sensor_async' retrieved from /Users/rtewelde/airflow_venv/lib/python3.11/site-packages/airflow/example_dags/example_time_delta_sensor_async.py
[2024-09-26T04:57:39.634+0100] {logging_mixin.py:190} INFO - [2024-09-26T04:57:39.633+0100] {workday.py:41} WARNING - Could not import pandas. Holidays will not be considered.
[2024-09-26T04:57:39.710+0100] {logging_mixin.py:190} INFO - [2024-09-26T04:57:39.709+0100] {dag.py:3239} INFO - Sync 1 DAGs
[2024-09-26T04:57:39.748+0100] {logging_mixin.py:190} INFO - [2024-09-26T04:57:39.747+0100] {dag.py:4180} INFO - Setting next_dagrun for example_time_delta_sensor_async to None, run_after=None
[2024-09-26T04:57:39.823+0100] {processor.py:208} INFO - Processing /Users/rtewelde/airflow_venv/lib/python3.11/site-packages/airflow/example_dags/example_time_delta_sensor_async.py took 0.778 seconds
[2024-09-26T05:06:40.553+0100] {processor.py:186} INFO - Started process (PID=50028) to work on /Users/rtewelde/airflow_venv/lib/python3.11/site-packages/airflow/example_dags/example_time_delta_sensor_async.py
[2024-09-26T05:06:40.558+0100] {processor.py:914} INFO - Processing file /Users/rtewelde/airflow_venv/lib/python3.11/site-packages/airflow/example_dags/example_time_delta_sensor_async.py for tasks to queue
[2024-09-26T05:06:40.562+0100] {logging_mixin.py:190} INFO - [2024-09-26T05:06:40.561+0100] {dagbag.py:588} INFO - Filling up the DagBag from /Users/rtewelde/airflow_venv/lib/python3.11/site-packages/airflow/example_dags/example_time_delta_sensor_async.py
[2024-09-26T05:06:40.602+0100] {processor.py:925} INFO - DAG(s) 'example_time_delta_sensor_async' retrieved from /Users/rtewelde/airflow_venv/lib/python3.11/site-packages/airflow/example_dags/example_time_delta_sensor_async.py
[2024-09-26T05:06:41.177+0100] {logging_mixin.py:190} INFO - [2024-09-26T05:06:41.176+0100] {workday.py:41} WARNING - Could not import pandas. Holidays will not be considered.
[2024-09-26T05:06:41.266+0100] {logging_mixin.py:190} INFO - [2024-09-26T05:06:41.265+0100] {dag.py:3239} INFO - Sync 1 DAGs
[2024-09-26T05:06:41.306+0100] {logging_mixin.py:190} INFO - [2024-09-26T05:06:41.306+0100] {dag.py:4180} INFO - Setting next_dagrun for example_time_delta_sensor_async to None, run_after=None
[2024-09-26T05:06:41.373+0100] {processor.py:208} INFO - Processing /Users/rtewelde/airflow_venv/lib/python3.11/site-packages/airflow/example_dags/example_time_delta_sensor_async.py took 0.830 seconds
[2024-09-26T05:15:42.835+0100] {processor.py:186} INFO - Started process (PID=52377) to work on /Users/rtewelde/airflow_venv/lib/python3.11/site-packages/airflow/example_dags/example_time_delta_sensor_async.py
[2024-09-26T05:15:42.839+0100] {processor.py:914} INFO - Processing file /Users/rtewelde/airflow_venv/lib/python3.11/site-packages/airflow/example_dags/example_time_delta_sensor_async.py for tasks to queue
[2024-09-26T05:15:42.843+0100] {logging_mixin.py:190} INFO - [2024-09-26T05:15:42.842+0100] {dagbag.py:588} INFO - Filling up the DagBag from /Users/rtewelde/airflow_venv/lib/python3.11/site-packages/airflow/example_dags/example_time_delta_sensor_async.py
[2024-09-26T05:15:42.872+0100] {processor.py:925} INFO - DAG(s) 'example_time_delta_sensor_async' retrieved from /Users/rtewelde/airflow_venv/lib/python3.11/site-packages/airflow/example_dags/example_time_delta_sensor_async.py
[2024-09-26T05:15:43.408+0100] {logging_mixin.py:190} INFO - [2024-09-26T05:15:43.407+0100] {workday.py:41} WARNING - Could not import pandas. Holidays will not be considered.
[2024-09-26T05:15:43.482+0100] {logging_mixin.py:190} INFO - [2024-09-26T05:15:43.481+0100] {dag.py:3239} INFO - Sync 1 DAGs
[2024-09-26T05:15:43.520+0100] {logging_mixin.py:190} INFO - [2024-09-26T05:15:43.519+0100] {dag.py:4180} INFO - Setting next_dagrun for example_time_delta_sensor_async to None, run_after=None
[2024-09-26T05:15:43.585+0100] {processor.py:208} INFO - Processing /Users/rtewelde/airflow_venv/lib/python3.11/site-packages/airflow/example_dags/example_time_delta_sensor_async.py took 0.758 seconds
[2024-09-26T07:23:46.672+0100] {processor.py:186} INFO - Started process (PID=54458) to work on /Users/rtewelde/airflow_venv/lib/python3.11/site-packages/airflow/example_dags/example_time_delta_sensor_async.py
[2024-09-26T07:23:46.675+0100] {processor.py:914} INFO - Processing file /Users/rtewelde/airflow_venv/lib/python3.11/site-packages/airflow/example_dags/example_time_delta_sensor_async.py for tasks to queue
[2024-09-26T07:23:46.679+0100] {logging_mixin.py:190} INFO - [2024-09-26T07:23:46.678+0100] {dagbag.py:588} INFO - Filling up the DagBag from /Users/rtewelde/airflow_venv/lib/python3.11/site-packages/airflow/example_dags/example_time_delta_sensor_async.py
[2024-09-26T07:23:46.713+0100] {processor.py:925} INFO - DAG(s) 'example_time_delta_sensor_async' retrieved from /Users/rtewelde/airflow_venv/lib/python3.11/site-packages/airflow/example_dags/example_time_delta_sensor_async.py
[2024-09-26T07:23:47.366+0100] {logging_mixin.py:190} INFO - [2024-09-26T07:23:47.365+0100] {workday.py:41} WARNING - Could not import pandas. Holidays will not be considered.
[2024-09-26T07:23:47.465+0100] {logging_mixin.py:190} INFO - [2024-09-26T07:23:47.463+0100] {dag.py:3239} INFO - Sync 1 DAGs
[2024-09-26T07:23:47.506+0100] {logging_mixin.py:190} INFO - [2024-09-26T07:23:47.506+0100] {dag.py:4180} INFO - Setting next_dagrun for example_time_delta_sensor_async to None, run_after=None
[2024-09-26T07:23:47.583+0100] {processor.py:208} INFO - Processing /Users/rtewelde/airflow_venv/lib/python3.11/site-packages/airflow/example_dags/example_time_delta_sensor_async.py took 0.919 seconds
[2024-09-26T07:46:10.074+0100] {processor.py:186} INFO - Started process (PID=56328) to work on /Users/rtewelde/airflow_venv/lib/python3.11/site-packages/airflow/example_dags/example_time_delta_sensor_async.py
[2024-09-26T07:46:10.076+0100] {processor.py:914} INFO - Processing file /Users/rtewelde/airflow_venv/lib/python3.11/site-packages/airflow/example_dags/example_time_delta_sensor_async.py for tasks to queue
[2024-09-26T07:46:10.077+0100] {logging_mixin.py:190} INFO - [2024-09-26T07:46:10.077+0100] {dagbag.py:588} INFO - Filling up the DagBag from /Users/rtewelde/airflow_venv/lib/python3.11/site-packages/airflow/example_dags/example_time_delta_sensor_async.py
[2024-09-26T07:46:10.086+0100] {processor.py:925} INFO - DAG(s) 'example_time_delta_sensor_async' retrieved from /Users/rtewelde/airflow_venv/lib/python3.11/site-packages/airflow/example_dags/example_time_delta_sensor_async.py
[2024-09-26T07:46:10.227+0100] {logging_mixin.py:190} INFO - [2024-09-26T07:46:10.226+0100] {workday.py:41} WARNING - Could not import pandas. Holidays will not be considered.
[2024-09-26T07:46:10.243+0100] {logging_mixin.py:190} INFO - [2024-09-26T07:46:10.242+0100] {dag.py:3239} INFO - Sync 1 DAGs
[2024-09-26T07:46:10.253+0100] {logging_mixin.py:190} INFO - [2024-09-26T07:46:10.253+0100] {dag.py:4180} INFO - Setting next_dagrun for example_time_delta_sensor_async to None, run_after=None
[2024-09-26T07:46:10.269+0100] {processor.py:208} INFO - Processing /Users/rtewelde/airflow_venv/lib/python3.11/site-packages/airflow/example_dags/example_time_delta_sensor_async.py took 0.197 seconds
[2024-09-26T19:01:03.417+0100] {processor.py:186} INFO - Started process (PID=57765) to work on /Users/rtewelde/airflow_venv/lib/python3.11/site-packages/airflow/example_dags/example_time_delta_sensor_async.py
[2024-09-26T19:01:03.420+0100] {processor.py:914} INFO - Processing file /Users/rtewelde/airflow_venv/lib/python3.11/site-packages/airflow/example_dags/example_time_delta_sensor_async.py for tasks to queue
[2024-09-26T19:01:03.422+0100] {logging_mixin.py:190} INFO - [2024-09-26T19:01:03.422+0100] {dagbag.py:588} INFO - Filling up the DagBag from /Users/rtewelde/airflow_venv/lib/python3.11/site-packages/airflow/example_dags/example_time_delta_sensor_async.py
[2024-09-26T19:01:03.441+0100] {processor.py:925} INFO - DAG(s) 'example_time_delta_sensor_async' retrieved from /Users/rtewelde/airflow_venv/lib/python3.11/site-packages/airflow/example_dags/example_time_delta_sensor_async.py
[2024-09-26T19:01:03.846+0100] {logging_mixin.py:190} INFO - [2024-09-26T19:01:03.845+0100] {workday.py:41} WARNING - Could not import pandas. Holidays will not be considered.
[2024-09-26T19:01:03.893+0100] {logging_mixin.py:190} INFO - [2024-09-26T19:01:03.891+0100] {dag.py:3239} INFO - Sync 1 DAGs
[2024-09-26T19:01:03.917+0100] {logging_mixin.py:190} INFO - [2024-09-26T19:01:03.917+0100] {dag.py:4180} INFO - Setting next_dagrun for example_time_delta_sensor_async to None, run_after=None
[2024-09-26T19:01:03.950+0100] {processor.py:208} INFO - Processing /Users/rtewelde/airflow_venv/lib/python3.11/site-packages/airflow/example_dags/example_time_delta_sensor_async.py took 0.540 seconds
