[2024-09-26T01:05:13.429+0100] {processor.py:186} INFO - Started process (PID=29077) to work on /Users/rtewelde/airflow_venv/lib/python3.11/site-packages/airflow/example_dags/example_latest_only.py
[2024-09-26T01:05:13.433+0100] {processor.py:914} INFO - Processing file /Users/rtewelde/airflow_venv/lib/python3.11/site-packages/airflow/example_dags/example_latest_only.py for tasks to queue
[2024-09-26T01:05:13.439+0100] {logging_mixin.py:190} INFO - [2024-09-26T01:05:13.438+0100] {dagbag.py:588} INFO - Filling up the DagBag from /Users/rtewelde/airflow_venv/lib/python3.11/site-packages/airflow/example_dags/example_latest_only.py
[2024-09-26T01:05:13.470+0100] {processor.py:925} INFO - DAG(s) 'latest_only' retrieved from /Users/rtewelde/airflow_venv/lib/python3.11/site-packages/airflow/example_dags/example_latest_only.py
[2024-09-26T01:05:14.123+0100] {logging_mixin.py:190} INFO - [2024-09-26T01:05:14.122+0100] {dag.py:3239} INFO - Sync 1 DAGs
[2024-09-26T01:05:14.198+0100] {logging_mixin.py:190} INFO - [2024-09-26T01:05:14.197+0100] {dag.py:4180} INFO - Setting next_dagrun for latest_only to 2024-09-25 20:00:00+00:00, run_after=2024-09-26 00:00:00+00:00
[2024-09-26T01:05:14.267+0100] {processor.py:208} INFO - Processing /Users/rtewelde/airflow_venv/lib/python3.11/site-packages/airflow/example_dags/example_latest_only.py took 0.847 seconds
[2024-09-26T01:14:11.148+0100] {processor.py:186} INFO - Started process (PID=31374) to work on /Users/rtewelde/airflow_venv/lib/python3.11/site-packages/airflow/example_dags/example_latest_only.py
[2024-09-26T01:14:11.153+0100] {processor.py:914} INFO - Processing file /Users/rtewelde/airflow_venv/lib/python3.11/site-packages/airflow/example_dags/example_latest_only.py for tasks to queue
[2024-09-26T01:14:11.158+0100] {logging_mixin.py:190} INFO - [2024-09-26T01:14:11.157+0100] {dagbag.py:588} INFO - Filling up the DagBag from /Users/rtewelde/airflow_venv/lib/python3.11/site-packages/airflow/example_dags/example_latest_only.py
[2024-09-26T01:14:11.193+0100] {processor.py:925} INFO - DAG(s) 'latest_only' retrieved from /Users/rtewelde/airflow_venv/lib/python3.11/site-packages/airflow/example_dags/example_latest_only.py
[2024-09-26T01:14:11.801+0100] {logging_mixin.py:190} INFO - [2024-09-26T01:14:11.800+0100] {dag.py:3239} INFO - Sync 1 DAGs
[2024-09-26T01:14:11.878+0100] {logging_mixin.py:190} INFO - [2024-09-26T01:14:11.877+0100] {dag.py:4180} INFO - Setting next_dagrun for latest_only to 2024-09-25 20:00:00+00:00, run_after=2024-09-26 00:00:00+00:00
[2024-09-26T01:14:11.947+0100] {processor.py:208} INFO - Processing /Users/rtewelde/airflow_venv/lib/python3.11/site-packages/airflow/example_dags/example_latest_only.py took 0.809 seconds
[2024-09-26T02:07:43.870+0100] {processor.py:186} INFO - Started process (PID=33602) to work on /Users/rtewelde/airflow_venv/lib/python3.11/site-packages/airflow/example_dags/example_latest_only.py
[2024-09-26T02:07:43.875+0100] {processor.py:914} INFO - Processing file /Users/rtewelde/airflow_venv/lib/python3.11/site-packages/airflow/example_dags/example_latest_only.py for tasks to queue
[2024-09-26T02:07:43.879+0100] {logging_mixin.py:190} INFO - [2024-09-26T02:07:43.878+0100] {dagbag.py:588} INFO - Filling up the DagBag from /Users/rtewelde/airflow_venv/lib/python3.11/site-packages/airflow/example_dags/example_latest_only.py
[2024-09-26T02:07:43.916+0100] {processor.py:925} INFO - DAG(s) 'latest_only' retrieved from /Users/rtewelde/airflow_venv/lib/python3.11/site-packages/airflow/example_dags/example_latest_only.py
[2024-09-26T02:07:44.512+0100] {logging_mixin.py:190} INFO - [2024-09-26T02:07:44.511+0100] {dag.py:3239} INFO - Sync 1 DAGs
[2024-09-26T02:07:44.585+0100] {logging_mixin.py:190} INFO - [2024-09-26T02:07:44.584+0100] {dag.py:4180} INFO - Setting next_dagrun for latest_only to 2024-09-25 20:00:00+00:00, run_after=2024-09-26 00:00:00+00:00
[2024-09-26T02:07:44.661+0100] {processor.py:208} INFO - Processing /Users/rtewelde/airflow_venv/lib/python3.11/site-packages/airflow/example_dags/example_latest_only.py took 0.800 seconds
[2024-09-26T02:16:39.162+0100] {processor.py:186} INFO - Started process (PID=35884) to work on /Users/rtewelde/airflow_venv/lib/python3.11/site-packages/airflow/example_dags/example_latest_only.py
[2024-09-26T02:16:39.167+0100] {processor.py:914} INFO - Processing file /Users/rtewelde/airflow_venv/lib/python3.11/site-packages/airflow/example_dags/example_latest_only.py for tasks to queue
[2024-09-26T02:16:39.171+0100] {logging_mixin.py:190} INFO - [2024-09-26T02:16:39.170+0100] {dagbag.py:588} INFO - Filling up the DagBag from /Users/rtewelde/airflow_venv/lib/python3.11/site-packages/airflow/example_dags/example_latest_only.py
[2024-09-26T02:16:39.203+0100] {processor.py:925} INFO - DAG(s) 'latest_only' retrieved from /Users/rtewelde/airflow_venv/lib/python3.11/site-packages/airflow/example_dags/example_latest_only.py
[2024-09-26T02:16:40.021+0100] {logging_mixin.py:190} INFO - [2024-09-26T02:16:40.019+0100] {dag.py:3239} INFO - Sync 1 DAGs
[2024-09-26T02:16:40.154+0100] {logging_mixin.py:190} INFO - [2024-09-26T02:16:40.152+0100] {dag.py:4180} INFO - Setting next_dagrun for latest_only to 2024-09-25 20:00:00+00:00, run_after=2024-09-26 00:00:00+00:00
[2024-09-26T02:16:40.252+0100] {processor.py:208} INFO - Processing /Users/rtewelde/airflow_venv/lib/python3.11/site-packages/airflow/example_dags/example_latest_only.py took 1.108 seconds
[2024-09-26T02:39:46.394+0100] {processor.py:186} INFO - Started process (PID=37983) to work on /Users/rtewelde/airflow_venv/lib/python3.11/site-packages/airflow/example_dags/example_latest_only.py
[2024-09-26T02:39:46.397+0100] {processor.py:914} INFO - Processing file /Users/rtewelde/airflow_venv/lib/python3.11/site-packages/airflow/example_dags/example_latest_only.py for tasks to queue
[2024-09-26T02:39:46.400+0100] {logging_mixin.py:190} INFO - [2024-09-26T02:39:46.399+0100] {dagbag.py:588} INFO - Filling up the DagBag from /Users/rtewelde/airflow_venv/lib/python3.11/site-packages/airflow/example_dags/example_latest_only.py
[2024-09-26T02:39:46.428+0100] {processor.py:925} INFO - DAG(s) 'latest_only' retrieved from /Users/rtewelde/airflow_venv/lib/python3.11/site-packages/airflow/example_dags/example_latest_only.py
[2024-09-26T02:39:46.988+0100] {logging_mixin.py:190} INFO - [2024-09-26T02:39:46.987+0100] {dag.py:3239} INFO - Sync 1 DAGs
[2024-09-26T02:39:47.056+0100] {logging_mixin.py:190} INFO - [2024-09-26T02:39:47.055+0100] {dag.py:4180} INFO - Setting next_dagrun for latest_only to 2024-09-25 20:00:00+00:00, run_after=2024-09-26 00:00:00+00:00
[2024-09-26T02:39:47.122+0100] {processor.py:208} INFO - Processing /Users/rtewelde/airflow_venv/lib/python3.11/site-packages/airflow/example_dags/example_latest_only.py took 0.737 seconds
[2024-09-26T03:37:10.153+0100] {processor.py:186} INFO - Started process (PID=39974) to work on /Users/rtewelde/airflow_venv/lib/python3.11/site-packages/airflow/example_dags/example_latest_only.py
[2024-09-26T03:37:10.157+0100] {processor.py:914} INFO - Processing file /Users/rtewelde/airflow_venv/lib/python3.11/site-packages/airflow/example_dags/example_latest_only.py for tasks to queue
[2024-09-26T03:37:10.163+0100] {logging_mixin.py:190} INFO - [2024-09-26T03:37:10.162+0100] {dagbag.py:588} INFO - Filling up the DagBag from /Users/rtewelde/airflow_venv/lib/python3.11/site-packages/airflow/example_dags/example_latest_only.py
[2024-09-26T03:37:10.190+0100] {processor.py:925} INFO - DAG(s) 'latest_only' retrieved from /Users/rtewelde/airflow_venv/lib/python3.11/site-packages/airflow/example_dags/example_latest_only.py
[2024-09-26T03:37:10.744+0100] {logging_mixin.py:190} INFO - [2024-09-26T03:37:10.743+0100] {dag.py:3239} INFO - Sync 1 DAGs
[2024-09-26T03:37:10.811+0100] {logging_mixin.py:190} INFO - [2024-09-26T03:37:10.810+0100] {dag.py:4180} INFO - Setting next_dagrun for latest_only to 2024-09-25 20:00:00+00:00, run_after=2024-09-26 00:00:00+00:00
[2024-09-26T03:37:10.874+0100] {processor.py:208} INFO - Processing /Users/rtewelde/airflow_venv/lib/python3.11/site-packages/airflow/example_dags/example_latest_only.py took 0.732 seconds
[2024-09-26T03:45:20.720+0100] {processor.py:186} INFO - Started process (PID=42059) to work on /Users/rtewelde/airflow_venv/lib/python3.11/site-packages/airflow/example_dags/example_latest_only.py
[2024-09-26T03:45:20.726+0100] {processor.py:914} INFO - Processing file /Users/rtewelde/airflow_venv/lib/python3.11/site-packages/airflow/example_dags/example_latest_only.py for tasks to queue
[2024-09-26T03:45:20.733+0100] {logging_mixin.py:190} INFO - [2024-09-26T03:45:20.732+0100] {dagbag.py:588} INFO - Filling up the DagBag from /Users/rtewelde/airflow_venv/lib/python3.11/site-packages/airflow/example_dags/example_latest_only.py
[2024-09-26T03:45:20.758+0100] {processor.py:925} INFO - DAG(s) 'latest_only' retrieved from /Users/rtewelde/airflow_venv/lib/python3.11/site-packages/airflow/example_dags/example_latest_only.py
[2024-09-26T03:45:21.328+0100] {logging_mixin.py:190} INFO - [2024-09-26T03:45:21.326+0100] {dag.py:3239} INFO - Sync 1 DAGs
[2024-09-26T03:45:21.394+0100] {logging_mixin.py:190} INFO - [2024-09-26T03:45:21.393+0100] {dag.py:4180} INFO - Setting next_dagrun for latest_only to 2024-09-25 20:00:00+00:00, run_after=2024-09-26 00:00:00+00:00
[2024-09-26T03:45:21.462+0100] {processor.py:208} INFO - Processing /Users/rtewelde/airflow_venv/lib/python3.11/site-packages/airflow/example_dags/example_latest_only.py took 0.751 seconds
[2024-09-26T04:43:03.712+0100] {processor.py:186} INFO - Started process (PID=43988) to work on /Users/rtewelde/airflow_venv/lib/python3.11/site-packages/airflow/example_dags/example_latest_only.py
[2024-09-26T04:43:03.715+0100] {processor.py:914} INFO - Processing file /Users/rtewelde/airflow_venv/lib/python3.11/site-packages/airflow/example_dags/example_latest_only.py for tasks to queue
[2024-09-26T04:43:03.720+0100] {logging_mixin.py:190} INFO - [2024-09-26T04:43:03.719+0100] {dagbag.py:588} INFO - Filling up the DagBag from /Users/rtewelde/airflow_venv/lib/python3.11/site-packages/airflow/example_dags/example_latest_only.py
[2024-09-26T04:43:03.748+0100] {processor.py:925} INFO - DAG(s) 'latest_only' retrieved from /Users/rtewelde/airflow_venv/lib/python3.11/site-packages/airflow/example_dags/example_latest_only.py
[2024-09-26T04:43:04.326+0100] {logging_mixin.py:190} INFO - [2024-09-26T04:43:04.325+0100] {dag.py:3239} INFO - Sync 1 DAGs
[2024-09-26T04:43:04.391+0100] {logging_mixin.py:190} INFO - [2024-09-26T04:43:04.390+0100] {dag.py:4180} INFO - Setting next_dagrun for latest_only to 2024-09-25 20:00:00+00:00, run_after=2024-09-26 00:00:00+00:00
[2024-09-26T04:43:04.459+0100] {processor.py:208} INFO - Processing /Users/rtewelde/airflow_venv/lib/python3.11/site-packages/airflow/example_dags/example_latest_only.py took 0.757 seconds
[2024-09-26T04:52:09.013+0100] {processor.py:186} INFO - Started process (PID=46296) to work on /Users/rtewelde/airflow_venv/lib/python3.11/site-packages/airflow/example_dags/example_latest_only.py
[2024-09-26T04:52:09.024+0100] {processor.py:914} INFO - Processing file /Users/rtewelde/airflow_venv/lib/python3.11/site-packages/airflow/example_dags/example_latest_only.py for tasks to queue
[2024-09-26T04:52:09.030+0100] {logging_mixin.py:190} INFO - [2024-09-26T04:52:09.029+0100] {dagbag.py:588} INFO - Filling up the DagBag from /Users/rtewelde/airflow_venv/lib/python3.11/site-packages/airflow/example_dags/example_latest_only.py
[2024-09-26T04:52:09.071+0100] {processor.py:925} INFO - DAG(s) 'latest_only' retrieved from /Users/rtewelde/airflow_venv/lib/python3.11/site-packages/airflow/example_dags/example_latest_only.py
[2024-09-26T04:52:09.798+0100] {logging_mixin.py:190} INFO - [2024-09-26T04:52:09.797+0100] {dag.py:3239} INFO - Sync 1 DAGs
[2024-09-26T04:52:09.868+0100] {logging_mixin.py:190} INFO - [2024-09-26T04:52:09.867+0100] {dag.py:4180} INFO - Setting next_dagrun for latest_only to 2024-09-25 20:00:00+00:00, run_after=2024-09-26 00:00:00+00:00
[2024-09-26T04:52:09.941+0100] {processor.py:208} INFO - Processing /Users/rtewelde/airflow_venv/lib/python3.11/site-packages/airflow/example_dags/example_latest_only.py took 0.937 seconds
[2024-09-26T05:00:59.120+0100] {processor.py:186} INFO - Started process (PID=48588) to work on /Users/rtewelde/airflow_venv/lib/python3.11/site-packages/airflow/example_dags/example_latest_only.py
[2024-09-26T05:00:59.124+0100] {processor.py:914} INFO - Processing file /Users/rtewelde/airflow_venv/lib/python3.11/site-packages/airflow/example_dags/example_latest_only.py for tasks to queue
[2024-09-26T05:00:59.127+0100] {logging_mixin.py:190} INFO - [2024-09-26T05:00:59.126+0100] {dagbag.py:588} INFO - Filling up the DagBag from /Users/rtewelde/airflow_venv/lib/python3.11/site-packages/airflow/example_dags/example_latest_only.py
[2024-09-26T05:00:59.158+0100] {processor.py:925} INFO - DAG(s) 'latest_only' retrieved from /Users/rtewelde/airflow_venv/lib/python3.11/site-packages/airflow/example_dags/example_latest_only.py
[2024-09-26T05:00:59.807+0100] {logging_mixin.py:190} INFO - [2024-09-26T05:00:59.806+0100] {dag.py:3239} INFO - Sync 1 DAGs
[2024-09-26T05:00:59.895+0100] {logging_mixin.py:190} INFO - [2024-09-26T05:00:59.894+0100] {dag.py:4180} INFO - Setting next_dagrun for latest_only to 2024-09-26 00:00:00+00:00, run_after=2024-09-26 04:00:00+00:00
[2024-09-26T05:00:59.982+0100] {processor.py:208} INFO - Processing /Users/rtewelde/airflow_venv/lib/python3.11/site-packages/airflow/example_dags/example_latest_only.py took 0.872 seconds
[2024-09-26T05:10:12.215+0100] {processor.py:186} INFO - Started process (PID=50931) to work on /Users/rtewelde/airflow_venv/lib/python3.11/site-packages/airflow/example_dags/example_latest_only.py
[2024-09-26T05:10:12.219+0100] {processor.py:914} INFO - Processing file /Users/rtewelde/airflow_venv/lib/python3.11/site-packages/airflow/example_dags/example_latest_only.py for tasks to queue
[2024-09-26T05:10:12.223+0100] {logging_mixin.py:190} INFO - [2024-09-26T05:10:12.222+0100] {dagbag.py:588} INFO - Filling up the DagBag from /Users/rtewelde/airflow_venv/lib/python3.11/site-packages/airflow/example_dags/example_latest_only.py
[2024-09-26T05:10:12.263+0100] {processor.py:925} INFO - DAG(s) 'latest_only' retrieved from /Users/rtewelde/airflow_venv/lib/python3.11/site-packages/airflow/example_dags/example_latest_only.py
[2024-09-26T05:10:12.909+0100] {logging_mixin.py:190} INFO - [2024-09-26T05:10:12.908+0100] {dag.py:3239} INFO - Sync 1 DAGs
[2024-09-26T05:10:12.977+0100] {logging_mixin.py:190} INFO - [2024-09-26T05:10:12.975+0100] {dag.py:4180} INFO - Setting next_dagrun for latest_only to 2024-09-26 00:00:00+00:00, run_after=2024-09-26 04:00:00+00:00
[2024-09-26T05:10:13.045+0100] {processor.py:208} INFO - Processing /Users/rtewelde/airflow_venv/lib/python3.11/site-packages/airflow/example_dags/example_latest_only.py took 0.839 seconds
[2024-09-26T07:18:43.011+0100] {processor.py:186} INFO - Started process (PID=53174) to work on /Users/rtewelde/airflow_venv/lib/python3.11/site-packages/airflow/example_dags/example_latest_only.py
[2024-09-26T07:18:43.014+0100] {processor.py:914} INFO - Processing file /Users/rtewelde/airflow_venv/lib/python3.11/site-packages/airflow/example_dags/example_latest_only.py for tasks to queue
[2024-09-26T07:18:43.017+0100] {logging_mixin.py:190} INFO - [2024-09-26T07:18:43.017+0100] {dagbag.py:588} INFO - Filling up the DagBag from /Users/rtewelde/airflow_venv/lib/python3.11/site-packages/airflow/example_dags/example_latest_only.py
[2024-09-26T07:18:43.047+0100] {processor.py:925} INFO - DAG(s) 'latest_only' retrieved from /Users/rtewelde/airflow_venv/lib/python3.11/site-packages/airflow/example_dags/example_latest_only.py
[2024-09-26T07:18:43.740+0100] {logging_mixin.py:190} INFO - [2024-09-26T07:18:43.738+0100] {dag.py:3239} INFO - Sync 1 DAGs
[2024-09-26T07:18:43.809+0100] {logging_mixin.py:190} INFO - [2024-09-26T07:18:43.808+0100] {dag.py:4180} INFO - Setting next_dagrun for latest_only to 2024-09-26 00:00:00+00:00, run_after=2024-09-26 04:00:00+00:00
[2024-09-26T07:18:43.869+0100] {processor.py:208} INFO - Processing /Users/rtewelde/airflow_venv/lib/python3.11/site-packages/airflow/example_dags/example_latest_only.py took 0.868 seconds
[2024-09-26T07:26:56.330+0100] {processor.py:186} INFO - Started process (PID=55292) to work on /Users/rtewelde/airflow_venv/lib/python3.11/site-packages/airflow/example_dags/example_latest_only.py
[2024-09-26T07:26:56.334+0100] {processor.py:914} INFO - Processing file /Users/rtewelde/airflow_venv/lib/python3.11/site-packages/airflow/example_dags/example_latest_only.py for tasks to queue
[2024-09-26T07:26:56.341+0100] {logging_mixin.py:190} INFO - [2024-09-26T07:26:56.339+0100] {dagbag.py:588} INFO - Filling up the DagBag from /Users/rtewelde/airflow_venv/lib/python3.11/site-packages/airflow/example_dags/example_latest_only.py
[2024-09-26T07:26:56.375+0100] {processor.py:925} INFO - DAG(s) 'latest_only' retrieved from /Users/rtewelde/airflow_venv/lib/python3.11/site-packages/airflow/example_dags/example_latest_only.py
[2024-09-26T07:26:57.008+0100] {logging_mixin.py:190} INFO - [2024-09-26T07:26:57.006+0100] {dag.py:3239} INFO - Sync 1 DAGs
[2024-09-26T07:26:57.070+0100] {logging_mixin.py:190} INFO - [2024-09-26T07:26:57.069+0100] {dag.py:4180} INFO - Setting next_dagrun for latest_only to 2024-09-26 00:00:00+00:00, run_after=2024-09-26 04:00:00+00:00
[2024-09-26T07:26:57.137+0100] {processor.py:208} INFO - Processing /Users/rtewelde/airflow_venv/lib/python3.11/site-packages/airflow/example_dags/example_latest_only.py took 0.817 seconds
[2024-09-26T18:57:50.989+0100] {processor.py:186} INFO - Started process (PID=56883) to work on /Users/rtewelde/airflow_venv/lib/python3.11/site-packages/airflow/example_dags/example_latest_only.py
[2024-09-26T18:57:50.991+0100] {processor.py:914} INFO - Processing file /Users/rtewelde/airflow_venv/lib/python3.11/site-packages/airflow/example_dags/example_latest_only.py for tasks to queue
[2024-09-26T18:57:50.994+0100] {logging_mixin.py:190} INFO - [2024-09-26T18:57:50.993+0100] {dagbag.py:588} INFO - Filling up the DagBag from /Users/rtewelde/airflow_venv/lib/python3.11/site-packages/airflow/example_dags/example_latest_only.py
[2024-09-26T18:57:51.014+0100] {processor.py:925} INFO - DAG(s) 'latest_only' retrieved from /Users/rtewelde/airflow_venv/lib/python3.11/site-packages/airflow/example_dags/example_latest_only.py
[2024-09-26T18:57:51.425+0100] {logging_mixin.py:190} INFO - [2024-09-26T18:57:51.424+0100] {dag.py:3239} INFO - Sync 1 DAGs
[2024-09-26T18:57:51.453+0100] {logging_mixin.py:190} INFO - [2024-09-26T18:57:51.453+0100] {dag.py:4180} INFO - Setting next_dagrun for latest_only to 2024-09-26 12:00:00+00:00, run_after=2024-09-26 16:00:00+00:00
[2024-09-26T18:57:51.482+0100] {processor.py:208} INFO - Processing /Users/rtewelde/airflow_venv/lib/python3.11/site-packages/airflow/example_dags/example_latest_only.py took 0.498 seconds
[2024-09-26T19:03:05.845+0100] {processor.py:186} INFO - Started process (PID=58304) to work on /Users/rtewelde/airflow_venv/lib/python3.11/site-packages/airflow/example_dags/example_latest_only.py
[2024-09-26T19:03:05.847+0100] {processor.py:914} INFO - Processing file /Users/rtewelde/airflow_venv/lib/python3.11/site-packages/airflow/example_dags/example_latest_only.py for tasks to queue
[2024-09-26T19:03:05.849+0100] {logging_mixin.py:190} INFO - [2024-09-26T19:03:05.849+0100] {dagbag.py:588} INFO - Filling up the DagBag from /Users/rtewelde/airflow_venv/lib/python3.11/site-packages/airflow/example_dags/example_latest_only.py
[2024-09-26T19:03:05.863+0100] {processor.py:925} INFO - DAG(s) 'latest_only' retrieved from /Users/rtewelde/airflow_venv/lib/python3.11/site-packages/airflow/example_dags/example_latest_only.py
[2024-09-26T19:03:06.510+0100] {logging_mixin.py:190} INFO - [2024-09-26T19:03:06.509+0100] {dag.py:3239} INFO - Sync 1 DAGs
[2024-09-26T19:03:06.551+0100] {logging_mixin.py:190} INFO - [2024-09-26T19:03:06.550+0100] {dag.py:4180} INFO - Setting next_dagrun for latest_only to 2024-09-26 12:00:00+00:00, run_after=2024-09-26 16:00:00+00:00
[2024-09-26T19:03:06.588+0100] {processor.py:208} INFO - Processing /Users/rtewelde/airflow_venv/lib/python3.11/site-packages/airflow/example_dags/example_latest_only.py took 0.747 seconds
