[2024-09-26T01:07:45.462+0100] {processor.py:186} INFO - Started process (PID=29731) to work on /Users/rtewelde/airflow_venv/lib/python3.11/site-packages/airflow/example_dags/example_bash_decorator.py
[2024-09-26T01:07:45.467+0100] {processor.py:914} INFO - Processing file /Users/rtewelde/airflow_venv/lib/python3.11/site-packages/airflow/example_dags/example_bash_decorator.py for tasks to queue
[2024-09-26T01:07:45.473+0100] {logging_mixin.py:190} INFO - [2024-09-26T01:07:45.472+0100] {dagbag.py:588} INFO - Filling up the DagBag from /Users/rtewelde/airflow_venv/lib/python3.11/site-packages/airflow/example_dags/example_bash_decorator.py
[2024-09-26T01:07:45.656+0100] {processor.py:925} INFO - DAG(s) 'example_bash_decorator' retrieved from /Users/rtewelde/airflow_venv/lib/python3.11/site-packages/airflow/example_dags/example_bash_decorator.py
[2024-09-26T01:07:46.683+0100] {logging_mixin.py:190} INFO - [2024-09-26T01:07:46.682+0100] {dag.py:3239} INFO - Sync 1 DAGs
[2024-09-26T01:07:46.729+0100] {logging_mixin.py:190} INFO - [2024-09-26T01:07:46.728+0100] {dag.py:4180} INFO - Setting next_dagrun for example_bash_decorator to None, run_after=None
[2024-09-26T01:07:46.797+0100] {processor.py:208} INFO - Processing /Users/rtewelde/airflow_venv/lib/python3.11/site-packages/airflow/example_dags/example_bash_decorator.py took 1.345 seconds
[2024-09-26T02:10:15.273+0100] {processor.py:186} INFO - Started process (PID=34240) to work on /Users/rtewelde/airflow_venv/lib/python3.11/site-packages/airflow/example_dags/example_bash_decorator.py
[2024-09-26T02:10:15.278+0100] {processor.py:914} INFO - Processing file /Users/rtewelde/airflow_venv/lib/python3.11/site-packages/airflow/example_dags/example_bash_decorator.py for tasks to queue
[2024-09-26T02:10:15.282+0100] {logging_mixin.py:190} INFO - [2024-09-26T02:10:15.281+0100] {dagbag.py:588} INFO - Filling up the DagBag from /Users/rtewelde/airflow_venv/lib/python3.11/site-packages/airflow/example_dags/example_bash_decorator.py
[2024-09-26T02:10:15.474+0100] {processor.py:925} INFO - DAG(s) 'example_bash_decorator' retrieved from /Users/rtewelde/airflow_venv/lib/python3.11/site-packages/airflow/example_dags/example_bash_decorator.py
[2024-09-26T02:10:16.514+0100] {logging_mixin.py:190} INFO - [2024-09-26T02:10:16.513+0100] {dag.py:3239} INFO - Sync 1 DAGs
[2024-09-26T02:10:16.550+0100] {logging_mixin.py:190} INFO - [2024-09-26T02:10:16.549+0100] {dag.py:4180} INFO - Setting next_dagrun for example_bash_decorator to None, run_after=None
[2024-09-26T02:10:16.623+0100] {processor.py:208} INFO - Processing /Users/rtewelde/airflow_venv/lib/python3.11/site-packages/airflow/example_dags/example_bash_decorator.py took 1.360 seconds
[2024-09-26T03:14:06.177+0100] {processor.py:186} INFO - Started process (PID=38479) to work on /Users/rtewelde/airflow_venv/lib/python3.11/site-packages/airflow/example_dags/example_bash_decorator.py
[2024-09-26T03:14:06.179+0100] {processor.py:914} INFO - Processing file /Users/rtewelde/airflow_venv/lib/python3.11/site-packages/airflow/example_dags/example_bash_decorator.py for tasks to queue
[2024-09-26T03:14:06.180+0100] {logging_mixin.py:190} INFO - [2024-09-26T03:14:06.179+0100] {dagbag.py:588} INFO - Filling up the DagBag from /Users/rtewelde/airflow_venv/lib/python3.11/site-packages/airflow/example_dags/example_bash_decorator.py
[2024-09-26T03:14:06.219+0100] {processor.py:925} INFO - DAG(s) 'example_bash_decorator' retrieved from /Users/rtewelde/airflow_venv/lib/python3.11/site-packages/airflow/example_dags/example_bash_decorator.py
[2024-09-26T03:14:06.504+0100] {logging_mixin.py:190} INFO - [2024-09-26T03:14:06.504+0100] {dag.py:3239} INFO - Sync 1 DAGs
[2024-09-26T03:14:06.513+0100] {logging_mixin.py:190} INFO - [2024-09-26T03:14:06.513+0100] {dag.py:4180} INFO - Setting next_dagrun for example_bash_decorator to None, run_after=None
[2024-09-26T03:14:06.531+0100] {processor.py:208} INFO - Processing /Users/rtewelde/airflow_venv/lib/python3.11/site-packages/airflow/example_dags/example_bash_decorator.py took 0.356 seconds
[2024-09-26T04:05:27.164+0100] {processor.py:186} INFO - Started process (PID=42635) to work on /Users/rtewelde/airflow_venv/lib/python3.11/site-packages/airflow/example_dags/example_bash_decorator.py
[2024-09-26T04:05:27.165+0100] {processor.py:914} INFO - Processing file /Users/rtewelde/airflow_venv/lib/python3.11/site-packages/airflow/example_dags/example_bash_decorator.py for tasks to queue
[2024-09-26T04:05:27.166+0100] {logging_mixin.py:190} INFO - [2024-09-26T04:05:27.166+0100] {dagbag.py:588} INFO - Filling up the DagBag from /Users/rtewelde/airflow_venv/lib/python3.11/site-packages/airflow/example_dags/example_bash_decorator.py
[2024-09-26T04:05:28.141+0100] {processor.py:925} INFO - DAG(s) 'example_bash_decorator' retrieved from /Users/rtewelde/airflow_venv/lib/python3.11/site-packages/airflow/example_dags/example_bash_decorator.py
[2024-09-26T04:05:28.434+0100] {logging_mixin.py:190} INFO - [2024-09-26T04:05:28.434+0100] {dag.py:3239} INFO - Sync 1 DAGs
[2024-09-26T04:05:28.444+0100] {logging_mixin.py:190} INFO - [2024-09-26T04:05:28.444+0100] {dag.py:4180} INFO - Setting next_dagrun for example_bash_decorator to None, run_after=None
[2024-09-26T04:05:28.463+0100] {processor.py:208} INFO - Processing /Users/rtewelde/airflow_venv/lib/python3.11/site-packages/airflow/example_dags/example_bash_decorator.py took 1.302 seconds
[2024-09-26T04:54:39.706+0100] {processor.py:186} INFO - Started process (PID=46971) to work on /Users/rtewelde/airflow_venv/lib/python3.11/site-packages/airflow/example_dags/example_bash_decorator.py
[2024-09-26T04:54:39.710+0100] {processor.py:914} INFO - Processing file /Users/rtewelde/airflow_venv/lib/python3.11/site-packages/airflow/example_dags/example_bash_decorator.py for tasks to queue
[2024-09-26T04:54:39.714+0100] {logging_mixin.py:190} INFO - [2024-09-26T04:54:39.713+0100] {dagbag.py:588} INFO - Filling up the DagBag from /Users/rtewelde/airflow_venv/lib/python3.11/site-packages/airflow/example_dags/example_bash_decorator.py
[2024-09-26T04:54:39.887+0100] {processor.py:925} INFO - DAG(s) 'example_bash_decorator' retrieved from /Users/rtewelde/airflow_venv/lib/python3.11/site-packages/airflow/example_dags/example_bash_decorator.py
[2024-09-26T04:54:40.999+0100] {logging_mixin.py:190} INFO - [2024-09-26T04:54:40.998+0100] {dag.py:3239} INFO - Sync 1 DAGs
[2024-09-26T04:54:41.035+0100] {logging_mixin.py:190} INFO - [2024-09-26T04:54:41.034+0100] {dag.py:4180} INFO - Setting next_dagrun for example_bash_decorator to None, run_after=None
[2024-09-26T04:54:41.113+0100] {processor.py:208} INFO - Processing /Users/rtewelde/airflow_venv/lib/python3.11/site-packages/airflow/example_dags/example_bash_decorator.py took 1.416 seconds
[2024-09-26T05:12:48.134+0100] {processor.py:186} INFO - Started process (PID=51590) to work on /Users/rtewelde/airflow_venv/lib/python3.11/site-packages/airflow/example_dags/example_bash_decorator.py
[2024-09-26T05:12:48.137+0100] {processor.py:914} INFO - Processing file /Users/rtewelde/airflow_venv/lib/python3.11/site-packages/airflow/example_dags/example_bash_decorator.py for tasks to queue
[2024-09-26T05:12:48.141+0100] {logging_mixin.py:190} INFO - [2024-09-26T05:12:48.140+0100] {dagbag.py:588} INFO - Filling up the DagBag from /Users/rtewelde/airflow_venv/lib/python3.11/site-packages/airflow/example_dags/example_bash_decorator.py
[2024-09-26T05:12:48.327+0100] {processor.py:925} INFO - DAG(s) 'example_bash_decorator' retrieved from /Users/rtewelde/airflow_venv/lib/python3.11/site-packages/airflow/example_dags/example_bash_decorator.py
[2024-09-26T05:12:49.498+0100] {logging_mixin.py:190} INFO - [2024-09-26T05:12:49.497+0100] {dag.py:3239} INFO - Sync 1 DAGs
[2024-09-26T05:12:49.539+0100] {logging_mixin.py:190} INFO - [2024-09-26T05:12:49.538+0100] {dag.py:4180} INFO - Setting next_dagrun for example_bash_decorator to None, run_after=None
[2024-09-26T05:12:49.612+0100] {processor.py:208} INFO - Processing /Users/rtewelde/airflow_venv/lib/python3.11/site-packages/airflow/example_dags/example_bash_decorator.py took 1.491 seconds
[2024-09-26T07:29:12.902+0100] {processor.py:186} INFO - Started process (PID=55869) to work on /Users/rtewelde/airflow_venv/lib/python3.11/site-packages/airflow/example_dags/example_bash_decorator.py
[2024-09-26T07:29:12.905+0100] {processor.py:914} INFO - Processing file /Users/rtewelde/airflow_venv/lib/python3.11/site-packages/airflow/example_dags/example_bash_decorator.py for tasks to queue
[2024-09-26T07:29:12.909+0100] {logging_mixin.py:190} INFO - [2024-09-26T07:29:12.908+0100] {dagbag.py:588} INFO - Filling up the DagBag from /Users/rtewelde/airflow_venv/lib/python3.11/site-packages/airflow/example_dags/example_bash_decorator.py
[2024-09-26T07:29:13.096+0100] {processor.py:925} INFO - DAG(s) 'example_bash_decorator' retrieved from /Users/rtewelde/airflow_venv/lib/python3.11/site-packages/airflow/example_dags/example_bash_decorator.py
[2024-09-26T07:29:14.133+0100] {logging_mixin.py:190} INFO - [2024-09-26T07:29:14.132+0100] {dag.py:3239} INFO - Sync 1 DAGs
[2024-09-26T07:29:14.169+0100] {logging_mixin.py:190} INFO - [2024-09-26T07:29:14.168+0100] {dag.py:4180} INFO - Setting next_dagrun for example_bash_decorator to None, run_after=None
[2024-09-26T07:29:14.239+0100] {processor.py:208} INFO - Processing /Users/rtewelde/airflow_venv/lib/python3.11/site-packages/airflow/example_dags/example_bash_decorator.py took 1.347 seconds
[2024-09-26T19:04:12.269+0100] {processor.py:186} INFO - Started process (PID=58634) to work on /Users/rtewelde/airflow_venv/lib/python3.11/site-packages/airflow/example_dags/example_bash_decorator.py
[2024-09-26T19:04:12.271+0100] {processor.py:914} INFO - Processing file /Users/rtewelde/airflow_venv/lib/python3.11/site-packages/airflow/example_dags/example_bash_decorator.py for tasks to queue
[2024-09-26T19:04:12.273+0100] {logging_mixin.py:190} INFO - [2024-09-26T19:04:12.272+0100] {dagbag.py:588} INFO - Filling up the DagBag from /Users/rtewelde/airflow_venv/lib/python3.11/site-packages/airflow/example_dags/example_bash_decorator.py
[2024-09-26T19:04:12.340+0100] {processor.py:925} INFO - DAG(s) 'example_bash_decorator' retrieved from /Users/rtewelde/airflow_venv/lib/python3.11/site-packages/airflow/example_dags/example_bash_decorator.py
[2024-09-26T19:04:12.784+0100] {logging_mixin.py:190} INFO - [2024-09-26T19:04:12.783+0100] {dag.py:3239} INFO - Sync 1 DAGs
[2024-09-26T19:04:12.800+0100] {logging_mixin.py:190} INFO - [2024-09-26T19:04:12.799+0100] {dag.py:4180} INFO - Setting next_dagrun for example_bash_decorator to None, run_after=None
[2024-09-26T19:04:12.832+0100] {processor.py:208} INFO - Processing /Users/rtewelde/airflow_venv/lib/python3.11/site-packages/airflow/example_dags/example_bash_decorator.py took 0.565 seconds
