[2024-09-26T01:46:27.463+0100] {processor.py:186} INFO - Started process (PID=31991) to work on /Users/rtewelde/airflow_venv/lib/python3.11/site-packages/airflow/example_dags/example_branch_datetime_operator.py
[2024-09-26T01:46:27.467+0100] {processor.py:914} INFO - Processing file /Users/rtewelde/airflow_venv/lib/python3.11/site-packages/airflow/example_dags/example_branch_datetime_operator.py for tasks to queue
[2024-09-26T01:46:27.470+0100] {logging_mixin.py:190} INFO - [2024-09-26T01:46:27.469+0100] {dagbag.py:588} INFO - Filling up the DagBag from /Users/rtewelde/airflow_venv/lib/python3.11/site-packages/airflow/example_dags/example_branch_datetime_operator.py
[2024-09-26T01:46:27.523+0100] {processor.py:925} INFO - DAG(s) 'example_branch_datetime_operator_2', 'example_branch_datetime_operator', 'example_branch_datetime_operator_3' retrieved from /Users/rtewelde/airflow_venv/lib/python3.11/site-packages/airflow/example_dags/example_branch_datetime_operator.py
[2024-09-26T01:46:28.183+0100] {logging_mixin.py:190} INFO - [2024-09-26T01:46:28.182+0100] {dag.py:3239} INFO - Sync 3 DAGs
[2024-09-26T01:46:28.254+0100] {logging_mixin.py:190} INFO - [2024-09-26T01:46:28.253+0100] {dag.py:4180} INFO - Setting next_dagrun for example_branch_datetime_operator to 2024-09-25 00:00:00+00:00, run_after=2024-09-26 00:00:00+00:00
[2024-09-26T01:46:28.278+0100] {logging_mixin.py:190} INFO - [2024-09-26T01:46:28.277+0100] {dag.py:4180} INFO - Setting next_dagrun for example_branch_datetime_operator_2 to 2024-09-25 00:00:00+00:00, run_after=2024-09-26 00:00:00+00:00
[2024-09-26T01:46:28.286+0100] {logging_mixin.py:190} INFO - [2024-09-26T01:46:28.285+0100] {dag.py:4180} INFO - Setting next_dagrun for example_branch_datetime_operator_3 to 2024-09-25 00:00:00+00:00, run_after=2024-09-26 00:00:00+00:00
[2024-09-26T01:46:28.344+0100] {processor.py:208} INFO - Processing /Users/rtewelde/airflow_venv/lib/python3.11/site-packages/airflow/example_dags/example_branch_datetime_operator.py took 0.892 seconds
[2024-09-26T02:18:57.913+0100] {processor.py:186} INFO - Started process (PID=36515) to work on /Users/rtewelde/airflow_venv/lib/python3.11/site-packages/airflow/example_dags/example_branch_datetime_operator.py
[2024-09-26T02:18:57.918+0100] {processor.py:914} INFO - Processing file /Users/rtewelde/airflow_venv/lib/python3.11/site-packages/airflow/example_dags/example_branch_datetime_operator.py for tasks to queue
[2024-09-26T02:18:57.921+0100] {logging_mixin.py:190} INFO - [2024-09-26T02:18:57.920+0100] {dagbag.py:588} INFO - Filling up the DagBag from /Users/rtewelde/airflow_venv/lib/python3.11/site-packages/airflow/example_dags/example_branch_datetime_operator.py
[2024-09-26T02:18:57.984+0100] {processor.py:925} INFO - DAG(s) 'example_branch_datetime_operator', 'example_branch_datetime_operator_2', 'example_branch_datetime_operator_3' retrieved from /Users/rtewelde/airflow_venv/lib/python3.11/site-packages/airflow/example_dags/example_branch_datetime_operator.py
[2024-09-26T02:18:58.590+0100] {logging_mixin.py:190} INFO - [2024-09-26T02:18:58.588+0100] {dag.py:3239} INFO - Sync 3 DAGs
[2024-09-26T02:18:58.668+0100] {logging_mixin.py:190} INFO - [2024-09-26T02:18:58.667+0100] {dag.py:4180} INFO - Setting next_dagrun for example_branch_datetime_operator to 2024-09-25 00:00:00+00:00, run_after=2024-09-26 00:00:00+00:00
[2024-09-26T02:18:58.683+0100] {logging_mixin.py:190} INFO - [2024-09-26T02:18:58.682+0100] {dag.py:4180} INFO - Setting next_dagrun for example_branch_datetime_operator_2 to 2024-09-25 00:00:00+00:00, run_after=2024-09-26 00:00:00+00:00
[2024-09-26T02:18:58.692+0100] {logging_mixin.py:190} INFO - [2024-09-26T02:18:58.692+0100] {dag.py:4180} INFO - Setting next_dagrun for example_branch_datetime_operator_3 to 2024-09-25 00:00:00+00:00, run_after=2024-09-26 00:00:00+00:00
[2024-09-26T02:18:58.756+0100] {processor.py:208} INFO - Processing /Users/rtewelde/airflow_venv/lib/python3.11/site-packages/airflow/example_dags/example_branch_datetime_operator.py took 0.853 seconds
[2024-09-26T03:39:25.573+0100] {processor.py:186} INFO - Started process (PID=40550) to work on /Users/rtewelde/airflow_venv/lib/python3.11/site-packages/airflow/example_dags/example_branch_datetime_operator.py
[2024-09-26T03:39:25.576+0100] {processor.py:914} INFO - Processing file /Users/rtewelde/airflow_venv/lib/python3.11/site-packages/airflow/example_dags/example_branch_datetime_operator.py for tasks to queue
[2024-09-26T03:39:25.580+0100] {logging_mixin.py:190} INFO - [2024-09-26T03:39:25.579+0100] {dagbag.py:588} INFO - Filling up the DagBag from /Users/rtewelde/airflow_venv/lib/python3.11/site-packages/airflow/example_dags/example_branch_datetime_operator.py
[2024-09-26T03:39:25.631+0100] {processor.py:925} INFO - DAG(s) 'example_branch_datetime_operator_3', 'example_branch_datetime_operator', 'example_branch_datetime_operator_2' retrieved from /Users/rtewelde/airflow_venv/lib/python3.11/site-packages/airflow/example_dags/example_branch_datetime_operator.py
[2024-09-26T03:39:26.211+0100] {logging_mixin.py:190} INFO - [2024-09-26T03:39:26.210+0100] {dag.py:3239} INFO - Sync 3 DAGs
[2024-09-26T03:39:26.287+0100] {logging_mixin.py:190} INFO - [2024-09-26T03:39:26.286+0100] {dag.py:4180} INFO - Setting next_dagrun for example_branch_datetime_operator to 2024-09-25 00:00:00+00:00, run_after=2024-09-26 00:00:00+00:00
[2024-09-26T03:39:26.302+0100] {logging_mixin.py:190} INFO - [2024-09-26T03:39:26.302+0100] {dag.py:4180} INFO - Setting next_dagrun for example_branch_datetime_operator_2 to 2024-09-25 00:00:00+00:00, run_after=2024-09-26 00:00:00+00:00
[2024-09-26T03:39:26.311+0100] {logging_mixin.py:190} INFO - [2024-09-26T03:39:26.310+0100] {dag.py:4180} INFO - Setting next_dagrun for example_branch_datetime_operator_3 to 2024-09-25 00:00:00+00:00, run_after=2024-09-26 00:00:00+00:00
[2024-09-26T03:39:26.368+0100] {processor.py:208} INFO - Processing /Users/rtewelde/airflow_venv/lib/python3.11/site-packages/airflow/example_dags/example_branch_datetime_operator.py took 0.804 seconds
[2024-09-26T04:45:37.044+0100] {processor.py:186} INFO - Started process (PID=44640) to work on /Users/rtewelde/airflow_venv/lib/python3.11/site-packages/airflow/example_dags/example_branch_datetime_operator.py
[2024-09-26T04:45:37.047+0100] {processor.py:914} INFO - Processing file /Users/rtewelde/airflow_venv/lib/python3.11/site-packages/airflow/example_dags/example_branch_datetime_operator.py for tasks to queue
[2024-09-26T04:45:37.051+0100] {logging_mixin.py:190} INFO - [2024-09-26T04:45:37.050+0100] {dagbag.py:588} INFO - Filling up the DagBag from /Users/rtewelde/airflow_venv/lib/python3.11/site-packages/airflow/example_dags/example_branch_datetime_operator.py
[2024-09-26T04:45:37.104+0100] {processor.py:925} INFO - DAG(s) 'example_branch_datetime_operator', 'example_branch_datetime_operator_3', 'example_branch_datetime_operator_2' retrieved from /Users/rtewelde/airflow_venv/lib/python3.11/site-packages/airflow/example_dags/example_branch_datetime_operator.py
[2024-09-26T04:45:37.690+0100] {logging_mixin.py:190} INFO - [2024-09-26T04:45:37.689+0100] {dag.py:3239} INFO - Sync 3 DAGs
[2024-09-26T04:45:37.764+0100] {logging_mixin.py:190} INFO - [2024-09-26T04:45:37.763+0100] {dag.py:4180} INFO - Setting next_dagrun for example_branch_datetime_operator to 2024-09-25 00:00:00+00:00, run_after=2024-09-26 00:00:00+00:00
[2024-09-26T04:45:37.779+0100] {logging_mixin.py:190} INFO - [2024-09-26T04:45:37.779+0100] {dag.py:4180} INFO - Setting next_dagrun for example_branch_datetime_operator_2 to 2024-09-25 00:00:00+00:00, run_after=2024-09-26 00:00:00+00:00
[2024-09-26T04:45:37.789+0100] {logging_mixin.py:190} INFO - [2024-09-26T04:45:37.788+0100] {dag.py:4180} INFO - Setting next_dagrun for example_branch_datetime_operator_3 to 2024-09-25 00:00:00+00:00, run_after=2024-09-26 00:00:00+00:00
[2024-09-26T04:45:37.850+0100] {processor.py:208} INFO - Processing /Users/rtewelde/airflow_venv/lib/python3.11/site-packages/airflow/example_dags/example_branch_datetime_operator.py took 0.815 seconds
[2024-09-26T05:03:34.810+0100] {processor.py:186} INFO - Started process (PID=49248) to work on /Users/rtewelde/airflow_venv/lib/python3.11/site-packages/airflow/example_dags/example_branch_datetime_operator.py
[2024-09-26T05:03:34.813+0100] {processor.py:914} INFO - Processing file /Users/rtewelde/airflow_venv/lib/python3.11/site-packages/airflow/example_dags/example_branch_datetime_operator.py for tasks to queue
[2024-09-26T05:03:34.817+0100] {logging_mixin.py:190} INFO - [2024-09-26T05:03:34.816+0100] {dagbag.py:588} INFO - Filling up the DagBag from /Users/rtewelde/airflow_venv/lib/python3.11/site-packages/airflow/example_dags/example_branch_datetime_operator.py
[2024-09-26T05:03:34.876+0100] {processor.py:925} INFO - DAG(s) 'example_branch_datetime_operator_3', 'example_branch_datetime_operator_2', 'example_branch_datetime_operator' retrieved from /Users/rtewelde/airflow_venv/lib/python3.11/site-packages/airflow/example_dags/example_branch_datetime_operator.py
[2024-09-26T05:03:35.501+0100] {logging_mixin.py:190} INFO - [2024-09-26T05:03:35.500+0100] {dag.py:3239} INFO - Sync 3 DAGs
[2024-09-26T05:03:35.594+0100] {logging_mixin.py:190} INFO - [2024-09-26T05:03:35.593+0100] {dag.py:4180} INFO - Setting next_dagrun for example_branch_datetime_operator to 2024-09-25 00:00:00+00:00, run_after=2024-09-26 00:00:00+00:00
[2024-09-26T05:03:35.612+0100] {logging_mixin.py:190} INFO - [2024-09-26T05:03:35.611+0100] {dag.py:4180} INFO - Setting next_dagrun for example_branch_datetime_operator_2 to 2024-09-25 00:00:00+00:00, run_after=2024-09-26 00:00:00+00:00
[2024-09-26T05:03:35.621+0100] {logging_mixin.py:190} INFO - [2024-09-26T05:03:35.620+0100] {dag.py:4180} INFO - Setting next_dagrun for example_branch_datetime_operator_3 to 2024-09-25 00:00:00+00:00, run_after=2024-09-26 00:00:00+00:00
[2024-09-26T05:03:35.691+0100] {processor.py:208} INFO - Processing /Users/rtewelde/airflow_venv/lib/python3.11/site-packages/airflow/example_dags/example_branch_datetime_operator.py took 0.889 seconds
[2024-09-26T07:20:56.979+0100] {processor.py:186} INFO - Started process (PID=53735) to work on /Users/rtewelde/airflow_venv/lib/python3.11/site-packages/airflow/example_dags/example_branch_datetime_operator.py
[2024-09-26T07:20:56.987+0100] {processor.py:914} INFO - Processing file /Users/rtewelde/airflow_venv/lib/python3.11/site-packages/airflow/example_dags/example_branch_datetime_operator.py for tasks to queue
[2024-09-26T07:20:56.993+0100] {logging_mixin.py:190} INFO - [2024-09-26T07:20:56.992+0100] {dagbag.py:588} INFO - Filling up the DagBag from /Users/rtewelde/airflow_venv/lib/python3.11/site-packages/airflow/example_dags/example_branch_datetime_operator.py
[2024-09-26T07:20:57.050+0100] {processor.py:925} INFO - DAG(s) 'example_branch_datetime_operator_2', 'example_branch_datetime_operator_3', 'example_branch_datetime_operator' retrieved from /Users/rtewelde/airflow_venv/lib/python3.11/site-packages/airflow/example_dags/example_branch_datetime_operator.py
[2024-09-26T07:20:57.672+0100] {logging_mixin.py:190} INFO - [2024-09-26T07:20:57.671+0100] {dag.py:3239} INFO - Sync 3 DAGs
[2024-09-26T07:20:57.750+0100] {logging_mixin.py:190} INFO - [2024-09-26T07:20:57.749+0100] {dag.py:4180} INFO - Setting next_dagrun for example_branch_datetime_operator to 2024-09-25 00:00:00+00:00, run_after=2024-09-26 00:00:00+00:00
[2024-09-26T07:20:57.767+0100] {logging_mixin.py:190} INFO - [2024-09-26T07:20:57.767+0100] {dag.py:4180} INFO - Setting next_dagrun for example_branch_datetime_operator_2 to 2024-09-25 00:00:00+00:00, run_after=2024-09-26 00:00:00+00:00
[2024-09-26T07:20:57.777+0100] {logging_mixin.py:190} INFO - [2024-09-26T07:20:57.776+0100] {dag.py:4180} INFO - Setting next_dagrun for example_branch_datetime_operator_3 to 2024-09-25 00:00:00+00:00, run_after=2024-09-26 00:00:00+00:00
[2024-09-26T07:20:57.844+0100] {processor.py:208} INFO - Processing /Users/rtewelde/airflow_venv/lib/python3.11/site-packages/airflow/example_dags/example_branch_datetime_operator.py took 0.883 seconds
[2024-09-26T18:59:16.978+0100] {processor.py:186} INFO - Started process (PID=57276) to work on /Users/rtewelde/airflow_venv/lib/python3.11/site-packages/airflow/example_dags/example_branch_datetime_operator.py
[2024-09-26T18:59:16.979+0100] {processor.py:914} INFO - Processing file /Users/rtewelde/airflow_venv/lib/python3.11/site-packages/airflow/example_dags/example_branch_datetime_operator.py for tasks to queue
[2024-09-26T18:59:16.980+0100] {logging_mixin.py:190} INFO - [2024-09-26T18:59:16.980+0100] {dagbag.py:588} INFO - Filling up the DagBag from /Users/rtewelde/airflow_venv/lib/python3.11/site-packages/airflow/example_dags/example_branch_datetime_operator.py
[2024-09-26T18:59:16.995+0100] {processor.py:925} INFO - DAG(s) 'example_branch_datetime_operator_2', 'example_branch_datetime_operator_3', 'example_branch_datetime_operator' retrieved from /Users/rtewelde/airflow_venv/lib/python3.11/site-packages/airflow/example_dags/example_branch_datetime_operator.py
[2024-09-26T18:59:17.349+0100] {logging_mixin.py:190} INFO - [2024-09-26T18:59:17.348+0100] {dag.py:3239} INFO - Sync 3 DAGs
[2024-09-26T18:59:17.396+0100] {logging_mixin.py:190} INFO - [2024-09-26T18:59:17.396+0100] {dag.py:4180} INFO - Setting next_dagrun for example_branch_datetime_operator to 2024-09-25 00:00:00+00:00, run_after=2024-09-26 00:00:00+00:00
[2024-09-26T18:59:17.404+0100] {logging_mixin.py:190} INFO - [2024-09-26T18:59:17.403+0100] {dag.py:4180} INFO - Setting next_dagrun for example_branch_datetime_operator_2 to 2024-09-25 00:00:00+00:00, run_after=2024-09-26 00:00:00+00:00
[2024-09-26T18:59:17.410+0100] {logging_mixin.py:190} INFO - [2024-09-26T18:59:17.410+0100] {dag.py:4180} INFO - Setting next_dagrun for example_branch_datetime_operator_3 to 2024-09-25 00:00:00+00:00, run_after=2024-09-26 00:00:00+00:00
[2024-09-26T18:59:17.437+0100] {processor.py:208} INFO - Processing /Users/rtewelde/airflow_venv/lib/python3.11/site-packages/airflow/example_dags/example_branch_datetime_operator.py took 0.464 seconds
