[2024-09-26T01:04:23.699+0100] {processor.py:186} INFO - Started process (PID=28866) to work on /Users/rtewelde/airflow_venv/lib/python3.11/site-packages/airflow/example_dags/example_params_trigger_ui.py
[2024-09-26T01:04:23.703+0100] {processor.py:914} INFO - Processing file /Users/rtewelde/airflow_venv/lib/python3.11/site-packages/airflow/example_dags/example_params_trigger_ui.py for tasks to queue
[2024-09-26T01:04:23.707+0100] {logging_mixin.py:190} INFO - [2024-09-26T01:04:23.706+0100] {dagbag.py:588} INFO - Filling up the DagBag from /Users/rtewelde/airflow_venv/lib/python3.11/site-packages/airflow/example_dags/example_params_trigger_ui.py
[2024-09-26T01:04:23.944+0100] {processor.py:925} INFO - DAG(s) 'example_params_trigger_ui' retrieved from /Users/rtewelde/airflow_venv/lib/python3.11/site-packages/airflow/example_dags/example_params_trigger_ui.py
[2024-09-26T01:04:24.911+0100] {logging_mixin.py:190} INFO - [2024-09-26T01:04:24.909+0100] {dag.py:3239} INFO - Sync 1 DAGs
[2024-09-26T01:04:24.983+0100] {logging_mixin.py:190} INFO - [2024-09-26T01:04:24.981+0100] {dag.py:4180} INFO - Setting next_dagrun for example_params_trigger_ui to None, run_after=None
[2024-09-26T01:04:25.095+0100] {processor.py:208} INFO - Processing /Users/rtewelde/airflow_venv/lib/python3.11/site-packages/airflow/example_dags/example_params_trigger_ui.py took 1.406 seconds
[2024-09-26T01:13:19.020+0100] {processor.py:186} INFO - Started process (PID=31158) to work on /Users/rtewelde/airflow_venv/lib/python3.11/site-packages/airflow/example_dags/example_params_trigger_ui.py
[2024-09-26T01:13:19.025+0100] {processor.py:914} INFO - Processing file /Users/rtewelde/airflow_venv/lib/python3.11/site-packages/airflow/example_dags/example_params_trigger_ui.py for tasks to queue
[2024-09-26T01:13:19.029+0100] {logging_mixin.py:190} INFO - [2024-09-26T01:13:19.028+0100] {dagbag.py:588} INFO - Filling up the DagBag from /Users/rtewelde/airflow_venv/lib/python3.11/site-packages/airflow/example_dags/example_params_trigger_ui.py
[2024-09-26T01:13:19.206+0100] {processor.py:925} INFO - DAG(s) 'example_params_trigger_ui' retrieved from /Users/rtewelde/airflow_venv/lib/python3.11/site-packages/airflow/example_dags/example_params_trigger_ui.py
[2024-09-26T01:13:20.079+0100] {logging_mixin.py:190} INFO - [2024-09-26T01:13:20.077+0100] {dag.py:3239} INFO - Sync 1 DAGs
[2024-09-26T01:13:20.176+0100] {logging_mixin.py:190} INFO - [2024-09-26T01:13:20.175+0100] {dag.py:4180} INFO - Setting next_dagrun for example_params_trigger_ui to None, run_after=None
[2024-09-26T01:13:20.281+0100] {processor.py:208} INFO - Processing /Users/rtewelde/airflow_venv/lib/python3.11/site-packages/airflow/example_dags/example_params_trigger_ui.py took 1.270 seconds
[2024-09-26T02:06:52.078+0100] {processor.py:186} INFO - Started process (PID=33387) to work on /Users/rtewelde/airflow_venv/lib/python3.11/site-packages/airflow/example_dags/example_params_trigger_ui.py
[2024-09-26T02:06:52.083+0100] {processor.py:914} INFO - Processing file /Users/rtewelde/airflow_venv/lib/python3.11/site-packages/airflow/example_dags/example_params_trigger_ui.py for tasks to queue
[2024-09-26T02:06:52.088+0100] {logging_mixin.py:190} INFO - [2024-09-26T02:06:52.087+0100] {dagbag.py:588} INFO - Filling up the DagBag from /Users/rtewelde/airflow_venv/lib/python3.11/site-packages/airflow/example_dags/example_params_trigger_ui.py
[2024-09-26T02:06:52.276+0100] {processor.py:925} INFO - DAG(s) 'example_params_trigger_ui' retrieved from /Users/rtewelde/airflow_venv/lib/python3.11/site-packages/airflow/example_dags/example_params_trigger_ui.py
[2024-09-26T02:06:52.998+0100] {logging_mixin.py:190} INFO - [2024-09-26T02:06:52.997+0100] {dag.py:3239} INFO - Sync 1 DAGs
[2024-09-26T02:06:53.043+0100] {logging_mixin.py:190} INFO - [2024-09-26T02:06:53.042+0100] {dag.py:4180} INFO - Setting next_dagrun for example_params_trigger_ui to None, run_after=None
[2024-09-26T02:06:53.111+0100] {processor.py:208} INFO - Processing /Users/rtewelde/airflow_venv/lib/python3.11/site-packages/airflow/example_dags/example_params_trigger_ui.py took 1.041 seconds
[2024-09-26T02:15:49.363+0100] {processor.py:186} INFO - Started process (PID=35666) to work on /Users/rtewelde/airflow_venv/lib/python3.11/site-packages/airflow/example_dags/example_params_trigger_ui.py
[2024-09-26T02:15:49.368+0100] {processor.py:914} INFO - Processing file /Users/rtewelde/airflow_venv/lib/python3.11/site-packages/airflow/example_dags/example_params_trigger_ui.py for tasks to queue
[2024-09-26T02:15:49.371+0100] {logging_mixin.py:190} INFO - [2024-09-26T02:15:49.371+0100] {dagbag.py:588} INFO - Filling up the DagBag from /Users/rtewelde/airflow_venv/lib/python3.11/site-packages/airflow/example_dags/example_params_trigger_ui.py
[2024-09-26T02:15:49.542+0100] {processor.py:925} INFO - DAG(s) 'example_params_trigger_ui' retrieved from /Users/rtewelde/airflow_venv/lib/python3.11/site-packages/airflow/example_dags/example_params_trigger_ui.py
[2024-09-26T02:15:50.465+0100] {logging_mixin.py:190} INFO - [2024-09-26T02:15:50.464+0100] {dag.py:3239} INFO - Sync 1 DAGs
[2024-09-26T02:15:50.514+0100] {logging_mixin.py:190} INFO - [2024-09-26T02:15:50.513+0100] {dag.py:4180} INFO - Setting next_dagrun for example_params_trigger_ui to None, run_after=None
[2024-09-26T02:15:50.580+0100] {processor.py:208} INFO - Processing /Users/rtewelde/airflow_venv/lib/python3.11/site-packages/airflow/example_dags/example_params_trigger_ui.py took 1.228 seconds
[2024-09-26T02:24:09.607+0100] {processor.py:186} INFO - Started process (PID=37839) to work on /Users/rtewelde/airflow_venv/lib/python3.11/site-packages/airflow/example_dags/example_params_trigger_ui.py
[2024-09-26T02:24:09.611+0100] {processor.py:914} INFO - Processing file /Users/rtewelde/airflow_venv/lib/python3.11/site-packages/airflow/example_dags/example_params_trigger_ui.py for tasks to queue
[2024-09-26T02:24:09.614+0100] {logging_mixin.py:190} INFO - [2024-09-26T02:24:09.613+0100] {dagbag.py:588} INFO - Filling up the DagBag from /Users/rtewelde/airflow_venv/lib/python3.11/site-packages/airflow/example_dags/example_params_trigger_ui.py
[2024-09-26T02:24:09.759+0100] {processor.py:925} INFO - DAG(s) 'example_params_trigger_ui' retrieved from /Users/rtewelde/airflow_venv/lib/python3.11/site-packages/airflow/example_dags/example_params_trigger_ui.py
[2024-09-26T02:24:10.462+0100] {logging_mixin.py:190} INFO - [2024-09-26T02:24:10.460+0100] {dag.py:3239} INFO - Sync 1 DAGs
[2024-09-26T02:24:10.509+0100] {logging_mixin.py:190} INFO - [2024-09-26T02:24:10.508+0100] {dag.py:4180} INFO - Setting next_dagrun for example_params_trigger_ui to None, run_after=None
[2024-09-26T02:24:10.570+0100] {processor.py:208} INFO - Processing /Users/rtewelde/airflow_venv/lib/python3.11/site-packages/airflow/example_dags/example_params_trigger_ui.py took 0.973 seconds
[2024-09-26T03:36:25.348+0100] {processor.py:186} INFO - Started process (PID=39790) to work on /Users/rtewelde/airflow_venv/lib/python3.11/site-packages/airflow/example_dags/example_params_trigger_ui.py
[2024-09-26T03:36:25.351+0100] {processor.py:914} INFO - Processing file /Users/rtewelde/airflow_venv/lib/python3.11/site-packages/airflow/example_dags/example_params_trigger_ui.py for tasks to queue
[2024-09-26T03:36:25.355+0100] {logging_mixin.py:190} INFO - [2024-09-26T03:36:25.354+0100] {dagbag.py:588} INFO - Filling up the DagBag from /Users/rtewelde/airflow_venv/lib/python3.11/site-packages/airflow/example_dags/example_params_trigger_ui.py
[2024-09-26T03:36:25.503+0100] {processor.py:925} INFO - DAG(s) 'example_params_trigger_ui' retrieved from /Users/rtewelde/airflow_venv/lib/python3.11/site-packages/airflow/example_dags/example_params_trigger_ui.py
[2024-09-26T03:36:26.159+0100] {logging_mixin.py:190} INFO - [2024-09-26T03:36:26.158+0100] {dag.py:3239} INFO - Sync 1 DAGs
[2024-09-26T03:36:26.206+0100] {logging_mixin.py:190} INFO - [2024-09-26T03:36:26.205+0100] {dag.py:4180} INFO - Setting next_dagrun for example_params_trigger_ui to None, run_after=None
[2024-09-26T03:36:26.268+0100] {processor.py:208} INFO - Processing /Users/rtewelde/airflow_venv/lib/python3.11/site-packages/airflow/example_dags/example_params_trigger_ui.py took 0.928 seconds
[2024-09-26T03:44:36.048+0100] {processor.py:186} INFO - Started process (PID=41872) to work on /Users/rtewelde/airflow_venv/lib/python3.11/site-packages/airflow/example_dags/example_params_trigger_ui.py
[2024-09-26T03:44:36.054+0100] {processor.py:914} INFO - Processing file /Users/rtewelde/airflow_venv/lib/python3.11/site-packages/airflow/example_dags/example_params_trigger_ui.py for tasks to queue
[2024-09-26T03:44:36.059+0100] {logging_mixin.py:190} INFO - [2024-09-26T03:44:36.058+0100] {dagbag.py:588} INFO - Filling up the DagBag from /Users/rtewelde/airflow_venv/lib/python3.11/site-packages/airflow/example_dags/example_params_trigger_ui.py
[2024-09-26T03:44:36.210+0100] {processor.py:925} INFO - DAG(s) 'example_params_trigger_ui' retrieved from /Users/rtewelde/airflow_venv/lib/python3.11/site-packages/airflow/example_dags/example_params_trigger_ui.py
[2024-09-26T03:44:36.895+0100] {logging_mixin.py:190} INFO - [2024-09-26T03:44:36.894+0100] {dag.py:3239} INFO - Sync 1 DAGs
[2024-09-26T03:44:36.942+0100] {logging_mixin.py:190} INFO - [2024-09-26T03:44:36.941+0100] {dag.py:4180} INFO - Setting next_dagrun for example_params_trigger_ui to None, run_after=None
[2024-09-26T03:44:37.007+0100] {processor.py:208} INFO - Processing /Users/rtewelde/airflow_venv/lib/python3.11/site-packages/airflow/example_dags/example_params_trigger_ui.py took 0.967 seconds
[2024-09-26T04:42:19.329+0100] {processor.py:186} INFO - Started process (PID=43793) to work on /Users/rtewelde/airflow_venv/lib/python3.11/site-packages/airflow/example_dags/example_params_trigger_ui.py
[2024-09-26T04:42:19.333+0100] {processor.py:914} INFO - Processing file /Users/rtewelde/airflow_venv/lib/python3.11/site-packages/airflow/example_dags/example_params_trigger_ui.py for tasks to queue
[2024-09-26T04:42:19.336+0100] {logging_mixin.py:190} INFO - [2024-09-26T04:42:19.336+0100] {dagbag.py:588} INFO - Filling up the DagBag from /Users/rtewelde/airflow_venv/lib/python3.11/site-packages/airflow/example_dags/example_params_trigger_ui.py
[2024-09-26T04:42:19.482+0100] {processor.py:925} INFO - DAG(s) 'example_params_trigger_ui' retrieved from /Users/rtewelde/airflow_venv/lib/python3.11/site-packages/airflow/example_dags/example_params_trigger_ui.py
[2024-09-26T04:42:20.130+0100] {logging_mixin.py:190} INFO - [2024-09-26T04:42:20.128+0100] {dag.py:3239} INFO - Sync 1 DAGs
[2024-09-26T04:42:20.172+0100] {logging_mixin.py:190} INFO - [2024-09-26T04:42:20.171+0100] {dag.py:4180} INFO - Setting next_dagrun for example_params_trigger_ui to None, run_after=None
[2024-09-26T04:42:20.237+0100] {processor.py:208} INFO - Processing /Users/rtewelde/airflow_venv/lib/python3.11/site-packages/airflow/example_dags/example_params_trigger_ui.py took 0.917 seconds
[2024-09-26T04:51:15.723+0100] {processor.py:186} INFO - Started process (PID=46073) to work on /Users/rtewelde/airflow_venv/lib/python3.11/site-packages/airflow/example_dags/example_params_trigger_ui.py
[2024-09-26T04:51:15.729+0100] {processor.py:914} INFO - Processing file /Users/rtewelde/airflow_venv/lib/python3.11/site-packages/airflow/example_dags/example_params_trigger_ui.py for tasks to queue
[2024-09-26T04:51:15.733+0100] {logging_mixin.py:190} INFO - [2024-09-26T04:51:15.732+0100] {dagbag.py:588} INFO - Filling up the DagBag from /Users/rtewelde/airflow_venv/lib/python3.11/site-packages/airflow/example_dags/example_params_trigger_ui.py
[2024-09-26T04:51:15.966+0100] {processor.py:925} INFO - DAG(s) 'example_params_trigger_ui' retrieved from /Users/rtewelde/airflow_venv/lib/python3.11/site-packages/airflow/example_dags/example_params_trigger_ui.py
[2024-09-26T04:51:16.841+0100] {logging_mixin.py:190} INFO - [2024-09-26T04:51:16.839+0100] {dag.py:3239} INFO - Sync 1 DAGs
[2024-09-26T04:51:16.904+0100] {logging_mixin.py:190} INFO - [2024-09-26T04:51:16.903+0100] {dag.py:4180} INFO - Setting next_dagrun for example_params_trigger_ui to None, run_after=None
[2024-09-26T04:51:16.983+0100] {processor.py:208} INFO - Processing /Users/rtewelde/airflow_venv/lib/python3.11/site-packages/airflow/example_dags/example_params_trigger_ui.py took 1.273 seconds
[2024-09-26T05:00:10.425+0100] {processor.py:186} INFO - Started process (PID=48383) to work on /Users/rtewelde/airflow_venv/lib/python3.11/site-packages/airflow/example_dags/example_params_trigger_ui.py
[2024-09-26T05:00:10.430+0100] {processor.py:914} INFO - Processing file /Users/rtewelde/airflow_venv/lib/python3.11/site-packages/airflow/example_dags/example_params_trigger_ui.py for tasks to queue
[2024-09-26T05:00:10.434+0100] {logging_mixin.py:190} INFO - [2024-09-26T05:00:10.433+0100] {dagbag.py:588} INFO - Filling up the DagBag from /Users/rtewelde/airflow_venv/lib/python3.11/site-packages/airflow/example_dags/example_params_trigger_ui.py
[2024-09-26T05:00:10.590+0100] {processor.py:925} INFO - DAG(s) 'example_params_trigger_ui' retrieved from /Users/rtewelde/airflow_venv/lib/python3.11/site-packages/airflow/example_dags/example_params_trigger_ui.py
[2024-09-26T05:00:11.291+0100] {logging_mixin.py:190} INFO - [2024-09-26T05:00:11.289+0100] {dag.py:3239} INFO - Sync 1 DAGs
[2024-09-26T05:00:11.336+0100] {logging_mixin.py:190} INFO - [2024-09-26T05:00:11.335+0100] {dag.py:4180} INFO - Setting next_dagrun for example_params_trigger_ui to None, run_after=None
[2024-09-26T05:00:11.409+0100] {processor.py:208} INFO - Processing /Users/rtewelde/airflow_venv/lib/python3.11/site-packages/airflow/example_dags/example_params_trigger_ui.py took 0.995 seconds
[2024-09-26T05:09:22.903+0100] {processor.py:186} INFO - Started process (PID=50715) to work on /Users/rtewelde/airflow_venv/lib/python3.11/site-packages/airflow/example_dags/example_params_trigger_ui.py
[2024-09-26T05:09:22.908+0100] {processor.py:914} INFO - Processing file /Users/rtewelde/airflow_venv/lib/python3.11/site-packages/airflow/example_dags/example_params_trigger_ui.py for tasks to queue
[2024-09-26T05:09:22.912+0100] {logging_mixin.py:190} INFO - [2024-09-26T05:09:22.911+0100] {dagbag.py:588} INFO - Filling up the DagBag from /Users/rtewelde/airflow_venv/lib/python3.11/site-packages/airflow/example_dags/example_params_trigger_ui.py
[2024-09-26T05:09:23.091+0100] {processor.py:925} INFO - DAG(s) 'example_params_trigger_ui' retrieved from /Users/rtewelde/airflow_venv/lib/python3.11/site-packages/airflow/example_dags/example_params_trigger_ui.py
[2024-09-26T05:09:23.766+0100] {logging_mixin.py:190} INFO - [2024-09-26T05:09:23.765+0100] {dag.py:3239} INFO - Sync 1 DAGs
[2024-09-26T05:09:23.810+0100] {logging_mixin.py:190} INFO - [2024-09-26T05:09:23.809+0100] {dag.py:4180} INFO - Setting next_dagrun for example_params_trigger_ui to None, run_after=None
[2024-09-26T05:09:23.880+0100] {processor.py:208} INFO - Processing /Users/rtewelde/airflow_venv/lib/python3.11/site-packages/airflow/example_dags/example_params_trigger_ui.py took 0.994 seconds
[2024-09-26T07:17:57.980+0100] {processor.py:186} INFO - Started process (PID=52976) to work on /Users/rtewelde/airflow_venv/lib/python3.11/site-packages/airflow/example_dags/example_params_trigger_ui.py
[2024-09-26T07:17:57.985+0100] {processor.py:914} INFO - Processing file /Users/rtewelde/airflow_venv/lib/python3.11/site-packages/airflow/example_dags/example_params_trigger_ui.py for tasks to queue
[2024-09-26T07:17:57.990+0100] {logging_mixin.py:190} INFO - [2024-09-26T07:17:57.990+0100] {dagbag.py:588} INFO - Filling up the DagBag from /Users/rtewelde/airflow_venv/lib/python3.11/site-packages/airflow/example_dags/example_params_trigger_ui.py
[2024-09-26T07:17:58.198+0100] {processor.py:925} INFO - DAG(s) 'example_params_trigger_ui' retrieved from /Users/rtewelde/airflow_venv/lib/python3.11/site-packages/airflow/example_dags/example_params_trigger_ui.py
[2024-09-26T07:17:58.902+0100] {logging_mixin.py:190} INFO - [2024-09-26T07:17:58.900+0100] {dag.py:3239} INFO - Sync 1 DAGs
[2024-09-26T07:17:58.952+0100] {logging_mixin.py:190} INFO - [2024-09-26T07:17:58.951+0100] {dag.py:4180} INFO - Setting next_dagrun for example_params_trigger_ui to None, run_after=None
[2024-09-26T07:17:59.015+0100] {processor.py:208} INFO - Processing /Users/rtewelde/airflow_venv/lib/python3.11/site-packages/airflow/example_dags/example_params_trigger_ui.py took 1.047 seconds
[2024-09-26T07:26:11.225+0100] {processor.py:186} INFO - Started process (PID=55089) to work on /Users/rtewelde/airflow_venv/lib/python3.11/site-packages/airflow/example_dags/example_params_trigger_ui.py
[2024-09-26T07:26:11.228+0100] {processor.py:914} INFO - Processing file /Users/rtewelde/airflow_venv/lib/python3.11/site-packages/airflow/example_dags/example_params_trigger_ui.py for tasks to queue
[2024-09-26T07:26:11.231+0100] {logging_mixin.py:190} INFO - [2024-09-26T07:26:11.231+0100] {dagbag.py:588} INFO - Filling up the DagBag from /Users/rtewelde/airflow_venv/lib/python3.11/site-packages/airflow/example_dags/example_params_trigger_ui.py
[2024-09-26T07:26:11.375+0100] {processor.py:925} INFO - DAG(s) 'example_params_trigger_ui' retrieved from /Users/rtewelde/airflow_venv/lib/python3.11/site-packages/airflow/example_dags/example_params_trigger_ui.py
[2024-09-26T07:26:12.041+0100] {logging_mixin.py:190} INFO - [2024-09-26T07:26:12.040+0100] {dag.py:3239} INFO - Sync 1 DAGs
[2024-09-26T07:26:12.091+0100] {logging_mixin.py:190} INFO - [2024-09-26T07:26:12.090+0100] {dag.py:4180} INFO - Setting next_dagrun for example_params_trigger_ui to None, run_after=None
[2024-09-26T07:26:12.157+0100] {processor.py:208} INFO - Processing /Users/rtewelde/airflow_venv/lib/python3.11/site-packages/airflow/example_dags/example_params_trigger_ui.py took 0.943 seconds
[2024-09-26T18:33:04.705+0100] {processor.py:186} INFO - Started process (PID=56729) to work on /Users/rtewelde/airflow_venv/lib/python3.11/site-packages/airflow/example_dags/example_params_trigger_ui.py
[2024-09-26T18:33:04.706+0100] {processor.py:914} INFO - Processing file /Users/rtewelde/airflow_venv/lib/python3.11/site-packages/airflow/example_dags/example_params_trigger_ui.py for tasks to queue
[2024-09-26T18:33:04.707+0100] {logging_mixin.py:190} INFO - [2024-09-26T18:33:04.706+0100] {dagbag.py:588} INFO - Filling up the DagBag from /Users/rtewelde/airflow_venv/lib/python3.11/site-packages/airflow/example_dags/example_params_trigger_ui.py
[2024-09-26T18:33:04.743+0100] {processor.py:925} INFO - DAG(s) 'example_params_trigger_ui' retrieved from /Users/rtewelde/airflow_venv/lib/python3.11/site-packages/airflow/example_dags/example_params_trigger_ui.py
[2024-09-26T18:33:04.930+0100] {logging_mixin.py:190} INFO - [2024-09-26T18:33:04.930+0100] {dag.py:3239} INFO - Sync 1 DAGs
[2024-09-26T18:33:04.942+0100] {logging_mixin.py:190} INFO - [2024-09-26T18:33:04.942+0100] {dag.py:4180} INFO - Setting next_dagrun for example_params_trigger_ui to None, run_after=None
[2024-09-26T18:33:04.965+0100] {processor.py:208} INFO - Processing /Users/rtewelde/airflow_venv/lib/python3.11/site-packages/airflow/example_dags/example_params_trigger_ui.py took 0.262 seconds
[2024-09-26T19:02:31.723+0100] {processor.py:186} INFO - Started process (PID=58155) to work on /Users/rtewelde/airflow_venv/lib/python3.11/site-packages/airflow/example_dags/example_params_trigger_ui.py
[2024-09-26T19:02:31.725+0100] {processor.py:914} INFO - Processing file /Users/rtewelde/airflow_venv/lib/python3.11/site-packages/airflow/example_dags/example_params_trigger_ui.py for tasks to queue
[2024-09-26T19:02:31.728+0100] {logging_mixin.py:190} INFO - [2024-09-26T19:02:31.728+0100] {dagbag.py:588} INFO - Filling up the DagBag from /Users/rtewelde/airflow_venv/lib/python3.11/site-packages/airflow/example_dags/example_params_trigger_ui.py
[2024-09-26T19:02:31.834+0100] {processor.py:925} INFO - DAG(s) 'example_params_trigger_ui' retrieved from /Users/rtewelde/airflow_venv/lib/python3.11/site-packages/airflow/example_dags/example_params_trigger_ui.py
[2024-09-26T19:02:32.526+0100] {logging_mixin.py:190} INFO - [2024-09-26T19:02:32.525+0100] {dag.py:3239} INFO - Sync 1 DAGs
[2024-09-26T19:02:32.539+0100] {logging_mixin.py:190} INFO - [2024-09-26T19:02:32.539+0100] {dag.py:4180} INFO - Setting next_dagrun for example_params_trigger_ui to None, run_after=None
[2024-09-26T19:02:32.571+0100] {processor.py:208} INFO - Processing /Users/rtewelde/airflow_venv/lib/python3.11/site-packages/airflow/example_dags/example_params_trigger_ui.py took 0.852 seconds
