[2024-09-26T01:00:28.587+0100] {processor.py:186} INFO - Started process (PID=27854) to work on /Users/rtewelde/airflow_venv/lib/python3.11/site-packages/airflow/example_dags/tutorial_objectstorage.py
[2024-09-26T01:00:28.591+0100] {processor.py:914} INFO - Processing file /Users/rtewelde/airflow_venv/lib/python3.11/site-packages/airflow/example_dags/tutorial_objectstorage.py for tasks to queue
[2024-09-26T01:00:28.595+0100] {logging_mixin.py:190} INFO - [2024-09-26T01:00:28.594+0100] {dagbag.py:588} INFO - Filling up the DagBag from /Users/rtewelde/airflow_venv/lib/python3.11/site-packages/airflow/example_dags/tutorial_objectstorage.py
[2024-09-26T01:00:28.764+0100] {processor.py:925} INFO - DAG(s) 'tutorial_objectstorage' retrieved from /Users/rtewelde/airflow_venv/lib/python3.11/site-packages/airflow/example_dags/tutorial_objectstorage.py
[2024-09-26T01:00:29.402+0100] {logging_mixin.py:190} INFO - [2024-09-26T01:00:29.401+0100] {dag.py:3239} INFO - Sync 1 DAGs
[2024-09-26T01:00:29.448+0100] {logging_mixin.py:190} INFO - [2024-09-26T01:00:29.446+0100] {dag.py:4180} INFO - Setting next_dagrun for tutorial_objectstorage to None, run_after=None
[2024-09-26T01:00:29.533+0100] {processor.py:208} INFO - Processing /Users/rtewelde/airflow_venv/lib/python3.11/site-packages/airflow/example_dags/tutorial_objectstorage.py took 0.956 seconds
[2024-09-26T01:09:25.995+0100] {processor.py:186} INFO - Started process (PID=30164) to work on /Users/rtewelde/airflow_venv/lib/python3.11/site-packages/airflow/example_dags/tutorial_objectstorage.py
[2024-09-26T01:09:26.000+0100] {processor.py:914} INFO - Processing file /Users/rtewelde/airflow_venv/lib/python3.11/site-packages/airflow/example_dags/tutorial_objectstorage.py for tasks to queue
[2024-09-26T01:09:26.003+0100] {logging_mixin.py:190} INFO - [2024-09-26T01:09:26.003+0100] {dagbag.py:588} INFO - Filling up the DagBag from /Users/rtewelde/airflow_venv/lib/python3.11/site-packages/airflow/example_dags/tutorial_objectstorage.py
[2024-09-26T01:09:26.132+0100] {processor.py:925} INFO - DAG(s) 'tutorial_objectstorage' retrieved from /Users/rtewelde/airflow_venv/lib/python3.11/site-packages/airflow/example_dags/tutorial_objectstorage.py
[2024-09-26T01:09:26.712+0100] {logging_mixin.py:190} INFO - [2024-09-26T01:09:26.710+0100] {dag.py:3239} INFO - Sync 1 DAGs
[2024-09-26T01:09:26.760+0100] {logging_mixin.py:190} INFO - [2024-09-26T01:09:26.759+0100] {dag.py:4180} INFO - Setting next_dagrun for tutorial_objectstorage to None, run_after=None
[2024-09-26T01:09:26.830+0100] {processor.py:208} INFO - Processing /Users/rtewelde/airflow_venv/lib/python3.11/site-packages/airflow/example_dags/tutorial_objectstorage.py took 0.845 seconds
[2024-09-26T01:48:13.286+0100] {processor.py:186} INFO - Started process (PID=32447) to work on /Users/rtewelde/airflow_venv/lib/python3.11/site-packages/airflow/example_dags/tutorial_objectstorage.py
[2024-09-26T01:48:13.291+0100] {processor.py:914} INFO - Processing file /Users/rtewelde/airflow_venv/lib/python3.11/site-packages/airflow/example_dags/tutorial_objectstorage.py for tasks to queue
[2024-09-26T01:48:13.298+0100] {logging_mixin.py:190} INFO - [2024-09-26T01:48:13.297+0100] {dagbag.py:588} INFO - Filling up the DagBag from /Users/rtewelde/airflow_venv/lib/python3.11/site-packages/airflow/example_dags/tutorial_objectstorage.py
[2024-09-26T01:48:13.481+0100] {processor.py:925} INFO - DAG(s) 'tutorial_objectstorage' retrieved from /Users/rtewelde/airflow_venv/lib/python3.11/site-packages/airflow/example_dags/tutorial_objectstorage.py
[2024-09-26T01:48:14.083+0100] {logging_mixin.py:190} INFO - [2024-09-26T01:48:14.082+0100] {dag.py:3239} INFO - Sync 1 DAGs
[2024-09-26T01:48:14.127+0100] {logging_mixin.py:190} INFO - [2024-09-26T01:48:14.126+0100] {dag.py:4180} INFO - Setting next_dagrun for tutorial_objectstorage to None, run_after=None
[2024-09-26T01:48:14.198+0100] {processor.py:208} INFO - Processing /Users/rtewelde/airflow_venv/lib/python3.11/site-packages/airflow/example_dags/tutorial_objectstorage.py took 0.922 seconds
[2024-09-26T02:11:56.117+0100] {processor.py:186} INFO - Started process (PID=34664) to work on /Users/rtewelde/airflow_venv/lib/python3.11/site-packages/airflow/example_dags/tutorial_objectstorage.py
[2024-09-26T02:11:56.123+0100] {processor.py:914} INFO - Processing file /Users/rtewelde/airflow_venv/lib/python3.11/site-packages/airflow/example_dags/tutorial_objectstorage.py for tasks to queue
[2024-09-26T02:11:56.130+0100] {logging_mixin.py:190} INFO - [2024-09-26T02:11:56.128+0100] {dagbag.py:588} INFO - Filling up the DagBag from /Users/rtewelde/airflow_venv/lib/python3.11/site-packages/airflow/example_dags/tutorial_objectstorage.py
[2024-09-26T02:11:56.296+0100] {processor.py:925} INFO - DAG(s) 'tutorial_objectstorage' retrieved from /Users/rtewelde/airflow_venv/lib/python3.11/site-packages/airflow/example_dags/tutorial_objectstorage.py
[2024-09-26T02:11:56.876+0100] {logging_mixin.py:190} INFO - [2024-09-26T02:11:56.875+0100] {dag.py:3239} INFO - Sync 1 DAGs
[2024-09-26T02:11:56.921+0100] {logging_mixin.py:190} INFO - [2024-09-26T02:11:56.920+0100] {dag.py:4180} INFO - Setting next_dagrun for tutorial_objectstorage to None, run_after=None
[2024-09-26T02:11:57.008+0100] {processor.py:208} INFO - Processing /Users/rtewelde/airflow_venv/lib/python3.11/site-packages/airflow/example_dags/tutorial_objectstorage.py took 0.908 seconds
[2024-09-26T02:20:33.504+0100] {processor.py:186} INFO - Started process (PID=36925) to work on /Users/rtewelde/airflow_venv/lib/python3.11/site-packages/airflow/example_dags/tutorial_objectstorage.py
[2024-09-26T02:20:33.508+0100] {processor.py:914} INFO - Processing file /Users/rtewelde/airflow_venv/lib/python3.11/site-packages/airflow/example_dags/tutorial_objectstorage.py for tasks to queue
[2024-09-26T02:20:33.511+0100] {logging_mixin.py:190} INFO - [2024-09-26T02:20:33.510+0100] {dagbag.py:588} INFO - Filling up the DagBag from /Users/rtewelde/airflow_venv/lib/python3.11/site-packages/airflow/example_dags/tutorial_objectstorage.py
[2024-09-26T02:20:33.689+0100] {processor.py:925} INFO - DAG(s) 'tutorial_objectstorage' retrieved from /Users/rtewelde/airflow_venv/lib/python3.11/site-packages/airflow/example_dags/tutorial_objectstorage.py
[2024-09-26T02:20:34.362+0100] {logging_mixin.py:190} INFO - [2024-09-26T02:20:34.360+0100] {dag.py:3239} INFO - Sync 1 DAGs
[2024-09-26T02:20:34.433+0100] {logging_mixin.py:190} INFO - [2024-09-26T02:20:34.432+0100] {dag.py:4180} INFO - Setting next_dagrun for tutorial_objectstorage to None, run_after=None
[2024-09-26T02:20:34.514+0100] {processor.py:208} INFO - Processing /Users/rtewelde/airflow_venv/lib/python3.11/site-packages/airflow/example_dags/tutorial_objectstorage.py took 1.023 seconds
[2024-09-26T03:32:50.083+0100] {processor.py:186} INFO - Started process (PID=38798) to work on /Users/rtewelde/airflow_venv/lib/python3.11/site-packages/airflow/example_dags/tutorial_objectstorage.py
[2024-09-26T03:32:50.087+0100] {processor.py:914} INFO - Processing file /Users/rtewelde/airflow_venv/lib/python3.11/site-packages/airflow/example_dags/tutorial_objectstorage.py for tasks to queue
[2024-09-26T03:32:50.091+0100] {logging_mixin.py:190} INFO - [2024-09-26T03:32:50.090+0100] {dagbag.py:588} INFO - Filling up the DagBag from /Users/rtewelde/airflow_venv/lib/python3.11/site-packages/airflow/example_dags/tutorial_objectstorage.py
[2024-09-26T03:32:50.219+0100] {processor.py:925} INFO - DAG(s) 'tutorial_objectstorage' retrieved from /Users/rtewelde/airflow_venv/lib/python3.11/site-packages/airflow/example_dags/tutorial_objectstorage.py
[2024-09-26T03:32:50.755+0100] {logging_mixin.py:190} INFO - [2024-09-26T03:32:50.754+0100] {dag.py:3239} INFO - Sync 1 DAGs
[2024-09-26T03:32:50.802+0100] {logging_mixin.py:190} INFO - [2024-09-26T03:32:50.801+0100] {dag.py:4180} INFO - Setting next_dagrun for tutorial_objectstorage to None, run_after=None
[2024-09-26T03:32:50.868+0100] {processor.py:208} INFO - Processing /Users/rtewelde/airflow_venv/lib/python3.11/site-packages/airflow/example_dags/tutorial_objectstorage.py took 0.793 seconds
[2024-09-26T03:41:01.965+0100] {processor.py:186} INFO - Started process (PID=40958) to work on /Users/rtewelde/airflow_venv/lib/python3.11/site-packages/airflow/example_dags/tutorial_objectstorage.py
[2024-09-26T03:41:01.968+0100] {processor.py:914} INFO - Processing file /Users/rtewelde/airflow_venv/lib/python3.11/site-packages/airflow/example_dags/tutorial_objectstorage.py for tasks to queue
[2024-09-26T03:41:01.973+0100] {logging_mixin.py:190} INFO - [2024-09-26T03:41:01.972+0100] {dagbag.py:588} INFO - Filling up the DagBag from /Users/rtewelde/airflow_venv/lib/python3.11/site-packages/airflow/example_dags/tutorial_objectstorage.py
[2024-09-26T03:41:02.105+0100] {processor.py:925} INFO - DAG(s) 'tutorial_objectstorage' retrieved from /Users/rtewelde/airflow_venv/lib/python3.11/site-packages/airflow/example_dags/tutorial_objectstorage.py
[2024-09-26T03:41:02.658+0100] {logging_mixin.py:190} INFO - [2024-09-26T03:41:02.657+0100] {dag.py:3239} INFO - Sync 1 DAGs
[2024-09-26T03:41:02.706+0100] {logging_mixin.py:190} INFO - [2024-09-26T03:41:02.705+0100] {dag.py:4180} INFO - Setting next_dagrun for tutorial_objectstorage to None, run_after=None
[2024-09-26T03:41:02.768+0100] {processor.py:208} INFO - Processing /Users/rtewelde/airflow_venv/lib/python3.11/site-packages/airflow/example_dags/tutorial_objectstorage.py took 0.813 seconds
[2024-09-26T04:24:01.685+0100] {processor.py:186} INFO - Started process (PID=42950) to work on /Users/rtewelde/airflow_venv/lib/python3.11/site-packages/airflow/example_dags/tutorial_objectstorage.py
[2024-09-26T04:24:01.688+0100] {processor.py:914} INFO - Processing file /Users/rtewelde/airflow_venv/lib/python3.11/site-packages/airflow/example_dags/tutorial_objectstorage.py for tasks to queue
[2024-09-26T04:24:01.692+0100] {logging_mixin.py:190} INFO - [2024-09-26T04:24:01.691+0100] {dagbag.py:588} INFO - Filling up the DagBag from /Users/rtewelde/airflow_venv/lib/python3.11/site-packages/airflow/example_dags/tutorial_objectstorage.py
[2024-09-26T04:24:01.823+0100] {processor.py:925} INFO - DAG(s) 'tutorial_objectstorage' retrieved from /Users/rtewelde/airflow_venv/lib/python3.11/site-packages/airflow/example_dags/tutorial_objectstorage.py
[2024-09-26T04:24:02.383+0100] {logging_mixin.py:190} INFO - [2024-09-26T04:24:02.382+0100] {dag.py:3239} INFO - Sync 1 DAGs
[2024-09-26T04:24:02.431+0100] {logging_mixin.py:190} INFO - [2024-09-26T04:24:02.430+0100] {dag.py:4180} INFO - Setting next_dagrun for tutorial_objectstorage to None, run_after=None
[2024-09-26T04:24:02.491+0100] {processor.py:208} INFO - Processing /Users/rtewelde/airflow_venv/lib/python3.11/site-packages/airflow/example_dags/tutorial_objectstorage.py took 0.814 seconds
[2024-09-26T04:47:18.389+0100] {processor.py:186} INFO - Started process (PID=45065) to work on /Users/rtewelde/airflow_venv/lib/python3.11/site-packages/airflow/example_dags/tutorial_objectstorage.py
[2024-09-26T04:47:18.395+0100] {processor.py:914} INFO - Processing file /Users/rtewelde/airflow_venv/lib/python3.11/site-packages/airflow/example_dags/tutorial_objectstorage.py for tasks to queue
[2024-09-26T04:47:18.399+0100] {logging_mixin.py:190} INFO - [2024-09-26T04:47:18.399+0100] {dagbag.py:588} INFO - Filling up the DagBag from /Users/rtewelde/airflow_venv/lib/python3.11/site-packages/airflow/example_dags/tutorial_objectstorage.py
[2024-09-26T04:47:18.602+0100] {processor.py:925} INFO - DAG(s) 'tutorial_objectstorage' retrieved from /Users/rtewelde/airflow_venv/lib/python3.11/site-packages/airflow/example_dags/tutorial_objectstorage.py
[2024-09-26T04:47:19.241+0100] {logging_mixin.py:190} INFO - [2024-09-26T04:47:19.240+0100] {dag.py:3239} INFO - Sync 1 DAGs
[2024-09-26T04:47:19.283+0100] {logging_mixin.py:190} INFO - [2024-09-26T04:47:19.283+0100] {dag.py:4180} INFO - Setting next_dagrun for tutorial_objectstorage to None, run_after=None
[2024-09-26T04:47:19.358+0100] {processor.py:208} INFO - Processing /Users/rtewelde/airflow_venv/lib/python3.11/site-packages/airflow/example_dags/tutorial_objectstorage.py took 0.990 seconds
[2024-09-26T04:56:23.883+0100] {processor.py:186} INFO - Started process (PID=47426) to work on /Users/rtewelde/airflow_venv/lib/python3.11/site-packages/airflow/example_dags/tutorial_objectstorage.py
[2024-09-26T04:56:23.887+0100] {processor.py:914} INFO - Processing file /Users/rtewelde/airflow_venv/lib/python3.11/site-packages/airflow/example_dags/tutorial_objectstorage.py for tasks to queue
[2024-09-26T04:56:23.891+0100] {logging_mixin.py:190} INFO - [2024-09-26T04:56:23.890+0100] {dagbag.py:588} INFO - Filling up the DagBag from /Users/rtewelde/airflow_venv/lib/python3.11/site-packages/airflow/example_dags/tutorial_objectstorage.py
[2024-09-26T04:56:24.025+0100] {processor.py:925} INFO - DAG(s) 'tutorial_objectstorage' retrieved from /Users/rtewelde/airflow_venv/lib/python3.11/site-packages/airflow/example_dags/tutorial_objectstorage.py
[2024-09-26T04:56:24.614+0100] {logging_mixin.py:190} INFO - [2024-09-26T04:56:24.613+0100] {dag.py:3239} INFO - Sync 1 DAGs
[2024-09-26T04:56:24.656+0100] {logging_mixin.py:190} INFO - [2024-09-26T04:56:24.655+0100] {dag.py:4180} INFO - Setting next_dagrun for tutorial_objectstorage to None, run_after=None
[2024-09-26T04:56:24.726+0100] {processor.py:208} INFO - Processing /Users/rtewelde/airflow_venv/lib/python3.11/site-packages/airflow/example_dags/tutorial_objectstorage.py took 0.852 seconds
[2024-09-26T05:05:20.392+0100] {processor.py:186} INFO - Started process (PID=49692) to work on /Users/rtewelde/airflow_venv/lib/python3.11/site-packages/airflow/example_dags/tutorial_objectstorage.py
[2024-09-26T05:05:20.396+0100] {processor.py:914} INFO - Processing file /Users/rtewelde/airflow_venv/lib/python3.11/site-packages/airflow/example_dags/tutorial_objectstorage.py for tasks to queue
[2024-09-26T05:05:20.400+0100] {logging_mixin.py:190} INFO - [2024-09-26T05:05:20.399+0100] {dagbag.py:588} INFO - Filling up the DagBag from /Users/rtewelde/airflow_venv/lib/python3.11/site-packages/airflow/example_dags/tutorial_objectstorage.py
[2024-09-26T05:05:20.585+0100] {processor.py:925} INFO - DAG(s) 'tutorial_objectstorage' retrieved from /Users/rtewelde/airflow_venv/lib/python3.11/site-packages/airflow/example_dags/tutorial_objectstorage.py
[2024-09-26T05:05:21.227+0100] {logging_mixin.py:190} INFO - [2024-09-26T05:05:21.226+0100] {dag.py:3239} INFO - Sync 1 DAGs
[2024-09-26T05:05:21.293+0100] {logging_mixin.py:190} INFO - [2024-09-26T05:05:21.292+0100] {dag.py:4180} INFO - Setting next_dagrun for tutorial_objectstorage to None, run_after=None
[2024-09-26T05:05:21.381+0100] {processor.py:208} INFO - Processing /Users/rtewelde/airflow_venv/lib/python3.11/site-packages/airflow/example_dags/tutorial_objectstorage.py took 0.999 seconds
[2024-09-26T05:14:28.624+0100] {processor.py:186} INFO - Started process (PID=52030) to work on /Users/rtewelde/airflow_venv/lib/python3.11/site-packages/airflow/example_dags/tutorial_objectstorage.py
[2024-09-26T05:14:28.629+0100] {processor.py:914} INFO - Processing file /Users/rtewelde/airflow_venv/lib/python3.11/site-packages/airflow/example_dags/tutorial_objectstorage.py for tasks to queue
[2024-09-26T05:14:28.633+0100] {logging_mixin.py:190} INFO - [2024-09-26T05:14:28.632+0100] {dagbag.py:588} INFO - Filling up the DagBag from /Users/rtewelde/airflow_venv/lib/python3.11/site-packages/airflow/example_dags/tutorial_objectstorage.py
[2024-09-26T05:14:28.782+0100] {processor.py:925} INFO - DAG(s) 'tutorial_objectstorage' retrieved from /Users/rtewelde/airflow_venv/lib/python3.11/site-packages/airflow/example_dags/tutorial_objectstorage.py
[2024-09-26T05:14:29.418+0100] {logging_mixin.py:190} INFO - [2024-09-26T05:14:29.416+0100] {dag.py:3239} INFO - Sync 1 DAGs
[2024-09-26T05:14:29.469+0100] {logging_mixin.py:190} INFO - [2024-09-26T05:14:29.468+0100] {dag.py:4180} INFO - Setting next_dagrun for tutorial_objectstorage to None, run_after=None
[2024-09-26T05:14:29.532+0100] {processor.py:208} INFO - Processing /Users/rtewelde/airflow_venv/lib/python3.11/site-packages/airflow/example_dags/tutorial_objectstorage.py took 0.924 seconds
[2024-09-26T07:22:33.838+0100] {processor.py:186} INFO - Started process (PID=54146) to work on /Users/rtewelde/airflow_venv/lib/python3.11/site-packages/airflow/example_dags/tutorial_objectstorage.py
[2024-09-26T07:22:33.842+0100] {processor.py:914} INFO - Processing file /Users/rtewelde/airflow_venv/lib/python3.11/site-packages/airflow/example_dags/tutorial_objectstorage.py for tasks to queue
[2024-09-26T07:22:33.846+0100] {logging_mixin.py:190} INFO - [2024-09-26T07:22:33.845+0100] {dagbag.py:588} INFO - Filling up the DagBag from /Users/rtewelde/airflow_venv/lib/python3.11/site-packages/airflow/example_dags/tutorial_objectstorage.py
[2024-09-26T07:22:33.973+0100] {processor.py:925} INFO - DAG(s) 'tutorial_objectstorage' retrieved from /Users/rtewelde/airflow_venv/lib/python3.11/site-packages/airflow/example_dags/tutorial_objectstorage.py
[2024-09-26T07:22:34.525+0100] {logging_mixin.py:190} INFO - [2024-09-26T07:22:34.523+0100] {dag.py:3239} INFO - Sync 1 DAGs
[2024-09-26T07:22:34.573+0100] {logging_mixin.py:190} INFO - [2024-09-26T07:22:34.572+0100] {dag.py:4180} INFO - Setting next_dagrun for tutorial_objectstorage to None, run_after=None
[2024-09-26T07:22:34.635+0100] {processor.py:208} INFO - Processing /Users/rtewelde/airflow_venv/lib/python3.11/site-packages/airflow/example_dags/tutorial_objectstorage.py took 0.808 seconds
[2024-09-26T07:45:47.464+0100] {processor.py:186} INFO - Started process (PID=56223) to work on /Users/rtewelde/airflow_venv/lib/python3.11/site-packages/airflow/example_dags/tutorial_objectstorage.py
[2024-09-26T07:45:47.466+0100] {processor.py:914} INFO - Processing file /Users/rtewelde/airflow_venv/lib/python3.11/site-packages/airflow/example_dags/tutorial_objectstorage.py for tasks to queue
[2024-09-26T07:45:47.467+0100] {logging_mixin.py:190} INFO - [2024-09-26T07:45:47.467+0100] {dagbag.py:588} INFO - Filling up the DagBag from /Users/rtewelde/airflow_venv/lib/python3.11/site-packages/airflow/example_dags/tutorial_objectstorage.py
[2024-09-26T07:45:47.510+0100] {processor.py:925} INFO - DAG(s) 'tutorial_objectstorage' retrieved from /Users/rtewelde/airflow_venv/lib/python3.11/site-packages/airflow/example_dags/tutorial_objectstorage.py
[2024-09-26T07:45:47.658+0100] {logging_mixin.py:190} INFO - [2024-09-26T07:45:47.657+0100] {dag.py:3239} INFO - Sync 1 DAGs
[2024-09-26T07:45:47.670+0100] {logging_mixin.py:190} INFO - [2024-09-26T07:45:47.669+0100] {dag.py:4180} INFO - Setting next_dagrun for tutorial_objectstorage to None, run_after=None
[2024-09-26T07:45:47.688+0100] {processor.py:208} INFO - Processing /Users/rtewelde/airflow_venv/lib/python3.11/site-packages/airflow/example_dags/tutorial_objectstorage.py took 0.226 seconds
[2024-09-26T19:00:12.764+0100] {processor.py:186} INFO - Started process (PID=57540) to work on /Users/rtewelde/airflow_venv/lib/python3.11/site-packages/airflow/example_dags/tutorial_objectstorage.py
[2024-09-26T19:00:12.766+0100] {processor.py:914} INFO - Processing file /Users/rtewelde/airflow_venv/lib/python3.11/site-packages/airflow/example_dags/tutorial_objectstorage.py for tasks to queue
[2024-09-26T19:00:12.769+0100] {logging_mixin.py:190} INFO - [2024-09-26T19:00:12.769+0100] {dagbag.py:588} INFO - Filling up the DagBag from /Users/rtewelde/airflow_venv/lib/python3.11/site-packages/airflow/example_dags/tutorial_objectstorage.py
[2024-09-26T19:00:12.836+0100] {processor.py:925} INFO - DAG(s) 'tutorial_objectstorage' retrieved from /Users/rtewelde/airflow_venv/lib/python3.11/site-packages/airflow/example_dags/tutorial_objectstorage.py
[2024-09-26T19:00:13.270+0100] {logging_mixin.py:190} INFO - [2024-09-26T19:00:13.269+0100] {dag.py:3239} INFO - Sync 1 DAGs
[2024-09-26T19:00:13.314+0100] {logging_mixin.py:190} INFO - [2024-09-26T19:00:13.314+0100] {dag.py:4180} INFO - Setting next_dagrun for tutorial_objectstorage to None, run_after=None
[2024-09-26T19:00:13.356+0100] {processor.py:208} INFO - Processing /Users/rtewelde/airflow_venv/lib/python3.11/site-packages/airflow/example_dags/tutorial_objectstorage.py took 0.597 seconds
