[2024-09-26T01:00:18.419+0100] {processor.py:186} INFO - Started process (PID=27808) to work on /Users/rtewelde/airflow_venv/lib/python3.11/site-packages/airflow/example_dags/tutorial_taskflow_api.py
[2024-09-26T01:00:18.422+0100] {processor.py:914} INFO - Processing file /Users/rtewelde/airflow_venv/lib/python3.11/site-packages/airflow/example_dags/tutorial_taskflow_api.py for tasks to queue
[2024-09-26T01:00:18.426+0100] {logging_mixin.py:190} INFO - [2024-09-26T01:00:18.425+0100] {dagbag.py:588} INFO - Filling up the DagBag from /Users/rtewelde/airflow_venv/lib/python3.11/site-packages/airflow/example_dags/tutorial_taskflow_api.py
[2024-09-26T01:00:18.595+0100] {processor.py:925} INFO - DAG(s) 'tutorial_taskflow_api' retrieved from /Users/rtewelde/airflow_venv/lib/python3.11/site-packages/airflow/example_dags/tutorial_taskflow_api.py
[2024-09-26T01:00:19.217+0100] {logging_mixin.py:190} INFO - [2024-09-26T01:00:19.216+0100] {dag.py:3239} INFO - Sync 1 DAGs
[2024-09-26T01:00:19.266+0100] {logging_mixin.py:190} INFO - [2024-09-26T01:00:19.264+0100] {dag.py:4180} INFO - Setting next_dagrun for tutorial_taskflow_api to None, run_after=None
[2024-09-26T01:00:19.343+0100] {processor.py:208} INFO - Processing /Users/rtewelde/airflow_venv/lib/python3.11/site-packages/airflow/example_dags/tutorial_taskflow_api.py took 0.933 seconds
[2024-09-26T01:09:16.679+0100] {processor.py:186} INFO - Started process (PID=30128) to work on /Users/rtewelde/airflow_venv/lib/python3.11/site-packages/airflow/example_dags/tutorial_taskflow_api.py
[2024-09-26T01:09:16.683+0100] {processor.py:914} INFO - Processing file /Users/rtewelde/airflow_venv/lib/python3.11/site-packages/airflow/example_dags/tutorial_taskflow_api.py for tasks to queue
[2024-09-26T01:09:16.686+0100] {logging_mixin.py:190} INFO - [2024-09-26T01:09:16.685+0100] {dagbag.py:588} INFO - Filling up the DagBag from /Users/rtewelde/airflow_venv/lib/python3.11/site-packages/airflow/example_dags/tutorial_taskflow_api.py
[2024-09-26T01:09:16.817+0100] {processor.py:925} INFO - DAG(s) 'tutorial_taskflow_api' retrieved from /Users/rtewelde/airflow_venv/lib/python3.11/site-packages/airflow/example_dags/tutorial_taskflow_api.py
[2024-09-26T01:09:17.406+0100] {logging_mixin.py:190} INFO - [2024-09-26T01:09:17.405+0100] {dag.py:3239} INFO - Sync 1 DAGs
[2024-09-26T01:09:17.453+0100] {logging_mixin.py:190} INFO - [2024-09-26T01:09:17.452+0100] {dag.py:4180} INFO - Setting next_dagrun for tutorial_taskflow_api to None, run_after=None
[2024-09-26T01:09:17.521+0100] {processor.py:208} INFO - Processing /Users/rtewelde/airflow_venv/lib/python3.11/site-packages/airflow/example_dags/tutorial_taskflow_api.py took 0.851 seconds
[2024-09-26T01:48:03.495+0100] {processor.py:186} INFO - Started process (PID=32410) to work on /Users/rtewelde/airflow_venv/lib/python3.11/site-packages/airflow/example_dags/tutorial_taskflow_api.py
[2024-09-26T01:48:03.499+0100] {processor.py:914} INFO - Processing file /Users/rtewelde/airflow_venv/lib/python3.11/site-packages/airflow/example_dags/tutorial_taskflow_api.py for tasks to queue
[2024-09-26T01:48:03.502+0100] {logging_mixin.py:190} INFO - [2024-09-26T01:48:03.501+0100] {dagbag.py:588} INFO - Filling up the DagBag from /Users/rtewelde/airflow_venv/lib/python3.11/site-packages/airflow/example_dags/tutorial_taskflow_api.py
[2024-09-26T01:48:03.646+0100] {processor.py:925} INFO - DAG(s) 'tutorial_taskflow_api' retrieved from /Users/rtewelde/airflow_venv/lib/python3.11/site-packages/airflow/example_dags/tutorial_taskflow_api.py
[2024-09-26T01:48:04.256+0100] {logging_mixin.py:190} INFO - [2024-09-26T01:48:04.255+0100] {dag.py:3239} INFO - Sync 1 DAGs
[2024-09-26T01:48:04.303+0100] {logging_mixin.py:190} INFO - [2024-09-26T01:48:04.302+0100] {dag.py:4180} INFO - Setting next_dagrun for tutorial_taskflow_api to None, run_after=None
[2024-09-26T01:48:04.376+0100] {processor.py:208} INFO - Processing /Users/rtewelde/airflow_venv/lib/python3.11/site-packages/airflow/example_dags/tutorial_taskflow_api.py took 0.891 seconds
[2024-09-26T02:11:46.714+0100] {processor.py:186} INFO - Started process (PID=34627) to work on /Users/rtewelde/airflow_venv/lib/python3.11/site-packages/airflow/example_dags/tutorial_taskflow_api.py
[2024-09-26T02:11:46.721+0100] {processor.py:914} INFO - Processing file /Users/rtewelde/airflow_venv/lib/python3.11/site-packages/airflow/example_dags/tutorial_taskflow_api.py for tasks to queue
[2024-09-26T02:11:46.726+0100] {logging_mixin.py:190} INFO - [2024-09-26T02:11:46.725+0100] {dagbag.py:588} INFO - Filling up the DagBag from /Users/rtewelde/airflow_venv/lib/python3.11/site-packages/airflow/example_dags/tutorial_taskflow_api.py
[2024-09-26T02:11:46.886+0100] {processor.py:925} INFO - DAG(s) 'tutorial_taskflow_api' retrieved from /Users/rtewelde/airflow_venv/lib/python3.11/site-packages/airflow/example_dags/tutorial_taskflow_api.py
[2024-09-26T02:11:47.488+0100] {logging_mixin.py:190} INFO - [2024-09-26T02:11:47.487+0100] {dag.py:3239} INFO - Sync 1 DAGs
[2024-09-26T02:11:47.535+0100] {logging_mixin.py:190} INFO - [2024-09-26T02:11:47.533+0100] {dag.py:4180} INFO - Setting next_dagrun for tutorial_taskflow_api to None, run_after=None
[2024-09-26T02:11:47.614+0100] {processor.py:208} INFO - Processing /Users/rtewelde/airflow_venv/lib/python3.11/site-packages/airflow/example_dags/tutorial_taskflow_api.py took 0.909 seconds
[2024-09-26T02:20:24.131+0100] {processor.py:186} INFO - Started process (PID=36888) to work on /Users/rtewelde/airflow_venv/lib/python3.11/site-packages/airflow/example_dags/tutorial_taskflow_api.py
[2024-09-26T02:20:24.134+0100] {processor.py:914} INFO - Processing file /Users/rtewelde/airflow_venv/lib/python3.11/site-packages/airflow/example_dags/tutorial_taskflow_api.py for tasks to queue
[2024-09-26T02:20:24.138+0100] {logging_mixin.py:190} INFO - [2024-09-26T02:20:24.137+0100] {dagbag.py:588} INFO - Filling up the DagBag from /Users/rtewelde/airflow_venv/lib/python3.11/site-packages/airflow/example_dags/tutorial_taskflow_api.py
[2024-09-26T02:20:24.276+0100] {processor.py:925} INFO - DAG(s) 'tutorial_taskflow_api' retrieved from /Users/rtewelde/airflow_venv/lib/python3.11/site-packages/airflow/example_dags/tutorial_taskflow_api.py
[2024-09-26T02:20:24.844+0100] {logging_mixin.py:190} INFO - [2024-09-26T02:20:24.843+0100] {dag.py:3239} INFO - Sync 1 DAGs
[2024-09-26T02:20:24.888+0100] {logging_mixin.py:190} INFO - [2024-09-26T02:20:24.887+0100] {dag.py:4180} INFO - Setting next_dagrun for tutorial_taskflow_api to None, run_after=None
[2024-09-26T02:20:24.957+0100] {processor.py:208} INFO - Processing /Users/rtewelde/airflow_venv/lib/python3.11/site-packages/airflow/example_dags/tutorial_taskflow_api.py took 0.835 seconds
[2024-09-26T03:32:41.266+0100] {processor.py:186} INFO - Started process (PID=38780) to work on /Users/rtewelde/airflow_venv/lib/python3.11/site-packages/airflow/example_dags/tutorial_taskflow_api.py
[2024-09-26T03:32:41.269+0100] {processor.py:914} INFO - Processing file /Users/rtewelde/airflow_venv/lib/python3.11/site-packages/airflow/example_dags/tutorial_taskflow_api.py for tasks to queue
[2024-09-26T03:32:41.273+0100] {logging_mixin.py:190} INFO - [2024-09-26T03:32:41.272+0100] {dagbag.py:588} INFO - Filling up the DagBag from /Users/rtewelde/airflow_venv/lib/python3.11/site-packages/airflow/example_dags/tutorial_taskflow_api.py
[2024-09-26T03:32:41.400+0100] {processor.py:925} INFO - DAG(s) 'tutorial_taskflow_api' retrieved from /Users/rtewelde/airflow_venv/lib/python3.11/site-packages/airflow/example_dags/tutorial_taskflow_api.py
[2024-09-26T03:32:41.983+0100] {logging_mixin.py:190} INFO - [2024-09-26T03:32:41.981+0100] {dag.py:3239} INFO - Sync 1 DAGs
[2024-09-26T03:32:42.041+0100] {logging_mixin.py:190} INFO - [2024-09-26T03:32:42.039+0100] {dag.py:4180} INFO - Setting next_dagrun for tutorial_taskflow_api to None, run_after=None
[2024-09-26T03:32:42.125+0100] {processor.py:208} INFO - Processing /Users/rtewelde/airflow_venv/lib/python3.11/site-packages/airflow/example_dags/tutorial_taskflow_api.py took 0.869 seconds
[2024-09-26T03:40:52.804+0100] {processor.py:186} INFO - Started process (PID=40919) to work on /Users/rtewelde/airflow_venv/lib/python3.11/site-packages/airflow/example_dags/tutorial_taskflow_api.py
[2024-09-26T03:40:52.807+0100] {processor.py:914} INFO - Processing file /Users/rtewelde/airflow_venv/lib/python3.11/site-packages/airflow/example_dags/tutorial_taskflow_api.py for tasks to queue
[2024-09-26T03:40:52.811+0100] {logging_mixin.py:190} INFO - [2024-09-26T03:40:52.810+0100] {dagbag.py:588} INFO - Filling up the DagBag from /Users/rtewelde/airflow_venv/lib/python3.11/site-packages/airflow/example_dags/tutorial_taskflow_api.py
[2024-09-26T03:40:52.941+0100] {processor.py:925} INFO - DAG(s) 'tutorial_taskflow_api' retrieved from /Users/rtewelde/airflow_venv/lib/python3.11/site-packages/airflow/example_dags/tutorial_taskflow_api.py
[2024-09-26T03:40:53.490+0100] {logging_mixin.py:190} INFO - [2024-09-26T03:40:53.489+0100] {dag.py:3239} INFO - Sync 1 DAGs
[2024-09-26T03:40:53.536+0100] {logging_mixin.py:190} INFO - [2024-09-26T03:40:53.535+0100] {dag.py:4180} INFO - Setting next_dagrun for tutorial_taskflow_api to None, run_after=None
[2024-09-26T03:40:53.604+0100] {processor.py:208} INFO - Processing /Users/rtewelde/airflow_venv/lib/python3.11/site-packages/airflow/example_dags/tutorial_taskflow_api.py took 0.811 seconds
[2024-09-26T04:23:55.985+0100] {processor.py:186} INFO - Started process (PID=42931) to work on /Users/rtewelde/airflow_venv/lib/python3.11/site-packages/airflow/example_dags/tutorial_taskflow_api.py
[2024-09-26T04:23:55.986+0100] {processor.py:914} INFO - Processing file /Users/rtewelde/airflow_venv/lib/python3.11/site-packages/airflow/example_dags/tutorial_taskflow_api.py for tasks to queue
[2024-09-26T04:23:55.987+0100] {logging_mixin.py:190} INFO - [2024-09-26T04:23:55.987+0100] {dagbag.py:588} INFO - Filling up the DagBag from /Users/rtewelde/airflow_venv/lib/python3.11/site-packages/airflow/example_dags/tutorial_taskflow_api.py
[2024-09-26T04:23:56.018+0100] {processor.py:925} INFO - DAG(s) 'tutorial_taskflow_api' retrieved from /Users/rtewelde/airflow_venv/lib/python3.11/site-packages/airflow/example_dags/tutorial_taskflow_api.py
[2024-09-26T04:23:56.158+0100] {logging_mixin.py:190} INFO - [2024-09-26T04:23:56.158+0100] {dag.py:3239} INFO - Sync 1 DAGs
[2024-09-26T04:23:56.170+0100] {logging_mixin.py:190} INFO - [2024-09-26T04:23:56.170+0100] {dag.py:4180} INFO - Setting next_dagrun for tutorial_taskflow_api to None, run_after=None
[2024-09-26T04:23:56.187+0100] {processor.py:208} INFO - Processing /Users/rtewelde/airflow_venv/lib/python3.11/site-packages/airflow/example_dags/tutorial_taskflow_api.py took 0.204 seconds
[2024-09-26T04:47:07.010+0100] {processor.py:186} INFO - Started process (PID=45018) to work on /Users/rtewelde/airflow_venv/lib/python3.11/site-packages/airflow/example_dags/tutorial_taskflow_api.py
[2024-09-26T04:47:07.022+0100] {processor.py:914} INFO - Processing file /Users/rtewelde/airflow_venv/lib/python3.11/site-packages/airflow/example_dags/tutorial_taskflow_api.py for tasks to queue
[2024-09-26T04:47:07.029+0100] {logging_mixin.py:190} INFO - [2024-09-26T04:47:07.028+0100] {dagbag.py:588} INFO - Filling up the DagBag from /Users/rtewelde/airflow_venv/lib/python3.11/site-packages/airflow/example_dags/tutorial_taskflow_api.py
[2024-09-26T04:47:07.267+0100] {processor.py:925} INFO - DAG(s) 'tutorial_taskflow_api' retrieved from /Users/rtewelde/airflow_venv/lib/python3.11/site-packages/airflow/example_dags/tutorial_taskflow_api.py
[2024-09-26T04:47:07.888+0100] {logging_mixin.py:190} INFO - [2024-09-26T04:47:07.887+0100] {dag.py:3239} INFO - Sync 1 DAGs
[2024-09-26T04:47:07.931+0100] {logging_mixin.py:190} INFO - [2024-09-26T04:47:07.930+0100] {dag.py:4180} INFO - Setting next_dagrun for tutorial_taskflow_api to None, run_after=None
[2024-09-26T04:47:08.004+0100] {processor.py:208} INFO - Processing /Users/rtewelde/airflow_venv/lib/python3.11/site-packages/airflow/example_dags/tutorial_taskflow_api.py took 1.008 seconds
[2024-09-26T04:56:15.270+0100] {processor.py:186} INFO - Started process (PID=47386) to work on /Users/rtewelde/airflow_venv/lib/python3.11/site-packages/airflow/example_dags/tutorial_taskflow_api.py
[2024-09-26T04:56:15.274+0100] {processor.py:914} INFO - Processing file /Users/rtewelde/airflow_venv/lib/python3.11/site-packages/airflow/example_dags/tutorial_taskflow_api.py for tasks to queue
[2024-09-26T04:56:15.278+0100] {logging_mixin.py:190} INFO - [2024-09-26T04:56:15.277+0100] {dagbag.py:588} INFO - Filling up the DagBag from /Users/rtewelde/airflow_venv/lib/python3.11/site-packages/airflow/example_dags/tutorial_taskflow_api.py
[2024-09-26T04:56:15.418+0100] {processor.py:925} INFO - DAG(s) 'tutorial_taskflow_api' retrieved from /Users/rtewelde/airflow_venv/lib/python3.11/site-packages/airflow/example_dags/tutorial_taskflow_api.py
[2024-09-26T04:56:16.268+0100] {logging_mixin.py:190} INFO - [2024-09-26T04:56:16.266+0100] {dag.py:3239} INFO - Sync 1 DAGs
[2024-09-26T04:56:16.345+0100] {logging_mixin.py:190} INFO - [2024-09-26T04:56:16.343+0100] {dag.py:4180} INFO - Setting next_dagrun for tutorial_taskflow_api to None, run_after=None
[2024-09-26T04:56:16.450+0100] {processor.py:208} INFO - Processing /Users/rtewelde/airflow_venv/lib/python3.11/site-packages/airflow/example_dags/tutorial_taskflow_api.py took 1.189 seconds
[2024-09-26T05:05:10.801+0100] {processor.py:186} INFO - Started process (PID=49654) to work on /Users/rtewelde/airflow_venv/lib/python3.11/site-packages/airflow/example_dags/tutorial_taskflow_api.py
[2024-09-26T05:05:10.805+0100] {processor.py:914} INFO - Processing file /Users/rtewelde/airflow_venv/lib/python3.11/site-packages/airflow/example_dags/tutorial_taskflow_api.py for tasks to queue
[2024-09-26T05:05:10.809+0100] {logging_mixin.py:190} INFO - [2024-09-26T05:05:10.808+0100] {dagbag.py:588} INFO - Filling up the DagBag from /Users/rtewelde/airflow_venv/lib/python3.11/site-packages/airflow/example_dags/tutorial_taskflow_api.py
[2024-09-26T05:05:10.967+0100] {processor.py:925} INFO - DAG(s) 'tutorial_taskflow_api' retrieved from /Users/rtewelde/airflow_venv/lib/python3.11/site-packages/airflow/example_dags/tutorial_taskflow_api.py
[2024-09-26T05:05:11.535+0100] {logging_mixin.py:190} INFO - [2024-09-26T05:05:11.534+0100] {dag.py:3239} INFO - Sync 1 DAGs
[2024-09-26T05:05:11.585+0100] {logging_mixin.py:190} INFO - [2024-09-26T05:05:11.584+0100] {dag.py:4180} INFO - Setting next_dagrun for tutorial_taskflow_api to None, run_after=None
[2024-09-26T05:05:11.659+0100] {processor.py:208} INFO - Processing /Users/rtewelde/airflow_venv/lib/python3.11/site-packages/airflow/example_dags/tutorial_taskflow_api.py took 0.874 seconds
[2024-09-26T05:14:19.472+0100] {processor.py:186} INFO - Started process (PID=51984) to work on /Users/rtewelde/airflow_venv/lib/python3.11/site-packages/airflow/example_dags/tutorial_taskflow_api.py
[2024-09-26T05:14:19.476+0100] {processor.py:914} INFO - Processing file /Users/rtewelde/airflow_venv/lib/python3.11/site-packages/airflow/example_dags/tutorial_taskflow_api.py for tasks to queue
[2024-09-26T05:14:19.479+0100] {logging_mixin.py:190} INFO - [2024-09-26T05:14:19.479+0100] {dagbag.py:588} INFO - Filling up the DagBag from /Users/rtewelde/airflow_venv/lib/python3.11/site-packages/airflow/example_dags/tutorial_taskflow_api.py
[2024-09-26T05:14:19.613+0100] {processor.py:925} INFO - DAG(s) 'tutorial_taskflow_api' retrieved from /Users/rtewelde/airflow_venv/lib/python3.11/site-packages/airflow/example_dags/tutorial_taskflow_api.py
[2024-09-26T05:14:20.188+0100] {logging_mixin.py:190} INFO - [2024-09-26T05:14:20.187+0100] {dag.py:3239} INFO - Sync 1 DAGs
[2024-09-26T05:14:20.237+0100] {logging_mixin.py:190} INFO - [2024-09-26T05:14:20.236+0100] {dag.py:4180} INFO - Setting next_dagrun for tutorial_taskflow_api to None, run_after=None
[2024-09-26T05:14:20.298+0100] {processor.py:208} INFO - Processing /Users/rtewelde/airflow_venv/lib/python3.11/site-packages/airflow/example_dags/tutorial_taskflow_api.py took 0.840 seconds
[2024-09-26T07:22:24.635+0100] {processor.py:186} INFO - Started process (PID=54110) to work on /Users/rtewelde/airflow_venv/lib/python3.11/site-packages/airflow/example_dags/tutorial_taskflow_api.py
[2024-09-26T07:22:24.639+0100] {processor.py:914} INFO - Processing file /Users/rtewelde/airflow_venv/lib/python3.11/site-packages/airflow/example_dags/tutorial_taskflow_api.py for tasks to queue
[2024-09-26T07:22:24.643+0100] {logging_mixin.py:190} INFO - [2024-09-26T07:22:24.642+0100] {dagbag.py:588} INFO - Filling up the DagBag from /Users/rtewelde/airflow_venv/lib/python3.11/site-packages/airflow/example_dags/tutorial_taskflow_api.py
[2024-09-26T07:22:24.770+0100] {processor.py:925} INFO - DAG(s) 'tutorial_taskflow_api' retrieved from /Users/rtewelde/airflow_venv/lib/python3.11/site-packages/airflow/example_dags/tutorial_taskflow_api.py
[2024-09-26T07:22:25.331+0100] {logging_mixin.py:190} INFO - [2024-09-26T07:22:25.330+0100] {dag.py:3239} INFO - Sync 1 DAGs
[2024-09-26T07:22:25.379+0100] {logging_mixin.py:190} INFO - [2024-09-26T07:22:25.378+0100] {dag.py:4180} INFO - Setting next_dagrun for tutorial_taskflow_api to None, run_after=None
[2024-09-26T07:22:25.441+0100] {processor.py:208} INFO - Processing /Users/rtewelde/airflow_venv/lib/python3.11/site-packages/airflow/example_dags/tutorial_taskflow_api.py took 0.814 seconds
[2024-09-26T07:45:44.403+0100] {processor.py:186} INFO - Started process (PID=56207) to work on /Users/rtewelde/airflow_venv/lib/python3.11/site-packages/airflow/example_dags/tutorial_taskflow_api.py
[2024-09-26T07:45:44.403+0100] {processor.py:914} INFO - Processing file /Users/rtewelde/airflow_venv/lib/python3.11/site-packages/airflow/example_dags/tutorial_taskflow_api.py for tasks to queue
[2024-09-26T07:45:44.404+0100] {logging_mixin.py:190} INFO - [2024-09-26T07:45:44.404+0100] {dagbag.py:588} INFO - Filling up the DagBag from /Users/rtewelde/airflow_venv/lib/python3.11/site-packages/airflow/example_dags/tutorial_taskflow_api.py
[2024-09-26T07:45:44.437+0100] {processor.py:925} INFO - DAG(s) 'tutorial_taskflow_api' retrieved from /Users/rtewelde/airflow_venv/lib/python3.11/site-packages/airflow/example_dags/tutorial_taskflow_api.py
[2024-09-26T07:45:44.594+0100] {logging_mixin.py:190} INFO - [2024-09-26T07:45:44.593+0100] {dag.py:3239} INFO - Sync 1 DAGs
[2024-09-26T07:45:44.606+0100] {logging_mixin.py:190} INFO - [2024-09-26T07:45:44.606+0100] {dag.py:4180} INFO - Setting next_dagrun for tutorial_taskflow_api to None, run_after=None
[2024-09-26T07:45:44.622+0100] {processor.py:208} INFO - Processing /Users/rtewelde/airflow_venv/lib/python3.11/site-packages/airflow/example_dags/tutorial_taskflow_api.py took 0.223 seconds
[2024-09-26T19:00:07.391+0100] {processor.py:186} INFO - Started process (PID=57520) to work on /Users/rtewelde/airflow_venv/lib/python3.11/site-packages/airflow/example_dags/tutorial_taskflow_api.py
[2024-09-26T19:00:07.392+0100] {processor.py:914} INFO - Processing file /Users/rtewelde/airflow_venv/lib/python3.11/site-packages/airflow/example_dags/tutorial_taskflow_api.py for tasks to queue
[2024-09-26T19:00:07.394+0100] {logging_mixin.py:190} INFO - [2024-09-26T19:00:07.394+0100] {dagbag.py:588} INFO - Filling up the DagBag from /Users/rtewelde/airflow_venv/lib/python3.11/site-packages/airflow/example_dags/tutorial_taskflow_api.py
[2024-09-26T19:00:07.465+0100] {processor.py:925} INFO - DAG(s) 'tutorial_taskflow_api' retrieved from /Users/rtewelde/airflow_venv/lib/python3.11/site-packages/airflow/example_dags/tutorial_taskflow_api.py
[2024-09-26T19:00:07.775+0100] {logging_mixin.py:190} INFO - [2024-09-26T19:00:07.774+0100] {dag.py:3239} INFO - Sync 1 DAGs
[2024-09-26T19:00:07.799+0100] {logging_mixin.py:190} INFO - [2024-09-26T19:00:07.799+0100] {dag.py:4180} INFO - Setting next_dagrun for tutorial_taskflow_api to None, run_after=None
[2024-09-26T19:00:07.836+0100] {processor.py:208} INFO - Processing /Users/rtewelde/airflow_venv/lib/python3.11/site-packages/airflow/example_dags/tutorial_taskflow_api.py took 0.449 seconds
