[2024-09-22T13:34:57.557+0100] {processor.py:157} INFO - Started process (PID=55980) to work on /Users/rtewelde/airflow_venv/lib/python3.11/site-packages/airflow/example_dags/plugins/listener_plugin.py
[2024-09-22T13:34:57.560+0100] {processor.py:829} INFO - Processing file /Users/rtewelde/airflow_venv/lib/python3.11/site-packages/airflow/example_dags/plugins/listener_plugin.py for tasks to queue
[2024-09-22T13:34:57.560+0100] {logging_mixin.py:151} INFO - [2024-09-22T13:34:57.560+0100] {dagbag.py:539} INFO - Filling up the DagBag from /Users/rtewelde/airflow_venv/lib/python3.11/site-packages/airflow/example_dags/plugins/listener_plugin.py
[2024-09-22T13:34:57.562+0100] {processor.py:841} WARNING - No viable dags retrieved from /Users/rtewelde/airflow_venv/lib/python3.11/site-packages/airflow/example_dags/plugins/listener_plugin.py
[2024-09-22T13:34:57.703+0100] {processor.py:179} INFO - Processing /Users/rtewelde/airflow_venv/lib/python3.11/site-packages/airflow/example_dags/plugins/listener_plugin.py took 0.147 seconds
[2024-09-22T13:36:40.293+0100] {processor.py:157} INFO - Started process (PID=56624) to work on /Users/rtewelde/airflow_venv/lib/python3.11/site-packages/airflow/example_dags/plugins/listener_plugin.py
[2024-09-22T13:36:40.296+0100] {processor.py:829} INFO - Processing file /Users/rtewelde/airflow_venv/lib/python3.11/site-packages/airflow/example_dags/plugins/listener_plugin.py for tasks to queue
[2024-09-22T13:36:40.297+0100] {logging_mixin.py:151} INFO - [2024-09-22T13:36:40.297+0100] {dagbag.py:539} INFO - Filling up the DagBag from /Users/rtewelde/airflow_venv/lib/python3.11/site-packages/airflow/example_dags/plugins/listener_plugin.py
[2024-09-22T13:36:40.300+0100] {processor.py:841} WARNING - No viable dags retrieved from /Users/rtewelde/airflow_venv/lib/python3.11/site-packages/airflow/example_dags/plugins/listener_plugin.py
[2024-09-22T13:36:40.450+0100] {processor.py:179} INFO - Processing /Users/rtewelde/airflow_venv/lib/python3.11/site-packages/airflow/example_dags/plugins/listener_plugin.py took 0.157 seconds
[2024-09-22T13:37:51.333+0100] {processor.py:157} INFO - Started process (PID=56988) to work on /Users/rtewelde/airflow_venv/lib/python3.11/site-packages/airflow/example_dags/plugins/listener_plugin.py
[2024-09-22T13:37:51.337+0100] {processor.py:829} INFO - Processing file /Users/rtewelde/airflow_venv/lib/python3.11/site-packages/airflow/example_dags/plugins/listener_plugin.py for tasks to queue
[2024-09-22T13:37:51.337+0100] {logging_mixin.py:151} INFO - [2024-09-22T13:37:51.337+0100] {dagbag.py:539} INFO - Filling up the DagBag from /Users/rtewelde/airflow_venv/lib/python3.11/site-packages/airflow/example_dags/plugins/listener_plugin.py
[2024-09-22T13:37:51.341+0100] {processor.py:841} WARNING - No viable dags retrieved from /Users/rtewelde/airflow_venv/lib/python3.11/site-packages/airflow/example_dags/plugins/listener_plugin.py
[2024-09-22T13:37:51.487+0100] {processor.py:179} INFO - Processing /Users/rtewelde/airflow_venv/lib/python3.11/site-packages/airflow/example_dags/plugins/listener_plugin.py took 0.155 seconds
[2024-09-22T13:39:15.387+0100] {processor.py:157} INFO - Started process (PID=57797) to work on /Users/rtewelde/airflow_venv/lib/python3.11/site-packages/airflow/example_dags/plugins/listener_plugin.py
[2024-09-22T13:39:15.391+0100] {processor.py:829} INFO - Processing file /Users/rtewelde/airflow_venv/lib/python3.11/site-packages/airflow/example_dags/plugins/listener_plugin.py for tasks to queue
[2024-09-22T13:39:15.391+0100] {logging_mixin.py:151} INFO - [2024-09-22T13:39:15.391+0100] {dagbag.py:539} INFO - Filling up the DagBag from /Users/rtewelde/airflow_venv/lib/python3.11/site-packages/airflow/example_dags/plugins/listener_plugin.py
[2024-09-22T13:39:15.396+0100] {processor.py:841} WARNING - No viable dags retrieved from /Users/rtewelde/airflow_venv/lib/python3.11/site-packages/airflow/example_dags/plugins/listener_plugin.py
[2024-09-22T13:39:15.549+0100] {processor.py:179} INFO - Processing /Users/rtewelde/airflow_venv/lib/python3.11/site-packages/airflow/example_dags/plugins/listener_plugin.py took 0.163 seconds
[2024-09-22T13:40:49.187+0100] {processor.py:157} INFO - Started process (PID=58285) to work on /Users/rtewelde/airflow_venv/lib/python3.11/site-packages/airflow/example_dags/plugins/listener_plugin.py
[2024-09-22T13:40:49.191+0100] {processor.py:829} INFO - Processing file /Users/rtewelde/airflow_venv/lib/python3.11/site-packages/airflow/example_dags/plugins/listener_plugin.py for tasks to queue
[2024-09-22T13:40:49.192+0100] {logging_mixin.py:151} INFO - [2024-09-22T13:40:49.191+0100] {dagbag.py:539} INFO - Filling up the DagBag from /Users/rtewelde/airflow_venv/lib/python3.11/site-packages/airflow/example_dags/plugins/listener_plugin.py
[2024-09-22T13:40:49.196+0100] {processor.py:841} WARNING - No viable dags retrieved from /Users/rtewelde/airflow_venv/lib/python3.11/site-packages/airflow/example_dags/plugins/listener_plugin.py
[2024-09-22T13:40:49.347+0100] {processor.py:179} INFO - Processing /Users/rtewelde/airflow_venv/lib/python3.11/site-packages/airflow/example_dags/plugins/listener_plugin.py took 0.162 seconds
[2024-09-22T13:42:05.663+0100] {processor.py:157} INFO - Started process (PID=58785) to work on /Users/rtewelde/airflow_venv/lib/python3.11/site-packages/airflow/example_dags/plugins/listener_plugin.py
[2024-09-22T13:42:05.667+0100] {processor.py:829} INFO - Processing file /Users/rtewelde/airflow_venv/lib/python3.11/site-packages/airflow/example_dags/plugins/listener_plugin.py for tasks to queue
[2024-09-22T13:42:05.667+0100] {logging_mixin.py:151} INFO - [2024-09-22T13:42:05.667+0100] {dagbag.py:539} INFO - Filling up the DagBag from /Users/rtewelde/airflow_venv/lib/python3.11/site-packages/airflow/example_dags/plugins/listener_plugin.py
[2024-09-22T13:42:05.671+0100] {processor.py:841} WARNING - No viable dags retrieved from /Users/rtewelde/airflow_venv/lib/python3.11/site-packages/airflow/example_dags/plugins/listener_plugin.py
[2024-09-22T13:42:05.835+0100] {processor.py:179} INFO - Processing /Users/rtewelde/airflow_venv/lib/python3.11/site-packages/airflow/example_dags/plugins/listener_plugin.py took 0.172 seconds
[2024-09-22T13:56:03.388+0100] {processor.py:161} INFO - Started process (PID=64410) to work on /Users/rtewelde/airflow_venv/lib/python3.11/site-packages/airflow/example_dags/plugins/listener_plugin.py
[2024-09-22T13:56:03.390+0100] {processor.py:830} INFO - Processing file /Users/rtewelde/airflow_venv/lib/python3.11/site-packages/airflow/example_dags/plugins/listener_plugin.py for tasks to queue
[2024-09-22T13:56:03.391+0100] {logging_mixin.py:188} INFO - [2024-09-22T13:56:03.391+0100] {dagbag.py:540} INFO - Filling up the DagBag from /Users/rtewelde/airflow_venv/lib/python3.11/site-packages/airflow/example_dags/plugins/listener_plugin.py
[2024-09-22T13:56:03.393+0100] {processor.py:842} WARNING - No viable dags retrieved from /Users/rtewelde/airflow_venv/lib/python3.11/site-packages/airflow/example_dags/plugins/listener_plugin.py
[2024-09-22T13:56:03.472+0100] {processor.py:183} INFO - Processing /Users/rtewelde/airflow_venv/lib/python3.11/site-packages/airflow/example_dags/plugins/listener_plugin.py took 0.084 seconds
[2024-09-22T14:19:24.577+0100] {processor.py:186} INFO - Started process (PID=71958) to work on /Users/rtewelde/airflow_venv/lib/python3.11/site-packages/airflow/example_dags/plugins/listener_plugin.py
[2024-09-22T14:19:24.578+0100] {processor.py:914} INFO - Processing file /Users/rtewelde/airflow_venv/lib/python3.11/site-packages/airflow/example_dags/plugins/listener_plugin.py for tasks to queue
[2024-09-22T14:19:24.579+0100] {logging_mixin.py:190} INFO - [2024-09-22T14:19:24.579+0100] {dagbag.py:588} INFO - Filling up the DagBag from /Users/rtewelde/airflow_venv/lib/python3.11/site-packages/airflow/example_dags/plugins/listener_plugin.py
[2024-09-22T14:19:24.581+0100] {processor.py:927} WARNING - No viable dags retrieved from /Users/rtewelde/airflow_venv/lib/python3.11/site-packages/airflow/example_dags/plugins/listener_plugin.py
[2024-09-22T14:19:24.671+0100] {processor.py:208} INFO - Processing /Users/rtewelde/airflow_venv/lib/python3.11/site-packages/airflow/example_dags/plugins/listener_plugin.py took 0.096 seconds
[2024-09-22T14:22:21.955+0100] {processor.py:186} INFO - Started process (PID=73078) to work on /Users/rtewelde/airflow_venv/lib/python3.11/site-packages/airflow/example_dags/plugins/listener_plugin.py
[2024-09-22T14:22:21.956+0100] {processor.py:914} INFO - Processing file /Users/rtewelde/airflow_venv/lib/python3.11/site-packages/airflow/example_dags/plugins/listener_plugin.py for tasks to queue
[2024-09-22T14:22:21.957+0100] {logging_mixin.py:190} INFO - [2024-09-22T14:22:21.957+0100] {dagbag.py:588} INFO - Filling up the DagBag from /Users/rtewelde/airflow_venv/lib/python3.11/site-packages/airflow/example_dags/plugins/listener_plugin.py
[2024-09-22T14:22:21.959+0100] {processor.py:927} WARNING - No viable dags retrieved from /Users/rtewelde/airflow_venv/lib/python3.11/site-packages/airflow/example_dags/plugins/listener_plugin.py
[2024-09-22T14:22:22.051+0100] {processor.py:208} INFO - Processing /Users/rtewelde/airflow_venv/lib/python3.11/site-packages/airflow/example_dags/plugins/listener_plugin.py took 0.099 seconds
[2024-09-22T14:24:48.254+0100] {processor.py:186} INFO - Started process (PID=73801) to work on /Users/rtewelde/airflow_venv/lib/python3.11/site-packages/airflow/example_dags/plugins/listener_plugin.py
[2024-09-22T14:24:48.255+0100] {processor.py:914} INFO - Processing file /Users/rtewelde/airflow_venv/lib/python3.11/site-packages/airflow/example_dags/plugins/listener_plugin.py for tasks to queue
[2024-09-22T14:24:48.256+0100] {logging_mixin.py:190} INFO - [2024-09-22T14:24:48.256+0100] {dagbag.py:588} INFO - Filling up the DagBag from /Users/rtewelde/airflow_venv/lib/python3.11/site-packages/airflow/example_dags/plugins/listener_plugin.py
[2024-09-22T14:24:48.258+0100] {processor.py:927} WARNING - No viable dags retrieved from /Users/rtewelde/airflow_venv/lib/python3.11/site-packages/airflow/example_dags/plugins/listener_plugin.py
[2024-09-22T14:24:48.341+0100] {processor.py:208} INFO - Processing /Users/rtewelde/airflow_venv/lib/python3.11/site-packages/airflow/example_dags/plugins/listener_plugin.py took 0.090 seconds
[2024-09-22T14:27:10.719+0100] {processor.py:186} INFO - Started process (PID=74499) to work on /Users/rtewelde/airflow_venv/lib/python3.11/site-packages/airflow/example_dags/plugins/listener_plugin.py
[2024-09-22T14:27:10.720+0100] {processor.py:914} INFO - Processing file /Users/rtewelde/airflow_venv/lib/python3.11/site-packages/airflow/example_dags/plugins/listener_plugin.py for tasks to queue
[2024-09-22T14:27:10.720+0100] {logging_mixin.py:190} INFO - [2024-09-22T14:27:10.720+0100] {dagbag.py:588} INFO - Filling up the DagBag from /Users/rtewelde/airflow_venv/lib/python3.11/site-packages/airflow/example_dags/plugins/listener_plugin.py
[2024-09-22T14:27:10.722+0100] {processor.py:927} WARNING - No viable dags retrieved from /Users/rtewelde/airflow_venv/lib/python3.11/site-packages/airflow/example_dags/plugins/listener_plugin.py
[2024-09-22T14:27:10.816+0100] {processor.py:208} INFO - Processing /Users/rtewelde/airflow_venv/lib/python3.11/site-packages/airflow/example_dags/plugins/listener_plugin.py took 0.099 seconds
[2024-09-22T14:29:31.980+0100] {processor.py:186} INFO - Started process (PID=75221) to work on /Users/rtewelde/airflow_venv/lib/python3.11/site-packages/airflow/example_dags/plugins/listener_plugin.py
[2024-09-22T14:29:31.981+0100] {processor.py:914} INFO - Processing file /Users/rtewelde/airflow_venv/lib/python3.11/site-packages/airflow/example_dags/plugins/listener_plugin.py for tasks to queue
[2024-09-22T14:29:31.982+0100] {logging_mixin.py:190} INFO - [2024-09-22T14:29:31.982+0100] {dagbag.py:588} INFO - Filling up the DagBag from /Users/rtewelde/airflow_venv/lib/python3.11/site-packages/airflow/example_dags/plugins/listener_plugin.py
[2024-09-22T14:29:31.984+0100] {processor.py:927} WARNING - No viable dags retrieved from /Users/rtewelde/airflow_venv/lib/python3.11/site-packages/airflow/example_dags/plugins/listener_plugin.py
[2024-09-22T14:29:32.069+0100] {processor.py:208} INFO - Processing /Users/rtewelde/airflow_venv/lib/python3.11/site-packages/airflow/example_dags/plugins/listener_plugin.py took 0.092 seconds
[2024-09-22T14:31:48.603+0100] {processor.py:186} INFO - Started process (PID=75856) to work on /Users/rtewelde/airflow_venv/lib/python3.11/site-packages/airflow/example_dags/plugins/listener_plugin.py
[2024-09-22T14:31:48.603+0100] {processor.py:914} INFO - Processing file /Users/rtewelde/airflow_venv/lib/python3.11/site-packages/airflow/example_dags/plugins/listener_plugin.py for tasks to queue
[2024-09-22T14:31:48.605+0100] {logging_mixin.py:190} INFO - [2024-09-22T14:31:48.604+0100] {dagbag.py:588} INFO - Filling up the DagBag from /Users/rtewelde/airflow_venv/lib/python3.11/site-packages/airflow/example_dags/plugins/listener_plugin.py
[2024-09-22T14:31:48.606+0100] {processor.py:927} WARNING - No viable dags retrieved from /Users/rtewelde/airflow_venv/lib/python3.11/site-packages/airflow/example_dags/plugins/listener_plugin.py
[2024-09-22T14:31:48.690+0100] {processor.py:208} INFO - Processing /Users/rtewelde/airflow_venv/lib/python3.11/site-packages/airflow/example_dags/plugins/listener_plugin.py took 0.090 seconds
[2024-09-22T14:34:25.420+0100] {processor.py:186} INFO - Started process (PID=76609) to work on /Users/rtewelde/airflow_venv/lib/python3.11/site-packages/airflow/example_dags/plugins/listener_plugin.py
[2024-09-22T14:34:25.422+0100] {processor.py:914} INFO - Processing file /Users/rtewelde/airflow_venv/lib/python3.11/site-packages/airflow/example_dags/plugins/listener_plugin.py for tasks to queue
[2024-09-22T14:34:25.423+0100] {logging_mixin.py:190} INFO - [2024-09-22T14:34:25.422+0100] {dagbag.py:588} INFO - Filling up the DagBag from /Users/rtewelde/airflow_venv/lib/python3.11/site-packages/airflow/example_dags/plugins/listener_plugin.py
[2024-09-22T14:34:25.425+0100] {processor.py:927} WARNING - No viable dags retrieved from /Users/rtewelde/airflow_venv/lib/python3.11/site-packages/airflow/example_dags/plugins/listener_plugin.py
[2024-09-22T14:34:25.532+0100] {processor.py:208} INFO - Processing /Users/rtewelde/airflow_venv/lib/python3.11/site-packages/airflow/example_dags/plugins/listener_plugin.py took 0.114 seconds
[2024-09-22T14:37:20.174+0100] {processor.py:186} INFO - Started process (PID=77422) to work on /Users/rtewelde/airflow_venv/lib/python3.11/site-packages/airflow/example_dags/plugins/listener_plugin.py
[2024-09-22T14:37:20.176+0100] {processor.py:914} INFO - Processing file /Users/rtewelde/airflow_venv/lib/python3.11/site-packages/airflow/example_dags/plugins/listener_plugin.py for tasks to queue
[2024-09-22T14:37:20.177+0100] {logging_mixin.py:190} INFO - [2024-09-22T14:37:20.177+0100] {dagbag.py:588} INFO - Filling up the DagBag from /Users/rtewelde/airflow_venv/lib/python3.11/site-packages/airflow/example_dags/plugins/listener_plugin.py
[2024-09-22T14:37:20.181+0100] {processor.py:927} WARNING - No viable dags retrieved from /Users/rtewelde/airflow_venv/lib/python3.11/site-packages/airflow/example_dags/plugins/listener_plugin.py
[2024-09-22T14:37:20.287+0100] {processor.py:208} INFO - Processing /Users/rtewelde/airflow_venv/lib/python3.11/site-packages/airflow/example_dags/plugins/listener_plugin.py took 0.117 seconds
[2024-09-22T14:39:22.186+0100] {processor.py:186} INFO - Started process (PID=78191) to work on /Users/rtewelde/airflow_venv/lib/python3.11/site-packages/airflow/example_dags/plugins/listener_plugin.py
[2024-09-22T14:39:22.193+0100] {processor.py:914} INFO - Processing file /Users/rtewelde/airflow_venv/lib/python3.11/site-packages/airflow/example_dags/plugins/listener_plugin.py for tasks to queue
[2024-09-22T14:39:22.198+0100] {logging_mixin.py:190} INFO - [2024-09-22T14:39:22.197+0100] {dagbag.py:588} INFO - Filling up the DagBag from /Users/rtewelde/airflow_venv/lib/python3.11/site-packages/airflow/example_dags/plugins/listener_plugin.py
[2024-09-22T14:39:22.210+0100] {processor.py:927} WARNING - No viable dags retrieved from /Users/rtewelde/airflow_venv/lib/python3.11/site-packages/airflow/example_dags/plugins/listener_plugin.py
[2024-09-22T14:39:22.531+0100] {processor.py:208} INFO - Processing /Users/rtewelde/airflow_venv/lib/python3.11/site-packages/airflow/example_dags/plugins/listener_plugin.py took 0.349 seconds
[2024-09-22T14:42:12.219+0100] {processor.py:186} INFO - Started process (PID=79108) to work on /Users/rtewelde/airflow_venv/lib/python3.11/site-packages/airflow/example_dags/plugins/listener_plugin.py
[2024-09-22T14:42:12.221+0100] {processor.py:914} INFO - Processing file /Users/rtewelde/airflow_venv/lib/python3.11/site-packages/airflow/example_dags/plugins/listener_plugin.py for tasks to queue
[2024-09-22T14:42:12.222+0100] {logging_mixin.py:190} INFO - [2024-09-22T14:42:12.221+0100] {dagbag.py:588} INFO - Filling up the DagBag from /Users/rtewelde/airflow_venv/lib/python3.11/site-packages/airflow/example_dags/plugins/listener_plugin.py
[2024-09-22T14:42:12.225+0100] {processor.py:927} WARNING - No viable dags retrieved from /Users/rtewelde/airflow_venv/lib/python3.11/site-packages/airflow/example_dags/plugins/listener_plugin.py
[2024-09-22T14:42:12.324+0100] {processor.py:208} INFO - Processing /Users/rtewelde/airflow_venv/lib/python3.11/site-packages/airflow/example_dags/plugins/listener_plugin.py took 0.107 seconds
[2024-09-22T14:43:09.394+0100] {processor.py:186} INFO - Started process (PID=79393) to work on /Users/rtewelde/airflow_venv/lib/python3.11/site-packages/airflow/example_dags/plugins/listener_plugin.py
[2024-09-22T14:43:09.396+0100] {processor.py:914} INFO - Processing file /Users/rtewelde/airflow_venv/lib/python3.11/site-packages/airflow/example_dags/plugins/listener_plugin.py for tasks to queue
[2024-09-22T14:43:09.397+0100] {logging_mixin.py:190} INFO - [2024-09-22T14:43:09.397+0100] {dagbag.py:588} INFO - Filling up the DagBag from /Users/rtewelde/airflow_venv/lib/python3.11/site-packages/airflow/example_dags/plugins/listener_plugin.py
[2024-09-22T14:43:09.400+0100] {processor.py:927} WARNING - No viable dags retrieved from /Users/rtewelde/airflow_venv/lib/python3.11/site-packages/airflow/example_dags/plugins/listener_plugin.py
[2024-09-22T14:43:09.573+0100] {processor.py:208} INFO - Processing /Users/rtewelde/airflow_venv/lib/python3.11/site-packages/airflow/example_dags/plugins/listener_plugin.py took 0.181 seconds
[2024-09-22T14:45:30.913+0100] {processor.py:186} INFO - Started process (PID=80078) to work on /Users/rtewelde/airflow_venv/lib/python3.11/site-packages/airflow/example_dags/plugins/listener_plugin.py
[2024-09-22T14:45:30.915+0100] {processor.py:914} INFO - Processing file /Users/rtewelde/airflow_venv/lib/python3.11/site-packages/airflow/example_dags/plugins/listener_plugin.py for tasks to queue
[2024-09-22T14:45:30.916+0100] {logging_mixin.py:190} INFO - [2024-09-22T14:45:30.916+0100] {dagbag.py:588} INFO - Filling up the DagBag from /Users/rtewelde/airflow_venv/lib/python3.11/site-packages/airflow/example_dags/plugins/listener_plugin.py
[2024-09-22T14:45:30.918+0100] {processor.py:927} WARNING - No viable dags retrieved from /Users/rtewelde/airflow_venv/lib/python3.11/site-packages/airflow/example_dags/plugins/listener_plugin.py
[2024-09-22T14:45:31.034+0100] {processor.py:208} INFO - Processing /Users/rtewelde/airflow_venv/lib/python3.11/site-packages/airflow/example_dags/plugins/listener_plugin.py took 0.124 seconds
[2024-09-22T14:46:03.509+0100] {processor.py:186} INFO - Started process (PID=80232) to work on /Users/rtewelde/airflow_venv/lib/python3.11/site-packages/airflow/example_dags/plugins/listener_plugin.py
[2024-09-22T14:46:03.511+0100] {processor.py:914} INFO - Processing file /Users/rtewelde/airflow_venv/lib/python3.11/site-packages/airflow/example_dags/plugins/listener_plugin.py for tasks to queue
[2024-09-22T14:46:03.514+0100] {logging_mixin.py:190} INFO - [2024-09-22T14:46:03.513+0100] {dagbag.py:588} INFO - Filling up the DagBag from /Users/rtewelde/airflow_venv/lib/python3.11/site-packages/airflow/example_dags/plugins/listener_plugin.py
[2024-09-22T14:46:03.516+0100] {processor.py:927} WARNING - No viable dags retrieved from /Users/rtewelde/airflow_venv/lib/python3.11/site-packages/airflow/example_dags/plugins/listener_plugin.py
[2024-09-22T14:46:03.649+0100] {processor.py:208} INFO - Processing /Users/rtewelde/airflow_venv/lib/python3.11/site-packages/airflow/example_dags/plugins/listener_plugin.py took 0.144 seconds
[2024-09-22T14:49:28.043+0100] {processor.py:186} INFO - Started process (PID=81265) to work on /Users/rtewelde/airflow_venv/lib/python3.11/site-packages/airflow/example_dags/plugins/listener_plugin.py
[2024-09-22T14:49:28.045+0100] {processor.py:914} INFO - Processing file /Users/rtewelde/airflow_venv/lib/python3.11/site-packages/airflow/example_dags/plugins/listener_plugin.py for tasks to queue
[2024-09-22T14:49:28.047+0100] {logging_mixin.py:190} INFO - [2024-09-22T14:49:28.046+0100] {dagbag.py:588} INFO - Filling up the DagBag from /Users/rtewelde/airflow_venv/lib/python3.11/site-packages/airflow/example_dags/plugins/listener_plugin.py
[2024-09-22T14:49:28.051+0100] {processor.py:927} WARNING - No viable dags retrieved from /Users/rtewelde/airflow_venv/lib/python3.11/site-packages/airflow/example_dags/plugins/listener_plugin.py
[2024-09-22T14:49:28.208+0100] {processor.py:208} INFO - Processing /Users/rtewelde/airflow_venv/lib/python3.11/site-packages/airflow/example_dags/plugins/listener_plugin.py took 0.170 seconds
[2024-09-22T14:50:08.354+0100] {processor.py:186} INFO - Started process (PID=81465) to work on /Users/rtewelde/airflow_venv/lib/python3.11/site-packages/airflow/example_dags/plugins/listener_plugin.py
[2024-09-22T14:50:08.355+0100] {processor.py:914} INFO - Processing file /Users/rtewelde/airflow_venv/lib/python3.11/site-packages/airflow/example_dags/plugins/listener_plugin.py for tasks to queue
[2024-09-22T14:50:08.357+0100] {logging_mixin.py:190} INFO - [2024-09-22T14:50:08.356+0100] {dagbag.py:588} INFO - Filling up the DagBag from /Users/rtewelde/airflow_venv/lib/python3.11/site-packages/airflow/example_dags/plugins/listener_plugin.py
[2024-09-22T14:50:08.359+0100] {processor.py:927} WARNING - No viable dags retrieved from /Users/rtewelde/airflow_venv/lib/python3.11/site-packages/airflow/example_dags/plugins/listener_plugin.py
[2024-09-22T14:50:08.498+0100] {processor.py:208} INFO - Processing /Users/rtewelde/airflow_venv/lib/python3.11/site-packages/airflow/example_dags/plugins/listener_plugin.py took 0.147 seconds
