[2024-12-14T07:43:09.386+0000] {processor.py:186} INFO - Started process (PID=28768) to work on /Users/rtewelde/airflow_venv/lib/python3.11/site-packages/airflow/example_dags/subdags/subdag.py
[2024-12-14T07:43:09.387+0000] {processor.py:914} INFO - Processing file /Users/rtewelde/airflow_venv/lib/python3.11/site-packages/airflow/example_dags/subdags/subdag.py for tasks to queue
[2024-12-14T07:43:09.389+0000] {logging_mixin.py:190} INFO - [2024-12-14T07:43:09.388+0000] {dagbag.py:588} INFO - Filling up the DagBag from /Users/rtewelde/airflow_venv/lib/python3.11/site-packages/airflow/example_dags/subdags/subdag.py
[2024-12-14T07:43:09.391+0000] {processor.py:927} WARNING - No viable dags retrieved from /Users/rtewelde/airflow_venv/lib/python3.11/site-packages/airflow/example_dags/subdags/subdag.py
[2024-12-14T07:43:09.499+0000] {processor.py:208} INFO - Processing /Users/rtewelde/airflow_venv/lib/python3.11/site-packages/airflow/example_dags/subdags/subdag.py took 0.116 seconds
[2024-12-14T07:54:26.528+0000] {processor.py:186} INFO - Started process (PID=32910) to work on /Users/rtewelde/airflow_venv/lib/python3.11/site-packages/airflow/example_dags/subdags/subdag.py
[2024-12-14T07:54:26.529+0000] {processor.py:914} INFO - Processing file /Users/rtewelde/airflow_venv/lib/python3.11/site-packages/airflow/example_dags/subdags/subdag.py for tasks to queue
[2024-12-14T07:54:26.530+0000] {logging_mixin.py:190} INFO - [2024-12-14T07:54:26.529+0000] {dagbag.py:588} INFO - Filling up the DagBag from /Users/rtewelde/airflow_venv/lib/python3.11/site-packages/airflow/example_dags/subdags/subdag.py
[2024-12-14T07:54:26.531+0000] {processor.py:927} WARNING - No viable dags retrieved from /Users/rtewelde/airflow_venv/lib/python3.11/site-packages/airflow/example_dags/subdags/subdag.py
[2024-12-14T07:54:26.616+0000] {processor.py:208} INFO - Processing /Users/rtewelde/airflow_venv/lib/python3.11/site-packages/airflow/example_dags/subdags/subdag.py took 0.090 seconds
[2024-12-14T07:57:11.323+0000] {processor.py:186} INFO - Started process (PID=34011) to work on /Users/rtewelde/airflow_venv/lib/python3.11/site-packages/airflow/example_dags/subdags/subdag.py
[2024-12-14T07:57:11.324+0000] {processor.py:914} INFO - Processing file /Users/rtewelde/airflow_venv/lib/python3.11/site-packages/airflow/example_dags/subdags/subdag.py for tasks to queue
[2024-12-14T07:57:11.325+0000] {logging_mixin.py:190} INFO - [2024-12-14T07:57:11.325+0000] {dagbag.py:588} INFO - Filling up the DagBag from /Users/rtewelde/airflow_venv/lib/python3.11/site-packages/airflow/example_dags/subdags/subdag.py
[2024-12-14T07:57:11.326+0000] {processor.py:927} WARNING - No viable dags retrieved from /Users/rtewelde/airflow_venv/lib/python3.11/site-packages/airflow/example_dags/subdags/subdag.py
[2024-12-14T07:57:11.415+0000] {processor.py:208} INFO - Processing /Users/rtewelde/airflow_venv/lib/python3.11/site-packages/airflow/example_dags/subdags/subdag.py took 0.094 seconds
[2024-12-14T07:59:38.575+0000] {processor.py:186} INFO - Started process (PID=35782) to work on /Users/rtewelde/airflow_venv/lib/python3.11/site-packages/airflow/example_dags/subdags/subdag.py
[2024-12-14T07:59:38.576+0000] {processor.py:914} INFO - Processing file /Users/rtewelde/airflow_venv/lib/python3.11/site-packages/airflow/example_dags/subdags/subdag.py for tasks to queue
[2024-12-14T07:59:38.577+0000] {logging_mixin.py:190} INFO - [2024-12-14T07:59:38.577+0000] {dagbag.py:588} INFO - Filling up the DagBag from /Users/rtewelde/airflow_venv/lib/python3.11/site-packages/airflow/example_dags/subdags/subdag.py
[2024-12-14T07:59:38.579+0000] {processor.py:927} WARNING - No viable dags retrieved from /Users/rtewelde/airflow_venv/lib/python3.11/site-packages/airflow/example_dags/subdags/subdag.py
[2024-12-14T07:59:38.678+0000] {processor.py:208} INFO - Processing /Users/rtewelde/airflow_venv/lib/python3.11/site-packages/airflow/example_dags/subdags/subdag.py took 0.105 seconds
[2024-12-14T08:02:08.318+0000] {processor.py:186} INFO - Started process (PID=37154) to work on /Users/rtewelde/airflow_venv/lib/python3.11/site-packages/airflow/example_dags/subdags/subdag.py
[2024-12-14T08:02:08.319+0000] {processor.py:914} INFO - Processing file /Users/rtewelde/airflow_venv/lib/python3.11/site-packages/airflow/example_dags/subdags/subdag.py for tasks to queue
[2024-12-14T08:02:08.320+0000] {logging_mixin.py:190} INFO - [2024-12-14T08:02:08.320+0000] {dagbag.py:588} INFO - Filling up the DagBag from /Users/rtewelde/airflow_venv/lib/python3.11/site-packages/airflow/example_dags/subdags/subdag.py
[2024-12-14T08:02:08.326+0000] {processor.py:927} WARNING - No viable dags retrieved from /Users/rtewelde/airflow_venv/lib/python3.11/site-packages/airflow/example_dags/subdags/subdag.py
[2024-12-14T08:02:08.410+0000] {processor.py:208} INFO - Processing /Users/rtewelde/airflow_venv/lib/python3.11/site-packages/airflow/example_dags/subdags/subdag.py took 0.095 seconds
