[2024-09-23T02:06:44.381+0100] {processor.py:186} INFO - Started process (PID=1793) to work on /Users/rtewelde/airflow_venv/lib/python3.11/site-packages/airflow/example_dags/example_dynamic_task_mapping.py
[2024-09-23T02:06:44.382+0100] {processor.py:914} INFO - Processing file /Users/rtewelde/airflow_venv/lib/python3.11/site-packages/airflow/example_dags/example_dynamic_task_mapping.py for tasks to queue
[2024-09-23T02:06:44.383+0100] {logging_mixin.py:190} INFO - [2024-09-23T02:06:44.383+0100] {dagbag.py:588} INFO - Filling up the DagBag from /Users/rtewelde/airflow_venv/lib/python3.11/site-packages/airflow/example_dags/example_dynamic_task_mapping.py
[2024-09-23T02:06:44.414+0100] {processor.py:925} INFO - DAG(s) 'example_dynamic_task_mapping' retrieved from /Users/rtewelde/airflow_venv/lib/python3.11/site-packages/airflow/example_dags/example_dynamic_task_mapping.py
[2024-09-23T02:06:44.584+0100] {logging_mixin.py:190} INFO - [2024-09-23T02:06:44.584+0100] {dag.py:3239} INFO - Sync 1 DAGs
[2024-09-23T02:06:44.595+0100] {logging_mixin.py:190} INFO - [2024-09-23T02:06:44.595+0100] {dag.py:4180} INFO - Setting next_dagrun for example_dynamic_task_mapping to None, run_after=None
[2024-09-23T02:06:44.611+0100] {processor.py:208} INFO - Processing /Users/rtewelde/airflow_venv/lib/python3.11/site-packages/airflow/example_dags/example_dynamic_task_mapping.py took 0.231 seconds
[2024-09-23T02:08:13.710+0100] {processor.py:186} INFO - Started process (PID=2242) to work on /Users/rtewelde/airflow_venv/lib/python3.11/site-packages/airflow/example_dags/example_dynamic_task_mapping.py
[2024-09-23T02:08:13.711+0100] {processor.py:914} INFO - Processing file /Users/rtewelde/airflow_venv/lib/python3.11/site-packages/airflow/example_dags/example_dynamic_task_mapping.py for tasks to queue
[2024-09-23T02:08:13.712+0100] {logging_mixin.py:190} INFO - [2024-09-23T02:08:13.712+0100] {dagbag.py:588} INFO - Filling up the DagBag from /Users/rtewelde/airflow_venv/lib/python3.11/site-packages/airflow/example_dags/example_dynamic_task_mapping.py
[2024-09-23T02:08:13.742+0100] {processor.py:925} INFO - DAG(s) 'example_dynamic_task_mapping' retrieved from /Users/rtewelde/airflow_venv/lib/python3.11/site-packages/airflow/example_dags/example_dynamic_task_mapping.py
[2024-09-23T02:08:13.879+0100] {logging_mixin.py:190} INFO - [2024-09-23T02:08:13.878+0100] {dag.py:3239} INFO - Sync 1 DAGs
[2024-09-23T02:08:13.890+0100] {logging_mixin.py:190} INFO - [2024-09-23T02:08:13.890+0100] {dag.py:4180} INFO - Setting next_dagrun for example_dynamic_task_mapping to None, run_after=None
[2024-09-23T02:08:13.907+0100] {processor.py:208} INFO - Processing /Users/rtewelde/airflow_venv/lib/python3.11/site-packages/airflow/example_dags/example_dynamic_task_mapping.py took 0.199 seconds
[2024-09-23T02:09:34.327+0100] {processor.py:186} INFO - Started process (PID=2753) to work on /Users/rtewelde/airflow_venv/lib/python3.11/site-packages/airflow/example_dags/example_dynamic_task_mapping.py
[2024-09-23T02:09:34.328+0100] {processor.py:914} INFO - Processing file /Users/rtewelde/airflow_venv/lib/python3.11/site-packages/airflow/example_dags/example_dynamic_task_mapping.py for tasks to queue
[2024-09-23T02:09:34.329+0100] {logging_mixin.py:190} INFO - [2024-09-23T02:09:34.329+0100] {dagbag.py:588} INFO - Filling up the DagBag from /Users/rtewelde/airflow_venv/lib/python3.11/site-packages/airflow/example_dags/example_dynamic_task_mapping.py
[2024-09-23T02:09:34.365+0100] {processor.py:925} INFO - DAG(s) 'example_dynamic_task_mapping' retrieved from /Users/rtewelde/airflow_venv/lib/python3.11/site-packages/airflow/example_dags/example_dynamic_task_mapping.py
[2024-09-23T02:09:34.508+0100] {logging_mixin.py:190} INFO - [2024-09-23T02:09:34.508+0100] {dag.py:3239} INFO - Sync 1 DAGs
[2024-09-23T02:09:34.518+0100] {logging_mixin.py:190} INFO - [2024-09-23T02:09:34.518+0100] {dag.py:4180} INFO - Setting next_dagrun for example_dynamic_task_mapping to None, run_after=None
[2024-09-23T02:09:34.533+0100] {processor.py:208} INFO - Processing /Users/rtewelde/airflow_venv/lib/python3.11/site-packages/airflow/example_dags/example_dynamic_task_mapping.py took 0.209 seconds
[2024-09-23T02:10:59.801+0100] {processor.py:186} INFO - Started process (PID=3199) to work on /Users/rtewelde/airflow_venv/lib/python3.11/site-packages/airflow/example_dags/example_dynamic_task_mapping.py
[2024-09-23T02:10:59.802+0100] {processor.py:914} INFO - Processing file /Users/rtewelde/airflow_venv/lib/python3.11/site-packages/airflow/example_dags/example_dynamic_task_mapping.py for tasks to queue
[2024-09-23T02:10:59.803+0100] {logging_mixin.py:190} INFO - [2024-09-23T02:10:59.803+0100] {dagbag.py:588} INFO - Filling up the DagBag from /Users/rtewelde/airflow_venv/lib/python3.11/site-packages/airflow/example_dags/example_dynamic_task_mapping.py
[2024-09-23T02:10:59.833+0100] {processor.py:925} INFO - DAG(s) 'example_dynamic_task_mapping' retrieved from /Users/rtewelde/airflow_venv/lib/python3.11/site-packages/airflow/example_dags/example_dynamic_task_mapping.py
[2024-09-23T02:10:59.984+0100] {logging_mixin.py:190} INFO - [2024-09-23T02:10:59.984+0100] {dag.py:3239} INFO - Sync 1 DAGs
[2024-09-23T02:10:59.996+0100] {logging_mixin.py:190} INFO - [2024-09-23T02:10:59.996+0100] {dag.py:4180} INFO - Setting next_dagrun for example_dynamic_task_mapping to None, run_after=None
[2024-09-23T02:11:00.013+0100] {processor.py:208} INFO - Processing /Users/rtewelde/airflow_venv/lib/python3.11/site-packages/airflow/example_dags/example_dynamic_task_mapping.py took 0.214 seconds
[2024-09-23T12:28:41.797+0100] {processor.py:186} INFO - Started process (PID=16922) to work on /Users/rtewelde/airflow_venv/lib/python3.11/site-packages/airflow/example_dags/example_dynamic_task_mapping.py
[2024-09-23T12:28:41.798+0100] {processor.py:914} INFO - Processing file /Users/rtewelde/airflow_venv/lib/python3.11/site-packages/airflow/example_dags/example_dynamic_task_mapping.py for tasks to queue
[2024-09-23T12:28:41.799+0100] {logging_mixin.py:190} INFO - [2024-09-23T12:28:41.799+0100] {dagbag.py:588} INFO - Filling up the DagBag from /Users/rtewelde/airflow_venv/lib/python3.11/site-packages/airflow/example_dags/example_dynamic_task_mapping.py
[2024-09-23T12:28:41.834+0100] {processor.py:925} INFO - DAG(s) 'example_dynamic_task_mapping' retrieved from /Users/rtewelde/airflow_venv/lib/python3.11/site-packages/airflow/example_dags/example_dynamic_task_mapping.py
[2024-09-23T12:28:42.020+0100] {logging_mixin.py:190} INFO - [2024-09-23T12:28:42.019+0100] {dag.py:3239} INFO - Sync 1 DAGs
[2024-09-23T12:28:42.032+0100] {logging_mixin.py:190} INFO - [2024-09-23T12:28:42.032+0100] {dag.py:4180} INFO - Setting next_dagrun for example_dynamic_task_mapping to None, run_after=None
[2024-09-23T12:28:42.050+0100] {processor.py:208} INFO - Processing /Users/rtewelde/airflow_venv/lib/python3.11/site-packages/airflow/example_dags/example_dynamic_task_mapping.py took 0.256 seconds
[2024-09-23T12:31:42.619+0100] {processor.py:186} INFO - Started process (PID=17810) to work on /Users/rtewelde/airflow_venv/lib/python3.11/site-packages/airflow/example_dags/example_dynamic_task_mapping.py
[2024-09-23T12:31:42.620+0100] {processor.py:914} INFO - Processing file /Users/rtewelde/airflow_venv/lib/python3.11/site-packages/airflow/example_dags/example_dynamic_task_mapping.py for tasks to queue
[2024-09-23T12:31:42.621+0100] {logging_mixin.py:190} INFO - [2024-09-23T12:31:42.621+0100] {dagbag.py:588} INFO - Filling up the DagBag from /Users/rtewelde/airflow_venv/lib/python3.11/site-packages/airflow/example_dags/example_dynamic_task_mapping.py
[2024-09-23T12:31:42.653+0100] {processor.py:925} INFO - DAG(s) 'example_dynamic_task_mapping' retrieved from /Users/rtewelde/airflow_venv/lib/python3.11/site-packages/airflow/example_dags/example_dynamic_task_mapping.py
[2024-09-23T12:31:42.814+0100] {logging_mixin.py:190} INFO - [2024-09-23T12:31:42.814+0100] {dag.py:3239} INFO - Sync 1 DAGs
[2024-09-23T12:31:42.826+0100] {logging_mixin.py:190} INFO - [2024-09-23T12:31:42.825+0100] {dag.py:4180} INFO - Setting next_dagrun for example_dynamic_task_mapping to None, run_after=None
[2024-09-23T12:31:42.841+0100] {processor.py:208} INFO - Processing /Users/rtewelde/airflow_venv/lib/python3.11/site-packages/airflow/example_dags/example_dynamic_task_mapping.py took 0.224 seconds
[2024-09-23T12:36:45.453+0100] {processor.py:186} INFO - Started process (PID=19244) to work on /Users/rtewelde/airflow_venv/lib/python3.11/site-packages/airflow/example_dags/example_dynamic_task_mapping.py
[2024-09-23T12:36:45.454+0100] {processor.py:914} INFO - Processing file /Users/rtewelde/airflow_venv/lib/python3.11/site-packages/airflow/example_dags/example_dynamic_task_mapping.py for tasks to queue
[2024-09-23T12:36:45.456+0100] {logging_mixin.py:190} INFO - [2024-09-23T12:36:45.455+0100] {dagbag.py:588} INFO - Filling up the DagBag from /Users/rtewelde/airflow_venv/lib/python3.11/site-packages/airflow/example_dags/example_dynamic_task_mapping.py
[2024-09-23T12:36:45.486+0100] {processor.py:925} INFO - DAG(s) 'example_dynamic_task_mapping' retrieved from /Users/rtewelde/airflow_venv/lib/python3.11/site-packages/airflow/example_dags/example_dynamic_task_mapping.py
[2024-09-23T12:36:45.632+0100] {logging_mixin.py:190} INFO - [2024-09-23T12:36:45.632+0100] {dag.py:3239} INFO - Sync 1 DAGs
[2024-09-23T12:36:45.644+0100] {logging_mixin.py:190} INFO - [2024-09-23T12:36:45.644+0100] {dag.py:4180} INFO - Setting next_dagrun for example_dynamic_task_mapping to None, run_after=None
[2024-09-23T12:36:45.661+0100] {processor.py:208} INFO - Processing /Users/rtewelde/airflow_venv/lib/python3.11/site-packages/airflow/example_dags/example_dynamic_task_mapping.py took 0.212 seconds
[2024-09-23T12:41:40.743+0100] {processor.py:186} INFO - Started process (PID=20601) to work on /Users/rtewelde/airflow_venv/lib/python3.11/site-packages/airflow/example_dags/example_dynamic_task_mapping.py
[2024-09-23T12:41:40.745+0100] {processor.py:914} INFO - Processing file /Users/rtewelde/airflow_venv/lib/python3.11/site-packages/airflow/example_dags/example_dynamic_task_mapping.py for tasks to queue
[2024-09-23T12:41:40.746+0100] {logging_mixin.py:190} INFO - [2024-09-23T12:41:40.746+0100] {dagbag.py:588} INFO - Filling up the DagBag from /Users/rtewelde/airflow_venv/lib/python3.11/site-packages/airflow/example_dags/example_dynamic_task_mapping.py
[2024-09-23T12:41:40.779+0100] {processor.py:925} INFO - DAG(s) 'example_dynamic_task_mapping' retrieved from /Users/rtewelde/airflow_venv/lib/python3.11/site-packages/airflow/example_dags/example_dynamic_task_mapping.py
[2024-09-23T12:41:40.936+0100] {logging_mixin.py:190} INFO - [2024-09-23T12:41:40.935+0100] {dag.py:3239} INFO - Sync 1 DAGs
[2024-09-23T12:41:40.948+0100] {logging_mixin.py:190} INFO - [2024-09-23T12:41:40.948+0100] {dag.py:4180} INFO - Setting next_dagrun for example_dynamic_task_mapping to None, run_after=None
[2024-09-23T12:41:40.965+0100] {processor.py:208} INFO - Processing /Users/rtewelde/airflow_venv/lib/python3.11/site-packages/airflow/example_dags/example_dynamic_task_mapping.py took 0.225 seconds
[2024-09-23T12:46:12.915+0100] {processor.py:186} INFO - Started process (PID=21856) to work on /Users/rtewelde/airflow_venv/lib/python3.11/site-packages/airflow/example_dags/example_dynamic_task_mapping.py
[2024-09-23T12:46:12.915+0100] {processor.py:914} INFO - Processing file /Users/rtewelde/airflow_venv/lib/python3.11/site-packages/airflow/example_dags/example_dynamic_task_mapping.py for tasks to queue
[2024-09-23T12:46:12.916+0100] {logging_mixin.py:190} INFO - [2024-09-23T12:46:12.916+0100] {dagbag.py:588} INFO - Filling up the DagBag from /Users/rtewelde/airflow_venv/lib/python3.11/site-packages/airflow/example_dags/example_dynamic_task_mapping.py
[2024-09-23T12:46:12.946+0100] {processor.py:925} INFO - DAG(s) 'example_dynamic_task_mapping' retrieved from /Users/rtewelde/airflow_venv/lib/python3.11/site-packages/airflow/example_dags/example_dynamic_task_mapping.py
[2024-09-23T12:46:13.082+0100] {logging_mixin.py:190} INFO - [2024-09-23T12:46:13.082+0100] {dag.py:3239} INFO - Sync 1 DAGs
[2024-09-23T12:46:13.092+0100] {logging_mixin.py:190} INFO - [2024-09-23T12:46:13.092+0100] {dag.py:4180} INFO - Setting next_dagrun for example_dynamic_task_mapping to None, run_after=None
[2024-09-23T12:46:13.109+0100] {processor.py:208} INFO - Processing /Users/rtewelde/airflow_venv/lib/python3.11/site-packages/airflow/example_dags/example_dynamic_task_mapping.py took 0.197 seconds
[2024-09-23T12:50:44.480+0100] {processor.py:186} INFO - Started process (PID=23140) to work on /Users/rtewelde/airflow_venv/lib/python3.11/site-packages/airflow/example_dags/example_dynamic_task_mapping.py
[2024-09-23T12:50:44.481+0100] {processor.py:914} INFO - Processing file /Users/rtewelde/airflow_venv/lib/python3.11/site-packages/airflow/example_dags/example_dynamic_task_mapping.py for tasks to queue
[2024-09-23T12:50:44.483+0100] {logging_mixin.py:190} INFO - [2024-09-23T12:50:44.482+0100] {dagbag.py:588} INFO - Filling up the DagBag from /Users/rtewelde/airflow_venv/lib/python3.11/site-packages/airflow/example_dags/example_dynamic_task_mapping.py
[2024-09-23T12:50:44.516+0100] {processor.py:925} INFO - DAG(s) 'example_dynamic_task_mapping' retrieved from /Users/rtewelde/airflow_venv/lib/python3.11/site-packages/airflow/example_dags/example_dynamic_task_mapping.py
[2024-09-23T12:50:44.665+0100] {logging_mixin.py:190} INFO - [2024-09-23T12:50:44.665+0100] {dag.py:3239} INFO - Sync 1 DAGs
[2024-09-23T12:50:44.677+0100] {logging_mixin.py:190} INFO - [2024-09-23T12:50:44.677+0100] {dag.py:4180} INFO - Setting next_dagrun for example_dynamic_task_mapping to None, run_after=None
[2024-09-23T12:50:44.693+0100] {processor.py:208} INFO - Processing /Users/rtewelde/airflow_venv/lib/python3.11/site-packages/airflow/example_dags/example_dynamic_task_mapping.py took 0.216 seconds
[2024-09-23T12:55:37.333+0100] {processor.py:186} INFO - Started process (PID=24540) to work on /Users/rtewelde/airflow_venv/lib/python3.11/site-packages/airflow/example_dags/example_dynamic_task_mapping.py
[2024-09-23T12:55:37.335+0100] {processor.py:914} INFO - Processing file /Users/rtewelde/airflow_venv/lib/python3.11/site-packages/airflow/example_dags/example_dynamic_task_mapping.py for tasks to queue
[2024-09-23T12:55:37.335+0100] {logging_mixin.py:190} INFO - [2024-09-23T12:55:37.335+0100] {dagbag.py:588} INFO - Filling up the DagBag from /Users/rtewelde/airflow_venv/lib/python3.11/site-packages/airflow/example_dags/example_dynamic_task_mapping.py
[2024-09-23T12:55:37.370+0100] {processor.py:925} INFO - DAG(s) 'example_dynamic_task_mapping' retrieved from /Users/rtewelde/airflow_venv/lib/python3.11/site-packages/airflow/example_dags/example_dynamic_task_mapping.py
[2024-09-23T12:55:37.509+0100] {logging_mixin.py:190} INFO - [2024-09-23T12:55:37.508+0100] {dag.py:3239} INFO - Sync 1 DAGs
[2024-09-23T12:55:37.527+0100] {logging_mixin.py:190} INFO - [2024-09-23T12:55:37.527+0100] {dag.py:4180} INFO - Setting next_dagrun for example_dynamic_task_mapping to None, run_after=None
[2024-09-23T12:55:37.545+0100] {processor.py:208} INFO - Processing /Users/rtewelde/airflow_venv/lib/python3.11/site-packages/airflow/example_dags/example_dynamic_task_mapping.py took 0.214 seconds
[2024-09-23T18:06:37.055+0100] {processor.py:186} INFO - Started process (PID=25954) to work on /Users/rtewelde/airflow_venv/lib/python3.11/site-packages/airflow/example_dags/example_dynamic_task_mapping.py
[2024-09-23T18:06:37.056+0100] {processor.py:914} INFO - Processing file /Users/rtewelde/airflow_venv/lib/python3.11/site-packages/airflow/example_dags/example_dynamic_task_mapping.py for tasks to queue
[2024-09-23T18:06:37.057+0100] {logging_mixin.py:190} INFO - [2024-09-23T18:06:37.057+0100] {dagbag.py:588} INFO - Filling up the DagBag from /Users/rtewelde/airflow_venv/lib/python3.11/site-packages/airflow/example_dags/example_dynamic_task_mapping.py
[2024-09-23T18:06:37.088+0100] {processor.py:925} INFO - DAG(s) 'example_dynamic_task_mapping' retrieved from /Users/rtewelde/airflow_venv/lib/python3.11/site-packages/airflow/example_dags/example_dynamic_task_mapping.py
[2024-09-23T18:06:37.245+0100] {logging_mixin.py:190} INFO - [2024-09-23T18:06:37.245+0100] {dag.py:3239} INFO - Sync 1 DAGs
[2024-09-23T18:06:37.255+0100] {logging_mixin.py:190} INFO - [2024-09-23T18:06:37.255+0100] {dag.py:4180} INFO - Setting next_dagrun for example_dynamic_task_mapping to None, run_after=None
[2024-09-23T18:06:37.271+0100] {processor.py:208} INFO - Processing /Users/rtewelde/airflow_venv/lib/python3.11/site-packages/airflow/example_dags/example_dynamic_task_mapping.py took 0.218 seconds
[2024-09-23T18:11:04.200+0100] {processor.py:186} INFO - Started process (PID=27192) to work on /Users/rtewelde/airflow_venv/lib/python3.11/site-packages/airflow/example_dags/example_dynamic_task_mapping.py
[2024-09-23T18:11:04.201+0100] {processor.py:914} INFO - Processing file /Users/rtewelde/airflow_venv/lib/python3.11/site-packages/airflow/example_dags/example_dynamic_task_mapping.py for tasks to queue
[2024-09-23T18:11:04.202+0100] {logging_mixin.py:190} INFO - [2024-09-23T18:11:04.202+0100] {dagbag.py:588} INFO - Filling up the DagBag from /Users/rtewelde/airflow_venv/lib/python3.11/site-packages/airflow/example_dags/example_dynamic_task_mapping.py
[2024-09-23T18:11:04.232+0100] {processor.py:925} INFO - DAG(s) 'example_dynamic_task_mapping' retrieved from /Users/rtewelde/airflow_venv/lib/python3.11/site-packages/airflow/example_dags/example_dynamic_task_mapping.py
[2024-09-23T18:11:04.369+0100] {logging_mixin.py:190} INFO - [2024-09-23T18:11:04.368+0100] {dag.py:3239} INFO - Sync 1 DAGs
[2024-09-23T18:11:04.379+0100] {logging_mixin.py:190} INFO - [2024-09-23T18:11:04.379+0100] {dag.py:4180} INFO - Setting next_dagrun for example_dynamic_task_mapping to None, run_after=None
[2024-09-23T18:11:04.395+0100] {processor.py:208} INFO - Processing /Users/rtewelde/airflow_venv/lib/python3.11/site-packages/airflow/example_dags/example_dynamic_task_mapping.py took 0.196 seconds
[2024-09-23T18:36:49.011+0100] {processor.py:186} INFO - Started process (PID=28089) to work on /Users/rtewelde/airflow_venv/lib/python3.11/site-packages/airflow/example_dags/example_dynamic_task_mapping.py
[2024-09-23T18:36:49.012+0100] {processor.py:914} INFO - Processing file /Users/rtewelde/airflow_venv/lib/python3.11/site-packages/airflow/example_dags/example_dynamic_task_mapping.py for tasks to queue
[2024-09-23T18:36:49.013+0100] {logging_mixin.py:190} INFO - [2024-09-23T18:36:49.013+0100] {dagbag.py:588} INFO - Filling up the DagBag from /Users/rtewelde/airflow_venv/lib/python3.11/site-packages/airflow/example_dags/example_dynamic_task_mapping.py
[2024-09-23T18:36:49.045+0100] {processor.py:925} INFO - DAG(s) 'example_dynamic_task_mapping' retrieved from /Users/rtewelde/airflow_venv/lib/python3.11/site-packages/airflow/example_dags/example_dynamic_task_mapping.py
[2024-09-23T18:36:49.203+0100] {logging_mixin.py:190} INFO - [2024-09-23T18:36:49.203+0100] {dag.py:3239} INFO - Sync 1 DAGs
[2024-09-23T18:36:49.217+0100] {logging_mixin.py:190} INFO - [2024-09-23T18:36:49.217+0100] {dag.py:4180} INFO - Setting next_dagrun for example_dynamic_task_mapping to None, run_after=None
[2024-09-23T18:36:49.233+0100] {processor.py:208} INFO - Processing /Users/rtewelde/airflow_venv/lib/python3.11/site-packages/airflow/example_dags/example_dynamic_task_mapping.py took 0.224 seconds
[2024-09-23T18:39:33.682+0100] {processor.py:186} INFO - Started process (PID=29002) to work on /Users/rtewelde/airflow_venv/lib/python3.11/site-packages/airflow/example_dags/example_dynamic_task_mapping.py
[2024-09-23T18:39:33.685+0100] {processor.py:914} INFO - Processing file /Users/rtewelde/airflow_venv/lib/python3.11/site-packages/airflow/example_dags/example_dynamic_task_mapping.py for tasks to queue
[2024-09-23T18:39:33.687+0100] {logging_mixin.py:190} INFO - [2024-09-23T18:39:33.686+0100] {dagbag.py:588} INFO - Filling up the DagBag from /Users/rtewelde/airflow_venv/lib/python3.11/site-packages/airflow/example_dags/example_dynamic_task_mapping.py
[2024-09-23T18:39:33.735+0100] {processor.py:925} INFO - DAG(s) 'example_dynamic_task_mapping' retrieved from /Users/rtewelde/airflow_venv/lib/python3.11/site-packages/airflow/example_dags/example_dynamic_task_mapping.py
[2024-09-23T18:39:33.880+0100] {logging_mixin.py:190} INFO - [2024-09-23T18:39:33.879+0100] {dag.py:3239} INFO - Sync 1 DAGs
[2024-09-23T18:39:33.891+0100] {logging_mixin.py:190} INFO - [2024-09-23T18:39:33.891+0100] {dag.py:4180} INFO - Setting next_dagrun for example_dynamic_task_mapping to None, run_after=None
[2024-09-23T18:39:33.908+0100] {processor.py:208} INFO - Processing /Users/rtewelde/airflow_venv/lib/python3.11/site-packages/airflow/example_dags/example_dynamic_task_mapping.py took 0.230 seconds
[2024-09-23T19:02:06.217+0100] {processor.py:186} INFO - Started process (PID=37006) to work on /Users/rtewelde/airflow_venv/lib/python3.11/site-packages/airflow/example_dags/example_dynamic_task_mapping.py
[2024-09-23T19:02:06.219+0100] {processor.py:914} INFO - Processing file /Users/rtewelde/airflow_venv/lib/python3.11/site-packages/airflow/example_dags/example_dynamic_task_mapping.py for tasks to queue
[2024-09-23T19:02:06.220+0100] {logging_mixin.py:190} INFO - [2024-09-23T19:02:06.219+0100] {dagbag.py:588} INFO - Filling up the DagBag from /Users/rtewelde/airflow_venv/lib/python3.11/site-packages/airflow/example_dags/example_dynamic_task_mapping.py
[2024-09-23T19:02:06.267+0100] {processor.py:925} INFO - DAG(s) 'example_dynamic_task_mapping' retrieved from /Users/rtewelde/airflow_venv/lib/python3.11/site-packages/airflow/example_dags/example_dynamic_task_mapping.py
[2024-09-23T19:02:06.433+0100] {logging_mixin.py:190} INFO - [2024-09-23T19:02:06.433+0100] {dag.py:3239} INFO - Sync 1 DAGs
[2024-09-23T19:02:06.448+0100] {logging_mixin.py:190} INFO - [2024-09-23T19:02:06.447+0100] {dag.py:4180} INFO - Setting next_dagrun for example_dynamic_task_mapping to None, run_after=None
[2024-09-23T19:02:06.465+0100] {processor.py:208} INFO - Processing /Users/rtewelde/airflow_venv/lib/python3.11/site-packages/airflow/example_dags/example_dynamic_task_mapping.py took 0.250 seconds
[2024-09-23T19:05:06.493+0100] {processor.py:186} INFO - Started process (PID=37901) to work on /Users/rtewelde/airflow_venv/lib/python3.11/site-packages/airflow/example_dags/example_dynamic_task_mapping.py
[2024-09-23T19:05:06.494+0100] {processor.py:914} INFO - Processing file /Users/rtewelde/airflow_venv/lib/python3.11/site-packages/airflow/example_dags/example_dynamic_task_mapping.py for tasks to queue
[2024-09-23T19:05:06.495+0100] {logging_mixin.py:190} INFO - [2024-09-23T19:05:06.495+0100] {dagbag.py:588} INFO - Filling up the DagBag from /Users/rtewelde/airflow_venv/lib/python3.11/site-packages/airflow/example_dags/example_dynamic_task_mapping.py
[2024-09-23T19:05:06.529+0100] {processor.py:925} INFO - DAG(s) 'example_dynamic_task_mapping' retrieved from /Users/rtewelde/airflow_venv/lib/python3.11/site-packages/airflow/example_dags/example_dynamic_task_mapping.py
[2024-09-23T19:05:06.689+0100] {logging_mixin.py:190} INFO - [2024-09-23T19:05:06.689+0100] {dag.py:3239} INFO - Sync 1 DAGs
[2024-09-23T19:05:06.700+0100] {logging_mixin.py:190} INFO - [2024-09-23T19:05:06.700+0100] {dag.py:4180} INFO - Setting next_dagrun for example_dynamic_task_mapping to None, run_after=None
[2024-09-23T19:05:06.716+0100] {processor.py:208} INFO - Processing /Users/rtewelde/airflow_venv/lib/python3.11/site-packages/airflow/example_dags/example_dynamic_task_mapping.py took 0.225 seconds
[2024-09-23T19:09:54.145+0100] {processor.py:186} INFO - Started process (PID=39272) to work on /Users/rtewelde/airflow_venv/lib/python3.11/site-packages/airflow/example_dags/example_dynamic_task_mapping.py
[2024-09-23T19:09:54.147+0100] {processor.py:914} INFO - Processing file /Users/rtewelde/airflow_venv/lib/python3.11/site-packages/airflow/example_dags/example_dynamic_task_mapping.py for tasks to queue
[2024-09-23T19:09:54.148+0100] {logging_mixin.py:190} INFO - [2024-09-23T19:09:54.147+0100] {dagbag.py:588} INFO - Filling up the DagBag from /Users/rtewelde/airflow_venv/lib/python3.11/site-packages/airflow/example_dags/example_dynamic_task_mapping.py
[2024-09-23T19:09:54.178+0100] {processor.py:925} INFO - DAG(s) 'example_dynamic_task_mapping' retrieved from /Users/rtewelde/airflow_venv/lib/python3.11/site-packages/airflow/example_dags/example_dynamic_task_mapping.py
[2024-09-23T19:09:54.324+0100] {logging_mixin.py:190} INFO - [2024-09-23T19:09:54.324+0100] {dag.py:3239} INFO - Sync 1 DAGs
[2024-09-23T19:09:54.335+0100] {logging_mixin.py:190} INFO - [2024-09-23T19:09:54.335+0100] {dag.py:4180} INFO - Setting next_dagrun for example_dynamic_task_mapping to None, run_after=None
[2024-09-23T19:09:54.350+0100] {processor.py:208} INFO - Processing /Users/rtewelde/airflow_venv/lib/python3.11/site-packages/airflow/example_dags/example_dynamic_task_mapping.py took 0.207 seconds
[2024-09-23T19:14:23.918+0100] {processor.py:186} INFO - Started process (PID=40512) to work on /Users/rtewelde/airflow_venv/lib/python3.11/site-packages/airflow/example_dags/example_dynamic_task_mapping.py
[2024-09-23T19:14:23.919+0100] {processor.py:914} INFO - Processing file /Users/rtewelde/airflow_venv/lib/python3.11/site-packages/airflow/example_dags/example_dynamic_task_mapping.py for tasks to queue
[2024-09-23T19:14:23.920+0100] {logging_mixin.py:190} INFO - [2024-09-23T19:14:23.920+0100] {dagbag.py:588} INFO - Filling up the DagBag from /Users/rtewelde/airflow_venv/lib/python3.11/site-packages/airflow/example_dags/example_dynamic_task_mapping.py
[2024-09-23T19:14:23.950+0100] {processor.py:925} INFO - DAG(s) 'example_dynamic_task_mapping' retrieved from /Users/rtewelde/airflow_venv/lib/python3.11/site-packages/airflow/example_dags/example_dynamic_task_mapping.py
[2024-09-23T19:14:24.103+0100] {logging_mixin.py:190} INFO - [2024-09-23T19:14:24.103+0100] {dag.py:3239} INFO - Sync 1 DAGs
[2024-09-23T19:14:24.114+0100] {logging_mixin.py:190} INFO - [2024-09-23T19:14:24.114+0100] {dag.py:4180} INFO - Setting next_dagrun for example_dynamic_task_mapping to None, run_after=None
[2024-09-23T19:14:24.132+0100] {processor.py:208} INFO - Processing /Users/rtewelde/airflow_venv/lib/python3.11/site-packages/airflow/example_dags/example_dynamic_task_mapping.py took 0.217 seconds
[2024-09-23T19:18:56.142+0100] {processor.py:186} INFO - Started process (PID=41816) to work on /Users/rtewelde/airflow_venv/lib/python3.11/site-packages/airflow/example_dags/example_dynamic_task_mapping.py
[2024-09-23T19:18:56.143+0100] {processor.py:914} INFO - Processing file /Users/rtewelde/airflow_venv/lib/python3.11/site-packages/airflow/example_dags/example_dynamic_task_mapping.py for tasks to queue
[2024-09-23T19:18:56.145+0100] {logging_mixin.py:190} INFO - [2024-09-23T19:18:56.145+0100] {dagbag.py:588} INFO - Filling up the DagBag from /Users/rtewelde/airflow_venv/lib/python3.11/site-packages/airflow/example_dags/example_dynamic_task_mapping.py
[2024-09-23T19:18:56.177+0100] {processor.py:925} INFO - DAG(s) 'example_dynamic_task_mapping' retrieved from /Users/rtewelde/airflow_venv/lib/python3.11/site-packages/airflow/example_dags/example_dynamic_task_mapping.py
[2024-09-23T19:18:56.328+0100] {logging_mixin.py:190} INFO - [2024-09-23T19:18:56.327+0100] {dag.py:3239} INFO - Sync 1 DAGs
[2024-09-23T19:18:56.338+0100] {logging_mixin.py:190} INFO - [2024-09-23T19:18:56.338+0100] {dag.py:4180} INFO - Setting next_dagrun for example_dynamic_task_mapping to None, run_after=None
[2024-09-23T19:18:56.354+0100] {processor.py:208} INFO - Processing /Users/rtewelde/airflow_venv/lib/python3.11/site-packages/airflow/example_dags/example_dynamic_task_mapping.py took 0.215 seconds
[2024-09-23T19:23:28.034+0100] {processor.py:186} INFO - Started process (PID=43111) to work on /Users/rtewelde/airflow_venv/lib/python3.11/site-packages/airflow/example_dags/example_dynamic_task_mapping.py
[2024-09-23T19:23:28.035+0100] {processor.py:914} INFO - Processing file /Users/rtewelde/airflow_venv/lib/python3.11/site-packages/airflow/example_dags/example_dynamic_task_mapping.py for tasks to queue
[2024-09-23T19:23:28.036+0100] {logging_mixin.py:190} INFO - [2024-09-23T19:23:28.035+0100] {dagbag.py:588} INFO - Filling up the DagBag from /Users/rtewelde/airflow_venv/lib/python3.11/site-packages/airflow/example_dags/example_dynamic_task_mapping.py
[2024-09-23T19:23:28.068+0100] {processor.py:925} INFO - DAG(s) 'example_dynamic_task_mapping' retrieved from /Users/rtewelde/airflow_venv/lib/python3.11/site-packages/airflow/example_dags/example_dynamic_task_mapping.py
[2024-09-23T19:23:28.216+0100] {logging_mixin.py:190} INFO - [2024-09-23T19:23:28.216+0100] {dag.py:3239} INFO - Sync 1 DAGs
[2024-09-23T19:23:28.229+0100] {logging_mixin.py:190} INFO - [2024-09-23T19:23:28.228+0100] {dag.py:4180} INFO - Setting next_dagrun for example_dynamic_task_mapping to None, run_after=None
[2024-09-23T19:23:28.245+0100] {processor.py:208} INFO - Processing /Users/rtewelde/airflow_venv/lib/python3.11/site-packages/airflow/example_dags/example_dynamic_task_mapping.py took 0.214 seconds
[2024-09-23T19:28:00.809+0100] {processor.py:186} INFO - Started process (PID=44399) to work on /Users/rtewelde/airflow_venv/lib/python3.11/site-packages/airflow/example_dags/example_dynamic_task_mapping.py
[2024-09-23T19:28:00.810+0100] {processor.py:914} INFO - Processing file /Users/rtewelde/airflow_venv/lib/python3.11/site-packages/airflow/example_dags/example_dynamic_task_mapping.py for tasks to queue
[2024-09-23T19:28:00.811+0100] {logging_mixin.py:190} INFO - [2024-09-23T19:28:00.811+0100] {dagbag.py:588} INFO - Filling up the DagBag from /Users/rtewelde/airflow_venv/lib/python3.11/site-packages/airflow/example_dags/example_dynamic_task_mapping.py
[2024-09-23T19:28:00.843+0100] {processor.py:925} INFO - DAG(s) 'example_dynamic_task_mapping' retrieved from /Users/rtewelde/airflow_venv/lib/python3.11/site-packages/airflow/example_dags/example_dynamic_task_mapping.py
[2024-09-23T19:28:00.989+0100] {logging_mixin.py:190} INFO - [2024-09-23T19:28:00.989+0100] {dag.py:3239} INFO - Sync 1 DAGs
[2024-09-23T19:28:01.000+0100] {logging_mixin.py:190} INFO - [2024-09-23T19:28:01.000+0100] {dag.py:4180} INFO - Setting next_dagrun for example_dynamic_task_mapping to None, run_after=None
[2024-09-23T19:28:01.016+0100] {processor.py:208} INFO - Processing /Users/rtewelde/airflow_venv/lib/python3.11/site-packages/airflow/example_dags/example_dynamic_task_mapping.py took 0.209 seconds
[2024-09-23T19:32:31.381+0100] {processor.py:186} INFO - Started process (PID=45663) to work on /Users/rtewelde/airflow_venv/lib/python3.11/site-packages/airflow/example_dags/example_dynamic_task_mapping.py
[2024-09-23T19:32:31.382+0100] {processor.py:914} INFO - Processing file /Users/rtewelde/airflow_venv/lib/python3.11/site-packages/airflow/example_dags/example_dynamic_task_mapping.py for tasks to queue
[2024-09-23T19:32:31.383+0100] {logging_mixin.py:190} INFO - [2024-09-23T19:32:31.382+0100] {dagbag.py:588} INFO - Filling up the DagBag from /Users/rtewelde/airflow_venv/lib/python3.11/site-packages/airflow/example_dags/example_dynamic_task_mapping.py
[2024-09-23T19:32:31.421+0100] {processor.py:925} INFO - DAG(s) 'example_dynamic_task_mapping' retrieved from /Users/rtewelde/airflow_venv/lib/python3.11/site-packages/airflow/example_dags/example_dynamic_task_mapping.py
[2024-09-23T19:32:31.676+0100] {logging_mixin.py:190} INFO - [2024-09-23T19:32:31.676+0100] {dag.py:3239} INFO - Sync 1 DAGs
[2024-09-23T19:32:31.687+0100] {logging_mixin.py:190} INFO - [2024-09-23T19:32:31.687+0100] {dag.py:4180} INFO - Setting next_dagrun for example_dynamic_task_mapping to None, run_after=None
[2024-09-23T19:32:31.702+0100] {processor.py:208} INFO - Processing /Users/rtewelde/airflow_venv/lib/python3.11/site-packages/airflow/example_dags/example_dynamic_task_mapping.py took 0.324 seconds
[2024-09-23T19:37:02.198+0100] {processor.py:186} INFO - Started process (PID=46937) to work on /Users/rtewelde/airflow_venv/lib/python3.11/site-packages/airflow/example_dags/example_dynamic_task_mapping.py
[2024-09-23T19:37:02.199+0100] {processor.py:914} INFO - Processing file /Users/rtewelde/airflow_venv/lib/python3.11/site-packages/airflow/example_dags/example_dynamic_task_mapping.py for tasks to queue
[2024-09-23T19:37:02.200+0100] {logging_mixin.py:190} INFO - [2024-09-23T19:37:02.199+0100] {dagbag.py:588} INFO - Filling up the DagBag from /Users/rtewelde/airflow_venv/lib/python3.11/site-packages/airflow/example_dags/example_dynamic_task_mapping.py
[2024-09-23T19:37:02.231+0100] {processor.py:925} INFO - DAG(s) 'example_dynamic_task_mapping' retrieved from /Users/rtewelde/airflow_venv/lib/python3.11/site-packages/airflow/example_dags/example_dynamic_task_mapping.py
[2024-09-23T19:37:02.381+0100] {logging_mixin.py:190} INFO - [2024-09-23T19:37:02.380+0100] {dag.py:3239} INFO - Sync 1 DAGs
[2024-09-23T19:37:02.392+0100] {logging_mixin.py:190} INFO - [2024-09-23T19:37:02.391+0100] {dag.py:4180} INFO - Setting next_dagrun for example_dynamic_task_mapping to None, run_after=None
[2024-09-23T19:37:02.408+0100] {processor.py:208} INFO - Processing /Users/rtewelde/airflow_venv/lib/python3.11/site-packages/airflow/example_dags/example_dynamic_task_mapping.py took 0.212 seconds
[2024-09-23T19:41:28.610+0100] {processor.py:186} INFO - Started process (PID=48174) to work on /Users/rtewelde/airflow_venv/lib/python3.11/site-packages/airflow/example_dags/example_dynamic_task_mapping.py
[2024-09-23T19:41:28.611+0100] {processor.py:914} INFO - Processing file /Users/rtewelde/airflow_venv/lib/python3.11/site-packages/airflow/example_dags/example_dynamic_task_mapping.py for tasks to queue
[2024-09-23T19:41:28.612+0100] {logging_mixin.py:190} INFO - [2024-09-23T19:41:28.612+0100] {dagbag.py:588} INFO - Filling up the DagBag from /Users/rtewelde/airflow_venv/lib/python3.11/site-packages/airflow/example_dags/example_dynamic_task_mapping.py
[2024-09-23T19:41:28.644+0100] {processor.py:925} INFO - DAG(s) 'example_dynamic_task_mapping' retrieved from /Users/rtewelde/airflow_venv/lib/python3.11/site-packages/airflow/example_dags/example_dynamic_task_mapping.py
[2024-09-23T19:41:28.784+0100] {logging_mixin.py:190} INFO - [2024-09-23T19:41:28.784+0100] {dag.py:3239} INFO - Sync 1 DAGs
[2024-09-23T19:41:28.795+0100] {logging_mixin.py:190} INFO - [2024-09-23T19:41:28.795+0100] {dag.py:4180} INFO - Setting next_dagrun for example_dynamic_task_mapping to None, run_after=None
[2024-09-23T19:41:28.812+0100] {processor.py:208} INFO - Processing /Users/rtewelde/airflow_venv/lib/python3.11/site-packages/airflow/example_dags/example_dynamic_task_mapping.py took 0.204 seconds
[2024-09-23T19:45:58.931+0100] {processor.py:186} INFO - Started process (PID=49418) to work on /Users/rtewelde/airflow_venv/lib/python3.11/site-packages/airflow/example_dags/example_dynamic_task_mapping.py
[2024-09-23T19:45:58.932+0100] {processor.py:914} INFO - Processing file /Users/rtewelde/airflow_venv/lib/python3.11/site-packages/airflow/example_dags/example_dynamic_task_mapping.py for tasks to queue
[2024-09-23T19:45:58.933+0100] {logging_mixin.py:190} INFO - [2024-09-23T19:45:58.933+0100] {dagbag.py:588} INFO - Filling up the DagBag from /Users/rtewelde/airflow_venv/lib/python3.11/site-packages/airflow/example_dags/example_dynamic_task_mapping.py
[2024-09-23T19:45:58.965+0100] {processor.py:925} INFO - DAG(s) 'example_dynamic_task_mapping' retrieved from /Users/rtewelde/airflow_venv/lib/python3.11/site-packages/airflow/example_dags/example_dynamic_task_mapping.py
[2024-09-23T19:45:59.110+0100] {logging_mixin.py:190} INFO - [2024-09-23T19:45:59.110+0100] {dag.py:3239} INFO - Sync 1 DAGs
[2024-09-23T19:45:59.121+0100] {logging_mixin.py:190} INFO - [2024-09-23T19:45:59.120+0100] {dag.py:4180} INFO - Setting next_dagrun for example_dynamic_task_mapping to None, run_after=None
[2024-09-23T19:45:59.136+0100] {processor.py:208} INFO - Processing /Users/rtewelde/airflow_venv/lib/python3.11/site-packages/airflow/example_dags/example_dynamic_task_mapping.py took 0.207 seconds
[2024-09-23T19:50:28.572+0100] {processor.py:186} INFO - Started process (PID=50655) to work on /Users/rtewelde/airflow_venv/lib/python3.11/site-packages/airflow/example_dags/example_dynamic_task_mapping.py
[2024-09-23T19:50:28.573+0100] {processor.py:914} INFO - Processing file /Users/rtewelde/airflow_venv/lib/python3.11/site-packages/airflow/example_dags/example_dynamic_task_mapping.py for tasks to queue
[2024-09-23T19:50:28.574+0100] {logging_mixin.py:190} INFO - [2024-09-23T19:50:28.574+0100] {dagbag.py:588} INFO - Filling up the DagBag from /Users/rtewelde/airflow_venv/lib/python3.11/site-packages/airflow/example_dags/example_dynamic_task_mapping.py
[2024-09-23T19:50:28.605+0100] {processor.py:925} INFO - DAG(s) 'example_dynamic_task_mapping' retrieved from /Users/rtewelde/airflow_venv/lib/python3.11/site-packages/airflow/example_dags/example_dynamic_task_mapping.py
[2024-09-23T19:50:28.750+0100] {logging_mixin.py:190} INFO - [2024-09-23T19:50:28.749+0100] {dag.py:3239} INFO - Sync 1 DAGs
[2024-09-23T19:50:28.761+0100] {logging_mixin.py:190} INFO - [2024-09-23T19:50:28.760+0100] {dag.py:4180} INFO - Setting next_dagrun for example_dynamic_task_mapping to None, run_after=None
[2024-09-23T19:50:28.777+0100] {processor.py:208} INFO - Processing /Users/rtewelde/airflow_venv/lib/python3.11/site-packages/airflow/example_dags/example_dynamic_task_mapping.py took 0.207 seconds
[2024-09-23T19:54:56.807+0100] {processor.py:186} INFO - Started process (PID=51885) to work on /Users/rtewelde/airflow_venv/lib/python3.11/site-packages/airflow/example_dags/example_dynamic_task_mapping.py
[2024-09-23T19:54:56.808+0100] {processor.py:914} INFO - Processing file /Users/rtewelde/airflow_venv/lib/python3.11/site-packages/airflow/example_dags/example_dynamic_task_mapping.py for tasks to queue
[2024-09-23T19:54:56.809+0100] {logging_mixin.py:190} INFO - [2024-09-23T19:54:56.808+0100] {dagbag.py:588} INFO - Filling up the DagBag from /Users/rtewelde/airflow_venv/lib/python3.11/site-packages/airflow/example_dags/example_dynamic_task_mapping.py
[2024-09-23T19:54:56.839+0100] {processor.py:925} INFO - DAG(s) 'example_dynamic_task_mapping' retrieved from /Users/rtewelde/airflow_venv/lib/python3.11/site-packages/airflow/example_dags/example_dynamic_task_mapping.py
[2024-09-23T19:54:56.985+0100] {logging_mixin.py:190} INFO - [2024-09-23T19:54:56.985+0100] {dag.py:3239} INFO - Sync 1 DAGs
[2024-09-23T19:54:56.996+0100] {logging_mixin.py:190} INFO - [2024-09-23T19:54:56.996+0100] {dag.py:4180} INFO - Setting next_dagrun for example_dynamic_task_mapping to None, run_after=None
[2024-09-23T19:54:57.012+0100] {processor.py:208} INFO - Processing /Users/rtewelde/airflow_venv/lib/python3.11/site-packages/airflow/example_dags/example_dynamic_task_mapping.py took 0.207 seconds
[2024-09-23T19:59:25.577+0100] {processor.py:186} INFO - Started process (PID=53133) to work on /Users/rtewelde/airflow_venv/lib/python3.11/site-packages/airflow/example_dags/example_dynamic_task_mapping.py
[2024-09-23T19:59:25.578+0100] {processor.py:914} INFO - Processing file /Users/rtewelde/airflow_venv/lib/python3.11/site-packages/airflow/example_dags/example_dynamic_task_mapping.py for tasks to queue
[2024-09-23T19:59:25.579+0100] {logging_mixin.py:190} INFO - [2024-09-23T19:59:25.578+0100] {dagbag.py:588} INFO - Filling up the DagBag from /Users/rtewelde/airflow_venv/lib/python3.11/site-packages/airflow/example_dags/example_dynamic_task_mapping.py
[2024-09-23T19:59:25.609+0100] {processor.py:925} INFO - DAG(s) 'example_dynamic_task_mapping' retrieved from /Users/rtewelde/airflow_venv/lib/python3.11/site-packages/airflow/example_dags/example_dynamic_task_mapping.py
[2024-09-23T19:59:25.752+0100] {logging_mixin.py:190} INFO - [2024-09-23T19:59:25.752+0100] {dag.py:3239} INFO - Sync 1 DAGs
[2024-09-23T19:59:25.763+0100] {logging_mixin.py:190} INFO - [2024-09-23T19:59:25.763+0100] {dag.py:4180} INFO - Setting next_dagrun for example_dynamic_task_mapping to None, run_after=None
[2024-09-23T19:59:25.778+0100] {processor.py:208} INFO - Processing /Users/rtewelde/airflow_venv/lib/python3.11/site-packages/airflow/example_dags/example_dynamic_task_mapping.py took 0.203 seconds
[2024-09-23T20:03:45.365+0100] {processor.py:186} INFO - Started process (PID=54338) to work on /Users/rtewelde/airflow_venv/lib/python3.11/site-packages/airflow/example_dags/example_dynamic_task_mapping.py
[2024-09-23T20:03:45.366+0100] {processor.py:914} INFO - Processing file /Users/rtewelde/airflow_venv/lib/python3.11/site-packages/airflow/example_dags/example_dynamic_task_mapping.py for tasks to queue
[2024-09-23T20:03:45.367+0100] {logging_mixin.py:190} INFO - [2024-09-23T20:03:45.367+0100] {dagbag.py:588} INFO - Filling up the DagBag from /Users/rtewelde/airflow_venv/lib/python3.11/site-packages/airflow/example_dags/example_dynamic_task_mapping.py
[2024-09-23T20:03:45.400+0100] {processor.py:925} INFO - DAG(s) 'example_dynamic_task_mapping' retrieved from /Users/rtewelde/airflow_venv/lib/python3.11/site-packages/airflow/example_dags/example_dynamic_task_mapping.py
[2024-09-23T20:03:45.543+0100] {logging_mixin.py:190} INFO - [2024-09-23T20:03:45.543+0100] {dag.py:3239} INFO - Sync 1 DAGs
[2024-09-23T20:03:45.553+0100] {logging_mixin.py:190} INFO - [2024-09-23T20:03:45.553+0100] {dag.py:4180} INFO - Setting next_dagrun for example_dynamic_task_mapping to None, run_after=None
[2024-09-23T20:03:45.570+0100] {processor.py:208} INFO - Processing /Users/rtewelde/airflow_venv/lib/python3.11/site-packages/airflow/example_dags/example_dynamic_task_mapping.py took 0.207 seconds
[2024-09-23T20:08:13.454+0100] {processor.py:186} INFO - Started process (PID=55589) to work on /Users/rtewelde/airflow_venv/lib/python3.11/site-packages/airflow/example_dags/example_dynamic_task_mapping.py
[2024-09-23T20:08:13.455+0100] {processor.py:914} INFO - Processing file /Users/rtewelde/airflow_venv/lib/python3.11/site-packages/airflow/example_dags/example_dynamic_task_mapping.py for tasks to queue
[2024-09-23T20:08:13.456+0100] {logging_mixin.py:190} INFO - [2024-09-23T20:08:13.455+0100] {dagbag.py:588} INFO - Filling up the DagBag from /Users/rtewelde/airflow_venv/lib/python3.11/site-packages/airflow/example_dags/example_dynamic_task_mapping.py
[2024-09-23T20:08:13.486+0100] {processor.py:925} INFO - DAG(s) 'example_dynamic_task_mapping' retrieved from /Users/rtewelde/airflow_venv/lib/python3.11/site-packages/airflow/example_dags/example_dynamic_task_mapping.py
[2024-09-23T20:08:13.630+0100] {logging_mixin.py:190} INFO - [2024-09-23T20:08:13.630+0100] {dag.py:3239} INFO - Sync 1 DAGs
[2024-09-23T20:08:13.641+0100] {logging_mixin.py:190} INFO - [2024-09-23T20:08:13.641+0100] {dag.py:4180} INFO - Setting next_dagrun for example_dynamic_task_mapping to None, run_after=None
[2024-09-23T20:08:13.657+0100] {processor.py:208} INFO - Processing /Users/rtewelde/airflow_venv/lib/python3.11/site-packages/airflow/example_dags/example_dynamic_task_mapping.py took 0.206 seconds
[2024-09-23T20:12:43.264+0100] {processor.py:186} INFO - Started process (PID=56822) to work on /Users/rtewelde/airflow_venv/lib/python3.11/site-packages/airflow/example_dags/example_dynamic_task_mapping.py
[2024-09-23T20:12:43.265+0100] {processor.py:914} INFO - Processing file /Users/rtewelde/airflow_venv/lib/python3.11/site-packages/airflow/example_dags/example_dynamic_task_mapping.py for tasks to queue
[2024-09-23T20:12:43.266+0100] {logging_mixin.py:190} INFO - [2024-09-23T20:12:43.266+0100] {dagbag.py:588} INFO - Filling up the DagBag from /Users/rtewelde/airflow_venv/lib/python3.11/site-packages/airflow/example_dags/example_dynamic_task_mapping.py
[2024-09-23T20:12:43.298+0100] {processor.py:925} INFO - DAG(s) 'example_dynamic_task_mapping' retrieved from /Users/rtewelde/airflow_venv/lib/python3.11/site-packages/airflow/example_dags/example_dynamic_task_mapping.py
[2024-09-23T20:12:43.441+0100] {logging_mixin.py:190} INFO - [2024-09-23T20:12:43.441+0100] {dag.py:3239} INFO - Sync 1 DAGs
[2024-09-23T20:12:43.451+0100] {logging_mixin.py:190} INFO - [2024-09-23T20:12:43.451+0100] {dag.py:4180} INFO - Setting next_dagrun for example_dynamic_task_mapping to None, run_after=None
[2024-09-23T20:12:43.467+0100] {processor.py:208} INFO - Processing /Users/rtewelde/airflow_venv/lib/python3.11/site-packages/airflow/example_dags/example_dynamic_task_mapping.py took 0.206 seconds
[2024-09-23T20:17:13.666+0100] {processor.py:186} INFO - Started process (PID=58079) to work on /Users/rtewelde/airflow_venv/lib/python3.11/site-packages/airflow/example_dags/example_dynamic_task_mapping.py
[2024-09-23T20:17:13.667+0100] {processor.py:914} INFO - Processing file /Users/rtewelde/airflow_venv/lib/python3.11/site-packages/airflow/example_dags/example_dynamic_task_mapping.py for tasks to queue
[2024-09-23T20:17:13.668+0100] {logging_mixin.py:190} INFO - [2024-09-23T20:17:13.668+0100] {dagbag.py:588} INFO - Filling up the DagBag from /Users/rtewelde/airflow_venv/lib/python3.11/site-packages/airflow/example_dags/example_dynamic_task_mapping.py
[2024-09-23T20:17:13.700+0100] {processor.py:925} INFO - DAG(s) 'example_dynamic_task_mapping' retrieved from /Users/rtewelde/airflow_venv/lib/python3.11/site-packages/airflow/example_dags/example_dynamic_task_mapping.py
[2024-09-23T20:17:13.857+0100] {logging_mixin.py:190} INFO - [2024-09-23T20:17:13.856+0100] {dag.py:3239} INFO - Sync 1 DAGs
[2024-09-23T20:17:13.867+0100] {logging_mixin.py:190} INFO - [2024-09-23T20:17:13.867+0100] {dag.py:4180} INFO - Setting next_dagrun for example_dynamic_task_mapping to None, run_after=None
[2024-09-23T20:17:13.884+0100] {processor.py:208} INFO - Processing /Users/rtewelde/airflow_venv/lib/python3.11/site-packages/airflow/example_dags/example_dynamic_task_mapping.py took 0.220 seconds
[2024-09-23T20:21:50.082+0100] {processor.py:186} INFO - Started process (PID=59382) to work on /Users/rtewelde/airflow_venv/lib/python3.11/site-packages/airflow/example_dags/example_dynamic_task_mapping.py
[2024-09-23T20:21:50.084+0100] {processor.py:914} INFO - Processing file /Users/rtewelde/airflow_venv/lib/python3.11/site-packages/airflow/example_dags/example_dynamic_task_mapping.py for tasks to queue
[2024-09-23T20:21:50.085+0100] {logging_mixin.py:190} INFO - [2024-09-23T20:21:50.085+0100] {dagbag.py:588} INFO - Filling up the DagBag from /Users/rtewelde/airflow_venv/lib/python3.11/site-packages/airflow/example_dags/example_dynamic_task_mapping.py
[2024-09-23T20:21:50.114+0100] {processor.py:925} INFO - DAG(s) 'example_dynamic_task_mapping' retrieved from /Users/rtewelde/airflow_venv/lib/python3.11/site-packages/airflow/example_dags/example_dynamic_task_mapping.py
[2024-09-23T20:21:50.266+0100] {logging_mixin.py:190} INFO - [2024-09-23T20:21:50.266+0100] {dag.py:3239} INFO - Sync 1 DAGs
[2024-09-23T20:21:50.278+0100] {logging_mixin.py:190} INFO - [2024-09-23T20:21:50.278+0100] {dag.py:4180} INFO - Setting next_dagrun for example_dynamic_task_mapping to None, run_after=None
[2024-09-23T20:21:50.294+0100] {processor.py:208} INFO - Processing /Users/rtewelde/airflow_venv/lib/python3.11/site-packages/airflow/example_dags/example_dynamic_task_mapping.py took 0.215 seconds
[2024-09-23T20:26:22.650+0100] {processor.py:186} INFO - Started process (PID=60636) to work on /Users/rtewelde/airflow_venv/lib/python3.11/site-packages/airflow/example_dags/example_dynamic_task_mapping.py
[2024-09-23T20:26:22.651+0100] {processor.py:914} INFO - Processing file /Users/rtewelde/airflow_venv/lib/python3.11/site-packages/airflow/example_dags/example_dynamic_task_mapping.py for tasks to queue
[2024-09-23T20:26:22.652+0100] {logging_mixin.py:190} INFO - [2024-09-23T20:26:22.652+0100] {dagbag.py:588} INFO - Filling up the DagBag from /Users/rtewelde/airflow_venv/lib/python3.11/site-packages/airflow/example_dags/example_dynamic_task_mapping.py
[2024-09-23T20:26:22.682+0100] {processor.py:925} INFO - DAG(s) 'example_dynamic_task_mapping' retrieved from /Users/rtewelde/airflow_venv/lib/python3.11/site-packages/airflow/example_dags/example_dynamic_task_mapping.py
[2024-09-23T20:26:22.825+0100] {logging_mixin.py:190} INFO - [2024-09-23T20:26:22.825+0100] {dag.py:3239} INFO - Sync 1 DAGs
[2024-09-23T20:26:22.836+0100] {logging_mixin.py:190} INFO - [2024-09-23T20:26:22.836+0100] {dag.py:4180} INFO - Setting next_dagrun for example_dynamic_task_mapping to None, run_after=None
[2024-09-23T20:26:22.854+0100] {processor.py:208} INFO - Processing /Users/rtewelde/airflow_venv/lib/python3.11/site-packages/airflow/example_dags/example_dynamic_task_mapping.py took 0.206 seconds
[2024-09-23T20:30:52.882+0100] {processor.py:186} INFO - Started process (PID=61907) to work on /Users/rtewelde/airflow_venv/lib/python3.11/site-packages/airflow/example_dags/example_dynamic_task_mapping.py
[2024-09-23T20:30:52.882+0100] {processor.py:914} INFO - Processing file /Users/rtewelde/airflow_venv/lib/python3.11/site-packages/airflow/example_dags/example_dynamic_task_mapping.py for tasks to queue
[2024-09-23T20:30:52.883+0100] {logging_mixin.py:190} INFO - [2024-09-23T20:30:52.883+0100] {dagbag.py:588} INFO - Filling up the DagBag from /Users/rtewelde/airflow_venv/lib/python3.11/site-packages/airflow/example_dags/example_dynamic_task_mapping.py
[2024-09-23T20:30:52.915+0100] {processor.py:925} INFO - DAG(s) 'example_dynamic_task_mapping' retrieved from /Users/rtewelde/airflow_venv/lib/python3.11/site-packages/airflow/example_dags/example_dynamic_task_mapping.py
[2024-09-23T20:30:53.070+0100] {logging_mixin.py:190} INFO - [2024-09-23T20:30:53.069+0100] {dag.py:3239} INFO - Sync 1 DAGs
[2024-09-23T20:30:53.081+0100] {logging_mixin.py:190} INFO - [2024-09-23T20:30:53.080+0100] {dag.py:4180} INFO - Setting next_dagrun for example_dynamic_task_mapping to None, run_after=None
[2024-09-23T20:30:53.096+0100] {processor.py:208} INFO - Processing /Users/rtewelde/airflow_venv/lib/python3.11/site-packages/airflow/example_dags/example_dynamic_task_mapping.py took 0.217 seconds
[2024-09-23T20:35:17.966+0100] {processor.py:186} INFO - Started process (PID=63135) to work on /Users/rtewelde/airflow_venv/lib/python3.11/site-packages/airflow/example_dags/example_dynamic_task_mapping.py
[2024-09-23T20:35:17.966+0100] {processor.py:914} INFO - Processing file /Users/rtewelde/airflow_venv/lib/python3.11/site-packages/airflow/example_dags/example_dynamic_task_mapping.py for tasks to queue
[2024-09-23T20:35:17.967+0100] {logging_mixin.py:190} INFO - [2024-09-23T20:35:17.967+0100] {dagbag.py:588} INFO - Filling up the DagBag from /Users/rtewelde/airflow_venv/lib/python3.11/site-packages/airflow/example_dags/example_dynamic_task_mapping.py
[2024-09-23T20:35:17.998+0100] {processor.py:925} INFO - DAG(s) 'example_dynamic_task_mapping' retrieved from /Users/rtewelde/airflow_venv/lib/python3.11/site-packages/airflow/example_dags/example_dynamic_task_mapping.py
[2024-09-23T20:35:18.144+0100] {logging_mixin.py:190} INFO - [2024-09-23T20:35:18.144+0100] {dag.py:3239} INFO - Sync 1 DAGs
[2024-09-23T20:35:18.154+0100] {logging_mixin.py:190} INFO - [2024-09-23T20:35:18.154+0100] {dag.py:4180} INFO - Setting next_dagrun for example_dynamic_task_mapping to None, run_after=None
[2024-09-23T20:35:18.171+0100] {processor.py:208} INFO - Processing /Users/rtewelde/airflow_venv/lib/python3.11/site-packages/airflow/example_dags/example_dynamic_task_mapping.py took 0.208 seconds
[2024-09-23T20:39:47.988+0100] {processor.py:186} INFO - Started process (PID=64385) to work on /Users/rtewelde/airflow_venv/lib/python3.11/site-packages/airflow/example_dags/example_dynamic_task_mapping.py
[2024-09-23T20:39:47.989+0100] {processor.py:914} INFO - Processing file /Users/rtewelde/airflow_venv/lib/python3.11/site-packages/airflow/example_dags/example_dynamic_task_mapping.py for tasks to queue
[2024-09-23T20:39:47.991+0100] {logging_mixin.py:190} INFO - [2024-09-23T20:39:47.991+0100] {dagbag.py:588} INFO - Filling up the DagBag from /Users/rtewelde/airflow_venv/lib/python3.11/site-packages/airflow/example_dags/example_dynamic_task_mapping.py
[2024-09-23T20:39:48.030+0100] {processor.py:925} INFO - DAG(s) 'example_dynamic_task_mapping' retrieved from /Users/rtewelde/airflow_venv/lib/python3.11/site-packages/airflow/example_dags/example_dynamic_task_mapping.py
[2024-09-23T20:39:48.173+0100] {logging_mixin.py:190} INFO - [2024-09-23T20:39:48.173+0100] {dag.py:3239} INFO - Sync 1 DAGs
[2024-09-23T20:39:48.185+0100] {logging_mixin.py:190} INFO - [2024-09-23T20:39:48.185+0100] {dag.py:4180} INFO - Setting next_dagrun for example_dynamic_task_mapping to None, run_after=None
[2024-09-23T20:39:48.201+0100] {processor.py:208} INFO - Processing /Users/rtewelde/airflow_venv/lib/python3.11/site-packages/airflow/example_dags/example_dynamic_task_mapping.py took 0.215 seconds
[2024-09-23T20:44:22.308+0100] {processor.py:186} INFO - Started process (PID=65643) to work on /Users/rtewelde/airflow_venv/lib/python3.11/site-packages/airflow/example_dags/example_dynamic_task_mapping.py
[2024-09-23T20:44:22.310+0100] {processor.py:914} INFO - Processing file /Users/rtewelde/airflow_venv/lib/python3.11/site-packages/airflow/example_dags/example_dynamic_task_mapping.py for tasks to queue
[2024-09-23T20:44:22.311+0100] {logging_mixin.py:190} INFO - [2024-09-23T20:44:22.310+0100] {dagbag.py:588} INFO - Filling up the DagBag from /Users/rtewelde/airflow_venv/lib/python3.11/site-packages/airflow/example_dags/example_dynamic_task_mapping.py
[2024-09-23T20:44:22.341+0100] {processor.py:925} INFO - DAG(s) 'example_dynamic_task_mapping' retrieved from /Users/rtewelde/airflow_venv/lib/python3.11/site-packages/airflow/example_dags/example_dynamic_task_mapping.py
[2024-09-23T20:44:22.490+0100] {logging_mixin.py:190} INFO - [2024-09-23T20:44:22.490+0100] {dag.py:3239} INFO - Sync 1 DAGs
[2024-09-23T20:44:22.502+0100] {logging_mixin.py:190} INFO - [2024-09-23T20:44:22.502+0100] {dag.py:4180} INFO - Setting next_dagrun for example_dynamic_task_mapping to None, run_after=None
[2024-09-23T20:44:22.517+0100] {processor.py:208} INFO - Processing /Users/rtewelde/airflow_venv/lib/python3.11/site-packages/airflow/example_dags/example_dynamic_task_mapping.py took 0.211 seconds
[2024-09-23T20:48:52.942+0100] {processor.py:186} INFO - Started process (PID=66895) to work on /Users/rtewelde/airflow_venv/lib/python3.11/site-packages/airflow/example_dags/example_dynamic_task_mapping.py
[2024-09-23T20:48:52.943+0100] {processor.py:914} INFO - Processing file /Users/rtewelde/airflow_venv/lib/python3.11/site-packages/airflow/example_dags/example_dynamic_task_mapping.py for tasks to queue
[2024-09-23T20:48:52.944+0100] {logging_mixin.py:190} INFO - [2024-09-23T20:48:52.943+0100] {dagbag.py:588} INFO - Filling up the DagBag from /Users/rtewelde/airflow_venv/lib/python3.11/site-packages/airflow/example_dags/example_dynamic_task_mapping.py
[2024-09-23T20:48:52.980+0100] {processor.py:925} INFO - DAG(s) 'example_dynamic_task_mapping' retrieved from /Users/rtewelde/airflow_venv/lib/python3.11/site-packages/airflow/example_dags/example_dynamic_task_mapping.py
[2024-09-23T20:48:53.132+0100] {logging_mixin.py:190} INFO - [2024-09-23T20:48:53.132+0100] {dag.py:3239} INFO - Sync 1 DAGs
[2024-09-23T20:48:53.142+0100] {logging_mixin.py:190} INFO - [2024-09-23T20:48:53.142+0100] {dag.py:4180} INFO - Setting next_dagrun for example_dynamic_task_mapping to None, run_after=None
[2024-09-23T20:48:53.158+0100] {processor.py:208} INFO - Processing /Users/rtewelde/airflow_venv/lib/python3.11/site-packages/airflow/example_dags/example_dynamic_task_mapping.py took 0.219 seconds
[2024-09-23T20:53:22.407+0100] {processor.py:186} INFO - Started process (PID=68132) to work on /Users/rtewelde/airflow_venv/lib/python3.11/site-packages/airflow/example_dags/example_dynamic_task_mapping.py
[2024-09-23T20:53:22.408+0100] {processor.py:914} INFO - Processing file /Users/rtewelde/airflow_venv/lib/python3.11/site-packages/airflow/example_dags/example_dynamic_task_mapping.py for tasks to queue
[2024-09-23T20:53:22.409+0100] {logging_mixin.py:190} INFO - [2024-09-23T20:53:22.409+0100] {dagbag.py:588} INFO - Filling up the DagBag from /Users/rtewelde/airflow_venv/lib/python3.11/site-packages/airflow/example_dags/example_dynamic_task_mapping.py
[2024-09-23T20:53:22.441+0100] {processor.py:925} INFO - DAG(s) 'example_dynamic_task_mapping' retrieved from /Users/rtewelde/airflow_venv/lib/python3.11/site-packages/airflow/example_dags/example_dynamic_task_mapping.py
[2024-09-23T20:53:22.589+0100] {logging_mixin.py:190} INFO - [2024-09-23T20:53:22.589+0100] {dag.py:3239} INFO - Sync 1 DAGs
[2024-09-23T20:53:22.599+0100] {logging_mixin.py:190} INFO - [2024-09-23T20:53:22.599+0100] {dag.py:4180} INFO - Setting next_dagrun for example_dynamic_task_mapping to None, run_after=None
[2024-09-23T20:53:22.614+0100] {processor.py:208} INFO - Processing /Users/rtewelde/airflow_venv/lib/python3.11/site-packages/airflow/example_dags/example_dynamic_task_mapping.py took 0.209 seconds
[2024-09-23T20:57:52.299+0100] {processor.py:186} INFO - Started process (PID=69373) to work on /Users/rtewelde/airflow_venv/lib/python3.11/site-packages/airflow/example_dags/example_dynamic_task_mapping.py
[2024-09-23T20:57:52.300+0100] {processor.py:914} INFO - Processing file /Users/rtewelde/airflow_venv/lib/python3.11/site-packages/airflow/example_dags/example_dynamic_task_mapping.py for tasks to queue
[2024-09-23T20:57:52.301+0100] {logging_mixin.py:190} INFO - [2024-09-23T20:57:52.301+0100] {dagbag.py:588} INFO - Filling up the DagBag from /Users/rtewelde/airflow_venv/lib/python3.11/site-packages/airflow/example_dags/example_dynamic_task_mapping.py
[2024-09-23T20:57:52.331+0100] {processor.py:925} INFO - DAG(s) 'example_dynamic_task_mapping' retrieved from /Users/rtewelde/airflow_venv/lib/python3.11/site-packages/airflow/example_dags/example_dynamic_task_mapping.py
[2024-09-23T20:57:52.485+0100] {logging_mixin.py:190} INFO - [2024-09-23T20:57:52.484+0100] {dag.py:3239} INFO - Sync 1 DAGs
[2024-09-23T20:57:52.495+0100] {logging_mixin.py:190} INFO - [2024-09-23T20:57:52.495+0100] {dag.py:4180} INFO - Setting next_dagrun for example_dynamic_task_mapping to None, run_after=None
[2024-09-23T20:57:52.510+0100] {processor.py:208} INFO - Processing /Users/rtewelde/airflow_venv/lib/python3.11/site-packages/airflow/example_dags/example_dynamic_task_mapping.py took 0.214 seconds
[2024-09-23T21:02:21.475+0100] {processor.py:186} INFO - Started process (PID=70615) to work on /Users/rtewelde/airflow_venv/lib/python3.11/site-packages/airflow/example_dags/example_dynamic_task_mapping.py
[2024-09-23T21:02:21.476+0100] {processor.py:914} INFO - Processing file /Users/rtewelde/airflow_venv/lib/python3.11/site-packages/airflow/example_dags/example_dynamic_task_mapping.py for tasks to queue
[2024-09-23T21:02:21.477+0100] {logging_mixin.py:190} INFO - [2024-09-23T21:02:21.477+0100] {dagbag.py:588} INFO - Filling up the DagBag from /Users/rtewelde/airflow_venv/lib/python3.11/site-packages/airflow/example_dags/example_dynamic_task_mapping.py
[2024-09-23T21:02:21.509+0100] {processor.py:925} INFO - DAG(s) 'example_dynamic_task_mapping' retrieved from /Users/rtewelde/airflow_venv/lib/python3.11/site-packages/airflow/example_dags/example_dynamic_task_mapping.py
[2024-09-23T21:02:21.658+0100] {logging_mixin.py:190} INFO - [2024-09-23T21:02:21.657+0100] {dag.py:3239} INFO - Sync 1 DAGs
[2024-09-23T21:02:21.669+0100] {logging_mixin.py:190} INFO - [2024-09-23T21:02:21.668+0100] {dag.py:4180} INFO - Setting next_dagrun for example_dynamic_task_mapping to None, run_after=None
[2024-09-23T21:02:21.684+0100] {processor.py:208} INFO - Processing /Users/rtewelde/airflow_venv/lib/python3.11/site-packages/airflow/example_dags/example_dynamic_task_mapping.py took 0.211 seconds
[2024-09-23T21:06:46.691+0100] {processor.py:186} INFO - Started process (PID=71838) to work on /Users/rtewelde/airflow_venv/lib/python3.11/site-packages/airflow/example_dags/example_dynamic_task_mapping.py
[2024-09-23T21:06:46.692+0100] {processor.py:914} INFO - Processing file /Users/rtewelde/airflow_venv/lib/python3.11/site-packages/airflow/example_dags/example_dynamic_task_mapping.py for tasks to queue
[2024-09-23T21:06:46.693+0100] {logging_mixin.py:190} INFO - [2024-09-23T21:06:46.693+0100] {dagbag.py:588} INFO - Filling up the DagBag from /Users/rtewelde/airflow_venv/lib/python3.11/site-packages/airflow/example_dags/example_dynamic_task_mapping.py
[2024-09-23T21:06:46.724+0100] {processor.py:925} INFO - DAG(s) 'example_dynamic_task_mapping' retrieved from /Users/rtewelde/airflow_venv/lib/python3.11/site-packages/airflow/example_dags/example_dynamic_task_mapping.py
[2024-09-23T21:06:46.869+0100] {logging_mixin.py:190} INFO - [2024-09-23T21:06:46.869+0100] {dag.py:3239} INFO - Sync 1 DAGs
[2024-09-23T21:06:46.880+0100] {logging_mixin.py:190} INFO - [2024-09-23T21:06:46.880+0100] {dag.py:4180} INFO - Setting next_dagrun for example_dynamic_task_mapping to None, run_after=None
[2024-09-23T21:06:46.896+0100] {processor.py:208} INFO - Processing /Users/rtewelde/airflow_venv/lib/python3.11/site-packages/airflow/example_dags/example_dynamic_task_mapping.py took 0.207 seconds
[2024-09-23T21:11:17.212+0100] {processor.py:186} INFO - Started process (PID=73094) to work on /Users/rtewelde/airflow_venv/lib/python3.11/site-packages/airflow/example_dags/example_dynamic_task_mapping.py
[2024-09-23T21:11:17.213+0100] {processor.py:914} INFO - Processing file /Users/rtewelde/airflow_venv/lib/python3.11/site-packages/airflow/example_dags/example_dynamic_task_mapping.py for tasks to queue
[2024-09-23T21:11:17.214+0100] {logging_mixin.py:190} INFO - [2024-09-23T21:11:17.214+0100] {dagbag.py:588} INFO - Filling up the DagBag from /Users/rtewelde/airflow_venv/lib/python3.11/site-packages/airflow/example_dags/example_dynamic_task_mapping.py
[2024-09-23T21:11:17.244+0100] {processor.py:925} INFO - DAG(s) 'example_dynamic_task_mapping' retrieved from /Users/rtewelde/airflow_venv/lib/python3.11/site-packages/airflow/example_dags/example_dynamic_task_mapping.py
[2024-09-23T21:11:17.391+0100] {logging_mixin.py:190} INFO - [2024-09-23T21:11:17.390+0100] {dag.py:3239} INFO - Sync 1 DAGs
[2024-09-23T21:11:17.401+0100] {logging_mixin.py:190} INFO - [2024-09-23T21:11:17.401+0100] {dag.py:4180} INFO - Setting next_dagrun for example_dynamic_task_mapping to None, run_after=None
[2024-09-23T21:11:17.416+0100] {processor.py:208} INFO - Processing /Users/rtewelde/airflow_venv/lib/python3.11/site-packages/airflow/example_dags/example_dynamic_task_mapping.py took 0.206 seconds
[2024-09-23T21:15:46.450+0100] {processor.py:186} INFO - Started process (PID=74336) to work on /Users/rtewelde/airflow_venv/lib/python3.11/site-packages/airflow/example_dags/example_dynamic_task_mapping.py
[2024-09-23T21:15:46.451+0100] {processor.py:914} INFO - Processing file /Users/rtewelde/airflow_venv/lib/python3.11/site-packages/airflow/example_dags/example_dynamic_task_mapping.py for tasks to queue
[2024-09-23T21:15:46.452+0100] {logging_mixin.py:190} INFO - [2024-09-23T21:15:46.452+0100] {dagbag.py:588} INFO - Filling up the DagBag from /Users/rtewelde/airflow_venv/lib/python3.11/site-packages/airflow/example_dags/example_dynamic_task_mapping.py
[2024-09-23T21:15:46.488+0100] {processor.py:925} INFO - DAG(s) 'example_dynamic_task_mapping' retrieved from /Users/rtewelde/airflow_venv/lib/python3.11/site-packages/airflow/example_dags/example_dynamic_task_mapping.py
[2024-09-23T21:15:46.646+0100] {logging_mixin.py:190} INFO - [2024-09-23T21:15:46.645+0100] {dag.py:3239} INFO - Sync 1 DAGs
[2024-09-23T21:15:46.658+0100] {logging_mixin.py:190} INFO - [2024-09-23T21:15:46.658+0100] {dag.py:4180} INFO - Setting next_dagrun for example_dynamic_task_mapping to None, run_after=None
[2024-09-23T21:15:46.674+0100] {processor.py:208} INFO - Processing /Users/rtewelde/airflow_venv/lib/python3.11/site-packages/airflow/example_dags/example_dynamic_task_mapping.py took 0.227 seconds
[2024-09-23T21:20:18.898+0100] {processor.py:186} INFO - Started process (PID=75678) to work on /Users/rtewelde/airflow_venv/lib/python3.11/site-packages/airflow/example_dags/example_dynamic_task_mapping.py
[2024-09-23T21:20:18.900+0100] {processor.py:914} INFO - Processing file /Users/rtewelde/airflow_venv/lib/python3.11/site-packages/airflow/example_dags/example_dynamic_task_mapping.py for tasks to queue
[2024-09-23T21:20:18.901+0100] {logging_mixin.py:190} INFO - [2024-09-23T21:20:18.901+0100] {dagbag.py:588} INFO - Filling up the DagBag from /Users/rtewelde/airflow_venv/lib/python3.11/site-packages/airflow/example_dags/example_dynamic_task_mapping.py
[2024-09-23T21:20:18.932+0100] {processor.py:925} INFO - DAG(s) 'example_dynamic_task_mapping' retrieved from /Users/rtewelde/airflow_venv/lib/python3.11/site-packages/airflow/example_dags/example_dynamic_task_mapping.py
[2024-09-23T21:20:19.083+0100] {logging_mixin.py:190} INFO - [2024-09-23T21:20:19.083+0100] {dag.py:3239} INFO - Sync 1 DAGs
[2024-09-23T21:20:19.094+0100] {logging_mixin.py:190} INFO - [2024-09-23T21:20:19.094+0100] {dag.py:4180} INFO - Setting next_dagrun for example_dynamic_task_mapping to None, run_after=None
[2024-09-23T21:20:19.113+0100] {processor.py:208} INFO - Processing /Users/rtewelde/airflow_venv/lib/python3.11/site-packages/airflow/example_dags/example_dynamic_task_mapping.py took 0.216 seconds
[2024-09-23T21:24:49.871+0100] {processor.py:186} INFO - Started process (PID=76983) to work on /Users/rtewelde/airflow_venv/lib/python3.11/site-packages/airflow/example_dags/example_dynamic_task_mapping.py
[2024-09-23T21:24:49.873+0100] {processor.py:914} INFO - Processing file /Users/rtewelde/airflow_venv/lib/python3.11/site-packages/airflow/example_dags/example_dynamic_task_mapping.py for tasks to queue
[2024-09-23T21:24:49.874+0100] {logging_mixin.py:190} INFO - [2024-09-23T21:24:49.874+0100] {dagbag.py:588} INFO - Filling up the DagBag from /Users/rtewelde/airflow_venv/lib/python3.11/site-packages/airflow/example_dags/example_dynamic_task_mapping.py
[2024-09-23T21:24:49.906+0100] {processor.py:925} INFO - DAG(s) 'example_dynamic_task_mapping' retrieved from /Users/rtewelde/airflow_venv/lib/python3.11/site-packages/airflow/example_dags/example_dynamic_task_mapping.py
[2024-09-23T21:24:50.049+0100] {logging_mixin.py:190} INFO - [2024-09-23T21:24:50.049+0100] {dag.py:3239} INFO - Sync 1 DAGs
[2024-09-23T21:24:50.059+0100] {logging_mixin.py:190} INFO - [2024-09-23T21:24:50.059+0100] {dag.py:4180} INFO - Setting next_dagrun for example_dynamic_task_mapping to None, run_after=None
[2024-09-23T21:24:50.075+0100] {processor.py:208} INFO - Processing /Users/rtewelde/airflow_venv/lib/python3.11/site-packages/airflow/example_dags/example_dynamic_task_mapping.py took 0.206 seconds
[2024-09-24T00:15:45.632+0100] {processor.py:186} INFO - Started process (PID=78313) to work on /Users/rtewelde/airflow_venv/lib/python3.11/site-packages/airflow/example_dags/example_dynamic_task_mapping.py
[2024-09-24T00:15:45.633+0100] {processor.py:914} INFO - Processing file /Users/rtewelde/airflow_venv/lib/python3.11/site-packages/airflow/example_dags/example_dynamic_task_mapping.py for tasks to queue
[2024-09-24T00:15:45.634+0100] {logging_mixin.py:190} INFO - [2024-09-24T00:15:45.634+0100] {dagbag.py:588} INFO - Filling up the DagBag from /Users/rtewelde/airflow_venv/lib/python3.11/site-packages/airflow/example_dags/example_dynamic_task_mapping.py
[2024-09-24T00:15:45.667+0100] {processor.py:925} INFO - DAG(s) 'example_dynamic_task_mapping' retrieved from /Users/rtewelde/airflow_venv/lib/python3.11/site-packages/airflow/example_dags/example_dynamic_task_mapping.py
[2024-09-24T00:15:45.842+0100] {logging_mixin.py:190} INFO - [2024-09-24T00:15:45.841+0100] {dag.py:3239} INFO - Sync 1 DAGs
[2024-09-24T00:15:45.854+0100] {logging_mixin.py:190} INFO - [2024-09-24T00:15:45.854+0100] {dag.py:4180} INFO - Setting next_dagrun for example_dynamic_task_mapping to None, run_after=None
[2024-09-24T00:15:45.869+0100] {processor.py:208} INFO - Processing /Users/rtewelde/airflow_venv/lib/python3.11/site-packages/airflow/example_dags/example_dynamic_task_mapping.py took 0.240 seconds
[2024-09-24T00:20:12.742+0100] {processor.py:186} INFO - Started process (PID=79545) to work on /Users/rtewelde/airflow_venv/lib/python3.11/site-packages/airflow/example_dags/example_dynamic_task_mapping.py
[2024-09-24T00:20:12.743+0100] {processor.py:914} INFO - Processing file /Users/rtewelde/airflow_venv/lib/python3.11/site-packages/airflow/example_dags/example_dynamic_task_mapping.py for tasks to queue
[2024-09-24T00:20:12.744+0100] {logging_mixin.py:190} INFO - [2024-09-24T00:20:12.743+0100] {dagbag.py:588} INFO - Filling up the DagBag from /Users/rtewelde/airflow_venv/lib/python3.11/site-packages/airflow/example_dags/example_dynamic_task_mapping.py
[2024-09-24T00:20:12.779+0100] {processor.py:925} INFO - DAG(s) 'example_dynamic_task_mapping' retrieved from /Users/rtewelde/airflow_venv/lib/python3.11/site-packages/airflow/example_dags/example_dynamic_task_mapping.py
[2024-09-24T00:20:12.927+0100] {logging_mixin.py:190} INFO - [2024-09-24T00:20:12.926+0100] {dag.py:3239} INFO - Sync 1 DAGs
[2024-09-24T00:20:12.939+0100] {logging_mixin.py:190} INFO - [2024-09-24T00:20:12.939+0100] {dag.py:4180} INFO - Setting next_dagrun for example_dynamic_task_mapping to None, run_after=None
[2024-09-24T00:20:12.959+0100] {processor.py:208} INFO - Processing /Users/rtewelde/airflow_venv/lib/python3.11/site-packages/airflow/example_dags/example_dynamic_task_mapping.py took 0.220 seconds
[2024-09-24T00:24:42.122+0100] {processor.py:186} INFO - Started process (PID=80783) to work on /Users/rtewelde/airflow_venv/lib/python3.11/site-packages/airflow/example_dags/example_dynamic_task_mapping.py
[2024-09-24T00:24:42.122+0100] {processor.py:914} INFO - Processing file /Users/rtewelde/airflow_venv/lib/python3.11/site-packages/airflow/example_dags/example_dynamic_task_mapping.py for tasks to queue
[2024-09-24T00:24:42.123+0100] {logging_mixin.py:190} INFO - [2024-09-24T00:24:42.123+0100] {dagbag.py:588} INFO - Filling up the DagBag from /Users/rtewelde/airflow_venv/lib/python3.11/site-packages/airflow/example_dags/example_dynamic_task_mapping.py
[2024-09-24T00:24:42.153+0100] {processor.py:925} INFO - DAG(s) 'example_dynamic_task_mapping' retrieved from /Users/rtewelde/airflow_venv/lib/python3.11/site-packages/airflow/example_dags/example_dynamic_task_mapping.py
[2024-09-24T00:24:42.300+0100] {logging_mixin.py:190} INFO - [2024-09-24T00:24:42.299+0100] {dag.py:3239} INFO - Sync 1 DAGs
[2024-09-24T00:24:42.310+0100] {logging_mixin.py:190} INFO - [2024-09-24T00:24:42.310+0100] {dag.py:4180} INFO - Setting next_dagrun for example_dynamic_task_mapping to None, run_after=None
[2024-09-24T00:24:42.325+0100] {processor.py:208} INFO - Processing /Users/rtewelde/airflow_venv/lib/python3.11/site-packages/airflow/example_dags/example_dynamic_task_mapping.py took 0.206 seconds
[2024-09-24T00:29:21.716+0100] {processor.py:186} INFO - Started process (PID=82065) to work on /Users/rtewelde/airflow_venv/lib/python3.11/site-packages/airflow/example_dags/example_dynamic_task_mapping.py
[2024-09-24T00:29:21.717+0100] {processor.py:914} INFO - Processing file /Users/rtewelde/airflow_venv/lib/python3.11/site-packages/airflow/example_dags/example_dynamic_task_mapping.py for tasks to queue
[2024-09-24T00:29:21.718+0100] {logging_mixin.py:190} INFO - [2024-09-24T00:29:21.717+0100] {dagbag.py:588} INFO - Filling up the DagBag from /Users/rtewelde/airflow_venv/lib/python3.11/site-packages/airflow/example_dags/example_dynamic_task_mapping.py
[2024-09-24T00:29:21.748+0100] {processor.py:925} INFO - DAG(s) 'example_dynamic_task_mapping' retrieved from /Users/rtewelde/airflow_venv/lib/python3.11/site-packages/airflow/example_dags/example_dynamic_task_mapping.py
[2024-09-24T00:29:21.901+0100] {logging_mixin.py:190} INFO - [2024-09-24T00:29:21.901+0100] {dag.py:3239} INFO - Sync 1 DAGs
[2024-09-24T00:29:21.912+0100] {logging_mixin.py:190} INFO - [2024-09-24T00:29:21.912+0100] {dag.py:4180} INFO - Setting next_dagrun for example_dynamic_task_mapping to None, run_after=None
[2024-09-24T00:29:21.928+0100] {processor.py:208} INFO - Processing /Users/rtewelde/airflow_venv/lib/python3.11/site-packages/airflow/example_dags/example_dynamic_task_mapping.py took 0.215 seconds
[2024-09-24T00:33:50.380+0100] {processor.py:186} INFO - Started process (PID=83305) to work on /Users/rtewelde/airflow_venv/lib/python3.11/site-packages/airflow/example_dags/example_dynamic_task_mapping.py
[2024-09-24T00:33:50.381+0100] {processor.py:914} INFO - Processing file /Users/rtewelde/airflow_venv/lib/python3.11/site-packages/airflow/example_dags/example_dynamic_task_mapping.py for tasks to queue
[2024-09-24T00:33:50.381+0100] {logging_mixin.py:190} INFO - [2024-09-24T00:33:50.381+0100] {dagbag.py:588} INFO - Filling up the DagBag from /Users/rtewelde/airflow_venv/lib/python3.11/site-packages/airflow/example_dags/example_dynamic_task_mapping.py
[2024-09-24T00:33:50.413+0100] {processor.py:925} INFO - DAG(s) 'example_dynamic_task_mapping' retrieved from /Users/rtewelde/airflow_venv/lib/python3.11/site-packages/airflow/example_dags/example_dynamic_task_mapping.py
[2024-09-24T00:33:50.557+0100] {logging_mixin.py:190} INFO - [2024-09-24T00:33:50.556+0100] {dag.py:3239} INFO - Sync 1 DAGs
[2024-09-24T00:33:50.568+0100] {logging_mixin.py:190} INFO - [2024-09-24T00:33:50.567+0100] {dag.py:4180} INFO - Setting next_dagrun for example_dynamic_task_mapping to None, run_after=None
[2024-09-24T00:33:50.584+0100] {processor.py:208} INFO - Processing /Users/rtewelde/airflow_venv/lib/python3.11/site-packages/airflow/example_dags/example_dynamic_task_mapping.py took 0.207 seconds
[2024-09-24T00:38:19.534+0100] {processor.py:186} INFO - Started process (PID=84556) to work on /Users/rtewelde/airflow_venv/lib/python3.11/site-packages/airflow/example_dags/example_dynamic_task_mapping.py
[2024-09-24T00:38:19.535+0100] {processor.py:914} INFO - Processing file /Users/rtewelde/airflow_venv/lib/python3.11/site-packages/airflow/example_dags/example_dynamic_task_mapping.py for tasks to queue
[2024-09-24T00:38:19.536+0100] {logging_mixin.py:190} INFO - [2024-09-24T00:38:19.536+0100] {dagbag.py:588} INFO - Filling up the DagBag from /Users/rtewelde/airflow_venv/lib/python3.11/site-packages/airflow/example_dags/example_dynamic_task_mapping.py
[2024-09-24T00:38:19.568+0100] {processor.py:925} INFO - DAG(s) 'example_dynamic_task_mapping' retrieved from /Users/rtewelde/airflow_venv/lib/python3.11/site-packages/airflow/example_dags/example_dynamic_task_mapping.py
[2024-09-24T00:38:19.717+0100] {logging_mixin.py:190} INFO - [2024-09-24T00:38:19.716+0100] {dag.py:3239} INFO - Sync 1 DAGs
[2024-09-24T00:38:19.728+0100] {logging_mixin.py:190} INFO - [2024-09-24T00:38:19.727+0100] {dag.py:4180} INFO - Setting next_dagrun for example_dynamic_task_mapping to None, run_after=None
[2024-09-24T00:38:19.743+0100] {processor.py:208} INFO - Processing /Users/rtewelde/airflow_venv/lib/python3.11/site-packages/airflow/example_dags/example_dynamic_task_mapping.py took 0.211 seconds
[2024-09-24T00:42:46.755+0100] {processor.py:186} INFO - Started process (PID=85788) to work on /Users/rtewelde/airflow_venv/lib/python3.11/site-packages/airflow/example_dags/example_dynamic_task_mapping.py
[2024-09-24T00:42:46.756+0100] {processor.py:914} INFO - Processing file /Users/rtewelde/airflow_venv/lib/python3.11/site-packages/airflow/example_dags/example_dynamic_task_mapping.py for tasks to queue
[2024-09-24T00:42:46.757+0100] {logging_mixin.py:190} INFO - [2024-09-24T00:42:46.756+0100] {dagbag.py:588} INFO - Filling up the DagBag from /Users/rtewelde/airflow_venv/lib/python3.11/site-packages/airflow/example_dags/example_dynamic_task_mapping.py
[2024-09-24T00:42:46.791+0100] {processor.py:925} INFO - DAG(s) 'example_dynamic_task_mapping' retrieved from /Users/rtewelde/airflow_venv/lib/python3.11/site-packages/airflow/example_dags/example_dynamic_task_mapping.py
[2024-09-24T00:42:46.941+0100] {logging_mixin.py:190} INFO - [2024-09-24T00:42:46.941+0100] {dag.py:3239} INFO - Sync 1 DAGs
[2024-09-24T00:42:46.952+0100] {logging_mixin.py:190} INFO - [2024-09-24T00:42:46.952+0100] {dag.py:4180} INFO - Setting next_dagrun for example_dynamic_task_mapping to None, run_after=None
[2024-09-24T00:42:46.968+0100] {processor.py:208} INFO - Processing /Users/rtewelde/airflow_venv/lib/python3.11/site-packages/airflow/example_dags/example_dynamic_task_mapping.py took 0.216 seconds
[2024-09-24T00:47:16.582+0100] {processor.py:186} INFO - Started process (PID=87043) to work on /Users/rtewelde/airflow_venv/lib/python3.11/site-packages/airflow/example_dags/example_dynamic_task_mapping.py
[2024-09-24T00:47:16.583+0100] {processor.py:914} INFO - Processing file /Users/rtewelde/airflow_venv/lib/python3.11/site-packages/airflow/example_dags/example_dynamic_task_mapping.py for tasks to queue
[2024-09-24T00:47:16.584+0100] {logging_mixin.py:190} INFO - [2024-09-24T00:47:16.584+0100] {dagbag.py:588} INFO - Filling up the DagBag from /Users/rtewelde/airflow_venv/lib/python3.11/site-packages/airflow/example_dags/example_dynamic_task_mapping.py
[2024-09-24T00:47:16.615+0100] {processor.py:925} INFO - DAG(s) 'example_dynamic_task_mapping' retrieved from /Users/rtewelde/airflow_venv/lib/python3.11/site-packages/airflow/example_dags/example_dynamic_task_mapping.py
[2024-09-24T00:47:16.769+0100] {logging_mixin.py:190} INFO - [2024-09-24T00:47:16.768+0100] {dag.py:3239} INFO - Sync 1 DAGs
[2024-09-24T00:47:16.779+0100] {logging_mixin.py:190} INFO - [2024-09-24T00:47:16.779+0100] {dag.py:4180} INFO - Setting next_dagrun for example_dynamic_task_mapping to None, run_after=None
[2024-09-24T00:47:16.797+0100] {processor.py:208} INFO - Processing /Users/rtewelde/airflow_venv/lib/python3.11/site-packages/airflow/example_dags/example_dynamic_task_mapping.py took 0.218 seconds
[2024-09-24T00:51:46.538+0100] {processor.py:186} INFO - Started process (PID=88283) to work on /Users/rtewelde/airflow_venv/lib/python3.11/site-packages/airflow/example_dags/example_dynamic_task_mapping.py
[2024-09-24T00:51:46.539+0100] {processor.py:914} INFO - Processing file /Users/rtewelde/airflow_venv/lib/python3.11/site-packages/airflow/example_dags/example_dynamic_task_mapping.py for tasks to queue
[2024-09-24T00:51:46.540+0100] {logging_mixin.py:190} INFO - [2024-09-24T00:51:46.540+0100] {dagbag.py:588} INFO - Filling up the DagBag from /Users/rtewelde/airflow_venv/lib/python3.11/site-packages/airflow/example_dags/example_dynamic_task_mapping.py
[2024-09-24T00:51:46.570+0100] {processor.py:925} INFO - DAG(s) 'example_dynamic_task_mapping' retrieved from /Users/rtewelde/airflow_venv/lib/python3.11/site-packages/airflow/example_dags/example_dynamic_task_mapping.py
[2024-09-24T00:51:46.723+0100] {logging_mixin.py:190} INFO - [2024-09-24T00:51:46.722+0100] {dag.py:3239} INFO - Sync 1 DAGs
[2024-09-24T00:51:46.733+0100] {logging_mixin.py:190} INFO - [2024-09-24T00:51:46.733+0100] {dag.py:4180} INFO - Setting next_dagrun for example_dynamic_task_mapping to None, run_after=None
[2024-09-24T00:51:46.749+0100] {processor.py:208} INFO - Processing /Users/rtewelde/airflow_venv/lib/python3.11/site-packages/airflow/example_dags/example_dynamic_task_mapping.py took 0.214 seconds
[2024-09-24T00:56:17.444+0100] {processor.py:186} INFO - Started process (PID=89545) to work on /Users/rtewelde/airflow_venv/lib/python3.11/site-packages/airflow/example_dags/example_dynamic_task_mapping.py
[2024-09-24T00:56:17.445+0100] {processor.py:914} INFO - Processing file /Users/rtewelde/airflow_venv/lib/python3.11/site-packages/airflow/example_dags/example_dynamic_task_mapping.py for tasks to queue
[2024-09-24T00:56:17.447+0100] {logging_mixin.py:190} INFO - [2024-09-24T00:56:17.446+0100] {dagbag.py:588} INFO - Filling up the DagBag from /Users/rtewelde/airflow_venv/lib/python3.11/site-packages/airflow/example_dags/example_dynamic_task_mapping.py
[2024-09-24T00:56:17.478+0100] {processor.py:925} INFO - DAG(s) 'example_dynamic_task_mapping' retrieved from /Users/rtewelde/airflow_venv/lib/python3.11/site-packages/airflow/example_dags/example_dynamic_task_mapping.py
[2024-09-24T00:56:17.630+0100] {logging_mixin.py:190} INFO - [2024-09-24T00:56:17.629+0100] {dag.py:3239} INFO - Sync 1 DAGs
[2024-09-24T00:56:17.640+0100] {logging_mixin.py:190} INFO - [2024-09-24T00:56:17.640+0100] {dag.py:4180} INFO - Setting next_dagrun for example_dynamic_task_mapping to None, run_after=None
[2024-09-24T00:56:17.656+0100] {processor.py:208} INFO - Processing /Users/rtewelde/airflow_venv/lib/python3.11/site-packages/airflow/example_dags/example_dynamic_task_mapping.py took 0.215 seconds
