[2024-09-23T02:07:22.745+0100] {processor.py:186} INFO - Started process (PID=1992) to work on /Users/rtewelde/airflow_venv/lib/python3.11/site-packages/airflow/example_dags/example_bash_operator.py
[2024-09-23T02:07:22.746+0100] {processor.py:914} INFO - Processing file /Users/rtewelde/airflow_venv/lib/python3.11/site-packages/airflow/example_dags/example_bash_operator.py for tasks to queue
[2024-09-23T02:07:22.747+0100] {logging_mixin.py:190} INFO - [2024-09-23T02:07:22.746+0100] {dagbag.py:588} INFO - Filling up the DagBag from /Users/rtewelde/airflow_venv/lib/python3.11/site-packages/airflow/example_dags/example_bash_operator.py
[2024-09-23T02:07:22.760+0100] {processor.py:925} INFO - DAG(s) 'example_bash_operator' retrieved from /Users/rtewelde/airflow_venv/lib/python3.11/site-packages/airflow/example_dags/example_bash_operator.py
[2024-09-23T02:07:22.915+0100] {logging_mixin.py:190} INFO - [2024-09-23T02:07:22.915+0100] {dag.py:3239} INFO - Sync 1 DAGs
[2024-09-23T02:07:22.931+0100] {logging_mixin.py:190} INFO - [2024-09-23T02:07:22.931+0100] {dag.py:4180} INFO - Setting next_dagrun for example_bash_operator to 2024-09-22 00:00:00+00:00, run_after=2024-09-23 00:00:00+00:00
[2024-09-23T02:07:22.948+0100] {processor.py:208} INFO - Processing /Users/rtewelde/airflow_venv/lib/python3.11/site-packages/airflow/example_dags/example_bash_operator.py took 0.206 seconds
[2024-09-23T02:08:50.045+0100] {processor.py:186} INFO - Started process (PID=2420) to work on /Users/rtewelde/airflow_venv/lib/python3.11/site-packages/airflow/example_dags/example_bash_operator.py
[2024-09-23T02:08:50.046+0100] {processor.py:914} INFO - Processing file /Users/rtewelde/airflow_venv/lib/python3.11/site-packages/airflow/example_dags/example_bash_operator.py for tasks to queue
[2024-09-23T02:08:50.047+0100] {logging_mixin.py:190} INFO - [2024-09-23T02:08:50.047+0100] {dagbag.py:588} INFO - Filling up the DagBag from /Users/rtewelde/airflow_venv/lib/python3.11/site-packages/airflow/example_dags/example_bash_operator.py
[2024-09-23T02:08:50.059+0100] {processor.py:925} INFO - DAG(s) 'example_bash_operator' retrieved from /Users/rtewelde/airflow_venv/lib/python3.11/site-packages/airflow/example_dags/example_bash_operator.py
[2024-09-23T02:08:50.222+0100] {logging_mixin.py:190} INFO - [2024-09-23T02:08:50.221+0100] {dag.py:3239} INFO - Sync 1 DAGs
[2024-09-23T02:08:50.239+0100] {logging_mixin.py:190} INFO - [2024-09-23T02:08:50.239+0100] {dag.py:4180} INFO - Setting next_dagrun for example_bash_operator to 2024-09-22 00:00:00+00:00, run_after=2024-09-23 00:00:00+00:00
[2024-09-23T02:08:50.257+0100] {processor.py:208} INFO - Processing /Users/rtewelde/airflow_venv/lib/python3.11/site-packages/airflow/example_dags/example_bash_operator.py took 0.214 seconds
[2024-09-23T02:11:59.264+0100] {processor.py:186} INFO - Started process (PID=3517) to work on /Users/rtewelde/airflow_venv/lib/python3.11/site-packages/airflow/example_dags/example_bash_operator.py
[2024-09-23T02:11:59.265+0100] {processor.py:914} INFO - Processing file /Users/rtewelde/airflow_venv/lib/python3.11/site-packages/airflow/example_dags/example_bash_operator.py for tasks to queue
[2024-09-23T02:11:59.265+0100] {logging_mixin.py:190} INFO - [2024-09-23T02:11:59.265+0100] {dagbag.py:588} INFO - Filling up the DagBag from /Users/rtewelde/airflow_venv/lib/python3.11/site-packages/airflow/example_dags/example_bash_operator.py
[2024-09-23T02:11:59.279+0100] {processor.py:925} INFO - DAG(s) 'example_bash_operator' retrieved from /Users/rtewelde/airflow_venv/lib/python3.11/site-packages/airflow/example_dags/example_bash_operator.py
[2024-09-23T02:11:59.448+0100] {logging_mixin.py:190} INFO - [2024-09-23T02:11:59.448+0100] {dag.py:3239} INFO - Sync 1 DAGs
[2024-09-23T02:11:59.471+0100] {logging_mixin.py:190} INFO - [2024-09-23T02:11:59.471+0100] {dag.py:4180} INFO - Setting next_dagrun for example_bash_operator to 2024-09-22 00:00:00+00:00, run_after=2024-09-23 00:00:00+00:00
[2024-09-23T02:11:59.489+0100] {processor.py:208} INFO - Processing /Users/rtewelde/airflow_venv/lib/python3.11/site-packages/airflow/example_dags/example_bash_operator.py took 0.227 seconds
[2024-09-23T12:29:23.356+0100] {processor.py:186} INFO - Started process (PID=17127) to work on /Users/rtewelde/airflow_venv/lib/python3.11/site-packages/airflow/example_dags/example_bash_operator.py
[2024-09-23T12:29:23.357+0100] {processor.py:914} INFO - Processing file /Users/rtewelde/airflow_venv/lib/python3.11/site-packages/airflow/example_dags/example_bash_operator.py for tasks to queue
[2024-09-23T12:29:23.359+0100] {logging_mixin.py:190} INFO - [2024-09-23T12:29:23.358+0100] {dagbag.py:588} INFO - Filling up the DagBag from /Users/rtewelde/airflow_venv/lib/python3.11/site-packages/airflow/example_dags/example_bash_operator.py
[2024-09-23T12:29:23.372+0100] {processor.py:925} INFO - DAG(s) 'example_bash_operator' retrieved from /Users/rtewelde/airflow_venv/lib/python3.11/site-packages/airflow/example_dags/example_bash_operator.py
[2024-09-23T12:29:23.552+0100] {logging_mixin.py:190} INFO - [2024-09-23T12:29:23.552+0100] {dag.py:3239} INFO - Sync 1 DAGs
[2024-09-23T12:29:23.576+0100] {logging_mixin.py:190} INFO - [2024-09-23T12:29:23.576+0100] {dag.py:4180} INFO - Setting next_dagrun for example_bash_operator to 2024-09-22 00:00:00+00:00, run_after=2024-09-23 00:00:00+00:00
[2024-09-23T12:29:23.594+0100] {processor.py:208} INFO - Processing /Users/rtewelde/airflow_venv/lib/python3.11/site-packages/airflow/example_dags/example_bash_operator.py took 0.241 seconds
[2024-09-23T12:34:27.211+0100] {processor.py:186} INFO - Started process (PID=18610) to work on /Users/rtewelde/airflow_venv/lib/python3.11/site-packages/airflow/example_dags/example_bash_operator.py
[2024-09-23T12:34:27.213+0100] {processor.py:914} INFO - Processing file /Users/rtewelde/airflow_venv/lib/python3.11/site-packages/airflow/example_dags/example_bash_operator.py for tasks to queue
[2024-09-23T12:34:27.214+0100] {logging_mixin.py:190} INFO - [2024-09-23T12:34:27.214+0100] {dagbag.py:588} INFO - Filling up the DagBag from /Users/rtewelde/airflow_venv/lib/python3.11/site-packages/airflow/example_dags/example_bash_operator.py
[2024-09-23T12:34:27.226+0100] {processor.py:925} INFO - DAG(s) 'example_bash_operator' retrieved from /Users/rtewelde/airflow_venv/lib/python3.11/site-packages/airflow/example_dags/example_bash_operator.py
[2024-09-23T12:34:27.391+0100] {logging_mixin.py:190} INFO - [2024-09-23T12:34:27.391+0100] {dag.py:3239} INFO - Sync 1 DAGs
[2024-09-23T12:34:27.411+0100] {logging_mixin.py:190} INFO - [2024-09-23T12:34:27.410+0100] {dag.py:4180} INFO - Setting next_dagrun for example_bash_operator to 2024-09-22 00:00:00+00:00, run_after=2024-09-23 00:00:00+00:00
[2024-09-23T12:34:27.431+0100] {processor.py:208} INFO - Processing /Users/rtewelde/airflow_venv/lib/python3.11/site-packages/airflow/example_dags/example_bash_operator.py took 0.222 seconds
[2024-09-23T12:39:33.859+0100] {processor.py:186} INFO - Started process (PID=20021) to work on /Users/rtewelde/airflow_venv/lib/python3.11/site-packages/airflow/example_dags/example_bash_operator.py
[2024-09-23T12:39:33.861+0100] {processor.py:914} INFO - Processing file /Users/rtewelde/airflow_venv/lib/python3.11/site-packages/airflow/example_dags/example_bash_operator.py for tasks to queue
[2024-09-23T12:39:33.862+0100] {logging_mixin.py:190} INFO - [2024-09-23T12:39:33.862+0100] {dagbag.py:588} INFO - Filling up the DagBag from /Users/rtewelde/airflow_venv/lib/python3.11/site-packages/airflow/example_dags/example_bash_operator.py
[2024-09-23T12:39:33.874+0100] {processor.py:925} INFO - DAG(s) 'example_bash_operator' retrieved from /Users/rtewelde/airflow_venv/lib/python3.11/site-packages/airflow/example_dags/example_bash_operator.py
[2024-09-23T12:39:34.048+0100] {logging_mixin.py:190} INFO - [2024-09-23T12:39:34.047+0100] {dag.py:3239} INFO - Sync 1 DAGs
[2024-09-23T12:39:34.067+0100] {logging_mixin.py:190} INFO - [2024-09-23T12:39:34.067+0100] {dag.py:4180} INFO - Setting next_dagrun for example_bash_operator to 2024-09-22 00:00:00+00:00, run_after=2024-09-23 00:00:00+00:00
[2024-09-23T12:39:34.086+0100] {processor.py:208} INFO - Processing /Users/rtewelde/airflow_venv/lib/python3.11/site-packages/airflow/example_dags/example_bash_operator.py took 0.229 seconds
[2024-09-23T12:44:14.846+0100] {processor.py:186} INFO - Started process (PID=21309) to work on /Users/rtewelde/airflow_venv/lib/python3.11/site-packages/airflow/example_dags/example_bash_operator.py
[2024-09-23T12:44:14.847+0100] {processor.py:914} INFO - Processing file /Users/rtewelde/airflow_venv/lib/python3.11/site-packages/airflow/example_dags/example_bash_operator.py for tasks to queue
[2024-09-23T12:44:14.848+0100] {logging_mixin.py:190} INFO - [2024-09-23T12:44:14.848+0100] {dagbag.py:588} INFO - Filling up the DagBag from /Users/rtewelde/airflow_venv/lib/python3.11/site-packages/airflow/example_dags/example_bash_operator.py
[2024-09-23T12:44:14.860+0100] {processor.py:925} INFO - DAG(s) 'example_bash_operator' retrieved from /Users/rtewelde/airflow_venv/lib/python3.11/site-packages/airflow/example_dags/example_bash_operator.py
[2024-09-23T12:44:15.008+0100] {logging_mixin.py:190} INFO - [2024-09-23T12:44:15.007+0100] {dag.py:3239} INFO - Sync 1 DAGs
[2024-09-23T12:44:15.023+0100] {logging_mixin.py:190} INFO - [2024-09-23T12:44:15.023+0100] {dag.py:4180} INFO - Setting next_dagrun for example_bash_operator to 2024-09-22 00:00:00+00:00, run_after=2024-09-23 00:00:00+00:00
[2024-09-23T12:44:15.039+0100] {processor.py:208} INFO - Processing /Users/rtewelde/airflow_venv/lib/python3.11/site-packages/airflow/example_dags/example_bash_operator.py took 0.195 seconds
[2024-09-23T12:48:37.468+0100] {processor.py:186} INFO - Started process (PID=22546) to work on /Users/rtewelde/airflow_venv/lib/python3.11/site-packages/airflow/example_dags/example_bash_operator.py
[2024-09-23T12:48:37.470+0100] {processor.py:914} INFO - Processing file /Users/rtewelde/airflow_venv/lib/python3.11/site-packages/airflow/example_dags/example_bash_operator.py for tasks to queue
[2024-09-23T12:48:37.472+0100] {logging_mixin.py:190} INFO - [2024-09-23T12:48:37.471+0100] {dagbag.py:588} INFO - Filling up the DagBag from /Users/rtewelde/airflow_venv/lib/python3.11/site-packages/airflow/example_dags/example_bash_operator.py
[2024-09-23T12:48:37.485+0100] {processor.py:925} INFO - DAG(s) 'example_bash_operator' retrieved from /Users/rtewelde/airflow_venv/lib/python3.11/site-packages/airflow/example_dags/example_bash_operator.py
[2024-09-23T12:48:37.646+0100] {logging_mixin.py:190} INFO - [2024-09-23T12:48:37.645+0100] {dag.py:3239} INFO - Sync 1 DAGs
[2024-09-23T12:48:37.663+0100] {logging_mixin.py:190} INFO - [2024-09-23T12:48:37.662+0100] {dag.py:4180} INFO - Setting next_dagrun for example_bash_operator to 2024-09-22 00:00:00+00:00, run_after=2024-09-23 00:00:00+00:00
[2024-09-23T12:48:37.681+0100] {processor.py:208} INFO - Processing /Users/rtewelde/airflow_venv/lib/python3.11/site-packages/airflow/example_dags/example_bash_operator.py took 0.216 seconds
[2024-09-23T12:53:20.348+0100] {processor.py:186} INFO - Started process (PID=23888) to work on /Users/rtewelde/airflow_venv/lib/python3.11/site-packages/airflow/example_dags/example_bash_operator.py
[2024-09-23T12:53:20.350+0100] {processor.py:914} INFO - Processing file /Users/rtewelde/airflow_venv/lib/python3.11/site-packages/airflow/example_dags/example_bash_operator.py for tasks to queue
[2024-09-23T12:53:20.351+0100] {logging_mixin.py:190} INFO - [2024-09-23T12:53:20.351+0100] {dagbag.py:588} INFO - Filling up the DagBag from /Users/rtewelde/airflow_venv/lib/python3.11/site-packages/airflow/example_dags/example_bash_operator.py
[2024-09-23T12:53:20.363+0100] {processor.py:925} INFO - DAG(s) 'example_bash_operator' retrieved from /Users/rtewelde/airflow_venv/lib/python3.11/site-packages/airflow/example_dags/example_bash_operator.py
[2024-09-23T12:53:20.528+0100] {logging_mixin.py:190} INFO - [2024-09-23T12:53:20.527+0100] {dag.py:3239} INFO - Sync 1 DAGs
[2024-09-23T12:53:20.544+0100] {logging_mixin.py:190} INFO - [2024-09-23T12:53:20.544+0100] {dag.py:4180} INFO - Setting next_dagrun for example_bash_operator to 2024-09-22 00:00:00+00:00, run_after=2024-09-23 00:00:00+00:00
[2024-09-23T12:53:20.561+0100] {processor.py:208} INFO - Processing /Users/rtewelde/airflow_venv/lib/python3.11/site-packages/airflow/example_dags/example_bash_operator.py took 0.216 seconds
[2024-09-23T18:04:23.781+0100] {processor.py:186} INFO - Started process (PID=25341) to work on /Users/rtewelde/airflow_venv/lib/python3.11/site-packages/airflow/example_dags/example_bash_operator.py
[2024-09-23T18:04:23.782+0100] {processor.py:914} INFO - Processing file /Users/rtewelde/airflow_venv/lib/python3.11/site-packages/airflow/example_dags/example_bash_operator.py for tasks to queue
[2024-09-23T18:04:23.783+0100] {logging_mixin.py:190} INFO - [2024-09-23T18:04:23.783+0100] {dagbag.py:588} INFO - Filling up the DagBag from /Users/rtewelde/airflow_venv/lib/python3.11/site-packages/airflow/example_dags/example_bash_operator.py
[2024-09-23T18:04:23.795+0100] {processor.py:925} INFO - DAG(s) 'example_bash_operator' retrieved from /Users/rtewelde/airflow_venv/lib/python3.11/site-packages/airflow/example_dags/example_bash_operator.py
[2024-09-23T18:04:23.955+0100] {logging_mixin.py:190} INFO - [2024-09-23T18:04:23.955+0100] {dag.py:3239} INFO - Sync 1 DAGs
[2024-09-23T18:04:23.971+0100] {logging_mixin.py:190} INFO - [2024-09-23T18:04:23.971+0100] {dag.py:4180} INFO - Setting next_dagrun for example_bash_operator to 2024-09-22 00:00:00+00:00, run_after=2024-09-23 00:00:00+00:00
[2024-09-23T18:04:23.987+0100] {processor.py:208} INFO - Processing /Users/rtewelde/airflow_venv/lib/python3.11/site-packages/airflow/example_dags/example_bash_operator.py took 0.208 seconds
[2024-09-23T18:09:03.055+0100] {processor.py:186} INFO - Started process (PID=26636) to work on /Users/rtewelde/airflow_venv/lib/python3.11/site-packages/airflow/example_dags/example_bash_operator.py
[2024-09-23T18:09:03.056+0100] {processor.py:914} INFO - Processing file /Users/rtewelde/airflow_venv/lib/python3.11/site-packages/airflow/example_dags/example_bash_operator.py for tasks to queue
[2024-09-23T18:09:03.057+0100] {logging_mixin.py:190} INFO - [2024-09-23T18:09:03.057+0100] {dagbag.py:588} INFO - Filling up the DagBag from /Users/rtewelde/airflow_venv/lib/python3.11/site-packages/airflow/example_dags/example_bash_operator.py
[2024-09-23T18:09:03.067+0100] {processor.py:925} INFO - DAG(s) 'example_bash_operator' retrieved from /Users/rtewelde/airflow_venv/lib/python3.11/site-packages/airflow/example_dags/example_bash_operator.py
[2024-09-23T18:09:03.222+0100] {logging_mixin.py:190} INFO - [2024-09-23T18:09:03.222+0100] {dag.py:3239} INFO - Sync 1 DAGs
[2024-09-23T18:09:03.237+0100] {logging_mixin.py:190} INFO - [2024-09-23T18:09:03.237+0100] {dag.py:4180} INFO - Setting next_dagrun for example_bash_operator to 2024-09-22 00:00:00+00:00, run_after=2024-09-23 00:00:00+00:00
[2024-09-23T18:09:03.256+0100] {processor.py:208} INFO - Processing /Users/rtewelde/airflow_venv/lib/python3.11/site-packages/airflow/example_dags/example_bash_operator.py took 0.204 seconds
[2024-09-23T18:37:12.224+0100] {processor.py:186} INFO - Started process (PID=28206) to work on /Users/rtewelde/airflow_venv/lib/python3.11/site-packages/airflow/example_dags/example_bash_operator.py
[2024-09-23T18:37:12.225+0100] {processor.py:914} INFO - Processing file /Users/rtewelde/airflow_venv/lib/python3.11/site-packages/airflow/example_dags/example_bash_operator.py for tasks to queue
[2024-09-23T18:37:12.226+0100] {logging_mixin.py:190} INFO - [2024-09-23T18:37:12.226+0100] {dagbag.py:588} INFO - Filling up the DagBag from /Users/rtewelde/airflow_venv/lib/python3.11/site-packages/airflow/example_dags/example_bash_operator.py
[2024-09-23T18:37:12.240+0100] {processor.py:925} INFO - DAG(s) 'example_bash_operator' retrieved from /Users/rtewelde/airflow_venv/lib/python3.11/site-packages/airflow/example_dags/example_bash_operator.py
[2024-09-23T18:37:12.415+0100] {logging_mixin.py:190} INFO - [2024-09-23T18:37:12.414+0100] {dag.py:3239} INFO - Sync 1 DAGs
[2024-09-23T18:37:12.431+0100] {logging_mixin.py:190} INFO - [2024-09-23T18:37:12.431+0100] {dag.py:4180} INFO - Setting next_dagrun for example_bash_operator to 2024-09-22 00:00:00+00:00, run_after=2024-09-23 00:00:00+00:00
[2024-09-23T18:37:12.451+0100] {processor.py:208} INFO - Processing /Users/rtewelde/airflow_venv/lib/python3.11/site-packages/airflow/example_dags/example_bash_operator.py took 0.229 seconds
[2024-09-23T19:02:46.286+0100] {processor.py:186} INFO - Started process (PID=37208) to work on /Users/rtewelde/airflow_venv/lib/python3.11/site-packages/airflow/example_dags/example_bash_operator.py
[2024-09-23T19:02:46.288+0100] {processor.py:914} INFO - Processing file /Users/rtewelde/airflow_venv/lib/python3.11/site-packages/airflow/example_dags/example_bash_operator.py for tasks to queue
[2024-09-23T19:02:46.289+0100] {logging_mixin.py:190} INFO - [2024-09-23T19:02:46.289+0100] {dagbag.py:588} INFO - Filling up the DagBag from /Users/rtewelde/airflow_venv/lib/python3.11/site-packages/airflow/example_dags/example_bash_operator.py
[2024-09-23T19:02:46.305+0100] {processor.py:925} INFO - DAG(s) 'example_bash_operator' retrieved from /Users/rtewelde/airflow_venv/lib/python3.11/site-packages/airflow/example_dags/example_bash_operator.py
[2024-09-23T19:02:46.479+0100] {logging_mixin.py:190} INFO - [2024-09-23T19:02:46.478+0100] {dag.py:3239} INFO - Sync 1 DAGs
[2024-09-23T19:02:46.497+0100] {logging_mixin.py:190} INFO - [2024-09-23T19:02:46.497+0100] {dag.py:4180} INFO - Setting next_dagrun for example_bash_operator to 2024-09-22 00:00:00+00:00, run_after=2024-09-23 00:00:00+00:00
[2024-09-23T19:02:46.515+0100] {processor.py:208} INFO - Processing /Users/rtewelde/airflow_venv/lib/python3.11/site-packages/airflow/example_dags/example_bash_operator.py took 0.232 seconds
[2024-09-23T19:07:44.235+0100] {processor.py:186} INFO - Started process (PID=38655) to work on /Users/rtewelde/airflow_venv/lib/python3.11/site-packages/airflow/example_dags/example_bash_operator.py
[2024-09-23T19:07:44.236+0100] {processor.py:914} INFO - Processing file /Users/rtewelde/airflow_venv/lib/python3.11/site-packages/airflow/example_dags/example_bash_operator.py for tasks to queue
[2024-09-23T19:07:44.237+0100] {logging_mixin.py:190} INFO - [2024-09-23T19:07:44.237+0100] {dagbag.py:588} INFO - Filling up the DagBag from /Users/rtewelde/airflow_venv/lib/python3.11/site-packages/airflow/example_dags/example_bash_operator.py
[2024-09-23T19:07:44.248+0100] {processor.py:925} INFO - DAG(s) 'example_bash_operator' retrieved from /Users/rtewelde/airflow_venv/lib/python3.11/site-packages/airflow/example_dags/example_bash_operator.py
[2024-09-23T19:07:44.406+0100] {logging_mixin.py:190} INFO - [2024-09-23T19:07:44.405+0100] {dag.py:3239} INFO - Sync 1 DAGs
[2024-09-23T19:07:44.422+0100] {logging_mixin.py:190} INFO - [2024-09-23T19:07:44.422+0100] {dag.py:4180} INFO - Setting next_dagrun for example_bash_operator to 2024-09-22 00:00:00+00:00, run_after=2024-09-23 00:00:00+00:00
[2024-09-23T19:07:44.438+0100] {processor.py:208} INFO - Processing /Users/rtewelde/airflow_venv/lib/python3.11/site-packages/airflow/example_dags/example_bash_operator.py took 0.205 seconds
[2024-09-23T19:12:18.001+0100] {processor.py:186} INFO - Started process (PID=39935) to work on /Users/rtewelde/airflow_venv/lib/python3.11/site-packages/airflow/example_dags/example_bash_operator.py
[2024-09-23T19:12:18.002+0100] {processor.py:914} INFO - Processing file /Users/rtewelde/airflow_venv/lib/python3.11/site-packages/airflow/example_dags/example_bash_operator.py for tasks to queue
[2024-09-23T19:12:18.003+0100] {logging_mixin.py:190} INFO - [2024-09-23T19:12:18.003+0100] {dagbag.py:588} INFO - Filling up the DagBag from /Users/rtewelde/airflow_venv/lib/python3.11/site-packages/airflow/example_dags/example_bash_operator.py
[2024-09-23T19:12:18.015+0100] {processor.py:925} INFO - DAG(s) 'example_bash_operator' retrieved from /Users/rtewelde/airflow_venv/lib/python3.11/site-packages/airflow/example_dags/example_bash_operator.py
[2024-09-23T19:12:18.173+0100] {logging_mixin.py:190} INFO - [2024-09-23T19:12:18.173+0100] {dag.py:3239} INFO - Sync 1 DAGs
[2024-09-23T19:12:18.191+0100] {logging_mixin.py:190} INFO - [2024-09-23T19:12:18.191+0100] {dag.py:4180} INFO - Setting next_dagrun for example_bash_operator to 2024-09-22 00:00:00+00:00, run_after=2024-09-23 00:00:00+00:00
[2024-09-23T19:12:18.207+0100] {processor.py:208} INFO - Processing /Users/rtewelde/airflow_venv/lib/python3.11/site-packages/airflow/example_dags/example_bash_operator.py took 0.209 seconds
[2024-09-23T19:16:50.224+0100] {processor.py:186} INFO - Started process (PID=41216) to work on /Users/rtewelde/airflow_venv/lib/python3.11/site-packages/airflow/example_dags/example_bash_operator.py
[2024-09-23T19:16:50.227+0100] {processor.py:914} INFO - Processing file /Users/rtewelde/airflow_venv/lib/python3.11/site-packages/airflow/example_dags/example_bash_operator.py for tasks to queue
[2024-09-23T19:16:50.229+0100] {logging_mixin.py:190} INFO - [2024-09-23T19:16:50.229+0100] {dagbag.py:588} INFO - Filling up the DagBag from /Users/rtewelde/airflow_venv/lib/python3.11/site-packages/airflow/example_dags/example_bash_operator.py
[2024-09-23T19:16:50.242+0100] {processor.py:925} INFO - DAG(s) 'example_bash_operator' retrieved from /Users/rtewelde/airflow_venv/lib/python3.11/site-packages/airflow/example_dags/example_bash_operator.py
[2024-09-23T19:16:50.399+0100] {logging_mixin.py:190} INFO - [2024-09-23T19:16:50.399+0100] {dag.py:3239} INFO - Sync 1 DAGs
[2024-09-23T19:16:50.416+0100] {logging_mixin.py:190} INFO - [2024-09-23T19:16:50.416+0100] {dag.py:4180} INFO - Setting next_dagrun for example_bash_operator to 2024-09-22 00:00:00+00:00, run_after=2024-09-23 00:00:00+00:00
[2024-09-23T19:16:50.432+0100] {processor.py:208} INFO - Processing /Users/rtewelde/airflow_venv/lib/python3.11/site-packages/airflow/example_dags/example_bash_operator.py took 0.211 seconds
[2024-09-23T19:21:21.497+0100] {processor.py:186} INFO - Started process (PID=42523) to work on /Users/rtewelde/airflow_venv/lib/python3.11/site-packages/airflow/example_dags/example_bash_operator.py
[2024-09-23T19:21:21.499+0100] {processor.py:914} INFO - Processing file /Users/rtewelde/airflow_venv/lib/python3.11/site-packages/airflow/example_dags/example_bash_operator.py for tasks to queue
[2024-09-23T19:21:21.500+0100] {logging_mixin.py:190} INFO - [2024-09-23T19:21:21.500+0100] {dagbag.py:588} INFO - Filling up the DagBag from /Users/rtewelde/airflow_venv/lib/python3.11/site-packages/airflow/example_dags/example_bash_operator.py
[2024-09-23T19:21:21.511+0100] {processor.py:925} INFO - DAG(s) 'example_bash_operator' retrieved from /Users/rtewelde/airflow_venv/lib/python3.11/site-packages/airflow/example_dags/example_bash_operator.py
[2024-09-23T19:21:21.665+0100] {logging_mixin.py:190} INFO - [2024-09-23T19:21:21.665+0100] {dag.py:3239} INFO - Sync 1 DAGs
[2024-09-23T19:21:21.682+0100] {logging_mixin.py:190} INFO - [2024-09-23T19:21:21.682+0100] {dag.py:4180} INFO - Setting next_dagrun for example_bash_operator to 2024-09-22 00:00:00+00:00, run_after=2024-09-23 00:00:00+00:00
[2024-09-23T19:21:21.697+0100] {processor.py:208} INFO - Processing /Users/rtewelde/airflow_venv/lib/python3.11/site-packages/airflow/example_dags/example_bash_operator.py took 0.202 seconds
[2024-09-23T19:25:57.248+0100] {processor.py:186} INFO - Started process (PID=43827) to work on /Users/rtewelde/airflow_venv/lib/python3.11/site-packages/airflow/example_dags/example_bash_operator.py
[2024-09-23T19:25:57.249+0100] {processor.py:914} INFO - Processing file /Users/rtewelde/airflow_venv/lib/python3.11/site-packages/airflow/example_dags/example_bash_operator.py for tasks to queue
[2024-09-23T19:25:57.250+0100] {logging_mixin.py:190} INFO - [2024-09-23T19:25:57.250+0100] {dagbag.py:588} INFO - Filling up the DagBag from /Users/rtewelde/airflow_venv/lib/python3.11/site-packages/airflow/example_dags/example_bash_operator.py
[2024-09-23T19:25:57.261+0100] {processor.py:925} INFO - DAG(s) 'example_bash_operator' retrieved from /Users/rtewelde/airflow_venv/lib/python3.11/site-packages/airflow/example_dags/example_bash_operator.py
[2024-09-23T19:25:57.419+0100] {logging_mixin.py:190} INFO - [2024-09-23T19:25:57.418+0100] {dag.py:3239} INFO - Sync 1 DAGs
[2024-09-23T19:25:57.443+0100] {logging_mixin.py:190} INFO - [2024-09-23T19:25:57.443+0100] {dag.py:4180} INFO - Setting next_dagrun for example_bash_operator to 2024-09-22 00:00:00+00:00, run_after=2024-09-23 00:00:00+00:00
[2024-09-23T19:25:57.460+0100] {processor.py:208} INFO - Processing /Users/rtewelde/airflow_venv/lib/python3.11/site-packages/airflow/example_dags/example_bash_operator.py took 0.214 seconds
[2024-09-23T19:30:24.305+0100] {processor.py:186} INFO - Started process (PID=45078) to work on /Users/rtewelde/airflow_venv/lib/python3.11/site-packages/airflow/example_dags/example_bash_operator.py
[2024-09-23T19:30:24.306+0100] {processor.py:914} INFO - Processing file /Users/rtewelde/airflow_venv/lib/python3.11/site-packages/airflow/example_dags/example_bash_operator.py for tasks to queue
[2024-09-23T19:30:24.307+0100] {logging_mixin.py:190} INFO - [2024-09-23T19:30:24.307+0100] {dagbag.py:588} INFO - Filling up the DagBag from /Users/rtewelde/airflow_venv/lib/python3.11/site-packages/airflow/example_dags/example_bash_operator.py
[2024-09-23T19:30:24.319+0100] {processor.py:925} INFO - DAG(s) 'example_bash_operator' retrieved from /Users/rtewelde/airflow_venv/lib/python3.11/site-packages/airflow/example_dags/example_bash_operator.py
[2024-09-23T19:30:24.471+0100] {logging_mixin.py:190} INFO - [2024-09-23T19:30:24.470+0100] {dag.py:3239} INFO - Sync 1 DAGs
[2024-09-23T19:30:24.486+0100] {logging_mixin.py:190} INFO - [2024-09-23T19:30:24.486+0100] {dag.py:4180} INFO - Setting next_dagrun for example_bash_operator to 2024-09-22 00:00:00+00:00, run_after=2024-09-23 00:00:00+00:00
[2024-09-23T19:30:24.502+0100] {processor.py:208} INFO - Processing /Users/rtewelde/airflow_venv/lib/python3.11/site-packages/airflow/example_dags/example_bash_operator.py took 0.199 seconds
[2024-09-23T19:34:54.888+0100] {processor.py:186} INFO - Started process (PID=46335) to work on /Users/rtewelde/airflow_venv/lib/python3.11/site-packages/airflow/example_dags/example_bash_operator.py
[2024-09-23T19:34:54.889+0100] {processor.py:914} INFO - Processing file /Users/rtewelde/airflow_venv/lib/python3.11/site-packages/airflow/example_dags/example_bash_operator.py for tasks to queue
[2024-09-23T19:34:54.890+0100] {logging_mixin.py:190} INFO - [2024-09-23T19:34:54.889+0100] {dagbag.py:588} INFO - Filling up the DagBag from /Users/rtewelde/airflow_venv/lib/python3.11/site-packages/airflow/example_dags/example_bash_operator.py
[2024-09-23T19:34:54.901+0100] {processor.py:925} INFO - DAG(s) 'example_bash_operator' retrieved from /Users/rtewelde/airflow_venv/lib/python3.11/site-packages/airflow/example_dags/example_bash_operator.py
[2024-09-23T19:34:55.060+0100] {logging_mixin.py:190} INFO - [2024-09-23T19:34:55.060+0100] {dag.py:3239} INFO - Sync 1 DAGs
[2024-09-23T19:34:55.077+0100] {logging_mixin.py:190} INFO - [2024-09-23T19:34:55.076+0100] {dag.py:4180} INFO - Setting next_dagrun for example_bash_operator to 2024-09-22 00:00:00+00:00, run_after=2024-09-23 00:00:00+00:00
[2024-09-23T19:34:55.092+0100] {processor.py:208} INFO - Processing /Users/rtewelde/airflow_venv/lib/python3.11/site-packages/airflow/example_dags/example_bash_operator.py took 0.207 seconds
[2024-09-23T19:39:24.482+0100] {processor.py:186} INFO - Started process (PID=47590) to work on /Users/rtewelde/airflow_venv/lib/python3.11/site-packages/airflow/example_dags/example_bash_operator.py
[2024-09-23T19:39:24.482+0100] {processor.py:914} INFO - Processing file /Users/rtewelde/airflow_venv/lib/python3.11/site-packages/airflow/example_dags/example_bash_operator.py for tasks to queue
[2024-09-23T19:39:24.483+0100] {logging_mixin.py:190} INFO - [2024-09-23T19:39:24.483+0100] {dagbag.py:588} INFO - Filling up the DagBag from /Users/rtewelde/airflow_venv/lib/python3.11/site-packages/airflow/example_dags/example_bash_operator.py
[2024-09-23T19:39:24.494+0100] {processor.py:925} INFO - DAG(s) 'example_bash_operator' retrieved from /Users/rtewelde/airflow_venv/lib/python3.11/site-packages/airflow/example_dags/example_bash_operator.py
[2024-09-23T19:39:24.646+0100] {logging_mixin.py:190} INFO - [2024-09-23T19:39:24.645+0100] {dag.py:3239} INFO - Sync 1 DAGs
[2024-09-23T19:39:24.661+0100] {logging_mixin.py:190} INFO - [2024-09-23T19:39:24.661+0100] {dag.py:4180} INFO - Setting next_dagrun for example_bash_operator to 2024-09-22 00:00:00+00:00, run_after=2024-09-23 00:00:00+00:00
[2024-09-23T19:39:24.676+0100] {processor.py:208} INFO - Processing /Users/rtewelde/airflow_venv/lib/python3.11/site-packages/airflow/example_dags/example_bash_operator.py took 0.197 seconds
[2024-09-23T19:43:52.090+0100] {processor.py:186} INFO - Started process (PID=48830) to work on /Users/rtewelde/airflow_venv/lib/python3.11/site-packages/airflow/example_dags/example_bash_operator.py
[2024-09-23T19:43:52.090+0100] {processor.py:914} INFO - Processing file /Users/rtewelde/airflow_venv/lib/python3.11/site-packages/airflow/example_dags/example_bash_operator.py for tasks to queue
[2024-09-23T19:43:52.091+0100] {logging_mixin.py:190} INFO - [2024-09-23T19:43:52.091+0100] {dagbag.py:588} INFO - Filling up the DagBag from /Users/rtewelde/airflow_venv/lib/python3.11/site-packages/airflow/example_dags/example_bash_operator.py
[2024-09-23T19:43:52.102+0100] {processor.py:925} INFO - DAG(s) 'example_bash_operator' retrieved from /Users/rtewelde/airflow_venv/lib/python3.11/site-packages/airflow/example_dags/example_bash_operator.py
[2024-09-23T19:43:52.262+0100] {logging_mixin.py:190} INFO - [2024-09-23T19:43:52.262+0100] {dag.py:3239} INFO - Sync 1 DAGs
[2024-09-23T19:43:52.278+0100] {logging_mixin.py:190} INFO - [2024-09-23T19:43:52.278+0100] {dag.py:4180} INFO - Setting next_dagrun for example_bash_operator to 2024-09-22 00:00:00+00:00, run_after=2024-09-23 00:00:00+00:00
[2024-09-23T19:43:52.294+0100] {processor.py:208} INFO - Processing /Users/rtewelde/airflow_venv/lib/python3.11/site-packages/airflow/example_dags/example_bash_operator.py took 0.207 seconds
[2024-09-23T19:48:22.924+0100] {processor.py:186} INFO - Started process (PID=50075) to work on /Users/rtewelde/airflow_venv/lib/python3.11/site-packages/airflow/example_dags/example_bash_operator.py
[2024-09-23T19:48:22.925+0100] {processor.py:914} INFO - Processing file /Users/rtewelde/airflow_venv/lib/python3.11/site-packages/airflow/example_dags/example_bash_operator.py for tasks to queue
[2024-09-23T19:48:22.926+0100] {logging_mixin.py:190} INFO - [2024-09-23T19:48:22.925+0100] {dagbag.py:588} INFO - Filling up the DagBag from /Users/rtewelde/airflow_venv/lib/python3.11/site-packages/airflow/example_dags/example_bash_operator.py
[2024-09-23T19:48:22.936+0100] {processor.py:925} INFO - DAG(s) 'example_bash_operator' retrieved from /Users/rtewelde/airflow_venv/lib/python3.11/site-packages/airflow/example_dags/example_bash_operator.py
[2024-09-23T19:48:23.099+0100] {logging_mixin.py:190} INFO - [2024-09-23T19:48:23.099+0100] {dag.py:3239} INFO - Sync 1 DAGs
[2024-09-23T19:48:23.115+0100] {logging_mixin.py:190} INFO - [2024-09-23T19:48:23.114+0100] {dag.py:4180} INFO - Setting next_dagrun for example_bash_operator to 2024-09-22 00:00:00+00:00, run_after=2024-09-23 00:00:00+00:00
[2024-09-23T19:48:23.130+0100] {processor.py:208} INFO - Processing /Users/rtewelde/airflow_venv/lib/python3.11/site-packages/airflow/example_dags/example_bash_operator.py took 0.208 seconds
[2024-09-23T19:52:51.223+0100] {processor.py:186} INFO - Started process (PID=51307) to work on /Users/rtewelde/airflow_venv/lib/python3.11/site-packages/airflow/example_dags/example_bash_operator.py
[2024-09-23T19:52:51.224+0100] {processor.py:914} INFO - Processing file /Users/rtewelde/airflow_venv/lib/python3.11/site-packages/airflow/example_dags/example_bash_operator.py for tasks to queue
[2024-09-23T19:52:51.225+0100] {logging_mixin.py:190} INFO - [2024-09-23T19:52:51.225+0100] {dagbag.py:588} INFO - Filling up the DagBag from /Users/rtewelde/airflow_venv/lib/python3.11/site-packages/airflow/example_dags/example_bash_operator.py
[2024-09-23T19:52:51.236+0100] {processor.py:925} INFO - DAG(s) 'example_bash_operator' retrieved from /Users/rtewelde/airflow_venv/lib/python3.11/site-packages/airflow/example_dags/example_bash_operator.py
[2024-09-23T19:52:51.389+0100] {logging_mixin.py:190} INFO - [2024-09-23T19:52:51.389+0100] {dag.py:3239} INFO - Sync 1 DAGs
[2024-09-23T19:52:51.407+0100] {logging_mixin.py:190} INFO - [2024-09-23T19:52:51.407+0100] {dag.py:4180} INFO - Setting next_dagrun for example_bash_operator to 2024-09-22 00:00:00+00:00, run_after=2024-09-23 00:00:00+00:00
[2024-09-23T19:52:51.424+0100] {processor.py:208} INFO - Processing /Users/rtewelde/airflow_venv/lib/python3.11/site-packages/airflow/example_dags/example_bash_operator.py took 0.203 seconds
[2024-09-23T19:57:19.141+0100] {processor.py:186} INFO - Started process (PID=52548) to work on /Users/rtewelde/airflow_venv/lib/python3.11/site-packages/airflow/example_dags/example_bash_operator.py
[2024-09-23T19:57:19.142+0100] {processor.py:914} INFO - Processing file /Users/rtewelde/airflow_venv/lib/python3.11/site-packages/airflow/example_dags/example_bash_operator.py for tasks to queue
[2024-09-23T19:57:19.143+0100] {logging_mixin.py:190} INFO - [2024-09-23T19:57:19.143+0100] {dagbag.py:588} INFO - Filling up the DagBag from /Users/rtewelde/airflow_venv/lib/python3.11/site-packages/airflow/example_dags/example_bash_operator.py
[2024-09-23T19:57:19.154+0100] {processor.py:925} INFO - DAG(s) 'example_bash_operator' retrieved from /Users/rtewelde/airflow_venv/lib/python3.11/site-packages/airflow/example_dags/example_bash_operator.py
[2024-09-23T19:57:19.306+0100] {logging_mixin.py:190} INFO - [2024-09-23T19:57:19.305+0100] {dag.py:3239} INFO - Sync 1 DAGs
[2024-09-23T19:57:19.322+0100] {logging_mixin.py:190} INFO - [2024-09-23T19:57:19.322+0100] {dag.py:4180} INFO - Setting next_dagrun for example_bash_operator to 2024-09-22 00:00:00+00:00, run_after=2024-09-23 00:00:00+00:00
[2024-09-23T19:57:19.338+0100] {processor.py:208} INFO - Processing /Users/rtewelde/airflow_venv/lib/python3.11/site-packages/airflow/example_dags/example_bash_operator.py took 0.199 seconds
[2024-09-23T20:01:40.601+0100] {processor.py:186} INFO - Started process (PID=53765) to work on /Users/rtewelde/airflow_venv/lib/python3.11/site-packages/airflow/example_dags/example_bash_operator.py
[2024-09-23T20:01:40.602+0100] {processor.py:914} INFO - Processing file /Users/rtewelde/airflow_venv/lib/python3.11/site-packages/airflow/example_dags/example_bash_operator.py for tasks to queue
[2024-09-23T20:01:40.603+0100] {logging_mixin.py:190} INFO - [2024-09-23T20:01:40.603+0100] {dagbag.py:588} INFO - Filling up the DagBag from /Users/rtewelde/airflow_venv/lib/python3.11/site-packages/airflow/example_dags/example_bash_operator.py
[2024-09-23T20:01:40.614+0100] {processor.py:925} INFO - DAG(s) 'example_bash_operator' retrieved from /Users/rtewelde/airflow_venv/lib/python3.11/site-packages/airflow/example_dags/example_bash_operator.py
[2024-09-23T20:01:40.771+0100] {logging_mixin.py:190} INFO - [2024-09-23T20:01:40.770+0100] {dag.py:3239} INFO - Sync 1 DAGs
[2024-09-23T20:01:40.787+0100] {logging_mixin.py:190} INFO - [2024-09-23T20:01:40.786+0100] {dag.py:4180} INFO - Setting next_dagrun for example_bash_operator to 2024-09-22 00:00:00+00:00, run_after=2024-09-23 00:00:00+00:00
[2024-09-23T20:01:40.803+0100] {processor.py:208} INFO - Processing /Users/rtewelde/airflow_venv/lib/python3.11/site-packages/airflow/example_dags/example_bash_operator.py took 0.204 seconds
[2024-09-23T20:06:07.958+0100] {processor.py:186} INFO - Started process (PID=55002) to work on /Users/rtewelde/airflow_venv/lib/python3.11/site-packages/airflow/example_dags/example_bash_operator.py
[2024-09-23T20:06:07.959+0100] {processor.py:914} INFO - Processing file /Users/rtewelde/airflow_venv/lib/python3.11/site-packages/airflow/example_dags/example_bash_operator.py for tasks to queue
[2024-09-23T20:06:07.960+0100] {logging_mixin.py:190} INFO - [2024-09-23T20:06:07.960+0100] {dagbag.py:588} INFO - Filling up the DagBag from /Users/rtewelde/airflow_venv/lib/python3.11/site-packages/airflow/example_dags/example_bash_operator.py
[2024-09-23T20:06:07.972+0100] {processor.py:925} INFO - DAG(s) 'example_bash_operator' retrieved from /Users/rtewelde/airflow_venv/lib/python3.11/site-packages/airflow/example_dags/example_bash_operator.py
[2024-09-23T20:06:08.126+0100] {logging_mixin.py:190} INFO - [2024-09-23T20:06:08.126+0100] {dag.py:3239} INFO - Sync 1 DAGs
[2024-09-23T20:06:08.141+0100] {logging_mixin.py:190} INFO - [2024-09-23T20:06:08.141+0100] {dag.py:4180} INFO - Setting next_dagrun for example_bash_operator to 2024-09-22 00:00:00+00:00, run_after=2024-09-23 00:00:00+00:00
[2024-09-23T20:06:08.157+0100] {processor.py:208} INFO - Processing /Users/rtewelde/airflow_venv/lib/python3.11/site-packages/airflow/example_dags/example_bash_operator.py took 0.202 seconds
[2024-09-23T20:10:36.605+0100] {processor.py:186} INFO - Started process (PID=56245) to work on /Users/rtewelde/airflow_venv/lib/python3.11/site-packages/airflow/example_dags/example_bash_operator.py
[2024-09-23T20:10:36.606+0100] {processor.py:914} INFO - Processing file /Users/rtewelde/airflow_venv/lib/python3.11/site-packages/airflow/example_dags/example_bash_operator.py for tasks to queue
[2024-09-23T20:10:36.607+0100] {logging_mixin.py:190} INFO - [2024-09-23T20:10:36.607+0100] {dagbag.py:588} INFO - Filling up the DagBag from /Users/rtewelde/airflow_venv/lib/python3.11/site-packages/airflow/example_dags/example_bash_operator.py
[2024-09-23T20:10:36.619+0100] {processor.py:925} INFO - DAG(s) 'example_bash_operator' retrieved from /Users/rtewelde/airflow_venv/lib/python3.11/site-packages/airflow/example_dags/example_bash_operator.py
[2024-09-23T20:10:36.775+0100] {logging_mixin.py:190} INFO - [2024-09-23T20:10:36.775+0100] {dag.py:3239} INFO - Sync 1 DAGs
[2024-09-23T20:10:36.793+0100] {logging_mixin.py:190} INFO - [2024-09-23T20:10:36.793+0100] {dag.py:4180} INFO - Setting next_dagrun for example_bash_operator to 2024-09-22 00:00:00+00:00, run_after=2024-09-23 00:00:00+00:00
[2024-09-23T20:10:36.809+0100] {processor.py:208} INFO - Processing /Users/rtewelde/airflow_venv/lib/python3.11/site-packages/airflow/example_dags/example_bash_operator.py took 0.206 seconds
[2024-09-23T20:15:09.927+0100] {processor.py:186} INFO - Started process (PID=57504) to work on /Users/rtewelde/airflow_venv/lib/python3.11/site-packages/airflow/example_dags/example_bash_operator.py
[2024-09-23T20:15:09.927+0100] {processor.py:914} INFO - Processing file /Users/rtewelde/airflow_venv/lib/python3.11/site-packages/airflow/example_dags/example_bash_operator.py for tasks to queue
[2024-09-23T20:15:09.928+0100] {logging_mixin.py:190} INFO - [2024-09-23T20:15:09.928+0100] {dagbag.py:588} INFO - Filling up the DagBag from /Users/rtewelde/airflow_venv/lib/python3.11/site-packages/airflow/example_dags/example_bash_operator.py
[2024-09-23T20:15:09.940+0100] {processor.py:925} INFO - DAG(s) 'example_bash_operator' retrieved from /Users/rtewelde/airflow_venv/lib/python3.11/site-packages/airflow/example_dags/example_bash_operator.py
[2024-09-23T20:15:10.102+0100] {logging_mixin.py:190} INFO - [2024-09-23T20:15:10.102+0100] {dag.py:3239} INFO - Sync 1 DAGs
[2024-09-23T20:15:10.117+0100] {logging_mixin.py:190} INFO - [2024-09-23T20:15:10.117+0100] {dag.py:4180} INFO - Setting next_dagrun for example_bash_operator to 2024-09-22 00:00:00+00:00, run_after=2024-09-23 00:00:00+00:00
[2024-09-23T20:15:10.134+0100] {processor.py:208} INFO - Processing /Users/rtewelde/airflow_venv/lib/python3.11/site-packages/airflow/example_dags/example_bash_operator.py took 0.209 seconds
[2024-09-23T20:19:41.134+0100] {processor.py:186} INFO - Started process (PID=58794) to work on /Users/rtewelde/airflow_venv/lib/python3.11/site-packages/airflow/example_dags/example_bash_operator.py
[2024-09-23T20:19:41.135+0100] {processor.py:914} INFO - Processing file /Users/rtewelde/airflow_venv/lib/python3.11/site-packages/airflow/example_dags/example_bash_operator.py for tasks to queue
[2024-09-23T20:19:41.136+0100] {logging_mixin.py:190} INFO - [2024-09-23T20:19:41.136+0100] {dagbag.py:588} INFO - Filling up the DagBag from /Users/rtewelde/airflow_venv/lib/python3.11/site-packages/airflow/example_dags/example_bash_operator.py
[2024-09-23T20:19:41.150+0100] {processor.py:925} INFO - DAG(s) 'example_bash_operator' retrieved from /Users/rtewelde/airflow_venv/lib/python3.11/site-packages/airflow/example_dags/example_bash_operator.py
[2024-09-23T20:19:41.320+0100] {logging_mixin.py:190} INFO - [2024-09-23T20:19:41.319+0100] {dag.py:3239} INFO - Sync 1 DAGs
[2024-09-23T20:19:41.336+0100] {logging_mixin.py:190} INFO - [2024-09-23T20:19:41.336+0100] {dag.py:4180} INFO - Setting next_dagrun for example_bash_operator to 2024-09-22 00:00:00+00:00, run_after=2024-09-23 00:00:00+00:00
[2024-09-23T20:19:41.354+0100] {processor.py:208} INFO - Processing /Users/rtewelde/airflow_venv/lib/python3.11/site-packages/airflow/example_dags/example_bash_operator.py took 0.223 seconds
[2024-09-23T20:24:17.751+0100] {processor.py:186} INFO - Started process (PID=60062) to work on /Users/rtewelde/airflow_venv/lib/python3.11/site-packages/airflow/example_dags/example_bash_operator.py
[2024-09-23T20:24:17.752+0100] {processor.py:914} INFO - Processing file /Users/rtewelde/airflow_venv/lib/python3.11/site-packages/airflow/example_dags/example_bash_operator.py for tasks to queue
[2024-09-23T20:24:17.753+0100] {logging_mixin.py:190} INFO - [2024-09-23T20:24:17.752+0100] {dagbag.py:588} INFO - Filling up the DagBag from /Users/rtewelde/airflow_venv/lib/python3.11/site-packages/airflow/example_dags/example_bash_operator.py
[2024-09-23T20:24:17.763+0100] {processor.py:925} INFO - DAG(s) 'example_bash_operator' retrieved from /Users/rtewelde/airflow_venv/lib/python3.11/site-packages/airflow/example_dags/example_bash_operator.py
[2024-09-23T20:24:17.917+0100] {logging_mixin.py:190} INFO - [2024-09-23T20:24:17.916+0100] {dag.py:3239} INFO - Sync 1 DAGs
[2024-09-23T20:24:17.934+0100] {logging_mixin.py:190} INFO - [2024-09-23T20:24:17.934+0100] {dag.py:4180} INFO - Setting next_dagrun for example_bash_operator to 2024-09-22 00:00:00+00:00, run_after=2024-09-23 00:00:00+00:00
[2024-09-23T20:24:17.951+0100] {processor.py:208} INFO - Processing /Users/rtewelde/airflow_venv/lib/python3.11/site-packages/airflow/example_dags/example_bash_operator.py took 0.202 seconds
[2024-09-23T20:28:46.492+0100] {processor.py:186} INFO - Started process (PID=61319) to work on /Users/rtewelde/airflow_venv/lib/python3.11/site-packages/airflow/example_dags/example_bash_operator.py
[2024-09-23T20:28:46.493+0100] {processor.py:914} INFO - Processing file /Users/rtewelde/airflow_venv/lib/python3.11/site-packages/airflow/example_dags/example_bash_operator.py for tasks to queue
[2024-09-23T20:28:46.494+0100] {logging_mixin.py:190} INFO - [2024-09-23T20:28:46.493+0100] {dagbag.py:588} INFO - Filling up the DagBag from /Users/rtewelde/airflow_venv/lib/python3.11/site-packages/airflow/example_dags/example_bash_operator.py
[2024-09-23T20:28:46.504+0100] {processor.py:925} INFO - DAG(s) 'example_bash_operator' retrieved from /Users/rtewelde/airflow_venv/lib/python3.11/site-packages/airflow/example_dags/example_bash_operator.py
[2024-09-23T20:28:46.665+0100] {logging_mixin.py:190} INFO - [2024-09-23T20:28:46.665+0100] {dag.py:3239} INFO - Sync 1 DAGs
[2024-09-23T20:28:46.681+0100] {logging_mixin.py:190} INFO - [2024-09-23T20:28:46.681+0100] {dag.py:4180} INFO - Setting next_dagrun for example_bash_operator to 2024-09-22 00:00:00+00:00, run_after=2024-09-23 00:00:00+00:00
[2024-09-23T20:28:46.698+0100] {processor.py:208} INFO - Processing /Users/rtewelde/airflow_venv/lib/python3.11/site-packages/airflow/example_dags/example_bash_operator.py took 0.209 seconds
[2024-09-23T20:33:13.092+0100] {processor.py:186} INFO - Started process (PID=62551) to work on /Users/rtewelde/airflow_venv/lib/python3.11/site-packages/airflow/example_dags/example_bash_operator.py
[2024-09-23T20:33:13.092+0100] {processor.py:914} INFO - Processing file /Users/rtewelde/airflow_venv/lib/python3.11/site-packages/airflow/example_dags/example_bash_operator.py for tasks to queue
[2024-09-23T20:33:13.093+0100] {logging_mixin.py:190} INFO - [2024-09-23T20:33:13.093+0100] {dagbag.py:588} INFO - Filling up the DagBag from /Users/rtewelde/airflow_venv/lib/python3.11/site-packages/airflow/example_dags/example_bash_operator.py
[2024-09-23T20:33:13.104+0100] {processor.py:925} INFO - DAG(s) 'example_bash_operator' retrieved from /Users/rtewelde/airflow_venv/lib/python3.11/site-packages/airflow/example_dags/example_bash_operator.py
[2024-09-23T20:33:13.267+0100] {logging_mixin.py:190} INFO - [2024-09-23T20:33:13.266+0100] {dag.py:3239} INFO - Sync 1 DAGs
[2024-09-23T20:33:13.283+0100] {logging_mixin.py:190} INFO - [2024-09-23T20:33:13.283+0100] {dag.py:4180} INFO - Setting next_dagrun for example_bash_operator to 2024-09-22 00:00:00+00:00, run_after=2024-09-23 00:00:00+00:00
[2024-09-23T20:33:13.299+0100] {processor.py:208} INFO - Processing /Users/rtewelde/airflow_venv/lib/python3.11/site-packages/airflow/example_dags/example_bash_operator.py took 0.210 seconds
[2024-09-23T20:37:37.620+0100] {processor.py:186} INFO - Started process (PID=63778) to work on /Users/rtewelde/airflow_venv/lib/python3.11/site-packages/airflow/example_dags/example_bash_operator.py
[2024-09-23T20:37:37.621+0100] {processor.py:914} INFO - Processing file /Users/rtewelde/airflow_venv/lib/python3.11/site-packages/airflow/example_dags/example_bash_operator.py for tasks to queue
[2024-09-23T20:37:37.622+0100] {logging_mixin.py:190} INFO - [2024-09-23T20:37:37.622+0100] {dagbag.py:588} INFO - Filling up the DagBag from /Users/rtewelde/airflow_venv/lib/python3.11/site-packages/airflow/example_dags/example_bash_operator.py
[2024-09-23T20:37:37.634+0100] {processor.py:925} INFO - DAG(s) 'example_bash_operator' retrieved from /Users/rtewelde/airflow_venv/lib/python3.11/site-packages/airflow/example_dags/example_bash_operator.py
[2024-09-23T20:37:37.799+0100] {logging_mixin.py:190} INFO - [2024-09-23T20:37:37.799+0100] {dag.py:3239} INFO - Sync 1 DAGs
[2024-09-23T20:37:37.818+0100] {logging_mixin.py:190} INFO - [2024-09-23T20:37:37.817+0100] {dag.py:4180} INFO - Setting next_dagrun for example_bash_operator to 2024-09-22 00:00:00+00:00, run_after=2024-09-23 00:00:00+00:00
[2024-09-23T20:37:37.835+0100] {processor.py:208} INFO - Processing /Users/rtewelde/airflow_venv/lib/python3.11/site-packages/airflow/example_dags/example_bash_operator.py took 0.218 seconds
[2024-09-23T20:42:15.300+0100] {processor.py:186} INFO - Started process (PID=65060) to work on /Users/rtewelde/airflow_venv/lib/python3.11/site-packages/airflow/example_dags/example_bash_operator.py
[2024-09-23T20:42:15.301+0100] {processor.py:914} INFO - Processing file /Users/rtewelde/airflow_venv/lib/python3.11/site-packages/airflow/example_dags/example_bash_operator.py for tasks to queue
[2024-09-23T20:42:15.302+0100] {logging_mixin.py:190} INFO - [2024-09-23T20:42:15.301+0100] {dagbag.py:588} INFO - Filling up the DagBag from /Users/rtewelde/airflow_venv/lib/python3.11/site-packages/airflow/example_dags/example_bash_operator.py
[2024-09-23T20:42:15.313+0100] {processor.py:925} INFO - DAG(s) 'example_bash_operator' retrieved from /Users/rtewelde/airflow_venv/lib/python3.11/site-packages/airflow/example_dags/example_bash_operator.py
[2024-09-23T20:42:15.466+0100] {logging_mixin.py:190} INFO - [2024-09-23T20:42:15.465+0100] {dag.py:3239} INFO - Sync 1 DAGs
[2024-09-23T20:42:15.485+0100] {logging_mixin.py:190} INFO - [2024-09-23T20:42:15.484+0100] {dag.py:4180} INFO - Setting next_dagrun for example_bash_operator to 2024-09-22 00:00:00+00:00, run_after=2024-09-23 00:00:00+00:00
[2024-09-23T20:42:15.501+0100] {processor.py:208} INFO - Processing /Users/rtewelde/airflow_venv/lib/python3.11/site-packages/airflow/example_dags/example_bash_operator.py took 0.204 seconds
[2024-09-23T20:46:46.457+0100] {processor.py:186} INFO - Started process (PID=66313) to work on /Users/rtewelde/airflow_venv/lib/python3.11/site-packages/airflow/example_dags/example_bash_operator.py
[2024-09-23T20:46:46.457+0100] {processor.py:914} INFO - Processing file /Users/rtewelde/airflow_venv/lib/python3.11/site-packages/airflow/example_dags/example_bash_operator.py for tasks to queue
[2024-09-23T20:46:46.458+0100] {logging_mixin.py:190} INFO - [2024-09-23T20:46:46.458+0100] {dagbag.py:588} INFO - Filling up the DagBag from /Users/rtewelde/airflow_venv/lib/python3.11/site-packages/airflow/example_dags/example_bash_operator.py
[2024-09-23T20:46:46.469+0100] {processor.py:925} INFO - DAG(s) 'example_bash_operator' retrieved from /Users/rtewelde/airflow_venv/lib/python3.11/site-packages/airflow/example_dags/example_bash_operator.py
[2024-09-23T20:46:46.624+0100] {logging_mixin.py:190} INFO - [2024-09-23T20:46:46.624+0100] {dag.py:3239} INFO - Sync 1 DAGs
[2024-09-23T20:46:46.640+0100] {logging_mixin.py:190} INFO - [2024-09-23T20:46:46.640+0100] {dag.py:4180} INFO - Setting next_dagrun for example_bash_operator to 2024-09-22 00:00:00+00:00, run_after=2024-09-23 00:00:00+00:00
[2024-09-23T20:46:46.657+0100] {processor.py:208} INFO - Processing /Users/rtewelde/airflow_venv/lib/python3.11/site-packages/airflow/example_dags/example_bash_operator.py took 0.203 seconds
[2024-09-23T20:51:16.163+0100] {processor.py:186} INFO - Started process (PID=67555) to work on /Users/rtewelde/airflow_venv/lib/python3.11/site-packages/airflow/example_dags/example_bash_operator.py
[2024-09-23T20:51:16.164+0100] {processor.py:914} INFO - Processing file /Users/rtewelde/airflow_venv/lib/python3.11/site-packages/airflow/example_dags/example_bash_operator.py for tasks to queue
[2024-09-23T20:51:16.165+0100] {logging_mixin.py:190} INFO - [2024-09-23T20:51:16.164+0100] {dagbag.py:588} INFO - Filling up the DagBag from /Users/rtewelde/airflow_venv/lib/python3.11/site-packages/airflow/example_dags/example_bash_operator.py
[2024-09-23T20:51:16.175+0100] {processor.py:925} INFO - DAG(s) 'example_bash_operator' retrieved from /Users/rtewelde/airflow_venv/lib/python3.11/site-packages/airflow/example_dags/example_bash_operator.py
[2024-09-23T20:51:16.331+0100] {logging_mixin.py:190} INFO - [2024-09-23T20:51:16.331+0100] {dag.py:3239} INFO - Sync 1 DAGs
[2024-09-23T20:51:16.347+0100] {logging_mixin.py:190} INFO - [2024-09-23T20:51:16.347+0100] {dag.py:4180} INFO - Setting next_dagrun for example_bash_operator to 2024-09-22 00:00:00+00:00, run_after=2024-09-23 00:00:00+00:00
[2024-09-23T20:51:16.363+0100] {processor.py:208} INFO - Processing /Users/rtewelde/airflow_venv/lib/python3.11/site-packages/airflow/example_dags/example_bash_operator.py took 0.203 seconds
[2024-09-23T20:55:45.167+0100] {processor.py:186} INFO - Started process (PID=68787) to work on /Users/rtewelde/airflow_venv/lib/python3.11/site-packages/airflow/example_dags/example_bash_operator.py
[2024-09-23T20:55:45.168+0100] {processor.py:914} INFO - Processing file /Users/rtewelde/airflow_venv/lib/python3.11/site-packages/airflow/example_dags/example_bash_operator.py for tasks to queue
[2024-09-23T20:55:45.169+0100] {logging_mixin.py:190} INFO - [2024-09-23T20:55:45.169+0100] {dagbag.py:588} INFO - Filling up the DagBag from /Users/rtewelde/airflow_venv/lib/python3.11/site-packages/airflow/example_dags/example_bash_operator.py
[2024-09-23T20:55:45.181+0100] {processor.py:925} INFO - DAG(s) 'example_bash_operator' retrieved from /Users/rtewelde/airflow_venv/lib/python3.11/site-packages/airflow/example_dags/example_bash_operator.py
[2024-09-23T20:55:45.334+0100] {logging_mixin.py:190} INFO - [2024-09-23T20:55:45.334+0100] {dag.py:3239} INFO - Sync 1 DAGs
[2024-09-23T20:55:45.350+0100] {logging_mixin.py:190} INFO - [2024-09-23T20:55:45.350+0100] {dag.py:4180} INFO - Setting next_dagrun for example_bash_operator to 2024-09-22 00:00:00+00:00, run_after=2024-09-23 00:00:00+00:00
[2024-09-23T20:55:45.365+0100] {processor.py:208} INFO - Processing /Users/rtewelde/airflow_venv/lib/python3.11/site-packages/airflow/example_dags/example_bash_operator.py took 0.201 seconds
[2024-09-23T21:00:14.719+0100] {processor.py:186} INFO - Started process (PID=70030) to work on /Users/rtewelde/airflow_venv/lib/python3.11/site-packages/airflow/example_dags/example_bash_operator.py
[2024-09-23T21:00:14.720+0100] {processor.py:914} INFO - Processing file /Users/rtewelde/airflow_venv/lib/python3.11/site-packages/airflow/example_dags/example_bash_operator.py for tasks to queue
[2024-09-23T21:00:14.721+0100] {logging_mixin.py:190} INFO - [2024-09-23T21:00:14.721+0100] {dagbag.py:588} INFO - Filling up the DagBag from /Users/rtewelde/airflow_venv/lib/python3.11/site-packages/airflow/example_dags/example_bash_operator.py
[2024-09-23T21:00:14.732+0100] {processor.py:925} INFO - DAG(s) 'example_bash_operator' retrieved from /Users/rtewelde/airflow_venv/lib/python3.11/site-packages/airflow/example_dags/example_bash_operator.py
[2024-09-23T21:00:14.885+0100] {logging_mixin.py:190} INFO - [2024-09-23T21:00:14.885+0100] {dag.py:3239} INFO - Sync 1 DAGs
[2024-09-23T21:00:14.904+0100] {logging_mixin.py:190} INFO - [2024-09-23T21:00:14.903+0100] {dag.py:4180} INFO - Setting next_dagrun for example_bash_operator to 2024-09-22 00:00:00+00:00, run_after=2024-09-23 00:00:00+00:00
[2024-09-23T21:00:14.919+0100] {processor.py:208} INFO - Processing /Users/rtewelde/airflow_venv/lib/python3.11/site-packages/airflow/example_dags/example_bash_operator.py took 0.203 seconds
[2024-09-23T21:04:41.896+0100] {processor.py:186} INFO - Started process (PID=71258) to work on /Users/rtewelde/airflow_venv/lib/python3.11/site-packages/airflow/example_dags/example_bash_operator.py
[2024-09-23T21:04:41.896+0100] {processor.py:914} INFO - Processing file /Users/rtewelde/airflow_venv/lib/python3.11/site-packages/airflow/example_dags/example_bash_operator.py for tasks to queue
[2024-09-23T21:04:41.897+0100] {logging_mixin.py:190} INFO - [2024-09-23T21:04:41.897+0100] {dagbag.py:588} INFO - Filling up the DagBag from /Users/rtewelde/airflow_venv/lib/python3.11/site-packages/airflow/example_dags/example_bash_operator.py
[2024-09-23T21:04:41.908+0100] {processor.py:925} INFO - DAG(s) 'example_bash_operator' retrieved from /Users/rtewelde/airflow_venv/lib/python3.11/site-packages/airflow/example_dags/example_bash_operator.py
[2024-09-23T21:04:42.072+0100] {logging_mixin.py:190} INFO - [2024-09-23T21:04:42.072+0100] {dag.py:3239} INFO - Sync 1 DAGs
[2024-09-23T21:04:42.088+0100] {logging_mixin.py:190} INFO - [2024-09-23T21:04:42.088+0100] {dag.py:4180} INFO - Setting next_dagrun for example_bash_operator to 2024-09-22 00:00:00+00:00, run_after=2024-09-23 00:00:00+00:00
[2024-09-23T21:04:42.106+0100] {processor.py:208} INFO - Processing /Users/rtewelde/airflow_venv/lib/python3.11/site-packages/airflow/example_dags/example_bash_operator.py took 0.213 seconds
[2024-09-23T21:09:10.836+0100] {processor.py:186} INFO - Started process (PID=72506) to work on /Users/rtewelde/airflow_venv/lib/python3.11/site-packages/airflow/example_dags/example_bash_operator.py
[2024-09-23T21:09:10.837+0100] {processor.py:914} INFO - Processing file /Users/rtewelde/airflow_venv/lib/python3.11/site-packages/airflow/example_dags/example_bash_operator.py for tasks to queue
[2024-09-23T21:09:10.838+0100] {logging_mixin.py:190} INFO - [2024-09-23T21:09:10.838+0100] {dagbag.py:588} INFO - Filling up the DagBag from /Users/rtewelde/airflow_venv/lib/python3.11/site-packages/airflow/example_dags/example_bash_operator.py
[2024-09-23T21:09:10.849+0100] {processor.py:925} INFO - DAG(s) 'example_bash_operator' retrieved from /Users/rtewelde/airflow_venv/lib/python3.11/site-packages/airflow/example_dags/example_bash_operator.py
[2024-09-23T21:09:11.004+0100] {logging_mixin.py:190} INFO - [2024-09-23T21:09:11.003+0100] {dag.py:3239} INFO - Sync 1 DAGs
[2024-09-23T21:09:11.022+0100] {logging_mixin.py:190} INFO - [2024-09-23T21:09:11.021+0100] {dag.py:4180} INFO - Setting next_dagrun for example_bash_operator to 2024-09-22 00:00:00+00:00, run_after=2024-09-23 00:00:00+00:00
[2024-09-23T21:09:11.038+0100] {processor.py:208} INFO - Processing /Users/rtewelde/airflow_venv/lib/python3.11/site-packages/airflow/example_dags/example_bash_operator.py took 0.204 seconds
[2024-09-23T21:13:40.946+0100] {processor.py:186} INFO - Started process (PID=73750) to work on /Users/rtewelde/airflow_venv/lib/python3.11/site-packages/airflow/example_dags/example_bash_operator.py
[2024-09-23T21:13:40.947+0100] {processor.py:914} INFO - Processing file /Users/rtewelde/airflow_venv/lib/python3.11/site-packages/airflow/example_dags/example_bash_operator.py for tasks to queue
[2024-09-23T21:13:40.948+0100] {logging_mixin.py:190} INFO - [2024-09-23T21:13:40.947+0100] {dagbag.py:588} INFO - Filling up the DagBag from /Users/rtewelde/airflow_venv/lib/python3.11/site-packages/airflow/example_dags/example_bash_operator.py
[2024-09-23T21:13:40.958+0100] {processor.py:925} INFO - DAG(s) 'example_bash_operator' retrieved from /Users/rtewelde/airflow_venv/lib/python3.11/site-packages/airflow/example_dags/example_bash_operator.py
[2024-09-23T21:13:41.114+0100] {logging_mixin.py:190} INFO - [2024-09-23T21:13:41.114+0100] {dag.py:3239} INFO - Sync 1 DAGs
[2024-09-23T21:13:41.131+0100] {logging_mixin.py:190} INFO - [2024-09-23T21:13:41.131+0100] {dag.py:4180} INFO - Setting next_dagrun for example_bash_operator to 2024-09-22 00:00:00+00:00, run_after=2024-09-23 00:00:00+00:00
[2024-09-23T21:13:41.149+0100] {processor.py:208} INFO - Processing /Users/rtewelde/airflow_venv/lib/python3.11/site-packages/airflow/example_dags/example_bash_operator.py took 0.205 seconds
[2024-09-23T21:18:13.166+0100] {processor.py:186} INFO - Started process (PID=75028) to work on /Users/rtewelde/airflow_venv/lib/python3.11/site-packages/airflow/example_dags/example_bash_operator.py
[2024-09-23T21:18:13.167+0100] {processor.py:914} INFO - Processing file /Users/rtewelde/airflow_venv/lib/python3.11/site-packages/airflow/example_dags/example_bash_operator.py for tasks to queue
[2024-09-23T21:18:13.168+0100] {logging_mixin.py:190} INFO - [2024-09-23T21:18:13.168+0100] {dagbag.py:588} INFO - Filling up the DagBag from /Users/rtewelde/airflow_venv/lib/python3.11/site-packages/airflow/example_dags/example_bash_operator.py
[2024-09-23T21:18:13.180+0100] {processor.py:925} INFO - DAG(s) 'example_bash_operator' retrieved from /Users/rtewelde/airflow_venv/lib/python3.11/site-packages/airflow/example_dags/example_bash_operator.py
[2024-09-23T21:18:13.345+0100] {logging_mixin.py:190} INFO - [2024-09-23T21:18:13.344+0100] {dag.py:3239} INFO - Sync 1 DAGs
[2024-09-23T21:18:13.361+0100] {logging_mixin.py:190} INFO - [2024-09-23T21:18:13.361+0100] {dag.py:4180} INFO - Setting next_dagrun for example_bash_operator to 2024-09-22 00:00:00+00:00, run_after=2024-09-23 00:00:00+00:00
[2024-09-23T21:18:13.377+0100] {processor.py:208} INFO - Processing /Users/rtewelde/airflow_venv/lib/python3.11/site-packages/airflow/example_dags/example_bash_operator.py took 0.213 seconds
[2024-09-23T21:22:40.380+0100] {processor.py:186} INFO - Started process (PID=76372) to work on /Users/rtewelde/airflow_venv/lib/python3.11/site-packages/airflow/example_dags/example_bash_operator.py
[2024-09-23T21:22:40.381+0100] {processor.py:914} INFO - Processing file /Users/rtewelde/airflow_venv/lib/python3.11/site-packages/airflow/example_dags/example_bash_operator.py for tasks to queue
[2024-09-23T21:22:40.382+0100] {logging_mixin.py:190} INFO - [2024-09-23T21:22:40.382+0100] {dagbag.py:588} INFO - Filling up the DagBag from /Users/rtewelde/airflow_venv/lib/python3.11/site-packages/airflow/example_dags/example_bash_operator.py
[2024-09-23T21:22:40.394+0100] {processor.py:925} INFO - DAG(s) 'example_bash_operator' retrieved from /Users/rtewelde/airflow_venv/lib/python3.11/site-packages/airflow/example_dags/example_bash_operator.py
[2024-09-23T21:22:40.550+0100] {logging_mixin.py:190} INFO - [2024-09-23T21:22:40.549+0100] {dag.py:3239} INFO - Sync 1 DAGs
[2024-09-23T21:22:40.567+0100] {logging_mixin.py:190} INFO - [2024-09-23T21:22:40.566+0100] {dag.py:4180} INFO - Setting next_dagrun for example_bash_operator to 2024-09-22 00:00:00+00:00, run_after=2024-09-23 00:00:00+00:00
[2024-09-23T21:22:40.583+0100] {processor.py:208} INFO - Processing /Users/rtewelde/airflow_venv/lib/python3.11/site-packages/airflow/example_dags/example_bash_operator.py took 0.205 seconds
[2024-09-24T00:13:40.127+0100] {processor.py:186} INFO - Started process (PID=77727) to work on /Users/rtewelde/airflow_venv/lib/python3.11/site-packages/airflow/example_dags/example_bash_operator.py
[2024-09-24T00:13:40.128+0100] {processor.py:914} INFO - Processing file /Users/rtewelde/airflow_venv/lib/python3.11/site-packages/airflow/example_dags/example_bash_operator.py for tasks to queue
[2024-09-24T00:13:40.129+0100] {logging_mixin.py:190} INFO - [2024-09-24T00:13:40.129+0100] {dagbag.py:588} INFO - Filling up the DagBag from /Users/rtewelde/airflow_venv/lib/python3.11/site-packages/airflow/example_dags/example_bash_operator.py
[2024-09-24T00:13:40.143+0100] {processor.py:925} INFO - DAG(s) 'example_bash_operator' retrieved from /Users/rtewelde/airflow_venv/lib/python3.11/site-packages/airflow/example_dags/example_bash_operator.py
[2024-09-24T00:13:40.310+0100] {logging_mixin.py:190} INFO - [2024-09-24T00:13:40.310+0100] {dag.py:3239} INFO - Sync 1 DAGs
[2024-09-24T00:13:40.326+0100] {logging_mixin.py:190} INFO - [2024-09-24T00:13:40.326+0100] {dag.py:4180} INFO - Setting next_dagrun for example_bash_operator to 2024-09-22 00:00:00+00:00, run_after=2024-09-23 00:00:00+00:00
[2024-09-24T00:13:40.342+0100] {processor.py:208} INFO - Processing /Users/rtewelde/airflow_venv/lib/python3.11/site-packages/airflow/example_dags/example_bash_operator.py took 0.217 seconds
[2024-09-24T00:18:06.890+0100] {processor.py:186} INFO - Started process (PID=78968) to work on /Users/rtewelde/airflow_venv/lib/python3.11/site-packages/airflow/example_dags/example_bash_operator.py
[2024-09-24T00:18:06.892+0100] {processor.py:914} INFO - Processing file /Users/rtewelde/airflow_venv/lib/python3.11/site-packages/airflow/example_dags/example_bash_operator.py for tasks to queue
[2024-09-24T00:18:06.893+0100] {logging_mixin.py:190} INFO - [2024-09-24T00:18:06.893+0100] {dagbag.py:588} INFO - Filling up the DagBag from /Users/rtewelde/airflow_venv/lib/python3.11/site-packages/airflow/example_dags/example_bash_operator.py
[2024-09-24T00:18:06.905+0100] {processor.py:925} INFO - DAG(s) 'example_bash_operator' retrieved from /Users/rtewelde/airflow_venv/lib/python3.11/site-packages/airflow/example_dags/example_bash_operator.py
[2024-09-24T00:18:07.068+0100] {logging_mixin.py:190} INFO - [2024-09-24T00:18:07.068+0100] {dag.py:3239} INFO - Sync 1 DAGs
[2024-09-24T00:18:07.084+0100] {logging_mixin.py:190} INFO - [2024-09-24T00:18:07.084+0100] {dag.py:4180} INFO - Setting next_dagrun for example_bash_operator to 2024-09-22 00:00:00+00:00, run_after=2024-09-23 00:00:00+00:00
[2024-09-24T00:18:07.100+0100] {processor.py:208} INFO - Processing /Users/rtewelde/airflow_venv/lib/python3.11/site-packages/airflow/example_dags/example_bash_operator.py took 0.213 seconds
[2024-09-24T00:22:36.048+0100] {processor.py:186} INFO - Started process (PID=80208) to work on /Users/rtewelde/airflow_venv/lib/python3.11/site-packages/airflow/example_dags/example_bash_operator.py
[2024-09-24T00:22:36.049+0100] {processor.py:914} INFO - Processing file /Users/rtewelde/airflow_venv/lib/python3.11/site-packages/airflow/example_dags/example_bash_operator.py for tasks to queue
[2024-09-24T00:22:36.050+0100] {logging_mixin.py:190} INFO - [2024-09-24T00:22:36.050+0100] {dagbag.py:588} INFO - Filling up the DagBag from /Users/rtewelde/airflow_venv/lib/python3.11/site-packages/airflow/example_dags/example_bash_operator.py
[2024-09-24T00:22:36.061+0100] {processor.py:925} INFO - DAG(s) 'example_bash_operator' retrieved from /Users/rtewelde/airflow_venv/lib/python3.11/site-packages/airflow/example_dags/example_bash_operator.py
[2024-09-24T00:22:36.215+0100] {logging_mixin.py:190} INFO - [2024-09-24T00:22:36.215+0100] {dag.py:3239} INFO - Sync 1 DAGs
[2024-09-24T00:22:36.231+0100] {logging_mixin.py:190} INFO - [2024-09-24T00:22:36.231+0100] {dag.py:4180} INFO - Setting next_dagrun for example_bash_operator to 2024-09-22 00:00:00+00:00, run_after=2024-09-23 00:00:00+00:00
[2024-09-24T00:22:36.247+0100] {processor.py:208} INFO - Processing /Users/rtewelde/airflow_venv/lib/python3.11/site-packages/airflow/example_dags/example_bash_operator.py took 0.201 seconds
[2024-09-24T00:27:12.283+0100] {processor.py:186} INFO - Started process (PID=81460) to work on /Users/rtewelde/airflow_venv/lib/python3.11/site-packages/airflow/example_dags/example_bash_operator.py
[2024-09-24T00:27:12.284+0100] {processor.py:914} INFO - Processing file /Users/rtewelde/airflow_venv/lib/python3.11/site-packages/airflow/example_dags/example_bash_operator.py for tasks to queue
[2024-09-24T00:27:12.285+0100] {logging_mixin.py:190} INFO - [2024-09-24T00:27:12.285+0100] {dagbag.py:588} INFO - Filling up the DagBag from /Users/rtewelde/airflow_venv/lib/python3.11/site-packages/airflow/example_dags/example_bash_operator.py
[2024-09-24T00:27:12.296+0100] {processor.py:925} INFO - DAG(s) 'example_bash_operator' retrieved from /Users/rtewelde/airflow_venv/lib/python3.11/site-packages/airflow/example_dags/example_bash_operator.py
[2024-09-24T00:27:12.453+0100] {logging_mixin.py:190} INFO - [2024-09-24T00:27:12.453+0100] {dag.py:3239} INFO - Sync 1 DAGs
[2024-09-24T00:27:12.469+0100] {logging_mixin.py:190} INFO - [2024-09-24T00:27:12.468+0100] {dag.py:4180} INFO - Setting next_dagrun for example_bash_operator to 2024-09-22 00:00:00+00:00, run_after=2024-09-23 00:00:00+00:00
[2024-09-24T00:27:12.488+0100] {processor.py:208} INFO - Processing /Users/rtewelde/airflow_venv/lib/python3.11/site-packages/airflow/example_dags/example_bash_operator.py took 0.207 seconds
[2024-09-24T00:31:43.953+0100] {processor.py:186} INFO - Started process (PID=82730) to work on /Users/rtewelde/airflow_venv/lib/python3.11/site-packages/airflow/example_dags/example_bash_operator.py
[2024-09-24T00:31:43.956+0100] {processor.py:914} INFO - Processing file /Users/rtewelde/airflow_venv/lib/python3.11/site-packages/airflow/example_dags/example_bash_operator.py for tasks to queue
[2024-09-24T00:31:43.958+0100] {logging_mixin.py:190} INFO - [2024-09-24T00:31:43.957+0100] {dagbag.py:588} INFO - Filling up the DagBag from /Users/rtewelde/airflow_venv/lib/python3.11/site-packages/airflow/example_dags/example_bash_operator.py
[2024-09-24T00:31:43.972+0100] {processor.py:925} INFO - DAG(s) 'example_bash_operator' retrieved from /Users/rtewelde/airflow_venv/lib/python3.11/site-packages/airflow/example_dags/example_bash_operator.py
[2024-09-24T00:31:44.133+0100] {logging_mixin.py:190} INFO - [2024-09-24T00:31:44.132+0100] {dag.py:3239} INFO - Sync 1 DAGs
[2024-09-24T00:31:44.149+0100] {logging_mixin.py:190} INFO - [2024-09-24T00:31:44.149+0100] {dag.py:4180} INFO - Setting next_dagrun for example_bash_operator to 2024-09-22 00:00:00+00:00, run_after=2024-09-23 00:00:00+00:00
[2024-09-24T00:31:44.164+0100] {processor.py:208} INFO - Processing /Users/rtewelde/airflow_venv/lib/python3.11/site-packages/airflow/example_dags/example_bash_operator.py took 0.214 seconds
[2024-09-24T00:36:13.321+0100] {processor.py:186} INFO - Started process (PID=83975) to work on /Users/rtewelde/airflow_venv/lib/python3.11/site-packages/airflow/example_dags/example_bash_operator.py
[2024-09-24T00:36:13.322+0100] {processor.py:914} INFO - Processing file /Users/rtewelde/airflow_venv/lib/python3.11/site-packages/airflow/example_dags/example_bash_operator.py for tasks to queue
[2024-09-24T00:36:13.323+0100] {logging_mixin.py:190} INFO - [2024-09-24T00:36:13.323+0100] {dagbag.py:588} INFO - Filling up the DagBag from /Users/rtewelde/airflow_venv/lib/python3.11/site-packages/airflow/example_dags/example_bash_operator.py
[2024-09-24T00:36:13.334+0100] {processor.py:925} INFO - DAG(s) 'example_bash_operator' retrieved from /Users/rtewelde/airflow_venv/lib/python3.11/site-packages/airflow/example_dags/example_bash_operator.py
[2024-09-24T00:36:13.490+0100] {logging_mixin.py:190} INFO - [2024-09-24T00:36:13.489+0100] {dag.py:3239} INFO - Sync 1 DAGs
[2024-09-24T00:36:13.506+0100] {logging_mixin.py:190} INFO - [2024-09-24T00:36:13.506+0100] {dag.py:4180} INFO - Setting next_dagrun for example_bash_operator to 2024-09-22 00:00:00+00:00, run_after=2024-09-23 00:00:00+00:00
[2024-09-24T00:36:13.523+0100] {processor.py:208} INFO - Processing /Users/rtewelde/airflow_venv/lib/python3.11/site-packages/airflow/example_dags/example_bash_operator.py took 0.205 seconds
[2024-09-24T00:40:42.593+0100] {processor.py:186} INFO - Started process (PID=85211) to work on /Users/rtewelde/airflow_venv/lib/python3.11/site-packages/airflow/example_dags/example_bash_operator.py
[2024-09-24T00:40:42.594+0100] {processor.py:914} INFO - Processing file /Users/rtewelde/airflow_venv/lib/python3.11/site-packages/airflow/example_dags/example_bash_operator.py for tasks to queue
[2024-09-24T00:40:42.595+0100] {logging_mixin.py:190} INFO - [2024-09-24T00:40:42.595+0100] {dagbag.py:588} INFO - Filling up the DagBag from /Users/rtewelde/airflow_venv/lib/python3.11/site-packages/airflow/example_dags/example_bash_operator.py
[2024-09-24T00:40:42.606+0100] {processor.py:925} INFO - DAG(s) 'example_bash_operator' retrieved from /Users/rtewelde/airflow_venv/lib/python3.11/site-packages/airflow/example_dags/example_bash_operator.py
[2024-09-24T00:40:42.757+0100] {logging_mixin.py:190} INFO - [2024-09-24T00:40:42.757+0100] {dag.py:3239} INFO - Sync 1 DAGs
[2024-09-24T00:40:42.775+0100] {logging_mixin.py:190} INFO - [2024-09-24T00:40:42.774+0100] {dag.py:4180} INFO - Setting next_dagrun for example_bash_operator to 2024-09-22 00:00:00+00:00, run_after=2024-09-23 00:00:00+00:00
[2024-09-24T00:40:42.791+0100] {processor.py:208} INFO - Processing /Users/rtewelde/airflow_venv/lib/python3.11/site-packages/airflow/example_dags/example_bash_operator.py took 0.200 seconds
[2024-09-24T00:45:10.370+0100] {processor.py:186} INFO - Started process (PID=86450) to work on /Users/rtewelde/airflow_venv/lib/python3.11/site-packages/airflow/example_dags/example_bash_operator.py
[2024-09-24T00:45:10.371+0100] {processor.py:914} INFO - Processing file /Users/rtewelde/airflow_venv/lib/python3.11/site-packages/airflow/example_dags/example_bash_operator.py for tasks to queue
[2024-09-24T00:45:10.372+0100] {logging_mixin.py:190} INFO - [2024-09-24T00:45:10.372+0100] {dagbag.py:588} INFO - Filling up the DagBag from /Users/rtewelde/airflow_venv/lib/python3.11/site-packages/airflow/example_dags/example_bash_operator.py
[2024-09-24T00:45:10.383+0100] {processor.py:925} INFO - DAG(s) 'example_bash_operator' retrieved from /Users/rtewelde/airflow_venv/lib/python3.11/site-packages/airflow/example_dags/example_bash_operator.py
[2024-09-24T00:45:10.542+0100] {logging_mixin.py:190} INFO - [2024-09-24T00:45:10.542+0100] {dag.py:3239} INFO - Sync 1 DAGs
[2024-09-24T00:45:10.558+0100] {logging_mixin.py:190} INFO - [2024-09-24T00:45:10.558+0100] {dag.py:4180} INFO - Setting next_dagrun for example_bash_operator to 2024-09-22 00:00:00+00:00, run_after=2024-09-23 00:00:00+00:00
[2024-09-24T00:45:10.576+0100] {processor.py:208} INFO - Processing /Users/rtewelde/airflow_venv/lib/python3.11/site-packages/airflow/example_dags/example_bash_operator.py took 0.208 seconds
[2024-09-24T00:49:39.378+0100] {processor.py:186} INFO - Started process (PID=87695) to work on /Users/rtewelde/airflow_venv/lib/python3.11/site-packages/airflow/example_dags/example_bash_operator.py
[2024-09-24T00:49:39.379+0100] {processor.py:914} INFO - Processing file /Users/rtewelde/airflow_venv/lib/python3.11/site-packages/airflow/example_dags/example_bash_operator.py for tasks to queue
[2024-09-24T00:49:39.379+0100] {logging_mixin.py:190} INFO - [2024-09-24T00:49:39.379+0100] {dagbag.py:588} INFO - Filling up the DagBag from /Users/rtewelde/airflow_venv/lib/python3.11/site-packages/airflow/example_dags/example_bash_operator.py
[2024-09-24T00:49:39.391+0100] {processor.py:925} INFO - DAG(s) 'example_bash_operator' retrieved from /Users/rtewelde/airflow_venv/lib/python3.11/site-packages/airflow/example_dags/example_bash_operator.py
[2024-09-24T00:49:39.553+0100] {logging_mixin.py:190} INFO - [2024-09-24T00:49:39.552+0100] {dag.py:3239} INFO - Sync 1 DAGs
[2024-09-24T00:49:39.569+0100] {logging_mixin.py:190} INFO - [2024-09-24T00:49:39.569+0100] {dag.py:4180} INFO - Setting next_dagrun for example_bash_operator to 2024-09-22 00:00:00+00:00, run_after=2024-09-23 00:00:00+00:00
[2024-09-24T00:49:39.584+0100] {processor.py:208} INFO - Processing /Users/rtewelde/airflow_venv/lib/python3.11/site-packages/airflow/example_dags/example_bash_operator.py took 0.209 seconds
[2024-09-24T00:54:10.911+0100] {processor.py:186} INFO - Started process (PID=88962) to work on /Users/rtewelde/airflow_venv/lib/python3.11/site-packages/airflow/example_dags/example_bash_operator.py
[2024-09-24T00:54:10.912+0100] {processor.py:914} INFO - Processing file /Users/rtewelde/airflow_venv/lib/python3.11/site-packages/airflow/example_dags/example_bash_operator.py for tasks to queue
[2024-09-24T00:54:10.914+0100] {logging_mixin.py:190} INFO - [2024-09-24T00:54:10.913+0100] {dagbag.py:588} INFO - Filling up the DagBag from /Users/rtewelde/airflow_venv/lib/python3.11/site-packages/airflow/example_dags/example_bash_operator.py
[2024-09-24T00:54:10.925+0100] {processor.py:925} INFO - DAG(s) 'example_bash_operator' retrieved from /Users/rtewelde/airflow_venv/lib/python3.11/site-packages/airflow/example_dags/example_bash_operator.py
[2024-09-24T00:54:11.077+0100] {logging_mixin.py:190} INFO - [2024-09-24T00:54:11.077+0100] {dag.py:3239} INFO - Sync 1 DAGs
[2024-09-24T00:54:11.095+0100] {logging_mixin.py:190} INFO - [2024-09-24T00:54:11.094+0100] {dag.py:4180} INFO - Setting next_dagrun for example_bash_operator to 2024-09-22 00:00:00+00:00, run_after=2024-09-23 00:00:00+00:00
[2024-09-24T00:54:11.110+0100] {processor.py:208} INFO - Processing /Users/rtewelde/airflow_venv/lib/python3.11/site-packages/airflow/example_dags/example_bash_operator.py took 0.202 seconds
[2024-09-24T00:58:43.128+0100] {processor.py:186} INFO - Started process (PID=90224) to work on /Users/rtewelde/airflow_venv/lib/python3.11/site-packages/airflow/example_dags/example_bash_operator.py
[2024-09-24T00:58:43.130+0100] {processor.py:914} INFO - Processing file /Users/rtewelde/airflow_venv/lib/python3.11/site-packages/airflow/example_dags/example_bash_operator.py for tasks to queue
[2024-09-24T00:58:43.131+0100] {logging_mixin.py:190} INFO - [2024-09-24T00:58:43.130+0100] {dagbag.py:588} INFO - Filling up the DagBag from /Users/rtewelde/airflow_venv/lib/python3.11/site-packages/airflow/example_dags/example_bash_operator.py
[2024-09-24T00:58:43.144+0100] {processor.py:925} INFO - DAG(s) 'example_bash_operator' retrieved from /Users/rtewelde/airflow_venv/lib/python3.11/site-packages/airflow/example_dags/example_bash_operator.py
[2024-09-24T00:58:43.304+0100] {logging_mixin.py:190} INFO - [2024-09-24T00:58:43.303+0100] {dag.py:3239} INFO - Sync 1 DAGs
[2024-09-24T00:58:43.319+0100] {logging_mixin.py:190} INFO - [2024-09-24T00:58:43.319+0100] {dag.py:4180} INFO - Setting next_dagrun for example_bash_operator to 2024-09-22 00:00:00+00:00, run_after=2024-09-23 00:00:00+00:00
[2024-09-24T00:58:43.335+0100] {processor.py:208} INFO - Processing /Users/rtewelde/airflow_venv/lib/python3.11/site-packages/airflow/example_dags/example_bash_operator.py took 0.209 seconds
