[2024-09-23T02:07:08.672+0100] {processor.py:186} INFO - Started process (PID=1927) to work on /Users/rtewelde/airflow_venv/lib/python3.11/site-packages/airflow/example_dags/example_branch_operator_decorator.py
[2024-09-23T02:07:08.672+0100] {processor.py:914} INFO - Processing file /Users/rtewelde/airflow_venv/lib/python3.11/site-packages/airflow/example_dags/example_branch_operator_decorator.py for tasks to queue
[2024-09-23T02:07:08.673+0100] {logging_mixin.py:190} INFO - [2024-09-23T02:07:08.673+0100] {dagbag.py:588} INFO - Filling up the DagBag from /Users/rtewelde/airflow_venv/lib/python3.11/site-packages/airflow/example_dags/example_branch_operator_decorator.py
[2024-09-23T02:07:08.691+0100] {processor.py:927} WARNING - No viable dags retrieved from /Users/rtewelde/airflow_venv/lib/python3.11/site-packages/airflow/example_dags/example_branch_operator_decorator.py
[2024-09-23T02:07:08.830+0100] {processor.py:208} INFO - Processing /Users/rtewelde/airflow_venv/lib/python3.11/site-packages/airflow/example_dags/example_branch_operator_decorator.py took 0.161 seconds
[2024-09-23T02:08:35.556+0100] {processor.py:186} INFO - Started process (PID=2346) to work on /Users/rtewelde/airflow_venv/lib/python3.11/site-packages/airflow/example_dags/example_branch_operator_decorator.py
[2024-09-23T02:08:35.557+0100] {processor.py:914} INFO - Processing file /Users/rtewelde/airflow_venv/lib/python3.11/site-packages/airflow/example_dags/example_branch_operator_decorator.py for tasks to queue
[2024-09-23T02:08:35.558+0100] {logging_mixin.py:190} INFO - [2024-09-23T02:08:35.558+0100] {dagbag.py:588} INFO - Filling up the DagBag from /Users/rtewelde/airflow_venv/lib/python3.11/site-packages/airflow/example_dags/example_branch_operator_decorator.py
[2024-09-23T02:08:35.574+0100] {processor.py:927} WARNING - No viable dags retrieved from /Users/rtewelde/airflow_venv/lib/python3.11/site-packages/airflow/example_dags/example_branch_operator_decorator.py
[2024-09-23T02:08:35.714+0100] {processor.py:208} INFO - Processing /Users/rtewelde/airflow_venv/lib/python3.11/site-packages/airflow/example_dags/example_branch_operator_decorator.py took 0.161 seconds
[2024-09-23T02:11:44.488+0100] {processor.py:186} INFO - Started process (PID=3433) to work on /Users/rtewelde/airflow_venv/lib/python3.11/site-packages/airflow/example_dags/example_branch_operator_decorator.py
[2024-09-23T02:11:44.489+0100] {processor.py:914} INFO - Processing file /Users/rtewelde/airflow_venv/lib/python3.11/site-packages/airflow/example_dags/example_branch_operator_decorator.py for tasks to queue
[2024-09-23T02:11:44.490+0100] {logging_mixin.py:190} INFO - [2024-09-23T02:11:44.489+0100] {dagbag.py:588} INFO - Filling up the DagBag from /Users/rtewelde/airflow_venv/lib/python3.11/site-packages/airflow/example_dags/example_branch_operator_decorator.py
[2024-09-23T02:11:44.507+0100] {processor.py:927} WARNING - No viable dags retrieved from /Users/rtewelde/airflow_venv/lib/python3.11/site-packages/airflow/example_dags/example_branch_operator_decorator.py
[2024-09-23T02:11:44.662+0100] {processor.py:208} INFO - Processing /Users/rtewelde/airflow_venv/lib/python3.11/site-packages/airflow/example_dags/example_branch_operator_decorator.py took 0.177 seconds
[2024-09-23T12:29:08.722+0100] {processor.py:186} INFO - Started process (PID=17061) to work on /Users/rtewelde/airflow_venv/lib/python3.11/site-packages/airflow/example_dags/example_branch_operator_decorator.py
[2024-09-23T12:29:08.723+0100] {processor.py:914} INFO - Processing file /Users/rtewelde/airflow_venv/lib/python3.11/site-packages/airflow/example_dags/example_branch_operator_decorator.py for tasks to queue
[2024-09-23T12:29:08.724+0100] {logging_mixin.py:190} INFO - [2024-09-23T12:29:08.724+0100] {dagbag.py:588} INFO - Filling up the DagBag from /Users/rtewelde/airflow_venv/lib/python3.11/site-packages/airflow/example_dags/example_branch_operator_decorator.py
[2024-09-23T12:29:08.741+0100] {processor.py:927} WARNING - No viable dags retrieved from /Users/rtewelde/airflow_venv/lib/python3.11/site-packages/airflow/example_dags/example_branch_operator_decorator.py
[2024-09-23T12:29:08.880+0100] {processor.py:208} INFO - Processing /Users/rtewelde/airflow_venv/lib/python3.11/site-packages/airflow/example_dags/example_branch_operator_decorator.py took 0.162 seconds
[2024-09-23T12:34:06.001+0100] {processor.py:186} INFO - Started process (PID=18512) to work on /Users/rtewelde/airflow_venv/lib/python3.11/site-packages/airflow/example_dags/example_branch_operator_decorator.py
[2024-09-23T12:34:06.003+0100] {processor.py:914} INFO - Processing file /Users/rtewelde/airflow_venv/lib/python3.11/site-packages/airflow/example_dags/example_branch_operator_decorator.py for tasks to queue
[2024-09-23T12:34:06.007+0100] {logging_mixin.py:190} INFO - [2024-09-23T12:34:06.005+0100] {dagbag.py:588} INFO - Filling up the DagBag from /Users/rtewelde/airflow_venv/lib/python3.11/site-packages/airflow/example_dags/example_branch_operator_decorator.py
[2024-09-23T12:34:06.070+0100] {processor.py:927} WARNING - No viable dags retrieved from /Users/rtewelde/airflow_venv/lib/python3.11/site-packages/airflow/example_dags/example_branch_operator_decorator.py
[2024-09-23T12:34:06.396+0100] {processor.py:208} INFO - Processing /Users/rtewelde/airflow_venv/lib/python3.11/site-packages/airflow/example_dags/example_branch_operator_decorator.py took 0.399 seconds
[2024-09-23T12:39:19.994+0100] {processor.py:186} INFO - Started process (PID=19956) to work on /Users/rtewelde/airflow_venv/lib/python3.11/site-packages/airflow/example_dags/example_branch_operator_decorator.py
[2024-09-23T12:39:19.996+0100] {processor.py:914} INFO - Processing file /Users/rtewelde/airflow_venv/lib/python3.11/site-packages/airflow/example_dags/example_branch_operator_decorator.py for tasks to queue
[2024-09-23T12:39:19.997+0100] {logging_mixin.py:190} INFO - [2024-09-23T12:39:19.997+0100] {dagbag.py:588} INFO - Filling up the DagBag from /Users/rtewelde/airflow_venv/lib/python3.11/site-packages/airflow/example_dags/example_branch_operator_decorator.py
[2024-09-23T12:39:20.016+0100] {processor.py:927} WARNING - No viable dags retrieved from /Users/rtewelde/airflow_venv/lib/python3.11/site-packages/airflow/example_dags/example_branch_operator_decorator.py
[2024-09-23T12:39:20.171+0100] {processor.py:208} INFO - Processing /Users/rtewelde/airflow_venv/lib/python3.11/site-packages/airflow/example_dags/example_branch_operator_decorator.py took 0.179 seconds
[2024-09-23T12:44:00.902+0100] {processor.py:186} INFO - Started process (PID=21238) to work on /Users/rtewelde/airflow_venv/lib/python3.11/site-packages/airflow/example_dags/example_branch_operator_decorator.py
[2024-09-23T12:44:00.903+0100] {processor.py:914} INFO - Processing file /Users/rtewelde/airflow_venv/lib/python3.11/site-packages/airflow/example_dags/example_branch_operator_decorator.py for tasks to queue
[2024-09-23T12:44:00.904+0100] {logging_mixin.py:190} INFO - [2024-09-23T12:44:00.904+0100] {dagbag.py:588} INFO - Filling up the DagBag from /Users/rtewelde/airflow_venv/lib/python3.11/site-packages/airflow/example_dags/example_branch_operator_decorator.py
[2024-09-23T12:44:00.920+0100] {processor.py:927} WARNING - No viable dags retrieved from /Users/rtewelde/airflow_venv/lib/python3.11/site-packages/airflow/example_dags/example_branch_operator_decorator.py
[2024-09-23T12:44:01.053+0100] {processor.py:208} INFO - Processing /Users/rtewelde/airflow_venv/lib/python3.11/site-packages/airflow/example_dags/example_branch_operator_decorator.py took 0.153 seconds
[2024-09-23T12:48:23.467+0100] {processor.py:186} INFO - Started process (PID=22481) to work on /Users/rtewelde/airflow_venv/lib/python3.11/site-packages/airflow/example_dags/example_branch_operator_decorator.py
[2024-09-23T12:48:23.468+0100] {processor.py:914} INFO - Processing file /Users/rtewelde/airflow_venv/lib/python3.11/site-packages/airflow/example_dags/example_branch_operator_decorator.py for tasks to queue
[2024-09-23T12:48:23.469+0100] {logging_mixin.py:190} INFO - [2024-09-23T12:48:23.469+0100] {dagbag.py:588} INFO - Filling up the DagBag from /Users/rtewelde/airflow_venv/lib/python3.11/site-packages/airflow/example_dags/example_branch_operator_decorator.py
[2024-09-23T12:48:23.485+0100] {processor.py:927} WARNING - No viable dags retrieved from /Users/rtewelde/airflow_venv/lib/python3.11/site-packages/airflow/example_dags/example_branch_operator_decorator.py
[2024-09-23T12:48:23.628+0100] {processor.py:208} INFO - Processing /Users/rtewelde/airflow_venv/lib/python3.11/site-packages/airflow/example_dags/example_branch_operator_decorator.py took 0.163 seconds
[2024-09-23T12:53:05.506+0100] {processor.py:186} INFO - Started process (PID=23819) to work on /Users/rtewelde/airflow_venv/lib/python3.11/site-packages/airflow/example_dags/example_branch_operator_decorator.py
[2024-09-23T12:53:05.507+0100] {processor.py:914} INFO - Processing file /Users/rtewelde/airflow_venv/lib/python3.11/site-packages/airflow/example_dags/example_branch_operator_decorator.py for tasks to queue
[2024-09-23T12:53:05.508+0100] {logging_mixin.py:190} INFO - [2024-09-23T12:53:05.508+0100] {dagbag.py:588} INFO - Filling up the DagBag from /Users/rtewelde/airflow_venv/lib/python3.11/site-packages/airflow/example_dags/example_branch_operator_decorator.py
[2024-09-23T12:53:05.528+0100] {processor.py:927} WARNING - No viable dags retrieved from /Users/rtewelde/airflow_venv/lib/python3.11/site-packages/airflow/example_dags/example_branch_operator_decorator.py
[2024-09-23T12:53:05.688+0100] {processor.py:208} INFO - Processing /Users/rtewelde/airflow_venv/lib/python3.11/site-packages/airflow/example_dags/example_branch_operator_decorator.py took 0.184 seconds
[2024-09-23T18:04:10.815+0100] {processor.py:186} INFO - Started process (PID=25258) to work on /Users/rtewelde/airflow_venv/lib/python3.11/site-packages/airflow/example_dags/example_branch_operator_decorator.py
[2024-09-23T18:04:10.816+0100] {processor.py:914} INFO - Processing file /Users/rtewelde/airflow_venv/lib/python3.11/site-packages/airflow/example_dags/example_branch_operator_decorator.py for tasks to queue
[2024-09-23T18:04:10.818+0100] {logging_mixin.py:190} INFO - [2024-09-23T18:04:10.817+0100] {dagbag.py:588} INFO - Filling up the DagBag from /Users/rtewelde/airflow_venv/lib/python3.11/site-packages/airflow/example_dags/example_branch_operator_decorator.py
[2024-09-23T18:04:10.836+0100] {processor.py:927} WARNING - No viable dags retrieved from /Users/rtewelde/airflow_venv/lib/python3.11/site-packages/airflow/example_dags/example_branch_operator_decorator.py
[2024-09-23T18:04:11.023+0100] {processor.py:208} INFO - Processing /Users/rtewelde/airflow_venv/lib/python3.11/site-packages/airflow/example_dags/example_branch_operator_decorator.py took 0.212 seconds
[2024-09-23T18:08:49.209+0100] {processor.py:186} INFO - Started process (PID=26575) to work on /Users/rtewelde/airflow_venv/lib/python3.11/site-packages/airflow/example_dags/example_branch_operator_decorator.py
[2024-09-23T18:08:49.210+0100] {processor.py:914} INFO - Processing file /Users/rtewelde/airflow_venv/lib/python3.11/site-packages/airflow/example_dags/example_branch_operator_decorator.py for tasks to queue
[2024-09-23T18:08:49.211+0100] {logging_mixin.py:190} INFO - [2024-09-23T18:08:49.211+0100] {dagbag.py:588} INFO - Filling up the DagBag from /Users/rtewelde/airflow_venv/lib/python3.11/site-packages/airflow/example_dags/example_branch_operator_decorator.py
[2024-09-23T18:08:49.226+0100] {processor.py:927} WARNING - No viable dags retrieved from /Users/rtewelde/airflow_venv/lib/python3.11/site-packages/airflow/example_dags/example_branch_operator_decorator.py
[2024-09-23T18:08:49.363+0100] {processor.py:208} INFO - Processing /Users/rtewelde/airflow_venv/lib/python3.11/site-packages/airflow/example_dags/example_branch_operator_decorator.py took 0.156 seconds
[2024-09-23T18:36:56.932+0100] {processor.py:186} INFO - Started process (PID=28129) to work on /Users/rtewelde/airflow_venv/lib/python3.11/site-packages/airflow/example_dags/example_branch_operator_decorator.py
[2024-09-23T18:36:56.933+0100] {processor.py:914} INFO - Processing file /Users/rtewelde/airflow_venv/lib/python3.11/site-packages/airflow/example_dags/example_branch_operator_decorator.py for tasks to queue
[2024-09-23T18:36:56.934+0100] {logging_mixin.py:190} INFO - [2024-09-23T18:36:56.934+0100] {dagbag.py:588} INFO - Filling up the DagBag from /Users/rtewelde/airflow_venv/lib/python3.11/site-packages/airflow/example_dags/example_branch_operator_decorator.py
[2024-09-23T18:36:56.953+0100] {processor.py:927} WARNING - No viable dags retrieved from /Users/rtewelde/airflow_venv/lib/python3.11/site-packages/airflow/example_dags/example_branch_operator_decorator.py
[2024-09-23T18:36:57.123+0100] {processor.py:208} INFO - Processing /Users/rtewelde/airflow_venv/lib/python3.11/site-packages/airflow/example_dags/example_branch_operator_decorator.py took 0.193 seconds
[2024-09-23T19:02:31.537+0100] {processor.py:186} INFO - Started process (PID=37138) to work on /Users/rtewelde/airflow_venv/lib/python3.11/site-packages/airflow/example_dags/example_branch_operator_decorator.py
[2024-09-23T19:02:31.538+0100] {processor.py:914} INFO - Processing file /Users/rtewelde/airflow_venv/lib/python3.11/site-packages/airflow/example_dags/example_branch_operator_decorator.py for tasks to queue
[2024-09-23T19:02:31.539+0100] {logging_mixin.py:190} INFO - [2024-09-23T19:02:31.539+0100] {dagbag.py:588} INFO - Filling up the DagBag from /Users/rtewelde/airflow_venv/lib/python3.11/site-packages/airflow/example_dags/example_branch_operator_decorator.py
[2024-09-23T19:02:31.558+0100] {processor.py:927} WARNING - No viable dags retrieved from /Users/rtewelde/airflow_venv/lib/python3.11/site-packages/airflow/example_dags/example_branch_operator_decorator.py
[2024-09-23T19:02:31.718+0100] {processor.py:208} INFO - Processing /Users/rtewelde/airflow_venv/lib/python3.11/site-packages/airflow/example_dags/example_branch_operator_decorator.py took 0.183 seconds
[2024-09-23T19:07:30.204+0100] {processor.py:186} INFO - Started process (PID=38597) to work on /Users/rtewelde/airflow_venv/lib/python3.11/site-packages/airflow/example_dags/example_branch_operator_decorator.py
[2024-09-23T19:07:30.206+0100] {processor.py:914} INFO - Processing file /Users/rtewelde/airflow_venv/lib/python3.11/site-packages/airflow/example_dags/example_branch_operator_decorator.py for tasks to queue
[2024-09-23T19:07:30.207+0100] {logging_mixin.py:190} INFO - [2024-09-23T19:07:30.207+0100] {dagbag.py:588} INFO - Filling up the DagBag from /Users/rtewelde/airflow_venv/lib/python3.11/site-packages/airflow/example_dags/example_branch_operator_decorator.py
[2024-09-23T19:07:30.225+0100] {processor.py:927} WARNING - No viable dags retrieved from /Users/rtewelde/airflow_venv/lib/python3.11/site-packages/airflow/example_dags/example_branch_operator_decorator.py
[2024-09-23T19:07:30.375+0100] {processor.py:208} INFO - Processing /Users/rtewelde/airflow_venv/lib/python3.11/site-packages/airflow/example_dags/example_branch_operator_decorator.py took 0.173 seconds
[2024-09-23T19:12:03.356+0100] {processor.py:186} INFO - Started process (PID=39864) to work on /Users/rtewelde/airflow_venv/lib/python3.11/site-packages/airflow/example_dags/example_branch_operator_decorator.py
[2024-09-23T19:12:03.357+0100] {processor.py:914} INFO - Processing file /Users/rtewelde/airflow_venv/lib/python3.11/site-packages/airflow/example_dags/example_branch_operator_decorator.py for tasks to queue
[2024-09-23T19:12:03.358+0100] {logging_mixin.py:190} INFO - [2024-09-23T19:12:03.358+0100] {dagbag.py:588} INFO - Filling up the DagBag from /Users/rtewelde/airflow_venv/lib/python3.11/site-packages/airflow/example_dags/example_branch_operator_decorator.py
[2024-09-23T19:12:03.377+0100] {processor.py:927} WARNING - No viable dags retrieved from /Users/rtewelde/airflow_venv/lib/python3.11/site-packages/airflow/example_dags/example_branch_operator_decorator.py
[2024-09-23T19:12:03.524+0100] {processor.py:208} INFO - Processing /Users/rtewelde/airflow_venv/lib/python3.11/site-packages/airflow/example_dags/example_branch_operator_decorator.py took 0.170 seconds
[2024-09-23T19:16:36.223+0100] {processor.py:186} INFO - Started process (PID=41138) to work on /Users/rtewelde/airflow_venv/lib/python3.11/site-packages/airflow/example_dags/example_branch_operator_decorator.py
[2024-09-23T19:16:36.225+0100] {processor.py:914} INFO - Processing file /Users/rtewelde/airflow_venv/lib/python3.11/site-packages/airflow/example_dags/example_branch_operator_decorator.py for tasks to queue
[2024-09-23T19:16:36.226+0100] {logging_mixin.py:190} INFO - [2024-09-23T19:16:36.226+0100] {dagbag.py:588} INFO - Filling up the DagBag from /Users/rtewelde/airflow_venv/lib/python3.11/site-packages/airflow/example_dags/example_branch_operator_decorator.py
[2024-09-23T19:16:36.244+0100] {processor.py:927} WARNING - No viable dags retrieved from /Users/rtewelde/airflow_venv/lib/python3.11/site-packages/airflow/example_dags/example_branch_operator_decorator.py
[2024-09-23T19:16:36.378+0100] {processor.py:208} INFO - Processing /Users/rtewelde/airflow_venv/lib/python3.11/site-packages/airflow/example_dags/example_branch_operator_decorator.py took 0.158 seconds
[2024-09-23T19:21:08.139+0100] {processor.py:186} INFO - Started process (PID=42452) to work on /Users/rtewelde/airflow_venv/lib/python3.11/site-packages/airflow/example_dags/example_branch_operator_decorator.py
[2024-09-23T19:21:08.140+0100] {processor.py:914} INFO - Processing file /Users/rtewelde/airflow_venv/lib/python3.11/site-packages/airflow/example_dags/example_branch_operator_decorator.py for tasks to queue
[2024-09-23T19:21:08.141+0100] {logging_mixin.py:190} INFO - [2024-09-23T19:21:08.140+0100] {dagbag.py:588} INFO - Filling up the DagBag from /Users/rtewelde/airflow_venv/lib/python3.11/site-packages/airflow/example_dags/example_branch_operator_decorator.py
[2024-09-23T19:21:08.157+0100] {processor.py:927} WARNING - No viable dags retrieved from /Users/rtewelde/airflow_venv/lib/python3.11/site-packages/airflow/example_dags/example_branch_operator_decorator.py
[2024-09-23T19:21:08.301+0100] {processor.py:208} INFO - Processing /Users/rtewelde/airflow_venv/lib/python3.11/site-packages/airflow/example_dags/example_branch_operator_decorator.py took 0.165 seconds
[2024-09-23T19:25:42.849+0100] {processor.py:186} INFO - Started process (PID=43759) to work on /Users/rtewelde/airflow_venv/lib/python3.11/site-packages/airflow/example_dags/example_branch_operator_decorator.py
[2024-09-23T19:25:42.850+0100] {processor.py:914} INFO - Processing file /Users/rtewelde/airflow_venv/lib/python3.11/site-packages/airflow/example_dags/example_branch_operator_decorator.py for tasks to queue
[2024-09-23T19:25:42.851+0100] {logging_mixin.py:190} INFO - [2024-09-23T19:25:42.850+0100] {dagbag.py:588} INFO - Filling up the DagBag from /Users/rtewelde/airflow_venv/lib/python3.11/site-packages/airflow/example_dags/example_branch_operator_decorator.py
[2024-09-23T19:25:42.868+0100] {processor.py:927} WARNING - No viable dags retrieved from /Users/rtewelde/airflow_venv/lib/python3.11/site-packages/airflow/example_dags/example_branch_operator_decorator.py
[2024-09-23T19:25:43.010+0100] {processor.py:208} INFO - Processing /Users/rtewelde/airflow_venv/lib/python3.11/site-packages/airflow/example_dags/example_branch_operator_decorator.py took 0.164 seconds
[2024-09-23T19:30:09.900+0100] {processor.py:186} INFO - Started process (PID=45010) to work on /Users/rtewelde/airflow_venv/lib/python3.11/site-packages/airflow/example_dags/example_branch_operator_decorator.py
[2024-09-23T19:30:09.901+0100] {processor.py:914} INFO - Processing file /Users/rtewelde/airflow_venv/lib/python3.11/site-packages/airflow/example_dags/example_branch_operator_decorator.py for tasks to queue
[2024-09-23T19:30:09.902+0100] {logging_mixin.py:190} INFO - [2024-09-23T19:30:09.901+0100] {dagbag.py:588} INFO - Filling up the DagBag from /Users/rtewelde/airflow_venv/lib/python3.11/site-packages/airflow/example_dags/example_branch_operator_decorator.py
[2024-09-23T19:30:09.918+0100] {processor.py:927} WARNING - No viable dags retrieved from /Users/rtewelde/airflow_venv/lib/python3.11/site-packages/airflow/example_dags/example_branch_operator_decorator.py
[2024-09-23T19:30:10.055+0100] {processor.py:208} INFO - Processing /Users/rtewelde/airflow_venv/lib/python3.11/site-packages/airflow/example_dags/example_branch_operator_decorator.py took 0.157 seconds
[2024-09-23T19:34:40.886+0100] {processor.py:186} INFO - Started process (PID=46266) to work on /Users/rtewelde/airflow_venv/lib/python3.11/site-packages/airflow/example_dags/example_branch_operator_decorator.py
[2024-09-23T19:34:40.887+0100] {processor.py:914} INFO - Processing file /Users/rtewelde/airflow_venv/lib/python3.11/site-packages/airflow/example_dags/example_branch_operator_decorator.py for tasks to queue
[2024-09-23T19:34:40.888+0100] {logging_mixin.py:190} INFO - [2024-09-23T19:34:40.888+0100] {dagbag.py:588} INFO - Filling up the DagBag from /Users/rtewelde/airflow_venv/lib/python3.11/site-packages/airflow/example_dags/example_branch_operator_decorator.py
[2024-09-23T19:34:40.906+0100] {processor.py:927} WARNING - No viable dags retrieved from /Users/rtewelde/airflow_venv/lib/python3.11/site-packages/airflow/example_dags/example_branch_operator_decorator.py
[2024-09-23T19:34:41.049+0100] {processor.py:208} INFO - Processing /Users/rtewelde/airflow_venv/lib/python3.11/site-packages/airflow/example_dags/example_branch_operator_decorator.py took 0.166 seconds
[2024-09-23T19:39:10.487+0100] {processor.py:186} INFO - Started process (PID=47532) to work on /Users/rtewelde/airflow_venv/lib/python3.11/site-packages/airflow/example_dags/example_branch_operator_decorator.py
[2024-09-23T19:39:10.487+0100] {processor.py:914} INFO - Processing file /Users/rtewelde/airflow_venv/lib/python3.11/site-packages/airflow/example_dags/example_branch_operator_decorator.py for tasks to queue
[2024-09-23T19:39:10.488+0100] {logging_mixin.py:190} INFO - [2024-09-23T19:39:10.488+0100] {dagbag.py:588} INFO - Filling up the DagBag from /Users/rtewelde/airflow_venv/lib/python3.11/site-packages/airflow/example_dags/example_branch_operator_decorator.py
[2024-09-23T19:39:10.505+0100] {processor.py:927} WARNING - No viable dags retrieved from /Users/rtewelde/airflow_venv/lib/python3.11/site-packages/airflow/example_dags/example_branch_operator_decorator.py
[2024-09-23T19:39:10.642+0100] {processor.py:208} INFO - Processing /Users/rtewelde/airflow_venv/lib/python3.11/site-packages/airflow/example_dags/example_branch_operator_decorator.py took 0.158 seconds
[2024-09-23T19:43:38.001+0100] {processor.py:186} INFO - Started process (PID=48771) to work on /Users/rtewelde/airflow_venv/lib/python3.11/site-packages/airflow/example_dags/example_branch_operator_decorator.py
[2024-09-23T19:43:38.002+0100] {processor.py:914} INFO - Processing file /Users/rtewelde/airflow_venv/lib/python3.11/site-packages/airflow/example_dags/example_branch_operator_decorator.py for tasks to queue
[2024-09-23T19:43:38.003+0100] {logging_mixin.py:190} INFO - [2024-09-23T19:43:38.003+0100] {dagbag.py:588} INFO - Filling up the DagBag from /Users/rtewelde/airflow_venv/lib/python3.11/site-packages/airflow/example_dags/example_branch_operator_decorator.py
[2024-09-23T19:43:38.020+0100] {processor.py:927} WARNING - No viable dags retrieved from /Users/rtewelde/airflow_venv/lib/python3.11/site-packages/airflow/example_dags/example_branch_operator_decorator.py
[2024-09-23T19:43:38.159+0100] {processor.py:208} INFO - Processing /Users/rtewelde/airflow_venv/lib/python3.11/site-packages/airflow/example_dags/example_branch_operator_decorator.py took 0.159 seconds
[2024-09-23T19:48:08.407+0100] {processor.py:186} INFO - Started process (PID=50015) to work on /Users/rtewelde/airflow_venv/lib/python3.11/site-packages/airflow/example_dags/example_branch_operator_decorator.py
[2024-09-23T19:48:08.408+0100] {processor.py:914} INFO - Processing file /Users/rtewelde/airflow_venv/lib/python3.11/site-packages/airflow/example_dags/example_branch_operator_decorator.py for tasks to queue
[2024-09-23T19:48:08.409+0100] {logging_mixin.py:190} INFO - [2024-09-23T19:48:08.409+0100] {dagbag.py:588} INFO - Filling up the DagBag from /Users/rtewelde/airflow_venv/lib/python3.11/site-packages/airflow/example_dags/example_branch_operator_decorator.py
[2024-09-23T19:48:08.425+0100] {processor.py:927} WARNING - No viable dags retrieved from /Users/rtewelde/airflow_venv/lib/python3.11/site-packages/airflow/example_dags/example_branch_operator_decorator.py
[2024-09-23T19:48:08.560+0100] {processor.py:208} INFO - Processing /Users/rtewelde/airflow_venv/lib/python3.11/site-packages/airflow/example_dags/example_branch_operator_decorator.py took 0.156 seconds
[2024-09-23T19:52:36.821+0100] {processor.py:186} INFO - Started process (PID=51247) to work on /Users/rtewelde/airflow_venv/lib/python3.11/site-packages/airflow/example_dags/example_branch_operator_decorator.py
[2024-09-23T19:52:36.822+0100] {processor.py:914} INFO - Processing file /Users/rtewelde/airflow_venv/lib/python3.11/site-packages/airflow/example_dags/example_branch_operator_decorator.py for tasks to queue
[2024-09-23T19:52:36.823+0100] {logging_mixin.py:190} INFO - [2024-09-23T19:52:36.822+0100] {dagbag.py:588} INFO - Filling up the DagBag from /Users/rtewelde/airflow_venv/lib/python3.11/site-packages/airflow/example_dags/example_branch_operator_decorator.py
[2024-09-23T19:52:36.839+0100] {processor.py:927} WARNING - No viable dags retrieved from /Users/rtewelde/airflow_venv/lib/python3.11/site-packages/airflow/example_dags/example_branch_operator_decorator.py
[2024-09-23T19:52:36.979+0100] {processor.py:208} INFO - Processing /Users/rtewelde/airflow_venv/lib/python3.11/site-packages/airflow/example_dags/example_branch_operator_decorator.py took 0.160 seconds
[2024-09-23T19:57:04.634+0100] {processor.py:186} INFO - Started process (PID=52477) to work on /Users/rtewelde/airflow_venv/lib/python3.11/site-packages/airflow/example_dags/example_branch_operator_decorator.py
[2024-09-23T19:57:04.635+0100] {processor.py:914} INFO - Processing file /Users/rtewelde/airflow_venv/lib/python3.11/site-packages/airflow/example_dags/example_branch_operator_decorator.py for tasks to queue
[2024-09-23T19:57:04.636+0100] {logging_mixin.py:190} INFO - [2024-09-23T19:57:04.636+0100] {dagbag.py:588} INFO - Filling up the DagBag from /Users/rtewelde/airflow_venv/lib/python3.11/site-packages/airflow/example_dags/example_branch_operator_decorator.py
[2024-09-23T19:57:04.652+0100] {processor.py:927} WARNING - No viable dags retrieved from /Users/rtewelde/airflow_venv/lib/python3.11/site-packages/airflow/example_dags/example_branch_operator_decorator.py
[2024-09-23T19:57:04.789+0100] {processor.py:208} INFO - Processing /Users/rtewelde/airflow_venv/lib/python3.11/site-packages/airflow/example_dags/example_branch_operator_decorator.py took 0.157 seconds
[2024-09-23T20:01:28.575+0100] {processor.py:186} INFO - Started process (PID=53714) to work on /Users/rtewelde/airflow_venv/lib/python3.11/site-packages/airflow/example_dags/example_branch_operator_decorator.py
[2024-09-23T20:01:28.576+0100] {processor.py:914} INFO - Processing file /Users/rtewelde/airflow_venv/lib/python3.11/site-packages/airflow/example_dags/example_branch_operator_decorator.py for tasks to queue
[2024-09-23T20:01:28.577+0100] {logging_mixin.py:190} INFO - [2024-09-23T20:01:28.576+0100] {dagbag.py:588} INFO - Filling up the DagBag from /Users/rtewelde/airflow_venv/lib/python3.11/site-packages/airflow/example_dags/example_branch_operator_decorator.py
[2024-09-23T20:01:28.593+0100] {processor.py:927} WARNING - No viable dags retrieved from /Users/rtewelde/airflow_venv/lib/python3.11/site-packages/airflow/example_dags/example_branch_operator_decorator.py
[2024-09-23T20:01:28.747+0100] {processor.py:208} INFO - Processing /Users/rtewelde/airflow_venv/lib/python3.11/site-packages/airflow/example_dags/example_branch_operator_decorator.py took 0.174 seconds
[2024-09-23T20:05:54.018+0100] {processor.py:186} INFO - Started process (PID=54934) to work on /Users/rtewelde/airflow_venv/lib/python3.11/site-packages/airflow/example_dags/example_branch_operator_decorator.py
[2024-09-23T20:05:54.019+0100] {processor.py:914} INFO - Processing file /Users/rtewelde/airflow_venv/lib/python3.11/site-packages/airflow/example_dags/example_branch_operator_decorator.py for tasks to queue
[2024-09-23T20:05:54.020+0100] {logging_mixin.py:190} INFO - [2024-09-23T20:05:54.020+0100] {dagbag.py:588} INFO - Filling up the DagBag from /Users/rtewelde/airflow_venv/lib/python3.11/site-packages/airflow/example_dags/example_branch_operator_decorator.py
[2024-09-23T20:05:54.036+0100] {processor.py:927} WARNING - No viable dags retrieved from /Users/rtewelde/airflow_venv/lib/python3.11/site-packages/airflow/example_dags/example_branch_operator_decorator.py
[2024-09-23T20:05:54.171+0100] {processor.py:208} INFO - Processing /Users/rtewelde/airflow_venv/lib/python3.11/site-packages/airflow/example_dags/example_branch_operator_decorator.py took 0.155 seconds
[2024-09-23T20:10:22.675+0100] {processor.py:186} INFO - Started process (PID=56177) to work on /Users/rtewelde/airflow_venv/lib/python3.11/site-packages/airflow/example_dags/example_branch_operator_decorator.py
[2024-09-23T20:10:22.675+0100] {processor.py:914} INFO - Processing file /Users/rtewelde/airflow_venv/lib/python3.11/site-packages/airflow/example_dags/example_branch_operator_decorator.py for tasks to queue
[2024-09-23T20:10:22.676+0100] {logging_mixin.py:190} INFO - [2024-09-23T20:10:22.676+0100] {dagbag.py:588} INFO - Filling up the DagBag from /Users/rtewelde/airflow_venv/lib/python3.11/site-packages/airflow/example_dags/example_branch_operator_decorator.py
[2024-09-23T20:10:22.693+0100] {processor.py:927} WARNING - No viable dags retrieved from /Users/rtewelde/airflow_venv/lib/python3.11/site-packages/airflow/example_dags/example_branch_operator_decorator.py
[2024-09-23T20:10:22.833+0100] {processor.py:208} INFO - Processing /Users/rtewelde/airflow_venv/lib/python3.11/site-packages/airflow/example_dags/example_branch_operator_decorator.py took 0.161 seconds
[2024-09-23T20:14:55.964+0100] {processor.py:186} INFO - Started process (PID=57440) to work on /Users/rtewelde/airflow_venv/lib/python3.11/site-packages/airflow/example_dags/example_branch_operator_decorator.py
[2024-09-23T20:14:55.965+0100] {processor.py:914} INFO - Processing file /Users/rtewelde/airflow_venv/lib/python3.11/site-packages/airflow/example_dags/example_branch_operator_decorator.py for tasks to queue
[2024-09-23T20:14:55.966+0100] {logging_mixin.py:190} INFO - [2024-09-23T20:14:55.966+0100] {dagbag.py:588} INFO - Filling up the DagBag from /Users/rtewelde/airflow_venv/lib/python3.11/site-packages/airflow/example_dags/example_branch_operator_decorator.py
[2024-09-23T20:14:55.983+0100] {processor.py:927} WARNING - No viable dags retrieved from /Users/rtewelde/airflow_venv/lib/python3.11/site-packages/airflow/example_dags/example_branch_operator_decorator.py
[2024-09-23T20:14:56.116+0100] {processor.py:208} INFO - Processing /Users/rtewelde/airflow_venv/lib/python3.11/site-packages/airflow/example_dags/example_branch_operator_decorator.py took 0.154 seconds
[2024-09-23T20:19:25.945+0100] {processor.py:186} INFO - Started process (PID=58715) to work on /Users/rtewelde/airflow_venv/lib/python3.11/site-packages/airflow/example_dags/example_branch_operator_decorator.py
[2024-09-23T20:19:25.946+0100] {processor.py:914} INFO - Processing file /Users/rtewelde/airflow_venv/lib/python3.11/site-packages/airflow/example_dags/example_branch_operator_decorator.py for tasks to queue
[2024-09-23T20:19:25.947+0100] {logging_mixin.py:190} INFO - [2024-09-23T20:19:25.947+0100] {dagbag.py:588} INFO - Filling up the DagBag from /Users/rtewelde/airflow_venv/lib/python3.11/site-packages/airflow/example_dags/example_branch_operator_decorator.py
[2024-09-23T20:19:25.965+0100] {processor.py:927} WARNING - No viable dags retrieved from /Users/rtewelde/airflow_venv/lib/python3.11/site-packages/airflow/example_dags/example_branch_operator_decorator.py
[2024-09-23T20:19:26.113+0100] {processor.py:208} INFO - Processing /Users/rtewelde/airflow_venv/lib/python3.11/site-packages/airflow/example_dags/example_branch_operator_decorator.py took 0.171 seconds
[2024-09-23T20:24:03.783+0100] {processor.py:186} INFO - Started process (PID=59992) to work on /Users/rtewelde/airflow_venv/lib/python3.11/site-packages/airflow/example_dags/example_branch_operator_decorator.py
[2024-09-23T20:24:03.784+0100] {processor.py:914} INFO - Processing file /Users/rtewelde/airflow_venv/lib/python3.11/site-packages/airflow/example_dags/example_branch_operator_decorator.py for tasks to queue
[2024-09-23T20:24:03.785+0100] {logging_mixin.py:190} INFO - [2024-09-23T20:24:03.784+0100] {dagbag.py:588} INFO - Filling up the DagBag from /Users/rtewelde/airflow_venv/lib/python3.11/site-packages/airflow/example_dags/example_branch_operator_decorator.py
[2024-09-23T20:24:03.802+0100] {processor.py:927} WARNING - No viable dags retrieved from /Users/rtewelde/airflow_venv/lib/python3.11/site-packages/airflow/example_dags/example_branch_operator_decorator.py
[2024-09-23T20:24:03.938+0100] {processor.py:208} INFO - Processing /Users/rtewelde/airflow_venv/lib/python3.11/site-packages/airflow/example_dags/example_branch_operator_decorator.py took 0.158 seconds
[2024-09-23T20:28:32.489+0100] {processor.py:186} INFO - Started process (PID=61240) to work on /Users/rtewelde/airflow_venv/lib/python3.11/site-packages/airflow/example_dags/example_branch_operator_decorator.py
[2024-09-23T20:28:32.490+0100] {processor.py:914} INFO - Processing file /Users/rtewelde/airflow_venv/lib/python3.11/site-packages/airflow/example_dags/example_branch_operator_decorator.py for tasks to queue
[2024-09-23T20:28:32.491+0100] {logging_mixin.py:190} INFO - [2024-09-23T20:28:32.491+0100] {dagbag.py:588} INFO - Filling up the DagBag from /Users/rtewelde/airflow_venv/lib/python3.11/site-packages/airflow/example_dags/example_branch_operator_decorator.py
[2024-09-23T20:28:32.508+0100] {processor.py:927} WARNING - No viable dags retrieved from /Users/rtewelde/airflow_venv/lib/python3.11/site-packages/airflow/example_dags/example_branch_operator_decorator.py
[2024-09-23T20:28:32.650+0100] {processor.py:208} INFO - Processing /Users/rtewelde/airflow_venv/lib/python3.11/site-packages/airflow/example_dags/example_branch_operator_decorator.py took 0.163 seconds
[2024-09-23T20:33:00.482+0100] {processor.py:186} INFO - Started process (PID=62494) to work on /Users/rtewelde/airflow_venv/lib/python3.11/site-packages/airflow/example_dags/example_branch_operator_decorator.py
[2024-09-23T20:33:00.482+0100] {processor.py:914} INFO - Processing file /Users/rtewelde/airflow_venv/lib/python3.11/site-packages/airflow/example_dags/example_branch_operator_decorator.py for tasks to queue
[2024-09-23T20:33:00.483+0100] {logging_mixin.py:190} INFO - [2024-09-23T20:33:00.483+0100] {dagbag.py:588} INFO - Filling up the DagBag from /Users/rtewelde/airflow_venv/lib/python3.11/site-packages/airflow/example_dags/example_branch_operator_decorator.py
[2024-09-23T20:33:00.499+0100] {processor.py:927} WARNING - No viable dags retrieved from /Users/rtewelde/airflow_venv/lib/python3.11/site-packages/airflow/example_dags/example_branch_operator_decorator.py
[2024-09-23T20:33:00.636+0100] {processor.py:208} INFO - Processing /Users/rtewelde/airflow_venv/lib/python3.11/site-packages/airflow/example_dags/example_branch_operator_decorator.py took 0.157 seconds
[2024-09-23T20:37:23.479+0100] {processor.py:186} INFO - Started process (PID=63717) to work on /Users/rtewelde/airflow_venv/lib/python3.11/site-packages/airflow/example_dags/example_branch_operator_decorator.py
[2024-09-23T20:37:23.480+0100] {processor.py:914} INFO - Processing file /Users/rtewelde/airflow_venv/lib/python3.11/site-packages/airflow/example_dags/example_branch_operator_decorator.py for tasks to queue
[2024-09-23T20:37:23.481+0100] {logging_mixin.py:190} INFO - [2024-09-23T20:37:23.480+0100] {dagbag.py:588} INFO - Filling up the DagBag from /Users/rtewelde/airflow_venv/lib/python3.11/site-packages/airflow/example_dags/example_branch_operator_decorator.py
[2024-09-23T20:37:23.496+0100] {processor.py:927} WARNING - No viable dags retrieved from /Users/rtewelde/airflow_venv/lib/python3.11/site-packages/airflow/example_dags/example_branch_operator_decorator.py
[2024-09-23T20:37:23.631+0100] {processor.py:208} INFO - Processing /Users/rtewelde/airflow_venv/lib/python3.11/site-packages/airflow/example_dags/example_branch_operator_decorator.py took 0.155 seconds
[2024-09-23T20:42:01.271+0100] {processor.py:186} INFO - Started process (PID=64995) to work on /Users/rtewelde/airflow_venv/lib/python3.11/site-packages/airflow/example_dags/example_branch_operator_decorator.py
[2024-09-23T20:42:01.272+0100] {processor.py:914} INFO - Processing file /Users/rtewelde/airflow_venv/lib/python3.11/site-packages/airflow/example_dags/example_branch_operator_decorator.py for tasks to queue
[2024-09-23T20:42:01.273+0100] {logging_mixin.py:190} INFO - [2024-09-23T20:42:01.273+0100] {dagbag.py:588} INFO - Filling up the DagBag from /Users/rtewelde/airflow_venv/lib/python3.11/site-packages/airflow/example_dags/example_branch_operator_decorator.py
[2024-09-23T20:42:01.289+0100] {processor.py:927} WARNING - No viable dags retrieved from /Users/rtewelde/airflow_venv/lib/python3.11/site-packages/airflow/example_dags/example_branch_operator_decorator.py
[2024-09-23T20:42:01.422+0100] {processor.py:208} INFO - Processing /Users/rtewelde/airflow_venv/lib/python3.11/site-packages/airflow/example_dags/example_branch_operator_decorator.py took 0.153 seconds
[2024-09-23T20:46:31.927+0100] {processor.py:186} INFO - Started process (PID=66245) to work on /Users/rtewelde/airflow_venv/lib/python3.11/site-packages/airflow/example_dags/example_branch_operator_decorator.py
[2024-09-23T20:46:31.928+0100] {processor.py:914} INFO - Processing file /Users/rtewelde/airflow_venv/lib/python3.11/site-packages/airflow/example_dags/example_branch_operator_decorator.py for tasks to queue
[2024-09-23T20:46:31.929+0100] {logging_mixin.py:190} INFO - [2024-09-23T20:46:31.929+0100] {dagbag.py:588} INFO - Filling up the DagBag from /Users/rtewelde/airflow_venv/lib/python3.11/site-packages/airflow/example_dags/example_branch_operator_decorator.py
[2024-09-23T20:46:31.945+0100] {processor.py:927} WARNING - No viable dags retrieved from /Users/rtewelde/airflow_venv/lib/python3.11/site-packages/airflow/example_dags/example_branch_operator_decorator.py
[2024-09-23T20:46:32.090+0100] {processor.py:208} INFO - Processing /Users/rtewelde/airflow_venv/lib/python3.11/site-packages/airflow/example_dags/example_branch_operator_decorator.py took 0.165 seconds
[2024-09-23T20:51:01.669+0100] {processor.py:186} INFO - Started process (PID=67486) to work on /Users/rtewelde/airflow_venv/lib/python3.11/site-packages/airflow/example_dags/example_branch_operator_decorator.py
[2024-09-23T20:51:01.669+0100] {processor.py:914} INFO - Processing file /Users/rtewelde/airflow_venv/lib/python3.11/site-packages/airflow/example_dags/example_branch_operator_decorator.py for tasks to queue
[2024-09-23T20:51:01.670+0100] {logging_mixin.py:190} INFO - [2024-09-23T20:51:01.670+0100] {dagbag.py:588} INFO - Filling up the DagBag from /Users/rtewelde/airflow_venv/lib/python3.11/site-packages/airflow/example_dags/example_branch_operator_decorator.py
[2024-09-23T20:51:01.686+0100] {processor.py:927} WARNING - No viable dags retrieved from /Users/rtewelde/airflow_venv/lib/python3.11/site-packages/airflow/example_dags/example_branch_operator_decorator.py
[2024-09-23T20:51:01.824+0100] {processor.py:208} INFO - Processing /Users/rtewelde/airflow_venv/lib/python3.11/site-packages/airflow/example_dags/example_branch_operator_decorator.py took 0.157 seconds
[2024-09-23T20:55:31.850+0100] {processor.py:186} INFO - Started process (PID=68727) to work on /Users/rtewelde/airflow_venv/lib/python3.11/site-packages/airflow/example_dags/example_branch_operator_decorator.py
[2024-09-23T20:55:31.850+0100] {processor.py:914} INFO - Processing file /Users/rtewelde/airflow_venv/lib/python3.11/site-packages/airflow/example_dags/example_branch_operator_decorator.py for tasks to queue
[2024-09-23T20:55:31.851+0100] {logging_mixin.py:190} INFO - [2024-09-23T20:55:31.851+0100] {dagbag.py:588} INFO - Filling up the DagBag from /Users/rtewelde/airflow_venv/lib/python3.11/site-packages/airflow/example_dags/example_branch_operator_decorator.py
[2024-09-23T20:55:31.867+0100] {processor.py:927} WARNING - No viable dags retrieved from /Users/rtewelde/airflow_venv/lib/python3.11/site-packages/airflow/example_dags/example_branch_operator_decorator.py
[2024-09-23T20:55:32.000+0100] {processor.py:208} INFO - Processing /Users/rtewelde/airflow_venv/lib/python3.11/site-packages/airflow/example_dags/example_branch_operator_decorator.py took 0.153 seconds
[2024-09-23T21:00:00.335+0100] {processor.py:186} INFO - Started process (PID=69961) to work on /Users/rtewelde/airflow_venv/lib/python3.11/site-packages/airflow/example_dags/example_branch_operator_decorator.py
[2024-09-23T21:00:00.336+0100] {processor.py:914} INFO - Processing file /Users/rtewelde/airflow_venv/lib/python3.11/site-packages/airflow/example_dags/example_branch_operator_decorator.py for tasks to queue
[2024-09-23T21:00:00.337+0100] {logging_mixin.py:190} INFO - [2024-09-23T21:00:00.337+0100] {dagbag.py:588} INFO - Filling up the DagBag from /Users/rtewelde/airflow_venv/lib/python3.11/site-packages/airflow/example_dags/example_branch_operator_decorator.py
[2024-09-23T21:00:00.354+0100] {processor.py:927} WARNING - No viable dags retrieved from /Users/rtewelde/airflow_venv/lib/python3.11/site-packages/airflow/example_dags/example_branch_operator_decorator.py
[2024-09-23T21:00:00.486+0100] {processor.py:208} INFO - Processing /Users/rtewelde/airflow_venv/lib/python3.11/site-packages/airflow/example_dags/example_branch_operator_decorator.py took 0.153 seconds
[2024-09-23T21:04:28.195+0100] {processor.py:186} INFO - Started process (PID=71199) to work on /Users/rtewelde/airflow_venv/lib/python3.11/site-packages/airflow/example_dags/example_branch_operator_decorator.py
[2024-09-23T21:04:28.195+0100] {processor.py:914} INFO - Processing file /Users/rtewelde/airflow_venv/lib/python3.11/site-packages/airflow/example_dags/example_branch_operator_decorator.py for tasks to queue
[2024-09-23T21:04:28.196+0100] {logging_mixin.py:190} INFO - [2024-09-23T21:04:28.196+0100] {dagbag.py:588} INFO - Filling up the DagBag from /Users/rtewelde/airflow_venv/lib/python3.11/site-packages/airflow/example_dags/example_branch_operator_decorator.py
[2024-09-23T21:04:28.212+0100] {processor.py:927} WARNING - No viable dags retrieved from /Users/rtewelde/airflow_venv/lib/python3.11/site-packages/airflow/example_dags/example_branch_operator_decorator.py
[2024-09-23T21:04:28.354+0100] {processor.py:208} INFO - Processing /Users/rtewelde/airflow_venv/lib/python3.11/site-packages/airflow/example_dags/example_branch_operator_decorator.py took 0.162 seconds
[2024-09-23T21:08:56.358+0100] {processor.py:186} INFO - Started process (PID=72435) to work on /Users/rtewelde/airflow_venv/lib/python3.11/site-packages/airflow/example_dags/example_branch_operator_decorator.py
[2024-09-23T21:08:56.359+0100] {processor.py:914} INFO - Processing file /Users/rtewelde/airflow_venv/lib/python3.11/site-packages/airflow/example_dags/example_branch_operator_decorator.py for tasks to queue
[2024-09-23T21:08:56.359+0100] {logging_mixin.py:190} INFO - [2024-09-23T21:08:56.359+0100] {dagbag.py:588} INFO - Filling up the DagBag from /Users/rtewelde/airflow_venv/lib/python3.11/site-packages/airflow/example_dags/example_branch_operator_decorator.py
[2024-09-23T21:08:56.376+0100] {processor.py:927} WARNING - No viable dags retrieved from /Users/rtewelde/airflow_venv/lib/python3.11/site-packages/airflow/example_dags/example_branch_operator_decorator.py
[2024-09-23T21:08:56.511+0100] {processor.py:208} INFO - Processing /Users/rtewelde/airflow_venv/lib/python3.11/site-packages/airflow/example_dags/example_branch_operator_decorator.py took 0.156 seconds
[2024-09-23T21:13:26.918+0100] {processor.py:186} INFO - Started process (PID=73689) to work on /Users/rtewelde/airflow_venv/lib/python3.11/site-packages/airflow/example_dags/example_branch_operator_decorator.py
[2024-09-23T21:13:26.918+0100] {processor.py:914} INFO - Processing file /Users/rtewelde/airflow_venv/lib/python3.11/site-packages/airflow/example_dags/example_branch_operator_decorator.py for tasks to queue
[2024-09-23T21:13:26.919+0100] {logging_mixin.py:190} INFO - [2024-09-23T21:13:26.919+0100] {dagbag.py:588} INFO - Filling up the DagBag from /Users/rtewelde/airflow_venv/lib/python3.11/site-packages/airflow/example_dags/example_branch_operator_decorator.py
[2024-09-23T21:13:26.938+0100] {processor.py:927} WARNING - No viable dags retrieved from /Users/rtewelde/airflow_venv/lib/python3.11/site-packages/airflow/example_dags/example_branch_operator_decorator.py
[2024-09-23T21:13:27.075+0100] {processor.py:208} INFO - Processing /Users/rtewelde/airflow_venv/lib/python3.11/site-packages/airflow/example_dags/example_branch_operator_decorator.py took 0.159 seconds
[2024-09-23T21:17:58.277+0100] {processor.py:186} INFO - Started process (PID=74958) to work on /Users/rtewelde/airflow_venv/lib/python3.11/site-packages/airflow/example_dags/example_branch_operator_decorator.py
[2024-09-23T21:17:58.278+0100] {processor.py:914} INFO - Processing file /Users/rtewelde/airflow_venv/lib/python3.11/site-packages/airflow/example_dags/example_branch_operator_decorator.py for tasks to queue
[2024-09-23T21:17:58.279+0100] {logging_mixin.py:190} INFO - [2024-09-23T21:17:58.279+0100] {dagbag.py:588} INFO - Filling up the DagBag from /Users/rtewelde/airflow_venv/lib/python3.11/site-packages/airflow/example_dags/example_branch_operator_decorator.py
[2024-09-23T21:17:58.298+0100] {processor.py:927} WARNING - No viable dags retrieved from /Users/rtewelde/airflow_venv/lib/python3.11/site-packages/airflow/example_dags/example_branch_operator_decorator.py
[2024-09-23T21:17:58.434+0100] {processor.py:208} INFO - Processing /Users/rtewelde/airflow_venv/lib/python3.11/site-packages/airflow/example_dags/example_branch_operator_decorator.py took 0.160 seconds
[2024-09-23T21:22:25.854+0100] {processor.py:186} INFO - Started process (PID=76291) to work on /Users/rtewelde/airflow_venv/lib/python3.11/site-packages/airflow/example_dags/example_branch_operator_decorator.py
[2024-09-23T21:22:25.855+0100] {processor.py:914} INFO - Processing file /Users/rtewelde/airflow_venv/lib/python3.11/site-packages/airflow/example_dags/example_branch_operator_decorator.py for tasks to queue
[2024-09-23T21:22:25.856+0100] {logging_mixin.py:190} INFO - [2024-09-23T21:22:25.856+0100] {dagbag.py:588} INFO - Filling up the DagBag from /Users/rtewelde/airflow_venv/lib/python3.11/site-packages/airflow/example_dags/example_branch_operator_decorator.py
[2024-09-23T21:22:25.873+0100] {processor.py:927} WARNING - No viable dags retrieved from /Users/rtewelde/airflow_venv/lib/python3.11/site-packages/airflow/example_dags/example_branch_operator_decorator.py
[2024-09-23T21:22:26.008+0100] {processor.py:208} INFO - Processing /Users/rtewelde/airflow_venv/lib/python3.11/site-packages/airflow/example_dags/example_branch_operator_decorator.py took 0.156 seconds
[2024-09-24T00:13:26.103+0100] {processor.py:186} INFO - Started process (PID=77660) to work on /Users/rtewelde/airflow_venv/lib/python3.11/site-packages/airflow/example_dags/example_branch_operator_decorator.py
[2024-09-24T00:13:26.104+0100] {processor.py:914} INFO - Processing file /Users/rtewelde/airflow_venv/lib/python3.11/site-packages/airflow/example_dags/example_branch_operator_decorator.py for tasks to queue
[2024-09-24T00:13:26.105+0100] {logging_mixin.py:190} INFO - [2024-09-24T00:13:26.105+0100] {dagbag.py:588} INFO - Filling up the DagBag from /Users/rtewelde/airflow_venv/lib/python3.11/site-packages/airflow/example_dags/example_branch_operator_decorator.py
[2024-09-24T00:13:26.122+0100] {processor.py:927} WARNING - No viable dags retrieved from /Users/rtewelde/airflow_venv/lib/python3.11/site-packages/airflow/example_dags/example_branch_operator_decorator.py
[2024-09-24T00:13:26.260+0100] {processor.py:208} INFO - Processing /Users/rtewelde/airflow_venv/lib/python3.11/site-packages/airflow/example_dags/example_branch_operator_decorator.py took 0.160 seconds
[2024-09-24T00:17:52.445+0100] {processor.py:186} INFO - Started process (PID=78899) to work on /Users/rtewelde/airflow_venv/lib/python3.11/site-packages/airflow/example_dags/example_branch_operator_decorator.py
[2024-09-24T00:17:52.447+0100] {processor.py:914} INFO - Processing file /Users/rtewelde/airflow_venv/lib/python3.11/site-packages/airflow/example_dags/example_branch_operator_decorator.py for tasks to queue
[2024-09-24T00:17:52.448+0100] {logging_mixin.py:190} INFO - [2024-09-24T00:17:52.448+0100] {dagbag.py:588} INFO - Filling up the DagBag from /Users/rtewelde/airflow_venv/lib/python3.11/site-packages/airflow/example_dags/example_branch_operator_decorator.py
[2024-09-24T00:17:52.464+0100] {processor.py:927} WARNING - No viable dags retrieved from /Users/rtewelde/airflow_venv/lib/python3.11/site-packages/airflow/example_dags/example_branch_operator_decorator.py
[2024-09-24T00:17:52.600+0100] {processor.py:208} INFO - Processing /Users/rtewelde/airflow_venv/lib/python3.11/site-packages/airflow/example_dags/example_branch_operator_decorator.py took 0.157 seconds
[2024-09-24T00:22:22.066+0100] {processor.py:186} INFO - Started process (PID=80141) to work on /Users/rtewelde/airflow_venv/lib/python3.11/site-packages/airflow/example_dags/example_branch_operator_decorator.py
[2024-09-24T00:22:22.066+0100] {processor.py:914} INFO - Processing file /Users/rtewelde/airflow_venv/lib/python3.11/site-packages/airflow/example_dags/example_branch_operator_decorator.py for tasks to queue
[2024-09-24T00:22:22.067+0100] {logging_mixin.py:190} INFO - [2024-09-24T00:22:22.067+0100] {dagbag.py:588} INFO - Filling up the DagBag from /Users/rtewelde/airflow_venv/lib/python3.11/site-packages/airflow/example_dags/example_branch_operator_decorator.py
[2024-09-24T00:22:22.083+0100] {processor.py:927} WARNING - No viable dags retrieved from /Users/rtewelde/airflow_venv/lib/python3.11/site-packages/airflow/example_dags/example_branch_operator_decorator.py
[2024-09-24T00:22:22.222+0100] {processor.py:208} INFO - Processing /Users/rtewelde/airflow_venv/lib/python3.11/site-packages/airflow/example_dags/example_branch_operator_decorator.py took 0.159 seconds
[2024-09-24T00:26:55.285+0100] {processor.py:186} INFO - Started process (PID=81396) to work on /Users/rtewelde/airflow_venv/lib/python3.11/site-packages/airflow/example_dags/example_branch_operator_decorator.py
[2024-09-24T00:26:55.286+0100] {processor.py:914} INFO - Processing file /Users/rtewelde/airflow_venv/lib/python3.11/site-packages/airflow/example_dags/example_branch_operator_decorator.py for tasks to queue
[2024-09-24T00:26:55.287+0100] {logging_mixin.py:190} INFO - [2024-09-24T00:26:55.287+0100] {dagbag.py:588} INFO - Filling up the DagBag from /Users/rtewelde/airflow_venv/lib/python3.11/site-packages/airflow/example_dags/example_branch_operator_decorator.py
[2024-09-24T00:26:55.303+0100] {processor.py:927} WARNING - No viable dags retrieved from /Users/rtewelde/airflow_venv/lib/python3.11/site-packages/airflow/example_dags/example_branch_operator_decorator.py
[2024-09-24T00:26:55.445+0100] {processor.py:208} INFO - Processing /Users/rtewelde/airflow_venv/lib/python3.11/site-packages/airflow/example_dags/example_branch_operator_decorator.py took 0.162 seconds
[2024-09-24T00:31:30.004+0100] {processor.py:186} INFO - Started process (PID=82658) to work on /Users/rtewelde/airflow_venv/lib/python3.11/site-packages/airflow/example_dags/example_branch_operator_decorator.py
[2024-09-24T00:31:30.006+0100] {processor.py:914} INFO - Processing file /Users/rtewelde/airflow_venv/lib/python3.11/site-packages/airflow/example_dags/example_branch_operator_decorator.py for tasks to queue
[2024-09-24T00:31:30.007+0100] {logging_mixin.py:190} INFO - [2024-09-24T00:31:30.006+0100] {dagbag.py:588} INFO - Filling up the DagBag from /Users/rtewelde/airflow_venv/lib/python3.11/site-packages/airflow/example_dags/example_branch_operator_decorator.py
[2024-09-24T00:31:30.024+0100] {processor.py:927} WARNING - No viable dags retrieved from /Users/rtewelde/airflow_venv/lib/python3.11/site-packages/airflow/example_dags/example_branch_operator_decorator.py
[2024-09-24T00:31:30.163+0100] {processor.py:208} INFO - Processing /Users/rtewelde/airflow_venv/lib/python3.11/site-packages/airflow/example_dags/example_branch_operator_decorator.py took 0.161 seconds
[2024-09-24T00:35:59.304+0100] {processor.py:186} INFO - Started process (PID=83909) to work on /Users/rtewelde/airflow_venv/lib/python3.11/site-packages/airflow/example_dags/example_branch_operator_decorator.py
[2024-09-24T00:35:59.305+0100] {processor.py:914} INFO - Processing file /Users/rtewelde/airflow_venv/lib/python3.11/site-packages/airflow/example_dags/example_branch_operator_decorator.py for tasks to queue
[2024-09-24T00:35:59.306+0100] {logging_mixin.py:190} INFO - [2024-09-24T00:35:59.306+0100] {dagbag.py:588} INFO - Filling up the DagBag from /Users/rtewelde/airflow_venv/lib/python3.11/site-packages/airflow/example_dags/example_branch_operator_decorator.py
[2024-09-24T00:35:59.322+0100] {processor.py:927} WARNING - No viable dags retrieved from /Users/rtewelde/airflow_venv/lib/python3.11/site-packages/airflow/example_dags/example_branch_operator_decorator.py
[2024-09-24T00:35:59.456+0100] {processor.py:208} INFO - Processing /Users/rtewelde/airflow_venv/lib/python3.11/site-packages/airflow/example_dags/example_branch_operator_decorator.py took 0.154 seconds
[2024-09-24T00:40:28.588+0100] {processor.py:186} INFO - Started process (PID=85145) to work on /Users/rtewelde/airflow_venv/lib/python3.11/site-packages/airflow/example_dags/example_branch_operator_decorator.py
[2024-09-24T00:40:28.589+0100] {processor.py:914} INFO - Processing file /Users/rtewelde/airflow_venv/lib/python3.11/site-packages/airflow/example_dags/example_branch_operator_decorator.py for tasks to queue
[2024-09-24T00:40:28.590+0100] {logging_mixin.py:190} INFO - [2024-09-24T00:40:28.590+0100] {dagbag.py:588} INFO - Filling up the DagBag from /Users/rtewelde/airflow_venv/lib/python3.11/site-packages/airflow/example_dags/example_branch_operator_decorator.py
[2024-09-24T00:40:28.606+0100] {processor.py:927} WARNING - No viable dags retrieved from /Users/rtewelde/airflow_venv/lib/python3.11/site-packages/airflow/example_dags/example_branch_operator_decorator.py
[2024-09-24T00:40:28.741+0100] {processor.py:208} INFO - Processing /Users/rtewelde/airflow_venv/lib/python3.11/site-packages/airflow/example_dags/example_branch_operator_decorator.py took 0.156 seconds
[2024-09-24T00:44:55.767+0100] {processor.py:186} INFO - Started process (PID=86384) to work on /Users/rtewelde/airflow_venv/lib/python3.11/site-packages/airflow/example_dags/example_branch_operator_decorator.py
[2024-09-24T00:44:55.768+0100] {processor.py:914} INFO - Processing file /Users/rtewelde/airflow_venv/lib/python3.11/site-packages/airflow/example_dags/example_branch_operator_decorator.py for tasks to queue
[2024-09-24T00:44:55.769+0100] {logging_mixin.py:190} INFO - [2024-09-24T00:44:55.769+0100] {dagbag.py:588} INFO - Filling up the DagBag from /Users/rtewelde/airflow_venv/lib/python3.11/site-packages/airflow/example_dags/example_branch_operator_decorator.py
[2024-09-24T00:44:55.785+0100] {processor.py:927} WARNING - No viable dags retrieved from /Users/rtewelde/airflow_venv/lib/python3.11/site-packages/airflow/example_dags/example_branch_operator_decorator.py
[2024-09-24T00:44:55.921+0100] {processor.py:208} INFO - Processing /Users/rtewelde/airflow_venv/lib/python3.11/site-packages/airflow/example_dags/example_branch_operator_decorator.py took 0.156 seconds
[2024-09-24T00:49:25.322+0100] {processor.py:186} INFO - Started process (PID=87636) to work on /Users/rtewelde/airflow_venv/lib/python3.11/site-packages/airflow/example_dags/example_branch_operator_decorator.py
[2024-09-24T00:49:25.323+0100] {processor.py:914} INFO - Processing file /Users/rtewelde/airflow_venv/lib/python3.11/site-packages/airflow/example_dags/example_branch_operator_decorator.py for tasks to queue
[2024-09-24T00:49:25.324+0100] {logging_mixin.py:190} INFO - [2024-09-24T00:49:25.324+0100] {dagbag.py:588} INFO - Filling up the DagBag from /Users/rtewelde/airflow_venv/lib/python3.11/site-packages/airflow/example_dags/example_branch_operator_decorator.py
[2024-09-24T00:49:25.341+0100] {processor.py:927} WARNING - No viable dags retrieved from /Users/rtewelde/airflow_venv/lib/python3.11/site-packages/airflow/example_dags/example_branch_operator_decorator.py
[2024-09-24T00:49:25.480+0100] {processor.py:208} INFO - Processing /Users/rtewelde/airflow_venv/lib/python3.11/site-packages/airflow/example_dags/example_branch_operator_decorator.py took 0.160 seconds
[2024-09-24T00:53:56.910+0100] {processor.py:186} INFO - Started process (PID=88895) to work on /Users/rtewelde/airflow_venv/lib/python3.11/site-packages/airflow/example_dags/example_branch_operator_decorator.py
[2024-09-24T00:53:56.912+0100] {processor.py:914} INFO - Processing file /Users/rtewelde/airflow_venv/lib/python3.11/site-packages/airflow/example_dags/example_branch_operator_decorator.py for tasks to queue
[2024-09-24T00:53:56.913+0100] {logging_mixin.py:190} INFO - [2024-09-24T00:53:56.913+0100] {dagbag.py:588} INFO - Filling up the DagBag from /Users/rtewelde/airflow_venv/lib/python3.11/site-packages/airflow/example_dags/example_branch_operator_decorator.py
[2024-09-24T00:53:56.931+0100] {processor.py:927} WARNING - No viable dags retrieved from /Users/rtewelde/airflow_venv/lib/python3.11/site-packages/airflow/example_dags/example_branch_operator_decorator.py
[2024-09-24T00:53:57.068+0100] {processor.py:208} INFO - Processing /Users/rtewelde/airflow_venv/lib/python3.11/site-packages/airflow/example_dags/example_branch_operator_decorator.py took 0.160 seconds
[2024-09-24T00:58:29.215+0100] {processor.py:186} INFO - Started process (PID=90158) to work on /Users/rtewelde/airflow_venv/lib/python3.11/site-packages/airflow/example_dags/example_branch_operator_decorator.py
[2024-09-24T00:58:29.217+0100] {processor.py:914} INFO - Processing file /Users/rtewelde/airflow_venv/lib/python3.11/site-packages/airflow/example_dags/example_branch_operator_decorator.py for tasks to queue
[2024-09-24T00:58:29.218+0100] {logging_mixin.py:190} INFO - [2024-09-24T00:58:29.218+0100] {dagbag.py:588} INFO - Filling up the DagBag from /Users/rtewelde/airflow_venv/lib/python3.11/site-packages/airflow/example_dags/example_branch_operator_decorator.py
[2024-09-24T00:58:29.235+0100] {processor.py:927} WARNING - No viable dags retrieved from /Users/rtewelde/airflow_venv/lib/python3.11/site-packages/airflow/example_dags/example_branch_operator_decorator.py
[2024-09-24T00:58:29.370+0100] {processor.py:208} INFO - Processing /Users/rtewelde/airflow_venv/lib/python3.11/site-packages/airflow/example_dags/example_branch_operator_decorator.py took 0.158 seconds
