[2024-09-23T02:06:41.323+0100] {processor.py:186} INFO - Started process (PID=1779) to work on /Users/rtewelde/airflow_venv/lib/python3.11/site-packages/airflow/example_dags/example_dynamic_task_mapping_with_no_taskflow_operators.py
[2024-09-23T02:06:41.324+0100] {processor.py:914} INFO - Processing file /Users/rtewelde/airflow_venv/lib/python3.11/site-packages/airflow/example_dags/example_dynamic_task_mapping_with_no_taskflow_operators.py for tasks to queue
[2024-09-23T02:06:41.325+0100] {logging_mixin.py:190} INFO - [2024-09-23T02:06:41.325+0100] {dagbag.py:588} INFO - Filling up the DagBag from /Users/rtewelde/airflow_venv/lib/python3.11/site-packages/airflow/example_dags/example_dynamic_task_mapping_with_no_taskflow_operators.py
[2024-09-23T02:06:41.332+0100] {processor.py:925} INFO - DAG(s) 'example_dynamic_task_mapping_with_no_taskflow_operators' retrieved from /Users/rtewelde/airflow_venv/lib/python3.11/site-packages/airflow/example_dags/example_dynamic_task_mapping_with_no_taskflow_operators.py
[2024-09-23T02:06:41.489+0100] {logging_mixin.py:190} INFO - [2024-09-23T02:06:41.488+0100] {dag.py:3239} INFO - Sync 1 DAGs
[2024-09-23T02:06:41.498+0100] {logging_mixin.py:190} INFO - [2024-09-23T02:06:41.498+0100] {dag.py:4180} INFO - Setting next_dagrun for example_dynamic_task_mapping_with_no_taskflow_operators to None, run_after=None
[2024-09-23T02:06:41.517+0100] {processor.py:208} INFO - Processing /Users/rtewelde/airflow_venv/lib/python3.11/site-packages/airflow/example_dags/example_dynamic_task_mapping_with_no_taskflow_operators.py took 0.196 seconds
[2024-09-23T02:08:10.887+0100] {processor.py:186} INFO - Started process (PID=2229) to work on /Users/rtewelde/airflow_venv/lib/python3.11/site-packages/airflow/example_dags/example_dynamic_task_mapping_with_no_taskflow_operators.py
[2024-09-23T02:08:10.888+0100] {processor.py:914} INFO - Processing file /Users/rtewelde/airflow_venv/lib/python3.11/site-packages/airflow/example_dags/example_dynamic_task_mapping_with_no_taskflow_operators.py for tasks to queue
[2024-09-23T02:08:10.888+0100] {logging_mixin.py:190} INFO - [2024-09-23T02:08:10.888+0100] {dagbag.py:588} INFO - Filling up the DagBag from /Users/rtewelde/airflow_venv/lib/python3.11/site-packages/airflow/example_dags/example_dynamic_task_mapping_with_no_taskflow_operators.py
[2024-09-23T02:08:10.895+0100] {processor.py:925} INFO - DAG(s) 'example_dynamic_task_mapping_with_no_taskflow_operators' retrieved from /Users/rtewelde/airflow_venv/lib/python3.11/site-packages/airflow/example_dags/example_dynamic_task_mapping_with_no_taskflow_operators.py
[2024-09-23T02:08:11.047+0100] {logging_mixin.py:190} INFO - [2024-09-23T02:08:11.047+0100] {dag.py:3239} INFO - Sync 1 DAGs
[2024-09-23T02:08:11.058+0100] {logging_mixin.py:190} INFO - [2024-09-23T02:08:11.057+0100] {dag.py:4180} INFO - Setting next_dagrun for example_dynamic_task_mapping_with_no_taskflow_operators to None, run_after=None
[2024-09-23T02:08:11.074+0100] {processor.py:208} INFO - Processing /Users/rtewelde/airflow_venv/lib/python3.11/site-packages/airflow/example_dags/example_dynamic_task_mapping_with_no_taskflow_operators.py took 0.189 seconds
[2024-09-23T02:09:31.015+0100] {processor.py:186} INFO - Started process (PID=2738) to work on /Users/rtewelde/airflow_venv/lib/python3.11/site-packages/airflow/example_dags/example_dynamic_task_mapping_with_no_taskflow_operators.py
[2024-09-23T02:09:31.016+0100] {processor.py:914} INFO - Processing file /Users/rtewelde/airflow_venv/lib/python3.11/site-packages/airflow/example_dags/example_dynamic_task_mapping_with_no_taskflow_operators.py for tasks to queue
[2024-09-23T02:09:31.018+0100] {logging_mixin.py:190} INFO - [2024-09-23T02:09:31.017+0100] {dagbag.py:588} INFO - Filling up the DagBag from /Users/rtewelde/airflow_venv/lib/python3.11/site-packages/airflow/example_dags/example_dynamic_task_mapping_with_no_taskflow_operators.py
[2024-09-23T02:09:31.032+0100] {processor.py:925} INFO - DAG(s) 'example_dynamic_task_mapping_with_no_taskflow_operators' retrieved from /Users/rtewelde/airflow_venv/lib/python3.11/site-packages/airflow/example_dags/example_dynamic_task_mapping_with_no_taskflow_operators.py
[2024-09-23T02:09:31.331+0100] {logging_mixin.py:190} INFO - [2024-09-23T02:09:31.330+0100] {dag.py:3239} INFO - Sync 1 DAGs
[2024-09-23T02:09:31.342+0100] {logging_mixin.py:190} INFO - [2024-09-23T02:09:31.342+0100] {dag.py:4180} INFO - Setting next_dagrun for example_dynamic_task_mapping_with_no_taskflow_operators to None, run_after=None
[2024-09-23T02:09:31.359+0100] {processor.py:208} INFO - Processing /Users/rtewelde/airflow_venv/lib/python3.11/site-packages/airflow/example_dags/example_dynamic_task_mapping_with_no_taskflow_operators.py took 0.349 seconds
[2024-09-23T02:10:56.848+0100] {processor.py:186} INFO - Started process (PID=3187) to work on /Users/rtewelde/airflow_venv/lib/python3.11/site-packages/airflow/example_dags/example_dynamic_task_mapping_with_no_taskflow_operators.py
[2024-09-23T02:10:56.849+0100] {processor.py:914} INFO - Processing file /Users/rtewelde/airflow_venv/lib/python3.11/site-packages/airflow/example_dags/example_dynamic_task_mapping_with_no_taskflow_operators.py for tasks to queue
[2024-09-23T02:10:56.850+0100] {logging_mixin.py:190} INFO - [2024-09-23T02:10:56.850+0100] {dagbag.py:588} INFO - Filling up the DagBag from /Users/rtewelde/airflow_venv/lib/python3.11/site-packages/airflow/example_dags/example_dynamic_task_mapping_with_no_taskflow_operators.py
[2024-09-23T02:10:56.856+0100] {processor.py:925} INFO - DAG(s) 'example_dynamic_task_mapping_with_no_taskflow_operators' retrieved from /Users/rtewelde/airflow_venv/lib/python3.11/site-packages/airflow/example_dags/example_dynamic_task_mapping_with_no_taskflow_operators.py
[2024-09-23T02:10:57.002+0100] {logging_mixin.py:190} INFO - [2024-09-23T02:10:57.001+0100] {dag.py:3239} INFO - Sync 1 DAGs
[2024-09-23T02:10:57.011+0100] {logging_mixin.py:190} INFO - [2024-09-23T02:10:57.011+0100] {dag.py:4180} INFO - Setting next_dagrun for example_dynamic_task_mapping_with_no_taskflow_operators to None, run_after=None
[2024-09-23T02:10:57.027+0100] {processor.py:208} INFO - Processing /Users/rtewelde/airflow_venv/lib/python3.11/site-packages/airflow/example_dags/example_dynamic_task_mapping_with_no_taskflow_operators.py took 0.181 seconds
[2024-09-23T12:28:38.771+0100] {processor.py:186} INFO - Started process (PID=16911) to work on /Users/rtewelde/airflow_venv/lib/python3.11/site-packages/airflow/example_dags/example_dynamic_task_mapping_with_no_taskflow_operators.py
[2024-09-23T12:28:38.772+0100] {processor.py:914} INFO - Processing file /Users/rtewelde/airflow_venv/lib/python3.11/site-packages/airflow/example_dags/example_dynamic_task_mapping_with_no_taskflow_operators.py for tasks to queue
[2024-09-23T12:28:38.772+0100] {logging_mixin.py:190} INFO - [2024-09-23T12:28:38.772+0100] {dagbag.py:588} INFO - Filling up the DagBag from /Users/rtewelde/airflow_venv/lib/python3.11/site-packages/airflow/example_dags/example_dynamic_task_mapping_with_no_taskflow_operators.py
[2024-09-23T12:28:38.780+0100] {processor.py:925} INFO - DAG(s) 'example_dynamic_task_mapping_with_no_taskflow_operators' retrieved from /Users/rtewelde/airflow_venv/lib/python3.11/site-packages/airflow/example_dags/example_dynamic_task_mapping_with_no_taskflow_operators.py
[2024-09-23T12:28:38.961+0100] {logging_mixin.py:190} INFO - [2024-09-23T12:28:38.960+0100] {dag.py:3239} INFO - Sync 1 DAGs
[2024-09-23T12:28:38.970+0100] {logging_mixin.py:190} INFO - [2024-09-23T12:28:38.970+0100] {dag.py:4180} INFO - Setting next_dagrun for example_dynamic_task_mapping_with_no_taskflow_operators to None, run_after=None
[2024-09-23T12:28:38.987+0100] {processor.py:208} INFO - Processing /Users/rtewelde/airflow_venv/lib/python3.11/site-packages/airflow/example_dags/example_dynamic_task_mapping_with_no_taskflow_operators.py took 0.219 seconds
[2024-09-23T12:31:39.644+0100] {processor.py:186} INFO - Started process (PID=17801) to work on /Users/rtewelde/airflow_venv/lib/python3.11/site-packages/airflow/example_dags/example_dynamic_task_mapping_with_no_taskflow_operators.py
[2024-09-23T12:31:39.645+0100] {processor.py:914} INFO - Processing file /Users/rtewelde/airflow_venv/lib/python3.11/site-packages/airflow/example_dags/example_dynamic_task_mapping_with_no_taskflow_operators.py for tasks to queue
[2024-09-23T12:31:39.646+0100] {logging_mixin.py:190} INFO - [2024-09-23T12:31:39.646+0100] {dagbag.py:588} INFO - Filling up the DagBag from /Users/rtewelde/airflow_venv/lib/python3.11/site-packages/airflow/example_dags/example_dynamic_task_mapping_with_no_taskflow_operators.py
[2024-09-23T12:31:39.669+0100] {processor.py:925} INFO - DAG(s) 'example_dynamic_task_mapping_with_no_taskflow_operators' retrieved from /Users/rtewelde/airflow_venv/lib/python3.11/site-packages/airflow/example_dags/example_dynamic_task_mapping_with_no_taskflow_operators.py
[2024-09-23T12:31:39.829+0100] {logging_mixin.py:190} INFO - [2024-09-23T12:31:39.829+0100] {dag.py:3239} INFO - Sync 1 DAGs
[2024-09-23T12:31:39.840+0100] {logging_mixin.py:190} INFO - [2024-09-23T12:31:39.840+0100] {dag.py:4180} INFO - Setting next_dagrun for example_dynamic_task_mapping_with_no_taskflow_operators to None, run_after=None
[2024-09-23T12:31:39.859+0100] {processor.py:208} INFO - Processing /Users/rtewelde/airflow_venv/lib/python3.11/site-packages/airflow/example_dags/example_dynamic_task_mapping_with_no_taskflow_operators.py took 0.217 seconds
[2024-09-23T12:36:42.448+0100] {processor.py:186} INFO - Started process (PID=19225) to work on /Users/rtewelde/airflow_venv/lib/python3.11/site-packages/airflow/example_dags/example_dynamic_task_mapping_with_no_taskflow_operators.py
[2024-09-23T12:36:42.449+0100] {processor.py:914} INFO - Processing file /Users/rtewelde/airflow_venv/lib/python3.11/site-packages/airflow/example_dags/example_dynamic_task_mapping_with_no_taskflow_operators.py for tasks to queue
[2024-09-23T12:36:42.450+0100] {logging_mixin.py:190} INFO - [2024-09-23T12:36:42.450+0100] {dagbag.py:588} INFO - Filling up the DagBag from /Users/rtewelde/airflow_venv/lib/python3.11/site-packages/airflow/example_dags/example_dynamic_task_mapping_with_no_taskflow_operators.py
[2024-09-23T12:36:42.457+0100] {processor.py:925} INFO - DAG(s) 'example_dynamic_task_mapping_with_no_taskflow_operators' retrieved from /Users/rtewelde/airflow_venv/lib/python3.11/site-packages/airflow/example_dags/example_dynamic_task_mapping_with_no_taskflow_operators.py
[2024-09-23T12:36:42.601+0100] {logging_mixin.py:190} INFO - [2024-09-23T12:36:42.601+0100] {dag.py:3239} INFO - Sync 1 DAGs
[2024-09-23T12:36:42.610+0100] {logging_mixin.py:190} INFO - [2024-09-23T12:36:42.610+0100] {dag.py:4180} INFO - Setting next_dagrun for example_dynamic_task_mapping_with_no_taskflow_operators to None, run_after=None
[2024-09-23T12:36:42.625+0100] {processor.py:208} INFO - Processing /Users/rtewelde/airflow_venv/lib/python3.11/site-packages/airflow/example_dags/example_dynamic_task_mapping_with_no_taskflow_operators.py took 0.179 seconds
[2024-09-23T12:41:37.716+0100] {processor.py:186} INFO - Started process (PID=20591) to work on /Users/rtewelde/airflow_venv/lib/python3.11/site-packages/airflow/example_dags/example_dynamic_task_mapping_with_no_taskflow_operators.py
[2024-09-23T12:41:37.717+0100] {processor.py:914} INFO - Processing file /Users/rtewelde/airflow_venv/lib/python3.11/site-packages/airflow/example_dags/example_dynamic_task_mapping_with_no_taskflow_operators.py for tasks to queue
[2024-09-23T12:41:37.718+0100] {logging_mixin.py:190} INFO - [2024-09-23T12:41:37.718+0100] {dagbag.py:588} INFO - Filling up the DagBag from /Users/rtewelde/airflow_venv/lib/python3.11/site-packages/airflow/example_dags/example_dynamic_task_mapping_with_no_taskflow_operators.py
[2024-09-23T12:41:37.726+0100] {processor.py:925} INFO - DAG(s) 'example_dynamic_task_mapping_with_no_taskflow_operators' retrieved from /Users/rtewelde/airflow_venv/lib/python3.11/site-packages/airflow/example_dags/example_dynamic_task_mapping_with_no_taskflow_operators.py
[2024-09-23T12:41:37.891+0100] {logging_mixin.py:190} INFO - [2024-09-23T12:41:37.890+0100] {dag.py:3239} INFO - Sync 1 DAGs
[2024-09-23T12:41:37.900+0100] {logging_mixin.py:190} INFO - [2024-09-23T12:41:37.900+0100] {dag.py:4180} INFO - Setting next_dagrun for example_dynamic_task_mapping_with_no_taskflow_operators to None, run_after=None
[2024-09-23T12:41:37.916+0100] {processor.py:208} INFO - Processing /Users/rtewelde/airflow_venv/lib/python3.11/site-packages/airflow/example_dags/example_dynamic_task_mapping_with_no_taskflow_operators.py took 0.202 seconds
[2024-09-23T12:46:10.131+0100] {processor.py:186} INFO - Started process (PID=21845) to work on /Users/rtewelde/airflow_venv/lib/python3.11/site-packages/airflow/example_dags/example_dynamic_task_mapping_with_no_taskflow_operators.py
[2024-09-23T12:46:10.131+0100] {processor.py:914} INFO - Processing file /Users/rtewelde/airflow_venv/lib/python3.11/site-packages/airflow/example_dags/example_dynamic_task_mapping_with_no_taskflow_operators.py for tasks to queue
[2024-09-23T12:46:10.132+0100] {logging_mixin.py:190} INFO - [2024-09-23T12:46:10.132+0100] {dagbag.py:588} INFO - Filling up the DagBag from /Users/rtewelde/airflow_venv/lib/python3.11/site-packages/airflow/example_dags/example_dynamic_task_mapping_with_no_taskflow_operators.py
[2024-09-23T12:46:10.138+0100] {processor.py:925} INFO - DAG(s) 'example_dynamic_task_mapping_with_no_taskflow_operators' retrieved from /Users/rtewelde/airflow_venv/lib/python3.11/site-packages/airflow/example_dags/example_dynamic_task_mapping_with_no_taskflow_operators.py
[2024-09-23T12:46:10.295+0100] {logging_mixin.py:190} INFO - [2024-09-23T12:46:10.295+0100] {dag.py:3239} INFO - Sync 1 DAGs
[2024-09-23T12:46:10.304+0100] {logging_mixin.py:190} INFO - [2024-09-23T12:46:10.303+0100] {dag.py:4180} INFO - Setting next_dagrun for example_dynamic_task_mapping_with_no_taskflow_operators to None, run_after=None
[2024-09-23T12:46:10.322+0100] {processor.py:208} INFO - Processing /Users/rtewelde/airflow_venv/lib/python3.11/site-packages/airflow/example_dags/example_dynamic_task_mapping_with_no_taskflow_operators.py took 0.194 seconds
[2024-09-23T12:50:41.493+0100] {processor.py:186} INFO - Started process (PID=23129) to work on /Users/rtewelde/airflow_venv/lib/python3.11/site-packages/airflow/example_dags/example_dynamic_task_mapping_with_no_taskflow_operators.py
[2024-09-23T12:50:41.494+0100] {processor.py:914} INFO - Processing file /Users/rtewelde/airflow_venv/lib/python3.11/site-packages/airflow/example_dags/example_dynamic_task_mapping_with_no_taskflow_operators.py for tasks to queue
[2024-09-23T12:50:41.496+0100] {logging_mixin.py:190} INFO - [2024-09-23T12:50:41.495+0100] {dagbag.py:588} INFO - Filling up the DagBag from /Users/rtewelde/airflow_venv/lib/python3.11/site-packages/airflow/example_dags/example_dynamic_task_mapping_with_no_taskflow_operators.py
[2024-09-23T12:50:41.506+0100] {processor.py:925} INFO - DAG(s) 'example_dynamic_task_mapping_with_no_taskflow_operators' retrieved from /Users/rtewelde/airflow_venv/lib/python3.11/site-packages/airflow/example_dags/example_dynamic_task_mapping_with_no_taskflow_operators.py
[2024-09-23T12:50:41.669+0100] {logging_mixin.py:190} INFO - [2024-09-23T12:50:41.669+0100] {dag.py:3239} INFO - Sync 1 DAGs
[2024-09-23T12:50:41.680+0100] {logging_mixin.py:190} INFO - [2024-09-23T12:50:41.679+0100] {dag.py:4180} INFO - Setting next_dagrun for example_dynamic_task_mapping_with_no_taskflow_operators to None, run_after=None
[2024-09-23T12:50:41.695+0100] {processor.py:208} INFO - Processing /Users/rtewelde/airflow_venv/lib/python3.11/site-packages/airflow/example_dags/example_dynamic_task_mapping_with_no_taskflow_operators.py took 0.204 seconds
[2024-09-23T12:55:34.254+0100] {processor.py:186} INFO - Started process (PID=24523) to work on /Users/rtewelde/airflow_venv/lib/python3.11/site-packages/airflow/example_dags/example_dynamic_task_mapping_with_no_taskflow_operators.py
[2024-09-23T12:55:34.256+0100] {processor.py:914} INFO - Processing file /Users/rtewelde/airflow_venv/lib/python3.11/site-packages/airflow/example_dags/example_dynamic_task_mapping_with_no_taskflow_operators.py for tasks to queue
[2024-09-23T12:55:34.257+0100] {logging_mixin.py:190} INFO - [2024-09-23T12:55:34.256+0100] {dagbag.py:588} INFO - Filling up the DagBag from /Users/rtewelde/airflow_venv/lib/python3.11/site-packages/airflow/example_dags/example_dynamic_task_mapping_with_no_taskflow_operators.py
[2024-09-23T12:55:34.263+0100] {processor.py:925} INFO - DAG(s) 'example_dynamic_task_mapping_with_no_taskflow_operators' retrieved from /Users/rtewelde/airflow_venv/lib/python3.11/site-packages/airflow/example_dags/example_dynamic_task_mapping_with_no_taskflow_operators.py
[2024-09-23T12:55:34.426+0100] {logging_mixin.py:190} INFO - [2024-09-23T12:55:34.426+0100] {dag.py:3239} INFO - Sync 1 DAGs
[2024-09-23T12:55:34.436+0100] {logging_mixin.py:190} INFO - [2024-09-23T12:55:34.436+0100] {dag.py:4180} INFO - Setting next_dagrun for example_dynamic_task_mapping_with_no_taskflow_operators to None, run_after=None
[2024-09-23T12:55:34.454+0100] {processor.py:208} INFO - Processing /Users/rtewelde/airflow_venv/lib/python3.11/site-packages/airflow/example_dags/example_dynamic_task_mapping_with_no_taskflow_operators.py took 0.202 seconds
[2024-09-23T18:06:34.334+0100] {processor.py:186} INFO - Started process (PID=25937) to work on /Users/rtewelde/airflow_venv/lib/python3.11/site-packages/airflow/example_dags/example_dynamic_task_mapping_with_no_taskflow_operators.py
[2024-09-23T18:06:34.334+0100] {processor.py:914} INFO - Processing file /Users/rtewelde/airflow_venv/lib/python3.11/site-packages/airflow/example_dags/example_dynamic_task_mapping_with_no_taskflow_operators.py for tasks to queue
[2024-09-23T18:06:34.335+0100] {logging_mixin.py:190} INFO - [2024-09-23T18:06:34.335+0100] {dagbag.py:588} INFO - Filling up the DagBag from /Users/rtewelde/airflow_venv/lib/python3.11/site-packages/airflow/example_dags/example_dynamic_task_mapping_with_no_taskflow_operators.py
[2024-09-23T18:06:34.342+0100] {processor.py:925} INFO - DAG(s) 'example_dynamic_task_mapping_with_no_taskflow_operators' retrieved from /Users/rtewelde/airflow_venv/lib/python3.11/site-packages/airflow/example_dags/example_dynamic_task_mapping_with_no_taskflow_operators.py
[2024-09-23T18:06:34.479+0100] {logging_mixin.py:190} INFO - [2024-09-23T18:06:34.479+0100] {dag.py:3239} INFO - Sync 1 DAGs
[2024-09-23T18:06:34.488+0100] {logging_mixin.py:190} INFO - [2024-09-23T18:06:34.488+0100] {dag.py:4180} INFO - Setting next_dagrun for example_dynamic_task_mapping_with_no_taskflow_operators to None, run_after=None
[2024-09-23T18:06:34.504+0100] {processor.py:208} INFO - Processing /Users/rtewelde/airflow_venv/lib/python3.11/site-packages/airflow/example_dags/example_dynamic_task_mapping_with_no_taskflow_operators.py took 0.173 seconds
[2024-09-23T18:11:01.452+0100] {processor.py:186} INFO - Started process (PID=27181) to work on /Users/rtewelde/airflow_venv/lib/python3.11/site-packages/airflow/example_dags/example_dynamic_task_mapping_with_no_taskflow_operators.py
[2024-09-23T18:11:01.453+0100] {processor.py:914} INFO - Processing file /Users/rtewelde/airflow_venv/lib/python3.11/site-packages/airflow/example_dags/example_dynamic_task_mapping_with_no_taskflow_operators.py for tasks to queue
[2024-09-23T18:11:01.454+0100] {logging_mixin.py:190} INFO - [2024-09-23T18:11:01.454+0100] {dagbag.py:588} INFO - Filling up the DagBag from /Users/rtewelde/airflow_venv/lib/python3.11/site-packages/airflow/example_dags/example_dynamic_task_mapping_with_no_taskflow_operators.py
[2024-09-23T18:11:01.460+0100] {processor.py:925} INFO - DAG(s) 'example_dynamic_task_mapping_with_no_taskflow_operators' retrieved from /Users/rtewelde/airflow_venv/lib/python3.11/site-packages/airflow/example_dags/example_dynamic_task_mapping_with_no_taskflow_operators.py
[2024-09-23T18:11:01.596+0100] {logging_mixin.py:190} INFO - [2024-09-23T18:11:01.596+0100] {dag.py:3239} INFO - Sync 1 DAGs
[2024-09-23T18:11:01.605+0100] {logging_mixin.py:190} INFO - [2024-09-23T18:11:01.605+0100] {dag.py:4180} INFO - Setting next_dagrun for example_dynamic_task_mapping_with_no_taskflow_operators to None, run_after=None
[2024-09-23T18:11:01.620+0100] {processor.py:208} INFO - Processing /Users/rtewelde/airflow_venv/lib/python3.11/site-packages/airflow/example_dags/example_dynamic_task_mapping_with_no_taskflow_operators.py took 0.170 seconds
[2024-09-23T18:36:46.062+0100] {processor.py:186} INFO - Started process (PID=28077) to work on /Users/rtewelde/airflow_venv/lib/python3.11/site-packages/airflow/example_dags/example_dynamic_task_mapping_with_no_taskflow_operators.py
[2024-09-23T18:36:46.063+0100] {processor.py:914} INFO - Processing file /Users/rtewelde/airflow_venv/lib/python3.11/site-packages/airflow/example_dags/example_dynamic_task_mapping_with_no_taskflow_operators.py for tasks to queue
[2024-09-23T18:36:46.065+0100] {logging_mixin.py:190} INFO - [2024-09-23T18:36:46.065+0100] {dagbag.py:588} INFO - Filling up the DagBag from /Users/rtewelde/airflow_venv/lib/python3.11/site-packages/airflow/example_dags/example_dynamic_task_mapping_with_no_taskflow_operators.py
[2024-09-23T18:36:46.072+0100] {processor.py:925} INFO - DAG(s) 'example_dynamic_task_mapping_with_no_taskflow_operators' retrieved from /Users/rtewelde/airflow_venv/lib/python3.11/site-packages/airflow/example_dags/example_dynamic_task_mapping_with_no_taskflow_operators.py
[2024-09-23T18:36:46.226+0100] {logging_mixin.py:190} INFO - [2024-09-23T18:36:46.226+0100] {dag.py:3239} INFO - Sync 1 DAGs
[2024-09-23T18:36:46.237+0100] {logging_mixin.py:190} INFO - [2024-09-23T18:36:46.236+0100] {dag.py:4180} INFO - Setting next_dagrun for example_dynamic_task_mapping_with_no_taskflow_operators to None, run_after=None
[2024-09-23T18:36:46.252+0100] {processor.py:208} INFO - Processing /Users/rtewelde/airflow_venv/lib/python3.11/site-packages/airflow/example_dags/example_dynamic_task_mapping_with_no_taskflow_operators.py took 0.192 seconds
[2024-09-23T18:39:30.730+0100] {processor.py:186} INFO - Started process (PID=28991) to work on /Users/rtewelde/airflow_venv/lib/python3.11/site-packages/airflow/example_dags/example_dynamic_task_mapping_with_no_taskflow_operators.py
[2024-09-23T18:39:30.731+0100] {processor.py:914} INFO - Processing file /Users/rtewelde/airflow_venv/lib/python3.11/site-packages/airflow/example_dags/example_dynamic_task_mapping_with_no_taskflow_operators.py for tasks to queue
[2024-09-23T18:39:30.732+0100] {logging_mixin.py:190} INFO - [2024-09-23T18:39:30.732+0100] {dagbag.py:588} INFO - Filling up the DagBag from /Users/rtewelde/airflow_venv/lib/python3.11/site-packages/airflow/example_dags/example_dynamic_task_mapping_with_no_taskflow_operators.py
[2024-09-23T18:39:30.739+0100] {processor.py:925} INFO - DAG(s) 'example_dynamic_task_mapping_with_no_taskflow_operators' retrieved from /Users/rtewelde/airflow_venv/lib/python3.11/site-packages/airflow/example_dags/example_dynamic_task_mapping_with_no_taskflow_operators.py
[2024-09-23T18:39:30.888+0100] {logging_mixin.py:190} INFO - [2024-09-23T18:39:30.888+0100] {dag.py:3239} INFO - Sync 1 DAGs
[2024-09-23T18:39:30.898+0100] {logging_mixin.py:190} INFO - [2024-09-23T18:39:30.898+0100] {dag.py:4180} INFO - Setting next_dagrun for example_dynamic_task_mapping_with_no_taskflow_operators to None, run_after=None
[2024-09-23T18:39:30.913+0100] {processor.py:208} INFO - Processing /Users/rtewelde/airflow_venv/lib/python3.11/site-packages/airflow/example_dags/example_dynamic_task_mapping_with_no_taskflow_operators.py took 0.186 seconds
[2024-09-23T19:02:02.572+0100] {processor.py:186} INFO - Started process (PID=36978) to work on /Users/rtewelde/airflow_venv/lib/python3.11/site-packages/airflow/example_dags/example_dynamic_task_mapping_with_no_taskflow_operators.py
[2024-09-23T19:02:02.573+0100] {processor.py:914} INFO - Processing file /Users/rtewelde/airflow_venv/lib/python3.11/site-packages/airflow/example_dags/example_dynamic_task_mapping_with_no_taskflow_operators.py for tasks to queue
[2024-09-23T19:02:02.574+0100] {logging_mixin.py:190} INFO - [2024-09-23T19:02:02.574+0100] {dagbag.py:588} INFO - Filling up the DagBag from /Users/rtewelde/airflow_venv/lib/python3.11/site-packages/airflow/example_dags/example_dynamic_task_mapping_with_no_taskflow_operators.py
[2024-09-23T19:02:02.581+0100] {processor.py:925} INFO - DAG(s) 'example_dynamic_task_mapping_with_no_taskflow_operators' retrieved from /Users/rtewelde/airflow_venv/lib/python3.11/site-packages/airflow/example_dags/example_dynamic_task_mapping_with_no_taskflow_operators.py
[2024-09-23T19:02:02.745+0100] {logging_mixin.py:190} INFO - [2024-09-23T19:02:02.745+0100] {dag.py:3239} INFO - Sync 1 DAGs
[2024-09-23T19:02:02.756+0100] {logging_mixin.py:190} INFO - [2024-09-23T19:02:02.756+0100] {dag.py:4180} INFO - Setting next_dagrun for example_dynamic_task_mapping_with_no_taskflow_operators to None, run_after=None
[2024-09-23T19:02:02.783+0100] {processor.py:208} INFO - Processing /Users/rtewelde/airflow_venv/lib/python3.11/site-packages/airflow/example_dags/example_dynamic_task_mapping_with_no_taskflow_operators.py took 0.214 seconds
[2024-09-23T19:05:03.105+0100] {processor.py:186} INFO - Started process (PID=37882) to work on /Users/rtewelde/airflow_venv/lib/python3.11/site-packages/airflow/example_dags/example_dynamic_task_mapping_with_no_taskflow_operators.py
[2024-09-23T19:05:03.106+0100] {processor.py:914} INFO - Processing file /Users/rtewelde/airflow_venv/lib/python3.11/site-packages/airflow/example_dags/example_dynamic_task_mapping_with_no_taskflow_operators.py for tasks to queue
[2024-09-23T19:05:03.108+0100] {logging_mixin.py:190} INFO - [2024-09-23T19:05:03.107+0100] {dagbag.py:588} INFO - Filling up the DagBag from /Users/rtewelde/airflow_venv/lib/python3.11/site-packages/airflow/example_dags/example_dynamic_task_mapping_with_no_taskflow_operators.py
[2024-09-23T19:05:03.117+0100] {processor.py:925} INFO - DAG(s) 'example_dynamic_task_mapping_with_no_taskflow_operators' retrieved from /Users/rtewelde/airflow_venv/lib/python3.11/site-packages/airflow/example_dags/example_dynamic_task_mapping_with_no_taskflow_operators.py
[2024-09-23T19:05:03.487+0100] {logging_mixin.py:190} INFO - [2024-09-23T19:05:03.486+0100] {dag.py:3239} INFO - Sync 1 DAGs
[2024-09-23T19:05:03.498+0100] {logging_mixin.py:190} INFO - [2024-09-23T19:05:03.498+0100] {dag.py:4180} INFO - Setting next_dagrun for example_dynamic_task_mapping_with_no_taskflow_operators to None, run_after=None
[2024-09-23T19:05:03.513+0100] {processor.py:208} INFO - Processing /Users/rtewelde/airflow_venv/lib/python3.11/site-packages/airflow/example_dags/example_dynamic_task_mapping_with_no_taskflow_operators.py took 0.411 seconds
[2024-09-23T19:09:51.744+0100] {processor.py:186} INFO - Started process (PID=39255) to work on /Users/rtewelde/airflow_venv/lib/python3.11/site-packages/airflow/example_dags/example_dynamic_task_mapping_with_no_taskflow_operators.py
[2024-09-23T19:09:51.746+0100] {processor.py:914} INFO - Processing file /Users/rtewelde/airflow_venv/lib/python3.11/site-packages/airflow/example_dags/example_dynamic_task_mapping_with_no_taskflow_operators.py for tasks to queue
[2024-09-23T19:09:51.747+0100] {logging_mixin.py:190} INFO - [2024-09-23T19:09:51.747+0100] {dagbag.py:588} INFO - Filling up the DagBag from /Users/rtewelde/airflow_venv/lib/python3.11/site-packages/airflow/example_dags/example_dynamic_task_mapping_with_no_taskflow_operators.py
[2024-09-23T19:09:51.755+0100] {processor.py:925} INFO - DAG(s) 'example_dynamic_task_mapping_with_no_taskflow_operators' retrieved from /Users/rtewelde/airflow_venv/lib/python3.11/site-packages/airflow/example_dags/example_dynamic_task_mapping_with_no_taskflow_operators.py
[2024-09-23T19:09:51.912+0100] {logging_mixin.py:190} INFO - [2024-09-23T19:09:51.912+0100] {dag.py:3239} INFO - Sync 1 DAGs
[2024-09-23T19:09:51.922+0100] {logging_mixin.py:190} INFO - [2024-09-23T19:09:51.921+0100] {dag.py:4180} INFO - Setting next_dagrun for example_dynamic_task_mapping_with_no_taskflow_operators to None, run_after=None
[2024-09-23T19:09:51.937+0100] {processor.py:208} INFO - Processing /Users/rtewelde/airflow_venv/lib/python3.11/site-packages/airflow/example_dags/example_dynamic_task_mapping_with_no_taskflow_operators.py took 0.196 seconds
[2024-09-23T19:14:21.003+0100] {processor.py:186} INFO - Started process (PID=40502) to work on /Users/rtewelde/airflow_venv/lib/python3.11/site-packages/airflow/example_dags/example_dynamic_task_mapping_with_no_taskflow_operators.py
[2024-09-23T19:14:21.005+0100] {processor.py:914} INFO - Processing file /Users/rtewelde/airflow_venv/lib/python3.11/site-packages/airflow/example_dags/example_dynamic_task_mapping_with_no_taskflow_operators.py for tasks to queue
[2024-09-23T19:14:21.007+0100] {logging_mixin.py:190} INFO - [2024-09-23T19:14:21.006+0100] {dagbag.py:588} INFO - Filling up the DagBag from /Users/rtewelde/airflow_venv/lib/python3.11/site-packages/airflow/example_dags/example_dynamic_task_mapping_with_no_taskflow_operators.py
[2024-09-23T19:14:21.014+0100] {processor.py:925} INFO - DAG(s) 'example_dynamic_task_mapping_with_no_taskflow_operators' retrieved from /Users/rtewelde/airflow_venv/lib/python3.11/site-packages/airflow/example_dags/example_dynamic_task_mapping_with_no_taskflow_operators.py
[2024-09-23T19:14:21.160+0100] {logging_mixin.py:190} INFO - [2024-09-23T19:14:21.160+0100] {dag.py:3239} INFO - Sync 1 DAGs
[2024-09-23T19:14:21.169+0100] {logging_mixin.py:190} INFO - [2024-09-23T19:14:21.169+0100] {dag.py:4180} INFO - Setting next_dagrun for example_dynamic_task_mapping_with_no_taskflow_operators to None, run_after=None
[2024-09-23T19:14:21.187+0100] {processor.py:208} INFO - Processing /Users/rtewelde/airflow_venv/lib/python3.11/site-packages/airflow/example_dags/example_dynamic_task_mapping_with_no_taskflow_operators.py took 0.186 seconds
[2024-09-23T19:18:53.227+0100] {processor.py:186} INFO - Started process (PID=41806) to work on /Users/rtewelde/airflow_venv/lib/python3.11/site-packages/airflow/example_dags/example_dynamic_task_mapping_with_no_taskflow_operators.py
[2024-09-23T19:18:53.228+0100] {processor.py:914} INFO - Processing file /Users/rtewelde/airflow_venv/lib/python3.11/site-packages/airflow/example_dags/example_dynamic_task_mapping_with_no_taskflow_operators.py for tasks to queue
[2024-09-23T19:18:53.229+0100] {logging_mixin.py:190} INFO - [2024-09-23T19:18:53.229+0100] {dagbag.py:588} INFO - Filling up the DagBag from /Users/rtewelde/airflow_venv/lib/python3.11/site-packages/airflow/example_dags/example_dynamic_task_mapping_with_no_taskflow_operators.py
[2024-09-23T19:18:53.237+0100] {processor.py:925} INFO - DAG(s) 'example_dynamic_task_mapping_with_no_taskflow_operators' retrieved from /Users/rtewelde/airflow_venv/lib/python3.11/site-packages/airflow/example_dags/example_dynamic_task_mapping_with_no_taskflow_operators.py
[2024-09-23T19:18:53.386+0100] {logging_mixin.py:190} INFO - [2024-09-23T19:18:53.385+0100] {dag.py:3239} INFO - Sync 1 DAGs
[2024-09-23T19:18:53.395+0100] {logging_mixin.py:190} INFO - [2024-09-23T19:18:53.395+0100] {dag.py:4180} INFO - Setting next_dagrun for example_dynamic_task_mapping_with_no_taskflow_operators to None, run_after=None
[2024-09-23T19:18:53.410+0100] {processor.py:208} INFO - Processing /Users/rtewelde/airflow_venv/lib/python3.11/site-packages/airflow/example_dags/example_dynamic_task_mapping_with_no_taskflow_operators.py took 0.186 seconds
[2024-09-23T19:23:25.121+0100] {processor.py:186} INFO - Started process (PID=43099) to work on /Users/rtewelde/airflow_venv/lib/python3.11/site-packages/airflow/example_dags/example_dynamic_task_mapping_with_no_taskflow_operators.py
[2024-09-23T19:23:25.121+0100] {processor.py:914} INFO - Processing file /Users/rtewelde/airflow_venv/lib/python3.11/site-packages/airflow/example_dags/example_dynamic_task_mapping_with_no_taskflow_operators.py for tasks to queue
[2024-09-23T19:23:25.122+0100] {logging_mixin.py:190} INFO - [2024-09-23T19:23:25.122+0100] {dagbag.py:588} INFO - Filling up the DagBag from /Users/rtewelde/airflow_venv/lib/python3.11/site-packages/airflow/example_dags/example_dynamic_task_mapping_with_no_taskflow_operators.py
[2024-09-23T19:23:25.129+0100] {processor.py:925} INFO - DAG(s) 'example_dynamic_task_mapping_with_no_taskflow_operators' retrieved from /Users/rtewelde/airflow_venv/lib/python3.11/site-packages/airflow/example_dags/example_dynamic_task_mapping_with_no_taskflow_operators.py
[2024-09-23T19:23:25.280+0100] {logging_mixin.py:190} INFO - [2024-09-23T19:23:25.280+0100] {dag.py:3239} INFO - Sync 1 DAGs
[2024-09-23T19:23:25.289+0100] {logging_mixin.py:190} INFO - [2024-09-23T19:23:25.289+0100] {dag.py:4180} INFO - Setting next_dagrun for example_dynamic_task_mapping_with_no_taskflow_operators to None, run_after=None
[2024-09-23T19:23:25.304+0100] {processor.py:208} INFO - Processing /Users/rtewelde/airflow_venv/lib/python3.11/site-packages/airflow/example_dags/example_dynamic_task_mapping_with_no_taskflow_operators.py took 0.186 seconds
[2024-09-23T19:27:57.905+0100] {processor.py:186} INFO - Started process (PID=44388) to work on /Users/rtewelde/airflow_venv/lib/python3.11/site-packages/airflow/example_dags/example_dynamic_task_mapping_with_no_taskflow_operators.py
[2024-09-23T19:27:57.906+0100] {processor.py:914} INFO - Processing file /Users/rtewelde/airflow_venv/lib/python3.11/site-packages/airflow/example_dags/example_dynamic_task_mapping_with_no_taskflow_operators.py for tasks to queue
[2024-09-23T19:27:57.906+0100] {logging_mixin.py:190} INFO - [2024-09-23T19:27:57.906+0100] {dagbag.py:588} INFO - Filling up the DagBag from /Users/rtewelde/airflow_venv/lib/python3.11/site-packages/airflow/example_dags/example_dynamic_task_mapping_with_no_taskflow_operators.py
[2024-09-23T19:27:57.913+0100] {processor.py:925} INFO - DAG(s) 'example_dynamic_task_mapping_with_no_taskflow_operators' retrieved from /Users/rtewelde/airflow_venv/lib/python3.11/site-packages/airflow/example_dags/example_dynamic_task_mapping_with_no_taskflow_operators.py
[2024-09-23T19:27:58.073+0100] {logging_mixin.py:190} INFO - [2024-09-23T19:27:58.072+0100] {dag.py:3239} INFO - Sync 1 DAGs
[2024-09-23T19:27:58.082+0100] {logging_mixin.py:190} INFO - [2024-09-23T19:27:58.082+0100] {dag.py:4180} INFO - Setting next_dagrun for example_dynamic_task_mapping_with_no_taskflow_operators to None, run_after=None
[2024-09-23T19:27:58.097+0100] {processor.py:208} INFO - Processing /Users/rtewelde/airflow_venv/lib/python3.11/site-packages/airflow/example_dags/example_dynamic_task_mapping_with_no_taskflow_operators.py took 0.195 seconds
[2024-09-23T19:32:28.485+0100] {processor.py:186} INFO - Started process (PID=45652) to work on /Users/rtewelde/airflow_venv/lib/python3.11/site-packages/airflow/example_dags/example_dynamic_task_mapping_with_no_taskflow_operators.py
[2024-09-23T19:32:28.486+0100] {processor.py:914} INFO - Processing file /Users/rtewelde/airflow_venv/lib/python3.11/site-packages/airflow/example_dags/example_dynamic_task_mapping_with_no_taskflow_operators.py for tasks to queue
[2024-09-23T19:32:28.487+0100] {logging_mixin.py:190} INFO - [2024-09-23T19:32:28.487+0100] {dagbag.py:588} INFO - Filling up the DagBag from /Users/rtewelde/airflow_venv/lib/python3.11/site-packages/airflow/example_dags/example_dynamic_task_mapping_with_no_taskflow_operators.py
[2024-09-23T19:32:28.494+0100] {processor.py:925} INFO - DAG(s) 'example_dynamic_task_mapping_with_no_taskflow_operators' retrieved from /Users/rtewelde/airflow_venv/lib/python3.11/site-packages/airflow/example_dags/example_dynamic_task_mapping_with_no_taskflow_operators.py
[2024-09-23T19:32:28.650+0100] {logging_mixin.py:190} INFO - [2024-09-23T19:32:28.649+0100] {dag.py:3239} INFO - Sync 1 DAGs
[2024-09-23T19:32:28.660+0100] {logging_mixin.py:190} INFO - [2024-09-23T19:32:28.659+0100] {dag.py:4180} INFO - Setting next_dagrun for example_dynamic_task_mapping_with_no_taskflow_operators to None, run_after=None
[2024-09-23T19:32:28.676+0100] {processor.py:208} INFO - Processing /Users/rtewelde/airflow_venv/lib/python3.11/site-packages/airflow/example_dags/example_dynamic_task_mapping_with_no_taskflow_operators.py took 0.193 seconds
[2024-09-23T19:36:59.248+0100] {processor.py:186} INFO - Started process (PID=46919) to work on /Users/rtewelde/airflow_venv/lib/python3.11/site-packages/airflow/example_dags/example_dynamic_task_mapping_with_no_taskflow_operators.py
[2024-09-23T19:36:59.249+0100] {processor.py:914} INFO - Processing file /Users/rtewelde/airflow_venv/lib/python3.11/site-packages/airflow/example_dags/example_dynamic_task_mapping_with_no_taskflow_operators.py for tasks to queue
[2024-09-23T19:36:59.250+0100] {logging_mixin.py:190} INFO - [2024-09-23T19:36:59.250+0100] {dagbag.py:588} INFO - Filling up the DagBag from /Users/rtewelde/airflow_venv/lib/python3.11/site-packages/airflow/example_dags/example_dynamic_task_mapping_with_no_taskflow_operators.py
[2024-09-23T19:36:59.257+0100] {processor.py:925} INFO - DAG(s) 'example_dynamic_task_mapping_with_no_taskflow_operators' retrieved from /Users/rtewelde/airflow_venv/lib/python3.11/site-packages/airflow/example_dags/example_dynamic_task_mapping_with_no_taskflow_operators.py
[2024-09-23T19:36:59.404+0100] {logging_mixin.py:190} INFO - [2024-09-23T19:36:59.403+0100] {dag.py:3239} INFO - Sync 1 DAGs
[2024-09-23T19:36:59.414+0100] {logging_mixin.py:190} INFO - [2024-09-23T19:36:59.414+0100] {dag.py:4180} INFO - Setting next_dagrun for example_dynamic_task_mapping_with_no_taskflow_operators to None, run_after=None
[2024-09-23T19:36:59.431+0100] {processor.py:208} INFO - Processing /Users/rtewelde/airflow_venv/lib/python3.11/site-packages/airflow/example_dags/example_dynamic_task_mapping_with_no_taskflow_operators.py took 0.185 seconds
[2024-09-23T19:41:25.736+0100] {processor.py:186} INFO - Started process (PID=48154) to work on /Users/rtewelde/airflow_venv/lib/python3.11/site-packages/airflow/example_dags/example_dynamic_task_mapping_with_no_taskflow_operators.py
[2024-09-23T19:41:25.737+0100] {processor.py:914} INFO - Processing file /Users/rtewelde/airflow_venv/lib/python3.11/site-packages/airflow/example_dags/example_dynamic_task_mapping_with_no_taskflow_operators.py for tasks to queue
[2024-09-23T19:41:25.737+0100] {logging_mixin.py:190} INFO - [2024-09-23T19:41:25.737+0100] {dagbag.py:588} INFO - Filling up the DagBag from /Users/rtewelde/airflow_venv/lib/python3.11/site-packages/airflow/example_dags/example_dynamic_task_mapping_with_no_taskflow_operators.py
[2024-09-23T19:41:25.744+0100] {processor.py:925} INFO - DAG(s) 'example_dynamic_task_mapping_with_no_taskflow_operators' retrieved from /Users/rtewelde/airflow_venv/lib/python3.11/site-packages/airflow/example_dags/example_dynamic_task_mapping_with_no_taskflow_operators.py
[2024-09-23T19:41:25.890+0100] {logging_mixin.py:190} INFO - [2024-09-23T19:41:25.890+0100] {dag.py:3239} INFO - Sync 1 DAGs
[2024-09-23T19:41:25.901+0100] {logging_mixin.py:190} INFO - [2024-09-23T19:41:25.901+0100] {dag.py:4180} INFO - Setting next_dagrun for example_dynamic_task_mapping_with_no_taskflow_operators to None, run_after=None
[2024-09-23T19:41:25.917+0100] {processor.py:208} INFO - Processing /Users/rtewelde/airflow_venv/lib/python3.11/site-packages/airflow/example_dags/example_dynamic_task_mapping_with_no_taskflow_operators.py took 0.183 seconds
[2024-09-23T19:45:56.023+0100] {processor.py:186} INFO - Started process (PID=49399) to work on /Users/rtewelde/airflow_venv/lib/python3.11/site-packages/airflow/example_dags/example_dynamic_task_mapping_with_no_taskflow_operators.py
[2024-09-23T19:45:56.023+0100] {processor.py:914} INFO - Processing file /Users/rtewelde/airflow_venv/lib/python3.11/site-packages/airflow/example_dags/example_dynamic_task_mapping_with_no_taskflow_operators.py for tasks to queue
[2024-09-23T19:45:56.024+0100] {logging_mixin.py:190} INFO - [2024-09-23T19:45:56.024+0100] {dagbag.py:588} INFO - Filling up the DagBag from /Users/rtewelde/airflow_venv/lib/python3.11/site-packages/airflow/example_dags/example_dynamic_task_mapping_with_no_taskflow_operators.py
[2024-09-23T19:45:56.031+0100] {processor.py:925} INFO - DAG(s) 'example_dynamic_task_mapping_with_no_taskflow_operators' retrieved from /Users/rtewelde/airflow_venv/lib/python3.11/site-packages/airflow/example_dags/example_dynamic_task_mapping_with_no_taskflow_operators.py
[2024-09-23T19:45:56.176+0100] {logging_mixin.py:190} INFO - [2024-09-23T19:45:56.176+0100] {dag.py:3239} INFO - Sync 1 DAGs
[2024-09-23T19:45:56.185+0100] {logging_mixin.py:190} INFO - [2024-09-23T19:45:56.185+0100] {dag.py:4180} INFO - Setting next_dagrun for example_dynamic_task_mapping_with_no_taskflow_operators to None, run_after=None
[2024-09-23T19:45:56.202+0100] {processor.py:208} INFO - Processing /Users/rtewelde/airflow_venv/lib/python3.11/site-packages/airflow/example_dags/example_dynamic_task_mapping_with_no_taskflow_operators.py took 0.182 seconds
[2024-09-23T19:50:25.709+0100] {processor.py:186} INFO - Started process (PID=50644) to work on /Users/rtewelde/airflow_venv/lib/python3.11/site-packages/airflow/example_dags/example_dynamic_task_mapping_with_no_taskflow_operators.py
[2024-09-23T19:50:25.710+0100] {processor.py:914} INFO - Processing file /Users/rtewelde/airflow_venv/lib/python3.11/site-packages/airflow/example_dags/example_dynamic_task_mapping_with_no_taskflow_operators.py for tasks to queue
[2024-09-23T19:50:25.710+0100] {logging_mixin.py:190} INFO - [2024-09-23T19:50:25.710+0100] {dagbag.py:588} INFO - Filling up the DagBag from /Users/rtewelde/airflow_venv/lib/python3.11/site-packages/airflow/example_dags/example_dynamic_task_mapping_with_no_taskflow_operators.py
[2024-09-23T19:50:25.718+0100] {processor.py:925} INFO - DAG(s) 'example_dynamic_task_mapping_with_no_taskflow_operators' retrieved from /Users/rtewelde/airflow_venv/lib/python3.11/site-packages/airflow/example_dags/example_dynamic_task_mapping_with_no_taskflow_operators.py
[2024-09-23T19:50:25.859+0100] {logging_mixin.py:190} INFO - [2024-09-23T19:50:25.858+0100] {dag.py:3239} INFO - Sync 1 DAGs
[2024-09-23T19:50:25.868+0100] {logging_mixin.py:190} INFO - [2024-09-23T19:50:25.868+0100] {dag.py:4180} INFO - Setting next_dagrun for example_dynamic_task_mapping_with_no_taskflow_operators to None, run_after=None
[2024-09-23T19:50:25.883+0100] {processor.py:208} INFO - Processing /Users/rtewelde/airflow_venv/lib/python3.11/site-packages/airflow/example_dags/example_dynamic_task_mapping_with_no_taskflow_operators.py took 0.177 seconds
[2024-09-23T19:54:53.921+0100] {processor.py:186} INFO - Started process (PID=51872) to work on /Users/rtewelde/airflow_venv/lib/python3.11/site-packages/airflow/example_dags/example_dynamic_task_mapping_with_no_taskflow_operators.py
[2024-09-23T19:54:53.922+0100] {processor.py:914} INFO - Processing file /Users/rtewelde/airflow_venv/lib/python3.11/site-packages/airflow/example_dags/example_dynamic_task_mapping_with_no_taskflow_operators.py for tasks to queue
[2024-09-23T19:54:53.923+0100] {logging_mixin.py:190} INFO - [2024-09-23T19:54:53.923+0100] {dagbag.py:588} INFO - Filling up the DagBag from /Users/rtewelde/airflow_venv/lib/python3.11/site-packages/airflow/example_dags/example_dynamic_task_mapping_with_no_taskflow_operators.py
[2024-09-23T19:54:53.931+0100] {processor.py:925} INFO - DAG(s) 'example_dynamic_task_mapping_with_no_taskflow_operators' retrieved from /Users/rtewelde/airflow_venv/lib/python3.11/site-packages/airflow/example_dags/example_dynamic_task_mapping_with_no_taskflow_operators.py
[2024-09-23T19:54:54.090+0100] {logging_mixin.py:190} INFO - [2024-09-23T19:54:54.089+0100] {dag.py:3239} INFO - Sync 1 DAGs
[2024-09-23T19:54:54.100+0100] {logging_mixin.py:190} INFO - [2024-09-23T19:54:54.100+0100] {dag.py:4180} INFO - Setting next_dagrun for example_dynamic_task_mapping_with_no_taskflow_operators to None, run_after=None
[2024-09-23T19:54:54.121+0100] {processor.py:208} INFO - Processing /Users/rtewelde/airflow_venv/lib/python3.11/site-packages/airflow/example_dags/example_dynamic_task_mapping_with_no_taskflow_operators.py took 0.202 seconds
[2024-09-23T19:59:22.706+0100] {processor.py:186} INFO - Started process (PID=53116) to work on /Users/rtewelde/airflow_venv/lib/python3.11/site-packages/airflow/example_dags/example_dynamic_task_mapping_with_no_taskflow_operators.py
[2024-09-23T19:59:22.707+0100] {processor.py:914} INFO - Processing file /Users/rtewelde/airflow_venv/lib/python3.11/site-packages/airflow/example_dags/example_dynamic_task_mapping_with_no_taskflow_operators.py for tasks to queue
[2024-09-23T19:59:22.708+0100] {logging_mixin.py:190} INFO - [2024-09-23T19:59:22.708+0100] {dagbag.py:588} INFO - Filling up the DagBag from /Users/rtewelde/airflow_venv/lib/python3.11/site-packages/airflow/example_dags/example_dynamic_task_mapping_with_no_taskflow_operators.py
[2024-09-23T19:59:22.715+0100] {processor.py:925} INFO - DAG(s) 'example_dynamic_task_mapping_with_no_taskflow_operators' retrieved from /Users/rtewelde/airflow_venv/lib/python3.11/site-packages/airflow/example_dags/example_dynamic_task_mapping_with_no_taskflow_operators.py
[2024-09-23T19:59:22.865+0100] {logging_mixin.py:190} INFO - [2024-09-23T19:59:22.864+0100] {dag.py:3239} INFO - Sync 1 DAGs
[2024-09-23T19:59:22.873+0100] {logging_mixin.py:190} INFO - [2024-09-23T19:59:22.873+0100] {dag.py:4180} INFO - Setting next_dagrun for example_dynamic_task_mapping_with_no_taskflow_operators to None, run_after=None
[2024-09-23T19:59:22.888+0100] {processor.py:208} INFO - Processing /Users/rtewelde/airflow_venv/lib/python3.11/site-packages/airflow/example_dags/example_dynamic_task_mapping_with_no_taskflow_operators.py took 0.184 seconds
[2024-09-23T20:03:42.487+0100] {processor.py:186} INFO - Started process (PID=54321) to work on /Users/rtewelde/airflow_venv/lib/python3.11/site-packages/airflow/example_dags/example_dynamic_task_mapping_with_no_taskflow_operators.py
[2024-09-23T20:03:42.488+0100] {processor.py:914} INFO - Processing file /Users/rtewelde/airflow_venv/lib/python3.11/site-packages/airflow/example_dags/example_dynamic_task_mapping_with_no_taskflow_operators.py for tasks to queue
[2024-09-23T20:03:42.489+0100] {logging_mixin.py:190} INFO - [2024-09-23T20:03:42.489+0100] {dagbag.py:588} INFO - Filling up the DagBag from /Users/rtewelde/airflow_venv/lib/python3.11/site-packages/airflow/example_dags/example_dynamic_task_mapping_with_no_taskflow_operators.py
[2024-09-23T20:03:42.496+0100] {processor.py:925} INFO - DAG(s) 'example_dynamic_task_mapping_with_no_taskflow_operators' retrieved from /Users/rtewelde/airflow_venv/lib/python3.11/site-packages/airflow/example_dags/example_dynamic_task_mapping_with_no_taskflow_operators.py
[2024-09-23T20:03:42.648+0100] {logging_mixin.py:190} INFO - [2024-09-23T20:03:42.648+0100] {dag.py:3239} INFO - Sync 1 DAGs
[2024-09-23T20:03:42.658+0100] {logging_mixin.py:190} INFO - [2024-09-23T20:03:42.658+0100] {dag.py:4180} INFO - Setting next_dagrun for example_dynamic_task_mapping_with_no_taskflow_operators to None, run_after=None
[2024-09-23T20:03:42.674+0100] {processor.py:208} INFO - Processing /Users/rtewelde/airflow_venv/lib/python3.11/site-packages/airflow/example_dags/example_dynamic_task_mapping_with_no_taskflow_operators.py took 0.189 seconds
[2024-09-23T20:08:10.551+0100] {processor.py:186} INFO - Started process (PID=55571) to work on /Users/rtewelde/airflow_venv/lib/python3.11/site-packages/airflow/example_dags/example_dynamic_task_mapping_with_no_taskflow_operators.py
[2024-09-23T20:08:10.552+0100] {processor.py:914} INFO - Processing file /Users/rtewelde/airflow_venv/lib/python3.11/site-packages/airflow/example_dags/example_dynamic_task_mapping_with_no_taskflow_operators.py for tasks to queue
[2024-09-23T20:08:10.553+0100] {logging_mixin.py:190} INFO - [2024-09-23T20:08:10.553+0100] {dagbag.py:588} INFO - Filling up the DagBag from /Users/rtewelde/airflow_venv/lib/python3.11/site-packages/airflow/example_dags/example_dynamic_task_mapping_with_no_taskflow_operators.py
[2024-09-23T20:08:10.559+0100] {processor.py:925} INFO - DAG(s) 'example_dynamic_task_mapping_with_no_taskflow_operators' retrieved from /Users/rtewelde/airflow_venv/lib/python3.11/site-packages/airflow/example_dags/example_dynamic_task_mapping_with_no_taskflow_operators.py
[2024-09-23T20:08:10.705+0100] {logging_mixin.py:190} INFO - [2024-09-23T20:08:10.704+0100] {dag.py:3239} INFO - Sync 1 DAGs
[2024-09-23T20:08:10.715+0100] {logging_mixin.py:190} INFO - [2024-09-23T20:08:10.715+0100] {dag.py:4180} INFO - Setting next_dagrun for example_dynamic_task_mapping_with_no_taskflow_operators to None, run_after=None
[2024-09-23T20:08:10.731+0100] {processor.py:208} INFO - Processing /Users/rtewelde/airflow_venv/lib/python3.11/site-packages/airflow/example_dags/example_dynamic_task_mapping_with_no_taskflow_operators.py took 0.182 seconds
[2024-09-23T20:12:40.381+0100] {processor.py:186} INFO - Started process (PID=56813) to work on /Users/rtewelde/airflow_venv/lib/python3.11/site-packages/airflow/example_dags/example_dynamic_task_mapping_with_no_taskflow_operators.py
[2024-09-23T20:12:40.382+0100] {processor.py:914} INFO - Processing file /Users/rtewelde/airflow_venv/lib/python3.11/site-packages/airflow/example_dags/example_dynamic_task_mapping_with_no_taskflow_operators.py for tasks to queue
[2024-09-23T20:12:40.383+0100] {logging_mixin.py:190} INFO - [2024-09-23T20:12:40.383+0100] {dagbag.py:588} INFO - Filling up the DagBag from /Users/rtewelde/airflow_venv/lib/python3.11/site-packages/airflow/example_dags/example_dynamic_task_mapping_with_no_taskflow_operators.py
[2024-09-23T20:12:40.390+0100] {processor.py:925} INFO - DAG(s) 'example_dynamic_task_mapping_with_no_taskflow_operators' retrieved from /Users/rtewelde/airflow_venv/lib/python3.11/site-packages/airflow/example_dags/example_dynamic_task_mapping_with_no_taskflow_operators.py
[2024-09-23T20:12:40.541+0100] {logging_mixin.py:190} INFO - [2024-09-23T20:12:40.540+0100] {dag.py:3239} INFO - Sync 1 DAGs
[2024-09-23T20:12:40.550+0100] {logging_mixin.py:190} INFO - [2024-09-23T20:12:40.549+0100] {dag.py:4180} INFO - Setting next_dagrun for example_dynamic_task_mapping_with_no_taskflow_operators to None, run_after=None
[2024-09-23T20:12:40.566+0100] {processor.py:208} INFO - Processing /Users/rtewelde/airflow_venv/lib/python3.11/site-packages/airflow/example_dags/example_dynamic_task_mapping_with_no_taskflow_operators.py took 0.187 seconds
[2024-09-23T20:17:10.732+0100] {processor.py:186} INFO - Started process (PID=58069) to work on /Users/rtewelde/airflow_venv/lib/python3.11/site-packages/airflow/example_dags/example_dynamic_task_mapping_with_no_taskflow_operators.py
[2024-09-23T20:17:10.733+0100] {processor.py:914} INFO - Processing file /Users/rtewelde/airflow_venv/lib/python3.11/site-packages/airflow/example_dags/example_dynamic_task_mapping_with_no_taskflow_operators.py for tasks to queue
[2024-09-23T20:17:10.734+0100] {logging_mixin.py:190} INFO - [2024-09-23T20:17:10.734+0100] {dagbag.py:588} INFO - Filling up the DagBag from /Users/rtewelde/airflow_venv/lib/python3.11/site-packages/airflow/example_dags/example_dynamic_task_mapping_with_no_taskflow_operators.py
[2024-09-23T20:17:10.742+0100] {processor.py:925} INFO - DAG(s) 'example_dynamic_task_mapping_with_no_taskflow_operators' retrieved from /Users/rtewelde/airflow_venv/lib/python3.11/site-packages/airflow/example_dags/example_dynamic_task_mapping_with_no_taskflow_operators.py
[2024-09-23T20:17:10.896+0100] {logging_mixin.py:190} INFO - [2024-09-23T20:17:10.895+0100] {dag.py:3239} INFO - Sync 1 DAGs
[2024-09-23T20:17:10.905+0100] {logging_mixin.py:190} INFO - [2024-09-23T20:17:10.905+0100] {dag.py:4180} INFO - Setting next_dagrun for example_dynamic_task_mapping_with_no_taskflow_operators to None, run_after=None
[2024-09-23T20:17:10.921+0100] {processor.py:208} INFO - Processing /Users/rtewelde/airflow_venv/lib/python3.11/site-packages/airflow/example_dags/example_dynamic_task_mapping_with_no_taskflow_operators.py took 0.192 seconds
[2024-09-23T20:21:47.171+0100] {processor.py:186} INFO - Started process (PID=59372) to work on /Users/rtewelde/airflow_venv/lib/python3.11/site-packages/airflow/example_dags/example_dynamic_task_mapping_with_no_taskflow_operators.py
[2024-09-23T20:21:47.173+0100] {processor.py:914} INFO - Processing file /Users/rtewelde/airflow_venv/lib/python3.11/site-packages/airflow/example_dags/example_dynamic_task_mapping_with_no_taskflow_operators.py for tasks to queue
[2024-09-23T20:21:47.174+0100] {logging_mixin.py:190} INFO - [2024-09-23T20:21:47.174+0100] {dagbag.py:588} INFO - Filling up the DagBag from /Users/rtewelde/airflow_venv/lib/python3.11/site-packages/airflow/example_dags/example_dynamic_task_mapping_with_no_taskflow_operators.py
[2024-09-23T20:21:47.183+0100] {processor.py:925} INFO - DAG(s) 'example_dynamic_task_mapping_with_no_taskflow_operators' retrieved from /Users/rtewelde/airflow_venv/lib/python3.11/site-packages/airflow/example_dags/example_dynamic_task_mapping_with_no_taskflow_operators.py
[2024-09-23T20:21:47.332+0100] {logging_mixin.py:190} INFO - [2024-09-23T20:21:47.331+0100] {dag.py:3239} INFO - Sync 1 DAGs
[2024-09-23T20:21:47.341+0100] {logging_mixin.py:190} INFO - [2024-09-23T20:21:47.341+0100] {dag.py:4180} INFO - Setting next_dagrun for example_dynamic_task_mapping_with_no_taskflow_operators to None, run_after=None
[2024-09-23T20:21:47.358+0100] {processor.py:208} INFO - Processing /Users/rtewelde/airflow_venv/lib/python3.11/site-packages/airflow/example_dags/example_dynamic_task_mapping_with_no_taskflow_operators.py took 0.189 seconds
[2024-09-23T20:26:19.752+0100] {processor.py:186} INFO - Started process (PID=60625) to work on /Users/rtewelde/airflow_venv/lib/python3.11/site-packages/airflow/example_dags/example_dynamic_task_mapping_with_no_taskflow_operators.py
[2024-09-23T20:26:19.753+0100] {processor.py:914} INFO - Processing file /Users/rtewelde/airflow_venv/lib/python3.11/site-packages/airflow/example_dags/example_dynamic_task_mapping_with_no_taskflow_operators.py for tasks to queue
[2024-09-23T20:26:19.754+0100] {logging_mixin.py:190} INFO - [2024-09-23T20:26:19.754+0100] {dagbag.py:588} INFO - Filling up the DagBag from /Users/rtewelde/airflow_venv/lib/python3.11/site-packages/airflow/example_dags/example_dynamic_task_mapping_with_no_taskflow_operators.py
[2024-09-23T20:26:19.762+0100] {processor.py:925} INFO - DAG(s) 'example_dynamic_task_mapping_with_no_taskflow_operators' retrieved from /Users/rtewelde/airflow_venv/lib/python3.11/site-packages/airflow/example_dags/example_dynamic_task_mapping_with_no_taskflow_operators.py
[2024-09-23T20:26:19.919+0100] {logging_mixin.py:190} INFO - [2024-09-23T20:26:19.918+0100] {dag.py:3239} INFO - Sync 1 DAGs
[2024-09-23T20:26:19.929+0100] {logging_mixin.py:190} INFO - [2024-09-23T20:26:19.929+0100] {dag.py:4180} INFO - Setting next_dagrun for example_dynamic_task_mapping_with_no_taskflow_operators to None, run_after=None
[2024-09-23T20:26:19.944+0100] {processor.py:208} INFO - Processing /Users/rtewelde/airflow_venv/lib/python3.11/site-packages/airflow/example_dags/example_dynamic_task_mapping_with_no_taskflow_operators.py took 0.195 seconds
[2024-09-23T20:30:50.012+0100] {processor.py:186} INFO - Started process (PID=61898) to work on /Users/rtewelde/airflow_venv/lib/python3.11/site-packages/airflow/example_dags/example_dynamic_task_mapping_with_no_taskflow_operators.py
[2024-09-23T20:30:50.013+0100] {processor.py:914} INFO - Processing file /Users/rtewelde/airflow_venv/lib/python3.11/site-packages/airflow/example_dags/example_dynamic_task_mapping_with_no_taskflow_operators.py for tasks to queue
[2024-09-23T20:30:50.014+0100] {logging_mixin.py:190} INFO - [2024-09-23T20:30:50.013+0100] {dagbag.py:588} INFO - Filling up the DagBag from /Users/rtewelde/airflow_venv/lib/python3.11/site-packages/airflow/example_dags/example_dynamic_task_mapping_with_no_taskflow_operators.py
[2024-09-23T20:30:50.020+0100] {processor.py:925} INFO - DAG(s) 'example_dynamic_task_mapping_with_no_taskflow_operators' retrieved from /Users/rtewelde/airflow_venv/lib/python3.11/site-packages/airflow/example_dags/example_dynamic_task_mapping_with_no_taskflow_operators.py
[2024-09-23T20:30:50.170+0100] {logging_mixin.py:190} INFO - [2024-09-23T20:30:50.170+0100] {dag.py:3239} INFO - Sync 1 DAGs
[2024-09-23T20:30:50.180+0100] {logging_mixin.py:190} INFO - [2024-09-23T20:30:50.180+0100] {dag.py:4180} INFO - Setting next_dagrun for example_dynamic_task_mapping_with_no_taskflow_operators to None, run_after=None
[2024-09-23T20:30:50.196+0100] {processor.py:208} INFO - Processing /Users/rtewelde/airflow_venv/lib/python3.11/site-packages/airflow/example_dags/example_dynamic_task_mapping_with_no_taskflow_operators.py took 0.186 seconds
[2024-09-23T20:35:15.094+0100] {processor.py:186} INFO - Started process (PID=63115) to work on /Users/rtewelde/airflow_venv/lib/python3.11/site-packages/airflow/example_dags/example_dynamic_task_mapping_with_no_taskflow_operators.py
[2024-09-23T20:35:15.095+0100] {processor.py:914} INFO - Processing file /Users/rtewelde/airflow_venv/lib/python3.11/site-packages/airflow/example_dags/example_dynamic_task_mapping_with_no_taskflow_operators.py for tasks to queue
[2024-09-23T20:35:15.096+0100] {logging_mixin.py:190} INFO - [2024-09-23T20:35:15.096+0100] {dagbag.py:588} INFO - Filling up the DagBag from /Users/rtewelde/airflow_venv/lib/python3.11/site-packages/airflow/example_dags/example_dynamic_task_mapping_with_no_taskflow_operators.py
[2024-09-23T20:35:15.103+0100] {processor.py:925} INFO - DAG(s) 'example_dynamic_task_mapping_with_no_taskflow_operators' retrieved from /Users/rtewelde/airflow_venv/lib/python3.11/site-packages/airflow/example_dags/example_dynamic_task_mapping_with_no_taskflow_operators.py
[2024-09-23T20:35:15.248+0100] {logging_mixin.py:190} INFO - [2024-09-23T20:35:15.248+0100] {dag.py:3239} INFO - Sync 1 DAGs
[2024-09-23T20:35:15.258+0100] {logging_mixin.py:190} INFO - [2024-09-23T20:35:15.258+0100] {dag.py:4180} INFO - Setting next_dagrun for example_dynamic_task_mapping_with_no_taskflow_operators to None, run_after=None
[2024-09-23T20:35:15.275+0100] {processor.py:208} INFO - Processing /Users/rtewelde/airflow_venv/lib/python3.11/site-packages/airflow/example_dags/example_dynamic_task_mapping_with_no_taskflow_operators.py took 0.183 seconds
[2024-09-23T20:39:45.659+0100] {processor.py:186} INFO - Started process (PID=64372) to work on /Users/rtewelde/airflow_venv/lib/python3.11/site-packages/airflow/example_dags/example_dynamic_task_mapping_with_no_taskflow_operators.py
[2024-09-23T20:39:45.660+0100] {processor.py:914} INFO - Processing file /Users/rtewelde/airflow_venv/lib/python3.11/site-packages/airflow/example_dags/example_dynamic_task_mapping_with_no_taskflow_operators.py for tasks to queue
[2024-09-23T20:39:45.661+0100] {logging_mixin.py:190} INFO - [2024-09-23T20:39:45.661+0100] {dagbag.py:588} INFO - Filling up the DagBag from /Users/rtewelde/airflow_venv/lib/python3.11/site-packages/airflow/example_dags/example_dynamic_task_mapping_with_no_taskflow_operators.py
[2024-09-23T20:39:45.667+0100] {processor.py:925} INFO - DAG(s) 'example_dynamic_task_mapping_with_no_taskflow_operators' retrieved from /Users/rtewelde/airflow_venv/lib/python3.11/site-packages/airflow/example_dags/example_dynamic_task_mapping_with_no_taskflow_operators.py
[2024-09-23T20:39:45.820+0100] {logging_mixin.py:190} INFO - [2024-09-23T20:39:45.819+0100] {dag.py:3239} INFO - Sync 1 DAGs
[2024-09-23T20:39:45.830+0100] {logging_mixin.py:190} INFO - [2024-09-23T20:39:45.830+0100] {dag.py:4180} INFO - Setting next_dagrun for example_dynamic_task_mapping_with_no_taskflow_operators to None, run_after=None
[2024-09-23T20:39:45.846+0100] {processor.py:208} INFO - Processing /Users/rtewelde/airflow_venv/lib/python3.11/site-packages/airflow/example_dags/example_dynamic_task_mapping_with_no_taskflow_operators.py took 0.189 seconds
[2024-09-23T20:44:19.451+0100] {processor.py:186} INFO - Started process (PID=65633) to work on /Users/rtewelde/airflow_venv/lib/python3.11/site-packages/airflow/example_dags/example_dynamic_task_mapping_with_no_taskflow_operators.py
[2024-09-23T20:44:19.452+0100] {processor.py:914} INFO - Processing file /Users/rtewelde/airflow_venv/lib/python3.11/site-packages/airflow/example_dags/example_dynamic_task_mapping_with_no_taskflow_operators.py for tasks to queue
[2024-09-23T20:44:19.453+0100] {logging_mixin.py:190} INFO - [2024-09-23T20:44:19.452+0100] {dagbag.py:588} INFO - Filling up the DagBag from /Users/rtewelde/airflow_venv/lib/python3.11/site-packages/airflow/example_dags/example_dynamic_task_mapping_with_no_taskflow_operators.py
[2024-09-23T20:44:19.459+0100] {processor.py:925} INFO - DAG(s) 'example_dynamic_task_mapping_with_no_taskflow_operators' retrieved from /Users/rtewelde/airflow_venv/lib/python3.11/site-packages/airflow/example_dags/example_dynamic_task_mapping_with_no_taskflow_operators.py
[2024-09-23T20:44:19.608+0100] {logging_mixin.py:190} INFO - [2024-09-23T20:44:19.607+0100] {dag.py:3239} INFO - Sync 1 DAGs
[2024-09-23T20:44:19.616+0100] {logging_mixin.py:190} INFO - [2024-09-23T20:44:19.616+0100] {dag.py:4180} INFO - Setting next_dagrun for example_dynamic_task_mapping_with_no_taskflow_operators to None, run_after=None
[2024-09-23T20:44:19.632+0100] {processor.py:208} INFO - Processing /Users/rtewelde/airflow_venv/lib/python3.11/site-packages/airflow/example_dags/example_dynamic_task_mapping_with_no_taskflow_operators.py took 0.183 seconds
[2024-09-23T20:48:50.075+0100] {processor.py:186} INFO - Started process (PID=66878) to work on /Users/rtewelde/airflow_venv/lib/python3.11/site-packages/airflow/example_dags/example_dynamic_task_mapping_with_no_taskflow_operators.py
[2024-09-23T20:48:50.076+0100] {processor.py:914} INFO - Processing file /Users/rtewelde/airflow_venv/lib/python3.11/site-packages/airflow/example_dags/example_dynamic_task_mapping_with_no_taskflow_operators.py for tasks to queue
[2024-09-23T20:48:50.077+0100] {logging_mixin.py:190} INFO - [2024-09-23T20:48:50.076+0100] {dagbag.py:588} INFO - Filling up the DagBag from /Users/rtewelde/airflow_venv/lib/python3.11/site-packages/airflow/example_dags/example_dynamic_task_mapping_with_no_taskflow_operators.py
[2024-09-23T20:48:50.083+0100] {processor.py:925} INFO - DAG(s) 'example_dynamic_task_mapping_with_no_taskflow_operators' retrieved from /Users/rtewelde/airflow_venv/lib/python3.11/site-packages/airflow/example_dags/example_dynamic_task_mapping_with_no_taskflow_operators.py
[2024-09-23T20:48:50.227+0100] {logging_mixin.py:190} INFO - [2024-09-23T20:48:50.227+0100] {dag.py:3239} INFO - Sync 1 DAGs
[2024-09-23T20:48:50.236+0100] {logging_mixin.py:190} INFO - [2024-09-23T20:48:50.236+0100] {dag.py:4180} INFO - Setting next_dagrun for example_dynamic_task_mapping_with_no_taskflow_operators to None, run_after=None
[2024-09-23T20:48:50.253+0100] {processor.py:208} INFO - Processing /Users/rtewelde/airflow_venv/lib/python3.11/site-packages/airflow/example_dags/example_dynamic_task_mapping_with_no_taskflow_operators.py took 0.181 seconds
[2024-09-23T20:53:19.533+0100] {processor.py:186} INFO - Started process (PID=68121) to work on /Users/rtewelde/airflow_venv/lib/python3.11/site-packages/airflow/example_dags/example_dynamic_task_mapping_with_no_taskflow_operators.py
[2024-09-23T20:53:19.533+0100] {processor.py:914} INFO - Processing file /Users/rtewelde/airflow_venv/lib/python3.11/site-packages/airflow/example_dags/example_dynamic_task_mapping_with_no_taskflow_operators.py for tasks to queue
[2024-09-23T20:53:19.534+0100] {logging_mixin.py:190} INFO - [2024-09-23T20:53:19.534+0100] {dagbag.py:588} INFO - Filling up the DagBag from /Users/rtewelde/airflow_venv/lib/python3.11/site-packages/airflow/example_dags/example_dynamic_task_mapping_with_no_taskflow_operators.py
[2024-09-23T20:53:19.541+0100] {processor.py:925} INFO - DAG(s) 'example_dynamic_task_mapping_with_no_taskflow_operators' retrieved from /Users/rtewelde/airflow_venv/lib/python3.11/site-packages/airflow/example_dags/example_dynamic_task_mapping_with_no_taskflow_operators.py
[2024-09-23T20:53:19.689+0100] {logging_mixin.py:190} INFO - [2024-09-23T20:53:19.689+0100] {dag.py:3239} INFO - Sync 1 DAGs
[2024-09-23T20:53:19.698+0100] {logging_mixin.py:190} INFO - [2024-09-23T20:53:19.698+0100] {dag.py:4180} INFO - Setting next_dagrun for example_dynamic_task_mapping_with_no_taskflow_operators to None, run_after=None
[2024-09-23T20:53:19.713+0100] {processor.py:208} INFO - Processing /Users/rtewelde/airflow_venv/lib/python3.11/site-packages/airflow/example_dags/example_dynamic_task_mapping_with_no_taskflow_operators.py took 0.183 seconds
[2024-09-23T20:57:49.435+0100] {processor.py:186} INFO - Started process (PID=69353) to work on /Users/rtewelde/airflow_venv/lib/python3.11/site-packages/airflow/example_dags/example_dynamic_task_mapping_with_no_taskflow_operators.py
[2024-09-23T20:57:49.436+0100] {processor.py:914} INFO - Processing file /Users/rtewelde/airflow_venv/lib/python3.11/site-packages/airflow/example_dags/example_dynamic_task_mapping_with_no_taskflow_operators.py for tasks to queue
[2024-09-23T20:57:49.437+0100] {logging_mixin.py:190} INFO - [2024-09-23T20:57:49.437+0100] {dagbag.py:588} INFO - Filling up the DagBag from /Users/rtewelde/airflow_venv/lib/python3.11/site-packages/airflow/example_dags/example_dynamic_task_mapping_with_no_taskflow_operators.py
[2024-09-23T20:57:49.447+0100] {processor.py:925} INFO - DAG(s) 'example_dynamic_task_mapping_with_no_taskflow_operators' retrieved from /Users/rtewelde/airflow_venv/lib/python3.11/site-packages/airflow/example_dags/example_dynamic_task_mapping_with_no_taskflow_operators.py
[2024-09-23T20:57:49.605+0100] {logging_mixin.py:190} INFO - [2024-09-23T20:57:49.604+0100] {dag.py:3239} INFO - Sync 1 DAGs
[2024-09-23T20:57:49.615+0100] {logging_mixin.py:190} INFO - [2024-09-23T20:57:49.615+0100] {dag.py:4180} INFO - Setting next_dagrun for example_dynamic_task_mapping_with_no_taskflow_operators to None, run_after=None
[2024-09-23T20:57:49.630+0100] {processor.py:208} INFO - Processing /Users/rtewelde/airflow_venv/lib/python3.11/site-packages/airflow/example_dags/example_dynamic_task_mapping_with_no_taskflow_operators.py took 0.197 seconds
[2024-09-23T21:02:18.467+0100] {processor.py:186} INFO - Started process (PID=70606) to work on /Users/rtewelde/airflow_venv/lib/python3.11/site-packages/airflow/example_dags/example_dynamic_task_mapping_with_no_taskflow_operators.py
[2024-09-23T21:02:18.468+0100] {processor.py:914} INFO - Processing file /Users/rtewelde/airflow_venv/lib/python3.11/site-packages/airflow/example_dags/example_dynamic_task_mapping_with_no_taskflow_operators.py for tasks to queue
[2024-09-23T21:02:18.468+0100] {logging_mixin.py:190} INFO - [2024-09-23T21:02:18.468+0100] {dagbag.py:588} INFO - Filling up the DagBag from /Users/rtewelde/airflow_venv/lib/python3.11/site-packages/airflow/example_dags/example_dynamic_task_mapping_with_no_taskflow_operators.py
[2024-09-23T21:02:18.475+0100] {processor.py:925} INFO - DAG(s) 'example_dynamic_task_mapping_with_no_taskflow_operators' retrieved from /Users/rtewelde/airflow_venv/lib/python3.11/site-packages/airflow/example_dags/example_dynamic_task_mapping_with_no_taskflow_operators.py
[2024-09-23T21:02:18.625+0100] {logging_mixin.py:190} INFO - [2024-09-23T21:02:18.625+0100] {dag.py:3239} INFO - Sync 1 DAGs
[2024-09-23T21:02:18.634+0100] {logging_mixin.py:190} INFO - [2024-09-23T21:02:18.634+0100] {dag.py:4180} INFO - Setting next_dagrun for example_dynamic_task_mapping_with_no_taskflow_operators to None, run_after=None
[2024-09-23T21:02:18.650+0100] {processor.py:208} INFO - Processing /Users/rtewelde/airflow_venv/lib/python3.11/site-packages/airflow/example_dags/example_dynamic_task_mapping_with_no_taskflow_operators.py took 0.185 seconds
[2024-09-23T21:06:43.787+0100] {processor.py:186} INFO - Started process (PID=71825) to work on /Users/rtewelde/airflow_venv/lib/python3.11/site-packages/airflow/example_dags/example_dynamic_task_mapping_with_no_taskflow_operators.py
[2024-09-23T21:06:43.787+0100] {processor.py:914} INFO - Processing file /Users/rtewelde/airflow_venv/lib/python3.11/site-packages/airflow/example_dags/example_dynamic_task_mapping_with_no_taskflow_operators.py for tasks to queue
[2024-09-23T21:06:43.788+0100] {logging_mixin.py:190} INFO - [2024-09-23T21:06:43.788+0100] {dagbag.py:588} INFO - Filling up the DagBag from /Users/rtewelde/airflow_venv/lib/python3.11/site-packages/airflow/example_dags/example_dynamic_task_mapping_with_no_taskflow_operators.py
[2024-09-23T21:06:43.795+0100] {processor.py:925} INFO - DAG(s) 'example_dynamic_task_mapping_with_no_taskflow_operators' retrieved from /Users/rtewelde/airflow_venv/lib/python3.11/site-packages/airflow/example_dags/example_dynamic_task_mapping_with_no_taskflow_operators.py
[2024-09-23T21:06:43.946+0100] {logging_mixin.py:190} INFO - [2024-09-23T21:06:43.946+0100] {dag.py:3239} INFO - Sync 1 DAGs
[2024-09-23T21:06:43.956+0100] {logging_mixin.py:190} INFO - [2024-09-23T21:06:43.955+0100] {dag.py:4180} INFO - Setting next_dagrun for example_dynamic_task_mapping_with_no_taskflow_operators to None, run_after=None
[2024-09-23T21:06:43.972+0100] {processor.py:208} INFO - Processing /Users/rtewelde/airflow_venv/lib/python3.11/site-packages/airflow/example_dags/example_dynamic_task_mapping_with_no_taskflow_operators.py took 0.188 seconds
[2024-09-23T21:11:14.331+0100] {processor.py:186} INFO - Started process (PID=73080) to work on /Users/rtewelde/airflow_venv/lib/python3.11/site-packages/airflow/example_dags/example_dynamic_task_mapping_with_no_taskflow_operators.py
[2024-09-23T21:11:14.332+0100] {processor.py:914} INFO - Processing file /Users/rtewelde/airflow_venv/lib/python3.11/site-packages/airflow/example_dags/example_dynamic_task_mapping_with_no_taskflow_operators.py for tasks to queue
[2024-09-23T21:11:14.333+0100] {logging_mixin.py:190} INFO - [2024-09-23T21:11:14.333+0100] {dagbag.py:588} INFO - Filling up the DagBag from /Users/rtewelde/airflow_venv/lib/python3.11/site-packages/airflow/example_dags/example_dynamic_task_mapping_with_no_taskflow_operators.py
[2024-09-23T21:11:14.340+0100] {processor.py:925} INFO - DAG(s) 'example_dynamic_task_mapping_with_no_taskflow_operators' retrieved from /Users/rtewelde/airflow_venv/lib/python3.11/site-packages/airflow/example_dags/example_dynamic_task_mapping_with_no_taskflow_operators.py
[2024-09-23T21:11:14.503+0100] {logging_mixin.py:190} INFO - [2024-09-23T21:11:14.503+0100] {dag.py:3239} INFO - Sync 1 DAGs
[2024-09-23T21:11:14.513+0100] {logging_mixin.py:190} INFO - [2024-09-23T21:11:14.512+0100] {dag.py:4180} INFO - Setting next_dagrun for example_dynamic_task_mapping_with_no_taskflow_operators to None, run_after=None
[2024-09-23T21:11:14.528+0100] {processor.py:208} INFO - Processing /Users/rtewelde/airflow_venv/lib/python3.11/site-packages/airflow/example_dags/example_dynamic_task_mapping_with_no_taskflow_operators.py took 0.199 seconds
[2024-09-23T21:15:44.429+0100] {processor.py:186} INFO - Started process (PID=74325) to work on /Users/rtewelde/airflow_venv/lib/python3.11/site-packages/airflow/example_dags/example_dynamic_task_mapping_with_no_taskflow_operators.py
[2024-09-23T21:15:44.430+0100] {processor.py:914} INFO - Processing file /Users/rtewelde/airflow_venv/lib/python3.11/site-packages/airflow/example_dags/example_dynamic_task_mapping_with_no_taskflow_operators.py for tasks to queue
[2024-09-23T21:15:44.431+0100] {logging_mixin.py:190} INFO - [2024-09-23T21:15:44.431+0100] {dagbag.py:588} INFO - Filling up the DagBag from /Users/rtewelde/airflow_venv/lib/python3.11/site-packages/airflow/example_dags/example_dynamic_task_mapping_with_no_taskflow_operators.py
[2024-09-23T21:15:44.438+0100] {processor.py:925} INFO - DAG(s) 'example_dynamic_task_mapping_with_no_taskflow_operators' retrieved from /Users/rtewelde/airflow_venv/lib/python3.11/site-packages/airflow/example_dags/example_dynamic_task_mapping_with_no_taskflow_operators.py
[2024-09-23T21:15:44.593+0100] {logging_mixin.py:190} INFO - [2024-09-23T21:15:44.593+0100] {dag.py:3239} INFO - Sync 1 DAGs
[2024-09-23T21:15:44.602+0100] {logging_mixin.py:190} INFO - [2024-09-23T21:15:44.602+0100] {dag.py:4180} INFO - Setting next_dagrun for example_dynamic_task_mapping_with_no_taskflow_operators to None, run_after=None
[2024-09-23T21:15:44.618+0100] {processor.py:208} INFO - Processing /Users/rtewelde/airflow_venv/lib/python3.11/site-packages/airflow/example_dags/example_dynamic_task_mapping_with_no_taskflow_operators.py took 0.191 seconds
[2024-09-23T21:20:15.936+0100] {processor.py:186} INFO - Started process (PID=75667) to work on /Users/rtewelde/airflow_venv/lib/python3.11/site-packages/airflow/example_dags/example_dynamic_task_mapping_with_no_taskflow_operators.py
[2024-09-23T21:20:15.938+0100] {processor.py:914} INFO - Processing file /Users/rtewelde/airflow_venv/lib/python3.11/site-packages/airflow/example_dags/example_dynamic_task_mapping_with_no_taskflow_operators.py for tasks to queue
[2024-09-23T21:20:15.939+0100] {logging_mixin.py:190} INFO - [2024-09-23T21:20:15.939+0100] {dagbag.py:588} INFO - Filling up the DagBag from /Users/rtewelde/airflow_venv/lib/python3.11/site-packages/airflow/example_dags/example_dynamic_task_mapping_with_no_taskflow_operators.py
[2024-09-23T21:20:15.947+0100] {processor.py:925} INFO - DAG(s) 'example_dynamic_task_mapping_with_no_taskflow_operators' retrieved from /Users/rtewelde/airflow_venv/lib/python3.11/site-packages/airflow/example_dags/example_dynamic_task_mapping_with_no_taskflow_operators.py
[2024-09-23T21:20:16.099+0100] {logging_mixin.py:190} INFO - [2024-09-23T21:20:16.099+0100] {dag.py:3239} INFO - Sync 1 DAGs
[2024-09-23T21:20:16.108+0100] {logging_mixin.py:190} INFO - [2024-09-23T21:20:16.108+0100] {dag.py:4180} INFO - Setting next_dagrun for example_dynamic_task_mapping_with_no_taskflow_operators to None, run_after=None
[2024-09-23T21:20:16.127+0100] {processor.py:208} INFO - Processing /Users/rtewelde/airflow_venv/lib/python3.11/site-packages/airflow/example_dags/example_dynamic_task_mapping_with_no_taskflow_operators.py took 0.193 seconds
[2024-09-23T21:24:47.002+0100] {processor.py:186} INFO - Started process (PID=76963) to work on /Users/rtewelde/airflow_venv/lib/python3.11/site-packages/airflow/example_dags/example_dynamic_task_mapping_with_no_taskflow_operators.py
[2024-09-23T21:24:47.003+0100] {processor.py:914} INFO - Processing file /Users/rtewelde/airflow_venv/lib/python3.11/site-packages/airflow/example_dags/example_dynamic_task_mapping_with_no_taskflow_operators.py for tasks to queue
[2024-09-23T21:24:47.004+0100] {logging_mixin.py:190} INFO - [2024-09-23T21:24:47.004+0100] {dagbag.py:588} INFO - Filling up the DagBag from /Users/rtewelde/airflow_venv/lib/python3.11/site-packages/airflow/example_dags/example_dynamic_task_mapping_with_no_taskflow_operators.py
[2024-09-23T21:24:47.010+0100] {processor.py:925} INFO - DAG(s) 'example_dynamic_task_mapping_with_no_taskflow_operators' retrieved from /Users/rtewelde/airflow_venv/lib/python3.11/site-packages/airflow/example_dags/example_dynamic_task_mapping_with_no_taskflow_operators.py
[2024-09-23T21:24:47.153+0100] {logging_mixin.py:190} INFO - [2024-09-23T21:24:47.152+0100] {dag.py:3239} INFO - Sync 1 DAGs
[2024-09-23T21:24:47.162+0100] {logging_mixin.py:190} INFO - [2024-09-23T21:24:47.162+0100] {dag.py:4180} INFO - Setting next_dagrun for example_dynamic_task_mapping_with_no_taskflow_operators to None, run_after=None
[2024-09-23T21:24:47.177+0100] {processor.py:208} INFO - Processing /Users/rtewelde/airflow_venv/lib/python3.11/site-packages/airflow/example_dags/example_dynamic_task_mapping_with_no_taskflow_operators.py took 0.177 seconds
[2024-09-24T00:15:42.736+0100] {processor.py:186} INFO - Started process (PID=78303) to work on /Users/rtewelde/airflow_venv/lib/python3.11/site-packages/airflow/example_dags/example_dynamic_task_mapping_with_no_taskflow_operators.py
[2024-09-24T00:15:42.738+0100] {processor.py:914} INFO - Processing file /Users/rtewelde/airflow_venv/lib/python3.11/site-packages/airflow/example_dags/example_dynamic_task_mapping_with_no_taskflow_operators.py for tasks to queue
[2024-09-24T00:15:42.739+0100] {logging_mixin.py:190} INFO - [2024-09-24T00:15:42.738+0100] {dagbag.py:588} INFO - Filling up the DagBag from /Users/rtewelde/airflow_venv/lib/python3.11/site-packages/airflow/example_dags/example_dynamic_task_mapping_with_no_taskflow_operators.py
[2024-09-24T00:15:42.746+0100] {processor.py:925} INFO - DAG(s) 'example_dynamic_task_mapping_with_no_taskflow_operators' retrieved from /Users/rtewelde/airflow_venv/lib/python3.11/site-packages/airflow/example_dags/example_dynamic_task_mapping_with_no_taskflow_operators.py
[2024-09-24T00:15:42.902+0100] {logging_mixin.py:190} INFO - [2024-09-24T00:15:42.902+0100] {dag.py:3239} INFO - Sync 1 DAGs
[2024-09-24T00:15:42.912+0100] {logging_mixin.py:190} INFO - [2024-09-24T00:15:42.912+0100] {dag.py:4180} INFO - Setting next_dagrun for example_dynamic_task_mapping_with_no_taskflow_operators to None, run_after=None
[2024-09-24T00:15:42.928+0100] {processor.py:208} INFO - Processing /Users/rtewelde/airflow_venv/lib/python3.11/site-packages/airflow/example_dags/example_dynamic_task_mapping_with_no_taskflow_operators.py took 0.194 seconds
[2024-09-24T00:20:10.414+0100] {processor.py:186} INFO - Started process (PID=79534) to work on /Users/rtewelde/airflow_venv/lib/python3.11/site-packages/airflow/example_dags/example_dynamic_task_mapping_with_no_taskflow_operators.py
[2024-09-24T00:20:10.415+0100] {processor.py:914} INFO - Processing file /Users/rtewelde/airflow_venv/lib/python3.11/site-packages/airflow/example_dags/example_dynamic_task_mapping_with_no_taskflow_operators.py for tasks to queue
[2024-09-24T00:20:10.416+0100] {logging_mixin.py:190} INFO - [2024-09-24T00:20:10.416+0100] {dagbag.py:588} INFO - Filling up the DagBag from /Users/rtewelde/airflow_venv/lib/python3.11/site-packages/airflow/example_dags/example_dynamic_task_mapping_with_no_taskflow_operators.py
[2024-09-24T00:20:10.422+0100] {processor.py:925} INFO - DAG(s) 'example_dynamic_task_mapping_with_no_taskflow_operators' retrieved from /Users/rtewelde/airflow_venv/lib/python3.11/site-packages/airflow/example_dags/example_dynamic_task_mapping_with_no_taskflow_operators.py
[2024-09-24T00:20:10.571+0100] {logging_mixin.py:190} INFO - [2024-09-24T00:20:10.571+0100] {dag.py:3239} INFO - Sync 1 DAGs
[2024-09-24T00:20:10.580+0100] {logging_mixin.py:190} INFO - [2024-09-24T00:20:10.580+0100] {dag.py:4180} INFO - Setting next_dagrun for example_dynamic_task_mapping_with_no_taskflow_operators to None, run_after=None
[2024-09-24T00:20:10.595+0100] {processor.py:208} INFO - Processing /Users/rtewelde/airflow_venv/lib/python3.11/site-packages/airflow/example_dags/example_dynamic_task_mapping_with_no_taskflow_operators.py took 0.184 seconds
[2024-09-24T00:24:39.226+0100] {processor.py:186} INFO - Started process (PID=80772) to work on /Users/rtewelde/airflow_venv/lib/python3.11/site-packages/airflow/example_dags/example_dynamic_task_mapping_with_no_taskflow_operators.py
[2024-09-24T00:24:39.227+0100] {processor.py:914} INFO - Processing file /Users/rtewelde/airflow_venv/lib/python3.11/site-packages/airflow/example_dags/example_dynamic_task_mapping_with_no_taskflow_operators.py for tasks to queue
[2024-09-24T00:24:39.228+0100] {logging_mixin.py:190} INFO - [2024-09-24T00:24:39.227+0100] {dagbag.py:588} INFO - Filling up the DagBag from /Users/rtewelde/airflow_venv/lib/python3.11/site-packages/airflow/example_dags/example_dynamic_task_mapping_with_no_taskflow_operators.py
[2024-09-24T00:24:39.234+0100] {processor.py:925} INFO - DAG(s) 'example_dynamic_task_mapping_with_no_taskflow_operators' retrieved from /Users/rtewelde/airflow_venv/lib/python3.11/site-packages/airflow/example_dags/example_dynamic_task_mapping_with_no_taskflow_operators.py
[2024-09-24T00:24:39.376+0100] {logging_mixin.py:190} INFO - [2024-09-24T00:24:39.376+0100] {dag.py:3239} INFO - Sync 1 DAGs
[2024-09-24T00:24:39.385+0100] {logging_mixin.py:190} INFO - [2024-09-24T00:24:39.385+0100] {dag.py:4180} INFO - Setting next_dagrun for example_dynamic_task_mapping_with_no_taskflow_operators to None, run_after=None
[2024-09-24T00:24:39.401+0100] {processor.py:208} INFO - Processing /Users/rtewelde/airflow_venv/lib/python3.11/site-packages/airflow/example_dags/example_dynamic_task_mapping_with_no_taskflow_operators.py took 0.178 seconds
[2024-09-24T00:29:18.858+0100] {processor.py:186} INFO - Started process (PID=82056) to work on /Users/rtewelde/airflow_venv/lib/python3.11/site-packages/airflow/example_dags/example_dynamic_task_mapping_with_no_taskflow_operators.py
[2024-09-24T00:29:18.859+0100] {processor.py:914} INFO - Processing file /Users/rtewelde/airflow_venv/lib/python3.11/site-packages/airflow/example_dags/example_dynamic_task_mapping_with_no_taskflow_operators.py for tasks to queue
[2024-09-24T00:29:18.860+0100] {logging_mixin.py:190} INFO - [2024-09-24T00:29:18.859+0100] {dagbag.py:588} INFO - Filling up the DagBag from /Users/rtewelde/airflow_venv/lib/python3.11/site-packages/airflow/example_dags/example_dynamic_task_mapping_with_no_taskflow_operators.py
[2024-09-24T00:29:18.866+0100] {processor.py:925} INFO - DAG(s) 'example_dynamic_task_mapping_with_no_taskflow_operators' retrieved from /Users/rtewelde/airflow_venv/lib/python3.11/site-packages/airflow/example_dags/example_dynamic_task_mapping_with_no_taskflow_operators.py
[2024-09-24T00:29:19.016+0100] {logging_mixin.py:190} INFO - [2024-09-24T00:29:19.015+0100] {dag.py:3239} INFO - Sync 1 DAGs
[2024-09-24T00:29:19.025+0100] {logging_mixin.py:190} INFO - [2024-09-24T00:29:19.025+0100] {dag.py:4180} INFO - Setting next_dagrun for example_dynamic_task_mapping_with_no_taskflow_operators to None, run_after=None
[2024-09-24T00:29:19.041+0100] {processor.py:208} INFO - Processing /Users/rtewelde/airflow_venv/lib/python3.11/site-packages/airflow/example_dags/example_dynamic_task_mapping_with_no_taskflow_operators.py took 0.186 seconds
[2024-09-24T00:33:47.489+0100] {processor.py:186} INFO - Started process (PID=83295) to work on /Users/rtewelde/airflow_venv/lib/python3.11/site-packages/airflow/example_dags/example_dynamic_task_mapping_with_no_taskflow_operators.py
[2024-09-24T00:33:47.490+0100] {processor.py:914} INFO - Processing file /Users/rtewelde/airflow_venv/lib/python3.11/site-packages/airflow/example_dags/example_dynamic_task_mapping_with_no_taskflow_operators.py for tasks to queue
[2024-09-24T00:33:47.490+0100] {logging_mixin.py:190} INFO - [2024-09-24T00:33:47.490+0100] {dagbag.py:588} INFO - Filling up the DagBag from /Users/rtewelde/airflow_venv/lib/python3.11/site-packages/airflow/example_dags/example_dynamic_task_mapping_with_no_taskflow_operators.py
[2024-09-24T00:33:47.497+0100] {processor.py:925} INFO - DAG(s) 'example_dynamic_task_mapping_with_no_taskflow_operators' retrieved from /Users/rtewelde/airflow_venv/lib/python3.11/site-packages/airflow/example_dags/example_dynamic_task_mapping_with_no_taskflow_operators.py
[2024-09-24T00:33:47.645+0100] {logging_mixin.py:190} INFO - [2024-09-24T00:33:47.644+0100] {dag.py:3239} INFO - Sync 1 DAGs
[2024-09-24T00:33:47.656+0100] {logging_mixin.py:190} INFO - [2024-09-24T00:33:47.655+0100] {dag.py:4180} INFO - Setting next_dagrun for example_dynamic_task_mapping_with_no_taskflow_operators to None, run_after=None
[2024-09-24T00:33:47.672+0100] {processor.py:208} INFO - Processing /Users/rtewelde/airflow_venv/lib/python3.11/site-packages/airflow/example_dags/example_dynamic_task_mapping_with_no_taskflow_operators.py took 0.186 seconds
[2024-09-24T00:38:16.770+0100] {processor.py:186} INFO - Started process (PID=84546) to work on /Users/rtewelde/airflow_venv/lib/python3.11/site-packages/airflow/example_dags/example_dynamic_task_mapping_with_no_taskflow_operators.py
[2024-09-24T00:38:16.771+0100] {processor.py:914} INFO - Processing file /Users/rtewelde/airflow_venv/lib/python3.11/site-packages/airflow/example_dags/example_dynamic_task_mapping_with_no_taskflow_operators.py for tasks to queue
[2024-09-24T00:38:16.771+0100] {logging_mixin.py:190} INFO - [2024-09-24T00:38:16.771+0100] {dagbag.py:588} INFO - Filling up the DagBag from /Users/rtewelde/airflow_venv/lib/python3.11/site-packages/airflow/example_dags/example_dynamic_task_mapping_with_no_taskflow_operators.py
[2024-09-24T00:38:16.778+0100] {processor.py:925} INFO - DAG(s) 'example_dynamic_task_mapping_with_no_taskflow_operators' retrieved from /Users/rtewelde/airflow_venv/lib/python3.11/site-packages/airflow/example_dags/example_dynamic_task_mapping_with_no_taskflow_operators.py
[2024-09-24T00:38:16.960+0100] {logging_mixin.py:190} INFO - [2024-09-24T00:38:16.960+0100] {dag.py:3239} INFO - Sync 1 DAGs
[2024-09-24T00:38:16.970+0100] {logging_mixin.py:190} INFO - [2024-09-24T00:38:16.970+0100] {dag.py:4180} INFO - Setting next_dagrun for example_dynamic_task_mapping_with_no_taskflow_operators to None, run_after=None
[2024-09-24T00:38:16.990+0100] {processor.py:208} INFO - Processing /Users/rtewelde/airflow_venv/lib/python3.11/site-packages/airflow/example_dags/example_dynamic_task_mapping_with_no_taskflow_operators.py took 0.223 seconds
[2024-09-24T00:42:43.873+0100] {processor.py:186} INFO - Started process (PID=85779) to work on /Users/rtewelde/airflow_venv/lib/python3.11/site-packages/airflow/example_dags/example_dynamic_task_mapping_with_no_taskflow_operators.py
[2024-09-24T00:42:43.873+0100] {processor.py:914} INFO - Processing file /Users/rtewelde/airflow_venv/lib/python3.11/site-packages/airflow/example_dags/example_dynamic_task_mapping_with_no_taskflow_operators.py for tasks to queue
[2024-09-24T00:42:43.874+0100] {logging_mixin.py:190} INFO - [2024-09-24T00:42:43.874+0100] {dagbag.py:588} INFO - Filling up the DagBag from /Users/rtewelde/airflow_venv/lib/python3.11/site-packages/airflow/example_dags/example_dynamic_task_mapping_with_no_taskflow_operators.py
[2024-09-24T00:42:43.881+0100] {processor.py:925} INFO - DAG(s) 'example_dynamic_task_mapping_with_no_taskflow_operators' retrieved from /Users/rtewelde/airflow_venv/lib/python3.11/site-packages/airflow/example_dags/example_dynamic_task_mapping_with_no_taskflow_operators.py
[2024-09-24T00:42:44.027+0100] {logging_mixin.py:190} INFO - [2024-09-24T00:42:44.026+0100] {dag.py:3239} INFO - Sync 1 DAGs
[2024-09-24T00:42:44.036+0100] {logging_mixin.py:190} INFO - [2024-09-24T00:42:44.035+0100] {dag.py:4180} INFO - Setting next_dagrun for example_dynamic_task_mapping_with_no_taskflow_operators to None, run_after=None
[2024-09-24T00:42:44.052+0100] {processor.py:208} INFO - Processing /Users/rtewelde/airflow_venv/lib/python3.11/site-packages/airflow/example_dags/example_dynamic_task_mapping_with_no_taskflow_operators.py took 0.181 seconds
[2024-09-24T00:47:13.650+0100] {processor.py:186} INFO - Started process (PID=87033) to work on /Users/rtewelde/airflow_venv/lib/python3.11/site-packages/airflow/example_dags/example_dynamic_task_mapping_with_no_taskflow_operators.py
[2024-09-24T00:47:13.652+0100] {processor.py:914} INFO - Processing file /Users/rtewelde/airflow_venv/lib/python3.11/site-packages/airflow/example_dags/example_dynamic_task_mapping_with_no_taskflow_operators.py for tasks to queue
[2024-09-24T00:47:13.653+0100] {logging_mixin.py:190} INFO - [2024-09-24T00:47:13.653+0100] {dagbag.py:588} INFO - Filling up the DagBag from /Users/rtewelde/airflow_venv/lib/python3.11/site-packages/airflow/example_dags/example_dynamic_task_mapping_with_no_taskflow_operators.py
[2024-09-24T00:47:13.660+0100] {processor.py:925} INFO - DAG(s) 'example_dynamic_task_mapping_with_no_taskflow_operators' retrieved from /Users/rtewelde/airflow_venv/lib/python3.11/site-packages/airflow/example_dags/example_dynamic_task_mapping_with_no_taskflow_operators.py
[2024-09-24T00:47:13.809+0100] {logging_mixin.py:190} INFO - [2024-09-24T00:47:13.809+0100] {dag.py:3239} INFO - Sync 1 DAGs
[2024-09-24T00:47:13.818+0100] {logging_mixin.py:190} INFO - [2024-09-24T00:47:13.818+0100] {dag.py:4180} INFO - Setting next_dagrun for example_dynamic_task_mapping_with_no_taskflow_operators to None, run_after=None
[2024-09-24T00:47:13.835+0100] {processor.py:208} INFO - Processing /Users/rtewelde/airflow_venv/lib/python3.11/site-packages/airflow/example_dags/example_dynamic_task_mapping_with_no_taskflow_operators.py took 0.187 seconds
[2024-09-24T00:51:43.680+0100] {processor.py:186} INFO - Started process (PID=88273) to work on /Users/rtewelde/airflow_venv/lib/python3.11/site-packages/airflow/example_dags/example_dynamic_task_mapping_with_no_taskflow_operators.py
[2024-09-24T00:51:43.680+0100] {processor.py:914} INFO - Processing file /Users/rtewelde/airflow_venv/lib/python3.11/site-packages/airflow/example_dags/example_dynamic_task_mapping_with_no_taskflow_operators.py for tasks to queue
[2024-09-24T00:51:43.681+0100] {logging_mixin.py:190} INFO - [2024-09-24T00:51:43.681+0100] {dagbag.py:588} INFO - Filling up the DagBag from /Users/rtewelde/airflow_venv/lib/python3.11/site-packages/airflow/example_dags/example_dynamic_task_mapping_with_no_taskflow_operators.py
[2024-09-24T00:51:43.688+0100] {processor.py:925} INFO - DAG(s) 'example_dynamic_task_mapping_with_no_taskflow_operators' retrieved from /Users/rtewelde/airflow_venv/lib/python3.11/site-packages/airflow/example_dags/example_dynamic_task_mapping_with_no_taskflow_operators.py
[2024-09-24T00:51:43.838+0100] {logging_mixin.py:190} INFO - [2024-09-24T00:51:43.838+0100] {dag.py:3239} INFO - Sync 1 DAGs
[2024-09-24T00:51:43.847+0100] {logging_mixin.py:190} INFO - [2024-09-24T00:51:43.847+0100] {dag.py:4180} INFO - Setting next_dagrun for example_dynamic_task_mapping_with_no_taskflow_operators to None, run_after=None
[2024-09-24T00:51:43.864+0100] {processor.py:208} INFO - Processing /Users/rtewelde/airflow_venv/lib/python3.11/site-packages/airflow/example_dags/example_dynamic_task_mapping_with_no_taskflow_operators.py took 0.187 seconds
[2024-09-24T00:56:14.570+0100] {processor.py:186} INFO - Started process (PID=89535) to work on /Users/rtewelde/airflow_venv/lib/python3.11/site-packages/airflow/example_dags/example_dynamic_task_mapping_with_no_taskflow_operators.py
[2024-09-24T00:56:14.572+0100] {processor.py:914} INFO - Processing file /Users/rtewelde/airflow_venv/lib/python3.11/site-packages/airflow/example_dags/example_dynamic_task_mapping_with_no_taskflow_operators.py for tasks to queue
[2024-09-24T00:56:14.573+0100] {logging_mixin.py:190} INFO - [2024-09-24T00:56:14.573+0100] {dagbag.py:588} INFO - Filling up the DagBag from /Users/rtewelde/airflow_venv/lib/python3.11/site-packages/airflow/example_dags/example_dynamic_task_mapping_with_no_taskflow_operators.py
[2024-09-24T00:56:14.581+0100] {processor.py:925} INFO - DAG(s) 'example_dynamic_task_mapping_with_no_taskflow_operators' retrieved from /Users/rtewelde/airflow_venv/lib/python3.11/site-packages/airflow/example_dags/example_dynamic_task_mapping_with_no_taskflow_operators.py
[2024-09-24T00:56:14.728+0100] {logging_mixin.py:190} INFO - [2024-09-24T00:56:14.728+0100] {dag.py:3239} INFO - Sync 1 DAGs
[2024-09-24T00:56:14.737+0100] {logging_mixin.py:190} INFO - [2024-09-24T00:56:14.737+0100] {dag.py:4180} INFO - Setting next_dagrun for example_dynamic_task_mapping_with_no_taskflow_operators to None, run_after=None
[2024-09-24T00:56:14.754+0100] {processor.py:208} INFO - Processing /Users/rtewelde/airflow_venv/lib/python3.11/site-packages/airflow/example_dags/example_dynamic_task_mapping_with_no_taskflow_operators.py took 0.186 seconds
