[2024-09-23T02:06:32.817+0100] {processor.py:186} INFO - Started process (PID=1738) to work on /Users/rtewelde/airflow_venv/lib/python3.11/site-packages/airflow/example_dags/example_kubernetes_executor.py
[2024-09-23T02:06:32.818+0100] {processor.py:914} INFO - Processing file /Users/rtewelde/airflow_venv/lib/python3.11/site-packages/airflow/example_dags/example_kubernetes_executor.py for tasks to queue
[2024-09-23T02:06:32.819+0100] {logging_mixin.py:190} INFO - [2024-09-23T02:06:32.819+0100] {dagbag.py:588} INFO - Filling up the DagBag from /Users/rtewelde/airflow_venv/lib/python3.11/site-packages/airflow/example_dags/example_kubernetes_executor.py
[2024-09-23T02:06:32.854+0100] {logging_mixin.py:190} INFO - [2024-09-23T02:06:32.854+0100] {example_kubernetes_executor.py:39} WARNING - The example_kubernetes_executor example DAG requires the kubernetes provider. Please install it with: pip install apache-airflow[cncf.kubernetes]
[2024-09-23T02:06:32.855+0100] {processor.py:927} WARNING - No viable dags retrieved from /Users/rtewelde/airflow_venv/lib/python3.11/site-packages/airflow/example_dags/example_kubernetes_executor.py
[2024-09-23T02:06:32.992+0100] {processor.py:208} INFO - Processing /Users/rtewelde/airflow_venv/lib/python3.11/site-packages/airflow/example_dags/example_kubernetes_executor.py took 0.180 seconds
[2024-09-23T02:08:02.409+0100] {processor.py:186} INFO - Started process (PID=2190) to work on /Users/rtewelde/airflow_venv/lib/python3.11/site-packages/airflow/example_dags/example_kubernetes_executor.py
[2024-09-23T02:08:02.409+0100] {processor.py:914} INFO - Processing file /Users/rtewelde/airflow_venv/lib/python3.11/site-packages/airflow/example_dags/example_kubernetes_executor.py for tasks to queue
[2024-09-23T02:08:02.410+0100] {logging_mixin.py:190} INFO - [2024-09-23T02:08:02.410+0100] {dagbag.py:588} INFO - Filling up the DagBag from /Users/rtewelde/airflow_venv/lib/python3.11/site-packages/airflow/example_dags/example_kubernetes_executor.py
[2024-09-23T02:08:02.441+0100] {logging_mixin.py:190} INFO - [2024-09-23T02:08:02.440+0100] {example_kubernetes_executor.py:39} WARNING - The example_kubernetes_executor example DAG requires the kubernetes provider. Please install it with: pip install apache-airflow[cncf.kubernetes]
[2024-09-23T02:08:02.441+0100] {processor.py:927} WARNING - No viable dags retrieved from /Users/rtewelde/airflow_venv/lib/python3.11/site-packages/airflow/example_dags/example_kubernetes_executor.py
[2024-09-23T02:08:02.572+0100] {processor.py:208} INFO - Processing /Users/rtewelde/airflow_venv/lib/python3.11/site-packages/airflow/example_dags/example_kubernetes_executor.py took 0.166 seconds
[2024-09-23T02:09:21.839+0100] {processor.py:186} INFO - Started process (PID=2677) to work on /Users/rtewelde/airflow_venv/lib/python3.11/site-packages/airflow/example_dags/example_kubernetes_executor.py
[2024-09-23T02:09:21.840+0100] {processor.py:914} INFO - Processing file /Users/rtewelde/airflow_venv/lib/python3.11/site-packages/airflow/example_dags/example_kubernetes_executor.py for tasks to queue
[2024-09-23T02:09:21.841+0100] {logging_mixin.py:190} INFO - [2024-09-23T02:09:21.840+0100] {dagbag.py:588} INFO - Filling up the DagBag from /Users/rtewelde/airflow_venv/lib/python3.11/site-packages/airflow/example_dags/example_kubernetes_executor.py
[2024-09-23T02:09:21.869+0100] {logging_mixin.py:190} INFO - [2024-09-23T02:09:21.869+0100] {example_kubernetes_executor.py:39} WARNING - The example_kubernetes_executor example DAG requires the kubernetes provider. Please install it with: pip install apache-airflow[cncf.kubernetes]
[2024-09-23T02:09:21.869+0100] {processor.py:927} WARNING - No viable dags retrieved from /Users/rtewelde/airflow_venv/lib/python3.11/site-packages/airflow/example_dags/example_kubernetes_executor.py
[2024-09-23T02:09:22.003+0100] {processor.py:208} INFO - Processing /Users/rtewelde/airflow_venv/lib/python3.11/site-packages/airflow/example_dags/example_kubernetes_executor.py took 0.167 seconds
[2024-09-23T02:10:47.835+0100] {processor.py:186} INFO - Started process (PID=3144) to work on /Users/rtewelde/airflow_venv/lib/python3.11/site-packages/airflow/example_dags/example_kubernetes_executor.py
[2024-09-23T02:10:47.836+0100] {processor.py:914} INFO - Processing file /Users/rtewelde/airflow_venv/lib/python3.11/site-packages/airflow/example_dags/example_kubernetes_executor.py for tasks to queue
[2024-09-23T02:10:47.837+0100] {logging_mixin.py:190} INFO - [2024-09-23T02:10:47.837+0100] {dagbag.py:588} INFO - Filling up the DagBag from /Users/rtewelde/airflow_venv/lib/python3.11/site-packages/airflow/example_dags/example_kubernetes_executor.py
[2024-09-23T02:10:47.867+0100] {logging_mixin.py:190} INFO - [2024-09-23T02:10:47.867+0100] {example_kubernetes_executor.py:39} WARNING - The example_kubernetes_executor example DAG requires the kubernetes provider. Please install it with: pip install apache-airflow[cncf.kubernetes]
[2024-09-23T02:10:47.867+0100] {processor.py:927} WARNING - No viable dags retrieved from /Users/rtewelde/airflow_venv/lib/python3.11/site-packages/airflow/example_dags/example_kubernetes_executor.py
[2024-09-23T02:10:48.009+0100] {processor.py:208} INFO - Processing /Users/rtewelde/airflow_venv/lib/python3.11/site-packages/airflow/example_dags/example_kubernetes_executor.py took 0.176 seconds
[2024-09-23T12:28:30.734+0100] {processor.py:186} INFO - Started process (PID=16871) to work on /Users/rtewelde/airflow_venv/lib/python3.11/site-packages/airflow/example_dags/example_kubernetes_executor.py
[2024-09-23T12:28:30.735+0100] {processor.py:914} INFO - Processing file /Users/rtewelde/airflow_venv/lib/python3.11/site-packages/airflow/example_dags/example_kubernetes_executor.py for tasks to queue
[2024-09-23T12:28:30.736+0100] {logging_mixin.py:190} INFO - [2024-09-23T12:28:30.736+0100] {dagbag.py:588} INFO - Filling up the DagBag from /Users/rtewelde/airflow_venv/lib/python3.11/site-packages/airflow/example_dags/example_kubernetes_executor.py
[2024-09-23T12:28:30.765+0100] {logging_mixin.py:190} INFO - [2024-09-23T12:28:30.764+0100] {example_kubernetes_executor.py:39} WARNING - The example_kubernetes_executor example DAG requires the kubernetes provider. Please install it with: pip install apache-airflow[cncf.kubernetes]
[2024-09-23T12:28:30.765+0100] {processor.py:927} WARNING - No viable dags retrieved from /Users/rtewelde/airflow_venv/lib/python3.11/site-packages/airflow/example_dags/example_kubernetes_executor.py
[2024-09-23T12:28:30.905+0100] {processor.py:208} INFO - Processing /Users/rtewelde/airflow_venv/lib/python3.11/site-packages/airflow/example_dags/example_kubernetes_executor.py took 0.173 seconds
[2024-09-23T12:31:32.707+0100] {processor.py:186} INFO - Started process (PID=17763) to work on /Users/rtewelde/airflow_venv/lib/python3.11/site-packages/airflow/example_dags/example_kubernetes_executor.py
[2024-09-23T12:31:32.708+0100] {processor.py:914} INFO - Processing file /Users/rtewelde/airflow_venv/lib/python3.11/site-packages/airflow/example_dags/example_kubernetes_executor.py for tasks to queue
[2024-09-23T12:31:32.709+0100] {logging_mixin.py:190} INFO - [2024-09-23T12:31:32.709+0100] {dagbag.py:588} INFO - Filling up the DagBag from /Users/rtewelde/airflow_venv/lib/python3.11/site-packages/airflow/example_dags/example_kubernetes_executor.py
[2024-09-23T12:31:32.742+0100] {logging_mixin.py:190} INFO - [2024-09-23T12:31:32.741+0100] {example_kubernetes_executor.py:39} WARNING - The example_kubernetes_executor example DAG requires the kubernetes provider. Please install it with: pip install apache-airflow[cncf.kubernetes]
[2024-09-23T12:31:32.742+0100] {processor.py:927} WARNING - No viable dags retrieved from /Users/rtewelde/airflow_venv/lib/python3.11/site-packages/airflow/example_dags/example_kubernetes_executor.py
[2024-09-23T12:31:32.885+0100] {processor.py:208} INFO - Processing /Users/rtewelde/airflow_venv/lib/python3.11/site-packages/airflow/example_dags/example_kubernetes_executor.py took 0.180 seconds
[2024-09-23T12:36:33.806+0100] {processor.py:186} INFO - Started process (PID=19186) to work on /Users/rtewelde/airflow_venv/lib/python3.11/site-packages/airflow/example_dags/example_kubernetes_executor.py
[2024-09-23T12:36:33.808+0100] {processor.py:914} INFO - Processing file /Users/rtewelde/airflow_venv/lib/python3.11/site-packages/airflow/example_dags/example_kubernetes_executor.py for tasks to queue
[2024-09-23T12:36:33.809+0100] {logging_mixin.py:190} INFO - [2024-09-23T12:36:33.809+0100] {dagbag.py:588} INFO - Filling up the DagBag from /Users/rtewelde/airflow_venv/lib/python3.11/site-packages/airflow/example_dags/example_kubernetes_executor.py
[2024-09-23T12:36:33.844+0100] {logging_mixin.py:190} INFO - [2024-09-23T12:36:33.844+0100] {example_kubernetes_executor.py:39} WARNING - The example_kubernetes_executor example DAG requires the kubernetes provider. Please install it with: pip install apache-airflow[cncf.kubernetes]
[2024-09-23T12:36:33.844+0100] {processor.py:927} WARNING - No viable dags retrieved from /Users/rtewelde/airflow_venv/lib/python3.11/site-packages/airflow/example_dags/example_kubernetes_executor.py
[2024-09-23T12:36:33.977+0100] {processor.py:208} INFO - Processing /Users/rtewelde/airflow_venv/lib/python3.11/site-packages/airflow/example_dags/example_kubernetes_executor.py took 0.173 seconds
[2024-09-23T12:39:14.030+0100] {processor.py:186} INFO - Started process (PID=19929) to work on /Users/rtewelde/airflow_venv/lib/python3.11/site-packages/airflow/example_dags/example_kubernetes_executor.py
[2024-09-23T12:39:14.031+0100] {processor.py:914} INFO - Processing file /Users/rtewelde/airflow_venv/lib/python3.11/site-packages/airflow/example_dags/example_kubernetes_executor.py for tasks to queue
[2024-09-23T12:39:14.032+0100] {logging_mixin.py:190} INFO - [2024-09-23T12:39:14.032+0100] {dagbag.py:588} INFO - Filling up the DagBag from /Users/rtewelde/airflow_venv/lib/python3.11/site-packages/airflow/example_dags/example_kubernetes_executor.py
[2024-09-23T12:39:14.081+0100] {logging_mixin.py:190} INFO - [2024-09-23T12:39:14.081+0100] {example_kubernetes_executor.py:39} WARNING - The example_kubernetes_executor example DAG requires the kubernetes provider. Please install it with: pip install apache-airflow[cncf.kubernetes]
[2024-09-23T12:39:14.081+0100] {processor.py:927} WARNING - No viable dags retrieved from /Users/rtewelde/airflow_venv/lib/python3.11/site-packages/airflow/example_dags/example_kubernetes_executor.py
[2024-09-23T12:39:14.224+0100] {processor.py:208} INFO - Processing /Users/rtewelde/airflow_venv/lib/python3.11/site-packages/airflow/example_dags/example_kubernetes_executor.py took 0.197 seconds
[2024-09-23T12:43:55.265+0100] {processor.py:186} INFO - Started process (PID=21219) to work on /Users/rtewelde/airflow_venv/lib/python3.11/site-packages/airflow/example_dags/example_kubernetes_executor.py
[2024-09-23T12:43:55.266+0100] {processor.py:914} INFO - Processing file /Users/rtewelde/airflow_venv/lib/python3.11/site-packages/airflow/example_dags/example_kubernetes_executor.py for tasks to queue
[2024-09-23T12:43:55.267+0100] {logging_mixin.py:190} INFO - [2024-09-23T12:43:55.266+0100] {dagbag.py:588} INFO - Filling up the DagBag from /Users/rtewelde/airflow_venv/lib/python3.11/site-packages/airflow/example_dags/example_kubernetes_executor.py
[2024-09-23T12:43:55.293+0100] {logging_mixin.py:190} INFO - [2024-09-23T12:43:55.293+0100] {example_kubernetes_executor.py:39} WARNING - The example_kubernetes_executor example DAG requires the kubernetes provider. Please install it with: pip install apache-airflow[cncf.kubernetes]
[2024-09-23T12:43:55.293+0100] {processor.py:927} WARNING - No viable dags retrieved from /Users/rtewelde/airflow_venv/lib/python3.11/site-packages/airflow/example_dags/example_kubernetes_executor.py
[2024-09-23T12:43:55.421+0100] {processor.py:208} INFO - Processing /Users/rtewelde/airflow_venv/lib/python3.11/site-packages/airflow/example_dags/example_kubernetes_executor.py took 0.158 seconds
[2024-09-23T12:48:18.163+0100] {processor.py:186} INFO - Started process (PID=22453) to work on /Users/rtewelde/airflow_venv/lib/python3.11/site-packages/airflow/example_dags/example_kubernetes_executor.py
[2024-09-23T12:48:18.164+0100] {processor.py:914} INFO - Processing file /Users/rtewelde/airflow_venv/lib/python3.11/site-packages/airflow/example_dags/example_kubernetes_executor.py for tasks to queue
[2024-09-23T12:48:18.165+0100] {logging_mixin.py:190} INFO - [2024-09-23T12:48:18.164+0100] {dagbag.py:588} INFO - Filling up the DagBag from /Users/rtewelde/airflow_venv/lib/python3.11/site-packages/airflow/example_dags/example_kubernetes_executor.py
[2024-09-23T12:48:18.191+0100] {logging_mixin.py:190} INFO - [2024-09-23T12:48:18.191+0100] {example_kubernetes_executor.py:39} WARNING - The example_kubernetes_executor example DAG requires the kubernetes provider. Please install it with: pip install apache-airflow[cncf.kubernetes]
[2024-09-23T12:48:18.192+0100] {processor.py:927} WARNING - No viable dags retrieved from /Users/rtewelde/airflow_venv/lib/python3.11/site-packages/airflow/example_dags/example_kubernetes_executor.py
[2024-09-23T12:48:18.320+0100] {processor.py:208} INFO - Processing /Users/rtewelde/airflow_venv/lib/python3.11/site-packages/airflow/example_dags/example_kubernetes_executor.py took 0.160 seconds
[2024-09-23T12:53:00.279+0100] {processor.py:186} INFO - Started process (PID=23798) to work on /Users/rtewelde/airflow_venv/lib/python3.11/site-packages/airflow/example_dags/example_kubernetes_executor.py
[2024-09-23T12:53:00.280+0100] {processor.py:914} INFO - Processing file /Users/rtewelde/airflow_venv/lib/python3.11/site-packages/airflow/example_dags/example_kubernetes_executor.py for tasks to queue
[2024-09-23T12:53:00.281+0100] {logging_mixin.py:190} INFO - [2024-09-23T12:53:00.281+0100] {dagbag.py:588} INFO - Filling up the DagBag from /Users/rtewelde/airflow_venv/lib/python3.11/site-packages/airflow/example_dags/example_kubernetes_executor.py
[2024-09-23T12:53:00.312+0100] {logging_mixin.py:190} INFO - [2024-09-23T12:53:00.312+0100] {example_kubernetes_executor.py:39} WARNING - The example_kubernetes_executor example DAG requires the kubernetes provider. Please install it with: pip install apache-airflow[cncf.kubernetes]
[2024-09-23T12:53:00.313+0100] {processor.py:927} WARNING - No viable dags retrieved from /Users/rtewelde/airflow_venv/lib/python3.11/site-packages/airflow/example_dags/example_kubernetes_executor.py
[2024-09-23T12:53:00.451+0100] {processor.py:208} INFO - Processing /Users/rtewelde/airflow_venv/lib/python3.11/site-packages/airflow/example_dags/example_kubernetes_executor.py took 0.175 seconds
[2024-09-23T16:57:40.721+0100] {processor.py:186} INFO - Started process (PID=25204) to work on /Users/rtewelde/airflow_venv/lib/python3.11/site-packages/airflow/example_dags/example_kubernetes_executor.py
[2024-09-23T16:57:40.722+0100] {processor.py:914} INFO - Processing file /Users/rtewelde/airflow_venv/lib/python3.11/site-packages/airflow/example_dags/example_kubernetes_executor.py for tasks to queue
[2024-09-23T16:57:40.722+0100] {logging_mixin.py:190} INFO - [2024-09-23T16:57:40.722+0100] {dagbag.py:588} INFO - Filling up the DagBag from /Users/rtewelde/airflow_venv/lib/python3.11/site-packages/airflow/example_dags/example_kubernetes_executor.py
[2024-09-23T16:57:40.768+0100] {logging_mixin.py:190} INFO - [2024-09-23T16:57:40.767+0100] {example_kubernetes_executor.py:39} WARNING - The example_kubernetes_executor example DAG requires the kubernetes provider. Please install it with: pip install apache-airflow[cncf.kubernetes]
[2024-09-23T16:57:40.768+0100] {processor.py:927} WARNING - No viable dags retrieved from /Users/rtewelde/airflow_venv/lib/python3.11/site-packages/airflow/example_dags/example_kubernetes_executor.py
[2024-09-23T16:57:40.990+0100] {processor.py:208} INFO - Processing /Users/rtewelde/airflow_venv/lib/python3.11/site-packages/airflow/example_dags/example_kubernetes_executor.py took 0.272 seconds
[2024-09-23T18:06:29.581+0100] {processor.py:186} INFO - Started process (PID=25917) to work on /Users/rtewelde/airflow_venv/lib/python3.11/site-packages/airflow/example_dags/example_kubernetes_executor.py
[2024-09-23T18:06:29.582+0100] {processor.py:914} INFO - Processing file /Users/rtewelde/airflow_venv/lib/python3.11/site-packages/airflow/example_dags/example_kubernetes_executor.py for tasks to queue
[2024-09-23T18:06:29.583+0100] {logging_mixin.py:190} INFO - [2024-09-23T18:06:29.583+0100] {dagbag.py:588} INFO - Filling up the DagBag from /Users/rtewelde/airflow_venv/lib/python3.11/site-packages/airflow/example_dags/example_kubernetes_executor.py
[2024-09-23T18:06:29.610+0100] {logging_mixin.py:190} INFO - [2024-09-23T18:06:29.610+0100] {example_kubernetes_executor.py:39} WARNING - The example_kubernetes_executor example DAG requires the kubernetes provider. Please install it with: pip install apache-airflow[cncf.kubernetes]
[2024-09-23T18:06:29.611+0100] {processor.py:927} WARNING - No viable dags retrieved from /Users/rtewelde/airflow_venv/lib/python3.11/site-packages/airflow/example_dags/example_kubernetes_executor.py
[2024-09-23T18:06:29.741+0100] {processor.py:208} INFO - Processing /Users/rtewelde/airflow_venv/lib/python3.11/site-packages/airflow/example_dags/example_kubernetes_executor.py took 0.163 seconds
[2024-09-23T18:10:55.879+0100] {processor.py:186} INFO - Started process (PID=27152) to work on /Users/rtewelde/airflow_venv/lib/python3.11/site-packages/airflow/example_dags/example_kubernetes_executor.py
[2024-09-23T18:10:55.880+0100] {processor.py:914} INFO - Processing file /Users/rtewelde/airflow_venv/lib/python3.11/site-packages/airflow/example_dags/example_kubernetes_executor.py for tasks to queue
[2024-09-23T18:10:55.881+0100] {logging_mixin.py:190} INFO - [2024-09-23T18:10:55.881+0100] {dagbag.py:588} INFO - Filling up the DagBag from /Users/rtewelde/airflow_venv/lib/python3.11/site-packages/airflow/example_dags/example_kubernetes_executor.py
[2024-09-23T18:10:55.910+0100] {logging_mixin.py:190} INFO - [2024-09-23T18:10:55.910+0100] {example_kubernetes_executor.py:39} WARNING - The example_kubernetes_executor example DAG requires the kubernetes provider. Please install it with: pip install apache-airflow[cncf.kubernetes]
[2024-09-23T18:10:55.910+0100] {processor.py:927} WARNING - No viable dags retrieved from /Users/rtewelde/airflow_venv/lib/python3.11/site-packages/airflow/example_dags/example_kubernetes_executor.py
[2024-09-23T18:10:56.042+0100] {processor.py:208} INFO - Processing /Users/rtewelde/airflow_venv/lib/python3.11/site-packages/airflow/example_dags/example_kubernetes_executor.py took 0.166 seconds
[2024-09-23T18:36:36.829+0100] {processor.py:186} INFO - Started process (PID=28026) to work on /Users/rtewelde/airflow_venv/lib/python3.11/site-packages/airflow/example_dags/example_kubernetes_executor.py
[2024-09-23T18:36:36.830+0100] {processor.py:914} INFO - Processing file /Users/rtewelde/airflow_venv/lib/python3.11/site-packages/airflow/example_dags/example_kubernetes_executor.py for tasks to queue
[2024-09-23T18:36:36.831+0100] {logging_mixin.py:190} INFO - [2024-09-23T18:36:36.831+0100] {dagbag.py:588} INFO - Filling up the DagBag from /Users/rtewelde/airflow_venv/lib/python3.11/site-packages/airflow/example_dags/example_kubernetes_executor.py
[2024-09-23T18:36:36.862+0100] {logging_mixin.py:190} INFO - [2024-09-23T18:36:36.862+0100] {example_kubernetes_executor.py:39} WARNING - The example_kubernetes_executor example DAG requires the kubernetes provider. Please install it with: pip install apache-airflow[cncf.kubernetes]
[2024-09-23T18:36:36.862+0100] {processor.py:927} WARNING - No viable dags retrieved from /Users/rtewelde/airflow_venv/lib/python3.11/site-packages/airflow/example_dags/example_kubernetes_executor.py
[2024-09-23T18:36:37.012+0100] {processor.py:208} INFO - Processing /Users/rtewelde/airflow_venv/lib/python3.11/site-packages/airflow/example_dags/example_kubernetes_executor.py took 0.188 seconds
[2024-09-23T18:39:20.362+0100] {processor.py:186} INFO - Started process (PID=28940) to work on /Users/rtewelde/airflow_venv/lib/python3.11/site-packages/airflow/example_dags/example_kubernetes_executor.py
[2024-09-23T18:39:20.364+0100] {processor.py:914} INFO - Processing file /Users/rtewelde/airflow_venv/lib/python3.11/site-packages/airflow/example_dags/example_kubernetes_executor.py for tasks to queue
[2024-09-23T18:39:20.365+0100] {logging_mixin.py:190} INFO - [2024-09-23T18:39:20.365+0100] {dagbag.py:588} INFO - Filling up the DagBag from /Users/rtewelde/airflow_venv/lib/python3.11/site-packages/airflow/example_dags/example_kubernetes_executor.py
[2024-09-23T18:39:20.398+0100] {logging_mixin.py:190} INFO - [2024-09-23T18:39:20.397+0100] {example_kubernetes_executor.py:39} WARNING - The example_kubernetes_executor example DAG requires the kubernetes provider. Please install it with: pip install apache-airflow[cncf.kubernetes]
[2024-09-23T18:39:20.398+0100] {processor.py:927} WARNING - No viable dags retrieved from /Users/rtewelde/airflow_venv/lib/python3.11/site-packages/airflow/example_dags/example_kubernetes_executor.py
[2024-09-23T18:39:20.547+0100] {processor.py:208} INFO - Processing /Users/rtewelde/airflow_venv/lib/python3.11/site-packages/airflow/example_dags/example_kubernetes_executor.py took 0.187 seconds
[2024-09-23T19:01:53.432+0100] {processor.py:186} INFO - Started process (PID=36939) to work on /Users/rtewelde/airflow_venv/lib/python3.11/site-packages/airflow/example_dags/example_kubernetes_executor.py
[2024-09-23T19:01:53.433+0100] {processor.py:914} INFO - Processing file /Users/rtewelde/airflow_venv/lib/python3.11/site-packages/airflow/example_dags/example_kubernetes_executor.py for tasks to queue
[2024-09-23T19:01:53.435+0100] {logging_mixin.py:190} INFO - [2024-09-23T19:01:53.434+0100] {dagbag.py:588} INFO - Filling up the DagBag from /Users/rtewelde/airflow_venv/lib/python3.11/site-packages/airflow/example_dags/example_kubernetes_executor.py
[2024-09-23T19:01:53.465+0100] {logging_mixin.py:190} INFO - [2024-09-23T19:01:53.465+0100] {example_kubernetes_executor.py:39} WARNING - The example_kubernetes_executor example DAG requires the kubernetes provider. Please install it with: pip install apache-airflow[cncf.kubernetes]
[2024-09-23T19:01:53.465+0100] {processor.py:927} WARNING - No viable dags retrieved from /Users/rtewelde/airflow_venv/lib/python3.11/site-packages/airflow/example_dags/example_kubernetes_executor.py
[2024-09-23T19:01:53.608+0100] {processor.py:208} INFO - Processing /Users/rtewelde/airflow_venv/lib/python3.11/site-packages/airflow/example_dags/example_kubernetes_executor.py took 0.179 seconds
[2024-09-23T19:04:53.007+0100] {processor.py:186} INFO - Started process (PID=37835) to work on /Users/rtewelde/airflow_venv/lib/python3.11/site-packages/airflow/example_dags/example_kubernetes_executor.py
[2024-09-23T19:04:53.009+0100] {processor.py:914} INFO - Processing file /Users/rtewelde/airflow_venv/lib/python3.11/site-packages/airflow/example_dags/example_kubernetes_executor.py for tasks to queue
[2024-09-23T19:04:53.010+0100] {logging_mixin.py:190} INFO - [2024-09-23T19:04:53.010+0100] {dagbag.py:588} INFO - Filling up the DagBag from /Users/rtewelde/airflow_venv/lib/python3.11/site-packages/airflow/example_dags/example_kubernetes_executor.py
[2024-09-23T19:04:53.054+0100] {logging_mixin.py:190} INFO - [2024-09-23T19:04:53.054+0100] {example_kubernetes_executor.py:39} WARNING - The example_kubernetes_executor example DAG requires the kubernetes provider. Please install it with: pip install apache-airflow[cncf.kubernetes]
[2024-09-23T19:04:53.055+0100] {processor.py:927} WARNING - No viable dags retrieved from /Users/rtewelde/airflow_venv/lib/python3.11/site-packages/airflow/example_dags/example_kubernetes_executor.py
[2024-09-23T19:04:53.273+0100] {processor.py:208} INFO - Processing /Users/rtewelde/airflow_venv/lib/python3.11/site-packages/airflow/example_dags/example_kubernetes_executor.py took 0.269 seconds
[2024-09-23T19:07:19.319+0100] {processor.py:186} INFO - Started process (PID=38548) to work on /Users/rtewelde/airflow_venv/lib/python3.11/site-packages/airflow/example_dags/example_kubernetes_executor.py
[2024-09-23T19:07:19.320+0100] {processor.py:914} INFO - Processing file /Users/rtewelde/airflow_venv/lib/python3.11/site-packages/airflow/example_dags/example_kubernetes_executor.py for tasks to queue
[2024-09-23T19:07:19.321+0100] {logging_mixin.py:190} INFO - [2024-09-23T19:07:19.321+0100] {dagbag.py:588} INFO - Filling up the DagBag from /Users/rtewelde/airflow_venv/lib/python3.11/site-packages/airflow/example_dags/example_kubernetes_executor.py
[2024-09-23T19:07:19.351+0100] {logging_mixin.py:190} INFO - [2024-09-23T19:07:19.351+0100] {example_kubernetes_executor.py:39} WARNING - The example_kubernetes_executor example DAG requires the kubernetes provider. Please install it with: pip install apache-airflow[cncf.kubernetes]
[2024-09-23T19:07:19.351+0100] {processor.py:927} WARNING - No viable dags retrieved from /Users/rtewelde/airflow_venv/lib/python3.11/site-packages/airflow/example_dags/example_kubernetes_executor.py
[2024-09-23T19:07:19.490+0100] {processor.py:208} INFO - Processing /Users/rtewelde/airflow_venv/lib/python3.11/site-packages/airflow/example_dags/example_kubernetes_executor.py took 0.174 seconds
[2024-09-23T19:09:45.872+0100] {processor.py:186} INFO - Started process (PID=39234) to work on /Users/rtewelde/airflow_venv/lib/python3.11/site-packages/airflow/example_dags/example_kubernetes_executor.py
[2024-09-23T19:09:45.873+0100] {processor.py:914} INFO - Processing file /Users/rtewelde/airflow_venv/lib/python3.11/site-packages/airflow/example_dags/example_kubernetes_executor.py for tasks to queue
[2024-09-23T19:09:45.874+0100] {logging_mixin.py:190} INFO - [2024-09-23T19:09:45.874+0100] {dagbag.py:588} INFO - Filling up the DagBag from /Users/rtewelde/airflow_venv/lib/python3.11/site-packages/airflow/example_dags/example_kubernetes_executor.py
[2024-09-23T19:09:45.907+0100] {logging_mixin.py:190} INFO - [2024-09-23T19:09:45.907+0100] {example_kubernetes_executor.py:39} WARNING - The example_kubernetes_executor example DAG requires the kubernetes provider. Please install it with: pip install apache-airflow[cncf.kubernetes]
[2024-09-23T19:09:45.908+0100] {processor.py:927} WARNING - No viable dags retrieved from /Users/rtewelde/airflow_venv/lib/python3.11/site-packages/airflow/example_dags/example_kubernetes_executor.py
[2024-09-23T19:09:46.056+0100] {processor.py:208} INFO - Processing /Users/rtewelde/airflow_venv/lib/python3.11/site-packages/airflow/example_dags/example_kubernetes_executor.py took 0.186 seconds
[2024-09-23T19:14:15.728+0100] {processor.py:186} INFO - Started process (PID=40481) to work on /Users/rtewelde/airflow_venv/lib/python3.11/site-packages/airflow/example_dags/example_kubernetes_executor.py
[2024-09-23T19:14:15.730+0100] {processor.py:914} INFO - Processing file /Users/rtewelde/airflow_venv/lib/python3.11/site-packages/airflow/example_dags/example_kubernetes_executor.py for tasks to queue
[2024-09-23T19:14:15.731+0100] {logging_mixin.py:190} INFO - [2024-09-23T19:14:15.731+0100] {dagbag.py:588} INFO - Filling up the DagBag from /Users/rtewelde/airflow_venv/lib/python3.11/site-packages/airflow/example_dags/example_kubernetes_executor.py
[2024-09-23T19:14:15.760+0100] {logging_mixin.py:190} INFO - [2024-09-23T19:14:15.760+0100] {example_kubernetes_executor.py:39} WARNING - The example_kubernetes_executor example DAG requires the kubernetes provider. Please install it with: pip install apache-airflow[cncf.kubernetes]
[2024-09-23T19:14:15.761+0100] {processor.py:927} WARNING - No viable dags retrieved from /Users/rtewelde/airflow_venv/lib/python3.11/site-packages/airflow/example_dags/example_kubernetes_executor.py
[2024-09-23T19:14:15.908+0100] {processor.py:208} INFO - Processing /Users/rtewelde/airflow_venv/lib/python3.11/site-packages/airflow/example_dags/example_kubernetes_executor.py took 0.182 seconds
[2024-09-23T19:18:47.433+0100] {processor.py:186} INFO - Started process (PID=41780) to work on /Users/rtewelde/airflow_venv/lib/python3.11/site-packages/airflow/example_dags/example_kubernetes_executor.py
[2024-09-23T19:18:47.434+0100] {processor.py:914} INFO - Processing file /Users/rtewelde/airflow_venv/lib/python3.11/site-packages/airflow/example_dags/example_kubernetes_executor.py for tasks to queue
[2024-09-23T19:18:47.435+0100] {logging_mixin.py:190} INFO - [2024-09-23T19:18:47.435+0100] {dagbag.py:588} INFO - Filling up the DagBag from /Users/rtewelde/airflow_venv/lib/python3.11/site-packages/airflow/example_dags/example_kubernetes_executor.py
[2024-09-23T19:18:47.467+0100] {logging_mixin.py:190} INFO - [2024-09-23T19:18:47.467+0100] {example_kubernetes_executor.py:39} WARNING - The example_kubernetes_executor example DAG requires the kubernetes provider. Please install it with: pip install apache-airflow[cncf.kubernetes]
[2024-09-23T19:18:47.467+0100] {processor.py:927} WARNING - No viable dags retrieved from /Users/rtewelde/airflow_venv/lib/python3.11/site-packages/airflow/example_dags/example_kubernetes_executor.py
[2024-09-23T19:18:47.601+0100] {processor.py:208} INFO - Processing /Users/rtewelde/airflow_venv/lib/python3.11/site-packages/airflow/example_dags/example_kubernetes_executor.py took 0.170 seconds
[2024-09-23T19:23:19.217+0100] {processor.py:186} INFO - Started process (PID=43072) to work on /Users/rtewelde/airflow_venv/lib/python3.11/site-packages/airflow/example_dags/example_kubernetes_executor.py
[2024-09-23T19:23:19.218+0100] {processor.py:914} INFO - Processing file /Users/rtewelde/airflow_venv/lib/python3.11/site-packages/airflow/example_dags/example_kubernetes_executor.py for tasks to queue
[2024-09-23T19:23:19.219+0100] {logging_mixin.py:190} INFO - [2024-09-23T19:23:19.218+0100] {dagbag.py:588} INFO - Filling up the DagBag from /Users/rtewelde/airflow_venv/lib/python3.11/site-packages/airflow/example_dags/example_kubernetes_executor.py
[2024-09-23T19:23:19.248+0100] {logging_mixin.py:190} INFO - [2024-09-23T19:23:19.248+0100] {example_kubernetes_executor.py:39} WARNING - The example_kubernetes_executor example DAG requires the kubernetes provider. Please install it with: pip install apache-airflow[cncf.kubernetes]
[2024-09-23T19:23:19.248+0100] {processor.py:927} WARNING - No viable dags retrieved from /Users/rtewelde/airflow_venv/lib/python3.11/site-packages/airflow/example_dags/example_kubernetes_executor.py
[2024-09-23T19:23:19.386+0100] {processor.py:208} INFO - Processing /Users/rtewelde/airflow_venv/lib/python3.11/site-packages/airflow/example_dags/example_kubernetes_executor.py took 0.172 seconds
[2024-09-23T19:27:52.705+0100] {processor.py:186} INFO - Started process (PID=44359) to work on /Users/rtewelde/airflow_venv/lib/python3.11/site-packages/airflow/example_dags/example_kubernetes_executor.py
[2024-09-23T19:27:52.706+0100] {processor.py:914} INFO - Processing file /Users/rtewelde/airflow_venv/lib/python3.11/site-packages/airflow/example_dags/example_kubernetes_executor.py for tasks to queue
[2024-09-23T19:27:52.707+0100] {logging_mixin.py:190} INFO - [2024-09-23T19:27:52.706+0100] {dagbag.py:588} INFO - Filling up the DagBag from /Users/rtewelde/airflow_venv/lib/python3.11/site-packages/airflow/example_dags/example_kubernetes_executor.py
[2024-09-23T19:27:52.738+0100] {logging_mixin.py:190} INFO - [2024-09-23T19:27:52.737+0100] {example_kubernetes_executor.py:39} WARNING - The example_kubernetes_executor example DAG requires the kubernetes provider. Please install it with: pip install apache-airflow[cncf.kubernetes]
[2024-09-23T19:27:52.738+0100] {processor.py:927} WARNING - No viable dags retrieved from /Users/rtewelde/airflow_venv/lib/python3.11/site-packages/airflow/example_dags/example_kubernetes_executor.py
[2024-09-23T19:27:52.884+0100] {processor.py:208} INFO - Processing /Users/rtewelde/airflow_venv/lib/python3.11/site-packages/airflow/example_dags/example_kubernetes_executor.py took 0.182 seconds
[2024-09-23T19:32:23.478+0100] {processor.py:186} INFO - Started process (PID=45631) to work on /Users/rtewelde/airflow_venv/lib/python3.11/site-packages/airflow/example_dags/example_kubernetes_executor.py
[2024-09-23T19:32:23.479+0100] {processor.py:914} INFO - Processing file /Users/rtewelde/airflow_venv/lib/python3.11/site-packages/airflow/example_dags/example_kubernetes_executor.py for tasks to queue
[2024-09-23T19:32:23.480+0100] {logging_mixin.py:190} INFO - [2024-09-23T19:32:23.479+0100] {dagbag.py:588} INFO - Filling up the DagBag from /Users/rtewelde/airflow_venv/lib/python3.11/site-packages/airflow/example_dags/example_kubernetes_executor.py
[2024-09-23T19:32:23.512+0100] {logging_mixin.py:190} INFO - [2024-09-23T19:32:23.512+0100] {example_kubernetes_executor.py:39} WARNING - The example_kubernetes_executor example DAG requires the kubernetes provider. Please install it with: pip install apache-airflow[cncf.kubernetes]
[2024-09-23T19:32:23.512+0100] {processor.py:927} WARNING - No viable dags retrieved from /Users/rtewelde/airflow_venv/lib/python3.11/site-packages/airflow/example_dags/example_kubernetes_executor.py
[2024-09-23T19:32:23.657+0100] {processor.py:208} INFO - Processing /Users/rtewelde/airflow_venv/lib/python3.11/site-packages/airflow/example_dags/example_kubernetes_executor.py took 0.181 seconds
[2024-09-23T19:36:53.473+0100] {processor.py:186} INFO - Started process (PID=46896) to work on /Users/rtewelde/airflow_venv/lib/python3.11/site-packages/airflow/example_dags/example_kubernetes_executor.py
[2024-09-23T19:36:53.474+0100] {processor.py:914} INFO - Processing file /Users/rtewelde/airflow_venv/lib/python3.11/site-packages/airflow/example_dags/example_kubernetes_executor.py for tasks to queue
[2024-09-23T19:36:53.475+0100] {logging_mixin.py:190} INFO - [2024-09-23T19:36:53.474+0100] {dagbag.py:588} INFO - Filling up the DagBag from /Users/rtewelde/airflow_venv/lib/python3.11/site-packages/airflow/example_dags/example_kubernetes_executor.py
[2024-09-23T19:36:53.504+0100] {logging_mixin.py:190} INFO - [2024-09-23T19:36:53.504+0100] {example_kubernetes_executor.py:39} WARNING - The example_kubernetes_executor example DAG requires the kubernetes provider. Please install it with: pip install apache-airflow[cncf.kubernetes]
[2024-09-23T19:36:53.505+0100] {processor.py:927} WARNING - No viable dags retrieved from /Users/rtewelde/airflow_venv/lib/python3.11/site-packages/airflow/example_dags/example_kubernetes_executor.py
[2024-09-23T19:36:53.638+0100] {processor.py:208} INFO - Processing /Users/rtewelde/airflow_venv/lib/python3.11/site-packages/airflow/example_dags/example_kubernetes_executor.py took 0.168 seconds
[2024-09-23T19:41:20.505+0100] {processor.py:186} INFO - Started process (PID=48135) to work on /Users/rtewelde/airflow_venv/lib/python3.11/site-packages/airflow/example_dags/example_kubernetes_executor.py
[2024-09-23T19:41:20.506+0100] {processor.py:914} INFO - Processing file /Users/rtewelde/airflow_venv/lib/python3.11/site-packages/airflow/example_dags/example_kubernetes_executor.py for tasks to queue
[2024-09-23T19:41:20.507+0100] {logging_mixin.py:190} INFO - [2024-09-23T19:41:20.506+0100] {dagbag.py:588} INFO - Filling up the DagBag from /Users/rtewelde/airflow_venv/lib/python3.11/site-packages/airflow/example_dags/example_kubernetes_executor.py
[2024-09-23T19:41:20.535+0100] {logging_mixin.py:190} INFO - [2024-09-23T19:41:20.535+0100] {example_kubernetes_executor.py:39} WARNING - The example_kubernetes_executor example DAG requires the kubernetes provider. Please install it with: pip install apache-airflow[cncf.kubernetes]
[2024-09-23T19:41:20.536+0100] {processor.py:927} WARNING - No viable dags retrieved from /Users/rtewelde/airflow_venv/lib/python3.11/site-packages/airflow/example_dags/example_kubernetes_executor.py
[2024-09-23T19:41:20.672+0100] {processor.py:208} INFO - Processing /Users/rtewelde/airflow_venv/lib/python3.11/site-packages/airflow/example_dags/example_kubernetes_executor.py took 0.169 seconds
[2024-09-23T19:45:50.869+0100] {processor.py:186} INFO - Started process (PID=49381) to work on /Users/rtewelde/airflow_venv/lib/python3.11/site-packages/airflow/example_dags/example_kubernetes_executor.py
[2024-09-23T19:45:50.870+0100] {processor.py:914} INFO - Processing file /Users/rtewelde/airflow_venv/lib/python3.11/site-packages/airflow/example_dags/example_kubernetes_executor.py for tasks to queue
[2024-09-23T19:45:50.871+0100] {logging_mixin.py:190} INFO - [2024-09-23T19:45:50.871+0100] {dagbag.py:588} INFO - Filling up the DagBag from /Users/rtewelde/airflow_venv/lib/python3.11/site-packages/airflow/example_dags/example_kubernetes_executor.py
[2024-09-23T19:45:50.900+0100] {logging_mixin.py:190} INFO - [2024-09-23T19:45:50.900+0100] {example_kubernetes_executor.py:39} WARNING - The example_kubernetes_executor example DAG requires the kubernetes provider. Please install it with: pip install apache-airflow[cncf.kubernetes]
[2024-09-23T19:45:50.900+0100] {processor.py:927} WARNING - No viable dags retrieved from /Users/rtewelde/airflow_venv/lib/python3.11/site-packages/airflow/example_dags/example_kubernetes_executor.py
[2024-09-23T19:45:51.036+0100] {processor.py:208} INFO - Processing /Users/rtewelde/airflow_venv/lib/python3.11/site-packages/airflow/example_dags/example_kubernetes_executor.py took 0.168 seconds
[2024-09-23T19:50:20.301+0100] {processor.py:186} INFO - Started process (PID=50624) to work on /Users/rtewelde/airflow_venv/lib/python3.11/site-packages/airflow/example_dags/example_kubernetes_executor.py
[2024-09-23T19:50:20.301+0100] {processor.py:914} INFO - Processing file /Users/rtewelde/airflow_venv/lib/python3.11/site-packages/airflow/example_dags/example_kubernetes_executor.py for tasks to queue
[2024-09-23T19:50:20.302+0100] {logging_mixin.py:190} INFO - [2024-09-23T19:50:20.302+0100] {dagbag.py:588} INFO - Filling up the DagBag from /Users/rtewelde/airflow_venv/lib/python3.11/site-packages/airflow/example_dags/example_kubernetes_executor.py
[2024-09-23T19:50:20.330+0100] {logging_mixin.py:190} INFO - [2024-09-23T19:50:20.330+0100] {example_kubernetes_executor.py:39} WARNING - The example_kubernetes_executor example DAG requires the kubernetes provider. Please install it with: pip install apache-airflow[cncf.kubernetes]
[2024-09-23T19:50:20.330+0100] {processor.py:927} WARNING - No viable dags retrieved from /Users/rtewelde/airflow_venv/lib/python3.11/site-packages/airflow/example_dags/example_kubernetes_executor.py
[2024-09-23T19:50:20.468+0100] {processor.py:208} INFO - Processing /Users/rtewelde/airflow_venv/lib/python3.11/site-packages/airflow/example_dags/example_kubernetes_executor.py took 0.169 seconds
[2024-09-23T19:54:48.567+0100] {processor.py:186} INFO - Started process (PID=51854) to work on /Users/rtewelde/airflow_venv/lib/python3.11/site-packages/airflow/example_dags/example_kubernetes_executor.py
[2024-09-23T19:54:48.568+0100] {processor.py:914} INFO - Processing file /Users/rtewelde/airflow_venv/lib/python3.11/site-packages/airflow/example_dags/example_kubernetes_executor.py for tasks to queue
[2024-09-23T19:54:48.568+0100] {logging_mixin.py:190} INFO - [2024-09-23T19:54:48.568+0100] {dagbag.py:588} INFO - Filling up the DagBag from /Users/rtewelde/airflow_venv/lib/python3.11/site-packages/airflow/example_dags/example_kubernetes_executor.py
[2024-09-23T19:54:48.596+0100] {logging_mixin.py:190} INFO - [2024-09-23T19:54:48.596+0100] {example_kubernetes_executor.py:39} WARNING - The example_kubernetes_executor example DAG requires the kubernetes provider. Please install it with: pip install apache-airflow[cncf.kubernetes]
[2024-09-23T19:54:48.596+0100] {processor.py:927} WARNING - No viable dags retrieved from /Users/rtewelde/airflow_venv/lib/python3.11/site-packages/airflow/example_dags/example_kubernetes_executor.py
[2024-09-23T19:54:48.736+0100] {processor.py:208} INFO - Processing /Users/rtewelde/airflow_venv/lib/python3.11/site-packages/airflow/example_dags/example_kubernetes_executor.py took 0.172 seconds
[2024-09-23T19:59:16.928+0100] {processor.py:186} INFO - Started process (PID=53096) to work on /Users/rtewelde/airflow_venv/lib/python3.11/site-packages/airflow/example_dags/example_kubernetes_executor.py
[2024-09-23T19:59:16.929+0100] {processor.py:914} INFO - Processing file /Users/rtewelde/airflow_venv/lib/python3.11/site-packages/airflow/example_dags/example_kubernetes_executor.py for tasks to queue
[2024-09-23T19:59:16.929+0100] {logging_mixin.py:190} INFO - [2024-09-23T19:59:16.929+0100] {dagbag.py:588} INFO - Filling up the DagBag from /Users/rtewelde/airflow_venv/lib/python3.11/site-packages/airflow/example_dags/example_kubernetes_executor.py
[2024-09-23T19:59:16.958+0100] {logging_mixin.py:190} INFO - [2024-09-23T19:59:16.958+0100] {example_kubernetes_executor.py:39} WARNING - The example_kubernetes_executor example DAG requires the kubernetes provider. Please install it with: pip install apache-airflow[cncf.kubernetes]
[2024-09-23T19:59:16.959+0100] {processor.py:927} WARNING - No viable dags retrieved from /Users/rtewelde/airflow_venv/lib/python3.11/site-packages/airflow/example_dags/example_kubernetes_executor.py
[2024-09-23T19:59:17.092+0100] {processor.py:208} INFO - Processing /Users/rtewelde/airflow_venv/lib/python3.11/site-packages/airflow/example_dags/example_kubernetes_executor.py took 0.167 seconds
[2024-09-23T20:03:36.740+0100] {processor.py:186} INFO - Started process (PID=54302) to work on /Users/rtewelde/airflow_venv/lib/python3.11/site-packages/airflow/example_dags/example_kubernetes_executor.py
[2024-09-23T20:03:36.741+0100] {processor.py:914} INFO - Processing file /Users/rtewelde/airflow_venv/lib/python3.11/site-packages/airflow/example_dags/example_kubernetes_executor.py for tasks to queue
[2024-09-23T20:03:36.741+0100] {logging_mixin.py:190} INFO - [2024-09-23T20:03:36.741+0100] {dagbag.py:588} INFO - Filling up the DagBag from /Users/rtewelde/airflow_venv/lib/python3.11/site-packages/airflow/example_dags/example_kubernetes_executor.py
[2024-09-23T20:03:36.769+0100] {logging_mixin.py:190} INFO - [2024-09-23T20:03:36.768+0100] {example_kubernetes_executor.py:39} WARNING - The example_kubernetes_executor example DAG requires the kubernetes provider. Please install it with: pip install apache-airflow[cncf.kubernetes]
[2024-09-23T20:03:36.769+0100] {processor.py:927} WARNING - No viable dags retrieved from /Users/rtewelde/airflow_venv/lib/python3.11/site-packages/airflow/example_dags/example_kubernetes_executor.py
[2024-09-23T20:03:36.904+0100] {processor.py:208} INFO - Processing /Users/rtewelde/airflow_venv/lib/python3.11/site-packages/airflow/example_dags/example_kubernetes_executor.py took 0.167 seconds
[2024-09-23T20:08:04.825+0100] {processor.py:186} INFO - Started process (PID=55549) to work on /Users/rtewelde/airflow_venv/lib/python3.11/site-packages/airflow/example_dags/example_kubernetes_executor.py
[2024-09-23T20:08:04.826+0100] {processor.py:914} INFO - Processing file /Users/rtewelde/airflow_venv/lib/python3.11/site-packages/airflow/example_dags/example_kubernetes_executor.py for tasks to queue
[2024-09-23T20:08:04.827+0100] {logging_mixin.py:190} INFO - [2024-09-23T20:08:04.826+0100] {dagbag.py:588} INFO - Filling up the DagBag from /Users/rtewelde/airflow_venv/lib/python3.11/site-packages/airflow/example_dags/example_kubernetes_executor.py
[2024-09-23T20:08:04.855+0100] {logging_mixin.py:190} INFO - [2024-09-23T20:08:04.855+0100] {example_kubernetes_executor.py:39} WARNING - The example_kubernetes_executor example DAG requires the kubernetes provider. Please install it with: pip install apache-airflow[cncf.kubernetes]
[2024-09-23T20:08:04.856+0100] {processor.py:927} WARNING - No viable dags retrieved from /Users/rtewelde/airflow_venv/lib/python3.11/site-packages/airflow/example_dags/example_kubernetes_executor.py
[2024-09-23T20:08:04.990+0100] {processor.py:208} INFO - Processing /Users/rtewelde/airflow_venv/lib/python3.11/site-packages/airflow/example_dags/example_kubernetes_executor.py took 0.167 seconds
[2024-09-23T20:12:34.545+0100] {processor.py:186} INFO - Started process (PID=56784) to work on /Users/rtewelde/airflow_venv/lib/python3.11/site-packages/airflow/example_dags/example_kubernetes_executor.py
[2024-09-23T20:12:34.546+0100] {processor.py:914} INFO - Processing file /Users/rtewelde/airflow_venv/lib/python3.11/site-packages/airflow/example_dags/example_kubernetes_executor.py for tasks to queue
[2024-09-23T20:12:34.548+0100] {logging_mixin.py:190} INFO - [2024-09-23T20:12:34.547+0100] {dagbag.py:588} INFO - Filling up the DagBag from /Users/rtewelde/airflow_venv/lib/python3.11/site-packages/airflow/example_dags/example_kubernetes_executor.py
[2024-09-23T20:12:34.575+0100] {logging_mixin.py:190} INFO - [2024-09-23T20:12:34.575+0100] {example_kubernetes_executor.py:39} WARNING - The example_kubernetes_executor example DAG requires the kubernetes provider. Please install it with: pip install apache-airflow[cncf.kubernetes]
[2024-09-23T20:12:34.576+0100] {processor.py:927} WARNING - No viable dags retrieved from /Users/rtewelde/airflow_venv/lib/python3.11/site-packages/airflow/example_dags/example_kubernetes_executor.py
[2024-09-23T20:12:34.719+0100] {processor.py:208} INFO - Processing /Users/rtewelde/airflow_venv/lib/python3.11/site-packages/airflow/example_dags/example_kubernetes_executor.py took 0.176 seconds
[2024-09-23T20:17:05.670+0100] {processor.py:186} INFO - Started process (PID=58047) to work on /Users/rtewelde/airflow_venv/lib/python3.11/site-packages/airflow/example_dags/example_kubernetes_executor.py
[2024-09-23T20:17:05.672+0100] {processor.py:914} INFO - Processing file /Users/rtewelde/airflow_venv/lib/python3.11/site-packages/airflow/example_dags/example_kubernetes_executor.py for tasks to queue
[2024-09-23T20:17:05.674+0100] {logging_mixin.py:190} INFO - [2024-09-23T20:17:05.674+0100] {dagbag.py:588} INFO - Filling up the DagBag from /Users/rtewelde/airflow_venv/lib/python3.11/site-packages/airflow/example_dags/example_kubernetes_executor.py
[2024-09-23T20:17:05.706+0100] {logging_mixin.py:190} INFO - [2024-09-23T20:17:05.705+0100] {example_kubernetes_executor.py:39} WARNING - The example_kubernetes_executor example DAG requires the kubernetes provider. Please install it with: pip install apache-airflow[cncf.kubernetes]
[2024-09-23T20:17:05.706+0100] {processor.py:927} WARNING - No viable dags retrieved from /Users/rtewelde/airflow_venv/lib/python3.11/site-packages/airflow/example_dags/example_kubernetes_executor.py
[2024-09-23T20:17:05.848+0100] {processor.py:208} INFO - Processing /Users/rtewelde/airflow_venv/lib/python3.11/site-packages/airflow/example_dags/example_kubernetes_executor.py took 0.181 seconds
[2024-09-23T20:21:38.622+0100] {processor.py:186} INFO - Started process (PID=59332) to work on /Users/rtewelde/airflow_venv/lib/python3.11/site-packages/airflow/example_dags/example_kubernetes_executor.py
[2024-09-23T20:21:38.623+0100] {processor.py:914} INFO - Processing file /Users/rtewelde/airflow_venv/lib/python3.11/site-packages/airflow/example_dags/example_kubernetes_executor.py for tasks to queue
[2024-09-23T20:21:38.624+0100] {logging_mixin.py:190} INFO - [2024-09-23T20:21:38.624+0100] {dagbag.py:588} INFO - Filling up the DagBag from /Users/rtewelde/airflow_venv/lib/python3.11/site-packages/airflow/example_dags/example_kubernetes_executor.py
[2024-09-23T20:21:38.652+0100] {logging_mixin.py:190} INFO - [2024-09-23T20:21:38.652+0100] {example_kubernetes_executor.py:39} WARNING - The example_kubernetes_executor example DAG requires the kubernetes provider. Please install it with: pip install apache-airflow[cncf.kubernetes]
[2024-09-23T20:21:38.652+0100] {processor.py:927} WARNING - No viable dags retrieved from /Users/rtewelde/airflow_venv/lib/python3.11/site-packages/airflow/example_dags/example_kubernetes_executor.py
[2024-09-23T20:21:38.803+0100] {processor.py:208} INFO - Processing /Users/rtewelde/airflow_venv/lib/python3.11/site-packages/airflow/example_dags/example_kubernetes_executor.py took 0.184 seconds
[2024-09-23T20:26:11.512+0100] {processor.py:186} INFO - Started process (PID=60585) to work on /Users/rtewelde/airflow_venv/lib/python3.11/site-packages/airflow/example_dags/example_kubernetes_executor.py
[2024-09-23T20:26:11.513+0100] {processor.py:914} INFO - Processing file /Users/rtewelde/airflow_venv/lib/python3.11/site-packages/airflow/example_dags/example_kubernetes_executor.py for tasks to queue
[2024-09-23T20:26:11.514+0100] {logging_mixin.py:190} INFO - [2024-09-23T20:26:11.514+0100] {dagbag.py:588} INFO - Filling up the DagBag from /Users/rtewelde/airflow_venv/lib/python3.11/site-packages/airflow/example_dags/example_kubernetes_executor.py
[2024-09-23T20:26:11.543+0100] {logging_mixin.py:190} INFO - [2024-09-23T20:26:11.543+0100] {example_kubernetes_executor.py:39} WARNING - The example_kubernetes_executor example DAG requires the kubernetes provider. Please install it with: pip install apache-airflow[cncf.kubernetes]
[2024-09-23T20:26:11.543+0100] {processor.py:927} WARNING - No viable dags retrieved from /Users/rtewelde/airflow_venv/lib/python3.11/site-packages/airflow/example_dags/example_kubernetes_executor.py
[2024-09-23T20:26:11.683+0100] {processor.py:208} INFO - Processing /Users/rtewelde/airflow_venv/lib/python3.11/site-packages/airflow/example_dags/example_kubernetes_executor.py took 0.173 seconds
[2024-09-23T20:30:41.706+0100] {processor.py:186} INFO - Started process (PID=61858) to work on /Users/rtewelde/airflow_venv/lib/python3.11/site-packages/airflow/example_dags/example_kubernetes_executor.py
[2024-09-23T20:30:41.707+0100] {processor.py:914} INFO - Processing file /Users/rtewelde/airflow_venv/lib/python3.11/site-packages/airflow/example_dags/example_kubernetes_executor.py for tasks to queue
[2024-09-23T20:30:41.708+0100] {logging_mixin.py:190} INFO - [2024-09-23T20:30:41.707+0100] {dagbag.py:588} INFO - Filling up the DagBag from /Users/rtewelde/airflow_venv/lib/python3.11/site-packages/airflow/example_dags/example_kubernetes_executor.py
[2024-09-23T20:30:41.737+0100] {logging_mixin.py:190} INFO - [2024-09-23T20:30:41.737+0100] {example_kubernetes_executor.py:39} WARNING - The example_kubernetes_executor example DAG requires the kubernetes provider. Please install it with: pip install apache-airflow[cncf.kubernetes]
[2024-09-23T20:30:41.738+0100] {processor.py:927} WARNING - No viable dags retrieved from /Users/rtewelde/airflow_venv/lib/python3.11/site-packages/airflow/example_dags/example_kubernetes_executor.py
[2024-09-23T20:30:41.871+0100] {processor.py:208} INFO - Processing /Users/rtewelde/airflow_venv/lib/python3.11/site-packages/airflow/example_dags/example_kubernetes_executor.py took 0.167 seconds
[2024-09-23T20:35:06.338+0100] {processor.py:186} INFO - Started process (PID=63073) to work on /Users/rtewelde/airflow_venv/lib/python3.11/site-packages/airflow/example_dags/example_kubernetes_executor.py
[2024-09-23T20:35:06.338+0100] {processor.py:914} INFO - Processing file /Users/rtewelde/airflow_venv/lib/python3.11/site-packages/airflow/example_dags/example_kubernetes_executor.py for tasks to queue
[2024-09-23T20:35:06.339+0100] {logging_mixin.py:190} INFO - [2024-09-23T20:35:06.339+0100] {dagbag.py:588} INFO - Filling up the DagBag from /Users/rtewelde/airflow_venv/lib/python3.11/site-packages/airflow/example_dags/example_kubernetes_executor.py
[2024-09-23T20:35:06.378+0100] {logging_mixin.py:190} INFO - [2024-09-23T20:35:06.378+0100] {example_kubernetes_executor.py:39} WARNING - The example_kubernetes_executor example DAG requires the kubernetes provider. Please install it with: pip install apache-airflow[cncf.kubernetes]
[2024-09-23T20:35:06.378+0100] {processor.py:927} WARNING - No viable dags retrieved from /Users/rtewelde/airflow_venv/lib/python3.11/site-packages/airflow/example_dags/example_kubernetes_executor.py
[2024-09-23T20:35:06.538+0100] {processor.py:208} INFO - Processing /Users/rtewelde/airflow_venv/lib/python3.11/site-packages/airflow/example_dags/example_kubernetes_executor.py took 0.202 seconds
[2024-09-23T20:39:36.908+0100] {processor.py:186} INFO - Started process (PID=64323) to work on /Users/rtewelde/airflow_venv/lib/python3.11/site-packages/airflow/example_dags/example_kubernetes_executor.py
[2024-09-23T20:39:36.908+0100] {processor.py:914} INFO - Processing file /Users/rtewelde/airflow_venv/lib/python3.11/site-packages/airflow/example_dags/example_kubernetes_executor.py for tasks to queue
[2024-09-23T20:39:36.909+0100] {logging_mixin.py:190} INFO - [2024-09-23T20:39:36.909+0100] {dagbag.py:588} INFO - Filling up the DagBag from /Users/rtewelde/airflow_venv/lib/python3.11/site-packages/airflow/example_dags/example_kubernetes_executor.py
[2024-09-23T20:39:36.938+0100] {logging_mixin.py:190} INFO - [2024-09-23T20:39:36.937+0100] {example_kubernetes_executor.py:39} WARNING - The example_kubernetes_executor example DAG requires the kubernetes provider. Please install it with: pip install apache-airflow[cncf.kubernetes]
[2024-09-23T20:39:36.938+0100] {processor.py:927} WARNING - No viable dags retrieved from /Users/rtewelde/airflow_venv/lib/python3.11/site-packages/airflow/example_dags/example_kubernetes_executor.py
[2024-09-23T20:39:37.077+0100] {processor.py:208} INFO - Processing /Users/rtewelde/airflow_venv/lib/python3.11/site-packages/airflow/example_dags/example_kubernetes_executor.py took 0.171 seconds
[2024-09-23T20:44:11.367+0100] {processor.py:186} INFO - Started process (PID=65594) to work on /Users/rtewelde/airflow_venv/lib/python3.11/site-packages/airflow/example_dags/example_kubernetes_executor.py
[2024-09-23T20:44:11.368+0100] {processor.py:914} INFO - Processing file /Users/rtewelde/airflow_venv/lib/python3.11/site-packages/airflow/example_dags/example_kubernetes_executor.py for tasks to queue
[2024-09-23T20:44:11.369+0100] {logging_mixin.py:190} INFO - [2024-09-23T20:44:11.369+0100] {dagbag.py:588} INFO - Filling up the DagBag from /Users/rtewelde/airflow_venv/lib/python3.11/site-packages/airflow/example_dags/example_kubernetes_executor.py
[2024-09-23T20:44:11.397+0100] {logging_mixin.py:190} INFO - [2024-09-23T20:44:11.397+0100] {example_kubernetes_executor.py:39} WARNING - The example_kubernetes_executor example DAG requires the kubernetes provider. Please install it with: pip install apache-airflow[cncf.kubernetes]
[2024-09-23T20:44:11.398+0100] {processor.py:927} WARNING - No viable dags retrieved from /Users/rtewelde/airflow_venv/lib/python3.11/site-packages/airflow/example_dags/example_kubernetes_executor.py
[2024-09-23T20:44:11.530+0100] {processor.py:208} INFO - Processing /Users/rtewelde/airflow_venv/lib/python3.11/site-packages/airflow/example_dags/example_kubernetes_executor.py took 0.165 seconds
[2024-09-23T20:48:41.826+0100] {processor.py:186} INFO - Started process (PID=66839) to work on /Users/rtewelde/airflow_venv/lib/python3.11/site-packages/airflow/example_dags/example_kubernetes_executor.py
[2024-09-23T20:48:41.827+0100] {processor.py:914} INFO - Processing file /Users/rtewelde/airflow_venv/lib/python3.11/site-packages/airflow/example_dags/example_kubernetes_executor.py for tasks to queue
[2024-09-23T20:48:41.828+0100] {logging_mixin.py:190} INFO - [2024-09-23T20:48:41.828+0100] {dagbag.py:588} INFO - Filling up the DagBag from /Users/rtewelde/airflow_venv/lib/python3.11/site-packages/airflow/example_dags/example_kubernetes_executor.py
[2024-09-23T20:48:41.857+0100] {logging_mixin.py:190} INFO - [2024-09-23T20:48:41.857+0100] {example_kubernetes_executor.py:39} WARNING - The example_kubernetes_executor example DAG requires the kubernetes provider. Please install it with: pip install apache-airflow[cncf.kubernetes]
[2024-09-23T20:48:41.857+0100] {processor.py:927} WARNING - No viable dags retrieved from /Users/rtewelde/airflow_venv/lib/python3.11/site-packages/airflow/example_dags/example_kubernetes_executor.py
[2024-09-23T20:48:41.990+0100] {processor.py:208} INFO - Processing /Users/rtewelde/airflow_venv/lib/python3.11/site-packages/airflow/example_dags/example_kubernetes_executor.py took 0.167 seconds
[2024-09-23T20:53:11.251+0100] {processor.py:186} INFO - Started process (PID=68082) to work on /Users/rtewelde/airflow_venv/lib/python3.11/site-packages/airflow/example_dags/example_kubernetes_executor.py
[2024-09-23T20:53:11.252+0100] {processor.py:914} INFO - Processing file /Users/rtewelde/airflow_venv/lib/python3.11/site-packages/airflow/example_dags/example_kubernetes_executor.py for tasks to queue
[2024-09-23T20:53:11.253+0100] {logging_mixin.py:190} INFO - [2024-09-23T20:53:11.253+0100] {dagbag.py:588} INFO - Filling up the DagBag from /Users/rtewelde/airflow_venv/lib/python3.11/site-packages/airflow/example_dags/example_kubernetes_executor.py
[2024-09-23T20:53:11.282+0100] {logging_mixin.py:190} INFO - [2024-09-23T20:53:11.281+0100] {example_kubernetes_executor.py:39} WARNING - The example_kubernetes_executor example DAG requires the kubernetes provider. Please install it with: pip install apache-airflow[cncf.kubernetes]
[2024-09-23T20:53:11.282+0100] {processor.py:927} WARNING - No viable dags retrieved from /Users/rtewelde/airflow_venv/lib/python3.11/site-packages/airflow/example_dags/example_kubernetes_executor.py
[2024-09-23T20:53:11.420+0100] {processor.py:208} INFO - Processing /Users/rtewelde/airflow_venv/lib/python3.11/site-packages/airflow/example_dags/example_kubernetes_executor.py took 0.173 seconds
[2024-09-23T20:57:40.992+0100] {processor.py:186} INFO - Started process (PID=69322) to work on /Users/rtewelde/airflow_venv/lib/python3.11/site-packages/airflow/example_dags/example_kubernetes_executor.py
[2024-09-23T20:57:40.993+0100] {processor.py:914} INFO - Processing file /Users/rtewelde/airflow_venv/lib/python3.11/site-packages/airflow/example_dags/example_kubernetes_executor.py for tasks to queue
[2024-09-23T20:57:40.994+0100] {logging_mixin.py:190} INFO - [2024-09-23T20:57:40.994+0100] {dagbag.py:588} INFO - Filling up the DagBag from /Users/rtewelde/airflow_venv/lib/python3.11/site-packages/airflow/example_dags/example_kubernetes_executor.py
[2024-09-23T20:57:41.024+0100] {logging_mixin.py:190} INFO - [2024-09-23T20:57:41.024+0100] {example_kubernetes_executor.py:39} WARNING - The example_kubernetes_executor example DAG requires the kubernetes provider. Please install it with: pip install apache-airflow[cncf.kubernetes]
[2024-09-23T20:57:41.024+0100] {processor.py:927} WARNING - No viable dags retrieved from /Users/rtewelde/airflow_venv/lib/python3.11/site-packages/airflow/example_dags/example_kubernetes_executor.py
[2024-09-23T20:57:41.158+0100] {processor.py:208} INFO - Processing /Users/rtewelde/airflow_venv/lib/python3.11/site-packages/airflow/example_dags/example_kubernetes_executor.py took 0.168 seconds
[2024-09-23T21:02:10.268+0100] {processor.py:186} INFO - Started process (PID=70568) to work on /Users/rtewelde/airflow_venv/lib/python3.11/site-packages/airflow/example_dags/example_kubernetes_executor.py
[2024-09-23T21:02:10.269+0100] {processor.py:914} INFO - Processing file /Users/rtewelde/airflow_venv/lib/python3.11/site-packages/airflow/example_dags/example_kubernetes_executor.py for tasks to queue
[2024-09-23T21:02:10.270+0100] {logging_mixin.py:190} INFO - [2024-09-23T21:02:10.270+0100] {dagbag.py:588} INFO - Filling up the DagBag from /Users/rtewelde/airflow_venv/lib/python3.11/site-packages/airflow/example_dags/example_kubernetes_executor.py
[2024-09-23T21:02:10.309+0100] {logging_mixin.py:190} INFO - [2024-09-23T21:02:10.308+0100] {example_kubernetes_executor.py:39} WARNING - The example_kubernetes_executor example DAG requires the kubernetes provider. Please install it with: pip install apache-airflow[cncf.kubernetes]
[2024-09-23T21:02:10.309+0100] {processor.py:927} WARNING - No viable dags retrieved from /Users/rtewelde/airflow_venv/lib/python3.11/site-packages/airflow/example_dags/example_kubernetes_executor.py
[2024-09-23T21:02:10.449+0100] {processor.py:208} INFO - Processing /Users/rtewelde/airflow_venv/lib/python3.11/site-packages/airflow/example_dags/example_kubernetes_executor.py took 0.183 seconds
[2024-09-23T21:06:35.441+0100] {processor.py:186} INFO - Started process (PID=71787) to work on /Users/rtewelde/airflow_venv/lib/python3.11/site-packages/airflow/example_dags/example_kubernetes_executor.py
[2024-09-23T21:06:35.442+0100] {processor.py:914} INFO - Processing file /Users/rtewelde/airflow_venv/lib/python3.11/site-packages/airflow/example_dags/example_kubernetes_executor.py for tasks to queue
[2024-09-23T21:06:35.443+0100] {logging_mixin.py:190} INFO - [2024-09-23T21:06:35.443+0100] {dagbag.py:588} INFO - Filling up the DagBag from /Users/rtewelde/airflow_venv/lib/python3.11/site-packages/airflow/example_dags/example_kubernetes_executor.py
[2024-09-23T21:06:35.472+0100] {logging_mixin.py:190} INFO - [2024-09-23T21:06:35.472+0100] {example_kubernetes_executor.py:39} WARNING - The example_kubernetes_executor example DAG requires the kubernetes provider. Please install it with: pip install apache-airflow[cncf.kubernetes]
[2024-09-23T21:06:35.472+0100] {processor.py:927} WARNING - No viable dags retrieved from /Users/rtewelde/airflow_venv/lib/python3.11/site-packages/airflow/example_dags/example_kubernetes_executor.py
[2024-09-23T21:06:35.610+0100] {processor.py:208} INFO - Processing /Users/rtewelde/airflow_venv/lib/python3.11/site-packages/airflow/example_dags/example_kubernetes_executor.py took 0.171 seconds
[2024-09-23T21:11:05.879+0100] {processor.py:186} INFO - Started process (PID=73041) to work on /Users/rtewelde/airflow_venv/lib/python3.11/site-packages/airflow/example_dags/example_kubernetes_executor.py
[2024-09-23T21:11:05.880+0100] {processor.py:914} INFO - Processing file /Users/rtewelde/airflow_venv/lib/python3.11/site-packages/airflow/example_dags/example_kubernetes_executor.py for tasks to queue
[2024-09-23T21:11:05.881+0100] {logging_mixin.py:190} INFO - [2024-09-23T21:11:05.880+0100] {dagbag.py:588} INFO - Filling up the DagBag from /Users/rtewelde/airflow_venv/lib/python3.11/site-packages/airflow/example_dags/example_kubernetes_executor.py
[2024-09-23T21:11:05.909+0100] {logging_mixin.py:190} INFO - [2024-09-23T21:11:05.909+0100] {example_kubernetes_executor.py:39} WARNING - The example_kubernetes_executor example DAG requires the kubernetes provider. Please install it with: pip install apache-airflow[cncf.kubernetes]
[2024-09-23T21:11:05.909+0100] {processor.py:927} WARNING - No viable dags retrieved from /Users/rtewelde/airflow_venv/lib/python3.11/site-packages/airflow/example_dags/example_kubernetes_executor.py
[2024-09-23T21:11:06.049+0100] {processor.py:208} INFO - Processing /Users/rtewelde/airflow_venv/lib/python3.11/site-packages/airflow/example_dags/example_kubernetes_executor.py took 0.172 seconds
[2024-09-23T21:15:36.513+0100] {processor.py:186} INFO - Started process (PID=74295) to work on /Users/rtewelde/airflow_venv/lib/python3.11/site-packages/airflow/example_dags/example_kubernetes_executor.py
[2024-09-23T21:15:36.514+0100] {processor.py:914} INFO - Processing file /Users/rtewelde/airflow_venv/lib/python3.11/site-packages/airflow/example_dags/example_kubernetes_executor.py for tasks to queue
[2024-09-23T21:15:36.515+0100] {logging_mixin.py:190} INFO - [2024-09-23T21:15:36.515+0100] {dagbag.py:588} INFO - Filling up the DagBag from /Users/rtewelde/airflow_venv/lib/python3.11/site-packages/airflow/example_dags/example_kubernetes_executor.py
[2024-09-23T21:15:36.545+0100] {logging_mixin.py:190} INFO - [2024-09-23T21:15:36.544+0100] {example_kubernetes_executor.py:39} WARNING - The example_kubernetes_executor example DAG requires the kubernetes provider. Please install it with: pip install apache-airflow[cncf.kubernetes]
[2024-09-23T21:15:36.545+0100] {processor.py:927} WARNING - No viable dags retrieved from /Users/rtewelde/airflow_venv/lib/python3.11/site-packages/airflow/example_dags/example_kubernetes_executor.py
[2024-09-23T21:15:36.684+0100] {processor.py:208} INFO - Processing /Users/rtewelde/airflow_venv/lib/python3.11/site-packages/airflow/example_dags/example_kubernetes_executor.py took 0.174 seconds
[2024-09-23T21:20:07.904+0100] {processor.py:186} INFO - Started process (PID=75618) to work on /Users/rtewelde/airflow_venv/lib/python3.11/site-packages/airflow/example_dags/example_kubernetes_executor.py
[2024-09-23T21:20:07.906+0100] {processor.py:914} INFO - Processing file /Users/rtewelde/airflow_venv/lib/python3.11/site-packages/airflow/example_dags/example_kubernetes_executor.py for tasks to queue
[2024-09-23T21:20:07.907+0100] {logging_mixin.py:190} INFO - [2024-09-23T21:20:07.907+0100] {dagbag.py:588} INFO - Filling up the DagBag from /Users/rtewelde/airflow_venv/lib/python3.11/site-packages/airflow/example_dags/example_kubernetes_executor.py
[2024-09-23T21:20:07.938+0100] {logging_mixin.py:190} INFO - [2024-09-23T21:20:07.937+0100] {example_kubernetes_executor.py:39} WARNING - The example_kubernetes_executor example DAG requires the kubernetes provider. Please install it with: pip install apache-airflow[cncf.kubernetes]
[2024-09-23T21:20:07.938+0100] {processor.py:927} WARNING - No viable dags retrieved from /Users/rtewelde/airflow_venv/lib/python3.11/site-packages/airflow/example_dags/example_kubernetes_executor.py
[2024-09-23T21:20:08.088+0100] {processor.py:208} INFO - Processing /Users/rtewelde/airflow_venv/lib/python3.11/site-packages/airflow/example_dags/example_kubernetes_executor.py took 0.185 seconds
[2024-09-23T21:24:38.529+0100] {processor.py:186} INFO - Started process (PID=76917) to work on /Users/rtewelde/airflow_venv/lib/python3.11/site-packages/airflow/example_dags/example_kubernetes_executor.py
[2024-09-23T21:24:38.531+0100] {processor.py:914} INFO - Processing file /Users/rtewelde/airflow_venv/lib/python3.11/site-packages/airflow/example_dags/example_kubernetes_executor.py for tasks to queue
[2024-09-23T21:24:38.532+0100] {logging_mixin.py:190} INFO - [2024-09-23T21:24:38.531+0100] {dagbag.py:588} INFO - Filling up the DagBag from /Users/rtewelde/airflow_venv/lib/python3.11/site-packages/airflow/example_dags/example_kubernetes_executor.py
[2024-09-23T21:24:38.563+0100] {logging_mixin.py:190} INFO - [2024-09-23T21:24:38.563+0100] {example_kubernetes_executor.py:39} WARNING - The example_kubernetes_executor example DAG requires the kubernetes provider. Please install it with: pip install apache-airflow[cncf.kubernetes]
[2024-09-23T21:24:38.563+0100] {processor.py:927} WARNING - No viable dags retrieved from /Users/rtewelde/airflow_venv/lib/python3.11/site-packages/airflow/example_dags/example_kubernetes_executor.py
[2024-09-23T21:24:38.714+0100] {processor.py:208} INFO - Processing /Users/rtewelde/airflow_venv/lib/python3.11/site-packages/airflow/example_dags/example_kubernetes_executor.py took 0.187 seconds
[2024-09-24T00:15:34.523+0100] {processor.py:186} INFO - Started process (PID=78264) to work on /Users/rtewelde/airflow_venv/lib/python3.11/site-packages/airflow/example_dags/example_kubernetes_executor.py
[2024-09-24T00:15:34.524+0100] {processor.py:914} INFO - Processing file /Users/rtewelde/airflow_venv/lib/python3.11/site-packages/airflow/example_dags/example_kubernetes_executor.py for tasks to queue
[2024-09-24T00:15:34.525+0100] {logging_mixin.py:190} INFO - [2024-09-24T00:15:34.525+0100] {dagbag.py:588} INFO - Filling up the DagBag from /Users/rtewelde/airflow_venv/lib/python3.11/site-packages/airflow/example_dags/example_kubernetes_executor.py
[2024-09-24T00:15:34.554+0100] {logging_mixin.py:190} INFO - [2024-09-24T00:15:34.553+0100] {example_kubernetes_executor.py:39} WARNING - The example_kubernetes_executor example DAG requires the kubernetes provider. Please install it with: pip install apache-airflow[cncf.kubernetes]
[2024-09-24T00:15:34.554+0100] {processor.py:927} WARNING - No viable dags retrieved from /Users/rtewelde/airflow_venv/lib/python3.11/site-packages/airflow/example_dags/example_kubernetes_executor.py
[2024-09-24T00:15:34.698+0100] {processor.py:208} INFO - Processing /Users/rtewelde/airflow_venv/lib/python3.11/site-packages/airflow/example_dags/example_kubernetes_executor.py took 0.177 seconds
[2024-09-24T00:20:01.658+0100] {processor.py:186} INFO - Started process (PID=79497) to work on /Users/rtewelde/airflow_venv/lib/python3.11/site-packages/airflow/example_dags/example_kubernetes_executor.py
[2024-09-24T00:20:01.659+0100] {processor.py:914} INFO - Processing file /Users/rtewelde/airflow_venv/lib/python3.11/site-packages/airflow/example_dags/example_kubernetes_executor.py for tasks to queue
[2024-09-24T00:20:01.660+0100] {logging_mixin.py:190} INFO - [2024-09-24T00:20:01.659+0100] {dagbag.py:588} INFO - Filling up the DagBag from /Users/rtewelde/airflow_venv/lib/python3.11/site-packages/airflow/example_dags/example_kubernetes_executor.py
[2024-09-24T00:20:01.688+0100] {logging_mixin.py:190} INFO - [2024-09-24T00:20:01.688+0100] {example_kubernetes_executor.py:39} WARNING - The example_kubernetes_executor example DAG requires the kubernetes provider. Please install it with: pip install apache-airflow[cncf.kubernetes]
[2024-09-24T00:20:01.688+0100] {processor.py:927} WARNING - No viable dags retrieved from /Users/rtewelde/airflow_venv/lib/python3.11/site-packages/airflow/example_dags/example_kubernetes_executor.py
[2024-09-24T00:20:01.831+0100] {processor.py:208} INFO - Processing /Users/rtewelde/airflow_venv/lib/python3.11/site-packages/airflow/example_dags/example_kubernetes_executor.py took 0.175 seconds
[2024-09-24T00:24:30.395+0100] {processor.py:186} INFO - Started process (PID=80723) to work on /Users/rtewelde/airflow_venv/lib/python3.11/site-packages/airflow/example_dags/example_kubernetes_executor.py
[2024-09-24T00:24:30.396+0100] {processor.py:914} INFO - Processing file /Users/rtewelde/airflow_venv/lib/python3.11/site-packages/airflow/example_dags/example_kubernetes_executor.py for tasks to queue
[2024-09-24T00:24:30.397+0100] {logging_mixin.py:190} INFO - [2024-09-24T00:24:30.397+0100] {dagbag.py:588} INFO - Filling up the DagBag from /Users/rtewelde/airflow_venv/lib/python3.11/site-packages/airflow/example_dags/example_kubernetes_executor.py
[2024-09-24T00:24:30.425+0100] {logging_mixin.py:190} INFO - [2024-09-24T00:24:30.425+0100] {example_kubernetes_executor.py:39} WARNING - The example_kubernetes_executor example DAG requires the kubernetes provider. Please install it with: pip install apache-airflow[cncf.kubernetes]
[2024-09-24T00:24:30.425+0100] {processor.py:927} WARNING - No viable dags retrieved from /Users/rtewelde/airflow_venv/lib/python3.11/site-packages/airflow/example_dags/example_kubernetes_executor.py
[2024-09-24T00:24:30.561+0100] {processor.py:208} INFO - Processing /Users/rtewelde/airflow_venv/lib/python3.11/site-packages/airflow/example_dags/example_kubernetes_executor.py took 0.168 seconds
[2024-09-24T00:29:10.128+0100] {processor.py:186} INFO - Started process (PID=82017) to work on /Users/rtewelde/airflow_venv/lib/python3.11/site-packages/airflow/example_dags/example_kubernetes_executor.py
[2024-09-24T00:29:10.128+0100] {processor.py:914} INFO - Processing file /Users/rtewelde/airflow_venv/lib/python3.11/site-packages/airflow/example_dags/example_kubernetes_executor.py for tasks to queue
[2024-09-24T00:29:10.129+0100] {logging_mixin.py:190} INFO - [2024-09-24T00:29:10.129+0100] {dagbag.py:588} INFO - Filling up the DagBag from /Users/rtewelde/airflow_venv/lib/python3.11/site-packages/airflow/example_dags/example_kubernetes_executor.py
[2024-09-24T00:29:10.160+0100] {logging_mixin.py:190} INFO - [2024-09-24T00:29:10.160+0100] {example_kubernetes_executor.py:39} WARNING - The example_kubernetes_executor example DAG requires the kubernetes provider. Please install it with: pip install apache-airflow[cncf.kubernetes]
[2024-09-24T00:29:10.160+0100] {processor.py:927} WARNING - No viable dags retrieved from /Users/rtewelde/airflow_venv/lib/python3.11/site-packages/airflow/example_dags/example_kubernetes_executor.py
[2024-09-24T00:29:10.301+0100] {processor.py:208} INFO - Processing /Users/rtewelde/airflow_venv/lib/python3.11/site-packages/airflow/example_dags/example_kubernetes_executor.py took 0.176 seconds
[2024-09-24T00:33:39.408+0100] {processor.py:186} INFO - Started process (PID=83256) to work on /Users/rtewelde/airflow_venv/lib/python3.11/site-packages/airflow/example_dags/example_kubernetes_executor.py
[2024-09-24T00:33:39.409+0100] {processor.py:914} INFO - Processing file /Users/rtewelde/airflow_venv/lib/python3.11/site-packages/airflow/example_dags/example_kubernetes_executor.py for tasks to queue
[2024-09-24T00:33:39.410+0100] {logging_mixin.py:190} INFO - [2024-09-24T00:33:39.410+0100] {dagbag.py:588} INFO - Filling up the DagBag from /Users/rtewelde/airflow_venv/lib/python3.11/site-packages/airflow/example_dags/example_kubernetes_executor.py
[2024-09-24T00:33:39.440+0100] {logging_mixin.py:190} INFO - [2024-09-24T00:33:39.440+0100] {example_kubernetes_executor.py:39} WARNING - The example_kubernetes_executor example DAG requires the kubernetes provider. Please install it with: pip install apache-airflow[cncf.kubernetes]
[2024-09-24T00:33:39.440+0100] {processor.py:927} WARNING - No viable dags retrieved from /Users/rtewelde/airflow_venv/lib/python3.11/site-packages/airflow/example_dags/example_kubernetes_executor.py
[2024-09-24T00:33:39.577+0100] {processor.py:208} INFO - Processing /Users/rtewelde/airflow_venv/lib/python3.11/site-packages/airflow/example_dags/example_kubernetes_executor.py took 0.171 seconds
[2024-09-24T00:38:08.647+0100] {processor.py:186} INFO - Started process (PID=84507) to work on /Users/rtewelde/airflow_venv/lib/python3.11/site-packages/airflow/example_dags/example_kubernetes_executor.py
[2024-09-24T00:38:08.648+0100] {processor.py:914} INFO - Processing file /Users/rtewelde/airflow_venv/lib/python3.11/site-packages/airflow/example_dags/example_kubernetes_executor.py for tasks to queue
[2024-09-24T00:38:08.649+0100] {logging_mixin.py:190} INFO - [2024-09-24T00:38:08.649+0100] {dagbag.py:588} INFO - Filling up the DagBag from /Users/rtewelde/airflow_venv/lib/python3.11/site-packages/airflow/example_dags/example_kubernetes_executor.py
[2024-09-24T00:38:08.677+0100] {logging_mixin.py:190} INFO - [2024-09-24T00:38:08.677+0100] {example_kubernetes_executor.py:39} WARNING - The example_kubernetes_executor example DAG requires the kubernetes provider. Please install it with: pip install apache-airflow[cncf.kubernetes]
[2024-09-24T00:38:08.677+0100] {processor.py:927} WARNING - No viable dags retrieved from /Users/rtewelde/airflow_venv/lib/python3.11/site-packages/airflow/example_dags/example_kubernetes_executor.py
[2024-09-24T00:38:08.815+0100] {processor.py:208} INFO - Processing /Users/rtewelde/airflow_venv/lib/python3.11/site-packages/airflow/example_dags/example_kubernetes_executor.py took 0.170 seconds
[2024-09-24T00:42:35.722+0100] {processor.py:186} INFO - Started process (PID=85740) to work on /Users/rtewelde/airflow_venv/lib/python3.11/site-packages/airflow/example_dags/example_kubernetes_executor.py
[2024-09-24T00:42:35.723+0100] {processor.py:914} INFO - Processing file /Users/rtewelde/airflow_venv/lib/python3.11/site-packages/airflow/example_dags/example_kubernetes_executor.py for tasks to queue
[2024-09-24T00:42:35.724+0100] {logging_mixin.py:190} INFO - [2024-09-24T00:42:35.723+0100] {dagbag.py:588} INFO - Filling up the DagBag from /Users/rtewelde/airflow_venv/lib/python3.11/site-packages/airflow/example_dags/example_kubernetes_executor.py
[2024-09-24T00:42:35.754+0100] {logging_mixin.py:190} INFO - [2024-09-24T00:42:35.754+0100] {example_kubernetes_executor.py:39} WARNING - The example_kubernetes_executor example DAG requires the kubernetes provider. Please install it with: pip install apache-airflow[cncf.kubernetes]
[2024-09-24T00:42:35.755+0100] {processor.py:927} WARNING - No viable dags retrieved from /Users/rtewelde/airflow_venv/lib/python3.11/site-packages/airflow/example_dags/example_kubernetes_executor.py
[2024-09-24T00:42:35.898+0100] {processor.py:208} INFO - Processing /Users/rtewelde/airflow_venv/lib/python3.11/site-packages/airflow/example_dags/example_kubernetes_executor.py took 0.178 seconds
[2024-09-24T00:47:05.511+0100] {processor.py:186} INFO - Started process (PID=86992) to work on /Users/rtewelde/airflow_venv/lib/python3.11/site-packages/airflow/example_dags/example_kubernetes_executor.py
[2024-09-24T00:47:05.513+0100] {processor.py:914} INFO - Processing file /Users/rtewelde/airflow_venv/lib/python3.11/site-packages/airflow/example_dags/example_kubernetes_executor.py for tasks to queue
[2024-09-24T00:47:05.514+0100] {logging_mixin.py:190} INFO - [2024-09-24T00:47:05.514+0100] {dagbag.py:588} INFO - Filling up the DagBag from /Users/rtewelde/airflow_venv/lib/python3.11/site-packages/airflow/example_dags/example_kubernetes_executor.py
[2024-09-24T00:47:05.544+0100] {logging_mixin.py:190} INFO - [2024-09-24T00:47:05.544+0100] {example_kubernetes_executor.py:39} WARNING - The example_kubernetes_executor example DAG requires the kubernetes provider. Please install it with: pip install apache-airflow[cncf.kubernetes]
[2024-09-24T00:47:05.544+0100] {processor.py:927} WARNING - No viable dags retrieved from /Users/rtewelde/airflow_venv/lib/python3.11/site-packages/airflow/example_dags/example_kubernetes_executor.py
[2024-09-24T00:47:05.684+0100] {processor.py:208} INFO - Processing /Users/rtewelde/airflow_venv/lib/python3.11/site-packages/airflow/example_dags/example_kubernetes_executor.py took 0.175 seconds
[2024-09-24T00:51:35.544+0100] {processor.py:186} INFO - Started process (PID=88234) to work on /Users/rtewelde/airflow_venv/lib/python3.11/site-packages/airflow/example_dags/example_kubernetes_executor.py
[2024-09-24T00:51:35.545+0100] {processor.py:914} INFO - Processing file /Users/rtewelde/airflow_venv/lib/python3.11/site-packages/airflow/example_dags/example_kubernetes_executor.py for tasks to queue
[2024-09-24T00:51:35.547+0100] {logging_mixin.py:190} INFO - [2024-09-24T00:51:35.547+0100] {dagbag.py:588} INFO - Filling up the DagBag from /Users/rtewelde/airflow_venv/lib/python3.11/site-packages/airflow/example_dags/example_kubernetes_executor.py
[2024-09-24T00:51:35.575+0100] {logging_mixin.py:190} INFO - [2024-09-24T00:51:35.575+0100] {example_kubernetes_executor.py:39} WARNING - The example_kubernetes_executor example DAG requires the kubernetes provider. Please install it with: pip install apache-airflow[cncf.kubernetes]
[2024-09-24T00:51:35.576+0100] {processor.py:927} WARNING - No viable dags retrieved from /Users/rtewelde/airflow_venv/lib/python3.11/site-packages/airflow/example_dags/example_kubernetes_executor.py
[2024-09-24T00:51:35.710+0100] {processor.py:208} INFO - Processing /Users/rtewelde/airflow_venv/lib/python3.11/site-packages/airflow/example_dags/example_kubernetes_executor.py took 0.168 seconds
[2024-09-24T00:56:06.511+0100] {processor.py:186} INFO - Started process (PID=89493) to work on /Users/rtewelde/airflow_venv/lib/python3.11/site-packages/airflow/example_dags/example_kubernetes_executor.py
[2024-09-24T00:56:06.513+0100] {processor.py:914} INFO - Processing file /Users/rtewelde/airflow_venv/lib/python3.11/site-packages/airflow/example_dags/example_kubernetes_executor.py for tasks to queue
[2024-09-24T00:56:06.514+0100] {logging_mixin.py:190} INFO - [2024-09-24T00:56:06.514+0100] {dagbag.py:588} INFO - Filling up the DagBag from /Users/rtewelde/airflow_venv/lib/python3.11/site-packages/airflow/example_dags/example_kubernetes_executor.py
[2024-09-24T00:56:06.544+0100] {logging_mixin.py:190} INFO - [2024-09-24T00:56:06.544+0100] {example_kubernetes_executor.py:39} WARNING - The example_kubernetes_executor example DAG requires the kubernetes provider. Please install it with: pip install apache-airflow[cncf.kubernetes]
[2024-09-24T00:56:06.544+0100] {processor.py:927} WARNING - No viable dags retrieved from /Users/rtewelde/airflow_venv/lib/python3.11/site-packages/airflow/example_dags/example_kubernetes_executor.py
[2024-09-24T00:56:06.681+0100] {processor.py:208} INFO - Processing /Users/rtewelde/airflow_venv/lib/python3.11/site-packages/airflow/example_dags/example_kubernetes_executor.py took 0.172 seconds
