[2024-09-23T02:07:11.708+0100] {processor.py:186} INFO - Started process (PID=1940) to work on /Users/rtewelde/airflow_venv/lib/python3.11/site-packages/airflow/example_dags/example_branch_operator.py
[2024-09-23T02:07:11.709+0100] {processor.py:914} INFO - Processing file /Users/rtewelde/airflow_venv/lib/python3.11/site-packages/airflow/example_dags/example_branch_operator.py for tasks to queue
[2024-09-23T02:07:11.710+0100] {logging_mixin.py:190} INFO - [2024-09-23T02:07:11.710+0100] {dagbag.py:588} INFO - Filling up the DagBag from /Users/rtewelde/airflow_venv/lib/python3.11/site-packages/airflow/example_dags/example_branch_operator.py
[2024-09-23T02:07:11.727+0100] {processor.py:927} WARNING - No viable dags retrieved from /Users/rtewelde/airflow_venv/lib/python3.11/site-packages/airflow/example_dags/example_branch_operator.py
[2024-09-23T02:07:11.863+0100] {processor.py:208} INFO - Processing /Users/rtewelde/airflow_venv/lib/python3.11/site-packages/airflow/example_dags/example_branch_operator.py took 0.157 seconds
[2024-09-23T02:08:38.525+0100] {processor.py:186} INFO - Started process (PID=2365) to work on /Users/rtewelde/airflow_venv/lib/python3.11/site-packages/airflow/example_dags/example_branch_operator.py
[2024-09-23T02:08:38.525+0100] {processor.py:914} INFO - Processing file /Users/rtewelde/airflow_venv/lib/python3.11/site-packages/airflow/example_dags/example_branch_operator.py for tasks to queue
[2024-09-23T02:08:38.526+0100] {logging_mixin.py:190} INFO - [2024-09-23T02:08:38.526+0100] {dagbag.py:588} INFO - Filling up the DagBag from /Users/rtewelde/airflow_venv/lib/python3.11/site-packages/airflow/example_dags/example_branch_operator.py
[2024-09-23T02:08:38.544+0100] {processor.py:927} WARNING - No viable dags retrieved from /Users/rtewelde/airflow_venv/lib/python3.11/site-packages/airflow/example_dags/example_branch_operator.py
[2024-09-23T02:08:38.693+0100] {processor.py:208} INFO - Processing /Users/rtewelde/airflow_venv/lib/python3.11/site-packages/airflow/example_dags/example_branch_operator.py took 0.171 seconds
[2024-09-23T02:11:47.390+0100] {processor.py:186} INFO - Started process (PID=3454) to work on /Users/rtewelde/airflow_venv/lib/python3.11/site-packages/airflow/example_dags/example_branch_operator.py
[2024-09-23T02:11:47.390+0100] {processor.py:914} INFO - Processing file /Users/rtewelde/airflow_venv/lib/python3.11/site-packages/airflow/example_dags/example_branch_operator.py for tasks to queue
[2024-09-23T02:11:47.392+0100] {logging_mixin.py:190} INFO - [2024-09-23T02:11:47.391+0100] {dagbag.py:588} INFO - Filling up the DagBag from /Users/rtewelde/airflow_venv/lib/python3.11/site-packages/airflow/example_dags/example_branch_operator.py
[2024-09-23T02:11:47.409+0100] {processor.py:927} WARNING - No viable dags retrieved from /Users/rtewelde/airflow_venv/lib/python3.11/site-packages/airflow/example_dags/example_branch_operator.py
[2024-09-23T02:11:47.562+0100] {processor.py:208} INFO - Processing /Users/rtewelde/airflow_venv/lib/python3.11/site-packages/airflow/example_dags/example_branch_operator.py took 0.175 seconds
[2024-09-23T12:29:11.625+0100] {processor.py:186} INFO - Started process (PID=17070) to work on /Users/rtewelde/airflow_venv/lib/python3.11/site-packages/airflow/example_dags/example_branch_operator.py
[2024-09-23T12:29:11.626+0100] {processor.py:914} INFO - Processing file /Users/rtewelde/airflow_venv/lib/python3.11/site-packages/airflow/example_dags/example_branch_operator.py for tasks to queue
[2024-09-23T12:29:11.628+0100] {logging_mixin.py:190} INFO - [2024-09-23T12:29:11.627+0100] {dagbag.py:588} INFO - Filling up the DagBag from /Users/rtewelde/airflow_venv/lib/python3.11/site-packages/airflow/example_dags/example_branch_operator.py
[2024-09-23T12:29:11.646+0100] {processor.py:927} WARNING - No viable dags retrieved from /Users/rtewelde/airflow_venv/lib/python3.11/site-packages/airflow/example_dags/example_branch_operator.py
[2024-09-23T12:29:11.794+0100] {processor.py:208} INFO - Processing /Users/rtewelde/airflow_venv/lib/python3.11/site-packages/airflow/example_dags/example_branch_operator.py took 0.171 seconds
[2024-09-23T12:34:09.443+0100] {processor.py:186} INFO - Started process (PID=18534) to work on /Users/rtewelde/airflow_venv/lib/python3.11/site-packages/airflow/example_dags/example_branch_operator.py
[2024-09-23T12:34:09.444+0100] {processor.py:914} INFO - Processing file /Users/rtewelde/airflow_venv/lib/python3.11/site-packages/airflow/example_dags/example_branch_operator.py for tasks to queue
[2024-09-23T12:34:09.445+0100] {logging_mixin.py:190} INFO - [2024-09-23T12:34:09.445+0100] {dagbag.py:588} INFO - Filling up the DagBag from /Users/rtewelde/airflow_venv/lib/python3.11/site-packages/airflow/example_dags/example_branch_operator.py
[2024-09-23T12:34:09.464+0100] {processor.py:927} WARNING - No viable dags retrieved from /Users/rtewelde/airflow_venv/lib/python3.11/site-packages/airflow/example_dags/example_branch_operator.py
[2024-09-23T12:34:09.604+0100] {processor.py:208} INFO - Processing /Users/rtewelde/airflow_venv/lib/python3.11/site-packages/airflow/example_dags/example_branch_operator.py took 0.164 seconds
[2024-09-23T12:39:22.920+0100] {processor.py:186} INFO - Started process (PID=19966) to work on /Users/rtewelde/airflow_venv/lib/python3.11/site-packages/airflow/example_dags/example_branch_operator.py
[2024-09-23T12:39:22.922+0100] {processor.py:914} INFO - Processing file /Users/rtewelde/airflow_venv/lib/python3.11/site-packages/airflow/example_dags/example_branch_operator.py for tasks to queue
[2024-09-23T12:39:22.923+0100] {logging_mixin.py:190} INFO - [2024-09-23T12:39:22.923+0100] {dagbag.py:588} INFO - Filling up the DagBag from /Users/rtewelde/airflow_venv/lib/python3.11/site-packages/airflow/example_dags/example_branch_operator.py
[2024-09-23T12:39:22.942+0100] {processor.py:927} WARNING - No viable dags retrieved from /Users/rtewelde/airflow_venv/lib/python3.11/site-packages/airflow/example_dags/example_branch_operator.py
[2024-09-23T12:39:23.098+0100] {processor.py:208} INFO - Processing /Users/rtewelde/airflow_venv/lib/python3.11/site-packages/airflow/example_dags/example_branch_operator.py took 0.180 seconds
[2024-09-23T12:44:03.640+0100] {processor.py:186} INFO - Started process (PID=21258) to work on /Users/rtewelde/airflow_venv/lib/python3.11/site-packages/airflow/example_dags/example_branch_operator.py
[2024-09-23T12:44:03.641+0100] {processor.py:914} INFO - Processing file /Users/rtewelde/airflow_venv/lib/python3.11/site-packages/airflow/example_dags/example_branch_operator.py for tasks to queue
[2024-09-23T12:44:03.641+0100] {logging_mixin.py:190} INFO - [2024-09-23T12:44:03.641+0100] {dagbag.py:588} INFO - Filling up the DagBag from /Users/rtewelde/airflow_venv/lib/python3.11/site-packages/airflow/example_dags/example_branch_operator.py
[2024-09-23T12:44:03.658+0100] {processor.py:927} WARNING - No viable dags retrieved from /Users/rtewelde/airflow_venv/lib/python3.11/site-packages/airflow/example_dags/example_branch_operator.py
[2024-09-23T12:44:03.785+0100] {processor.py:208} INFO - Processing /Users/rtewelde/airflow_venv/lib/python3.11/site-packages/airflow/example_dags/example_branch_operator.py took 0.147 seconds
[2024-09-23T12:48:26.343+0100] {processor.py:186} INFO - Started process (PID=22492) to work on /Users/rtewelde/airflow_venv/lib/python3.11/site-packages/airflow/example_dags/example_branch_operator.py
[2024-09-23T12:48:26.344+0100] {processor.py:914} INFO - Processing file /Users/rtewelde/airflow_venv/lib/python3.11/site-packages/airflow/example_dags/example_branch_operator.py for tasks to queue
[2024-09-23T12:48:26.345+0100] {logging_mixin.py:190} INFO - [2024-09-23T12:48:26.344+0100] {dagbag.py:588} INFO - Filling up the DagBag from /Users/rtewelde/airflow_venv/lib/python3.11/site-packages/airflow/example_dags/example_branch_operator.py
[2024-09-23T12:48:26.362+0100] {processor.py:927} WARNING - No viable dags retrieved from /Users/rtewelde/airflow_venv/lib/python3.11/site-packages/airflow/example_dags/example_branch_operator.py
[2024-09-23T12:48:26.507+0100] {processor.py:208} INFO - Processing /Users/rtewelde/airflow_venv/lib/python3.11/site-packages/airflow/example_dags/example_branch_operator.py took 0.166 seconds
[2024-09-23T12:53:08.418+0100] {processor.py:186} INFO - Started process (PID=23839) to work on /Users/rtewelde/airflow_venv/lib/python3.11/site-packages/airflow/example_dags/example_branch_operator.py
[2024-09-23T12:53:08.420+0100] {processor.py:914} INFO - Processing file /Users/rtewelde/airflow_venv/lib/python3.11/site-packages/airflow/example_dags/example_branch_operator.py for tasks to queue
[2024-09-23T12:53:08.421+0100] {logging_mixin.py:190} INFO - [2024-09-23T12:53:08.421+0100] {dagbag.py:588} INFO - Filling up the DagBag from /Users/rtewelde/airflow_venv/lib/python3.11/site-packages/airflow/example_dags/example_branch_operator.py
[2024-09-23T12:53:08.438+0100] {processor.py:927} WARNING - No viable dags retrieved from /Users/rtewelde/airflow_venv/lib/python3.11/site-packages/airflow/example_dags/example_branch_operator.py
[2024-09-23T12:53:08.577+0100] {processor.py:208} INFO - Processing /Users/rtewelde/airflow_venv/lib/python3.11/site-packages/airflow/example_dags/example_branch_operator.py took 0.161 seconds
[2024-09-23T18:04:13.864+0100] {processor.py:186} INFO - Started process (PID=25284) to work on /Users/rtewelde/airflow_venv/lib/python3.11/site-packages/airflow/example_dags/example_branch_operator.py
[2024-09-23T18:04:13.865+0100] {processor.py:914} INFO - Processing file /Users/rtewelde/airflow_venv/lib/python3.11/site-packages/airflow/example_dags/example_branch_operator.py for tasks to queue
[2024-09-23T18:04:13.866+0100] {logging_mixin.py:190} INFO - [2024-09-23T18:04:13.866+0100] {dagbag.py:588} INFO - Filling up the DagBag from /Users/rtewelde/airflow_venv/lib/python3.11/site-packages/airflow/example_dags/example_branch_operator.py
[2024-09-23T18:04:13.883+0100] {processor.py:927} WARNING - No viable dags retrieved from /Users/rtewelde/airflow_venv/lib/python3.11/site-packages/airflow/example_dags/example_branch_operator.py
[2024-09-23T18:04:14.017+0100] {processor.py:208} INFO - Processing /Users/rtewelde/airflow_venv/lib/python3.11/site-packages/airflow/example_dags/example_branch_operator.py took 0.155 seconds
[2024-09-23T18:08:51.969+0100] {processor.py:186} INFO - Started process (PID=26587) to work on /Users/rtewelde/airflow_venv/lib/python3.11/site-packages/airflow/example_dags/example_branch_operator.py
[2024-09-23T18:08:51.970+0100] {processor.py:914} INFO - Processing file /Users/rtewelde/airflow_venv/lib/python3.11/site-packages/airflow/example_dags/example_branch_operator.py for tasks to queue
[2024-09-23T18:08:51.971+0100] {logging_mixin.py:190} INFO - [2024-09-23T18:08:51.971+0100] {dagbag.py:588} INFO - Filling up the DagBag from /Users/rtewelde/airflow_venv/lib/python3.11/site-packages/airflow/example_dags/example_branch_operator.py
[2024-09-23T18:08:51.986+0100] {processor.py:927} WARNING - No viable dags retrieved from /Users/rtewelde/airflow_venv/lib/python3.11/site-packages/airflow/example_dags/example_branch_operator.py
[2024-09-23T18:08:52.112+0100] {processor.py:208} INFO - Processing /Users/rtewelde/airflow_venv/lib/python3.11/site-packages/airflow/example_dags/example_branch_operator.py took 0.145 seconds
[2024-09-23T18:37:00.080+0100] {processor.py:186} INFO - Started process (PID=28143) to work on /Users/rtewelde/airflow_venv/lib/python3.11/site-packages/airflow/example_dags/example_branch_operator.py
[2024-09-23T18:37:00.081+0100] {processor.py:914} INFO - Processing file /Users/rtewelde/airflow_venv/lib/python3.11/site-packages/airflow/example_dags/example_branch_operator.py for tasks to queue
[2024-09-23T18:37:00.082+0100] {logging_mixin.py:190} INFO - [2024-09-23T18:37:00.081+0100] {dagbag.py:588} INFO - Filling up the DagBag from /Users/rtewelde/airflow_venv/lib/python3.11/site-packages/airflow/example_dags/example_branch_operator.py
[2024-09-23T18:37:00.100+0100] {processor.py:927} WARNING - No viable dags retrieved from /Users/rtewelde/airflow_venv/lib/python3.11/site-packages/airflow/example_dags/example_branch_operator.py
[2024-09-23T18:37:00.253+0100] {processor.py:208} INFO - Processing /Users/rtewelde/airflow_venv/lib/python3.11/site-packages/airflow/example_dags/example_branch_operator.py took 0.175 seconds
[2024-09-23T19:02:34.276+0100] {processor.py:186} INFO - Started process (PID=37155) to work on /Users/rtewelde/airflow_venv/lib/python3.11/site-packages/airflow/example_dags/example_branch_operator.py
[2024-09-23T19:02:34.278+0100] {processor.py:914} INFO - Processing file /Users/rtewelde/airflow_venv/lib/python3.11/site-packages/airflow/example_dags/example_branch_operator.py for tasks to queue
[2024-09-23T19:02:34.281+0100] {logging_mixin.py:190} INFO - [2024-09-23T19:02:34.281+0100] {dagbag.py:588} INFO - Filling up the DagBag from /Users/rtewelde/airflow_venv/lib/python3.11/site-packages/airflow/example_dags/example_branch_operator.py
[2024-09-23T19:02:34.320+0100] {processor.py:927} WARNING - No viable dags retrieved from /Users/rtewelde/airflow_venv/lib/python3.11/site-packages/airflow/example_dags/example_branch_operator.py
[2024-09-23T19:02:34.497+0100] {processor.py:208} INFO - Processing /Users/rtewelde/airflow_venv/lib/python3.11/site-packages/airflow/example_dags/example_branch_operator.py took 0.228 seconds
[2024-09-23T19:07:33.120+0100] {processor.py:186} INFO - Started process (PID=38606) to work on /Users/rtewelde/airflow_venv/lib/python3.11/site-packages/airflow/example_dags/example_branch_operator.py
[2024-09-23T19:07:33.121+0100] {processor.py:914} INFO - Processing file /Users/rtewelde/airflow_venv/lib/python3.11/site-packages/airflow/example_dags/example_branch_operator.py for tasks to queue
[2024-09-23T19:07:33.122+0100] {logging_mixin.py:190} INFO - [2024-09-23T19:07:33.122+0100] {dagbag.py:588} INFO - Filling up the DagBag from /Users/rtewelde/airflow_venv/lib/python3.11/site-packages/airflow/example_dags/example_branch_operator.py
[2024-09-23T19:07:33.139+0100] {processor.py:927} WARNING - No viable dags retrieved from /Users/rtewelde/airflow_venv/lib/python3.11/site-packages/airflow/example_dags/example_branch_operator.py
[2024-09-23T19:07:33.277+0100] {processor.py:208} INFO - Processing /Users/rtewelde/airflow_venv/lib/python3.11/site-packages/airflow/example_dags/example_branch_operator.py took 0.159 seconds
[2024-09-23T19:12:06.247+0100] {processor.py:186} INFO - Started process (PID=39882) to work on /Users/rtewelde/airflow_venv/lib/python3.11/site-packages/airflow/example_dags/example_branch_operator.py
[2024-09-23T19:12:06.249+0100] {processor.py:914} INFO - Processing file /Users/rtewelde/airflow_venv/lib/python3.11/site-packages/airflow/example_dags/example_branch_operator.py for tasks to queue
[2024-09-23T19:12:06.250+0100] {logging_mixin.py:190} INFO - [2024-09-23T19:12:06.250+0100] {dagbag.py:588} INFO - Filling up the DagBag from /Users/rtewelde/airflow_venv/lib/python3.11/site-packages/airflow/example_dags/example_branch_operator.py
[2024-09-23T19:12:06.266+0100] {processor.py:927} WARNING - No viable dags retrieved from /Users/rtewelde/airflow_venv/lib/python3.11/site-packages/airflow/example_dags/example_branch_operator.py
[2024-09-23T19:12:06.403+0100] {processor.py:208} INFO - Processing /Users/rtewelde/airflow_venv/lib/python3.11/site-packages/airflow/example_dags/example_branch_operator.py took 0.159 seconds
[2024-09-23T19:16:39.245+0100] {processor.py:186} INFO - Started process (PID=41156) to work on /Users/rtewelde/airflow_venv/lib/python3.11/site-packages/airflow/example_dags/example_branch_operator.py
[2024-09-23T19:16:39.246+0100] {processor.py:914} INFO - Processing file /Users/rtewelde/airflow_venv/lib/python3.11/site-packages/airflow/example_dags/example_branch_operator.py for tasks to queue
[2024-09-23T19:16:39.247+0100] {logging_mixin.py:190} INFO - [2024-09-23T19:16:39.246+0100] {dagbag.py:588} INFO - Filling up the DagBag from /Users/rtewelde/airflow_venv/lib/python3.11/site-packages/airflow/example_dags/example_branch_operator.py
[2024-09-23T19:16:39.264+0100] {processor.py:927} WARNING - No viable dags retrieved from /Users/rtewelde/airflow_venv/lib/python3.11/site-packages/airflow/example_dags/example_branch_operator.py
[2024-09-23T19:16:39.418+0100] {processor.py:208} INFO - Processing /Users/rtewelde/airflow_venv/lib/python3.11/site-packages/airflow/example_dags/example_branch_operator.py took 0.176 seconds
[2024-09-23T19:21:11.029+0100] {processor.py:186} INFO - Started process (PID=42469) to work on /Users/rtewelde/airflow_venv/lib/python3.11/site-packages/airflow/example_dags/example_branch_operator.py
[2024-09-23T19:21:11.031+0100] {processor.py:914} INFO - Processing file /Users/rtewelde/airflow_venv/lib/python3.11/site-packages/airflow/example_dags/example_branch_operator.py for tasks to queue
[2024-09-23T19:21:11.032+0100] {logging_mixin.py:190} INFO - [2024-09-23T19:21:11.031+0100] {dagbag.py:588} INFO - Filling up the DagBag from /Users/rtewelde/airflow_venv/lib/python3.11/site-packages/airflow/example_dags/example_branch_operator.py
[2024-09-23T19:21:11.050+0100] {processor.py:927} WARNING - No viable dags retrieved from /Users/rtewelde/airflow_venv/lib/python3.11/site-packages/airflow/example_dags/example_branch_operator.py
[2024-09-23T19:21:11.184+0100] {processor.py:208} INFO - Processing /Users/rtewelde/airflow_venv/lib/python3.11/site-packages/airflow/example_dags/example_branch_operator.py took 0.156 seconds
[2024-09-23T19:25:45.727+0100] {processor.py:186} INFO - Started process (PID=43777) to work on /Users/rtewelde/airflow_venv/lib/python3.11/site-packages/airflow/example_dags/example_branch_operator.py
[2024-09-23T19:25:45.728+0100] {processor.py:914} INFO - Processing file /Users/rtewelde/airflow_venv/lib/python3.11/site-packages/airflow/example_dags/example_branch_operator.py for tasks to queue
[2024-09-23T19:25:45.728+0100] {logging_mixin.py:190} INFO - [2024-09-23T19:25:45.728+0100] {dagbag.py:588} INFO - Filling up the DagBag from /Users/rtewelde/airflow_venv/lib/python3.11/site-packages/airflow/example_dags/example_branch_operator.py
[2024-09-23T19:25:45.745+0100] {processor.py:927} WARNING - No viable dags retrieved from /Users/rtewelde/airflow_venv/lib/python3.11/site-packages/airflow/example_dags/example_branch_operator.py
[2024-09-23T19:25:45.880+0100] {processor.py:208} INFO - Processing /Users/rtewelde/airflow_venv/lib/python3.11/site-packages/airflow/example_dags/example_branch_operator.py took 0.155 seconds
[2024-09-23T19:30:12.759+0100] {processor.py:186} INFO - Started process (PID=45021) to work on /Users/rtewelde/airflow_venv/lib/python3.11/site-packages/airflow/example_dags/example_branch_operator.py
[2024-09-23T19:30:12.760+0100] {processor.py:914} INFO - Processing file /Users/rtewelde/airflow_venv/lib/python3.11/site-packages/airflow/example_dags/example_branch_operator.py for tasks to queue
[2024-09-23T19:30:12.761+0100] {logging_mixin.py:190} INFO - [2024-09-23T19:30:12.761+0100] {dagbag.py:588} INFO - Filling up the DagBag from /Users/rtewelde/airflow_venv/lib/python3.11/site-packages/airflow/example_dags/example_branch_operator.py
[2024-09-23T19:30:12.777+0100] {processor.py:927} WARNING - No viable dags retrieved from /Users/rtewelde/airflow_venv/lib/python3.11/site-packages/airflow/example_dags/example_branch_operator.py
[2024-09-23T19:30:12.918+0100] {processor.py:208} INFO - Processing /Users/rtewelde/airflow_venv/lib/python3.11/site-packages/airflow/example_dags/example_branch_operator.py took 0.163 seconds
[2024-09-23T19:34:43.768+0100] {processor.py:186} INFO - Started process (PID=46286) to work on /Users/rtewelde/airflow_venv/lib/python3.11/site-packages/airflow/example_dags/example_branch_operator.py
[2024-09-23T19:34:43.769+0100] {processor.py:914} INFO - Processing file /Users/rtewelde/airflow_venv/lib/python3.11/site-packages/airflow/example_dags/example_branch_operator.py for tasks to queue
[2024-09-23T19:34:43.770+0100] {logging_mixin.py:190} INFO - [2024-09-23T19:34:43.769+0100] {dagbag.py:588} INFO - Filling up the DagBag from /Users/rtewelde/airflow_venv/lib/python3.11/site-packages/airflow/example_dags/example_branch_operator.py
[2024-09-23T19:34:43.786+0100] {processor.py:927} WARNING - No viable dags retrieved from /Users/rtewelde/airflow_venv/lib/python3.11/site-packages/airflow/example_dags/example_branch_operator.py
[2024-09-23T19:34:43.934+0100] {processor.py:208} INFO - Processing /Users/rtewelde/airflow_venv/lib/python3.11/site-packages/airflow/example_dags/example_branch_operator.py took 0.169 seconds
[2024-09-23T19:39:13.356+0100] {processor.py:186} INFO - Started process (PID=47541) to work on /Users/rtewelde/airflow_venv/lib/python3.11/site-packages/airflow/example_dags/example_branch_operator.py
[2024-09-23T19:39:13.357+0100] {processor.py:914} INFO - Processing file /Users/rtewelde/airflow_venv/lib/python3.11/site-packages/airflow/example_dags/example_branch_operator.py for tasks to queue
[2024-09-23T19:39:13.358+0100] {logging_mixin.py:190} INFO - [2024-09-23T19:39:13.358+0100] {dagbag.py:588} INFO - Filling up the DagBag from /Users/rtewelde/airflow_venv/lib/python3.11/site-packages/airflow/example_dags/example_branch_operator.py
[2024-09-23T19:39:13.375+0100] {processor.py:927} WARNING - No viable dags retrieved from /Users/rtewelde/airflow_venv/lib/python3.11/site-packages/airflow/example_dags/example_branch_operator.py
[2024-09-23T19:39:13.525+0100] {processor.py:208} INFO - Processing /Users/rtewelde/airflow_venv/lib/python3.11/site-packages/airflow/example_dags/example_branch_operator.py took 0.172 seconds
[2024-09-23T19:43:40.869+0100] {processor.py:186} INFO - Started process (PID=48781) to work on /Users/rtewelde/airflow_venv/lib/python3.11/site-packages/airflow/example_dags/example_branch_operator.py
[2024-09-23T19:43:40.870+0100] {processor.py:914} INFO - Processing file /Users/rtewelde/airflow_venv/lib/python3.11/site-packages/airflow/example_dags/example_branch_operator.py for tasks to queue
[2024-09-23T19:43:40.872+0100] {logging_mixin.py:190} INFO - [2024-09-23T19:43:40.871+0100] {dagbag.py:588} INFO - Filling up the DagBag from /Users/rtewelde/airflow_venv/lib/python3.11/site-packages/airflow/example_dags/example_branch_operator.py
[2024-09-23T19:43:40.888+0100] {processor.py:927} WARNING - No viable dags retrieved from /Users/rtewelde/airflow_venv/lib/python3.11/site-packages/airflow/example_dags/example_branch_operator.py
[2024-09-23T19:43:41.030+0100] {processor.py:208} INFO - Processing /Users/rtewelde/airflow_venv/lib/python3.11/site-packages/airflow/example_dags/example_branch_operator.py took 0.164 seconds
[2024-09-23T19:48:11.295+0100] {processor.py:186} INFO - Started process (PID=50026) to work on /Users/rtewelde/airflow_venv/lib/python3.11/site-packages/airflow/example_dags/example_branch_operator.py
[2024-09-23T19:48:11.296+0100] {processor.py:914} INFO - Processing file /Users/rtewelde/airflow_venv/lib/python3.11/site-packages/airflow/example_dags/example_branch_operator.py for tasks to queue
[2024-09-23T19:48:11.296+0100] {logging_mixin.py:190} INFO - [2024-09-23T19:48:11.296+0100] {dagbag.py:588} INFO - Filling up the DagBag from /Users/rtewelde/airflow_venv/lib/python3.11/site-packages/airflow/example_dags/example_branch_operator.py
[2024-09-23T19:48:11.313+0100] {processor.py:927} WARNING - No viable dags retrieved from /Users/rtewelde/airflow_venv/lib/python3.11/site-packages/airflow/example_dags/example_branch_operator.py
[2024-09-23T19:48:11.451+0100] {processor.py:208} INFO - Processing /Users/rtewelde/airflow_venv/lib/python3.11/site-packages/airflow/example_dags/example_branch_operator.py took 0.158 seconds
[2024-09-23T19:52:39.702+0100] {processor.py:186} INFO - Started process (PID=51257) to work on /Users/rtewelde/airflow_venv/lib/python3.11/site-packages/airflow/example_dags/example_branch_operator.py
[2024-09-23T19:52:39.703+0100] {processor.py:914} INFO - Processing file /Users/rtewelde/airflow_venv/lib/python3.11/site-packages/airflow/example_dags/example_branch_operator.py for tasks to queue
[2024-09-23T19:52:39.704+0100] {logging_mixin.py:190} INFO - [2024-09-23T19:52:39.704+0100] {dagbag.py:588} INFO - Filling up the DagBag from /Users/rtewelde/airflow_venv/lib/python3.11/site-packages/airflow/example_dags/example_branch_operator.py
[2024-09-23T19:52:39.721+0100] {processor.py:927} WARNING - No viable dags retrieved from /Users/rtewelde/airflow_venv/lib/python3.11/site-packages/airflow/example_dags/example_branch_operator.py
[2024-09-23T19:52:39.863+0100] {processor.py:208} INFO - Processing /Users/rtewelde/airflow_venv/lib/python3.11/site-packages/airflow/example_dags/example_branch_operator.py took 0.163 seconds
[2024-09-23T19:57:07.495+0100] {processor.py:186} INFO - Started process (PID=52497) to work on /Users/rtewelde/airflow_venv/lib/python3.11/site-packages/airflow/example_dags/example_branch_operator.py
[2024-09-23T19:57:07.496+0100] {processor.py:914} INFO - Processing file /Users/rtewelde/airflow_venv/lib/python3.11/site-packages/airflow/example_dags/example_branch_operator.py for tasks to queue
[2024-09-23T19:57:07.497+0100] {logging_mixin.py:190} INFO - [2024-09-23T19:57:07.497+0100] {dagbag.py:588} INFO - Filling up the DagBag from /Users/rtewelde/airflow_venv/lib/python3.11/site-packages/airflow/example_dags/example_branch_operator.py
[2024-09-23T19:57:07.513+0100] {processor.py:927} WARNING - No viable dags retrieved from /Users/rtewelde/airflow_venv/lib/python3.11/site-packages/airflow/example_dags/example_branch_operator.py
[2024-09-23T19:57:07.655+0100] {processor.py:208} INFO - Processing /Users/rtewelde/airflow_venv/lib/python3.11/site-packages/airflow/example_dags/example_branch_operator.py took 0.162 seconds
[2024-09-23T20:01:31.404+0100] {processor.py:186} INFO - Started process (PID=53726) to work on /Users/rtewelde/airflow_venv/lib/python3.11/site-packages/airflow/example_dags/example_branch_operator.py
[2024-09-23T20:01:31.405+0100] {processor.py:914} INFO - Processing file /Users/rtewelde/airflow_venv/lib/python3.11/site-packages/airflow/example_dags/example_branch_operator.py for tasks to queue
[2024-09-23T20:01:31.406+0100] {logging_mixin.py:190} INFO - [2024-09-23T20:01:31.406+0100] {dagbag.py:588} INFO - Filling up the DagBag from /Users/rtewelde/airflow_venv/lib/python3.11/site-packages/airflow/example_dags/example_branch_operator.py
[2024-09-23T20:01:31.424+0100] {processor.py:927} WARNING - No viable dags retrieved from /Users/rtewelde/airflow_venv/lib/python3.11/site-packages/airflow/example_dags/example_branch_operator.py
[2024-09-23T20:01:31.558+0100] {processor.py:208} INFO - Processing /Users/rtewelde/airflow_venv/lib/python3.11/site-packages/airflow/example_dags/example_branch_operator.py took 0.156 seconds
[2024-09-23T20:05:56.857+0100] {processor.py:186} INFO - Started process (PID=54945) to work on /Users/rtewelde/airflow_venv/lib/python3.11/site-packages/airflow/example_dags/example_branch_operator.py
[2024-09-23T20:05:56.858+0100] {processor.py:914} INFO - Processing file /Users/rtewelde/airflow_venv/lib/python3.11/site-packages/airflow/example_dags/example_branch_operator.py for tasks to queue
[2024-09-23T20:05:56.859+0100] {logging_mixin.py:190} INFO - [2024-09-23T20:05:56.858+0100] {dagbag.py:588} INFO - Filling up the DagBag from /Users/rtewelde/airflow_venv/lib/python3.11/site-packages/airflow/example_dags/example_branch_operator.py
[2024-09-23T20:05:56.875+0100] {processor.py:927} WARNING - No viable dags retrieved from /Users/rtewelde/airflow_venv/lib/python3.11/site-packages/airflow/example_dags/example_branch_operator.py
[2024-09-23T20:05:57.014+0100] {processor.py:208} INFO - Processing /Users/rtewelde/airflow_venv/lib/python3.11/site-packages/airflow/example_dags/example_branch_operator.py took 0.160 seconds
[2024-09-23T20:10:25.496+0100] {processor.py:186} INFO - Started process (PID=56195) to work on /Users/rtewelde/airflow_venv/lib/python3.11/site-packages/airflow/example_dags/example_branch_operator.py
[2024-09-23T20:10:25.496+0100] {processor.py:914} INFO - Processing file /Users/rtewelde/airflow_venv/lib/python3.11/site-packages/airflow/example_dags/example_branch_operator.py for tasks to queue
[2024-09-23T20:10:25.497+0100] {logging_mixin.py:190} INFO - [2024-09-23T20:10:25.497+0100] {dagbag.py:588} INFO - Filling up the DagBag from /Users/rtewelde/airflow_venv/lib/python3.11/site-packages/airflow/example_dags/example_branch_operator.py
[2024-09-23T20:10:25.515+0100] {processor.py:927} WARNING - No viable dags retrieved from /Users/rtewelde/airflow_venv/lib/python3.11/site-packages/airflow/example_dags/example_branch_operator.py
[2024-09-23T20:10:25.658+0100] {processor.py:208} INFO - Processing /Users/rtewelde/airflow_venv/lib/python3.11/site-packages/airflow/example_dags/example_branch_operator.py took 0.164 seconds
[2024-09-23T20:14:58.297+0100] {processor.py:186} INFO - Started process (PID=57451) to work on /Users/rtewelde/airflow_venv/lib/python3.11/site-packages/airflow/example_dags/example_branch_operator.py
[2024-09-23T20:14:58.298+0100] {processor.py:914} INFO - Processing file /Users/rtewelde/airflow_venv/lib/python3.11/site-packages/airflow/example_dags/example_branch_operator.py for tasks to queue
[2024-09-23T20:14:58.299+0100] {logging_mixin.py:190} INFO - [2024-09-23T20:14:58.298+0100] {dagbag.py:588} INFO - Filling up the DagBag from /Users/rtewelde/airflow_venv/lib/python3.11/site-packages/airflow/example_dags/example_branch_operator.py
[2024-09-23T20:14:58.315+0100] {processor.py:927} WARNING - No viable dags retrieved from /Users/rtewelde/airflow_venv/lib/python3.11/site-packages/airflow/example_dags/example_branch_operator.py
[2024-09-23T20:14:58.456+0100] {processor.py:208} INFO - Processing /Users/rtewelde/airflow_venv/lib/python3.11/site-packages/airflow/example_dags/example_branch_operator.py took 0.162 seconds
[2024-09-23T20:19:29.048+0100] {processor.py:186} INFO - Started process (PID=58736) to work on /Users/rtewelde/airflow_venv/lib/python3.11/site-packages/airflow/example_dags/example_branch_operator.py
[2024-09-23T20:19:29.050+0100] {processor.py:914} INFO - Processing file /Users/rtewelde/airflow_venv/lib/python3.11/site-packages/airflow/example_dags/example_branch_operator.py for tasks to queue
[2024-09-23T20:19:29.050+0100] {logging_mixin.py:190} INFO - [2024-09-23T20:19:29.050+0100] {dagbag.py:588} INFO - Filling up the DagBag from /Users/rtewelde/airflow_venv/lib/python3.11/site-packages/airflow/example_dags/example_branch_operator.py
[2024-09-23T20:19:29.069+0100] {processor.py:927} WARNING - No viable dags retrieved from /Users/rtewelde/airflow_venv/lib/python3.11/site-packages/airflow/example_dags/example_branch_operator.py
[2024-09-23T20:19:29.221+0100] {processor.py:208} INFO - Processing /Users/rtewelde/airflow_venv/lib/python3.11/site-packages/airflow/example_dags/example_branch_operator.py took 0.175 seconds
[2024-09-23T20:24:06.146+0100] {processor.py:186} INFO - Started process (PID=60002) to work on /Users/rtewelde/airflow_venv/lib/python3.11/site-packages/airflow/example_dags/example_branch_operator.py
[2024-09-23T20:24:06.147+0100] {processor.py:914} INFO - Processing file /Users/rtewelde/airflow_venv/lib/python3.11/site-packages/airflow/example_dags/example_branch_operator.py for tasks to queue
[2024-09-23T20:24:06.148+0100] {logging_mixin.py:190} INFO - [2024-09-23T20:24:06.148+0100] {dagbag.py:588} INFO - Filling up the DagBag from /Users/rtewelde/airflow_venv/lib/python3.11/site-packages/airflow/example_dags/example_branch_operator.py
[2024-09-23T20:24:06.165+0100] {processor.py:927} WARNING - No viable dags retrieved from /Users/rtewelde/airflow_venv/lib/python3.11/site-packages/airflow/example_dags/example_branch_operator.py
[2024-09-23T20:24:06.346+0100] {processor.py:208} INFO - Processing /Users/rtewelde/airflow_venv/lib/python3.11/site-packages/airflow/example_dags/example_branch_operator.py took 0.202 seconds
[2024-09-23T20:28:34.899+0100] {processor.py:186} INFO - Started process (PID=61251) to work on /Users/rtewelde/airflow_venv/lib/python3.11/site-packages/airflow/example_dags/example_branch_operator.py
[2024-09-23T20:28:34.899+0100] {processor.py:914} INFO - Processing file /Users/rtewelde/airflow_venv/lib/python3.11/site-packages/airflow/example_dags/example_branch_operator.py for tasks to queue
[2024-09-23T20:28:34.900+0100] {logging_mixin.py:190} INFO - [2024-09-23T20:28:34.900+0100] {dagbag.py:588} INFO - Filling up the DagBag from /Users/rtewelde/airflow_venv/lib/python3.11/site-packages/airflow/example_dags/example_branch_operator.py
[2024-09-23T20:28:34.916+0100] {processor.py:927} WARNING - No viable dags retrieved from /Users/rtewelde/airflow_venv/lib/python3.11/site-packages/airflow/example_dags/example_branch_operator.py
[2024-09-23T20:28:35.059+0100] {processor.py:208} INFO - Processing /Users/rtewelde/airflow_venv/lib/python3.11/site-packages/airflow/example_dags/example_branch_operator.py took 0.163 seconds
[2024-09-23T20:33:03.324+0100] {processor.py:186} INFO - Started process (PID=62503) to work on /Users/rtewelde/airflow_venv/lib/python3.11/site-packages/airflow/example_dags/example_branch_operator.py
[2024-09-23T20:33:03.324+0100] {processor.py:914} INFO - Processing file /Users/rtewelde/airflow_venv/lib/python3.11/site-packages/airflow/example_dags/example_branch_operator.py for tasks to queue
[2024-09-23T20:33:03.325+0100] {logging_mixin.py:190} INFO - [2024-09-23T20:33:03.325+0100] {dagbag.py:588} INFO - Filling up the DagBag from /Users/rtewelde/airflow_venv/lib/python3.11/site-packages/airflow/example_dags/example_branch_operator.py
[2024-09-23T20:33:03.342+0100] {processor.py:927} WARNING - No viable dags retrieved from /Users/rtewelde/airflow_venv/lib/python3.11/site-packages/airflow/example_dags/example_branch_operator.py
[2024-09-23T20:33:03.481+0100] {processor.py:208} INFO - Processing /Users/rtewelde/airflow_venv/lib/python3.11/site-packages/airflow/example_dags/example_branch_operator.py took 0.159 seconds
[2024-09-23T20:37:26.325+0100] {processor.py:186} INFO - Started process (PID=63729) to work on /Users/rtewelde/airflow_venv/lib/python3.11/site-packages/airflow/example_dags/example_branch_operator.py
[2024-09-23T20:37:26.326+0100] {processor.py:914} INFO - Processing file /Users/rtewelde/airflow_venv/lib/python3.11/site-packages/airflow/example_dags/example_branch_operator.py for tasks to queue
[2024-09-23T20:37:26.327+0100] {logging_mixin.py:190} INFO - [2024-09-23T20:37:26.327+0100] {dagbag.py:588} INFO - Filling up the DagBag from /Users/rtewelde/airflow_venv/lib/python3.11/site-packages/airflow/example_dags/example_branch_operator.py
[2024-09-23T20:37:26.343+0100] {processor.py:927} WARNING - No viable dags retrieved from /Users/rtewelde/airflow_venv/lib/python3.11/site-packages/airflow/example_dags/example_branch_operator.py
[2024-09-23T20:37:26.483+0100] {processor.py:208} INFO - Processing /Users/rtewelde/airflow_venv/lib/python3.11/site-packages/airflow/example_dags/example_branch_operator.py took 0.160 seconds
[2024-09-23T20:42:04.086+0100] {processor.py:186} INFO - Started process (PID=65012) to work on /Users/rtewelde/airflow_venv/lib/python3.11/site-packages/airflow/example_dags/example_branch_operator.py
[2024-09-23T20:42:04.086+0100] {processor.py:914} INFO - Processing file /Users/rtewelde/airflow_venv/lib/python3.11/site-packages/airflow/example_dags/example_branch_operator.py for tasks to queue
[2024-09-23T20:42:04.087+0100] {logging_mixin.py:190} INFO - [2024-09-23T20:42:04.087+0100] {dagbag.py:588} INFO - Filling up the DagBag from /Users/rtewelde/airflow_venv/lib/python3.11/site-packages/airflow/example_dags/example_branch_operator.py
[2024-09-23T20:42:04.106+0100] {processor.py:927} WARNING - No viable dags retrieved from /Users/rtewelde/airflow_venv/lib/python3.11/site-packages/airflow/example_dags/example_branch_operator.py
[2024-09-23T20:42:04.250+0100] {processor.py:208} INFO - Processing /Users/rtewelde/airflow_venv/lib/python3.11/site-packages/airflow/example_dags/example_branch_operator.py took 0.167 seconds
[2024-09-23T20:46:34.794+0100] {processor.py:186} INFO - Started process (PID=66263) to work on /Users/rtewelde/airflow_venv/lib/python3.11/site-packages/airflow/example_dags/example_branch_operator.py
[2024-09-23T20:46:34.795+0100] {processor.py:914} INFO - Processing file /Users/rtewelde/airflow_venv/lib/python3.11/site-packages/airflow/example_dags/example_branch_operator.py for tasks to queue
[2024-09-23T20:46:34.796+0100] {logging_mixin.py:190} INFO - [2024-09-23T20:46:34.795+0100] {dagbag.py:588} INFO - Filling up the DagBag from /Users/rtewelde/airflow_venv/lib/python3.11/site-packages/airflow/example_dags/example_branch_operator.py
[2024-09-23T20:46:34.814+0100] {processor.py:927} WARNING - No viable dags retrieved from /Users/rtewelde/airflow_venv/lib/python3.11/site-packages/airflow/example_dags/example_branch_operator.py
[2024-09-23T20:46:34.948+0100] {processor.py:208} INFO - Processing /Users/rtewelde/airflow_venv/lib/python3.11/site-packages/airflow/example_dags/example_branch_operator.py took 0.157 seconds
[2024-09-23T20:51:04.534+0100] {processor.py:186} INFO - Started process (PID=67496) to work on /Users/rtewelde/airflow_venv/lib/python3.11/site-packages/airflow/example_dags/example_branch_operator.py
[2024-09-23T20:51:04.535+0100] {processor.py:914} INFO - Processing file /Users/rtewelde/airflow_venv/lib/python3.11/site-packages/airflow/example_dags/example_branch_operator.py for tasks to queue
[2024-09-23T20:51:04.536+0100] {logging_mixin.py:190} INFO - [2024-09-23T20:51:04.536+0100] {dagbag.py:588} INFO - Filling up the DagBag from /Users/rtewelde/airflow_venv/lib/python3.11/site-packages/airflow/example_dags/example_branch_operator.py
[2024-09-23T20:51:04.553+0100] {processor.py:927} WARNING - No viable dags retrieved from /Users/rtewelde/airflow_venv/lib/python3.11/site-packages/airflow/example_dags/example_branch_operator.py
[2024-09-23T20:51:04.695+0100] {processor.py:208} INFO - Processing /Users/rtewelde/airflow_venv/lib/python3.11/site-packages/airflow/example_dags/example_branch_operator.py took 0.163 seconds
[2024-09-23T20:55:34.267+0100] {processor.py:186} INFO - Started process (PID=68737) to work on /Users/rtewelde/airflow_venv/lib/python3.11/site-packages/airflow/example_dags/example_branch_operator.py
[2024-09-23T20:55:34.267+0100] {processor.py:914} INFO - Processing file /Users/rtewelde/airflow_venv/lib/python3.11/site-packages/airflow/example_dags/example_branch_operator.py for tasks to queue
[2024-09-23T20:55:34.268+0100] {logging_mixin.py:190} INFO - [2024-09-23T20:55:34.268+0100] {dagbag.py:588} INFO - Filling up the DagBag from /Users/rtewelde/airflow_venv/lib/python3.11/site-packages/airflow/example_dags/example_branch_operator.py
[2024-09-23T20:55:34.285+0100] {processor.py:927} WARNING - No viable dags retrieved from /Users/rtewelde/airflow_venv/lib/python3.11/site-packages/airflow/example_dags/example_branch_operator.py
[2024-09-23T20:55:34.427+0100] {processor.py:208} INFO - Processing /Users/rtewelde/airflow_venv/lib/python3.11/site-packages/airflow/example_dags/example_branch_operator.py took 0.163 seconds
[2024-09-23T21:00:03.213+0100] {processor.py:186} INFO - Started process (PID=69972) to work on /Users/rtewelde/airflow_venv/lib/python3.11/site-packages/airflow/example_dags/example_branch_operator.py
[2024-09-23T21:00:03.214+0100] {processor.py:914} INFO - Processing file /Users/rtewelde/airflow_venv/lib/python3.11/site-packages/airflow/example_dags/example_branch_operator.py for tasks to queue
[2024-09-23T21:00:03.215+0100] {logging_mixin.py:190} INFO - [2024-09-23T21:00:03.215+0100] {dagbag.py:588} INFO - Filling up the DagBag from /Users/rtewelde/airflow_venv/lib/python3.11/site-packages/airflow/example_dags/example_branch_operator.py
[2024-09-23T21:00:03.231+0100] {processor.py:927} WARNING - No viable dags retrieved from /Users/rtewelde/airflow_venv/lib/python3.11/site-packages/airflow/example_dags/example_branch_operator.py
[2024-09-23T21:00:03.367+0100] {processor.py:208} INFO - Processing /Users/rtewelde/airflow_venv/lib/python3.11/site-packages/airflow/example_dags/example_branch_operator.py took 0.156 seconds
[2024-09-23T21:04:30.450+0100] {processor.py:186} INFO - Started process (PID=71208) to work on /Users/rtewelde/airflow_venv/lib/python3.11/site-packages/airflow/example_dags/example_branch_operator.py
[2024-09-23T21:04:30.450+0100] {processor.py:914} INFO - Processing file /Users/rtewelde/airflow_venv/lib/python3.11/site-packages/airflow/example_dags/example_branch_operator.py for tasks to queue
[2024-09-23T21:04:30.451+0100] {logging_mixin.py:190} INFO - [2024-09-23T21:04:30.451+0100] {dagbag.py:588} INFO - Filling up the DagBag from /Users/rtewelde/airflow_venv/lib/python3.11/site-packages/airflow/example_dags/example_branch_operator.py
[2024-09-23T21:04:30.468+0100] {processor.py:927} WARNING - No viable dags retrieved from /Users/rtewelde/airflow_venv/lib/python3.11/site-packages/airflow/example_dags/example_branch_operator.py
[2024-09-23T21:04:30.610+0100] {processor.py:208} INFO - Processing /Users/rtewelde/airflow_venv/lib/python3.11/site-packages/airflow/example_dags/example_branch_operator.py took 0.162 seconds
[2024-09-23T21:08:59.184+0100] {processor.py:186} INFO - Started process (PID=72444) to work on /Users/rtewelde/airflow_venv/lib/python3.11/site-packages/airflow/example_dags/example_branch_operator.py
[2024-09-23T21:08:59.185+0100] {processor.py:914} INFO - Processing file /Users/rtewelde/airflow_venv/lib/python3.11/site-packages/airflow/example_dags/example_branch_operator.py for tasks to queue
[2024-09-23T21:08:59.186+0100] {logging_mixin.py:190} INFO - [2024-09-23T21:08:59.186+0100] {dagbag.py:588} INFO - Filling up the DagBag from /Users/rtewelde/airflow_venv/lib/python3.11/site-packages/airflow/example_dags/example_branch_operator.py
[2024-09-23T21:08:59.204+0100] {processor.py:927} WARNING - No viable dags retrieved from /Users/rtewelde/airflow_venv/lib/python3.11/site-packages/airflow/example_dags/example_branch_operator.py
[2024-09-23T21:08:59.337+0100] {processor.py:208} INFO - Processing /Users/rtewelde/airflow_venv/lib/python3.11/site-packages/airflow/example_dags/example_branch_operator.py took 0.156 seconds
[2024-09-23T21:13:29.366+0100] {processor.py:186} INFO - Started process (PID=73699) to work on /Users/rtewelde/airflow_venv/lib/python3.11/site-packages/airflow/example_dags/example_branch_operator.py
[2024-09-23T21:13:29.367+0100] {processor.py:914} INFO - Processing file /Users/rtewelde/airflow_venv/lib/python3.11/site-packages/airflow/example_dags/example_branch_operator.py for tasks to queue
[2024-09-23T21:13:29.368+0100] {logging_mixin.py:190} INFO - [2024-09-23T21:13:29.368+0100] {dagbag.py:588} INFO - Filling up the DagBag from /Users/rtewelde/airflow_venv/lib/python3.11/site-packages/airflow/example_dags/example_branch_operator.py
[2024-09-23T21:13:29.385+0100] {processor.py:927} WARNING - No viable dags retrieved from /Users/rtewelde/airflow_venv/lib/python3.11/site-packages/airflow/example_dags/example_branch_operator.py
[2024-09-23T21:13:29.526+0100] {processor.py:208} INFO - Processing /Users/rtewelde/airflow_venv/lib/python3.11/site-packages/airflow/example_dags/example_branch_operator.py took 0.162 seconds
[2024-09-23T21:18:01.241+0100] {processor.py:186} INFO - Started process (PID=74976) to work on /Users/rtewelde/airflow_venv/lib/python3.11/site-packages/airflow/example_dags/example_branch_operator.py
[2024-09-23T21:18:01.242+0100] {processor.py:914} INFO - Processing file /Users/rtewelde/airflow_venv/lib/python3.11/site-packages/airflow/example_dags/example_branch_operator.py for tasks to queue
[2024-09-23T21:18:01.243+0100] {logging_mixin.py:190} INFO - [2024-09-23T21:18:01.242+0100] {dagbag.py:588} INFO - Filling up the DagBag from /Users/rtewelde/airflow_venv/lib/python3.11/site-packages/airflow/example_dags/example_branch_operator.py
[2024-09-23T21:18:01.260+0100] {processor.py:927} WARNING - No viable dags retrieved from /Users/rtewelde/airflow_venv/lib/python3.11/site-packages/airflow/example_dags/example_branch_operator.py
[2024-09-23T21:18:01.397+0100] {processor.py:208} INFO - Processing /Users/rtewelde/airflow_venv/lib/python3.11/site-packages/airflow/example_dags/example_branch_operator.py took 0.158 seconds
[2024-09-23T21:22:28.541+0100] {processor.py:186} INFO - Started process (PID=76302) to work on /Users/rtewelde/airflow_venv/lib/python3.11/site-packages/airflow/example_dags/example_branch_operator.py
[2024-09-23T21:22:28.542+0100] {processor.py:914} INFO - Processing file /Users/rtewelde/airflow_venv/lib/python3.11/site-packages/airflow/example_dags/example_branch_operator.py for tasks to queue
[2024-09-23T21:22:28.543+0100] {logging_mixin.py:190} INFO - [2024-09-23T21:22:28.543+0100] {dagbag.py:588} INFO - Filling up the DagBag from /Users/rtewelde/airflow_venv/lib/python3.11/site-packages/airflow/example_dags/example_branch_operator.py
[2024-09-23T21:22:28.560+0100] {processor.py:927} WARNING - No viable dags retrieved from /Users/rtewelde/airflow_venv/lib/python3.11/site-packages/airflow/example_dags/example_branch_operator.py
[2024-09-23T21:22:28.708+0100] {processor.py:208} INFO - Processing /Users/rtewelde/airflow_venv/lib/python3.11/site-packages/airflow/example_dags/example_branch_operator.py took 0.169 seconds
[2024-09-24T00:13:28.394+0100] {processor.py:186} INFO - Started process (PID=77670) to work on /Users/rtewelde/airflow_venv/lib/python3.11/site-packages/airflow/example_dags/example_branch_operator.py
[2024-09-24T00:13:28.395+0100] {processor.py:914} INFO - Processing file /Users/rtewelde/airflow_venv/lib/python3.11/site-packages/airflow/example_dags/example_branch_operator.py for tasks to queue
[2024-09-24T00:13:28.396+0100] {logging_mixin.py:190} INFO - [2024-09-24T00:13:28.396+0100] {dagbag.py:588} INFO - Filling up the DagBag from /Users/rtewelde/airflow_venv/lib/python3.11/site-packages/airflow/example_dags/example_branch_operator.py
[2024-09-24T00:13:28.415+0100] {processor.py:927} WARNING - No viable dags retrieved from /Users/rtewelde/airflow_venv/lib/python3.11/site-packages/airflow/example_dags/example_branch_operator.py
[2024-09-24T00:13:28.558+0100] {processor.py:208} INFO - Processing /Users/rtewelde/airflow_venv/lib/python3.11/site-packages/airflow/example_dags/example_branch_operator.py took 0.167 seconds
[2024-09-24T00:17:55.279+0100] {processor.py:186} INFO - Started process (PID=78917) to work on /Users/rtewelde/airflow_venv/lib/python3.11/site-packages/airflow/example_dags/example_branch_operator.py
[2024-09-24T00:17:55.281+0100] {processor.py:914} INFO - Processing file /Users/rtewelde/airflow_venv/lib/python3.11/site-packages/airflow/example_dags/example_branch_operator.py for tasks to queue
[2024-09-24T00:17:55.282+0100] {logging_mixin.py:190} INFO - [2024-09-24T00:17:55.281+0100] {dagbag.py:588} INFO - Filling up the DagBag from /Users/rtewelde/airflow_venv/lib/python3.11/site-packages/airflow/example_dags/example_branch_operator.py
[2024-09-24T00:17:55.298+0100] {processor.py:927} WARNING - No viable dags retrieved from /Users/rtewelde/airflow_venv/lib/python3.11/site-packages/airflow/example_dags/example_branch_operator.py
[2024-09-24T00:17:55.435+0100] {processor.py:208} INFO - Processing /Users/rtewelde/airflow_venv/lib/python3.11/site-packages/airflow/example_dags/example_branch_operator.py took 0.158 seconds
[2024-09-24T00:22:24.913+0100] {processor.py:186} INFO - Started process (PID=80150) to work on /Users/rtewelde/airflow_venv/lib/python3.11/site-packages/airflow/example_dags/example_branch_operator.py
[2024-09-24T00:22:24.914+0100] {processor.py:914} INFO - Processing file /Users/rtewelde/airflow_venv/lib/python3.11/site-packages/airflow/example_dags/example_branch_operator.py for tasks to queue
[2024-09-24T00:22:24.915+0100] {logging_mixin.py:190} INFO - [2024-09-24T00:22:24.915+0100] {dagbag.py:588} INFO - Filling up the DagBag from /Users/rtewelde/airflow_venv/lib/python3.11/site-packages/airflow/example_dags/example_branch_operator.py
[2024-09-24T00:22:24.931+0100] {processor.py:927} WARNING - No viable dags retrieved from /Users/rtewelde/airflow_venv/lib/python3.11/site-packages/airflow/example_dags/example_branch_operator.py
[2024-09-24T00:22:25.069+0100] {processor.py:208} INFO - Processing /Users/rtewelde/airflow_venv/lib/python3.11/site-packages/airflow/example_dags/example_branch_operator.py took 0.158 seconds
[2024-09-24T00:26:58.209+0100] {processor.py:186} INFO - Started process (PID=81409) to work on /Users/rtewelde/airflow_venv/lib/python3.11/site-packages/airflow/example_dags/example_branch_operator.py
[2024-09-24T00:26:58.209+0100] {processor.py:914} INFO - Processing file /Users/rtewelde/airflow_venv/lib/python3.11/site-packages/airflow/example_dags/example_branch_operator.py for tasks to queue
[2024-09-24T00:26:58.210+0100] {logging_mixin.py:190} INFO - [2024-09-24T00:26:58.210+0100] {dagbag.py:588} INFO - Filling up the DagBag from /Users/rtewelde/airflow_venv/lib/python3.11/site-packages/airflow/example_dags/example_branch_operator.py
[2024-09-24T00:26:58.228+0100] {processor.py:927} WARNING - No viable dags retrieved from /Users/rtewelde/airflow_venv/lib/python3.11/site-packages/airflow/example_dags/example_branch_operator.py
[2024-09-24T00:26:58.363+0100] {processor.py:208} INFO - Processing /Users/rtewelde/airflow_venv/lib/python3.11/site-packages/airflow/example_dags/example_branch_operator.py took 0.157 seconds
[2024-09-24T00:31:32.901+0100] {processor.py:186} INFO - Started process (PID=82676) to work on /Users/rtewelde/airflow_venv/lib/python3.11/site-packages/airflow/example_dags/example_branch_operator.py
[2024-09-24T00:31:32.902+0100] {processor.py:914} INFO - Processing file /Users/rtewelde/airflow_venv/lib/python3.11/site-packages/airflow/example_dags/example_branch_operator.py for tasks to queue
[2024-09-24T00:31:32.904+0100] {logging_mixin.py:190} INFO - [2024-09-24T00:31:32.903+0100] {dagbag.py:588} INFO - Filling up the DagBag from /Users/rtewelde/airflow_venv/lib/python3.11/site-packages/airflow/example_dags/example_branch_operator.py
[2024-09-24T00:31:32.922+0100] {processor.py:927} WARNING - No viable dags retrieved from /Users/rtewelde/airflow_venv/lib/python3.11/site-packages/airflow/example_dags/example_branch_operator.py
[2024-09-24T00:31:33.053+0100] {processor.py:208} INFO - Processing /Users/rtewelde/airflow_venv/lib/python3.11/site-packages/airflow/example_dags/example_branch_operator.py took 0.155 seconds
[2024-09-24T00:36:02.144+0100] {processor.py:186} INFO - Started process (PID=83919) to work on /Users/rtewelde/airflow_venv/lib/python3.11/site-packages/airflow/example_dags/example_branch_operator.py
[2024-09-24T00:36:02.145+0100] {processor.py:914} INFO - Processing file /Users/rtewelde/airflow_venv/lib/python3.11/site-packages/airflow/example_dags/example_branch_operator.py for tasks to queue
[2024-09-24T00:36:02.146+0100] {logging_mixin.py:190} INFO - [2024-09-24T00:36:02.146+0100] {dagbag.py:588} INFO - Filling up the DagBag from /Users/rtewelde/airflow_venv/lib/python3.11/site-packages/airflow/example_dags/example_branch_operator.py
[2024-09-24T00:36:02.162+0100] {processor.py:927} WARNING - No viable dags retrieved from /Users/rtewelde/airflow_venv/lib/python3.11/site-packages/airflow/example_dags/example_branch_operator.py
[2024-09-24T00:36:02.309+0100] {processor.py:208} INFO - Processing /Users/rtewelde/airflow_venv/lib/python3.11/site-packages/airflow/example_dags/example_branch_operator.py took 0.167 seconds
[2024-09-24T00:40:31.483+0100] {processor.py:186} INFO - Started process (PID=85162) to work on /Users/rtewelde/airflow_venv/lib/python3.11/site-packages/airflow/example_dags/example_branch_operator.py
[2024-09-24T00:40:31.484+0100] {processor.py:914} INFO - Processing file /Users/rtewelde/airflow_venv/lib/python3.11/site-packages/airflow/example_dags/example_branch_operator.py for tasks to queue
[2024-09-24T00:40:31.485+0100] {logging_mixin.py:190} INFO - [2024-09-24T00:40:31.485+0100] {dagbag.py:588} INFO - Filling up the DagBag from /Users/rtewelde/airflow_venv/lib/python3.11/site-packages/airflow/example_dags/example_branch_operator.py
[2024-09-24T00:40:31.501+0100] {processor.py:927} WARNING - No viable dags retrieved from /Users/rtewelde/airflow_venv/lib/python3.11/site-packages/airflow/example_dags/example_branch_operator.py
[2024-09-24T00:40:31.641+0100] {processor.py:208} INFO - Processing /Users/rtewelde/airflow_venv/lib/python3.11/site-packages/airflow/example_dags/example_branch_operator.py took 0.160 seconds
[2024-09-24T00:44:58.648+0100] {processor.py:186} INFO - Started process (PID=86393) to work on /Users/rtewelde/airflow_venv/lib/python3.11/site-packages/airflow/example_dags/example_branch_operator.py
[2024-09-24T00:44:58.648+0100] {processor.py:914} INFO - Processing file /Users/rtewelde/airflow_venv/lib/python3.11/site-packages/airflow/example_dags/example_branch_operator.py for tasks to queue
[2024-09-24T00:44:58.649+0100] {logging_mixin.py:190} INFO - [2024-09-24T00:44:58.649+0100] {dagbag.py:588} INFO - Filling up the DagBag from /Users/rtewelde/airflow_venv/lib/python3.11/site-packages/airflow/example_dags/example_branch_operator.py
[2024-09-24T00:44:58.665+0100] {processor.py:927} WARNING - No viable dags retrieved from /Users/rtewelde/airflow_venv/lib/python3.11/site-packages/airflow/example_dags/example_branch_operator.py
[2024-09-24T00:44:58.802+0100] {processor.py:208} INFO - Processing /Users/rtewelde/airflow_venv/lib/python3.11/site-packages/airflow/example_dags/example_branch_operator.py took 0.156 seconds
[2024-09-24T00:49:28.145+0100] {processor.py:186} INFO - Started process (PID=87646) to work on /Users/rtewelde/airflow_venv/lib/python3.11/site-packages/airflow/example_dags/example_branch_operator.py
[2024-09-24T00:49:28.146+0100] {processor.py:914} INFO - Processing file /Users/rtewelde/airflow_venv/lib/python3.11/site-packages/airflow/example_dags/example_branch_operator.py for tasks to queue
[2024-09-24T00:49:28.147+0100] {logging_mixin.py:190} INFO - [2024-09-24T00:49:28.147+0100] {dagbag.py:588} INFO - Filling up the DagBag from /Users/rtewelde/airflow_venv/lib/python3.11/site-packages/airflow/example_dags/example_branch_operator.py
[2024-09-24T00:49:28.163+0100] {processor.py:927} WARNING - No viable dags retrieved from /Users/rtewelde/airflow_venv/lib/python3.11/site-packages/airflow/example_dags/example_branch_operator.py
[2024-09-24T00:49:28.302+0100] {processor.py:208} INFO - Processing /Users/rtewelde/airflow_venv/lib/python3.11/site-packages/airflow/example_dags/example_branch_operator.py took 0.159 seconds
[2024-09-24T00:53:59.799+0100] {processor.py:186} INFO - Started process (PID=88904) to work on /Users/rtewelde/airflow_venv/lib/python3.11/site-packages/airflow/example_dags/example_branch_operator.py
[2024-09-24T00:53:59.801+0100] {processor.py:914} INFO - Processing file /Users/rtewelde/airflow_venv/lib/python3.11/site-packages/airflow/example_dags/example_branch_operator.py for tasks to queue
[2024-09-24T00:53:59.802+0100] {logging_mixin.py:190} INFO - [2024-09-24T00:53:59.802+0100] {dagbag.py:588} INFO - Filling up the DagBag from /Users/rtewelde/airflow_venv/lib/python3.11/site-packages/airflow/example_dags/example_branch_operator.py
[2024-09-24T00:53:59.820+0100] {processor.py:927} WARNING - No viable dags retrieved from /Users/rtewelde/airflow_venv/lib/python3.11/site-packages/airflow/example_dags/example_branch_operator.py
[2024-09-24T00:53:59.958+0100] {processor.py:208} INFO - Processing /Users/rtewelde/airflow_venv/lib/python3.11/site-packages/airflow/example_dags/example_branch_operator.py took 0.161 seconds
[2024-09-24T00:58:32.102+0100] {processor.py:186} INFO - Started process (PID=90167) to work on /Users/rtewelde/airflow_venv/lib/python3.11/site-packages/airflow/example_dags/example_branch_operator.py
[2024-09-24T00:58:32.103+0100] {processor.py:914} INFO - Processing file /Users/rtewelde/airflow_venv/lib/python3.11/site-packages/airflow/example_dags/example_branch_operator.py for tasks to queue
[2024-09-24T00:58:32.105+0100] {logging_mixin.py:190} INFO - [2024-09-24T00:58:32.105+0100] {dagbag.py:588} INFO - Filling up the DagBag from /Users/rtewelde/airflow_venv/lib/python3.11/site-packages/airflow/example_dags/example_branch_operator.py
[2024-09-24T00:58:32.123+0100] {processor.py:927} WARNING - No viable dags retrieved from /Users/rtewelde/airflow_venv/lib/python3.11/site-packages/airflow/example_dags/example_branch_operator.py
[2024-09-24T00:58:32.265+0100] {processor.py:208} INFO - Processing /Users/rtewelde/airflow_venv/lib/python3.11/site-packages/airflow/example_dags/example_branch_operator.py took 0.166 seconds
