[2024-09-23T02:07:05.735+0100] {processor.py:186} INFO - Started process (PID=1908) to work on /Users/rtewelde/airflow_venv/lib/python3.11/site-packages/airflow/example_dags/example_branch_python_dop_operator_3.py
[2024-09-23T02:07:05.736+0100] {processor.py:914} INFO - Processing file /Users/rtewelde/airflow_venv/lib/python3.11/site-packages/airflow/example_dags/example_branch_python_dop_operator_3.py for tasks to queue
[2024-09-23T02:07:05.736+0100] {logging_mixin.py:190} INFO - [2024-09-23T02:07:05.736+0100] {dagbag.py:588} INFO - Filling up the DagBag from /Users/rtewelde/airflow_venv/lib/python3.11/site-packages/airflow/example_dags/example_branch_python_dop_operator_3.py
[2024-09-23T02:07:05.773+0100] {processor.py:925} INFO - DAG(s) 'example_branch_dop_operator_v3' retrieved from /Users/rtewelde/airflow_venv/lib/python3.11/site-packages/airflow/example_dags/example_branch_python_dop_operator_3.py
[2024-09-23T02:07:05.931+0100] {logging_mixin.py:190} INFO - [2024-09-23T02:07:05.931+0100] {dag.py:3239} INFO - Sync 1 DAGs
[2024-09-23T02:07:05.953+0100] {logging_mixin.py:190} INFO - [2024-09-23T02:07:05.953+0100] {dag.py:4180} INFO - Setting next_dagrun for example_branch_dop_operator_v3 to 2024-09-23 01:06:00+00:00, run_after=2024-09-23 01:07:00+00:00
[2024-09-23T02:07:05.972+0100] {processor.py:208} INFO - Processing /Users/rtewelde/airflow_venv/lib/python3.11/site-packages/airflow/example_dags/example_branch_python_dop_operator_3.py took 0.240 seconds
[2024-09-23T02:08:33.498+0100] {processor.py:186} INFO - Started process (PID=2344) to work on /Users/rtewelde/airflow_venv/lib/python3.11/site-packages/airflow/example_dags/example_branch_python_dop_operator_3.py
[2024-09-23T02:08:33.499+0100] {processor.py:914} INFO - Processing file /Users/rtewelde/airflow_venv/lib/python3.11/site-packages/airflow/example_dags/example_branch_python_dop_operator_3.py for tasks to queue
[2024-09-23T02:08:33.500+0100] {logging_mixin.py:190} INFO - [2024-09-23T02:08:33.500+0100] {dagbag.py:588} INFO - Filling up the DagBag from /Users/rtewelde/airflow_venv/lib/python3.11/site-packages/airflow/example_dags/example_branch_python_dop_operator_3.py
[2024-09-23T02:08:33.533+0100] {processor.py:925} INFO - DAG(s) 'example_branch_dop_operator_v3' retrieved from /Users/rtewelde/airflow_venv/lib/python3.11/site-packages/airflow/example_dags/example_branch_python_dop_operator_3.py
[2024-09-23T02:08:33.680+0100] {logging_mixin.py:190} INFO - [2024-09-23T02:08:33.680+0100] {dag.py:3239} INFO - Sync 1 DAGs
[2024-09-23T02:08:33.700+0100] {logging_mixin.py:190} INFO - [2024-09-23T02:08:33.699+0100] {dag.py:4180} INFO - Setting next_dagrun for example_branch_dop_operator_v3 to 2024-09-23 01:07:00+00:00, run_after=2024-09-23 01:08:00+00:00
[2024-09-23T02:08:33.715+0100] {processor.py:208} INFO - Processing /Users/rtewelde/airflow_venv/lib/python3.11/site-packages/airflow/example_dags/example_branch_python_dop_operator_3.py took 0.219 seconds
[2024-09-23T02:11:41.338+0100] {processor.py:186} INFO - Started process (PID=3422) to work on /Users/rtewelde/airflow_venv/lib/python3.11/site-packages/airflow/example_dags/example_branch_python_dop_operator_3.py
[2024-09-23T02:11:41.340+0100] {processor.py:914} INFO - Processing file /Users/rtewelde/airflow_venv/lib/python3.11/site-packages/airflow/example_dags/example_branch_python_dop_operator_3.py for tasks to queue
[2024-09-23T02:11:41.341+0100] {logging_mixin.py:190} INFO - [2024-09-23T02:11:41.341+0100] {dagbag.py:588} INFO - Filling up the DagBag from /Users/rtewelde/airflow_venv/lib/python3.11/site-packages/airflow/example_dags/example_branch_python_dop_operator_3.py
[2024-09-23T02:11:41.380+0100] {processor.py:925} INFO - DAG(s) 'example_branch_dop_operator_v3' retrieved from /Users/rtewelde/airflow_venv/lib/python3.11/site-packages/airflow/example_dags/example_branch_python_dop_operator_3.py
[2024-09-23T02:11:41.537+0100] {logging_mixin.py:190} INFO - [2024-09-23T02:11:41.537+0100] {dag.py:3239} INFO - Sync 1 DAGs
[2024-09-23T02:11:41.557+0100] {logging_mixin.py:190} INFO - [2024-09-23T02:11:41.557+0100] {dag.py:4180} INFO - Setting next_dagrun for example_branch_dop_operator_v3 to 2024-09-23 01:10:00+00:00, run_after=2024-09-23 01:11:00+00:00
[2024-09-23T02:11:41.578+0100] {processor.py:208} INFO - Processing /Users/rtewelde/airflow_venv/lib/python3.11/site-packages/airflow/example_dags/example_branch_python_dop_operator_3.py took 0.243 seconds
[2024-09-23T12:29:05.775+0100] {processor.py:186} INFO - Started process (PID=17052) to work on /Users/rtewelde/airflow_venv/lib/python3.11/site-packages/airflow/example_dags/example_branch_python_dop_operator_3.py
[2024-09-23T12:29:05.776+0100] {processor.py:914} INFO - Processing file /Users/rtewelde/airflow_venv/lib/python3.11/site-packages/airflow/example_dags/example_branch_python_dop_operator_3.py for tasks to queue
[2024-09-23T12:29:05.777+0100] {logging_mixin.py:190} INFO - [2024-09-23T12:29:05.777+0100] {dagbag.py:588} INFO - Filling up the DagBag from /Users/rtewelde/airflow_venv/lib/python3.11/site-packages/airflow/example_dags/example_branch_python_dop_operator_3.py
[2024-09-23T12:29:05.813+0100] {processor.py:925} INFO - DAG(s) 'example_branch_dop_operator_v3' retrieved from /Users/rtewelde/airflow_venv/lib/python3.11/site-packages/airflow/example_dags/example_branch_python_dop_operator_3.py
[2024-09-23T12:29:05.965+0100] {logging_mixin.py:190} INFO - [2024-09-23T12:29:05.964+0100] {dag.py:3239} INFO - Sync 1 DAGs
[2024-09-23T12:29:05.985+0100] {logging_mixin.py:190} INFO - [2024-09-23T12:29:05.985+0100] {dag.py:4180} INFO - Setting next_dagrun for example_branch_dop_operator_v3 to 2024-09-23 11:28:00+00:00, run_after=2024-09-23 11:29:00+00:00
[2024-09-23T12:29:06.001+0100] {processor.py:208} INFO - Processing /Users/rtewelde/airflow_venv/lib/python3.11/site-packages/airflow/example_dags/example_branch_python_dop_operator_3.py took 0.228 seconds
[2024-09-23T12:34:01.688+0100] {processor.py:186} INFO - Started process (PID=18491) to work on /Users/rtewelde/airflow_venv/lib/python3.11/site-packages/airflow/example_dags/example_branch_python_dop_operator_3.py
[2024-09-23T12:34:01.689+0100] {processor.py:914} INFO - Processing file /Users/rtewelde/airflow_venv/lib/python3.11/site-packages/airflow/example_dags/example_branch_python_dop_operator_3.py for tasks to queue
[2024-09-23T12:34:01.691+0100] {logging_mixin.py:190} INFO - [2024-09-23T12:34:01.690+0100] {dagbag.py:588} INFO - Filling up the DagBag from /Users/rtewelde/airflow_venv/lib/python3.11/site-packages/airflow/example_dags/example_branch_python_dop_operator_3.py
[2024-09-23T12:34:01.730+0100] {processor.py:925} INFO - DAG(s) 'example_branch_dop_operator_v3' retrieved from /Users/rtewelde/airflow_venv/lib/python3.11/site-packages/airflow/example_dags/example_branch_python_dop_operator_3.py
[2024-09-23T12:34:01.915+0100] {logging_mixin.py:190} INFO - [2024-09-23T12:34:01.915+0100] {dag.py:3239} INFO - Sync 1 DAGs
[2024-09-23T12:34:01.944+0100] {logging_mixin.py:190} INFO - [2024-09-23T12:34:01.943+0100] {dag.py:4180} INFO - Setting next_dagrun for example_branch_dop_operator_v3 to 2024-09-23 11:33:00+00:00, run_after=2024-09-23 11:34:00+00:00
[2024-09-23T12:34:01.964+0100] {processor.py:208} INFO - Processing /Users/rtewelde/airflow_venv/lib/python3.11/site-packages/airflow/example_dags/example_branch_python_dop_operator_3.py took 0.279 seconds
[2024-09-23T12:37:06.080+0100] {processor.py:186} INFO - Started process (PID=19340) to work on /Users/rtewelde/airflow_venv/lib/python3.11/site-packages/airflow/example_dags/example_branch_python_dop_operator_3.py
[2024-09-23T12:37:06.082+0100] {processor.py:914} INFO - Processing file /Users/rtewelde/airflow_venv/lib/python3.11/site-packages/airflow/example_dags/example_branch_python_dop_operator_3.py for tasks to queue
[2024-09-23T12:37:06.083+0100] {logging_mixin.py:190} INFO - [2024-09-23T12:37:06.083+0100] {dagbag.py:588} INFO - Filling up the DagBag from /Users/rtewelde/airflow_venv/lib/python3.11/site-packages/airflow/example_dags/example_branch_python_dop_operator_3.py
[2024-09-23T12:37:06.116+0100] {processor.py:925} INFO - DAG(s) 'example_branch_dop_operator_v3' retrieved from /Users/rtewelde/airflow_venv/lib/python3.11/site-packages/airflow/example_dags/example_branch_python_dop_operator_3.py
[2024-09-23T12:37:06.260+0100] {logging_mixin.py:190} INFO - [2024-09-23T12:37:06.259+0100] {dag.py:3239} INFO - Sync 1 DAGs
[2024-09-23T12:37:06.280+0100] {logging_mixin.py:190} INFO - [2024-09-23T12:37:06.280+0100] {dag.py:4180} INFO - Setting next_dagrun for example_branch_dop_operator_v3 to 2024-09-23 11:36:00+00:00, run_after=2024-09-23 11:37:00+00:00
[2024-09-23T12:37:06.295+0100] {processor.py:208} INFO - Processing /Users/rtewelde/airflow_venv/lib/python3.11/site-packages/airflow/example_dags/example_branch_python_dop_operator_3.py took 0.217 seconds
[2024-09-23T12:42:02.996+0100] {processor.py:186} INFO - Started process (PID=20704) to work on /Users/rtewelde/airflow_venv/lib/python3.11/site-packages/airflow/example_dags/example_branch_python_dop_operator_3.py
[2024-09-23T12:42:02.998+0100] {processor.py:914} INFO - Processing file /Users/rtewelde/airflow_venv/lib/python3.11/site-packages/airflow/example_dags/example_branch_python_dop_operator_3.py for tasks to queue
[2024-09-23T12:42:02.999+0100] {logging_mixin.py:190} INFO - [2024-09-23T12:42:02.999+0100] {dagbag.py:588} INFO - Filling up the DagBag from /Users/rtewelde/airflow_venv/lib/python3.11/site-packages/airflow/example_dags/example_branch_python_dop_operator_3.py
[2024-09-23T12:42:03.032+0100] {processor.py:925} INFO - DAG(s) 'example_branch_dop_operator_v3' retrieved from /Users/rtewelde/airflow_venv/lib/python3.11/site-packages/airflow/example_dags/example_branch_python_dop_operator_3.py
[2024-09-23T12:42:03.192+0100] {logging_mixin.py:190} INFO - [2024-09-23T12:42:03.191+0100] {dag.py:3239} INFO - Sync 1 DAGs
[2024-09-23T12:42:03.213+0100] {logging_mixin.py:190} INFO - [2024-09-23T12:42:03.213+0100] {dag.py:4180} INFO - Setting next_dagrun for example_branch_dop_operator_v3 to 2024-09-23 11:41:00+00:00, run_after=2024-09-23 11:42:00+00:00
[2024-09-23T12:42:03.231+0100] {processor.py:208} INFO - Processing /Users/rtewelde/airflow_venv/lib/python3.11/site-packages/airflow/example_dags/example_branch_python_dop_operator_3.py took 0.237 seconds
[2024-09-23T12:46:31.550+0100] {processor.py:186} INFO - Started process (PID=21953) to work on /Users/rtewelde/airflow_venv/lib/python3.11/site-packages/airflow/example_dags/example_branch_python_dop_operator_3.py
[2024-09-23T12:46:31.551+0100] {processor.py:914} INFO - Processing file /Users/rtewelde/airflow_venv/lib/python3.11/site-packages/airflow/example_dags/example_branch_python_dop_operator_3.py for tasks to queue
[2024-09-23T12:46:31.552+0100] {logging_mixin.py:190} INFO - [2024-09-23T12:46:31.552+0100] {dagbag.py:588} INFO - Filling up the DagBag from /Users/rtewelde/airflow_venv/lib/python3.11/site-packages/airflow/example_dags/example_branch_python_dop_operator_3.py
[2024-09-23T12:46:31.591+0100] {processor.py:925} INFO - DAG(s) 'example_branch_dop_operator_v3' retrieved from /Users/rtewelde/airflow_venv/lib/python3.11/site-packages/airflow/example_dags/example_branch_python_dop_operator_3.py
[2024-09-23T12:46:31.730+0100] {logging_mixin.py:190} INFO - [2024-09-23T12:46:31.730+0100] {dag.py:3239} INFO - Sync 1 DAGs
[2024-09-23T12:46:31.748+0100] {logging_mixin.py:190} INFO - [2024-09-23T12:46:31.748+0100] {dag.py:4180} INFO - Setting next_dagrun for example_branch_dop_operator_v3 to 2024-09-23 11:45:00+00:00, run_after=2024-09-23 11:46:00+00:00
[2024-09-23T12:46:31.763+0100] {processor.py:208} INFO - Processing /Users/rtewelde/airflow_venv/lib/python3.11/site-packages/airflow/example_dags/example_branch_python_dop_operator_3.py took 0.215 seconds
[2024-09-23T12:51:04.932+0100] {processor.py:186} INFO - Started process (PID=23238) to work on /Users/rtewelde/airflow_venv/lib/python3.11/site-packages/airflow/example_dags/example_branch_python_dop_operator_3.py
[2024-09-23T12:51:04.938+0100] {processor.py:914} INFO - Processing file /Users/rtewelde/airflow_venv/lib/python3.11/site-packages/airflow/example_dags/example_branch_python_dop_operator_3.py for tasks to queue
[2024-09-23T12:51:04.940+0100] {logging_mixin.py:190} INFO - [2024-09-23T12:51:04.939+0100] {dagbag.py:588} INFO - Filling up the DagBag from /Users/rtewelde/airflow_venv/lib/python3.11/site-packages/airflow/example_dags/example_branch_python_dop_operator_3.py
[2024-09-23T12:51:04.999+0100] {processor.py:925} INFO - DAG(s) 'example_branch_dop_operator_v3' retrieved from /Users/rtewelde/airflow_venv/lib/python3.11/site-packages/airflow/example_dags/example_branch_python_dop_operator_3.py
[2024-09-23T12:51:05.147+0100] {logging_mixin.py:190} INFO - [2024-09-23T12:51:05.147+0100] {dag.py:3239} INFO - Sync 1 DAGs
[2024-09-23T12:51:05.170+0100] {logging_mixin.py:190} INFO - [2024-09-23T12:51:05.169+0100] {dag.py:4180} INFO - Setting next_dagrun for example_branch_dop_operator_v3 to 2024-09-23 11:50:00+00:00, run_after=2024-09-23 11:51:00+00:00
[2024-09-23T12:51:05.187+0100] {processor.py:208} INFO - Processing /Users/rtewelde/airflow_venv/lib/python3.11/site-packages/airflow/example_dags/example_branch_python_dop_operator_3.py took 0.259 seconds
[2024-09-23T12:55:57.244+0100] {processor.py:186} INFO - Started process (PID=24631) to work on /Users/rtewelde/airflow_venv/lib/python3.11/site-packages/airflow/example_dags/example_branch_python_dop_operator_3.py
[2024-09-23T12:55:57.245+0100] {processor.py:914} INFO - Processing file /Users/rtewelde/airflow_venv/lib/python3.11/site-packages/airflow/example_dags/example_branch_python_dop_operator_3.py for tasks to queue
[2024-09-23T12:55:57.246+0100] {logging_mixin.py:190} INFO - [2024-09-23T12:55:57.246+0100] {dagbag.py:588} INFO - Filling up the DagBag from /Users/rtewelde/airflow_venv/lib/python3.11/site-packages/airflow/example_dags/example_branch_python_dop_operator_3.py
[2024-09-23T12:55:57.276+0100] {processor.py:925} INFO - DAG(s) 'example_branch_dop_operator_v3' retrieved from /Users/rtewelde/airflow_venv/lib/python3.11/site-packages/airflow/example_dags/example_branch_python_dop_operator_3.py
[2024-09-23T12:55:57.411+0100] {logging_mixin.py:190} INFO - [2024-09-23T12:55:57.411+0100] {dag.py:3239} INFO - Sync 1 DAGs
[2024-09-23T12:55:57.430+0100] {logging_mixin.py:190} INFO - [2024-09-23T12:55:57.430+0100] {dag.py:4180} INFO - Setting next_dagrun for example_branch_dop_operator_v3 to 2024-09-23 11:54:00+00:00, run_after=2024-09-23 11:55:00+00:00
[2024-09-23T12:55:57.451+0100] {processor.py:208} INFO - Processing /Users/rtewelde/airflow_venv/lib/python3.11/site-packages/airflow/example_dags/example_branch_python_dop_operator_3.py took 0.209 seconds
[2024-09-23T18:06:56.658+0100] {processor.py:186} INFO - Started process (PID=26041) to work on /Users/rtewelde/airflow_venv/lib/python3.11/site-packages/airflow/example_dags/example_branch_python_dop_operator_3.py
[2024-09-23T18:06:56.658+0100] {processor.py:914} INFO - Processing file /Users/rtewelde/airflow_venv/lib/python3.11/site-packages/airflow/example_dags/example_branch_python_dop_operator_3.py for tasks to queue
[2024-09-23T18:06:56.659+0100] {logging_mixin.py:190} INFO - [2024-09-23T18:06:56.659+0100] {dagbag.py:588} INFO - Filling up the DagBag from /Users/rtewelde/airflow_venv/lib/python3.11/site-packages/airflow/example_dags/example_branch_python_dop_operator_3.py
[2024-09-23T18:06:56.691+0100] {processor.py:925} INFO - DAG(s) 'example_branch_dop_operator_v3' retrieved from /Users/rtewelde/airflow_venv/lib/python3.11/site-packages/airflow/example_dags/example_branch_python_dop_operator_3.py
[2024-09-23T18:06:56.828+0100] {logging_mixin.py:190} INFO - [2024-09-23T18:06:56.828+0100] {dag.py:3239} INFO - Sync 1 DAGs
[2024-09-23T18:06:56.847+0100] {logging_mixin.py:190} INFO - [2024-09-23T18:06:56.847+0100] {dag.py:4180} INFO - Setting next_dagrun for example_branch_dop_operator_v3 to 2024-09-23 17:05:00+00:00, run_after=2024-09-23 17:06:00+00:00
[2024-09-23T18:06:56.863+0100] {processor.py:208} INFO - Processing /Users/rtewelde/airflow_venv/lib/python3.11/site-packages/airflow/example_dags/example_branch_python_dop_operator_3.py took 0.208 seconds
[2024-09-23T18:15:36.675+0100] {processor.py:186} INFO - Started process (PID=27315) to work on /Users/rtewelde/airflow_venv/lib/python3.11/site-packages/airflow/example_dags/example_branch_python_dop_operator_3.py
[2024-09-23T18:15:36.678+0100] {processor.py:914} INFO - Processing file /Users/rtewelde/airflow_venv/lib/python3.11/site-packages/airflow/example_dags/example_branch_python_dop_operator_3.py for tasks to queue
[2024-09-23T18:15:36.681+0100] {logging_mixin.py:190} INFO - [2024-09-23T18:15:36.680+0100] {dagbag.py:588} INFO - Filling up the DagBag from /Users/rtewelde/airflow_venv/lib/python3.11/site-packages/airflow/example_dags/example_branch_python_dop_operator_3.py
[2024-09-23T18:15:36.806+0100] {processor.py:925} INFO - DAG(s) 'example_branch_dop_operator_v3' retrieved from /Users/rtewelde/airflow_venv/lib/python3.11/site-packages/airflow/example_dags/example_branch_python_dop_operator_3.py
[2024-09-23T18:15:37.326+0100] {logging_mixin.py:190} INFO - [2024-09-23T18:15:37.325+0100] {dag.py:3239} INFO - Sync 1 DAGs
[2024-09-23T18:15:37.399+0100] {logging_mixin.py:190} INFO - [2024-09-23T18:15:37.398+0100] {dag.py:4180} INFO - Setting next_dagrun for example_branch_dop_operator_v3 to 2024-09-23 17:14:00+00:00, run_after=2024-09-23 17:15:00+00:00
[2024-09-23T18:15:37.460+0100] {processor.py:208} INFO - Processing /Users/rtewelde/airflow_venv/lib/python3.11/site-packages/airflow/example_dags/example_branch_python_dop_operator_3.py took 0.798 seconds
[2024-09-23T18:39:50.742+0100] {processor.py:186} INFO - Started process (PID=29082) to work on /Users/rtewelde/airflow_venv/lib/python3.11/site-packages/airflow/example_dags/example_branch_python_dop_operator_3.py
[2024-09-23T18:39:50.743+0100] {processor.py:914} INFO - Processing file /Users/rtewelde/airflow_venv/lib/python3.11/site-packages/airflow/example_dags/example_branch_python_dop_operator_3.py for tasks to queue
[2024-09-23T18:39:50.744+0100] {logging_mixin.py:190} INFO - [2024-09-23T18:39:50.744+0100] {dagbag.py:588} INFO - Filling up the DagBag from /Users/rtewelde/airflow_venv/lib/python3.11/site-packages/airflow/example_dags/example_branch_python_dop_operator_3.py
[2024-09-23T18:39:50.797+0100] {processor.py:925} INFO - DAG(s) 'example_branch_dop_operator_v3' retrieved from /Users/rtewelde/airflow_venv/lib/python3.11/site-packages/airflow/example_dags/example_branch_python_dop_operator_3.py
[2024-09-23T18:39:51.230+0100] {logging_mixin.py:190} INFO - [2024-09-23T18:39:51.229+0100] {dag.py:3239} INFO - Sync 1 DAGs
[2024-09-23T18:39:51.261+0100] {logging_mixin.py:190} INFO - [2024-09-23T18:39:51.261+0100] {dag.py:4180} INFO - Setting next_dagrun for example_branch_dop_operator_v3 to 2024-09-23 17:38:00+00:00, run_after=2024-09-23 17:39:00+00:00
[2024-09-23T18:39:51.300+0100] {processor.py:208} INFO - Processing /Users/rtewelde/airflow_venv/lib/python3.11/site-packages/airflow/example_dags/example_branch_python_dop_operator_3.py took 0.561 seconds
[2024-09-23T19:02:28.425+0100] {processor.py:186} INFO - Started process (PID=37127) to work on /Users/rtewelde/airflow_venv/lib/python3.11/site-packages/airflow/example_dags/example_branch_python_dop_operator_3.py
[2024-09-23T19:02:28.426+0100] {processor.py:914} INFO - Processing file /Users/rtewelde/airflow_venv/lib/python3.11/site-packages/airflow/example_dags/example_branch_python_dop_operator_3.py for tasks to queue
[2024-09-23T19:02:28.427+0100] {logging_mixin.py:190} INFO - [2024-09-23T19:02:28.427+0100] {dagbag.py:588} INFO - Filling up the DagBag from /Users/rtewelde/airflow_venv/lib/python3.11/site-packages/airflow/example_dags/example_branch_python_dop_operator_3.py
[2024-09-23T19:02:28.464+0100] {processor.py:925} INFO - DAG(s) 'example_branch_dop_operator_v3' retrieved from /Users/rtewelde/airflow_venv/lib/python3.11/site-packages/airflow/example_dags/example_branch_python_dop_operator_3.py
[2024-09-23T19:02:28.621+0100] {logging_mixin.py:190} INFO - [2024-09-23T19:02:28.620+0100] {dag.py:3239} INFO - Sync 1 DAGs
[2024-09-23T19:02:28.643+0100] {logging_mixin.py:190} INFO - [2024-09-23T19:02:28.643+0100] {dag.py:4180} INFO - Setting next_dagrun for example_branch_dop_operator_v3 to 2024-09-23 18:01:00+00:00, run_after=2024-09-23 18:02:00+00:00
[2024-09-23T19:02:28.660+0100] {processor.py:208} INFO - Processing /Users/rtewelde/airflow_venv/lib/python3.11/site-packages/airflow/example_dags/example_branch_python_dop_operator_3.py took 0.238 seconds
[2024-09-23T19:07:27.284+0100] {processor.py:186} INFO - Started process (PID=38579) to work on /Users/rtewelde/airflow_venv/lib/python3.11/site-packages/airflow/example_dags/example_branch_python_dop_operator_3.py
[2024-09-23T19:07:27.285+0100] {processor.py:914} INFO - Processing file /Users/rtewelde/airflow_venv/lib/python3.11/site-packages/airflow/example_dags/example_branch_python_dop_operator_3.py for tasks to queue
[2024-09-23T19:07:27.287+0100] {logging_mixin.py:190} INFO - [2024-09-23T19:07:27.287+0100] {dagbag.py:588} INFO - Filling up the DagBag from /Users/rtewelde/airflow_venv/lib/python3.11/site-packages/airflow/example_dags/example_branch_python_dop_operator_3.py
[2024-09-23T19:07:27.320+0100] {processor.py:925} INFO - DAG(s) 'example_branch_dop_operator_v3' retrieved from /Users/rtewelde/airflow_venv/lib/python3.11/site-packages/airflow/example_dags/example_branch_python_dop_operator_3.py
[2024-09-23T19:07:27.473+0100] {logging_mixin.py:190} INFO - [2024-09-23T19:07:27.473+0100] {dag.py:3239} INFO - Sync 1 DAGs
[2024-09-23T19:07:27.496+0100] {logging_mixin.py:190} INFO - [2024-09-23T19:07:27.496+0100] {dag.py:4180} INFO - Setting next_dagrun for example_branch_dop_operator_v3 to 2024-09-23 18:06:00+00:00, run_after=2024-09-23 18:07:00+00:00
[2024-09-23T19:07:27.513+0100] {processor.py:208} INFO - Processing /Users/rtewelde/airflow_venv/lib/python3.11/site-packages/airflow/example_dags/example_branch_python_dop_operator_3.py took 0.232 seconds
[2024-09-23T19:12:00.381+0100] {processor.py:186} INFO - Started process (PID=39855) to work on /Users/rtewelde/airflow_venv/lib/python3.11/site-packages/airflow/example_dags/example_branch_python_dop_operator_3.py
[2024-09-23T19:12:00.383+0100] {processor.py:914} INFO - Processing file /Users/rtewelde/airflow_venv/lib/python3.11/site-packages/airflow/example_dags/example_branch_python_dop_operator_3.py for tasks to queue
[2024-09-23T19:12:00.384+0100] {logging_mixin.py:190} INFO - [2024-09-23T19:12:00.384+0100] {dagbag.py:588} INFO - Filling up the DagBag from /Users/rtewelde/airflow_venv/lib/python3.11/site-packages/airflow/example_dags/example_branch_python_dop_operator_3.py
[2024-09-23T19:12:00.417+0100] {processor.py:925} INFO - DAG(s) 'example_branch_dop_operator_v3' retrieved from /Users/rtewelde/airflow_venv/lib/python3.11/site-packages/airflow/example_dags/example_branch_python_dop_operator_3.py
[2024-09-23T19:12:00.571+0100] {logging_mixin.py:190} INFO - [2024-09-23T19:12:00.570+0100] {dag.py:3239} INFO - Sync 1 DAGs
[2024-09-23T19:12:00.591+0100] {logging_mixin.py:190} INFO - [2024-09-23T19:12:00.591+0100] {dag.py:4180} INFO - Setting next_dagrun for example_branch_dop_operator_v3 to 2024-09-23 18:11:00+00:00, run_after=2024-09-23 18:12:00+00:00
[2024-09-23T19:12:00.607+0100] {processor.py:208} INFO - Processing /Users/rtewelde/airflow_venv/lib/python3.11/site-packages/airflow/example_dags/example_branch_python_dop_operator_3.py took 0.229 seconds
[2024-09-23T19:16:33.216+0100] {processor.py:186} INFO - Started process (PID=41121) to work on /Users/rtewelde/airflow_venv/lib/python3.11/site-packages/airflow/example_dags/example_branch_python_dop_operator_3.py
[2024-09-23T19:16:33.217+0100] {processor.py:914} INFO - Processing file /Users/rtewelde/airflow_venv/lib/python3.11/site-packages/airflow/example_dags/example_branch_python_dop_operator_3.py for tasks to queue
[2024-09-23T19:16:33.219+0100] {logging_mixin.py:190} INFO - [2024-09-23T19:16:33.218+0100] {dagbag.py:588} INFO - Filling up the DagBag from /Users/rtewelde/airflow_venv/lib/python3.11/site-packages/airflow/example_dags/example_branch_python_dop_operator_3.py
[2024-09-23T19:16:33.254+0100] {processor.py:925} INFO - DAG(s) 'example_branch_dop_operator_v3' retrieved from /Users/rtewelde/airflow_venv/lib/python3.11/site-packages/airflow/example_dags/example_branch_python_dop_operator_3.py
[2024-09-23T19:16:33.405+0100] {logging_mixin.py:190} INFO - [2024-09-23T19:16:33.405+0100] {dag.py:3239} INFO - Sync 1 DAGs
[2024-09-23T19:16:33.425+0100] {logging_mixin.py:190} INFO - [2024-09-23T19:16:33.424+0100] {dag.py:4180} INFO - Setting next_dagrun for example_branch_dop_operator_v3 to 2024-09-23 18:15:00+00:00, run_after=2024-09-23 18:16:00+00:00
[2024-09-23T19:16:33.441+0100] {processor.py:208} INFO - Processing /Users/rtewelde/airflow_venv/lib/python3.11/site-packages/airflow/example_dags/example_branch_python_dop_operator_3.py took 0.227 seconds
[2024-09-23T19:21:05.143+0100] {processor.py:186} INFO - Started process (PID=42439) to work on /Users/rtewelde/airflow_venv/lib/python3.11/site-packages/airflow/example_dags/example_branch_python_dop_operator_3.py
[2024-09-23T19:21:05.144+0100] {processor.py:914} INFO - Processing file /Users/rtewelde/airflow_venv/lib/python3.11/site-packages/airflow/example_dags/example_branch_python_dop_operator_3.py for tasks to queue
[2024-09-23T19:21:05.145+0100] {logging_mixin.py:190} INFO - [2024-09-23T19:21:05.145+0100] {dagbag.py:588} INFO - Filling up the DagBag from /Users/rtewelde/airflow_venv/lib/python3.11/site-packages/airflow/example_dags/example_branch_python_dop_operator_3.py
[2024-09-23T19:21:05.177+0100] {processor.py:925} INFO - DAG(s) 'example_branch_dop_operator_v3' retrieved from /Users/rtewelde/airflow_venv/lib/python3.11/site-packages/airflow/example_dags/example_branch_python_dop_operator_3.py
[2024-09-23T19:21:05.324+0100] {logging_mixin.py:190} INFO - [2024-09-23T19:21:05.324+0100] {dag.py:3239} INFO - Sync 1 DAGs
[2024-09-23T19:21:05.344+0100] {logging_mixin.py:190} INFO - [2024-09-23T19:21:05.344+0100] {dag.py:4180} INFO - Setting next_dagrun for example_branch_dop_operator_v3 to 2024-09-23 18:20:00+00:00, run_after=2024-09-23 18:21:00+00:00
[2024-09-23T19:21:05.360+0100] {processor.py:208} INFO - Processing /Users/rtewelde/airflow_venv/lib/python3.11/site-packages/airflow/example_dags/example_branch_python_dop_operator_3.py took 0.219 seconds
[2024-09-23T19:25:40.596+0100] {processor.py:186} INFO - Started process (PID=43749) to work on /Users/rtewelde/airflow_venv/lib/python3.11/site-packages/airflow/example_dags/example_branch_python_dop_operator_3.py
[2024-09-23T19:25:40.597+0100] {processor.py:914} INFO - Processing file /Users/rtewelde/airflow_venv/lib/python3.11/site-packages/airflow/example_dags/example_branch_python_dop_operator_3.py for tasks to queue
[2024-09-23T19:25:40.598+0100] {logging_mixin.py:190} INFO - [2024-09-23T19:25:40.598+0100] {dagbag.py:588} INFO - Filling up the DagBag from /Users/rtewelde/airflow_venv/lib/python3.11/site-packages/airflow/example_dags/example_branch_python_dop_operator_3.py
[2024-09-23T19:25:40.630+0100] {processor.py:925} INFO - DAG(s) 'example_branch_dop_operator_v3' retrieved from /Users/rtewelde/airflow_venv/lib/python3.11/site-packages/airflow/example_dags/example_branch_python_dop_operator_3.py
[2024-09-23T19:25:40.787+0100] {logging_mixin.py:190} INFO - [2024-09-23T19:25:40.787+0100] {dag.py:3239} INFO - Sync 1 DAGs
[2024-09-23T19:25:40.808+0100] {logging_mixin.py:190} INFO - [2024-09-23T19:25:40.807+0100] {dag.py:4180} INFO - Setting next_dagrun for example_branch_dop_operator_v3 to 2024-09-23 18:24:00+00:00, run_after=2024-09-23 18:25:00+00:00
[2024-09-23T19:25:40.823+0100] {processor.py:208} INFO - Processing /Users/rtewelde/airflow_venv/lib/python3.11/site-packages/airflow/example_dags/example_branch_python_dop_operator_3.py took 0.229 seconds
[2024-09-23T19:30:06.966+0100] {processor.py:186} INFO - Started process (PID=45001) to work on /Users/rtewelde/airflow_venv/lib/python3.11/site-packages/airflow/example_dags/example_branch_python_dop_operator_3.py
[2024-09-23T19:30:06.967+0100] {processor.py:914} INFO - Processing file /Users/rtewelde/airflow_venv/lib/python3.11/site-packages/airflow/example_dags/example_branch_python_dop_operator_3.py for tasks to queue
[2024-09-23T19:30:06.967+0100] {logging_mixin.py:190} INFO - [2024-09-23T19:30:06.967+0100] {dagbag.py:588} INFO - Filling up the DagBag from /Users/rtewelde/airflow_venv/lib/python3.11/site-packages/airflow/example_dags/example_branch_python_dop_operator_3.py
[2024-09-23T19:30:07.001+0100] {processor.py:925} INFO - DAG(s) 'example_branch_dop_operator_v3' retrieved from /Users/rtewelde/airflow_venv/lib/python3.11/site-packages/airflow/example_dags/example_branch_python_dop_operator_3.py
[2024-09-23T19:30:07.150+0100] {logging_mixin.py:190} INFO - [2024-09-23T19:30:07.150+0100] {dag.py:3239} INFO - Sync 1 DAGs
[2024-09-23T19:30:07.169+0100] {logging_mixin.py:190} INFO - [2024-09-23T19:30:07.169+0100] {dag.py:4180} INFO - Setting next_dagrun for example_branch_dop_operator_v3 to 2024-09-23 18:29:00+00:00, run_after=2024-09-23 18:30:00+00:00
[2024-09-23T19:30:07.186+0100] {processor.py:208} INFO - Processing /Users/rtewelde/airflow_venv/lib/python3.11/site-packages/airflow/example_dags/example_branch_python_dop_operator_3.py took 0.222 seconds
[2024-09-23T19:34:37.927+0100] {processor.py:186} INFO - Started process (PID=46256) to work on /Users/rtewelde/airflow_venv/lib/python3.11/site-packages/airflow/example_dags/example_branch_python_dop_operator_3.py
[2024-09-23T19:34:37.928+0100] {processor.py:914} INFO - Processing file /Users/rtewelde/airflow_venv/lib/python3.11/site-packages/airflow/example_dags/example_branch_python_dop_operator_3.py for tasks to queue
[2024-09-23T19:34:37.929+0100] {logging_mixin.py:190} INFO - [2024-09-23T19:34:37.929+0100] {dagbag.py:588} INFO - Filling up the DagBag from /Users/rtewelde/airflow_venv/lib/python3.11/site-packages/airflow/example_dags/example_branch_python_dop_operator_3.py
[2024-09-23T19:34:37.963+0100] {processor.py:925} INFO - DAG(s) 'example_branch_dop_operator_v3' retrieved from /Users/rtewelde/airflow_venv/lib/python3.11/site-packages/airflow/example_dags/example_branch_python_dop_operator_3.py
[2024-09-23T19:34:38.117+0100] {logging_mixin.py:190} INFO - [2024-09-23T19:34:38.117+0100] {dag.py:3239} INFO - Sync 1 DAGs
[2024-09-23T19:34:38.140+0100] {logging_mixin.py:190} INFO - [2024-09-23T19:34:38.140+0100] {dag.py:4180} INFO - Setting next_dagrun for example_branch_dop_operator_v3 to 2024-09-23 18:33:00+00:00, run_after=2024-09-23 18:34:00+00:00
[2024-09-23T19:34:38.156+0100] {processor.py:208} INFO - Processing /Users/rtewelde/airflow_venv/lib/python3.11/site-packages/airflow/example_dags/example_branch_python_dop_operator_3.py took 0.231 seconds
[2024-09-23T19:39:07.564+0100] {processor.py:186} INFO - Started process (PID=47514) to work on /Users/rtewelde/airflow_venv/lib/python3.11/site-packages/airflow/example_dags/example_branch_python_dop_operator_3.py
[2024-09-23T19:39:07.565+0100] {processor.py:914} INFO - Processing file /Users/rtewelde/airflow_venv/lib/python3.11/site-packages/airflow/example_dags/example_branch_python_dop_operator_3.py for tasks to queue
[2024-09-23T19:39:07.566+0100] {logging_mixin.py:190} INFO - [2024-09-23T19:39:07.565+0100] {dagbag.py:588} INFO - Filling up the DagBag from /Users/rtewelde/airflow_venv/lib/python3.11/site-packages/airflow/example_dags/example_branch_python_dop_operator_3.py
[2024-09-23T19:39:07.598+0100] {processor.py:925} INFO - DAG(s) 'example_branch_dop_operator_v3' retrieved from /Users/rtewelde/airflow_venv/lib/python3.11/site-packages/airflow/example_dags/example_branch_python_dop_operator_3.py
[2024-09-23T19:39:07.750+0100] {logging_mixin.py:190} INFO - [2024-09-23T19:39:07.750+0100] {dag.py:3239} INFO - Sync 1 DAGs
[2024-09-23T19:39:07.770+0100] {logging_mixin.py:190} INFO - [2024-09-23T19:39:07.769+0100] {dag.py:4180} INFO - Setting next_dagrun for example_branch_dop_operator_v3 to 2024-09-23 18:38:00+00:00, run_after=2024-09-23 18:39:00+00:00
[2024-09-23T19:39:07.786+0100] {processor.py:208} INFO - Processing /Users/rtewelde/airflow_venv/lib/python3.11/site-packages/airflow/example_dags/example_branch_python_dop_operator_3.py took 0.224 seconds
[2024-09-23T19:43:35.655+0100] {processor.py:186} INFO - Started process (PID=48752) to work on /Users/rtewelde/airflow_venv/lib/python3.11/site-packages/airflow/example_dags/example_branch_python_dop_operator_3.py
[2024-09-23T19:43:35.656+0100] {processor.py:914} INFO - Processing file /Users/rtewelde/airflow_venv/lib/python3.11/site-packages/airflow/example_dags/example_branch_python_dop_operator_3.py for tasks to queue
[2024-09-23T19:43:35.656+0100] {logging_mixin.py:190} INFO - [2024-09-23T19:43:35.656+0100] {dagbag.py:588} INFO - Filling up the DagBag from /Users/rtewelde/airflow_venv/lib/python3.11/site-packages/airflow/example_dags/example_branch_python_dop_operator_3.py
[2024-09-23T19:43:35.689+0100] {processor.py:925} INFO - DAG(s) 'example_branch_dop_operator_v3' retrieved from /Users/rtewelde/airflow_venv/lib/python3.11/site-packages/airflow/example_dags/example_branch_python_dop_operator_3.py
[2024-09-23T19:43:35.834+0100] {logging_mixin.py:190} INFO - [2024-09-23T19:43:35.834+0100] {dag.py:3239} INFO - Sync 1 DAGs
[2024-09-23T19:43:35.853+0100] {logging_mixin.py:190} INFO - [2024-09-23T19:43:35.853+0100] {dag.py:4180} INFO - Setting next_dagrun for example_branch_dop_operator_v3 to 2024-09-23 18:42:00+00:00, run_after=2024-09-23 18:43:00+00:00
[2024-09-23T19:43:35.870+0100] {processor.py:208} INFO - Processing /Users/rtewelde/airflow_venv/lib/python3.11/site-packages/airflow/example_dags/example_branch_python_dop_operator_3.py took 0.218 seconds
[2024-09-23T19:48:05.551+0100] {processor.py:186} INFO - Started process (PID=49993) to work on /Users/rtewelde/airflow_venv/lib/python3.11/site-packages/airflow/example_dags/example_branch_python_dop_operator_3.py
[2024-09-23T19:48:05.552+0100] {processor.py:914} INFO - Processing file /Users/rtewelde/airflow_venv/lib/python3.11/site-packages/airflow/example_dags/example_branch_python_dop_operator_3.py for tasks to queue
[2024-09-23T19:48:05.553+0100] {logging_mixin.py:190} INFO - [2024-09-23T19:48:05.553+0100] {dagbag.py:588} INFO - Filling up the DagBag from /Users/rtewelde/airflow_venv/lib/python3.11/site-packages/airflow/example_dags/example_branch_python_dop_operator_3.py
[2024-09-23T19:48:05.587+0100] {processor.py:925} INFO - DAG(s) 'example_branch_dop_operator_v3' retrieved from /Users/rtewelde/airflow_venv/lib/python3.11/site-packages/airflow/example_dags/example_branch_python_dop_operator_3.py
[2024-09-23T19:48:05.734+0100] {logging_mixin.py:190} INFO - [2024-09-23T19:48:05.733+0100] {dag.py:3239} INFO - Sync 1 DAGs
[2024-09-23T19:48:05.755+0100] {logging_mixin.py:190} INFO - [2024-09-23T19:48:05.755+0100] {dag.py:4180} INFO - Setting next_dagrun for example_branch_dop_operator_v3 to 2024-09-23 18:47:00+00:00, run_after=2024-09-23 18:48:00+00:00
[2024-09-23T19:48:05.772+0100] {processor.py:208} INFO - Processing /Users/rtewelde/airflow_venv/lib/python3.11/site-packages/airflow/example_dags/example_branch_python_dop_operator_3.py took 0.222 seconds
[2024-09-23T19:52:34.300+0100] {processor.py:186} INFO - Started process (PID=51228) to work on /Users/rtewelde/airflow_venv/lib/python3.11/site-packages/airflow/example_dags/example_branch_python_dop_operator_3.py
[2024-09-23T19:52:34.301+0100] {processor.py:914} INFO - Processing file /Users/rtewelde/airflow_venv/lib/python3.11/site-packages/airflow/example_dags/example_branch_python_dop_operator_3.py for tasks to queue
[2024-09-23T19:52:34.302+0100] {logging_mixin.py:190} INFO - [2024-09-23T19:52:34.302+0100] {dagbag.py:588} INFO - Filling up the DagBag from /Users/rtewelde/airflow_venv/lib/python3.11/site-packages/airflow/example_dags/example_branch_python_dop_operator_3.py
[2024-09-23T19:52:34.335+0100] {processor.py:925} INFO - DAG(s) 'example_branch_dop_operator_v3' retrieved from /Users/rtewelde/airflow_venv/lib/python3.11/site-packages/airflow/example_dags/example_branch_python_dop_operator_3.py
[2024-09-23T19:52:34.479+0100] {logging_mixin.py:190} INFO - [2024-09-23T19:52:34.479+0100] {dag.py:3239} INFO - Sync 1 DAGs
[2024-09-23T19:52:34.498+0100] {logging_mixin.py:190} INFO - [2024-09-23T19:52:34.498+0100] {dag.py:4180} INFO - Setting next_dagrun for example_branch_dop_operator_v3 to 2024-09-23 18:51:00+00:00, run_after=2024-09-23 18:52:00+00:00
[2024-09-23T19:52:34.515+0100] {processor.py:208} INFO - Processing /Users/rtewelde/airflow_venv/lib/python3.11/site-packages/airflow/example_dags/example_branch_python_dop_operator_3.py took 0.217 seconds
[2024-09-23T19:57:02.310+0100] {processor.py:186} INFO - Started process (PID=52468) to work on /Users/rtewelde/airflow_venv/lib/python3.11/site-packages/airflow/example_dags/example_branch_python_dop_operator_3.py
[2024-09-23T19:57:02.311+0100] {processor.py:914} INFO - Processing file /Users/rtewelde/airflow_venv/lib/python3.11/site-packages/airflow/example_dags/example_branch_python_dop_operator_3.py for tasks to queue
[2024-09-23T19:57:02.312+0100] {logging_mixin.py:190} INFO - [2024-09-23T19:57:02.312+0100] {dagbag.py:588} INFO - Filling up the DagBag from /Users/rtewelde/airflow_venv/lib/python3.11/site-packages/airflow/example_dags/example_branch_python_dop_operator_3.py
[2024-09-23T19:57:02.347+0100] {processor.py:925} INFO - DAG(s) 'example_branch_dop_operator_v3' retrieved from /Users/rtewelde/airflow_venv/lib/python3.11/site-packages/airflow/example_dags/example_branch_python_dop_operator_3.py
[2024-09-23T19:57:02.492+0100] {logging_mixin.py:190} INFO - [2024-09-23T19:57:02.492+0100] {dag.py:3239} INFO - Sync 1 DAGs
[2024-09-23T19:57:02.512+0100] {logging_mixin.py:190} INFO - [2024-09-23T19:57:02.512+0100] {dag.py:4180} INFO - Setting next_dagrun for example_branch_dop_operator_v3 to 2024-09-23 18:56:00+00:00, run_after=2024-09-23 18:57:00+00:00
[2024-09-23T19:57:02.528+0100] {processor.py:208} INFO - Processing /Users/rtewelde/airflow_venv/lib/python3.11/site-packages/airflow/example_dags/example_branch_python_dop_operator_3.py took 0.221 seconds
[2024-09-23T20:01:26.654+0100] {processor.py:186} INFO - Started process (PID=53704) to work on /Users/rtewelde/airflow_venv/lib/python3.11/site-packages/airflow/example_dags/example_branch_python_dop_operator_3.py
[2024-09-23T20:01:26.655+0100] {processor.py:914} INFO - Processing file /Users/rtewelde/airflow_venv/lib/python3.11/site-packages/airflow/example_dags/example_branch_python_dop_operator_3.py for tasks to queue
[2024-09-23T20:01:26.656+0100] {logging_mixin.py:190} INFO - [2024-09-23T20:01:26.656+0100] {dagbag.py:588} INFO - Filling up the DagBag from /Users/rtewelde/airflow_venv/lib/python3.11/site-packages/airflow/example_dags/example_branch_python_dop_operator_3.py
[2024-09-23T20:01:26.689+0100] {processor.py:925} INFO - DAG(s) 'example_branch_dop_operator_v3' retrieved from /Users/rtewelde/airflow_venv/lib/python3.11/site-packages/airflow/example_dags/example_branch_python_dop_operator_3.py
[2024-09-23T20:01:26.833+0100] {logging_mixin.py:190} INFO - [2024-09-23T20:01:26.832+0100] {dag.py:3239} INFO - Sync 1 DAGs
[2024-09-23T20:01:26.852+0100] {logging_mixin.py:190} INFO - [2024-09-23T20:01:26.852+0100] {dag.py:4180} INFO - Setting next_dagrun for example_branch_dop_operator_v3 to 2024-09-23 19:00:00+00:00, run_after=2024-09-23 19:01:00+00:00
[2024-09-23T20:01:26.870+0100] {processor.py:208} INFO - Processing /Users/rtewelde/airflow_venv/lib/python3.11/site-packages/airflow/example_dags/example_branch_python_dop_operator_3.py took 0.218 seconds
[2024-09-23T20:05:51.117+0100] {processor.py:186} INFO - Started process (PID=54925) to work on /Users/rtewelde/airflow_venv/lib/python3.11/site-packages/airflow/example_dags/example_branch_python_dop_operator_3.py
[2024-09-23T20:05:51.118+0100] {processor.py:914} INFO - Processing file /Users/rtewelde/airflow_venv/lib/python3.11/site-packages/airflow/example_dags/example_branch_python_dop_operator_3.py for tasks to queue
[2024-09-23T20:05:51.119+0100] {logging_mixin.py:190} INFO - [2024-09-23T20:05:51.118+0100] {dagbag.py:588} INFO - Filling up the DagBag from /Users/rtewelde/airflow_venv/lib/python3.11/site-packages/airflow/example_dags/example_branch_python_dop_operator_3.py
[2024-09-23T20:05:51.152+0100] {processor.py:925} INFO - DAG(s) 'example_branch_dop_operator_v3' retrieved from /Users/rtewelde/airflow_venv/lib/python3.11/site-packages/airflow/example_dags/example_branch_python_dop_operator_3.py
[2024-09-23T20:05:51.297+0100] {logging_mixin.py:190} INFO - [2024-09-23T20:05:51.297+0100] {dag.py:3239} INFO - Sync 1 DAGs
[2024-09-23T20:05:51.319+0100] {logging_mixin.py:190} INFO - [2024-09-23T20:05:51.319+0100] {dag.py:4180} INFO - Setting next_dagrun for example_branch_dop_operator_v3 to 2024-09-23 19:04:00+00:00, run_after=2024-09-23 19:05:00+00:00
[2024-09-23T20:05:51.336+0100] {processor.py:208} INFO - Processing /Users/rtewelde/airflow_venv/lib/python3.11/site-packages/airflow/example_dags/example_branch_python_dop_operator_3.py took 0.221 seconds
[2024-09-23T20:10:19.697+0100] {processor.py:186} INFO - Started process (PID=56166) to work on /Users/rtewelde/airflow_venv/lib/python3.11/site-packages/airflow/example_dags/example_branch_python_dop_operator_3.py
[2024-09-23T20:10:19.697+0100] {processor.py:914} INFO - Processing file /Users/rtewelde/airflow_venv/lib/python3.11/site-packages/airflow/example_dags/example_branch_python_dop_operator_3.py for tasks to queue
[2024-09-23T20:10:19.698+0100] {logging_mixin.py:190} INFO - [2024-09-23T20:10:19.698+0100] {dagbag.py:588} INFO - Filling up the DagBag from /Users/rtewelde/airflow_venv/lib/python3.11/site-packages/airflow/example_dags/example_branch_python_dop_operator_3.py
[2024-09-23T20:10:19.736+0100] {processor.py:925} INFO - DAG(s) 'example_branch_dop_operator_v3' retrieved from /Users/rtewelde/airflow_venv/lib/python3.11/site-packages/airflow/example_dags/example_branch_python_dop_operator_3.py
[2024-09-23T20:10:19.880+0100] {logging_mixin.py:190} INFO - [2024-09-23T20:10:19.879+0100] {dag.py:3239} INFO - Sync 1 DAGs
[2024-09-23T20:10:19.899+0100] {logging_mixin.py:190} INFO - [2024-09-23T20:10:19.899+0100] {dag.py:4180} INFO - Setting next_dagrun for example_branch_dop_operator_v3 to 2024-09-23 19:09:00+00:00, run_after=2024-09-23 19:10:00+00:00
[2024-09-23T20:10:19.915+0100] {processor.py:208} INFO - Processing /Users/rtewelde/airflow_venv/lib/python3.11/site-packages/airflow/example_dags/example_branch_python_dop_operator_3.py took 0.222 seconds
[2024-09-23T20:14:53.013+0100] {processor.py:186} INFO - Started process (PID=57421) to work on /Users/rtewelde/airflow_venv/lib/python3.11/site-packages/airflow/example_dags/example_branch_python_dop_operator_3.py
[2024-09-23T20:14:53.014+0100] {processor.py:914} INFO - Processing file /Users/rtewelde/airflow_venv/lib/python3.11/site-packages/airflow/example_dags/example_branch_python_dop_operator_3.py for tasks to queue
[2024-09-23T20:14:53.015+0100] {logging_mixin.py:190} INFO - [2024-09-23T20:14:53.015+0100] {dagbag.py:588} INFO - Filling up the DagBag from /Users/rtewelde/airflow_venv/lib/python3.11/site-packages/airflow/example_dags/example_branch_python_dop_operator_3.py
[2024-09-23T20:14:53.049+0100] {processor.py:925} INFO - DAG(s) 'example_branch_dop_operator_v3' retrieved from /Users/rtewelde/airflow_venv/lib/python3.11/site-packages/airflow/example_dags/example_branch_python_dop_operator_3.py
[2024-09-23T20:14:53.192+0100] {logging_mixin.py:190} INFO - [2024-09-23T20:14:53.191+0100] {dag.py:3239} INFO - Sync 1 DAGs
[2024-09-23T20:14:53.213+0100] {logging_mixin.py:190} INFO - [2024-09-23T20:14:53.212+0100] {dag.py:4180} INFO - Setting next_dagrun for example_branch_dop_operator_v3 to 2024-09-23 19:13:00+00:00, run_after=2024-09-23 19:14:00+00:00
[2024-09-23T20:14:53.228+0100] {processor.py:208} INFO - Processing /Users/rtewelde/airflow_venv/lib/python3.11/site-packages/airflow/example_dags/example_branch_python_dop_operator_3.py took 0.218 seconds
[2024-09-23T20:19:22.756+0100] {processor.py:186} INFO - Started process (PID=58705) to work on /Users/rtewelde/airflow_venv/lib/python3.11/site-packages/airflow/example_dags/example_branch_python_dop_operator_3.py
[2024-09-23T20:19:22.760+0100] {processor.py:914} INFO - Processing file /Users/rtewelde/airflow_venv/lib/python3.11/site-packages/airflow/example_dags/example_branch_python_dop_operator_3.py for tasks to queue
[2024-09-23T20:19:22.762+0100] {logging_mixin.py:190} INFO - [2024-09-23T20:19:22.761+0100] {dagbag.py:588} INFO - Filling up the DagBag from /Users/rtewelde/airflow_venv/lib/python3.11/site-packages/airflow/example_dags/example_branch_python_dop_operator_3.py
[2024-09-23T20:19:22.812+0100] {processor.py:925} INFO - DAG(s) 'example_branch_dop_operator_v3' retrieved from /Users/rtewelde/airflow_venv/lib/python3.11/site-packages/airflow/example_dags/example_branch_python_dop_operator_3.py
[2024-09-23T20:19:22.992+0100] {logging_mixin.py:190} INFO - [2024-09-23T20:19:22.992+0100] {dag.py:3239} INFO - Sync 1 DAGs
[2024-09-23T20:19:23.013+0100] {logging_mixin.py:190} INFO - [2024-09-23T20:19:23.013+0100] {dag.py:4180} INFO - Setting next_dagrun for example_branch_dop_operator_v3 to 2024-09-23 19:18:00+00:00, run_after=2024-09-23 19:19:00+00:00
[2024-09-23T20:19:23.031+0100] {processor.py:208} INFO - Processing /Users/rtewelde/airflow_venv/lib/python3.11/site-packages/airflow/example_dags/example_branch_python_dop_operator_3.py took 0.280 seconds
[2024-09-23T20:24:00.848+0100] {processor.py:186} INFO - Started process (PID=59982) to work on /Users/rtewelde/airflow_venv/lib/python3.11/site-packages/airflow/example_dags/example_branch_python_dop_operator_3.py
[2024-09-23T20:24:00.849+0100] {processor.py:914} INFO - Processing file /Users/rtewelde/airflow_venv/lib/python3.11/site-packages/airflow/example_dags/example_branch_python_dop_operator_3.py for tasks to queue
[2024-09-23T20:24:00.850+0100] {logging_mixin.py:190} INFO - [2024-09-23T20:24:00.849+0100] {dagbag.py:588} INFO - Filling up the DagBag from /Users/rtewelde/airflow_venv/lib/python3.11/site-packages/airflow/example_dags/example_branch_python_dop_operator_3.py
[2024-09-23T20:24:00.884+0100] {processor.py:925} INFO - DAG(s) 'example_branch_dop_operator_v3' retrieved from /Users/rtewelde/airflow_venv/lib/python3.11/site-packages/airflow/example_dags/example_branch_python_dop_operator_3.py
[2024-09-23T20:24:01.028+0100] {logging_mixin.py:190} INFO - [2024-09-23T20:24:01.028+0100] {dag.py:3239} INFO - Sync 1 DAGs
[2024-09-23T20:24:01.048+0100] {logging_mixin.py:190} INFO - [2024-09-23T20:24:01.047+0100] {dag.py:4180} INFO - Setting next_dagrun for example_branch_dop_operator_v3 to 2024-09-23 19:23:00+00:00, run_after=2024-09-23 19:24:00+00:00
[2024-09-23T20:24:01.065+0100] {processor.py:208} INFO - Processing /Users/rtewelde/airflow_venv/lib/python3.11/site-packages/airflow/example_dags/example_branch_python_dop_operator_3.py took 0.220 seconds
[2024-09-23T20:28:29.512+0100] {processor.py:186} INFO - Started process (PID=61231) to work on /Users/rtewelde/airflow_venv/lib/python3.11/site-packages/airflow/example_dags/example_branch_python_dop_operator_3.py
[2024-09-23T20:28:29.513+0100] {processor.py:914} INFO - Processing file /Users/rtewelde/airflow_venv/lib/python3.11/site-packages/airflow/example_dags/example_branch_python_dop_operator_3.py for tasks to queue
[2024-09-23T20:28:29.514+0100] {logging_mixin.py:190} INFO - [2024-09-23T20:28:29.514+0100] {dagbag.py:588} INFO - Filling up the DagBag from /Users/rtewelde/airflow_venv/lib/python3.11/site-packages/airflow/example_dags/example_branch_python_dop_operator_3.py
[2024-09-23T20:28:29.548+0100] {processor.py:925} INFO - DAG(s) 'example_branch_dop_operator_v3' retrieved from /Users/rtewelde/airflow_venv/lib/python3.11/site-packages/airflow/example_dags/example_branch_python_dop_operator_3.py
[2024-09-23T20:28:29.695+0100] {logging_mixin.py:190} INFO - [2024-09-23T20:28:29.694+0100] {dag.py:3239} INFO - Sync 1 DAGs
[2024-09-23T20:28:29.714+0100] {logging_mixin.py:190} INFO - [2024-09-23T20:28:29.714+0100] {dag.py:4180} INFO - Setting next_dagrun for example_branch_dop_operator_v3 to 2024-09-23 19:27:00+00:00, run_after=2024-09-23 19:28:00+00:00
[2024-09-23T20:28:29.730+0100] {processor.py:208} INFO - Processing /Users/rtewelde/airflow_venv/lib/python3.11/site-packages/airflow/example_dags/example_branch_python_dop_operator_3.py took 0.220 seconds
[2024-09-23T20:32:57.561+0100] {processor.py:186} INFO - Started process (PID=62485) to work on /Users/rtewelde/airflow_venv/lib/python3.11/site-packages/airflow/example_dags/example_branch_python_dop_operator_3.py
[2024-09-23T20:32:57.561+0100] {processor.py:914} INFO - Processing file /Users/rtewelde/airflow_venv/lib/python3.11/site-packages/airflow/example_dags/example_branch_python_dop_operator_3.py for tasks to queue
[2024-09-23T20:32:57.562+0100] {logging_mixin.py:190} INFO - [2024-09-23T20:32:57.562+0100] {dagbag.py:588} INFO - Filling up the DagBag from /Users/rtewelde/airflow_venv/lib/python3.11/site-packages/airflow/example_dags/example_branch_python_dop_operator_3.py
[2024-09-23T20:32:57.604+0100] {processor.py:925} INFO - DAG(s) 'example_branch_dop_operator_v3' retrieved from /Users/rtewelde/airflow_venv/lib/python3.11/site-packages/airflow/example_dags/example_branch_python_dop_operator_3.py
[2024-09-23T20:32:57.767+0100] {logging_mixin.py:190} INFO - [2024-09-23T20:32:57.766+0100] {dag.py:3239} INFO - Sync 1 DAGs
[2024-09-23T20:32:57.787+0100] {logging_mixin.py:190} INFO - [2024-09-23T20:32:57.786+0100] {dag.py:4180} INFO - Setting next_dagrun for example_branch_dop_operator_v3 to 2024-09-23 19:31:00+00:00, run_after=2024-09-23 19:32:00+00:00
[2024-09-23T20:32:57.803+0100] {processor.py:208} INFO - Processing /Users/rtewelde/airflow_venv/lib/python3.11/site-packages/airflow/example_dags/example_branch_python_dop_operator_3.py took 0.246 seconds
[2024-09-23T20:37:20.544+0100] {processor.py:186} INFO - Started process (PID=63699) to work on /Users/rtewelde/airflow_venv/lib/python3.11/site-packages/airflow/example_dags/example_branch_python_dop_operator_3.py
[2024-09-23T20:37:20.545+0100] {processor.py:914} INFO - Processing file /Users/rtewelde/airflow_venv/lib/python3.11/site-packages/airflow/example_dags/example_branch_python_dop_operator_3.py for tasks to queue
[2024-09-23T20:37:20.546+0100] {logging_mixin.py:190} INFO - [2024-09-23T20:37:20.546+0100] {dagbag.py:588} INFO - Filling up the DagBag from /Users/rtewelde/airflow_venv/lib/python3.11/site-packages/airflow/example_dags/example_branch_python_dop_operator_3.py
[2024-09-23T20:37:20.580+0100] {processor.py:925} INFO - DAG(s) 'example_branch_dop_operator_v3' retrieved from /Users/rtewelde/airflow_venv/lib/python3.11/site-packages/airflow/example_dags/example_branch_python_dop_operator_3.py
[2024-09-23T20:37:20.718+0100] {logging_mixin.py:190} INFO - [2024-09-23T20:37:20.718+0100] {dag.py:3239} INFO - Sync 1 DAGs
[2024-09-23T20:37:20.738+0100] {logging_mixin.py:190} INFO - [2024-09-23T20:37:20.737+0100] {dag.py:4180} INFO - Setting next_dagrun for example_branch_dop_operator_v3 to 2024-09-23 19:36:00+00:00, run_after=2024-09-23 19:37:00+00:00
[2024-09-23T20:37:20.754+0100] {processor.py:208} INFO - Processing /Users/rtewelde/airflow_venv/lib/python3.11/site-packages/airflow/example_dags/example_branch_python_dop_operator_3.py took 0.212 seconds
[2024-09-23T20:41:58.861+0100] {processor.py:186} INFO - Started process (PID=64985) to work on /Users/rtewelde/airflow_venv/lib/python3.11/site-packages/airflow/example_dags/example_branch_python_dop_operator_3.py
[2024-09-23T20:41:58.862+0100] {processor.py:914} INFO - Processing file /Users/rtewelde/airflow_venv/lib/python3.11/site-packages/airflow/example_dags/example_branch_python_dop_operator_3.py for tasks to queue
[2024-09-23T20:41:58.862+0100] {logging_mixin.py:190} INFO - [2024-09-23T20:41:58.862+0100] {dagbag.py:588} INFO - Filling up the DagBag from /Users/rtewelde/airflow_venv/lib/python3.11/site-packages/airflow/example_dags/example_branch_python_dop_operator_3.py
[2024-09-23T20:41:58.897+0100] {processor.py:925} INFO - DAG(s) 'example_branch_dop_operator_v3' retrieved from /Users/rtewelde/airflow_venv/lib/python3.11/site-packages/airflow/example_dags/example_branch_python_dop_operator_3.py
[2024-09-23T20:41:59.050+0100] {logging_mixin.py:190} INFO - [2024-09-23T20:41:59.050+0100] {dag.py:3239} INFO - Sync 1 DAGs
[2024-09-23T20:41:59.070+0100] {logging_mixin.py:190} INFO - [2024-09-23T20:41:59.070+0100] {dag.py:4180} INFO - Setting next_dagrun for example_branch_dop_operator_v3 to 2024-09-23 19:40:00+00:00, run_after=2024-09-23 19:41:00+00:00
[2024-09-23T20:41:59.087+0100] {processor.py:208} INFO - Processing /Users/rtewelde/airflow_venv/lib/python3.11/site-packages/airflow/example_dags/example_branch_python_dop_operator_3.py took 0.229 seconds
[2024-09-23T20:46:29.487+0100] {processor.py:186} INFO - Started process (PID=66235) to work on /Users/rtewelde/airflow_venv/lib/python3.11/site-packages/airflow/example_dags/example_branch_python_dop_operator_3.py
[2024-09-23T20:46:29.488+0100] {processor.py:914} INFO - Processing file /Users/rtewelde/airflow_venv/lib/python3.11/site-packages/airflow/example_dags/example_branch_python_dop_operator_3.py for tasks to queue
[2024-09-23T20:46:29.489+0100] {logging_mixin.py:190} INFO - [2024-09-23T20:46:29.489+0100] {dagbag.py:588} INFO - Filling up the DagBag from /Users/rtewelde/airflow_venv/lib/python3.11/site-packages/airflow/example_dags/example_branch_python_dop_operator_3.py
[2024-09-23T20:46:29.523+0100] {processor.py:925} INFO - DAG(s) 'example_branch_dop_operator_v3' retrieved from /Users/rtewelde/airflow_venv/lib/python3.11/site-packages/airflow/example_dags/example_branch_python_dop_operator_3.py
[2024-09-23T20:46:29.672+0100] {logging_mixin.py:190} INFO - [2024-09-23T20:46:29.671+0100] {dag.py:3239} INFO - Sync 1 DAGs
[2024-09-23T20:46:29.692+0100] {logging_mixin.py:190} INFO - [2024-09-23T20:46:29.692+0100] {dag.py:4180} INFO - Setting next_dagrun for example_branch_dop_operator_v3 to 2024-09-23 19:45:00+00:00, run_after=2024-09-23 19:46:00+00:00
[2024-09-23T20:46:29.707+0100] {processor.py:208} INFO - Processing /Users/rtewelde/airflow_venv/lib/python3.11/site-packages/airflow/example_dags/example_branch_python_dop_operator_3.py took 0.223 seconds
[2024-09-23T20:50:59.264+0100] {processor.py:186} INFO - Started process (PID=67476) to work on /Users/rtewelde/airflow_venv/lib/python3.11/site-packages/airflow/example_dags/example_branch_python_dop_operator_3.py
[2024-09-23T20:50:59.265+0100] {processor.py:914} INFO - Processing file /Users/rtewelde/airflow_venv/lib/python3.11/site-packages/airflow/example_dags/example_branch_python_dop_operator_3.py for tasks to queue
[2024-09-23T20:50:59.265+0100] {logging_mixin.py:190} INFO - [2024-09-23T20:50:59.265+0100] {dagbag.py:588} INFO - Filling up the DagBag from /Users/rtewelde/airflow_venv/lib/python3.11/site-packages/airflow/example_dags/example_branch_python_dop_operator_3.py
[2024-09-23T20:50:59.299+0100] {processor.py:925} INFO - DAG(s) 'example_branch_dop_operator_v3' retrieved from /Users/rtewelde/airflow_venv/lib/python3.11/site-packages/airflow/example_dags/example_branch_python_dop_operator_3.py
[2024-09-23T20:50:59.443+0100] {logging_mixin.py:190} INFO - [2024-09-23T20:50:59.442+0100] {dag.py:3239} INFO - Sync 1 DAGs
[2024-09-23T20:50:59.462+0100] {logging_mixin.py:190} INFO - [2024-09-23T20:50:59.462+0100] {dag.py:4180} INFO - Setting next_dagrun for example_branch_dop_operator_v3 to 2024-09-23 19:49:00+00:00, run_after=2024-09-23 19:50:00+00:00
[2024-09-23T20:50:59.480+0100] {processor.py:208} INFO - Processing /Users/rtewelde/airflow_venv/lib/python3.11/site-packages/airflow/example_dags/example_branch_python_dop_operator_3.py took 0.219 seconds
[2024-09-23T20:55:29.463+0100] {processor.py:186} INFO - Started process (PID=68717) to work on /Users/rtewelde/airflow_venv/lib/python3.11/site-packages/airflow/example_dags/example_branch_python_dop_operator_3.py
[2024-09-23T20:55:29.464+0100] {processor.py:914} INFO - Processing file /Users/rtewelde/airflow_venv/lib/python3.11/site-packages/airflow/example_dags/example_branch_python_dop_operator_3.py for tasks to queue
[2024-09-23T20:55:29.464+0100] {logging_mixin.py:190} INFO - [2024-09-23T20:55:29.464+0100] {dagbag.py:588} INFO - Filling up the DagBag from /Users/rtewelde/airflow_venv/lib/python3.11/site-packages/airflow/example_dags/example_branch_python_dop_operator_3.py
[2024-09-23T20:55:29.498+0100] {processor.py:925} INFO - DAG(s) 'example_branch_dop_operator_v3' retrieved from /Users/rtewelde/airflow_venv/lib/python3.11/site-packages/airflow/example_dags/example_branch_python_dop_operator_3.py
[2024-09-23T20:55:29.641+0100] {logging_mixin.py:190} INFO - [2024-09-23T20:55:29.640+0100] {dag.py:3239} INFO - Sync 1 DAGs
[2024-09-23T20:55:29.660+0100] {logging_mixin.py:190} INFO - [2024-09-23T20:55:29.660+0100] {dag.py:4180} INFO - Setting next_dagrun for example_branch_dop_operator_v3 to 2024-09-23 19:54:00+00:00, run_after=2024-09-23 19:55:00+00:00
[2024-09-23T20:55:29.676+0100] {processor.py:208} INFO - Processing /Users/rtewelde/airflow_venv/lib/python3.11/site-packages/airflow/example_dags/example_branch_python_dop_operator_3.py took 0.216 seconds
[2024-09-23T20:59:57.869+0100] {processor.py:186} INFO - Started process (PID=69952) to work on /Users/rtewelde/airflow_venv/lib/python3.11/site-packages/airflow/example_dags/example_branch_python_dop_operator_3.py
[2024-09-23T20:59:57.870+0100] {processor.py:914} INFO - Processing file /Users/rtewelde/airflow_venv/lib/python3.11/site-packages/airflow/example_dags/example_branch_python_dop_operator_3.py for tasks to queue
[2024-09-23T20:59:57.871+0100] {logging_mixin.py:190} INFO - [2024-09-23T20:59:57.870+0100] {dagbag.py:588} INFO - Filling up the DagBag from /Users/rtewelde/airflow_venv/lib/python3.11/site-packages/airflow/example_dags/example_branch_python_dop_operator_3.py
[2024-09-23T20:59:57.905+0100] {processor.py:925} INFO - DAG(s) 'example_branch_dop_operator_v3' retrieved from /Users/rtewelde/airflow_venv/lib/python3.11/site-packages/airflow/example_dags/example_branch_python_dop_operator_3.py
[2024-09-23T20:59:58.047+0100] {logging_mixin.py:190} INFO - [2024-09-23T20:59:58.047+0100] {dag.py:3239} INFO - Sync 1 DAGs
[2024-09-23T20:59:58.066+0100] {logging_mixin.py:190} INFO - [2024-09-23T20:59:58.066+0100] {dag.py:4180} INFO - Setting next_dagrun for example_branch_dop_operator_v3 to 2024-09-23 19:58:00+00:00, run_after=2024-09-23 19:59:00+00:00
[2024-09-23T20:59:58.083+0100] {processor.py:208} INFO - Processing /Users/rtewelde/airflow_venv/lib/python3.11/site-packages/airflow/example_dags/example_branch_python_dop_operator_3.py took 0.216 seconds
[2024-09-23T21:04:25.253+0100] {processor.py:186} INFO - Started process (PID=71179) to work on /Users/rtewelde/airflow_venv/lib/python3.11/site-packages/airflow/example_dags/example_branch_python_dop_operator_3.py
[2024-09-23T21:04:25.253+0100] {processor.py:914} INFO - Processing file /Users/rtewelde/airflow_venv/lib/python3.11/site-packages/airflow/example_dags/example_branch_python_dop_operator_3.py for tasks to queue
[2024-09-23T21:04:25.254+0100] {logging_mixin.py:190} INFO - [2024-09-23T21:04:25.254+0100] {dagbag.py:588} INFO - Filling up the DagBag from /Users/rtewelde/airflow_venv/lib/python3.11/site-packages/airflow/example_dags/example_branch_python_dop_operator_3.py
[2024-09-23T21:04:25.287+0100] {processor.py:925} INFO - DAG(s) 'example_branch_dop_operator_v3' retrieved from /Users/rtewelde/airflow_venv/lib/python3.11/site-packages/airflow/example_dags/example_branch_python_dop_operator_3.py
[2024-09-23T21:04:25.432+0100] {logging_mixin.py:190} INFO - [2024-09-23T21:04:25.431+0100] {dag.py:3239} INFO - Sync 1 DAGs
[2024-09-23T21:04:25.451+0100] {logging_mixin.py:190} INFO - [2024-09-23T21:04:25.451+0100] {dag.py:4180} INFO - Setting next_dagrun for example_branch_dop_operator_v3 to 2024-09-23 20:03:00+00:00, run_after=2024-09-23 20:04:00+00:00
[2024-09-23T21:04:25.468+0100] {processor.py:208} INFO - Processing /Users/rtewelde/airflow_venv/lib/python3.11/site-packages/airflow/example_dags/example_branch_python_dop_operator_3.py took 0.217 seconds
[2024-09-23T21:08:54.031+0100] {processor.py:186} INFO - Started process (PID=72421) to work on /Users/rtewelde/airflow_venv/lib/python3.11/site-packages/airflow/example_dags/example_branch_python_dop_operator_3.py
[2024-09-23T21:08:54.032+0100] {processor.py:914} INFO - Processing file /Users/rtewelde/airflow_venv/lib/python3.11/site-packages/airflow/example_dags/example_branch_python_dop_operator_3.py for tasks to queue
[2024-09-23T21:08:54.033+0100] {logging_mixin.py:190} INFO - [2024-09-23T21:08:54.033+0100] {dagbag.py:588} INFO - Filling up the DagBag from /Users/rtewelde/airflow_venv/lib/python3.11/site-packages/airflow/example_dags/example_branch_python_dop_operator_3.py
[2024-09-23T21:08:54.066+0100] {processor.py:925} INFO - DAG(s) 'example_branch_dop_operator_v3' retrieved from /Users/rtewelde/airflow_venv/lib/python3.11/site-packages/airflow/example_dags/example_branch_python_dop_operator_3.py
[2024-09-23T21:08:54.213+0100] {logging_mixin.py:190} INFO - [2024-09-23T21:08:54.213+0100] {dag.py:3239} INFO - Sync 1 DAGs
[2024-09-23T21:08:54.234+0100] {logging_mixin.py:190} INFO - [2024-09-23T21:08:54.234+0100] {dag.py:4180} INFO - Setting next_dagrun for example_branch_dop_operator_v3 to 2024-09-23 20:07:00+00:00, run_after=2024-09-23 20:08:00+00:00
[2024-09-23T21:08:54.249+0100] {processor.py:208} INFO - Processing /Users/rtewelde/airflow_venv/lib/python3.11/site-packages/airflow/example_dags/example_branch_python_dop_operator_3.py took 0.222 seconds
[2024-09-23T21:13:23.985+0100] {processor.py:186} INFO - Started process (PID=73670) to work on /Users/rtewelde/airflow_venv/lib/python3.11/site-packages/airflow/example_dags/example_branch_python_dop_operator_3.py
[2024-09-23T21:13:23.985+0100] {processor.py:914} INFO - Processing file /Users/rtewelde/airflow_venv/lib/python3.11/site-packages/airflow/example_dags/example_branch_python_dop_operator_3.py for tasks to queue
[2024-09-23T21:13:23.986+0100] {logging_mixin.py:190} INFO - [2024-09-23T21:13:23.986+0100] {dagbag.py:588} INFO - Filling up the DagBag from /Users/rtewelde/airflow_venv/lib/python3.11/site-packages/airflow/example_dags/example_branch_python_dop_operator_3.py
[2024-09-23T21:13:24.018+0100] {processor.py:925} INFO - DAG(s) 'example_branch_dop_operator_v3' retrieved from /Users/rtewelde/airflow_venv/lib/python3.11/site-packages/airflow/example_dags/example_branch_python_dop_operator_3.py
[2024-09-23T21:13:24.165+0100] {logging_mixin.py:190} INFO - [2024-09-23T21:13:24.164+0100] {dag.py:3239} INFO - Sync 1 DAGs
[2024-09-23T21:13:24.184+0100] {logging_mixin.py:190} INFO - [2024-09-23T21:13:24.184+0100] {dag.py:4180} INFO - Setting next_dagrun for example_branch_dop_operator_v3 to 2024-09-23 20:12:00+00:00, run_after=2024-09-23 20:13:00+00:00
[2024-09-23T21:13:24.201+0100] {processor.py:208} INFO - Processing /Users/rtewelde/airflow_venv/lib/python3.11/site-packages/airflow/example_dags/example_branch_python_dop_operator_3.py took 0.219 seconds
[2024-09-23T21:17:55.928+0100] {processor.py:186} INFO - Started process (PID=74946) to work on /Users/rtewelde/airflow_venv/lib/python3.11/site-packages/airflow/example_dags/example_branch_python_dop_operator_3.py
[2024-09-23T21:17:55.929+0100] {processor.py:914} INFO - Processing file /Users/rtewelde/airflow_venv/lib/python3.11/site-packages/airflow/example_dags/example_branch_python_dop_operator_3.py for tasks to queue
[2024-09-23T21:17:55.930+0100] {logging_mixin.py:190} INFO - [2024-09-23T21:17:55.930+0100] {dagbag.py:588} INFO - Filling up the DagBag from /Users/rtewelde/airflow_venv/lib/python3.11/site-packages/airflow/example_dags/example_branch_python_dop_operator_3.py
[2024-09-23T21:17:55.964+0100] {processor.py:925} INFO - DAG(s) 'example_branch_dop_operator_v3' retrieved from /Users/rtewelde/airflow_venv/lib/python3.11/site-packages/airflow/example_dags/example_branch_python_dop_operator_3.py
[2024-09-23T21:17:56.116+0100] {logging_mixin.py:190} INFO - [2024-09-23T21:17:56.116+0100] {dag.py:3239} INFO - Sync 1 DAGs
[2024-09-23T21:17:56.141+0100] {logging_mixin.py:190} INFO - [2024-09-23T21:17:56.140+0100] {dag.py:4180} INFO - Setting next_dagrun for example_branch_dop_operator_v3 to 2024-09-23 20:16:00+00:00, run_after=2024-09-23 20:17:00+00:00
[2024-09-23T21:17:56.161+0100] {processor.py:208} INFO - Processing /Users/rtewelde/airflow_venv/lib/python3.11/site-packages/airflow/example_dags/example_branch_python_dop_operator_3.py took 0.235 seconds
[2024-09-23T21:22:22.732+0100] {processor.py:186} INFO - Started process (PID=76272) to work on /Users/rtewelde/airflow_venv/lib/python3.11/site-packages/airflow/example_dags/example_branch_python_dop_operator_3.py
[2024-09-23T21:22:22.733+0100] {processor.py:914} INFO - Processing file /Users/rtewelde/airflow_venv/lib/python3.11/site-packages/airflow/example_dags/example_branch_python_dop_operator_3.py for tasks to queue
[2024-09-23T21:22:22.734+0100] {logging_mixin.py:190} INFO - [2024-09-23T21:22:22.734+0100] {dagbag.py:588} INFO - Filling up the DagBag from /Users/rtewelde/airflow_venv/lib/python3.11/site-packages/airflow/example_dags/example_branch_python_dop_operator_3.py
[2024-09-23T21:22:22.769+0100] {processor.py:925} INFO - DAG(s) 'example_branch_dop_operator_v3' retrieved from /Users/rtewelde/airflow_venv/lib/python3.11/site-packages/airflow/example_dags/example_branch_python_dop_operator_3.py
[2024-09-23T21:22:22.942+0100] {logging_mixin.py:190} INFO - [2024-09-23T21:22:22.941+0100] {dag.py:3239} INFO - Sync 1 DAGs
[2024-09-23T21:22:22.963+0100] {logging_mixin.py:190} INFO - [2024-09-23T21:22:22.962+0100] {dag.py:4180} INFO - Setting next_dagrun for example_branch_dop_operator_v3 to 2024-09-23 20:21:00+00:00, run_after=2024-09-23 20:22:00+00:00
[2024-09-23T21:22:22.981+0100] {processor.py:208} INFO - Processing /Users/rtewelde/airflow_venv/lib/python3.11/site-packages/airflow/example_dags/example_branch_python_dop_operator_3.py took 0.252 seconds
[2024-09-24T00:13:23.108+0100] {processor.py:186} INFO - Started process (PID=77651) to work on /Users/rtewelde/airflow_venv/lib/python3.11/site-packages/airflow/example_dags/example_branch_python_dop_operator_3.py
[2024-09-24T00:13:23.109+0100] {processor.py:914} INFO - Processing file /Users/rtewelde/airflow_venv/lib/python3.11/site-packages/airflow/example_dags/example_branch_python_dop_operator_3.py for tasks to queue
[2024-09-24T00:13:23.111+0100] {logging_mixin.py:190} INFO - [2024-09-24T00:13:23.110+0100] {dagbag.py:588} INFO - Filling up the DagBag from /Users/rtewelde/airflow_venv/lib/python3.11/site-packages/airflow/example_dags/example_branch_python_dop_operator_3.py
[2024-09-24T00:13:23.145+0100] {processor.py:925} INFO - DAG(s) 'example_branch_dop_operator_v3' retrieved from /Users/rtewelde/airflow_venv/lib/python3.11/site-packages/airflow/example_dags/example_branch_python_dop_operator_3.py
[2024-09-24T00:13:23.299+0100] {logging_mixin.py:190} INFO - [2024-09-24T00:13:23.298+0100] {dag.py:3239} INFO - Sync 1 DAGs
[2024-09-24T00:13:23.319+0100] {logging_mixin.py:190} INFO - [2024-09-24T00:13:23.319+0100] {dag.py:4180} INFO - Setting next_dagrun for example_branch_dop_operator_v3 to 2024-09-23 23:12:00+00:00, run_after=2024-09-23 23:13:00+00:00
[2024-09-24T00:13:23.336+0100] {processor.py:208} INFO - Processing /Users/rtewelde/airflow_venv/lib/python3.11/site-packages/airflow/example_dags/example_branch_python_dop_operator_3.py took 0.231 seconds
[2024-09-24T00:17:49.510+0100] {processor.py:186} INFO - Started process (PID=78888) to work on /Users/rtewelde/airflow_venv/lib/python3.11/site-packages/airflow/example_dags/example_branch_python_dop_operator_3.py
[2024-09-24T00:17:49.512+0100] {processor.py:914} INFO - Processing file /Users/rtewelde/airflow_venv/lib/python3.11/site-packages/airflow/example_dags/example_branch_python_dop_operator_3.py for tasks to queue
[2024-09-24T00:17:49.513+0100] {logging_mixin.py:190} INFO - [2024-09-24T00:17:49.513+0100] {dagbag.py:588} INFO - Filling up the DagBag from /Users/rtewelde/airflow_venv/lib/python3.11/site-packages/airflow/example_dags/example_branch_python_dop_operator_3.py
[2024-09-24T00:17:49.546+0100] {processor.py:925} INFO - DAG(s) 'example_branch_dop_operator_v3' retrieved from /Users/rtewelde/airflow_venv/lib/python3.11/site-packages/airflow/example_dags/example_branch_python_dop_operator_3.py
[2024-09-24T00:17:49.695+0100] {logging_mixin.py:190} INFO - [2024-09-24T00:17:49.694+0100] {dag.py:3239} INFO - Sync 1 DAGs
[2024-09-24T00:17:49.715+0100] {logging_mixin.py:190} INFO - [2024-09-24T00:17:49.714+0100] {dag.py:4180} INFO - Setting next_dagrun for example_branch_dop_operator_v3 to 2024-09-23 23:16:00+00:00, run_after=2024-09-23 23:17:00+00:00
[2024-09-24T00:17:49.731+0100] {processor.py:208} INFO - Processing /Users/rtewelde/airflow_venv/lib/python3.11/site-packages/airflow/example_dags/example_branch_python_dop_operator_3.py took 0.224 seconds
[2024-09-24T00:22:19.137+0100] {processor.py:186} INFO - Started process (PID=80130) to work on /Users/rtewelde/airflow_venv/lib/python3.11/site-packages/airflow/example_dags/example_branch_python_dop_operator_3.py
[2024-09-24T00:22:19.137+0100] {processor.py:914} INFO - Processing file /Users/rtewelde/airflow_venv/lib/python3.11/site-packages/airflow/example_dags/example_branch_python_dop_operator_3.py for tasks to queue
[2024-09-24T00:22:19.138+0100] {logging_mixin.py:190} INFO - [2024-09-24T00:22:19.138+0100] {dagbag.py:588} INFO - Filling up the DagBag from /Users/rtewelde/airflow_venv/lib/python3.11/site-packages/airflow/example_dags/example_branch_python_dop_operator_3.py
[2024-09-24T00:22:19.171+0100] {processor.py:925} INFO - DAG(s) 'example_branch_dop_operator_v3' retrieved from /Users/rtewelde/airflow_venv/lib/python3.11/site-packages/airflow/example_dags/example_branch_python_dop_operator_3.py
[2024-09-24T00:22:19.325+0100] {logging_mixin.py:190} INFO - [2024-09-24T00:22:19.325+0100] {dag.py:3239} INFO - Sync 1 DAGs
[2024-09-24T00:22:19.344+0100] {logging_mixin.py:190} INFO - [2024-09-24T00:22:19.344+0100] {dag.py:4180} INFO - Setting next_dagrun for example_branch_dop_operator_v3 to 2024-09-23 23:21:00+00:00, run_after=2024-09-23 23:22:00+00:00
[2024-09-24T00:22:19.363+0100] {processor.py:208} INFO - Processing /Users/rtewelde/airflow_venv/lib/python3.11/site-packages/airflow/example_dags/example_branch_python_dop_operator_3.py took 0.228 seconds
[2024-09-24T00:26:52.841+0100] {processor.py:186} INFO - Started process (PID=81379) to work on /Users/rtewelde/airflow_venv/lib/python3.11/site-packages/airflow/example_dags/example_branch_python_dop_operator_3.py
[2024-09-24T00:26:52.842+0100] {processor.py:914} INFO - Processing file /Users/rtewelde/airflow_venv/lib/python3.11/site-packages/airflow/example_dags/example_branch_python_dop_operator_3.py for tasks to queue
[2024-09-24T00:26:52.843+0100] {logging_mixin.py:190} INFO - [2024-09-24T00:26:52.843+0100] {dagbag.py:588} INFO - Filling up the DagBag from /Users/rtewelde/airflow_venv/lib/python3.11/site-packages/airflow/example_dags/example_branch_python_dop_operator_3.py
[2024-09-24T00:26:52.875+0100] {processor.py:925} INFO - DAG(s) 'example_branch_dop_operator_v3' retrieved from /Users/rtewelde/airflow_venv/lib/python3.11/site-packages/airflow/example_dags/example_branch_python_dop_operator_3.py
[2024-09-24T00:26:53.019+0100] {logging_mixin.py:190} INFO - [2024-09-24T00:26:53.019+0100] {dag.py:3239} INFO - Sync 1 DAGs
[2024-09-24T00:26:53.039+0100] {logging_mixin.py:190} INFO - [2024-09-24T00:26:53.038+0100] {dag.py:4180} INFO - Setting next_dagrun for example_branch_dop_operator_v3 to 2024-09-23 23:25:00+00:00, run_after=2024-09-23 23:26:00+00:00
[2024-09-24T00:26:53.056+0100] {processor.py:208} INFO - Processing /Users/rtewelde/airflow_venv/lib/python3.11/site-packages/airflow/example_dags/example_branch_python_dop_operator_3.py took 0.217 seconds
[2024-09-24T00:31:27.055+0100] {processor.py:186} INFO - Started process (PID=82649) to work on /Users/rtewelde/airflow_venv/lib/python3.11/site-packages/airflow/example_dags/example_branch_python_dop_operator_3.py
[2024-09-24T00:31:27.056+0100] {processor.py:914} INFO - Processing file /Users/rtewelde/airflow_venv/lib/python3.11/site-packages/airflow/example_dags/example_branch_python_dop_operator_3.py for tasks to queue
[2024-09-24T00:31:27.058+0100] {logging_mixin.py:190} INFO - [2024-09-24T00:31:27.058+0100] {dagbag.py:588} INFO - Filling up the DagBag from /Users/rtewelde/airflow_venv/lib/python3.11/site-packages/airflow/example_dags/example_branch_python_dop_operator_3.py
[2024-09-24T00:31:27.092+0100] {processor.py:925} INFO - DAG(s) 'example_branch_dop_operator_v3' retrieved from /Users/rtewelde/airflow_venv/lib/python3.11/site-packages/airflow/example_dags/example_branch_python_dop_operator_3.py
[2024-09-24T00:31:27.240+0100] {logging_mixin.py:190} INFO - [2024-09-24T00:31:27.239+0100] {dag.py:3239} INFO - Sync 1 DAGs
[2024-09-24T00:31:27.259+0100] {logging_mixin.py:190} INFO - [2024-09-24T00:31:27.259+0100] {dag.py:4180} INFO - Setting next_dagrun for example_branch_dop_operator_v3 to 2024-09-23 23:30:00+00:00, run_after=2024-09-23 23:31:00+00:00
[2024-09-24T00:31:27.275+0100] {processor.py:208} INFO - Processing /Users/rtewelde/airflow_venv/lib/python3.11/site-packages/airflow/example_dags/example_branch_python_dop_operator_3.py took 0.223 seconds
[2024-09-24T00:35:56.355+0100] {processor.py:186} INFO - Started process (PID=83898) to work on /Users/rtewelde/airflow_venv/lib/python3.11/site-packages/airflow/example_dags/example_branch_python_dop_operator_3.py
[2024-09-24T00:35:56.356+0100] {processor.py:914} INFO - Processing file /Users/rtewelde/airflow_venv/lib/python3.11/site-packages/airflow/example_dags/example_branch_python_dop_operator_3.py for tasks to queue
[2024-09-24T00:35:56.357+0100] {logging_mixin.py:190} INFO - [2024-09-24T00:35:56.357+0100] {dagbag.py:588} INFO - Filling up the DagBag from /Users/rtewelde/airflow_venv/lib/python3.11/site-packages/airflow/example_dags/example_branch_python_dop_operator_3.py
[2024-09-24T00:35:56.389+0100] {processor.py:925} INFO - DAG(s) 'example_branch_dop_operator_v3' retrieved from /Users/rtewelde/airflow_venv/lib/python3.11/site-packages/airflow/example_dags/example_branch_python_dop_operator_3.py
[2024-09-24T00:35:56.534+0100] {logging_mixin.py:190} INFO - [2024-09-24T00:35:56.533+0100] {dag.py:3239} INFO - Sync 1 DAGs
[2024-09-24T00:35:56.555+0100] {logging_mixin.py:190} INFO - [2024-09-24T00:35:56.555+0100] {dag.py:4180} INFO - Setting next_dagrun for example_branch_dop_operator_v3 to 2024-09-23 23:34:00+00:00, run_after=2024-09-23 23:35:00+00:00
[2024-09-24T00:35:56.572+0100] {processor.py:208} INFO - Processing /Users/rtewelde/airflow_venv/lib/python3.11/site-packages/airflow/example_dags/example_branch_python_dop_operator_3.py took 0.220 seconds
[2024-09-24T00:40:25.635+0100] {processor.py:186} INFO - Started process (PID=85135) to work on /Users/rtewelde/airflow_venv/lib/python3.11/site-packages/airflow/example_dags/example_branch_python_dop_operator_3.py
[2024-09-24T00:40:25.636+0100] {processor.py:914} INFO - Processing file /Users/rtewelde/airflow_venv/lib/python3.11/site-packages/airflow/example_dags/example_branch_python_dop_operator_3.py for tasks to queue
[2024-09-24T00:40:25.637+0100] {logging_mixin.py:190} INFO - [2024-09-24T00:40:25.637+0100] {dagbag.py:588} INFO - Filling up the DagBag from /Users/rtewelde/airflow_venv/lib/python3.11/site-packages/airflow/example_dags/example_branch_python_dop_operator_3.py
[2024-09-24T00:40:25.669+0100] {processor.py:925} INFO - DAG(s) 'example_branch_dop_operator_v3' retrieved from /Users/rtewelde/airflow_venv/lib/python3.11/site-packages/airflow/example_dags/example_branch_python_dop_operator_3.py
[2024-09-24T00:40:25.815+0100] {logging_mixin.py:190} INFO - [2024-09-24T00:40:25.814+0100] {dag.py:3239} INFO - Sync 1 DAGs
[2024-09-24T00:40:25.834+0100] {logging_mixin.py:190} INFO - [2024-09-24T00:40:25.834+0100] {dag.py:4180} INFO - Setting next_dagrun for example_branch_dop_operator_v3 to 2024-09-23 23:39:00+00:00, run_after=2024-09-23 23:40:00+00:00
[2024-09-24T00:40:25.852+0100] {processor.py:208} INFO - Processing /Users/rtewelde/airflow_venv/lib/python3.11/site-packages/airflow/example_dags/example_branch_python_dop_operator_3.py took 0.219 seconds
[2024-09-24T00:44:53.405+0100] {processor.py:186} INFO - Started process (PID=86373) to work on /Users/rtewelde/airflow_venv/lib/python3.11/site-packages/airflow/example_dags/example_branch_python_dop_operator_3.py
[2024-09-24T00:44:53.406+0100] {processor.py:914} INFO - Processing file /Users/rtewelde/airflow_venv/lib/python3.11/site-packages/airflow/example_dags/example_branch_python_dop_operator_3.py for tasks to queue
[2024-09-24T00:44:53.407+0100] {logging_mixin.py:190} INFO - [2024-09-24T00:44:53.407+0100] {dagbag.py:588} INFO - Filling up the DagBag from /Users/rtewelde/airflow_venv/lib/python3.11/site-packages/airflow/example_dags/example_branch_python_dop_operator_3.py
[2024-09-24T00:44:53.439+0100] {processor.py:925} INFO - DAG(s) 'example_branch_dop_operator_v3' retrieved from /Users/rtewelde/airflow_venv/lib/python3.11/site-packages/airflow/example_dags/example_branch_python_dop_operator_3.py
[2024-09-24T00:44:53.593+0100] {logging_mixin.py:190} INFO - [2024-09-24T00:44:53.592+0100] {dag.py:3239} INFO - Sync 1 DAGs
[2024-09-24T00:44:53.614+0100] {logging_mixin.py:190} INFO - [2024-09-24T00:44:53.614+0100] {dag.py:4180} INFO - Setting next_dagrun for example_branch_dop_operator_v3 to 2024-09-23 23:43:00+00:00, run_after=2024-09-23 23:44:00+00:00
[2024-09-24T00:44:53.630+0100] {processor.py:208} INFO - Processing /Users/rtewelde/airflow_venv/lib/python3.11/site-packages/airflow/example_dags/example_branch_python_dop_operator_3.py took 0.228 seconds
[2024-09-24T00:49:22.987+0100] {processor.py:186} INFO - Started process (PID=87616) to work on /Users/rtewelde/airflow_venv/lib/python3.11/site-packages/airflow/example_dags/example_branch_python_dop_operator_3.py
[2024-09-24T00:49:22.987+0100] {processor.py:914} INFO - Processing file /Users/rtewelde/airflow_venv/lib/python3.11/site-packages/airflow/example_dags/example_branch_python_dop_operator_3.py for tasks to queue
[2024-09-24T00:49:22.989+0100] {logging_mixin.py:190} INFO - [2024-09-24T00:49:22.988+0100] {dagbag.py:588} INFO - Filling up the DagBag from /Users/rtewelde/airflow_venv/lib/python3.11/site-packages/airflow/example_dags/example_branch_python_dop_operator_3.py
[2024-09-24T00:49:23.022+0100] {processor.py:925} INFO - DAG(s) 'example_branch_dop_operator_v3' retrieved from /Users/rtewelde/airflow_venv/lib/python3.11/site-packages/airflow/example_dags/example_branch_python_dop_operator_3.py
[2024-09-24T00:49:23.165+0100] {logging_mixin.py:190} INFO - [2024-09-24T00:49:23.165+0100] {dag.py:3239} INFO - Sync 1 DAGs
[2024-09-24T00:49:23.185+0100] {logging_mixin.py:190} INFO - [2024-09-24T00:49:23.185+0100] {dag.py:4180} INFO - Setting next_dagrun for example_branch_dop_operator_v3 to 2024-09-23 23:48:00+00:00, run_after=2024-09-23 23:49:00+00:00
[2024-09-24T00:49:23.205+0100] {processor.py:208} INFO - Processing /Users/rtewelde/airflow_venv/lib/python3.11/site-packages/airflow/example_dags/example_branch_python_dop_operator_3.py took 0.221 seconds
[2024-09-24T00:53:53.990+0100] {processor.py:186} INFO - Started process (PID=88884) to work on /Users/rtewelde/airflow_venv/lib/python3.11/site-packages/airflow/example_dags/example_branch_python_dop_operator_3.py
[2024-09-24T00:53:53.992+0100] {processor.py:914} INFO - Processing file /Users/rtewelde/airflow_venv/lib/python3.11/site-packages/airflow/example_dags/example_branch_python_dop_operator_3.py for tasks to queue
[2024-09-24T00:53:53.993+0100] {logging_mixin.py:190} INFO - [2024-09-24T00:53:53.993+0100] {dagbag.py:588} INFO - Filling up the DagBag from /Users/rtewelde/airflow_venv/lib/python3.11/site-packages/airflow/example_dags/example_branch_python_dop_operator_3.py
[2024-09-24T00:53:54.026+0100] {processor.py:925} INFO - DAG(s) 'example_branch_dop_operator_v3' retrieved from /Users/rtewelde/airflow_venv/lib/python3.11/site-packages/airflow/example_dags/example_branch_python_dop_operator_3.py
[2024-09-24T00:53:54.171+0100] {logging_mixin.py:190} INFO - [2024-09-24T00:53:54.171+0100] {dag.py:3239} INFO - Sync 1 DAGs
[2024-09-24T00:53:54.195+0100] {logging_mixin.py:190} INFO - [2024-09-24T00:53:54.195+0100] {dag.py:4180} INFO - Setting next_dagrun for example_branch_dop_operator_v3 to 2024-09-23 23:52:00+00:00, run_after=2024-09-23 23:53:00+00:00
[2024-09-24T00:53:54.215+0100] {processor.py:208} INFO - Processing /Users/rtewelde/airflow_venv/lib/python3.11/site-packages/airflow/example_dags/example_branch_python_dop_operator_3.py took 0.227 seconds
[2024-09-24T00:58:26.252+0100] {processor.py:186} INFO - Started process (PID=90147) to work on /Users/rtewelde/airflow_venv/lib/python3.11/site-packages/airflow/example_dags/example_branch_python_dop_operator_3.py
[2024-09-24T00:58:26.253+0100] {processor.py:914} INFO - Processing file /Users/rtewelde/airflow_venv/lib/python3.11/site-packages/airflow/example_dags/example_branch_python_dop_operator_3.py for tasks to queue
[2024-09-24T00:58:26.254+0100] {logging_mixin.py:190} INFO - [2024-09-24T00:58:26.254+0100] {dagbag.py:588} INFO - Filling up the DagBag from /Users/rtewelde/airflow_venv/lib/python3.11/site-packages/airflow/example_dags/example_branch_python_dop_operator_3.py
[2024-09-24T00:58:26.287+0100] {processor.py:925} INFO - DAG(s) 'example_branch_dop_operator_v3' retrieved from /Users/rtewelde/airflow_venv/lib/python3.11/site-packages/airflow/example_dags/example_branch_python_dop_operator_3.py
[2024-09-24T00:58:26.432+0100] {logging_mixin.py:190} INFO - [2024-09-24T00:58:26.431+0100] {dag.py:3239} INFO - Sync 1 DAGs
[2024-09-24T00:58:26.451+0100] {logging_mixin.py:190} INFO - [2024-09-24T00:58:26.451+0100] {dag.py:4180} INFO - Setting next_dagrun for example_branch_dop_operator_v3 to 2024-09-23 23:57:00+00:00, run_after=2024-09-23 23:58:00+00:00
[2024-09-24T00:58:26.469+0100] {processor.py:208} INFO - Processing /Users/rtewelde/airflow_venv/lib/python3.11/site-packages/airflow/example_dags/example_branch_python_dop_operator_3.py took 0.219 seconds
